1722977837:[MAIN  ,0007]buoy 467.174-T-0100
1722977837:[MAIN  ,0055]soft pilotage 467.174.300_V2.67-20230503
1722977837:[MAIN  ,0010]cycle 43
1722977837:[SURF  ,0225]surface2
1722977850:[SURF  ,0022]GPS fix...
1722977860:[GPSFIX,0123]<WARN>GPRMC ms=510 #1
1722977880:[SURF  ,0015]10 PPS detected...
1722977881:[MRMAID,0052]$GPSACK:+0,+0,+0,+0,+0,+1,-999938;
1722977891:[MRMAID,0052]$GPSOFF:3686330;
1722977892:[GPSFIX,0179]-1s diff
1722977893:[SURF  ,0222]2024-08-06T20:58:13
1722977893:[SURF  ,0082]N29deg12.017mn, E138deg08.408mn
1722977893:[SURF  ,0084]hdop 0.750, vdop 1.420
1722977903:[SURF  ,0025]Iridium...
1722977935:[SURF  ,0009]connected in 32s, signal quality 5
1722978090:[SURF  ,0218]prompt received, remote cmd end
1722978090:[SURF  ,0012]32 cmd(s) received
1722978113:[UPLOAD,0248]Upload data files...
1722978156:[UPLOAD,0231]"0100/66B22529.S61" uploaded at 100bytes/s
1722978295:[ZIO   ,0240]"NO CARRIER" received, aborting
1722978315:[SURF  ,0014]disconnected after 412s
1722978320:[SURFIN,0020]filling external bladder
1722978322:[PUMP  ,0016]pump during 30000ms
1722978326:[PUMP  ,0212]battery 13770mV, 1029314uA (steady state), P   +180mbar
1722978326:[PUMP  ,0019]external bladder full
1722978326:[SURF  ,0069]transfer interrupted , retry
1722978337:[SURF  ,0022]GPS fix...
1722978357:[SURF  ,0015]10 PPS detected...
1722978358:[MRMAID,0052]$GPSACK:+0,+0,+0,+0,+0,+0,+0;
1722978368:[MRMAID,0052]$GPSOFF:3686329;
1722978370:[GPSFIX,0179]-1s diff
1722978371:[SURF  ,0222]2024-08-06T21:06:11
1722978371:[SURF  ,0082]N29deg12.056mn, E138deg08.430mn
1722978371:[SURF  ,0084]hdop 0.590, vdop 1.100
1722978381:[SURF  ,0025]Iridium...
1722978411:[SURF  ,0009]connected in 30s, signal quality 3
1722978526:[SURF  ,0218]prompt received, remote cmd end
1722978526:[SURF  ,0012]21 cmd(s) received
1722978544:[UPLOAD,0248]Upload data files...
1722978910:[ZIO   ,0240]"NO CARRIER" received, aborting
1722978931:[SURF  ,0014]disconnected after 550s
1722978936:[SURFIN,0020]filling external bladder
1722978937:[PUMP  ,0019]external bladder full
1722978937:[SURF  ,0069]transfer interrupted , retry
1722978948:[SURF  ,0022]GPS fix...
1722978969:[SURF  ,0015]10 PPS detected...
1722978970:[MRMAID,0052]$GPSACK:+0,+0,+0,+0,+0,+0,-61;
1722978980:[MRMAID,0052]$GPSOFF:3686329;
1722978982:[GPSFIX,0179]-1s diff
1722978983:[SURF  ,0222]2024-08-06T21:16:23
1722978983:[SURF  ,0082]N29deg12.090mn, E138deg08.451mn
1722978983:[SURF  ,0084]hdop 0.590, vdop 1.080
1722978993:[SURF  ,0025]Iridium...
1722979191:[SURF  ,0023]<WARN>failed to connect #1, code -8, net 1, qual 5, dial 1
1722979239:[SURF  ,0009]connected in 246s, signal quality 5
1722979375:[SURF  ,0218]prompt received, remote cmd end
1722979375:[SURF  ,0012]21 cmd(s) received
1722979395:[UPLOAD,0248]Upload data files...
1722979674:[SURF  ,0014]disconnected after 681s
1722979679:[SURFIN,0020]filling external bladder
1722979680:[PUMP  ,0019]external bladder full
1722979680:[SURF  ,0069]transfer interrupted , retry
1722979691:[SURF  ,0022]GPS fix...
1722979711:[SURF  ,0015]10 PPS detected...
1722979712:[MRMAID,0052]$GPSACK:+0,+0,+0,+0,+0,+1,-999908;
1722979722:[MRMAID,0052]$GPSOFF:3686328;
1722979724:[GPSFIX,0179]-1s diff
1722979725:[SURF  ,0222]2024-08-06T21:28:45
1722979725:[SURF  ,0082]N29deg12.125mn, E138deg08.481mn
1722979725:[SURF  ,0084]hdop 0.610, vdop 1.260
1722979735:[SURF  ,0025]Iridium...
1722979764:[SURF  ,0009]connected in 29s, signal quality 5
1722979890:[SURF  ,0218]prompt received, remote cmd end
1722979890:[SURF  ,0012]22 cmd(s) received
1722979910:[UPLOAD,0248]Upload data files...
1722980188:[SURF  ,0014]disconnected after 453s
1722980193:[SURFIN,0020]filling external bladder
1722980194:[PUMP  ,0019]external bladder full
1722980194:[SURF  ,0069]transfer interrupted , retry
1722980205:[SURF  ,0022]GPS fix...
1722980225:[SURF  ,0015]10 PPS detected...
1722980226:[MRMAID,0052]$GPSACK:+0,+0,+0,+0,+0,+0,+0;
1722980236:[MRMAID,0052]$GPSOFF:3686328;
1722980239:[GPSFIX,0179]+0s diff
1722980239:[SURF  ,0222]2024-08-06T21:37:19
1722980239:[SURF  ,0082]N29deg12.147mn, E138deg08.494mn
1722980239:[SURF  ,0084]hdop 0.620, vdop 1.150
1722980249:[SURF  ,0025]Iridium...
1722980250:[MODEM ,0347]<ERR>ping error
1722980250:[SURF  ,0023]<WARN>failed to connect #1, code -1, net -1, qual -1, dial -1
1722980303:[SURF  ,0009]connected in 54s, signal quality 5
1722980401:[SURF  ,0218]prompt received, remote cmd end
1722980401:[SURF  ,0012]21 cmd(s) received
1722980423:[UPLOAD,0248]Upload data files...
1722981099:[SURF  ,0014]disconnected after 850s
1722981104:[SURFIN,0020]filling external bladder
1722981105:[PUMP  ,0019]external bladder full
1722981105:[SURF  ,0069]transfer interrupted , retry
1722981116:[SURF  ,0022]GPS fix...
1722981137:[SURF  ,0015]10 PPS detected...
1722981138:[MRMAID,0052]$GPSACK:+0,+0,+0,+0,+0,+1,-999816;
1722981148:[MRMAID,0052]$GPSOFF:3686327;
1722981150:[GPSFIX,0179]-1s diff
1722981151:[SURF  ,0222]2024-08-06T21:52:31
1722981151:[SURF  ,0082]N29deg12.183mn, E138deg08.511mn
1722981151:[SURF  ,0084]hdop 0.610, vdop 0.960
1722981161:[SURF  ,0025]Iridium...
1722981375:[SURF  ,0023]<WARN>failed to connect #1, code -8, net 1, qual 5, dial 1
1722981383:[MODEM ,0347]<ERR>ping error
1722981383:[SURF  ,0023]<WARN>failed to connect #2, code -1, net -1, qual -1, dial -1
1722981431:[SURF  ,0009]connected in 270s, signal quality 5
1722981549:[SURF  ,0218]prompt received, remote cmd end
1722981549:[SURF  ,0012]21 cmd(s) received
1722981571:[UPLOAD,0248]Upload data files...
1722982425:[ZIO   ,0085]<ERR>grabber not running (-1)
1722982431:[SURF  ,0014]disconnected after 1270s
1722982436:[SURFIN,0020]filling external bladder
1722982437:[PUMP  ,0019]external bladder full
1722982437:[SURF  ,0069]transfer interrupted , retry
1722982448:[SURF  ,0022]GPS fix...
1722982468:[SURF  ,0015]10 PPS detected...
1722982469:[MRMAID,0052]$GPSACK:+0,+0,+0,+0,+0,+1,-999847;
1722982479:[MRMAID,0052]$GPSOFF:3686326;
1722982481:[GPSFIX,0179]-1s diff
1722982482:[SURF  ,0222]2024-08-06T22:14:42
1722982482:[SURF  ,0082]N29deg12.200mn, E138deg08.541mn
1722982482:[SURF  ,0084]hdop 0.550, vdop 1.000
1722982492:[SURF  ,0025]Iridium...
1722982522:[SURF  ,0009]connected in 30s, signal quality 3
1722982582:[SURF  ,0071]<WARN>timeout
1722982582:[SURF  ,0056]<WARN>peer mute
1722982587:[SURF  ,0014]disconnected after 95s
1722982592:[SURFIN,0020]filling external bladder
1722982593:[PUMP  ,0016]pump during 30000ms
1722982596:[PUMP  ,0212]battery 13908mV, 1003694uA (steady state), P   +180mbar
1722982596:[PUMP  ,0019]external bladder full
1722982596:[SURF  ,0069]transfer interrupted , retry
1722982608:[SURF  ,0022]GPS fix...
1722982628:[SURF  ,0015]10 PPS detected...
1722982629:[MRMAID,0052]$GPSACK:+0,+0,+0,+0,+0,+0,-30;
1722982639:[MRMAID,0052]$GPSOFF:3686326;
1722982642:[GPSFIX,0179]+0s diff
1722982642:[SURF  ,0222]2024-08-06T22:17:22
1722982642:[SURF  ,0082]N29deg12.197mn, E138deg08.551mn
1722982642:[SURF  ,0084]hdop 0.510, vdop 0.970
1722982652:[SURF  ,0025]Iridium...
1722982685:[SURF  ,0009]connected in 33s, signal quality 5
1722982969:[SURF  ,0218]prompt received, remote cmd end
1722982969:[SURF  ,0012]96 cmd(s) received
1722982992:[UPLOAD,0248]Upload data files...
1722983198:[SURF  ,0014]disconnected after 546s
1722983203:[SURFIN,0020]filling external bladder
1722983204:[PUMP  ,0019]external bladder full
1722983204:[SURF  ,0069]transfer interrupted , retry
1722983216:[SURF  ,0022]GPS fix...
1722983236:[SURF  ,0015]10 PPS detected...
1722983237:[MRMAID,0052]$GPSACK:+0,+0,+0,+0,+0,+0,-30;
1722983247:[MRMAID,0052]$GPSOFF:3686326;
1722983249:[GPSFIX,0179]-1s diff
1722983250:[SURF  ,0222]2024-08-06T22:27:30
1722983250:[SURF  ,0082]N29deg12.185mn, E138deg08.579mn
1722983250:[SURF  ,0084]hdop 0.520, vdop 0.950
1722983260:[SURF  ,0025]Iridium...
1722983260:[MODEM ,0347]<ERR>ping error
1722983261:[SURF  ,0023]<WARN>failed to connect #1, code -1, net -1, qual -1, dial -1
1722983268:[MODEM ,0347]<ERR>ping error
1722983268:[SURF  ,0023]<WARN>failed to connect #2, code -1, net -1, qual -1, dial -1
1722983296:[SURF  ,0023]<WARN>failed to connect #3, code -5, net 4, qual -1, dial -1
1722983350:[SURF  ,0009]connected in 90s, signal quality 4
1722983557:[SURF  ,0218]prompt received, remote cmd end
1722983557:[SURF  ,0012]82 cmd(s) received
1722983579:[UPLOAD,0248]Upload data files...
1722984200:[UPLOAD,0231]"0100/66B28C92.MER" uploaded at 87bytes/s
1722984812:[SURF  ,0014]disconnected after 1552s
1722984817:[SURFIN,0020]filling external bladder
1722984818:[PUMP  ,0019]external bladder full
1722984818:[SURF  ,0069]transfer interrupted , retry
1722984830:[SURF  ,0022]GPS fix...
1722984850:[SURF  ,0015]10 PPS detected...
1722984851:[MRMAID,0052]$GPSACK:+0,+0,+0,+0,+0,+1,-999755;
1722984861:[MRMAID,0052]$GPSOFF:3686325;
1722984863:[GPSFIX,0179]-1s diff
1722984864:[SURF  ,0222]2024-08-06T22:54:24
1722984864:[SURF  ,0082]N29deg12.108mn, E138deg08.649mn
1722984864:[SURF  ,0084]hdop 0.540, vdop 1.000
1722984874:[SURF  ,0025]Iridium...
1722984927:[SURF  ,0009]connected in 53s, signal quality 2
1722985107:[SURF  ,0218]prompt received, remote cmd end
1722985107:[SURF  ,0012]89 cmd(s) received
1722985129:[UPLOAD,0248]Upload data files...
1722985402:[SURF  ,0014]disconnected after 528s
1722985407:[SURFIN,0020]filling external bladder
1722985408:[PUMP  ,0019]external bladder full
1722985409:[SURF  ,0069]transfer interrupted , retry
1722985420:[SURF  ,0022]GPS fix...
1722985440:[SURF  ,0015]10 PPS detected...
1722985441:[MRMAID,0052]$GPSACK:+0,+0,+0,+0,+0,+0,+0;
1722985451:[MRMAID,0052]$GPSOFF:3686325;
1722985453:[GPSFIX,0179]-1s diff
1722985454:[SURF  ,0222]2024-08-06T23:04:14
1722985454:[SURF  ,0082]N29deg12.072mn, E138deg08.669mn
1722985454:[SURF  ,0084]hdop 0.560, vdop 1.180
1722985464:[SURF  ,0025]Iridium...
1722985668:[SURF  ,0023]<WARN>failed to connect #1, code -8, net 1, qual 5, dial 1
1722985714:[SURF  ,0009]connected in 250s, signal quality 4
1722985819:[SURF  ,0218]prompt received, remote cmd end
1722985819:[SURF  ,0012]21 cmd(s) received
1722985839:[UPLOAD,0248]Upload data files...
1722986160:[SURF  ,0014]disconnected after 696s
1722986165:[SURFIN,0020]filling external bladder
1722986167:[PUMP  ,0019]external bladder full
1722986167:[SURF  ,0069]transfer interrupted , retry
1722986178:[SURF  ,0022]GPS fix...
1722986198:[SURF  ,0015]10 PPS detected...
1722986199:[MRMAID,0052]$GPSACK:+0,+0,+0,+0,+0,+1,-999938;
1722986209:[MRMAID,0052]$GPSOFF:3686324;
1722986211:[GPSFIX,0179]-1s diff
1722986212:[SURF  ,0222]2024-08-06T23:16:52
1722986212:[SURF  ,0082]N29deg12.018mn, E138deg08.691mn
1722986212:[SURF  ,0084]hdop 0.540, vdop 1.070
1722986222:[SURF  ,0025]Iridium...
1722986421:[SURF  ,0023]<WARN>failed to connect #1, code -8, net 1, qual 5, dial 1
1722986472:[SURF  ,0009]connected in 250s, signal quality 3
1722986603:[SURF  ,0218]prompt received, remote cmd end
1722986603:[SURF  ,0012]23 cmd(s) received
1722986627:[UPLOAD,0248]Upload data files...
1722986954:[SURF  ,0014]disconnected after 732s
1722986959:[SURFIN,0020]filling external bladder
1722986961:[PUMP  ,0019]external bladder full
1722986961:[SURF  ,0069]transfer interrupted , retry
1722986972:[SURF  ,0022]GPS fix...
1722986992:[SURF  ,0015]10 PPS detected...
1722986993:[MRMAID,0052]$GPSACK:+0,+0,+0,+0,+0,+0,-61;
1722987003:[MRMAID,0052]$GPSOFF:3686324;
1722987005:[GPSFIX,0179]-1s diff
1722987006:[SURF  ,0222]2024-08-06T23:30:06
1722987006:[SURF  ,0082]N29deg11.949mn, E138deg08.681mn
1722987006:[SURF  ,0084]hdop 0.570, vdop 1.150
1722987016:[SURF  ,0025]Iridium...
1722987053:[SURF  ,0009]connected in 37s, signal quality 5
1722987179:[SURF  ,0218]prompt received, remote cmd end
1722987179:[SURF  ,0012]21 cmd(s) received
1722987199:[UPLOAD,0248]Upload data files...
1722987419:[SURF  ,0014]disconnected after 403s
1722987424:[SURFIN,0020]filling external bladder
1722987426:[PUMP  ,0019]external bladder full
1722987426:[SURF  ,0069]transfer interrupted , retry
1722987437:[SURF  ,0022]GPS fix...
1722987457:[SURF  ,0015]10 PPS detected...
1722987458:[MRMAID,0052]$GPSACK:+0,+0,+0,+0,+0,+0,-30;
1722987468:[MRMAID,0052]$GPSOFF:3686324;
1722987470:[GPSFIX,0179]-1s diff
1722987471:[SURF  ,0222]2024-08-06T23:37:51
1722987471:[SURF  ,0082]N29deg11.910mn, E138deg08.673mn
1722987471:[SURF  ,0084]hdop 0.560, vdop 1.110
1722987481:[SURF  ,0025]Iridium...
1722987521:[SURF  ,0009]connected in 40s, signal quality 3
1722987653:[SURF  ,0218]prompt received, remote cmd end
1722987653:[SURF  ,0012]22 cmd(s) received
1722987673:[UPLOAD,0248]Upload data files...
1722987753:[UPLOAD,0231]"0100/66A55EAD.BIN" uploaded at 141bytes/s
1722987767:[MAIN  ,0013]1 file(s) uploaded
1722987798:[SURF  ,0014]disconnected after 317s
1722987803:[SURF  ,0227]1st complete transfer
1722987803:[SURF  ,0226]Go dive
1722987814:[SURF  ,0022]GPS fix...
1722987816:[GPSFIX,0123]<WARN>GPRMC ms=150 #1
1722987836:[SURF  ,0015]10 PPS detected...
1722987837:[MRMAID,0052]$GPSACK:+0,+0,+0,+0,+0,+0,+0;
1722987847:[MRMAID,0052]$GPSOFF:3686324;
1722987849:[GPSFIX,0179]-1s diff
1722987850:[SURF  ,0222]2024-08-06T23:44:10
1722987850:[SURF  ,0082]N29deg11.878mn, E138deg08.667mn
1722987850:[SURF  ,0084]hdop 0.580, vdop 0.960
1722987867:[MAIN  ,0024]internal pressure 79898Pa
1722987868:[BYCMD ,0120]    bypass 20000ms 120000ms (20000ms 60000ms stored)
1722987868:[BYCMD ,0121]    valve 60000ms 12750 (60000ms 12750 stored)
1722987868:[BYCMD ,0376]    pump 60000ms 2832 8320 418 (60000ms 2832 8320 418 stored)
1722987868:[BYCMD ,0123]    rate 2mbar/s (2mbar/s stored)
1722987868:[BYCMD ,0124]    surface 500mbar (500mbar stored)
1722987868:[BYCMD ,0173]    near 7000mbar 2:2:3mbar/s (15000mbar 2:2:3mbar/s stored)
1722987868:[BYCMD ,0380]    middle 6mbar/s (6mbar/s stored)
1722987868:[BYCMD ,0126]    far 25000mbar 9mbar/s (25000mbar 9mbar/s stored)
1722987868:[BYCMD ,0127]    ascent 10mbar/s (10mbar/s stored)
1722987868:[BYCMD ,0128]    dead 300s (300s stored)
1722987868:[BYCMD ,0129]    coeff 16/10 (16/10 stored)
1722987868:[BYCMD ,0130]    stab 10 (10 stored)
1722987868:[BYCMD ,0131]    delay 900s 18000s (900s 3600s stored)
1722987868:[BYCMD ,0132]    mmtime 14400min (2880min stored)
1722987868:[BYCMD ,0133]    dv_landing 100ml (100ml stored)
1722987868:[BYCMD ,0381]    landing confirmation 5 (5 stored)
1722987868:[BYCMD ,0379]    cycle nb 1 (1 stored)
1722987868:[P2TCMD,0150]    p2t37: 15x2000ms, offset 191mbar
1722987869:[P2TCMD,0151]    p2t37: dp 5000mbar, dt 1000000mdegC
1722987869:[STAGE ,0080]Stage [0] 200000mbar (+/-5000mbar) 25200s (<25200s) 
1722987869:[STAGE ,0080]Stage [1] 200000mbar (+/-5000mbar) 788400s (<813600s) MERMAID SBE61 
1722987869:[PROFIL,0302]    manual_profil=1
1722987869:[PROFIL,0303]    manual_profil_rate=1 hours
1722987869:[STAGE ,0080]Stage [2] 250000mbar (+/-5000mbar) 14400s (<828000s) 
1722987869:[STAGE ,0091]Stage [3] surfacing 36000s (<864000s) SBE61 
1722987869:[PROFIL,0284]    speed_detection=1
1722987869:[PROFIL,0285]    bin_average_output=1
1722987869:[PROFIL,0287]    include_transition_bin=1
1722987869:[PROFIL,0304]    include_nbin=1
1722987869:[PROFIL,0301]    load_test_sample=0
1722987869:[PROFIL,0288]    p_cut_off=2dbar
1722987869:[PROFIL,0289]    top_bin_interval=2dbar
1722987869:[PROFIL,0290]    top_bin_size=2dbar
1722987869:[PROFIL,0291]    top_bin_max=500dbar
1722987869:[PROFIL,0292]    middle_bin_interval=10dbar
1722987869:[PROFIL,0293]    middle_bin_size=10dbar
1722987869:[PROFIL,0294]    middle_bin_max=2500dbar
1722987869:[PROFIL,0295]    bottom_bin_interval=50dbar
1722987869:[PROFIL,0296]    bottom_bin_size=50dbar
1722987869:[PROFIL,0297]    pump_time=0s
1722987869:[PROFIL,0298]    speed_start=2mbar/s
1722987869:[PROFIL,0299]    speed_control=10mbar/s
1722987869:[MAIN  ,0070]turn off bluetooth
1722987897:[DIVING,0141]diving from -11mbar, +1mbar/s
1722987897:[BYPASS,0035]bypass opening 120000ms
1722987902:[BYPASS,0104]battery 14723mV,  253150uA (bypass opening), P    -11mbar
1722988027:[BYPASS,0106]battery 14710mV,  289384uA (bypass closing), P    -11mbar
1722988053:[BYPASS,0035]bypass opening 20000ms
1722988058:[BYPASS,0104]battery 14777mV,  249490uA (bypass opening), P   -191mbar
1722988084:[BYPASS,0106]battery 14711mV,  288164uA (bypass closing), P   -191mbar
1722988294:[DIVING,0028]509mbar reached (+4mbar/s), 2 bypass done
1722988295:[MAIN  ,0056]stage[0]
1722988297:[MAIN  ,0024]internal pressure 83320Pa
1722988298:[BUOY  ,0037]P   +529mbar
1722988300:[BUOY  ,0087]from +4mbar/s to +9mbar/s
1722988300:[BUOY  ,0090]need to transfer -104mL (valve during 57652ms)
1722988300:[VALVE ,0034]valve opening 57652ms
1722988357:[VALVE ,0234]battery 14487mV,  466406uA, P   +549mbar
1722988925:[PRESS ,0038]P  +5169mbar,T+32767mdegC
1722988950:[BUOY  ,0087]from +7mbar/s to +9mbar/s
1722988950:[BUOY  ,0090]need to transfer -52mL (valve during 9082ms)
1722988950:[VALVE ,0034]valve opening 9082ms
1722988959:[VALVE ,0234]battery 14506mV,  466650uA, P  +5349mbar
1722989275:[BUOY  ,0087]from +6mbar/s to +9mbar/s
1722989275:[BUOY  ,0090]need to transfer -72mL (valve during 10552ms)
1722989275:[VALVE ,0034]valve opening 10552ms
1722989285:[VALVE ,0234]battery 14503mV,  466284uA, P  +7669mbar
1722989579:[PRESS ,0038]P +10189mbar,T+32767mdegC
1722989600:[BUOY  ,0087]from +7mbar/s to +9mbar/s
1722989600:[BUOY  ,0090]need to transfer -52mL (valve during 6564ms)
1722989600:[VALVE ,0034]valve opening 6564ms
1722989607:[VALVE ,0234]battery 14500mV,  466040uA, P +10319mbar
1722989925:[BUOY  ,0087]from +7mbar/s to +9mbar/s
1722989925:[BUOY  ,0090]need to transfer -52mL (valve during 5920ms)
1722989925:[VALVE ,0034]valve opening 5920ms
1722989931:[VALVE ,0234]battery 14496mV,  466040uA, P +12709mbar
1722990225:[PRESS ,0038]P +15349mbar,T+32767mdegC
1722990875:[PRESS ,0038]P +21119mbar,T+32767mdegC
1722991525:[PRESS ,0038]P +26399mbar,T+32767mdegC
1722991550:[BUOY  ,0087]from +7mbar/s to +9mbar/s
1722991550:[BUOY  ,0090]need to transfer -52mL (valve during 4067ms)
1722991550:[VALVE ,0034]valve opening 4067ms
1722991554:[VALVE ,0234]battery 14453mV,  466650uA, P +26569mbar
1722992175:[PRESS ,0038]P +32379mbar,T+32767mdegC
1722992825:[PRESS ,0038]P +38289mbar,T+32767mdegC
1722993474:[PRESS ,0038]P +43859mbar,T+32767mdegC
1722994124:[PRESS ,0038]P +49619mbar,T+32767mdegC
1722994474:[BUOY  ,0087]from +7mbar/s to +9mbar/s
1722994474:[BUOY  ,0090]need to transfer -52mL (valve during 2908ms)
1722994474:[VALVE ,0034]valve opening 2908ms
1722994477:[VALVE ,0234]battery 14316mV,  466894uA, P +52379mbar
1722994774:[PRESS ,0038]P +54819mbar,T+32767mdegC
1722995424:[PRESS ,0038]P +60919mbar,T+32767mdegC
1722995449:[BUOY  ,0087]from +7mbar/s to +9mbar/s
1722995449:[BUOY  ,0090]need to transfer -52mL (valve during 2684ms)
1722995449:[VALVE ,0034]valve opening 2684ms
1722995452:[VALVE ,0234]battery 14250mV,  466772uA, P +61109mbar
1722996074:[PRESS ,0038]P +66609mbar,T+32767mdegC
1722996724:[PRESS ,0038]P +73309mbar,T+32767mdegC
1722997374:[PRESS ,0038]P +79419mbar,T+32767mdegC
1722998023:[PRESS ,0038]P +85949mbar,T+32767mdegC
1722998673:[PRESS ,0038]P +91969mbar,T+32767mdegC
1722999323:[PRESS ,0038]P +97089mbar,T+32767mdegC
1722999973:[PRESS ,0038]P+102779mbar,T+32767mdegC
1723000623:[PRESS ,0038]P+108509mbar,T+32767mdegC
1723001272:[PRESS ,0038]P+114179mbar,T+32767mdegC
1723001922:[PRESS ,0038]P+119719mbar,T+32767mdegC
1723002272:[BUOY  ,0087]from +7mbar/s to +9mbar/s
1723002272:[BUOY  ,0090]need to transfer -52mL (valve during 1900ms)
1723002272:[VALVE ,0034]valve opening 1900ms
1723002274:[VALVE ,0234]battery 13560mV,  454450uA, P+122449mbar
1723002572:[PRESS ,0038]P+125159mbar,T+32767mdegC
1723003222:[PRESS ,0038]P+131639mbar,T+32767mdegC
1723003872:[PRESS ,0038]P+138199mbar,T+32767mdegC
1723004522:[PRESS ,0038]P+143959mbar,T+32767mdegC
1723005171:[PRESS ,0038]P+149269mbar,T+32767mdegC
1723005821:[PRESS ,0038]P+154839mbar,T+32767mdegC
1723006471:[PRESS ,0038]P+160809mbar,T+32767mdegC
1723007121:[PRESS ,0038]P+166839mbar,T+32767mdegC
1723007771:[PRESS ,0038]P+172599mbar,T+32767mdegC
1723008120:[BUOY  ,0087]from +8mbar/s to +6mbar/s
1723008120:[PUMP  ,0378]Outflow calculated : 2728
1723008120:[BUOY  ,0089]need to transfer +44mL (pump during 63309ms)
1723008122:[PUMP  ,0016]pump during 60000ms
1723008180:[PUMP  ,0212]battery 13015mV,  797270uA (steady state), P+175519mbar
1723008422:[PRESS ,0038]P+177739mbar,T+32767mdegC
1723009396:[PRESS ,0038]P+184099mbar,T+32767mdegC
1723010371:[PRESS ,0038]P+190719mbar,T+32767mdegC
1723010721:[BUOY  ,0087]from +7mbar/s to +2mbar/s
1723010721:[PUMP  ,0378]Outflow calculated : 2718
1723010721:[BUOY  ,0089]need to transfer +72mL (pump during 104046ms)
1723010722:[PUMP  ,0016]pump during 60000ms
1723010781:[PUMP  ,0212]battery 13825mV,  855098uA (steady state), P+193219mbar
1723011047:[STAGE ,0213]195279mbar reached at 1723011047s, ref 200000mbar +/-5000mbar
1723011047:[BUOY  ,0087]from +6mbar/s to +0mbar/s
1723011047:[PUMP  ,0378]Outflow calculated : 2716
1723011047:[BUOY  ,0089]need to transfer +58mL (pump during 83936ms)
1723011049:[PUMP  ,0016]pump during 60000ms
1723011108:[PUMP  ,0212]battery 13755mV,  856318uA (steady state), P+195279mbar
1723011349:[PRESS ,0038]P+196819mbar,T+32767mdegC
1723011374:[BUOY  ,0087]from +5mbar/s to +0mbar/s
1723011374:[PUMP  ,0378]Outflow calculated : 2714
1723011374:[BUOY  ,0089]need to transfer +40mL (pump during 59172ms)
1723011375:[PUMP  ,0016]pump during 59172ms
1723011434:[PUMP  ,0212]battery 13756mV,  860344uA (steady state), P+196929mbar
1723011700:[BUOY  ,0087]from +3mbar/s to +0mbar/s
1723011700:[PUMP  ,0378]Outflow calculated : 2713
1723011700:[BUOY  ,0089]need to transfer +14mL (pump during 20713ms)
1723011701:[PUMP  ,0016]pump during 20713ms
1723011721:[PUMP  ,0212]battery 13758mV,  866444uA (steady state), P+197959mbar
1723013527:[MAIN  ,0140]stage[0] complete 25233s after mission start
1723013527:[MAIN  ,0056]stage[1]
1723013529:[MAIN  ,0024]internal pressure 77576Pa
1723013531:[MRMAID,0002]acq started
1723013531:[SBE   ,0391]Mode changed from SLEEP to UPDATE
1723013532:[BUOY  ,0037]P+200299mbar
1723013533:[STAGE ,0213]200299mbar reached at 1723013533s, ref 200000mbar +/-5000mbar
1723013534:[BUOY  ,0087]from +1mbar/s to +0mbar/s
1723013534:[PUMP  ,0378]Outflow calculated : 2713
1723013534:[BUOY  ,0089]need to transfer +2mL (pump during 2904ms)
1723013535:[PUMP  ,0016]pump during 2904ms
1723013537:[SBE   ,0391]Mode changed from UPDATE to START
1723013537:[SBE   ,0385]Start manual acquisitions
1723013537:[SBE   ,0391]Mode changed from START to PROFILING
1723013571:[SBE61 ,0396]P +20061,T +19393,S +34585
1723013581:[MRMAID,0184]acq already started
1723013585:[MRMAID,0059]stop canceled
1723014160:[BUOY  ,0087]from +1mbar/s to +0mbar/s
1723014160:[PUMP  ,0378]Outflow calculated : 2713
1723014160:[BUOY  ,0089]need to transfer +2mL (pump during 2906ms)
1723014160:[MRMAID,0003]acq stopped
1723014162:[PUMP  ,0016]pump during 2906ms
1723014166:[MRMAID,0002]acq started
1723017144:[MRMAID,0003]acq stopped
1723017144:[MRMAID,0052]$MEASFS,117067,2925.643463,40.014103;
1723017180:[SBE61 ,0396]P +20088,T +19352,S +34588
1723017181:[MRMAID,0002]acq started
1723020744:[MRMAID,0003]acq stopped
1723020744:[MRMAID,0052]$MEASFS,140459,3510.235443,40.014125;
1723020779:[SBE61 ,0396]P +20179,T +19292,S +34588
1723020781:[MRMAID,0002]acq started
1723021691:[PRESS ,0038]P+201909mbar,T+32767mdegC
1723024344:[MRMAID,0003]acq stopped
1723024346:[MRMAID,0185]1 spurious byte(s) received
1723024379:[SBE61 ,0396]P +20195,T +19381,S +34587
1723024380:[MRMAID,0002]acq started
1723027953:[MRMAID,0003]acq stopped
1723027953:[MRMAID,0052]$MEASFS,140845,3519.879211,40.014157;
1723027989:[SBE61 ,0396]P +20278,T +19249,S +34590
1723027990:[MRMAID,0002]acq started
1723031553:[MRMAID,0003]acq stopped
1723031553:[MRMAID,0052]$MEASFS,140441,3509.781860,40.014168;
1723031588:[SBE61 ,0396]P +20338,T +19257,S +34589
1723031590:[MRMAID,0002]acq started
1723035163:[MRMAID,0003]acq stopped
1723035163:[MRMAID,0052]$MEASFS,140840,3519.752625,40.014176;
1723035198:[SBE61 ,0396]P +20260,T +19193,S +34590
1723035199:[MRMAID,0002]acq started
1723037899:[BUOY  ,0087]from +1mbar/s to +0mbar/s
1723037899:[PUMP  ,0378]Outflow calculated : 2710
1723037899:[BUOY  ,0089]need to transfer +2mL (pump during 2925ms)
1723037899:[MRMAID,0003]acq stopped
1723037899:[MRMAID,0052]$MEASFS,105896,2646.461762,40.014181;
1723037900:[PUMP  ,0016]pump during 2925ms
1723037905:[MRMAID,0002]acq started
1723038762:[MRMAID,0052]$MEASFS,32180,804.214844,40.014183;
1723038764:[MRMAID,0003]acq stopped
1723038798:[SBE61 ,0396]P +20421,T +19268,S +34589
1723038799:[MRMAID,0002]acq started
1723042362:[MRMAID,0003]acq stopped
1723042362:[MRMAID,0052]$MEASFS,140440,3509.755249,40.014186;
1723042397:[SBE61 ,0396]P +20298,T +19261,S +34589
1723042398:[MRMAID,0002]acq started
1723044829:[BUOY  ,0087]from +1mbar/s to +0mbar/s
1723044829:[PUMP  ,0378]Outflow calculated : 2710
1723044829:[BUOY  ,0089]need to transfer +2mL (pump during 2926ms)
1723044829:[MRMAID,0003]acq stopped
1723044829:[MRMAID,0052]$MEASFS,95140,2377.656586,40.014189;
1723044831:[PUMP  ,0016]pump during 2926ms
1723044835:[MRMAID,0002]acq started
1723045971:[MRMAID,0003]acq stopped
1723045971:[MRMAID,0185]20 spurious byte(s) received
1723046007:[SBE61 ,0396]P +20366,T +19380,S +34587
1723046008:[MRMAID,0002]acq started
1723049571:[MRMAID,0003]acq stopped
1723049571:[MRMAID,0052]$MEASFS,140440,3509.754699,40.014192;
1723049606:[SBE61 ,0396]P +20308,T +19370,S +34588
1723049608:[MRMAID,0002]acq started
1723049931:[MRMAID,0027]2028dbar, 33degC
1723053171:[MRMAID,0003]acq stopped
1723053171:[MRMAID,0052]$MEASFS,140442,3509.804474,40.014195;
1723053206:[SBE61 ,0396]P +20290,T +19293,S +34589
1723053207:[MRMAID,0002]acq started
1723056780:[MRMAID,0003]acq stopped
1723056780:[MRMAID,0052]$MEASFS,140841,3519.775787,40.014197;
1723056816:[SBE61 ,0396]P +20334,T +19302,S +34588
1723056817:[MRMAID,0002]acq started
1723060380:[MRMAID,0003]acq stopped
1723060380:[MRMAID,0052]$MEASFS,140442,3509.804230,40.014198;
1723060415:[SBE61 ,0396]P +20271,T +19303,S +34588
1723060417:[MRMAID,0002]acq started
1723063990:[MRMAID,0003]acq stopped
1723063990:[MRMAID,0052]$MEASFS,140844,3519.850525,40.014199;
1723064025:[SBE61 ,0396]P +20341,T +19215,S +34590
1723064026:[MRMAID,0002]acq started
1723067589:[MRMAID,0003]acq stopped
1723067589:[MRMAID,0052]$MEASFS,140441,3509.779022,40.014200;
1723067625:[SBE61 ,0396]P +20410,T +19275,S +34589
1723067626:[MRMAID,0002]acq started
1723071189:[MRMAID,0003]acq stopped
1723071189:[MRMAID,0052]$MEASFS,140441,3509.778992,40.014200;
1723071224:[SBE61 ,0396]P +20267,T +19242,S +34589
1723071225:[MRMAID,0002]acq started
1723074571:[BUOY  ,0087]from +1mbar/s to +0mbar/s
1723074571:[PUMP  ,0378]Outflow calculated : 2710
1723074571:[BUOY  ,0089]need to transfer +2mL (pump during 2931ms)
1723074571:[MRMAID,0003]acq stopped
1723074571:[MRMAID,0052]$MEASFS,131736,3292.231171,40.014201;
1723074573:[PUMP  ,0016]pump during 2931ms
1723074577:[MRMAID,0002]acq started
1723074798:[MRMAID,0003]acq stopped
1723074834:[SBE61 ,0396]P +20436,T +19249,S +34589
1723074835:[MRMAID,0002]acq started
1723074898:[BUOY  ,0087]from +1mbar/s to +0mbar/s
1723074898:[PUMP  ,0378]Outflow calculated : 2710
1723074898:[BUOY  ,0089]need to transfer +2mL (pump during 2924ms)
1723074898:[MRMAID,0003]acq stopped
1723074900:[PUMP  ,0016]pump during 2924ms
1723074904:[MRMAID,0002]acq started
1723078398:[MRMAID,0003]acq stopped
1723078398:[MRMAID,0052]$MEASFS,137699,3441.253204,40.014202;
1723078433:[SBE61 ,0396]P +20169,T +19306,S +34588
1723078435:[MRMAID,0002]acq started
1723081998:[MRMAID,0003]acq stopped
1723081998:[MRMAID,0052]$MEASFS,140440,3509.753875,40.014202;
1723082033:[SBE61 ,0396]P +20238,T +19273,S +34589
1723082034:[MRMAID,0002]acq started
1723085607:[MRMAID,0003]acq stopped
1723085643:[SBE61 ,0396]P +20240,T +19306,S +34588
1723085644:[MRMAID,0002]acq started
1723089207:[MRMAID,0003]acq stopped
1723089207:[MRMAID,0052]$MEASFS,140442,3509.803802,40.014202;
1723089242:[SBE61 ,0396]P +20257,T +19346,S +34588
1723089244:[MRMAID,0002]acq started
1723092816:[MRMAID,0003]acq stopped
1723092817:[MRMAID,0052]$MEASFS,140841,3519.775238,40.014203;
1723092852:[SBE61 ,0396]P +20213,T +19356,S +34587
1723092853:[MRMAID,0002]acq started
1723096416:[MRMAID,0003]acq stopped
1723096416:[MRMAID,0052]$MEASFS,140441,3509.778778,40.014203;
1723096452:[SBE61 ,0396]P +20275,T +19354,S +34587
1723096453:[MRMAID,0002]acq started
1723100016:[MRMAID,0003]acq stopped
1723100016:[MRMAID,0052]$MEASFS,140441,3509.778778,40.014203;
1723100051:[SBE61 ,0396]P +20300,T +19359,S +34587
1723100052:[MRMAID,0002]acq started
1723103066:[MRMAID,0027]2030dbar, 33degC
1723103306:[MRMAID,0005]ascent request rejected
1723103421:[MRMAID,0027]2032dbar, 33degC
1723103608:[MRMAID,0005]ascent request rejected
1723103625:[MRMAID,0003]acq stopped
1723103626:[MRMAID,0052]$MEASFS,140844,3519.850219,40.014203;
1723103661:[SBE61 ,0396]P +20379,T +19385,S +34587
1723103662:[MRMAID,0002]acq started
1723103892:[MRMAID,0027]2036dbar, 33degC
1723104017:[MRMAID,0005]ascent request rejected
1723105407:[MRMAID,0027]2029dbar, 33degC
1723105538:[MRMAID,0005]ascent request rejected
1723106590:[MRMAID,0027]2024dbar, 33degC
1723106755:[MRMAID,0005]ascent request rejected
1723107225:[MRMAID,0003]acq stopped
1723107225:[MRMAID,0052]$MEASFS,140443,3509.828766,40.014203;
1723107260:[SBE61 ,0396]P +20322,T +19403,S +34587
1723107262:[MRMAID,0002]acq started
1723107415:[MRMAID,0027]2031dbar, 33degC
1723107556:[MRMAID,0005]ascent request rejected
1723108043:[MRMAID,0027]2035dbar, 33degC
1723108201:[MRMAID,0005]ascent request rejected
1723110825:[MRMAID,0003]acq stopped
1723110825:[MRMAID,0052]$MEASFS,140440,3509.753784,40.014203;
1723110860:[SBE61 ,0396]P +20272,T +19435,S +34586
1723110861:[MRMAID,0002]acq started
1723111919:[MRMAID,0027]2022dbar, 33degC
1723112072:[MRMAID,0005]ascent request rejected
1723114434:[MRMAID,0003]acq stopped
1723114434:[MRMAID,0052]$MEASFS,140841,3519.775207,40.014203;
1723114470:[SBE61 ,0396]P +20283,T +19374,S +34587
1723114471:[MRMAID,0002]acq started
1723115351:[MRMAID,0027]2026dbar, 33degC
1723115517:[MRMAID,0005]ascent request rejected
1723118034:[MRMAID,0003]acq stopped
1723118034:[MRMAID,0052]$MEASFS,140443,3509.828766,40.014203;
1723118069:[SBE61 ,0396]P +20379,T +19377,S +34587
1723118071:[MRMAID,0002]acq started
1723121644:[MRMAID,0003]acq stopped
1723121644:[MRMAID,0052]$MEASFS,140838,3519.700256,40.014203;
1723121679:[SBE61 ,0396]P +20297,T +19304,S +34588
1723121680:[MRMAID,0002]acq started
1723125243:[MRMAID,0003]acq stopped
1723125243:[MRMAID,0052]$MEASFS,140442,3509.803772,40.014203;
1723125279:[SBE61 ,0396]P +20334,T +19302,S +34588
1723125280:[MRMAID,0002]acq started
1723128843:[MRMAID,0003]acq stopped
1723128843:[MRMAID,0052]$MEASFS,140441,3509.778748,40.014203;
1723128878:[SBE61 ,0396]P +20336,T +19278,S +34588
1723128879:[MRMAID,0002]acq started
1723132452:[MRMAID,0003]acq stopped
1723132452:[MRMAID,0052]$MEASFS,140840,3519.750214,40.014203;
1723132488:[SBE61 ,0396]P +20337,T +19297,S +34589
1723132489:[MRMAID,0002]acq started
1723134855:[MRMAID,0027]2035dbar, 33degC
1723135013:[MRMAID,0005]ascent request rejected
1723136052:[MRMAID,0003]acq stopped
1723136052:[MRMAID,0052]$MEASFS,140442,3509.803741,40.014203;
1723136087:[SBE61 ,0396]P +20362,T +19371,S +34587
1723136089:[MRMAID,0002]acq started
1723139652:[MRMAID,0003]acq stopped
1723139652:[MRMAID,0052]$MEASFS,140441,3509.778748,40.014203;
1723139687:[SBE61 ,0396]P +20302,T +19251,S +34589
1723139688:[MRMAID,0002]acq started
1723143261:[MRMAID,0003]acq stopped
1723143261:[MRMAID,0052]$MEASFS,140840,3519.750214,40.014203;
1723143297:[SBE61 ,0396]P +20350,T +19212,S +34590
1723143298:[MRMAID,0002]acq started
1723145452:[MRMAID,0027]2031dbar, 33degC
1723145643:[MRMAID,0005]ascent request rejected
1723146861:[MRMAID,0003]acq stopped
1723146861:[MRMAID,0052]$MEASFS,140440,3509.753753,40.014203;
1723146896:[SBE61 ,0396]P +20348,T +19210,S +34589
1723146898:[MRMAID,0002]acq started
1723147787:[MRMAID,0027]2033dbar, 33degC
1723147943:[MRMAID,0005]ascent request rejected
1723150471:[MRMAID,0003]acq stopped
1723150471:[MRMAID,0052]$MEASFS,140838,3519.700195,40.014204;
1723150506:[SBE61 ,0396]P +20317,T +19191,S +34589
1723150507:[MRMAID,0002]acq started
1723154070:[MRMAID,0003]acq stopped
1723154070:[MRMAID,0052]$MEASFS,140440,3509.753724,40.014204;
1723154106:[SBE61 ,0396]P +20400,T +19126,S +34591
1723154107:[MRMAID,0002]acq started
1723157670:[MRMAID,0003]acq stopped
1723157670:[MRMAID,0052]$MEASFS,140442,3509.803711,40.014204;
1723157705:[SBE61 ,0396]P +20434,T +19215,S +34590
1723157706:[MRMAID,0002]acq started
1723161279:[MRMAID,0003]acq stopped
1723161279:[MRMAID,0052]$MEASFS,140841,3519.775146,40.014204;
1723161315:[SBE61 ,0396]P +20347,T +19190,S +34590
1723161316:[MRMAID,0002]acq started
1723164879:[MRMAID,0003]acq stopped
1723164879:[MRMAID,0052]$MEASFS,140442,3509.803711,40.014204;
1723164914:[SBE61 ,0396]P +20507,T +19180,S +34590
1723164916:[MRMAID,0002]acq started
1723165269:[BUOY  ,0087]from +0mbar/s to -2mbar/s
1723165269:[PUMP  ,0378]Outflow calculated : 2710
1723165269:[BUOY  ,0089]need to transfer +6mL (pump during 8797ms)
1723165269:[MRMAID,0003]acq stopped
1723165271:[PUMP  ,0016]pump during 8797ms
1723165279:[PUMP  ,0212]battery 13482mV,  889746uA (steady state), P+205009mbar
1723165281:[MRMAID,0002]acq started
1723168479:[MRMAID,0003]acq stopped
1723168479:[MRMAID,0052]$MEASFS,125849,3145.108184,40.014204;
1723168514:[SBE61 ,0396]P +20083,T +19325,S +34587
1723168515:[MRMAID,0002]acq started
1723172088:[MRMAID,0003]acq stopped
1723172088:[MRMAID,0052]$MEASFS,140858,3520.200012,40.014204;
1723172124:[SBE61 ,0396]P +20128,T +19276,S +34588
1723172125:[MRMAID,0002]acq started
1723175688:[MRMAID,0003]acq stopped
1723175688:[MRMAID,0052]$MEASFS,140441,3509.778687,40.014204;
1723175723:[SBE61 ,0396]P +20112,T +19243,S +34589
1723175725:[MRMAID,0002]acq started
1723179288:[MRMAID,0003]acq stopped
1723179288:[MRMAID,0052]$MEASFS,140440,3509.753723,40.014204;
1723179323:[SBE61 ,0396]P +20099,T +19242,S +34589
1723179324:[MRMAID,0002]acq started
1723182897:[MRMAID,0003]acq stopped
1723182897:[MRMAID,0052]$MEASFS,140839,3519.725189,40.014204;
1723182933:[SBE61 ,0396]P +20164,T +19283,S +34588
1723182934:[MRMAID,0002]acq started
1723186497:[MRMAID,0003]acq stopped
1723186497:[MRMAID,0052]$MEASFS,140440,3509.753754,40.014203;
1723186532:[SBE61 ,0396]P +20130,T +19357,S +34587
1723186534:[MRMAID,0002]acq started
1723190106:[MRMAID,0003]acq stopped
1723190107:[MRMAID,0052]$MEASFS,140838,3519.700165,40.014204;
1723190142:[SBE61 ,0396]P +20120,T +19316,S +34588
1723190143:[MRMAID,0002]acq started
1723193691:[MRMAID,0027]2010dbar, 33degC
1723193742:[SBE61 ,0396]P +20119,T +19378,S +34586
1723193752:[MRMAID,0184]acq already started
1723193851:[MRMAID,0059]stop canceled
1723193856:[MRMAID,0005]ascent request rejected
1723197315:[MRMAID,0003]acq stopped
1723197315:[MRMAID,0052]$MEASFS,284864,7119.072082,40.014204;
1723197351:[SBE61 ,0396]P +20193,T +19372,S +34586
1723197352:[MRMAID,0002]acq started
1723198909:[MRMAID,0027]2019dbar, 33degC
1723199078:[MRMAID,0005]ascent request rejected
1723200915:[MRMAID,0003]acq stopped
1723200915:[MRMAID,0052]$MEASFS,140440,3509.753723,40.014204;
1723200950:[SBE61 ,0396]P +20164,T +19466,S +34585
1723200952:[MRMAID,0002]acq started
1723201159:[MRMAID,0027]2014dbar, 33degC
1723201322:[MRMAID,0005]ascent request rejected
1723201479:[MRMAID,0027]2012dbar, 33degC
1723201657:[MRMAID,0005]ascent request rejected
1723202430:[MRMAID,0027]2013dbar, 33degC
1723202574:[MRMAID,0005]ascent request rejected
1723204524:[MRMAID,0003]acq stopped
1723204525:[MRMAID,0052]$MEASFS,140842,3519.800141,40.014204;
1723204560:[SBE61 ,0396]P +20138,T +19457,S +34585
1723204561:[MRMAID,0002]acq started
1723207017:[BUOY  ,0087]from -1mbar/s to +0mbar/s
1723207017:[BUOY  ,0090]need to transfer -2mL (valve during 57ms)
1723207017:[MRMAID,0003]acq stopped
1723207017:[MRMAID,0052]$MEASFS,96129,2402.371948,40.014203;
1723207017:[VALVE ,0034]valve opening 57ms
1723207029:[MRMAID,0002]acq started
1723208124:[MRMAID,0003]acq stopped
1723208124:[MRMAID,0185]28 spurious byte(s) received
1723208160:[SBE61 ,0396]P +20031,T +19298,S +34589
1723208161:[MRMAID,0002]acq started
1723208253:[BUOY  ,0087]from +1mbar/s to +0mbar/s
1723208253:[PUMP  ,0378]Outflow calculated : 2712
1723208254:[BUOY  ,0089]need to transfer +2mL (pump during 2931ms)
1723208254:[MRMAID,0003]acq stopped
1723208255:[PUMP  ,0016]pump during 2931ms
1723208259:[MRMAID,0002]acq started
1723208881:[BUOY  ,0087]from +1mbar/s to +0mbar/s
1723208881:[PUMP  ,0378]Outflow calculated : 2712
1723208881:[BUOY  ,0089]need to transfer +2mL (pump during 2932ms)
1723208881:[MRMAID,0003]acq stopped
1723208883:[PUMP  ,0016]pump during 2932ms
1723208887:[MRMAID,0002]acq started
1723209208:[BUOY  ,0087]from +1mbar/s to +0mbar/s
1723209208:[PUMP  ,0378]Outflow calculated : 2712
1723209208:[BUOY  ,0089]need to transfer +2mL (pump during 2932ms)
1723209208:[MRMAID,0003]acq stopped
1723209210:[PUMP  ,0016]pump during 2932ms
1723209214:[MRMAID,0002]acq started
1723209836:[BUOY  ,0087]from +1mbar/s to +0mbar/s
1723209836:[PUMP  ,0378]Outflow calculated : 2712
1723209836:[BUOY  ,0089]need to transfer +2mL (pump during 2924ms)
1723209836:[MRMAID,0003]acq stopped
1723209837:[PUMP  ,0016]pump during 2924ms
1723209842:[MRMAID,0002]acq started
1723210463:[BUOY  ,0087]from +1mbar/s to +0mbar/s
1723210463:[PUMP  ,0378]Outflow calculated : 2711
1723210463:[BUOY  ,0089]need to transfer +2mL (pump during 2929ms)
1723210463:[MRMAID,0003]acq stopped
1723210465:[PUMP  ,0016]pump during 2929ms
1723210469:[MRMAID,0002]acq started
1723211724:[MRMAID,0003]acq stopped
1723211724:[MRMAID,0052]$MEASFS,48093,1201.898224,40.014203;
1723211759:[SBE61 ,0396]P +20211,T +19144,S +34590
1723211760:[MRMAID,0002]acq started
1723213387:[MRMAID,0027]2013dbar, 33degC
1723215333:[MRMAID,0003]acq stopped
1723215333:[MRMAID,0052]$MEASFS,140840,3519.750183,40.014203;
1723215369:[SBE61 ,0396]P +20263,T +19115,S +34590
1723215370:[MRMAID,0002]acq started
1723216317:[MRMAID,0027]2026dbar, 33degC
1723216489:[MRMAID,0005]ascent request rejected
1723218933:[MRMAID,0003]acq stopped
1723218933:[MRMAID,0052]$MEASFS,140442,3509.803711,40.014204;
1723218968:[SBE61 ,0396]P +20314,T +19187,S +34590
1723218970:[MRMAID,0002]acq started
1723222533:[MRMAID,0003]acq stopped
1723222533:[MRMAID,0052]$MEASFS,140440,3509.753724,40.014204;
1723222568:[SBE61 ,0396]P +20317,T +19180,S +34590
1723222569:[MRMAID,0002]acq started
1723224297:[BUOY  ,0087]from +1mbar/s to +0mbar/s
1723224297:[PUMP  ,0378]Outflow calculated : 2710
1723224297:[BUOY  ,0089]need to transfer +2mL (pump during 2931ms)
1723224297:[MRMAID,0003]acq stopped
1723224297:[MRMAID,0052]$MEASFS,67001,1674.430420,40.014204;
1723224299:[PUMP  ,0016]pump during 2931ms
1723224303:[MRMAID,0002]acq started
1723226142:[MRMAID,0003]acq stopped
1723226142:[MRMAID,0052]$MEASFS,71472,1786.165741,40.014204;
1723226178:[SBE61 ,0396]P +20167,T +19243,S +34589
1723226179:[MRMAID,0002]acq started
1723229742:[MRMAID,0003]acq stopped
1723229742:[MRMAID,0052]$MEASFS,140442,3509.803681,40.014204;
1723229777:[SBE61 ,0396]P +20334,T +19383,S +34587
1723229779:[MRMAID,0002]acq started
1723231704:[MRMAID,0027]2018dbar, 33degC
1723231843:[MRMAID,0005]ascent request rejected
1723233351:[MRMAID,0003]acq stopped
1723233352:[MRMAID,0052]$MEASFS,140840,3519.750153,40.014204;
1723233387:[SBE61 ,0396]P +20160,T +19386,S +34587
1723233388:[MRMAID,0002]acq started
1723236951:[MRMAID,0003]acq stopped
1723236951:[MRMAID,0052]$MEASFS,140442,3509.803711,40.014204;
1723236987:[SBE61 ,0396]P +20294,T +19410,S +34586
1723236988:[MRMAID,0002]acq started
1723240551:[MRMAID,0003]acq stopped
1723240551:[MRMAID,0052]$MEASFS,140441,3509.778717,40.014204;
1723240586:[SBE61 ,0396]P +20235,T +19513,S +34585
1723240587:[MRMAID,0002]acq started
1723244160:[MRMAID,0052]$STOPAC$MEASFS,140840,3519.750153,40.014204;
1723244163:[MRMAID,0185]5 spurious byte(s) received
1723244196:[SBE61 ,0396]P +20253,T +19515,S +34585
1723244197:[MRMAID,0002]acq started
1723247760:[MRMAID,0003]acq stopped
1723247760:[MRMAID,0052]$MEASFS,140441,3509.778717,40.014204;
1723247795:[SBE61 ,0396]P +20124,T +19479,S +34582
1723247797:[MRMAID,0002]acq started
1723251360:[MRMAID,0003]acq stopped
1723251360:[MRMAID,0052]$MEASFS,140440,3509.753723,40.014204;
1723251395:[SBE61 ,0396]P +20194,T +19409,S +34586
1723251396:[MRMAID,0002]acq started
1723254969:[MRMAID,0052]$STOPACK$MEASFS,140839,3519.725219,40.014203;
1723254973:[MRMAID,0185]4 spurious byte(s) received
1723255005:[SBE61 ,0396]P +20285,T +19361,S +34587
1723255006:[MRMAID,0002]acq started
1723258569:[MRMAID,0003]acq stopped
1723258569:[MRMAID,0052]$MEASFS,140458,3510.203583,40.014203;
1723258604:[SBE61 ,0396]P +20211,T +19397,S +34587
1723258606:[MRMAID,0002]acq started
1723260742:[MRMAID,0027]2018dbar, 33degC
1723260895:[MRMAID,0005]ascent request rejected
1723262178:[MRMAID,0003]acq stopped
1723262179:[MRMAID,0052]$MEASFS,140838,3519.700226,40.014203;
1723262214:[SBE61 ,0396]P +20190,T +19364,S +34587
1723262215:[MRMAID,0002]acq started
1723265708:[MRMAID,0027]2027dbar, 33degC
1723265814:[SBE61 ,0396]P +20299,T +19368,S +34587
1723265824:[MRMAID,0184]acq already started
1723265868:[MRMAID,0059]stop canceled
1723265873:[MRMAID,0005]ascent request rejected
1723267607:[MRMAID,0027]2020dbar, 33degC
1723267733:[MRMAID,0005]ascent request rejected
1723269387:[MRMAID,0003]acq stopped
1723269387:[MRMAID,0052]$MEASFS,284862,7119.022156,40.014203;
1723269423:[SBE61 ,0396]P +20109,T +19354,S +34587
1723269424:[MRMAID,0002]acq started
1723272987:[MRMAID,0003]acq stopped
1723272987:[MRMAID,0052]$MEASFS,140441,3509.778717,40.014204;
1723273022:[SBE61 ,0396]P +20148,T +19181,S +34590
1723273024:[MRMAID,0002]acq started
1723274448:[BUOY  ,0087]from +1mbar/s to +0mbar/s
1723274448:[PUMP  ,0378]Outflow calculated : 2711
1723274448:[BUOY  ,0089]need to transfer +2mL (pump during 2935ms)
1723274448:[MRMAID,0003]acq stopped
1723274449:[MRMAID,0185]28 spurious byte(s) received
1723274450:[PUMP  ,0016]pump during 2935ms
1723274454:[MRMAID,0002]acq started
1723274776:[BUOY  ,0087]from +1mbar/s to +0mbar/s
1723274776:[PUMP  ,0378]Outflow calculated : 2710
1723274776:[BUOY  ,0089]need to transfer +2mL (pump during 2936ms)
1723274776:[MRMAID,0003]acq stopped
1723274777:[PUMP  ,0016]pump during 2936ms
1723274782:[MRMAID,0002]acq started
1723276596:[MRMAID,0052]$STOPACK:+$MEASFS,70506,1762.024323,40.014204;
1723276599:[MRMAID,0185]2 spurious byte(s) received
1723276632:[SBE61 ,0396]P +20202,T +19298,S +34588
1723276633:[MRMAID,0002]acq started
1723280196:[MRMAID,0003]acq stopped
1723280196:[MRMAID,0052]$MEASFS,140441,3509.778717,40.014204;
1723280232:[SBE61 ,0396]P +20054,T +19327,S +34588
1723280233:[MRMAID,0002]acq started
1723283796:[MRMAID,0003]acq stopped
1723283796:[MRMAID,0052]$MEASFS,140441,3509.778717,40.014204;
1723283831:[SBE61 ,0396]P +20150,T +19354,S +34587
1723283832:[MRMAID,0002]acq started
1723287405:[MRMAID,0003]acq stopped
1723287405:[MRMAID,0052]$MEASFS,140839,3519.725159,40.014204;
1723287441:[SBE61 ,0396]P +20022,T +19322,S +34588
1723287442:[MRMAID,0002]acq started
1723291005:[MRMAID,0003]acq stopped
1723291005:[MRMAID,0052]$MEASFS,140440,3509.753723,40.014204;
1723291040:[SBE61 ,0396]P +20057,T +19340,S +34587
1723291042:[MRMAID,0002]acq started
1723292608:[MRMAID,0027]1999dbar, 33degC
1723292762:[MRMAID,0005]ascent request rejected
1723294605:[MRMAID,0003]acq stopped
1723294605:[MRMAID,0052]$MEASFS,140442,3509.803681,40.014204;
1723294640:[SBE61 ,0396]P +19967,T +19246,S +34587
1723294641:[MRMAID,0002]acq started
1723298214:[MRMAID,0003]acq stopped
1723298214:[MRMAID,0052]$MEASFS,140840,3519.750183,40.014203;
1723298250:[SBE61 ,0396]P +20084,T +19206,S +34589
1723298251:[MRMAID,0002]acq started
1723298568:[MRMAID,0027]2005dbar, 33degC
1723298701:[MRMAID,0005]ascent request rejected
1723301814:[MRMAID,0003]acq stopped
1723301814:[MRMAID,0052]$MEASFS,140445,3509.878662,40.014204;
1723301849:[SBE61 ,0396]P +20092,T +19195,S +34589
1723301851:[MRMAID,0002]acq started
1723305423:[MRMAID,0003]acq stopped
1723305424:[MRMAID,0052]$MEASFS,140841,3519.775147,40.014204;
1723305459:[SBE61 ,0396]P +20085,T +19315,S +34587
1723305460:[MRMAID,0002]acq started
1723309023:[MRMAID,0003]acq stopped
1723309023:[MRMAID,0052]$MEASFS,140441,3509.778717,40.014204;
1723309059:[SBE61 ,0396]P +20159,T +19358,S +34587
1723309060:[MRMAID,0002]acq started
1723310672:[MRMAID,0027]2002dbar, 33degC
1723310799:[MRMAID,0005]ascent request rejected
1723312623:[MRMAID,0003]acq stopped
1723312623:[MRMAID,0052]$MEASFS,140442,3509.803680,40.014204;
1723312658:[SBE61 ,0396]P +20093,T +19352,S +34587
1723312659:[MRMAID,0002]acq started
1723316232:[MRMAID,0003]acq stopped
1723316232:[MRMAID,0052]$MEASFS,140840,3519.750153,40.014204;
1723316268:[SBE61 ,0396]P +19998,T +19307,S +34587
1723316269:[MRMAID,0002]acq started
1723319832:[MRMAID,0003]acq stopped
1723319832:[MRMAID,0052]$MEASFS,140441,3509.778686,40.014204;
1723319867:[SBE61 ,0396]P +20126,T +19281,S +34588
1723319869:[MRMAID,0002]acq started
1723323432:[MRMAID,0003]acq stopped
1723323432:[MRMAID,0052]$MEASFS,140444,3509.853669,40.014204;
1723323467:[SBE61 ,0396]P +20070,T +19272,S +34589
1723323468:[MRMAID,0002]acq started
1723327041:[MRMAID,0003]acq stopped
1723327041:[MRMAID,0052]$MEASFS,140839,3519.725159,40.014204;
1723327077:[SBE61 ,0396]P +20126,T +19282,S +34588
1723327078:[MRMAID,0002]acq started
1723330203:[MRMAID,0027]2010dbar, 33degC
1723330378:[MRMAID,0005]ascent request rejected
1723330641:[MRMAID,0003]acq stopped
1723330641:[MRMAID,0052]$MEASFS,140442,3509.803711,40.014204;
1723330676:[SBE61 ,0396]P +20099,T +19378,S +34587
1723330678:[MRMAID,0002]acq started
1723334250:[MRMAID,0003]acq stopped
1723334251:[MRMAID,0052]$MEASFS,140841,3519.775146,40.014204;
1723334286:[SBE61 ,0396]P +20188,T +19437,S +34586
1723334287:[MRMAID,0002]acq started
1723337850:[MRMAID,0003]acq stopped
1723337850:[MRMAID,0052]$MEASFS,140442,3509.803710,40.014204;
1723337886:[SBE61 ,0396]P +20117,T +19465,S +34586
1723337887:[MRMAID,0002]acq started
1723341450:[MRMAID,0003]acq stopped
1723341450:[MRMAID,0052]$MEASFS,140442,3509.803681,40.014204;
1723341485:[SBE61 ,0396]P +20121,T +19588,S +34583
1723341486:[MRMAID,0002]acq started
1723345059:[MRMAID,0003]acq stopped
1723345059:[MRMAID,0052]$MEASFS,140859,3520.225006,40.014204;
1723345095:[SBE61 ,0396]P +20074,T +19479,S +34585
1723345096:[MRMAID,0002]acq started
1723348187:[MRMAID,0027]2010dbar, 33degC
1723348340:[MRMAID,0005]ascent request rejected
1723348659:[MRMAID,0003]acq stopped
1723348659:[MRMAID,0052]$MEASFS,140442,3509.803741,40.014203;
1723348694:[SBE61 ,0396]P +20130,T +19437,S +34586
1723348696:[MRMAID,0002]acq started
1723352259:[MRMAID,0003]acq stopped
1723352259:[MRMAID,0052]$MEASFS,140445,3509.878693,40.014203;
1723352294:[SBE61 ,0396]P +20114,T +19477,S +34585
1723352295:[MRMAID,0002]acq started
1723355868:[MRMAID,0003]acq stopped
1723355868:[MRMAID,0052]$MEASFS,140840,3519.750183,40.014203;
1723355904:[SBE61 ,0396]P +20146,T +19427,S +34587
1723355905:[MRMAID,0002]acq started
1723359468:[MRMAID,0003]acq stopped
1723359468:[MRMAID,0052]$MEASFS,140440,3509.753754,40.014203;
1723359503:[SBE61 ,0396]P +20114,T +19569,S +34584
1723359505:[MRMAID,0002]acq started
1723360945:[BUOY  ,0101]stage[1] 10 stab done
1723360945:[BUOY  ,0087]from -1mbar/s to +0mbar/s
1723360945:[BUOY  ,0090]need to transfer -2mL (valve during 57ms)
1723360945:[MRMAID,0003]acq stopped
1723360945:[MRMAID,0052]$MEASFS,55500,1387.007477,40.014204;
1723360945:[VALVE ,0034]valve opening 57ms
1723360957:[MRMAID,0002]acq started
1723363078:[MRMAID,0052]$$MEASFS,82717,2067.190949,40.014204;
1723363080:[MRMAID,0185]11 spurious byte(s) received
1723363113:[SBE61 ,0396]P +20305,T +19298,S +34588
1723363114:[MRMAID,0002]acq started
1723364883:[BUOY  ,0087]from +1mbar/s to -2mbar/s
1723364883:[PUMP  ,0378]Outflow calculated : 2709
1723364883:[BUOY  ,0089]need to transfer +8mL (pump during 11748ms)
1723364883:[MRMAID,0003]acq stopped
1723364885:[PUMP  ,0016]pump during 11748ms
1723364896:[PUMP  ,0212]battery 13583mV,  892064uA (steady state), P+205269mbar
1723364898:[MRMAID,0002]acq started
1723366677:[MRMAID,0003]acq stopped
1723366677:[MRMAID,0052]$MEASFS,69068,1726.087098,40.014203;
1723366713:[SBE61 ,0396]P +20374,T +19247,S +34589
1723366714:[MRMAID,0002]acq started
1723370277:[MRMAID,0003]acq stopped
1723370277:[MRMAID,0052]$MEASFS,140442,3509.803711,40.014204;
1723370312:[SBE61 ,0396]P +20253,T +19272,S +34588
1723370313:[MRMAID,0002]acq started
1723373886:[MRMAID,0003]acq stopped
1723373887:[MRMAID,0052]$MEASFS,140841,3519.775177,40.014203;
1723373922:[SBE61 ,0396]P +20352,T +19279,S +34589
1723373923:[MRMAID,0002]acq started
1723377486:[MRMAID,0003]acq stopped
1723377486:[MRMAID,0052]$MEASFS,140441,3509.778686,40.014204;
1723377521:[SBE61 ,0396]P +20356,T +19267,S +34589
1723377523:[MRMAID,0002]acq started
1723381086:[MRMAID,0003]acq stopped
1723381086:[MRMAID,0052]$MEASFS,140441,3509.778686,40.014204;
1723381121:[SBE61 ,0396]P +20347,T +19339,S +34588
1723381122:[MRMAID,0002]acq started
1723384695:[MRMAID,0003]acq stopped
1723384698:[MRMAID,0185]1 spurious byte(s) received
1723384731:[SBE61 ,0396]P +20345,T +19347,S +34588
1723384732:[MRMAID,0002]acq started
1723388295:[MRMAID,0003]acq stopped
1723388295:[MRMAID,0052]$MEASFS,140441,3509.778717,40.014204;
1723388330:[SBE61 ,0396]P +20362,T +19405,S +34587
1723388332:[MRMAID,0002]acq started
1723391904:[MRMAID,0003]acq stopped
1723391905:[MRMAID,0052]$MEASFS,140839,3519.725158,40.014204;
1723391940:[SBE61 ,0396]P +20362,T +19354,S +34588
1723391941:[MRMAID,0002]acq started
1723395504:[MRMAID,0003]acq stopped
1723395504:[MRMAID,0052]$MEASFS,140440,3509.753723,40.014204;
1723395540:[SBE61 ,0396]P +20332,T +19377,S +34587
1723395541:[MRMAID,0002]acq started
1723399104:[MRMAID,0003]acq stopped
1723399104:[MRMAID,0052]$MEASFS,140440,3509.753693,40.014204;
1723399139:[SBE61 ,0396]P +20306,T +19331,S +34588
1723399140:[MRMAID,0002]acq started
1723402713:[MRMAID,0003]acq stopped
1723402713:[MRMAID,0052]$MEASFS,140839,3519.725189,40.014204;
1723402749:[SBE61 ,0396]P +20397,T +19363,S +34587
1723402750:[MRMAID,0002]acq started
1723406313:[MRMAID,0003]acq stopped
1723406313:[MRMAID,0052]$MEASFS,140442,3509.803711,40.014204;
1723406348:[SBE61 ,0396]P +20273,T +19358,S +34587
1723406350:[MRMAID,0002]acq started
1723409913:[MRMAID,0003]acq stopped
1723409913:[MRMAID,0052]$MEASFS,140442,3509.803681,40.014204;
1723409948:[SBE61 ,0396]P +20359,T +19365,S +34588
1723409949:[MRMAID,0002]acq started
1723413327:[MRMAID,0027]2031dbar, 33degC
1723413492:[MRMAID,0005]ascent request rejected
1723413522:[MRMAID,0003]acq stopped
1723413522:[MRMAID,0052]$MEASFS,140844,3519.850128,40.014204;
1723413558:[SBE61 ,0396]P +20341,T +19298,S +34589
1723413559:[MRMAID,0002]acq started
1723417122:[MRMAID,0003]acq stopped
1723417122:[MRMAID,0052]$MEASFS,140441,3509.778687,40.014204;
1723417157:[SBE61 ,0396]P +20299,T +19309,S +34588
1723417159:[MRMAID,0002]acq started
1723420732:[MRMAID,0003]acq stopped
1723420767:[SBE61 ,0396]P +20356,T +19211,S +34590
1723420768:[MRMAID,0002]acq started
1723424331:[MRMAID,0003]acq stopped
1723424331:[MRMAID,0052]$MEASFS,140441,3509.778687,40.014204;
1723424367:[SBE61 ,0396]P +20299,T +19213,S +34590
1723424368:[MRMAID,0002]acq started
1723427931:[MRMAID,0003]acq stopped
1723427931:[MRMAID,0052]$MEASFS,140459,3510.228516,40.014204;
1723427966:[SBE61 ,0396]P +20395,T +19215,S +34590
1723427967:[MRMAID,0002]acq started
1723431540:[MRMAID,0003]acq stopped
1723431540:[MRMAID,0052]$MEASFS,140839,3519.725159,40.014204;
1723431576:[SBE61 ,0396]P +20383,T +19291,S +34588
1723431577:[MRMAID,0002]acq started
1723435140:[MRMAID,0003]acq stopped
1723435140:[MRMAID,0052]$MEASFS,140439,3509.728699,40.014204;
1723435175:[SBE61 ,0396]P +20404,T +19329,S +34588
1723435177:[MRMAID,0002]acq started
1723438740:[MRMAID,0003]acq stopped
1723438740:[MRMAID,0052]$MEASFS,140439,3509.728699,40.014204;
1723438775:[SBE61 ,0396]P +20436,T +19440,S +34586
1723438776:[MRMAID,0002]acq started
1723442349:[MRMAID,0003]acq stopped
1723442349:[MRMAID,0052]$MEASFS,140841,3519.775147,40.014204;
1723442385:[SBE61 ,0396]P +20423,T +19374,S +34588
1723442386:[MRMAID,0002]acq started
1723444173:[BUOY  ,0087]from +1mbar/s to +0mbar/s
1723444173:[PUMP  ,0378]Outflow calculated : 2710
1723444174:[BUOY  ,0089]need to transfer +2mL (pump during 2939ms)
1723444174:[MRMAID,0003]acq stopped
1723444174:[MRMAID,0185]28 spurious byte(s) received
1723444175:[PUMP  ,0016]pump during 2939ms
1723444179:[MRMAID,0002]acq started
1723445949:[MRMAID,0003]acq stopped
1723445984:[SBE61 ,0396]P +20286,T +19470,S +34586
1723445986:[MRMAID,0002]acq started
1723449559:[MRMAID,0003]acq stopped
1723449559:[MRMAID,0052]$MEASFS,140841,3519.775147,40.014204;
1723449594:[SBE61 ,0396]P +20163,T +19400,S +34586
1723449595:[MRMAID,0002]acq started
1723453158:[MRMAID,0003]acq stopped
1723453158:[MRMAID,0052]$MEASFS,140441,3509.778717,40.014204;
1723453194:[SBE61 ,0396]P +20339,T +19317,S +34588
1723453195:[MRMAID,0002]acq started
1723453505:[BUOY  ,0087]from +1mbar/s to +0mbar/s
1723453505:[PUMP  ,0378]Outflow calculated : 2711
1723453505:[BUOY  ,0089]need to transfer +2mL (pump during 2935ms)
1723453505:[MRMAID,0003]acq stopped
1723453507:[PUMP  ,0016]pump during 2935ms
1723453511:[MRMAID,0002]acq started
1723456758:[MRMAID,0003]acq stopped
1723456758:[MRMAID,0052]$MEASFS,127804,3193.965851,40.014204;
1723456793:[SBE61 ,0396]P +20242,T +19374,S +34587
1723456795:[MRMAID,0002]acq started
1723460367:[MRMAID,0003]acq stopped
1723460368:[MRMAID,0052]$MEASFS,140840,3519.750184,40.014203;
1723460403:[SBE61 ,0396]P +20246,T +19423,S +34586
1723460404:[MRMAID,0002]acq started
1723463967:[MRMAID,0003]acq stopped
1723463967:[MRMAID,0052]$MEASFS,140440,3509.753723,40.014204;
1723464002:[SBE61 ,0396]P +20181,T +19473,S +34586
1723464004:[MRMAID,0002]acq started
1723467567:[MRMAID,0003]acq stopped
1723467567:[MRMAID,0052]$MEASFS,140439,3509.728729,40.014204;
1723467602:[SBE61 ,0396]P +20254,T +19443,S +34586
1723467603:[MRMAID,0002]acq started
1723471176:[MRMAID,0003]acq stopped
1723471176:[MRMAID,0052]$MEASFS,140839,3519.725159,40.014204;
1723471212:[SBE61 ,0396]P +20263,T +19530,S +34585
1723471213:[MRMAID,0002]acq started
1723474776:[MRMAID,0003]acq stopped
1723474776:[MRMAID,0052]$MEASFS,140442,3509.803680,40.014204;
1723474811:[SBE61 ,0396]P +20235,T +19539,S +34585
1723474813:[MRMAID,0002]acq started
1723478376:[MRMAID,0003]acq stopped
1723478376:[MRMAID,0052]$MEASFS,140442,3509.803710,40.014204;
1723478411:[SBE61 ,0396]P +20273,T +19529,S +34585
1723478412:[MRMAID,0002]acq started
1723481985:[MRMAID,0003]acq stopped
1723482021:[SBE61 ,0396]P +20209,T +19515,S +34585
1723482022:[MRMAID,0002]acq started
1723485585:[MRMAID,0003]acq stopped
1723485585:[MRMAID,0052]$MEASFS,140441,3509.778717,40.014204;
1723485620:[SBE61 ,0396]P +20243,T +19578,S +34585
1723485622:[MRMAID,0002]acq started
1723489194:[MRMAID,0003]acq stopped
1723489195:[MRMAID,0052]$MEASFS,140840,3519.750214,40.014203;
1723489230:[SBE61 ,0396]P +20108,T +19442,S +34585
1723489231:[MRMAID,0002]acq started
1723492794:[MRMAID,0003]acq stopped
1723492794:[MRMAID,0052]$MEASFS,140441,3509.778748,40.014203;
1723492830:[SBE61 ,0396]P +20076,T +19319,S +34587
1723492831:[MRMAID,0002]acq started
1723496394:[MRMAID,0003]acq stopped
1723496394:[MRMAID,0052]$MEASFS,140440,3509.753723,40.014204;
1723496429:[SBE61 ,0396]P +20278,T +19282,S +34588
1723496430:[MRMAID,0002]acq started
1723496453:[BUOY  ,0087]from +1mbar/s to +0mbar/s
1723496453:[PUMP  ,0378]Outflow calculated : 2709
1723496453:[BUOY  ,0089]need to transfer +2mL (pump during 2993ms)
1723496455:[PUMP  ,0016]pump during 2993ms
1723496469:[MRMAID,0184]acq already started
1723496484:[MRMAID,0059]stop canceled
1723500003:[MRMAID,0003]acq stopped
1723500003:[MRMAID,0052]$MEASFS,140840,3519.750366,40.014201;
1723500039:[SBE61 ,0396]P +20089,T +19354,S +34587
1723500040:[MRMAID,0002]acq started
1723503603:[MRMAID,0003]acq stopped
1723503603:[MRMAID,0052]$MEASFS,140440,3509.753723,40.014204;
1723503638:[SBE61 ,0396]P +20223,T +19396,S +34587
1723503640:[MRMAID,0002]acq started
1723507203:[MRMAID,0003]acq stopped
1723507203:[MRMAID,0052]$MEASFS,140439,3509.728729,40.014204;
1723507238:[SBE61 ,0396]P +20076,T +19381,S +34587
1723507239:[MRMAID,0002]acq started
1723510812:[MRMAID,0003]acq stopped
1723510812:[MRMAID,0052]$MEASFS,140841,3519.775147,40.014204;
1723510848:[SBE61 ,0396]P +20177,T +19387,S +34587
1723510849:[MRMAID,0002]acq started
1723514412:[MRMAID,0003]acq stopped
1723514412:[MRMAID,0052]$MEASFS,140460,3510.253540,40.014204;
1723514447:[SBE61 ,0396]P +20256,T +19416,S +34586
1723514449:[MRMAID,0002]acq started
1723518022:[MRMAID,0003]acq stopped
1723518022:[MRMAID,0052]$MEASFS,140841,3519.775146,40.014204;
1723518057:[SBE61 ,0396]P +20186,T +19410,S +34586
1723518058:[MRMAID,0002]acq started
1723521621:[MRMAID,0003]acq stopped
1723521621:[MRMAID,0052]$MEASFS,140445,3509.878662,40.014204;
1723521657:[SBE61 ,0396]P +20131,T +19450,S +34585
1723521658:[MRMAID,0002]acq started
1723525221:[MRMAID,0003]acq stopped
1723525221:[MRMAID,0052]$MEASFS,140441,3509.778686,40.014204;
1723525256:[SBE61 ,0396]P +20135,T +19426,S +34586
1723525257:[MRMAID,0002]acq started
1723528830:[MRMAID,0003]acq stopped
1723528830:[MRMAID,0052]$MEASFS,140840,3519.750183,40.014203;
1723528866:[SBE61 ,0396]P +20151,T +19409,S +34586
1723528867:[MRMAID,0002]acq started
1723532430:[MRMAID,0003]acq stopped
1723532430:[MRMAID,0052]$MEASFS,140440,3509.753723,40.014204;
1723532465:[SBE61 ,0396]P +20179,T +19311,S +34588
1723532467:[MRMAID,0002]acq started
1723534308:[BUOY  ,0087]from +1mbar/s to +0mbar/s
1723534308:[PUMP  ,0378]Outflow calculated : 2711
1723534308:[BUOY  ,0089]need to transfer +2mL (pump during 2937ms)
1723534308:[MRMAID,0003]acq stopped
1723534308:[MRMAID,0052]$MEASFS,71560,1788.364990,40.014203;
1723534310:[PUMP  ,0016]pump during 2937ms
1723534314:[MRMAID,0002]acq started
1723536030:[MRMAID,0003]acq stopped
1723536030:[MRMAID,0185]28 spurious byte(s) received
1723536065:[SBE61 ,0396]P +20011,T +19440,S +34586
1723536066:[MRMAID,0002]acq started
1723536136:[BUOY  ,0087]from -2mbar/s to +0mbar/s
1723536136:[BUOY  ,0090]need to transfer -6mL (valve during 172ms)
1723536136:[MRMAID,0003]acq stopped
1723536137:[VALVE ,0034]valve opening 172ms
1723536149:[MRMAID,0002]acq started
1723536773:[BUOY  ,0087]from +1mbar/s to +0mbar/s
1723536773:[PUMP  ,0378]Outflow calculated : 2712
1723536773:[BUOY  ,0089]need to transfer +2mL (pump during 2933ms)
1723536773:[MRMAID,0003]acq stopped
1723536775:[PUMP  ,0016]pump during 2933ms
1723536779:[MRMAID,0002]acq started
1723537400:[BUOY  ,0087]from +2mbar/s to +0mbar/s
1723537400:[PUMP  ,0378]Outflow calculated : 2712
1723537400:[BUOY  ,0089]need to transfer +6mL (pump during 8790ms)
1723537400:[MRMAID,0003]acq stopped
1723537402:[PUMP  ,0016]pump during 8790ms
1723537410:[PUMP  ,0212]battery 13535mV,  889868uA (steady state), P+201219mbar
1723537412:[MRMAID,0002]acq started
1723537727:[BUOY  ,0087]from +1mbar/s to +0mbar/s
1723537728:[PUMP  ,0378]Outflow calculated : 2711
1723537728:[BUOY  ,0089]need to transfer +2mL (pump during 2940ms)
1723537728:[MRMAID,0003]acq stopped
1723537729:[PUMP  ,0016]pump during 2940ms
1723537734:[MRMAID,0002]acq started
1723538055:[BUOY  ,0087]from +2mbar/s to +0mbar/s
1723538055:[PUMP  ,0378]Outflow calculated : 2711
1723538055:[BUOY  ,0089]need to transfer +6mL (pump during 8821ms)
1723538055:[MRMAID,0003]acq stopped
1723538057:[PUMP  ,0016]pump during 8821ms
1723538065:[PUMP  ,0212]battery 13541mV,  899262uA (steady state), P+202229mbar
1723538067:[MRMAID,0002]acq started
1723538382:[BUOY  ,0101]stage[1] 10 stab done
1723538382:[BUOY  ,0087]from +1mbar/s to +0mbar/s
1723538382:[PUMP  ,0378]Outflow calculated : 2711
1723538382:[BUOY  ,0089]need to transfer +2mL (pump during 2938ms)
1723538382:[MRMAID,0003]acq stopped
1723538384:[PUMP  ,0016]pump during 2938ms
1723538388:[MRMAID,0002]acq started
1723539639:[MRMAID,0003]acq stopped
1723539639:[MRMAID,0185]28 spurious byte(s) received
1723539675:[SBE61 ,0396]P +20223,T +19344,S +34587
1723539676:[MRMAID,0002]acq started
1723543239:[MRMAID,0003]acq stopped
1723543239:[MRMAID,0052]$MEASFS,140440,3509.753754,40.014203;
1723543274:[SBE61 ,0396]P +20065,T +19400,S +34587
1723543276:[MRMAID,0002]acq started
1723546848:[MRMAID,0003]acq stopped
1723546849:[MRMAID,0052]$MEASFS,140842,3519.800171,40.014203;
1723546884:[SBE61 ,0396]P +20039,T +19438,S +34586
1723546885:[MRMAID,0002]acq started
1723550448:[MRMAID,0003]acq stopped
1723550448:[MRMAID,0052]$MEASFS,140442,3509.803711,40.014204;
1723550484:[SBE61 ,0396]P +20014,T +19512,S +34585
1723550485:[MRMAID,0002]acq started
1723554048:[MRMAID,0003]acq stopped
1723554048:[MRMAID,0052]$MEASFS,140442,3509.803741,40.014203;
1723554083:[SBE61 ,0396]P +19928,T +19446,S +34586
1723554084:[MRMAID,0002]acq started
1723557657:[MRMAID,0052]$S$MEASFS,140840,3519.750183,40.014203;
1723557660:[MRMAID,0185]10 spurious byte(s) received
1723557693:[SBE61 ,0396]P +20062,T +19424,S +34586
1723557694:[MRMAID,0002]acq started
1723561257:[MRMAID,0003]acq stopped
1723561257:[MRMAID,0052]$MEASFS,140445,3509.878693,40.014203;
1723561292:[SBE61 ,0396]P +20065,T +19600,S +34583
1723561294:[MRMAID,0002]acq started
1723564857:[MRMAID,0003]acq stopped
1723564857:[MRMAID,0052]$MEASFS,140441,3509.778748,40.014203;
1723564892:[SBE61 ,0396]P +20063,T +19566,S +34584
1723564893:[MRMAID,0002]acq started
1723568466:[MRMAID,0003]acq stopped
1723568466:[MRMAID,0052]$MEASFS,140839,3519.725189,40.014204;
1723568502:[SBE61 ,0396]P +19964,T +19520,S +34581
1723568503:[MRMAID,0002]acq started
1723572066:[MRMAID,0003]acq stopped
1723572066:[MRMAID,0052]$MEASFS,140440,3509.753754,40.014203;
1723572101:[SBE61 ,0396]P +20068,T +19510,S +34585
1723572103:[MRMAID,0002]acq started
1723575675:[MRMAID,0003]acq stopped
1723575676:[MRMAID,0052]$MEASFS,140839,3519.725189,40.014204;
1723575711:[SBE61 ,0396]P +20110,T +19617,S +34584
1723575712:[MRMAID,0002]acq started
1723579275:[MRMAID,0003]acq stopped
1723579275:[MRMAID,0052]$MEASFS,140442,3509.803741,40.014203;
1723579311:[SBE61 ,0396]P +20016,T +19575,S +34584
1723579312:[MRMAID,0002]acq started
1723582875:[MRMAID,0003]acq stopped
1723582875:[MRMAID,0052]$MEASFS,140442,3509.803742,40.014203;
1723582910:[SBE61 ,0396]P +20019,T +19555,S +34585
1723582911:[MRMAID,0002]acq started
1723586484:[MRMAID,0003]acq stopped
1723586485:[MRMAID,0052]$MEASFS,140844,3519.850159,40.014203;
1723586520:[SBE61 ,0396]P +19909,T +19392,S +34586
1723586521:[MRMAID,0002]acq started
1723590084:[MRMAID,0003]acq stopped
1723590084:[MRMAID,0052]$MEASFS,140442,3509.803741,40.014203;
1723590119:[SBE61 ,0396]P +20090,T +19368,S +34587
1723590121:[MRMAID,0002]acq started
1723593684:[MRMAID,0003]acq stopped
1723593684:[MRMAID,0052]$MEASFS,140441,3509.778717,40.014204;
1723593719:[SBE61 ,0396]P +20040,T +19423,S +34586
1723593720:[MRMAID,0002]acq started
1723597293:[MRMAID,0003]acq stopped
1723597293:[MRMAID,0052]$MEASFS,140840,3519.750184,40.014203;
1723597329:[SBE61 ,0396]P +20101,T +19517,S +34585
1723597330:[MRMAID,0002]acq started
1723600893:[MRMAID,0003]acq stopped
1723600893:[MRMAID,0052]$MEASFS,140459,3510.228546,40.014204;
1723600928:[SBE61 ,0396]P +20063,T +19585,S +34584
1723600930:[MRMAID,0002]acq started
1723604502:[MRMAID,0003]acq stopped
1723604503:[MRMAID,0052]$MEASFS,140839,3519.725189,40.014204;
1723604538:[SBE61 ,0396]P +19987,T +19595,S +34584
1723604539:[MRMAID,0002]acq started
1723608102:[MRMAID,0003]acq stopped
1723608102:[MRMAID,0052]$MEASFS,140440,3509.753753,40.014203;
1723608138:[SBE61 ,0396]P +20072,T +19486,S +34585
1723608139:[MRMAID,0002]acq started
1723611702:[MRMAID,0003]acq stopped
1723611702:[MRMAID,0052]$MEASFS,140440,3509.753754,40.014203;
1723611737:[SBE61 ,0396]P +19947,T +19555,S +34584
1723611738:[MRMAID,0002]acq started
1723615311:[MRMAID,0003]acq stopped
1723615312:[MRMAID,0052]$MEASFS,140840,3519.750183,40.014203;
1723615347:[SBE61 ,0396]P +20085,T +19434,S +34587
1723615348:[MRMAID,0002]acq started
1723618911:[MRMAID,0003]acq stopped
1723618911:[MRMAID,0052]$MEASFS,140442,3509.803711,40.014204;
1723618946:[SBE61 ,0396]P +19930,T +19419,S +34586
1723618948:[MRMAID,0002]acq started
1723622511:[MRMAID,0003]acq stopped
1723622511:[MRMAID,0052]$MEASFS,140442,3509.803711,40.014204;
1723622546:[SBE61 ,0396]P +19958,T +19323,S +34588
1723622547:[MRMAID,0002]acq started
1723626120:[MRMAID,0003]acq stopped
1723626120:[MRMAID,0052]$MEASFS,140841,3519.775177,40.014203;
1723626156:[SBE61 ,0396]P +19989,T +19221,S +34590
1723626157:[MRMAID,0002]acq started
1723629720:[MRMAID,0003]acq stopped
1723629720:[MRMAID,0052]$MEASFS,140441,3509.778717,40.014204;
1723629755:[SBE61 ,0396]P +20014,T +19202,S +34590
1723629757:[MRMAID,0002]acq started
1723633330:[MRMAID,0003]acq stopped
1723633365:[SBE61 ,0396]P +20028,T +19210,S +34590
1723633366:[MRMAID,0002]acq started
1723636929:[MRMAID,0003]acq stopped
1723636929:[MRMAID,0052]$MEASFS,140445,3509.878662,40.014204;
1723636965:[SBE61 ,0396]P +20031,T +19198,S +34590
1723636966:[MRMAID,0002]acq started
1723640529:[MRMAID,0003]acq stopped
1723640529:[MRMAID,0052]$MEASFS,140440,3509.753662,40.014204;
1723640564:[SBE61 ,0396]P +20054,T +19240,S +34589
1723640565:[MRMAID,0002]acq started
1723644138:[MRMAID,0003]acq stopped
1723644139:[MRMAID,0052]$MEASFS,140839,3519.725159,40.014204;
1723644174:[SBE61 ,0396]P +20105,T +19411,S +34587
1723644175:[MRMAID,0002]acq started
1723647738:[MRMAID,0003]acq stopped
1723647738:[MRMAID,0052]$MEASFS,140440,3509.753692,40.014204;
1723647773:[SBE61 ,0396]P +20067,T +19396,S +34587
1723647775:[MRMAID,0002]acq started
1723651338:[MRMAID,0003]acq stopped
1723651338:[MRMAID,0052]$MEASFS,140446,3509.903656,40.014204;
1723651373:[SBE61 ,0396]P +20053,T +19331,S +34588
1723651374:[MRMAID,0002]acq started
1723654947:[MRMAID,0003]acq stopped
1723654947:[MRMAID,0052]$MEASFS,140841,3519.775116,40.014204;
1723654983:[SBE61 ,0396]P +19860,T +19316,S +34588
1723654984:[MRMAID,0002]acq started
1723658547:[MRMAID,0003]acq stopped
1723658547:[MRMAID,0052]$MEASFS,140442,3509.803681,40.014204;
1723658582:[SBE61 ,0396]P +20201,T +19260,S +34589
1723658584:[MRMAID,0002]acq started
1723662157:[MRMAID,0003]acq stopped
1723662157:[MRMAID,0052]$MEASFS,140840,3519.750153,40.014204;
1723662192:[SBE61 ,0396]P +20054,T +19289,S +34588
1723662193:[MRMAID,0002]acq started
1723665756:[MRMAID,0003]acq stopped
1723665756:[MRMAID,0052]$MEASFS,140441,3509.778686,40.014204;
1723665792:[SBE61 ,0396]P +20087,T +19434,S +34586
1723665793:[MRMAID,0002]acq started
1723669356:[MRMAID,0003]acq stopped
1723669356:[MRMAID,0052]$MEASFS,140441,3509.778656,40.014204;
1723669391:[SBE61 ,0396]P +20081,T +19426,S +34586
1723669392:[MRMAID,0002]acq started
1723672965:[MRMAID,0003]acq stopped
1723672965:[MRMAID,0052]$MEASFS,140839,3519.725159,40.014204;
1723673001:[SBE61 ,0396]P +20054,T +19420,S +34587
1723673002:[MRMAID,0002]acq started
1723676565:[MRMAID,0003]acq stopped
1723676565:[MRMAID,0052]$MEASFS,140440,3509.753723,40.014204;
1723676600:[SBE61 ,0396]P +20108,T +19408,S +34587
1723676602:[MRMAID,0002]acq started
1723680165:[MRMAID,0003]acq stopped
1723680165:[MRMAID,0052]$MEASFS,140440,3509.753693,40.014204;
1723680200:[SBE61 ,0396]P +20037,T +19440,S +34586
1723680201:[MRMAID,0002]acq started
1723683774:[MRMAID,0003]acq stopped
1723683774:[MRMAID,0052]$MEASFS,140843,3519.825104,40.014204;
1723683810:[SBE61 ,0396]P +20066,T +19407,S +34587
1723683811:[MRMAID,0002]acq started
1723687374:[MRMAID,0003]acq stopped
1723687374:[MRMAID,0052]$MEASFS,140460,3510.253510,40.014204;
1723687409:[SBE61 ,0396]P +20162,T +19440,S +34586
1723687411:[MRMAID,0002]acq started
1723690984:[MRMAID,0003]acq stopped
1723690984:[MRMAID,0052]$MEASFS,140841,3519.775147,40.014204;
1723691019:[SBE61 ,0396]P +20129,T +19495,S +34586
1723691020:[MRMAID,0002]acq started
1723694583:[MRMAID,0003]acq stopped
1723694583:[MRMAID,0052]$MEASFS,140442,3509.803680,40.014204;
1723694619:[SBE61 ,0396]P +19980,T +19538,S +34584
1723694620:[MRMAID,0002]acq started
1723697906:[MRMAID,0027]2006dbar, 33degC
1723698066:[MRMAID,0005]ascent request rejected
1723698183:[MRMAID,0003]acq stopped
1723698183:[MRMAID,0052]$MEASFS,140441,3509.778717,40.014204;
1723698218:[SBE61 ,0396]P +20078,T +19435,S +34586
1723698219:[MRMAID,0002]acq started
1723701792:[MRMAID,0003]acq stopped
1723701793:[MRMAID,0052]$MEASFS,140844,3519.850128,40.014204;
1723701828:[SBE61 ,0396]P +20050,T +19411,S +34587
1723701829:[MRMAID,0002]acq started
1723705392:[MRMAID,0003]acq stopped
1723705392:[MRMAID,0052]$MEASFS,140441,3509.778717,40.014204;
1723705428:[SBE61 ,0396]P +19978,T +19390,S +34587
1723705429:[MRMAID,0002]acq started
1723708992:[MRMAID,0003]acq stopped
1723708992:[MRMAID,0052]$MEASFS,140440,3509.753723,40.014204;
1723709027:[SBE61 ,0396]P +20026,T +19261,S +34588
1723709028:[MRMAID,0002]acq started
1723712601:[MRMAID,0003]acq stopped
1723712601:[MRMAID,0052]$MEASFS,140839,3519.725158,40.014204;
1723712637:[SBE61 ,0396]P +20064,T +19250,S +34589
1723712638:[MRMAID,0002]acq started
1723716201:[MRMAID,0003]acq stopped
1723716201:[MRMAID,0052]$MEASFS,140444,3509.853668,40.014204;
1723716236:[SBE61 ,0396]P +20055,T +19315,S +34588
1723716238:[MRMAID,0002]acq started
1723719801:[MRMAID,0003]acq stopped
1723719801:[MRMAID,0052]$MEASFS,140439,3509.728699,40.014204;
1723719836:[SBE61 ,0396]P +20063,T +19220,S +34589
1723719837:[MRMAID,0002]acq started
1723723410:[MRMAID,0003]acq stopped
1723723410:[MRMAID,0052]$MEASFS,140841,3519.775146,40.014204;
1723723446:[SBE61 ,0396]P +19994,T +19201,S +34590
1723723447:[MRMAID,0002]acq started
1723727010:[MRMAID,0003]acq stopped
1723727010:[MRMAID,0052]$MEASFS,140442,3509.803680,40.014204;
1723727045:[SBE61 ,0396]P +20011,T +19201,S +34590
1723727046:[MRMAID,0002]acq started
1723730620:[MRMAID,0052]$STOPACK:$MEASFS,140844,3519.850098,40.014204;
1723730622:[MRMAID,0185]3 spurious byte(s) received
1723730655:[SBE61 ,0396]P +20052,T +19091,S +34591
1723730656:[MRMAID,0002]acq started
1723734219:[MRMAID,0003]acq stopped
1723734219:[MRMAID,0052]$MEASFS,140441,3509.778656,40.014204;
1723734255:[SBE61 ,0396]P +20099,T +19108,S +34591
1723734256:[MRMAID,0002]acq started
1723737819:[MRMAID,0003]acq stopped
1723737819:[MRMAID,0052]$MEASFS,140441,3509.778656,40.014204;
1723737854:[SBE61 ,0396]P +20065,T +19203,S +34590
1723737855:[MRMAID,0002]acq started
1723741428:[MRMAID,0003]acq stopped
1723741428:[MRMAID,0052]$MEASFS,140840,3519.750122,40.014204;
1723741464:[SBE61 ,0396]P +20044,T +19163,S +34590
1723741465:[MRMAID,0002]acq started
1723745028:[MRMAID,0003]acq stopped
1723745028:[MRMAID,0052]$MEASFS,140444,3509.853607,40.014205;
1723745063:[SBE61 ,0396]P +20084,T +19178,S +34590
1723745065:[MRMAID,0002]acq started
1723748628:[MRMAID,0003]acq stopped
1723748628:[MRMAID,0052]$MEASFS,140440,3509.753662,40.014204;
1723748663:[SBE61 ,0396]P +20098,T +19212,S +34589
1723748664:[MRMAID,0002]acq started
1723752237:[MRMAID,0003]acq stopped
1723752237:[MRMAID,0052]$MEASFS,140839,3519.725128,40.014204;
1723752273:[SBE61 ,0396]P +20072,T +19219,S +34589
1723752274:[MRMAID,0002]acq started
1723753501:[MRMAID,0027]2007dbar, 33degC
1723755837:[MRMAID,0003]acq stopped
1723755837:[MRMAID,0052]$MEASFS,140438,3509.703675,40.014204;
1723755872:[SBE61 ,0396]P +20091,T +19240,S +34589
1723755874:[MRMAID,0002]acq started
1723759446:[MRMAID,0003]acq stopped
1723759447:[MRMAID,0052]$MEASFS,140840,3519.750122,40.014204;
1723759482:[SBE61 ,0396]P +20107,T +19242,S +34589
1723759483:[MRMAID,0002]acq started
1723763046:[MRMAID,0003]acq stopped
1723763046:[MRMAID,0052]$MEASFS,140442,3509.803650,40.014204;
1723763082:[SBE61 ,0396]P +20071,T +19256,S +34589
1723763083:[MRMAID,0002]acq started
1723765175:[MRMAID,0027]2008dbar, 33degC
1723765336:[MRMAID,0005]ascent request rejected
1723766577:[MRMAID,0027]2013dbar, 33degC
1723766681:[SBE61 ,0396]P +20163,T +19282,S +34589
1723766692:[MRMAID,0184]acq already started
1723766703:[MRMAID,0059]stop canceled
1723766707:[MRMAID,0005]ascent request rejected
1723770255:[MRMAID,0003]acq stopped
1723770255:[MRMAID,0052]$MEASFS,284862,7119.021973,40.014204;
1723770290:[SBE61 ,0396]P +20076,T +19315,S +34588
1723770292:[MRMAID,0002]acq started
1723773864:[MRMAID,0003]acq stopped
1723773865:[MRMAID,0052]$MEASFS,140840,3519.750122,40.014204;
1723773900:[SBE61 ,0396]P +20147,T +19312,S +34588
1723773901:[MRMAID,0002]acq started
1723777464:[MRMAID,0003]acq stopped
1723777464:[MRMAID,0052]$MEASFS,140463,3510.328461,40.014204;
1723777500:[SBE61 ,0396]P +20050,T +19379,S +34587
1723777501:[MRMAID,0002]acq started
1723781064:[MRMAID,0003]acq stopped
1723781064:[MRMAID,0052]$MEASFS,140440,3509.753693,40.014204;
1723781099:[SBE61 ,0396]P +20135,T +19300,S +34588
1723781100:[MRMAID,0002]acq started
1723784673:[MRMAID,0003]acq stopped
1723784673:[MRMAID,0052]$MEASFS,140839,3519.725128,40.014204;
1723784709:[SBE61 ,0396]P +20135,T +19288,S +34588
1723784710:[MRMAID,0002]acq started
1723788273:[MRMAID,0003]acq stopped
1723788273:[MRMAID,0052]$MEASFS,140440,3509.753693,40.014204;
1723788308:[SBE61 ,0396]P +20038,T +19278,S +34589
1723788310:[MRMAID,0002]acq started
1723791873:[MRMAID,0003]acq stopped
1723791873:[MRMAID,0052]$MEASFS,140439,3509.728668,40.014204;
1723791908:[SBE61 ,0396]P +20098,T +19285,S +34589
1723791909:[MRMAID,0002]acq started
1723795482:[MRMAID,0003]acq stopped
1723795482:[MRMAID,0052]$MEASFS,140841,3519.775116,40.014204;
1723795518:[SBE61 ,0396]P +20113,T +19309,S +34588
1723795519:[MRMAID,0002]acq started
1723799082:[MRMAID,0003]acq stopped
1723799082:[MRMAID,0052]$MEASFS,140442,3509.803649,40.014204;
1723799117:[SBE61 ,0396]P +20142,T +19358,S +34588
1723799119:[MRMAID,0002]acq started
1723801938:[MAIN  ,0140]stage[1] complete 27212s after mission start
1723801943:[SBE   ,0391]Mode changed from PROFILING to SLEEP
1723801943:[MRMAID,0003]acq stopped
1723801943:[MRMAID,0052]$MEASFS,110900,2771.515808,40.014204;
1723801944:[MAIN  ,0056]stage[2]
1723801946:[MAIN  ,0024]internal pressure 76450Pa
1723801947:[BUOY  ,0037]P+200829mbar
1723801949:[BUOY  ,0087]from +0mbar/s to +9mbar/s
1723801949:[BUOY  ,0090]need to transfer -130mL (valve during 3700ms)
1723801949:[VALVE ,0034]valve opening 3700ms
1723801952:[VALVE ,0234]battery 13373mV,  502030uA, P+200809mbar
1723802599:[BUOY  ,0087]from +7mbar/s to +9mbar/s
1723802599:[BUOY  ,0090]need to transfer -52mL (valve during 1464ms)
1723802599:[VALVE ,0034]valve opening 1464ms
1723802600:[VALVE ,0234]battery 13503mV,  492392uA, P+205619mbar
1723802899:[PRESS ,0038]P+208229mbar,T+32767mdegC
1723803549:[PRESS ,0038]P+213989mbar,T+32767mdegC
1723804199:[PRESS ,0038]P+219679mbar,T+32767mdegC
1723804848:[PRESS ,0038]P+224799mbar,T+32767mdegC
1723804873:[BUOY  ,0087]from +7mbar/s to +9mbar/s
1723804873:[BUOY  ,0090]need to transfer -52mL (valve during 1399ms)
1723804873:[VALVE ,0034]valve opening 1399ms
1723804875:[VALVE ,0234]battery 13526mV,  497150uA, P+224949mbar
1723805198:[BUOY  ,0087]from +9mbar/s to +6mbar/s
1723805198:[PUMP  ,0378]Outflow calculated : 2696
1723805198:[BUOY  ,0089]need to transfer +72mL (pump during 106038ms)
1723805200:[PUMP  ,0016]pump during 60000ms
1723805259:[PUMP  ,0212]battery 13452mV,  996740uA (steady state), P+227829mbar
1723805500:[PRESS ,0038]P+230279mbar,T+32767mdegC
1723805850:[BUOY  ,0087]from +8mbar/s to +6mbar/s
1723805850:[PUMP  ,0378]Outflow calculated : 2692
1723805850:[BUOY  ,0089]need to transfer +44mL (pump during 65379ms)
1723805851:[PUMP  ,0016]pump during 60000ms
1723805910:[PUMP  ,0212]battery 13537mV,  965020uA (steady state), P+232929mbar
1723806476:[PRESS ,0038]P+237229mbar,T+32767mdegC
1723807451:[PRESS ,0038]P+243839mbar,T+32767mdegC
1723807476:[BUOY  ,0087]from +6mbar/s to +2mbar/s
1723807476:[PUMP  ,0378]Outflow calculated : 2686
1723807476:[BUOY  ,0089]need to transfer +52mL (pump during 77037ms)
1723807477:[PUMP  ,0016]pump during 60000ms
1723807536:[PUMP  ,0212]battery 13648mV, 1040294uA (steady state), P+243989mbar
1723807802:[STAGE ,0213]245959mbar reached at 1723807802s, ref 250000mbar +/-5000mbar
1723807802:[BUOY  ,0087]from +5mbar/s to +0mbar/s
1723807802:[PUMP  ,0378]Outflow calculated : 2682
1723807802:[BUOY  ,0089]need to transfer +40mL (pump during 60790ms)
1723807803:[PUMP  ,0016]pump during 60000ms
1723807862:[PUMP  ,0212]battery 13530mV, 1042978uA (steady state), P+245959mbar
1723808128:[BUOY  ,0087]from +5mbar/s to +0mbar/s
1723808128:[PUMP  ,0378]Outflow calculated : 2681
1723808128:[BUOY  ,0089]need to transfer +40mL (pump during 60883ms)
1723808130:[PUMP  ,0016]pump during 60000ms
1723808189:[PUMP  ,0212]battery 13516mV, 1052616uA (steady state), P+247689mbar
1723808430:[PRESS ,0038]P+249059mbar,T+32767mdegC
1723808455:[BUOY  ,0087]from +4mbar/s to +0mbar/s
1723808455:[PUMP  ,0378]Outflow calculated : 2680
1723808455:[BUOY  ,0089]need to transfer +26mL (pump during 39571ms)
1723808456:[PUMP  ,0016]pump during 39571ms
1723808495:[PUMP  ,0212]battery 13526mV, 1047736uA (steady state), P+249159mbar
1723808781:[BUOY  ,0087]from +4mbar/s to +0mbar/s
1723808781:[PUMP  ,0378]Outflow calculated : 2681
1723808781:[BUOY  ,0089]need to transfer +26mL (pump during 38955ms)
1723808783:[PUMP  ,0016]pump during 38955ms
1723808821:[PUMP  ,0212]battery 13543mV, 1064938uA (steady state), P+250339mbar
1723809108:[BUOY  ,0087]from +2mbar/s to +0mbar/s
1723809108:[PUMP  ,0378]Outflow calculated : 2681
1723809108:[BUOY  ,0089]need to transfer +6mL (pump during 8990ms)
1723809109:[PUMP  ,0016]pump during 8990ms
1723809117:[PUMP  ,0212]battery 13556mV, 1058228uA (steady state), P+251109mbar
1723809434:[BUOY  ,0087]from +2mbar/s to +0mbar/s
1723809434:[PUMP  ,0378]Outflow calculated : 2681
1723809434:[BUOY  ,0089]need to transfer +6mL (pump during 8951ms)
1723809435:[PUMP  ,0016]pump during 8951ms
1723809443:[PUMP  ,0212]battery 13607mV, 1066524uA (steady state), P+251749mbar
1723810060:[BUOY  ,0087]from +1mbar/s to +0mbar/s
1723810060:[PUMP  ,0378]Outflow calculated : 2681
1723810061:[BUOY  ,0089]need to transfer +2mL (pump during 2968ms)
1723810062:[PUMP  ,0016]pump during 2968ms
1723816390:[MAIN  ,0140]stage[2] complete -23872s after mission start
1723816390:[MAIN  ,0056]stage[3]
1723816392:[MAIN  ,0024]internal pressure 76780Pa
1723816393:[SBE   ,0391]Mode changed from SLEEP to UPDATE
1723816393:[BUOY  ,0037]P+251449mbar
1723816395:[BUOY  ,0087]from +0mbar/s to -10mbar/s
1723816395:[PUMP  ,0378]Outflow calculated : 2682
1723816395:[BUOY  ,0089]need to transfer +160mL (pump during 235988ms)
1723816396:[PUMP  ,0016]pump during 60000ms
1723816397:[SBE   ,0391]Mode changed from UPDATE to START
1723816455:[PUMP  ,0212]battery 13688mV, 1075186uA (steady state), P+251409mbar
1723816721:[BUOY  ,0087]from -4mbar/s to -10mbar/s
1723816721:[PUMP  ,0378]Outflow calculated : 2680
1723816721:[BUOY  ,0089]need to transfer +134mL (pump during 202417ms)
1723816722:[PUMP  ,0016]pump during 60000ms
1723816723:[SBE   ,0384]Start profil acquisitions
1723816723:[SBE   ,0391]Mode changed from START to PROFILING
1723816781:[PUMP  ,0212]battery 13553mV, 1102514uA (steady state), P+250569mbar
1723817047:[BUOY  ,0087]from -4mbar/s to -10mbar/s
1723817047:[PUMP  ,0378]Outflow calculated : 2681
1723817047:[BUOY  ,0089]need to transfer +134mL (pump during 202112ms)
1723817049:[PUMP  ,0016]pump during 60000ms
1723817108:[PUMP  ,0212]battery 13526mV, 1066524uA (steady state), P+249139mbar
1723817374:[BUOY  ,0087]from -5mbar/s to -10mbar/s
1723817374:[PUMP  ,0378]Outflow calculated : 2680
1723817374:[BUOY  ,0089]need to transfer +120mL (pump during 185185ms)
1723817375:[PUMP  ,0016]pump during 60000ms
1723817434:[PUMP  ,0212]battery 13545mV, 1007110uA (steady state), P+247239mbar
1723817700:[BUOY  ,0087]from -7mbar/s to -10mbar/s
1723817700:[PUMP  ,0378]Outflow calculated : 2681
1723817700:[BUOY  ,0089]need to transfer +82mL (pump during 126543ms)
1723817701:[PUMP  ,0016]pump during 60000ms
1723817760:[PUMP  ,0212]battery 13546mV, 1008208uA (steady state), P+244919mbar
1723818002:[PRESS ,0038]P+242539mbar,T+32767mdegC
1723818027:[BUOY  ,0087]from -8mbar/s to -10mbar/s
1723818027:[PUMP  ,0378]Outflow calculated : 2683
1723818027:[BUOY  ,0089]need to transfer +58mL (pump during 89368ms)
1723818028:[PUMP  ,0016]pump during 60000ms
1723818087:[PUMP  ,0212]battery 13533mV, 1033340uA (steady state), P+242339mbar
1723818653:[PRESS ,0038]P+236539mbar,T+32767mdegC
1723818678:[BUOY  ,0087]from -9mbar/s to -10mbar/s
1723818678:[PUMP  ,0378]Outflow calculated : 2689
1723818678:[BUOY  ,0089]need to transfer +30mL (pump during 45220ms)
1723818679:[PUMP  ,0016]pump during 45220ms
1723818724:[PUMP  ,0212]battery 13602mV, 1022482uA (steady state), P+236309mbar
1723819304:[PRESS ,0038]P+229919mbar,T+32767mdegC
1723819954:[PRESS ,0038]P+223219mbar,T+32767mdegC
1723820304:[BUOY  ,0087]from -9mbar/s to -10mbar/s
1723820304:[PUMP  ,0378]Outflow calculated : 2700
1723820304:[BUOY  ,0089]need to transfer +30mL (pump during 44599ms)
1723820305:[PUMP  ,0016]pump during 44599ms
1723820349:[PUMP  ,0212]battery 13688mV,  957578uA (steady state), P+219779mbar
1723820605:[PRESS ,0038]P+216779mbar,T+32767mdegC
1723820955:[BUOY  ,0087]from -8mbar/s to -10mbar/s
1723820955:[PUMP  ,0378]Outflow calculated : 2703
1723820955:[BUOY  ,0089]need to transfer +58mL (pump during 86567ms)
1723820956:[PUMP  ,0016]pump during 60000ms
1723821015:[PUMP  ,0212]battery 13663mV,  921832uA (steady state), P+213539mbar
1723821257:[PRESS ,0038]P+210759mbar,T+32767mdegC
1723821282:[BUOY  ,0087]from -9mbar/s to -10mbar/s
1723821282:[PUMP  ,0378]Outflow calculated : 2705
1723821282:[BUOY  ,0089]need to transfer +30mL (pump during 44744ms)
1723821283:[PUMP  ,0016]pump during 44744ms
1723821327:[PUMP  ,0212]battery 13590mV,  932202uA (steady state), P+210539mbar
1723821608:[BUOY  ,0087]from -9mbar/s to -10mbar/s
1723821608:[PUMP  ,0378]Outflow calculated : 2707
1723821608:[BUOY  ,0089]need to transfer +30mL (pump during 44710ms)
1723821609:[PUMP  ,0016]pump during 44710ms
1723821653:[PUMP  ,0212]battery 13603mV,  920490uA (steady state), P+207669mbar
1723821910:[PRESS ,0038]P+204999mbar,T+32767mdegC
1723821934:[BUOY  ,0087]from -9mbar/s to -10mbar/s
1723821934:[PUMP  ,0378]Outflow calculated : 2708
1723821934:[BUOY  ,0089]need to transfer +30mL (pump during 44803ms)
1723821936:[PUMP  ,0016]pump during 44803ms
1723821980:[PUMP  ,0212]battery 13610mV,  907070uA (steady state), P+204759mbar
1723822261:[BUOY  ,0087]from -9mbar/s to -10mbar/s
1723822261:[PUMP  ,0378]Outflow calculated : 2710
1723822261:[BUOY  ,0089]need to transfer +30mL (pump during 44769ms)
1723822262:[PUMP  ,0016]pump during 44769ms
1723822306:[PUMP  ,0212]battery 13612mV,  898774uA (steady state), P+201769mbar
1723822562:[PRESS ,0038]P+198949mbar,T+32767mdegC
1723822912:[BUOY  ,0087]from -9mbar/s to -10mbar/s
1723822912:[PUMP  ,0378]Outflow calculated : 2714
1723822912:[BUOY  ,0089]need to transfer +30mL (pump during 44762ms)
1723822913:[PUMP  ,0016]pump during 44762ms
1723822957:[PUMP  ,0212]battery 13660mV,  868518uA (steady state), P+195509mbar
1723823214:[PRESS ,0038]P+192199mbar,T+32767mdegC
1723823863:[PRESS ,0038]P+184579mbar,T+32767mdegC
1723824513:[PRESS ,0038]P+176939mbar,T+32767mdegC
1723825163:[PRESS ,0038]P+169889mbar,T+32767mdegC
1723825813:[PRESS ,0038]P+163579mbar,T+32767mdegC
1723826463:[PRESS ,0038]P+157329mbar,T+32767mdegC
1723827113:[PRESS ,0038]P+150549mbar,T+32767mdegC
1723827762:[PRESS ,0038]P+143769mbar,T+32767mdegC
1723828412:[PRESS ,0038]P+137589mbar,T+32767mdegC
1723828437:[BUOY  ,0087]from -9mbar/s to -10mbar/s
1723828437:[PUMP  ,0378]Outflow calculated : 2749
1723828437:[BUOY  ,0089]need to transfer +30mL (pump during 43828ms)
1723828438:[PUMP  ,0016]pump during 43828ms
1723828481:[PUMP  ,0212]battery 13771mV,  681370uA (steady state), P+137359mbar
1723828763:[BUOY  ,0087]from -9mbar/s to -10mbar/s
1723828763:[PUMP  ,0378]Outflow calculated : 2751
1723828763:[BUOY  ,0089]need to transfer +30mL (pump during 44171ms)
1723828765:[PUMP  ,0016]pump during 44171ms
1723828809:[PUMP  ,0212]battery 13750mV,  648796uA (steady state), P+134239mbar
1723829065:[PRESS ,0038]P+131119mbar,T+32767mdegC
1723829715:[PRESS ,0038]P+124219mbar,T+32767mdegC
1723830365:[PRESS ,0038]P+117489mbar,T+32767mdegC
1723830389:[BUOY  ,0087]from -9mbar/s to -10mbar/s
1723830389:[PUMP  ,0378]Outflow calculated : 2761
1723830389:[BUOY  ,0089]need to transfer +30mL (pump during 43643ms)
1723830391:[PUMP  ,0016]pump during 43643ms
1723830434:[PUMP  ,0212]battery 13822mV,  603534uA (steady state), P+117269mbar
1723831016:[PRESS ,0038]P+111019mbar,T+32767mdegC
1723831041:[BUOY  ,0087]from -9mbar/s to -10mbar/s
1723831041:[PUMP  ,0378]Outflow calculated : 2765
1723831041:[BUOY  ,0089]need to transfer +30mL (pump during 43690ms)
1723831042:[PUMP  ,0016]pump during 43690ms
1723831085:[PUMP  ,0212]battery 13816mV,  582672uA (steady state), P+110759mbar
1723831667:[PRESS ,0038]P+103979mbar,T+32767mdegC
1723832317:[PRESS ,0038]P +96539mbar,T+32767mdegC
1723832667:[BUOY  ,0087]from -9mbar/s to -10mbar/s
1723832667:[PUMP  ,0378]Outflow calculated : 2776
1723832667:[BUOY  ,0089]need to transfer +30mL (pump during 43422ms)
1723832668:[PUMP  ,0016]pump during 43422ms
1723832711:[PUMP  ,0212]battery 13871mV,  515938uA (steady state), P +93039mbar
1723832968:[PRESS ,0038]P +90239mbar,T+32767mdegC
1723832993:[BUOY  ,0087]from -9mbar/s to -10mbar/s
1723832993:[PUMP  ,0378]Outflow calculated : 2778
1723832993:[BUOY  ,0089]need to transfer +30mL (pump during 43390ms)
1723832994:[PUMP  ,0016]pump during 43390ms
1723833037:[PUMP  ,0212]battery 13853mV,  507886uA (steady state), P +89999mbar
1723833620:[PRESS ,0038]P +83169mbar,T+32767mdegC
1723834269:[PRESS ,0038]P +76239mbar,T+32767mdegC
1723834919:[PRESS ,0038]P +69229mbar,T+32767mdegC
1723835569:[PRESS ,0038]P +63079mbar,T+32767mdegC
1723835594:[BUOY  ,0087]from -8mbar/s to -10mbar/s
1723835594:[PUMP  ,0378]Outflow calculated : 2794
1723835594:[BUOY  ,0089]need to transfer +58mL (pump during 83333ms)
1723835595:[PUMP  ,0016]pump during 60000ms
1723835654:[PUMP  ,0212]battery 13923mV,  414312uA (steady state), P +62879mbar
1723836220:[PRESS ,0038]P +56249mbar,T+32767mdegC
1723836870:[PRESS ,0038]P +49039mbar,T+32767mdegC
1723837520:[PRESS ,0038]P +42139mbar,T+32767mdegC
1723838170:[PRESS ,0038]P +35789mbar,T+32767mdegC
1723838519:[BUOY  ,0087]from -8mbar/s to -10mbar/s
1723838519:[PUMP  ,0378]Outflow calculated : 2812
1723838519:[BUOY  ,0089]need to transfer +58mL (pump during 82621ms)
1723838521:[PUMP  ,0016]pump during 60000ms
1723838580:[PUMP  ,0212]battery 14088mV,  290238uA (steady state), P +32579mbar
1723838821:[PRESS ,0038]P +29839mbar,T+32767mdegC
1723838846:[BUOY  ,0087]from -9mbar/s to -10mbar/s
1723838846:[PUMP  ,0378]Outflow calculated : 2814
1723838846:[BUOY  ,0089]need to transfer +30mL (pump during 42841ms)
1723838847:[PUMP  ,0016]pump during 42841ms
1723838889:[PUMP  ,0212]battery 14126mV,  281820uA (steady state), P +29609mbar
1723839472:[PRESS ,0038]P +22689mbar,T+32767mdegC
1723840122:[PRESS ,0038]P +16279mbar,T+32767mdegC
1723840147:[BUOY  ,0087]from -9mbar/s to -10mbar/s
1723840147:[PUMP  ,0378]Outflow calculated : 2822
1723840147:[BUOY  ,0089]need to transfer +30mL (pump during 42503ms)
1723840148:[PUMP  ,0016]pump during 42503ms
1723840190:[PUMP  ,0212]battery 14256mV,  222406uA (steady state), P +16049mbar
1723840473:[BUOY  ,0087]from -7mbar/s to -10mbar/s
1723840473:[PUMP  ,0378]Outflow calculated : 2824
1723840473:[BUOY  ,0089]need to transfer +82mL (pump during 116147ms)
1723840475:[PUMP  ,0016]pump during 60000ms
1723840534:[PUMP  ,0212]battery 14291mV,  212524uA (steady state), P +13179mbar
1723840775:[PRESS ,0038]P +10399mbar,T+32767mdegC
1723840800:[BUOY  ,0087]from -9mbar/s to -10mbar/s
1723840800:[PUMP  ,0378]Outflow calculated : 2826
1723840800:[BUOY  ,0089]need to transfer +30mL (pump during 42483ms)
1723840801:[PUMP  ,0016]pump during 42483ms
1723840843:[PUMP  ,0212]battery 14318mV,  201788uA (steady state), P +10169mbar
1723841126:[BUOY  ,0087]from -8mbar/s to -10mbar/s
1723841126:[PUMP  ,0378]Outflow calculated : 2828
1723841126:[BUOY  ,0089]need to transfer +58mL (pump during 82037ms)
1723841127:[PUMP  ,0016]pump during 60000ms
1723841186:[PUMP  ,0212]battery 14348mV,  192760uA (steady state), P  +7249mbar
1723841428:[PRESS ,0038]P  +4349mbar,T+32767mdegC
1723841452:[BUOY  ,0087]from -8mbar/s to -10mbar/s
1723841452:[PUMP  ,0378]Outflow calculated : 2830
1723841453:[BUOY  ,0089]need to transfer +58mL (pump during 82037ms)
1723841454:[PUMP  ,0016]pump during 60000ms
1723841513:[PUMP  ,0212]battery 14385mV,  183488uA (steady state), P  +4139mbar
1723841779:[BUOY  ,0087]from -9mbar/s to -10mbar/s
1723841779:[PUMP  ,0378]Outflow calculated : 2831
1723841779:[BUOY  ,0089]need to transfer +30mL (pump during 42399ms)
1723841780:[PUMP  ,0016]pump during 42399ms
1723841822:[PUMP  ,0212]battery 14428mV,  172386uA (steady state), P  +1459mbar
1723842105:[STAGE ,0214]-131mbar (500) reached at 1723842105s, ascending from 251449mbar
1723842105:[STAGE ,0342]The float reached the surface : OK
1723842105:[MAIN  ,0140]stage[3] complete 1843s after mission start
1723842106:[SBE   ,0391]Mode changed from PROFILING to SLEEP
1723842107:[SBE   ,0391]Mode changed from SLEEP to STOP
1723842263:[SBE   ,0391]Mode changed from STOP to SLEEP
1723842264:[SBE   ,0391]Mode changed from SLEEP to DUMP
1723842264:[SBE   ,0343]SBE dump : 453 stored samples in hexa format
1723842279:[SBE   ,0338]Dump finished
1723842279:[SBE   ,0388]453 samples in 0100/66BF59C8.S61
1723842279:[SBE   ,0391]Mode changed from DUMP to SLEEP
1723842279:[MRMAID,0188]acq already stopped
1723842279:[MSSION,0192]mission stopped, 4 stage(s) done
1723842280:[MAIN  ,0065]surfacing
1723842281:[SURFIN,0036]P   -151mbar
1723842283:[SURFIN,0020]filling external bladder
1723842284:[PUMP  ,0016]pump during 30000ms
1723842313:[PUMP  ,0212]battery 13706mV, 1238300uA (steady state), P   -151mbar
1723842331:[PUMP  ,0016]pump during 30000ms
1723842360:[PUMP  ,0212]battery 14913mV,   12932uA (steady state), P   -151mbar
1723842377:[PUMP  ,0016]pump during 30000ms
1723842396:[PUMP  ,0212]battery 14787mV,   13054uA (steady state), P   -151mbar
1723842396:[PUMP  ,0019]external bladder full
1723842458:[MAIN  ,0272]Vbat 14867mV (min 14213mV)
1723842460:[MAIN  ,0024]internal pressure 75998Pa
1723842460:[MAIN  ,0043]Pext 224mbar (rng 20mbar)
1723842460:[MAIN  ,0064]surface
1723842471:[SURF  ,0022]GPS fix...
1723842556:[SURF  ,0015]10 PPS detected...
1723842558:[MRMAID,0052]$GPSACK:+0,+0,+0,+0,+0,-2,-173126;
1723842568:[MRMAID,0052]$GPSOFF:3686330;
1723842570:[GPSFIX,0179]-12s diff
1723842582:[SURF  ,0222]2024-08-16T21:09:42
1723842582:[SURF  ,0082]N29deg18.240mn, E138deg16.086mn
1723842582:[SURF  ,0084]hdop 1.510, vdop 2.470
1723842592:[SURF  ,0274]last almanac : 2596982
1723842968:[MRMAID,0026]145958 bytes in 0100/66BFC025.MER
1723842973:[MAIN  ,0320]New pressure offset: 224mbar
1723842973:[SBE   ,0391]Mode changed from SLEEP to RESETOFFSET
1723843035:[SBE   ,0339]new offset = -2.60 received after 63s
1723843035:[SBE   ,0391]Mode changed from RESETOFFSET to SLEEP
1723843036:[MAIN  ,0078]*** switching to 0100/66BFC1DC ***
