1727298116:[MAIN  ,0007]buoy 467.174-T-0100
1727298116:[MAIN  ,0055]soft pilotage 467.174.300_V2.67-20230503
1727298116:[MAIN  ,0010]cycle 48
1727298116:[SURF  ,0225]surface2
1727298130:[SURF  ,0022]GPS fix...
1727298133:[GPSFIX,0123]<WARN>GPRMC ms=500 #1
1727298154:[SURF  ,0015]10 PPS detected...
1727298155:[MRMAID,0052]$GPSACK:+0,+0,+0,+0,+0,+0,+0;
1727298165:[MRMAID,0052]$GPSOFF:3686331;
1727298167:[GPSFIX,0179]-1s diff
1727298168:[SURF  ,0222]2024-09-25T21:02:48
1727298168:[SURF  ,0082]N29deg19.623mn, E137deg57.920mn
1727298168:[SURF  ,0084]hdop 1.370, vdop 2.270
1727298178:[SURF  ,0025]Iridium...
1727298225:[SURF  ,0009]connected in 47s, signal quality 5
1727298375:[SURF  ,0218]prompt received, remote cmd end
1727298375:[SURF  ,0012]21 cmd(s) received
1727298395:[UPLOAD,0248]Upload data files...
1727298442:[UPLOAD,0231]"0100/66F4131E.S61" uploaded at 110bytes/s
1727298958:[SURF  ,0014]disconnected after 780s
1727298963:[SURFIN,0020]filling external bladder
1727298964:[PUMP  ,0016]pump during 30000ms
1727298993:[PUMP  ,0212]battery 13688mV, 1024434uA (steady state), P   +170mbar
1727299010:[PUMP  ,0016]pump during 30000ms
1727299012:[PUMP  ,0019]external bladder full
1727299012:[SURF  ,0069]transfer interrupted , retry
1727299024:[SURF  ,0022]GPS fix...
1727299033:[GPSFIX,0123]<WARN>GPRMC ms=500 #1
1727299053:[SURF  ,0015]10 PPS detected...
1727299054:[MRMAID,0052]$GPSACK:+0,+0,+0,+0,+0,+1,-999786;
1727299064:[MRMAID,0052]$GPSOFF:3686329;
1727299066:[GPSFIX,0179]-1s diff
1727299067:[SURF  ,0222]2024-09-25T21:17:47
1727299067:[SURF  ,0082]N29deg19.632mn, E137deg58.000mn
1727299067:[SURF  ,0084]hdop 0.900, vdop 1.560
1727299077:[SURF  ,0025]Iridium...
1727299115:[SURF  ,0009]connected in 38s, signal quality 4
1727299225:[SURF  ,0218]prompt received, remote cmd end
1727299225:[SURF  ,0012]21 cmd(s) received
1727299246:[UPLOAD,0248]Upload data files...
1727299593:[SURF  ,0014]disconnected after 516s
1727299598:[SURFIN,0020]filling external bladder
1727299599:[PUMP  ,0019]external bladder full
1727299599:[SURF  ,0069]transfer interrupted , retry
1727299610:[SURF  ,0022]GPS fix...
1727299630:[SURF  ,0015]10 PPS detected...
1727299631:[MRMAID,0052]$GPSACK:+0,+0,+0,+0,+0,+0,-30;
1727299641:[MRMAID,0052]$GPSOFF:3686329;
1727299643:[GPSFIX,0179]-1s diff
1727299644:[SURF  ,0222]2024-09-25T21:27:24
1727299644:[SURF  ,0082]N29deg19.660mn, E137deg58.050mn
1727299644:[SURF  ,0084]hdop 0.830, vdop 1.460
1727299654:[SURF  ,0025]Iridium...
1727299654:[MODEM ,0347]<ERR>ping error
1727299655:[SURF  ,0023]<WARN>failed to connect #1, code -1, net -1, qual -1, dial -1
1727299698:[SURF  ,0009]connected in 44s, signal quality 5
1727299739:[SURF  ,0218]prompt received, remote cmd end
1727299739:[SURF  ,0012]0 cmd(s) received
1727299754:[UPLOAD,0248]Upload data files...
1727299795:[UPLOAD,0131]<ERR>opening upload
1727299795:[UPLOAD,0132]<ERR>opening upload "0100"
1727299811:[SURF  ,0014]disconnected after 157s
1727299816:[SURFIN,0020]filling external bladder
1727299817:[PUMP  ,0016]pump during 30000ms
1727299819:[PUMP  ,0019]external bladder full
1727299819:[SURF  ,0069]transfer interrupted , retry
1727299831:[SURF  ,0022]GPS fix...
1727299851:[SURF  ,0015]10 PPS detected...
1727299852:[MRMAID,0052]$GPSACK:+0,+0,+0,+0,+0,+0,+0;
1727299862:[MRMAID,0052]$GPSOFF:3686329;
1727299864:[GPSFIX,0179]-1s diff
1727299865:[SURF  ,0222]2024-09-25T21:31:05
1727299865:[SURF  ,0082]N29deg19.668mn, E137deg58.072mn
1727299865:[SURF  ,0084]hdop 0.930, vdop 1.340
1727299875:[SURF  ,0025]Iridium...
1727299875:[MODEM ,0347]<ERR>ping error
1727299875:[SURF  ,0023]<WARN>failed to connect #1, code -1, net -1, qual -1, dial -1
1727299937:[SURF  ,0009]connected in 62s, signal quality 5
1727300100:[SURF  ,0218]prompt received, remote cmd end
1727300100:[SURF  ,0012]21 cmd(s) received
1727300127:[UPLOAD,0248]Upload data files...
1727300176:[ZIO   ,0085]<ERR>grabber not running (-1)
1727300181:[SURF  ,0014]disconnected after 306s
1727300186:[SURFIN,0020]filling external bladder
1727300188:[PUMP  ,0016]pump during 30000ms
1727300195:[PUMP  ,0212]battery 13753mV, 1038708uA (steady state), P   +170mbar
1727300195:[PUMP  ,0019]external bladder full
1727300195:[SURF  ,0069]transfer interrupted , retry
1727300206:[SURF  ,0022]GPS fix...
1727300209:[GPSFIX,0123]<WARN>GPRMC ms=510 #1
1727300229:[SURF  ,0015]10 PPS detected...
1727300230:[MRMAID,0052]$GPSACK:+0,+0,+0,+0,+0,+1,-999969;
1727300240:[MRMAID,0052]$GPSOFF:3686328;
1727300242:[GPSFIX,0179]-1s diff
1727300243:[SURF  ,0222]2024-09-25T21:37:23
1727300243:[SURF  ,0082]N29deg19.684mn, E137deg58.104mn
1727300243:[SURF  ,0084]hdop 0.970, vdop 1.280
1727300253:[SURF  ,0025]Iridium...
1727300290:[SURF  ,0009]connected in 37s, signal quality 5
1727300419:[SURF  ,0218]prompt received, remote cmd end
1727300419:[SURF  ,0012]22 cmd(s) received
1727300441:[UPLOAD,0248]Upload data files...
1727300561:[ZIO   ,0240]"NO CARRIER" received, aborting
1727300576:[SURF  ,0014]disconnected after 323s
1727300581:[SURFIN,0020]filling external bladder
1727300583:[PUMP  ,0019]external bladder full
1727300583:[SURF  ,0069]transfer interrupted , retry
1727300594:[SURF  ,0022]GPS fix...
1727300614:[SURF  ,0015]10 PPS detected...
1727300615:[MRMAID,0052]$GPSACK:+0,+0,+0,+0,+0,+0,-30;
1727300625:[MRMAID,0052]$GPSOFF:3686328;
1727300626:[GPSFIX,0179]-1s diff
1727300627:[SURF  ,0222]2024-09-25T21:43:47
1727300627:[SURF  ,0082]N29deg19.708mn, E137deg58.133mn
1727300627:[SURF  ,0084]hdop 1.000, vdop 1.400
1727300637:[SURF  ,0025]Iridium...
1727300683:[SURF  ,0009]connected in 46s, signal quality 5
1727300795:[SURF  ,0218]prompt received, remote cmd end
1727300795:[SURF  ,0012]22 cmd(s) received
1727300815:[UPLOAD,0248]Upload data files...
1727300860:[UPLOAD,0231]"0100/66F47955.MER" uploaded at 120bytes/s
1727301121:[SURF  ,0014]disconnected after 484s
1727301126:[SURFIN,0020]filling external bladder
1727301127:[PUMP  ,0016]pump during 30000ms
1727301128:[PUMP  ,0019]external bladder full
1727301128:[SURF  ,0069]transfer interrupted , retry
1727301139:[SURF  ,0022]GPS fix...
1727301159:[SURF  ,0015]10 PPS detected...
1727301160:[MRMAID,0052]$GPSACK:+0,+0,+0,+0,+0,+0,+0;
1727301170:[MRMAID,0052]$GPSOFF:3686328;
1727301172:[GPSFIX,0179]-1s diff
1727301173:[SURF  ,0222]2024-09-25T21:52:53
1727301173:[SURF  ,0082]N29deg19.736mn, E137deg58.178mn
1727301173:[SURF  ,0084]hdop 0.820, vdop 1.320
1727301183:[SURF  ,0025]Iridium...
1727301383:[SURF  ,0023]<WARN>failed to connect #1, code -8, net 1, qual 5, dial 1
1727301610:[SURF  ,0023]<WARN>failed to connect #2, code -8, net 1, qual 3, dial 1
1727301842:[SURF  ,0023]<WARN>failed to connect #3, code -8, net 1, qual 4, dial 1
1727301850:[MODEM ,0347]<ERR>ping error
1727301850:[SURF  ,0023]<WARN>failed to connect #4, code -1, net -1, qual -1, dial -1
1727301905:[SURF  ,0009]connected in 722s, signal quality 5
1727302029:[SURF  ,0218]prompt received, remote cmd end
1727302029:[SURF  ,0012]39 cmd(s) received
1727302049:[UPLOAD,0248]Upload data files...
1727302438:[SURF  ,0014]disconnected after 1255s
1727302443:[SURFIN,0020]filling external bladder
1727302445:[PUMP  ,0019]external bladder full
1727302445:[SURF  ,0069]transfer interrupted , retry
1727302456:[SURF  ,0022]GPS fix...
1727302476:[SURF  ,0015]10 PPS detected...
1727302477:[MRMAID,0052]$GPSACK:+0,+0,+0,+0,+0,+1,-999786;
1727302487:[MRMAID,0052]$GPSOFF:3686327;
1727302489:[GPSFIX,0179]-1s diff
1727302490:[SURF  ,0222]2024-09-25T22:14:50
1727302490:[SURF  ,0082]N29deg19.798mn, E137deg58.297mn
1727302490:[SURF  ,0084]hdop 0.810, vdop 1.090
1727302500:[SURF  ,0025]Iridium...
1727302501:[MODEM ,0347]<ERR>ping error
1727302501:[SURF  ,0023]<WARN>failed to connect #1, code -1, net -1, qual -1, dial -1
1727302508:[MODEM ,0347]<ERR>ping error
1727302508:[SURF  ,0023]<WARN>failed to connect #2, code -1, net -1, qual -1, dial -1
1727302728:[SURF  ,0023]<WARN>failed to connect #3, code -8, net 1, qual 5, dial 1
1727302756:[SURF  ,0023]<WARN>failed to connect #4, code -5, net 4, qual -1, dial -1
1727302854:[SURF  ,0009]connected in 354s, signal quality 1
1727303245:[SURF  ,0197]<ERR>Timeout when receive cmds
1727303245:[SURF  ,0012]47 cmd(s) received
1727303266:[UPLOAD,0248]Upload data files...
1727303485:[SURF  ,0014]disconnected after 985s
1727303490:[SURFIN,0020]filling external bladder
1727303492:[PUMP  ,0019]external bladder full
1727303492:[SURF  ,0069]transfer interrupted , retry
1727303503:[SURF  ,0022]GPS fix...
1727303503:[GPSFIX,0123]<WARN>GPRMC ms=990 #1
1727303524:[SURF  ,0015]10 PPS detected...
1727303525:[MRMAID,0052]$GPSACK:+0,+0,+0,+0,+0,+1,-999938;
1727303535:[MRMAID,0052]$GPSOFF:3686326;
1727303537:[GPSFIX,0179]-1s diff
1727303538:[SURF  ,0222]2024-09-25T22:32:18
1727303538:[SURF  ,0082]N29deg19.842mn, E137deg58.433mn
1727303538:[SURF  ,0084]hdop 0.750, vdop 0.960
1727303548:[SURF  ,0025]Iridium...
1727303549:[MODEM ,0347]<ERR>ping error
1727303549:[SURF  ,0023]<WARN>failed to connect #1, code -1, net -1, qual -1, dial -1
1727303770:[SURF  ,0023]<WARN>failed to connect #2, code -8, net 1, qual 5, dial 1
1727303993:[SURF  ,0023]<WARN>failed to connect #3, code -8, net 1, qual 5, dial 1
1727304215:[SURF  ,0023]<WARN>failed to connect #4, code -8, net 1, qual 5, dial 1
1727304445:[SURF  ,0023]<WARN>failed to connect #5, code -8, net 1, qual 5, dial 1
1727304450:[SURF  ,0117]<ERR>no connection after 902s
1727304455:[SURFIN,0020]filling external bladder
1727304456:[PUMP  ,0016]pump during 30000ms
1727304457:[PUMP  ,0019]external bladder full
1727304457:[SURF  ,0069]transfer interrupted , retry
1727304469:[SURF  ,0022]GPS fix...
1727304490:[SURF  ,0015]10 PPS detected...
1727304491:[MRMAID,0052]$GPSACK:+0,+0,+0,+0,+0,+0,-91;
1727304501:[MRMAID,0052]$GPSOFF:3686326;
1727304503:[GPSFIX,0179]-1s diff
1727304504:[SURF  ,0222]2024-09-25T22:48:24
1727304504:[SURF  ,0082]N29deg19.887mn, E137deg58.531mn
1727304504:[SURF  ,0084]hdop 0.810, vdop 1.450
1727304514:[SURF  ,0025]Iridium...
1727304552:[SURF  ,0009]connected in 38s, signal quality 5
1727304580:[SURF  ,0218]prompt received, remote cmd end
1727304580:[SURF  ,0012]0 cmd(s) received
1727304595:[UPLOAD,0248]Upload data files...
1727304635:[UPLOAD,0131]<ERR>opening upload
1727304635:[UPLOAD,0132]<ERR>opening upload "0100"
1727304652:[SURF  ,0014]disconnected after 138s
1727304657:[SURFIN,0020]filling external bladder
1727304658:[PUMP  ,0019]external bladder full
1727304658:[SURF  ,0069]transfer interrupted , retry
1727304670:[SURF  ,0022]GPS fix...
1727304690:[SURF  ,0015]10 PPS detected...
1727304691:[MRMAID,0052]$GPSACK:+0,+0,+0,+0,+0,+0,-30;
1727304701:[MRMAID,0052]$GPSOFF:3686326;
1727304703:[GPSFIX,0179]-1s diff
1727304704:[SURF  ,0222]2024-09-25T22:51:44
1727304704:[SURF  ,0082]N29deg19.896mn, E137deg58.551mn
1727304704:[SURF  ,0084]hdop 0.770, vdop 1.250
1727304714:[SURF  ,0025]Iridium...
1727304789:[SURF  ,0009]connected in 75s, signal quality 2
1727305465:[SURF  ,0197]<ERR>Timeout when receive cmds
1727305465:[SURF  ,0012]30 cmd(s) received
1727305486:[UPLOAD,0248]Upload data files...
1727305660:[ZIO   ,0240]"NO CARRIER" received, aborting
1727305681:[SURF  ,0014]disconnected after 967s
1727305686:[SURFIN,0020]filling external bladder
1727305687:[PUMP  ,0019]external bladder full
1727305687:[SURF  ,0069]transfer interrupted , retry
1727305699:[SURF  ,0022]GPS fix...
1727305719:[SURF  ,0015]10 PPS detected...
1727305720:[MRMAID,0052]$GPSACK:+0,+0,+0,+0,+0,+1,-999969;
1727305730:[MRMAID,0052]$GPSOFF:3686326;
1727305732:[GPSFIX,0179]-1s diff
1727305733:[SURF  ,0222]2024-09-25T23:08:53
1727305733:[SURF  ,0082]N29deg19.916mn, E137deg58.661mn
1727305733:[SURF  ,0084]hdop 0.750, vdop 1.210
1727305743:[SURF  ,0025]Iridium...
1727305793:[SURF  ,0009]connected in 50s, signal quality 4
1727305906:[SURF  ,0218]prompt received, remote cmd end
1727305906:[SURF  ,0012]22 cmd(s) received
1727305926:[UPLOAD,0248]Upload data files...
1727306165:[SURF  ,0014]disconnected after 422s
1727306170:[SURFIN,0020]filling external bladder
1727306171:[PUMP  ,0019]external bladder full
1727306171:[SURF  ,0069]transfer interrupted , retry
1727306183:[SURF  ,0022]GPS fix...
1727306203:[SURF  ,0015]10 PPS detected...
1727306204:[MRMAID,0052]$GPSACK:+0,+0,+0,+0,+0,+1,-999938;
1727306214:[MRMAID,0052]$GPSOFF:3686325;
1727306216:[GPSFIX,0179]-1s diff
1727306217:[SURF  ,0222]2024-09-25T23:16:57
1727306217:[SURF  ,0082]N29deg19.914mn, E137deg58.704mn
1727306217:[SURF  ,0084]hdop 0.750, vdop 1.220
1727306227:[SURF  ,0025]Iridium...
1727306272:[SURF  ,0009]connected in 45s, signal quality 1
1727306408:[SURF  ,0218]prompt received, remote cmd end
1727306408:[SURF  ,0012]22 cmd(s) received
1727306430:[UPLOAD,0248]Upload data files...
1727306482:[UPLOAD,0231]"0100/66E74070.BIN" uploaded at 124bytes/s
1727306502:[MAIN  ,0013]1 file(s) uploaded
1727306536:[SURF  ,0014]disconnected after 309s
1727306541:[SURF  ,0227]1st complete transfer
1727306541:[SURF  ,0226]Go dive
1727306552:[SURF  ,0022]GPS fix...
1727306572:[SURF  ,0015]10 PPS detected...
1727306573:[MRMAID,0052]$GPSACK:+0,+0,+0,+0,+0,+0,-30;
1727306583:[MRMAID,0052]$GPSOFF:3686325;
1727306585:[GPSFIX,0179]-1s diff
1727306586:[SURF  ,0222]2024-09-25T23:23:06
1727306586:[SURF  ,0082]N29deg19.915mn, E137deg58.751mn
1727306586:[SURF  ,0084]hdop 0.730, vdop 1.260
1727306603:[MAIN  ,0024]internal pressure 78097Pa
1727306604:[BYCMD ,0120]    bypass 20000ms 120000ms (20000ms 60000ms stored)
1727306604:[BYCMD ,0121]    valve 60000ms 12750 (60000ms 12750 stored)
1727306604:[BYCMD ,0376]    pump 60000ms 2832 8320 418 (60000ms 2832 8320 418 stored)
1727306604:[BYCMD ,0123]    rate 2mbar/s (2mbar/s stored)
1727306604:[BYCMD ,0124]    surface 500mbar (500mbar stored)
1727306604:[BYCMD ,0173]    near 7000mbar 2:2:3mbar/s (15000mbar 2:2:3mbar/s stored)
1727306604:[BYCMD ,0380]    middle 6mbar/s (6mbar/s stored)
1727306604:[BYCMD ,0126]    far 25000mbar 9mbar/s (25000mbar 9mbar/s stored)
1727306604:[BYCMD ,0127]    ascent 10mbar/s (10mbar/s stored)
1727306604:[BYCMD ,0128]    dead 300s (300s stored)
1727306604:[BYCMD ,0129]    coeff 16/10 (16/10 stored)
1727306604:[BYCMD ,0130]    stab 10 (10 stored)
1727306604:[BYCMD ,0131]    delay 900s 18000s (900s 3600s stored)
1727306604:[BYCMD ,0132]    mmtime 14400min (2880min stored)
1727306604:[BYCMD ,0133]    dv_landing 100ml (100ml stored)
1727306604:[BYCMD ,0381]    landing confirmation 5 (5 stored)
1727306604:[BYCMD ,0379]    cycle nb 1 (1 stored)
1727306604:[P2TCMD,0150]    p2t37: 15x2000ms, offset 173mbar
1727306605:[P2TCMD,0151]    p2t37: dp 5000mbar, dt 1000000mdegC
1727306605:[STAGE ,0080]Stage [0] 200000mbar (+/-5000mbar) 25200s (<25200s) 
1727306605:[STAGE ,0080]Stage [1] 200000mbar (+/-5000mbar) 788400s (<813600s) MERMAID SBE61 
1727306605:[PROFIL,0302]    manual_profil=1
1727306605:[PROFIL,0303]    manual_profil_rate=1 hours
1727306605:[STAGE ,0080]Stage [2] 250000mbar (+/-5000mbar) 14400s (<828000s) 
1727306605:[STAGE ,0091]Stage [3] surfacing 36000s (<864000s) SBE61 
1727306605:[PROFIL,0284]    speed_detection=1
1727306605:[PROFIL,0285]    bin_average_output=1
1727306605:[PROFIL,0287]    include_transition_bin=1
1727306605:[PROFIL,0304]    include_nbin=1
1727306605:[PROFIL,0301]    load_test_sample=0
1727306605:[PROFIL,0288]    p_cut_off=2dbar
1727306605:[PROFIL,0289]    top_bin_interval=2dbar
1727306605:[PROFIL,0290]    top_bin_size=2dbar
1727306605:[PROFIL,0291]    top_bin_max=500dbar
1727306605:[PROFIL,0292]    middle_bin_interval=10dbar
1727306605:[PROFIL,0293]    middle_bin_size=10dbar
1727306605:[PROFIL,0294]    middle_bin_max=2500dbar
1727306605:[PROFIL,0295]    bottom_bin_interval=50dbar
1727306605:[PROFIL,0296]    bottom_bin_size=50dbar
1727306605:[PROFIL,0297]    pump_time=0s
1727306605:[PROFIL,0298]    speed_start=2mbar/s
1727306605:[PROFIL,0299]    speed_control=10mbar/s
1727306605:[MAIN  ,0070]turn off bluetooth
1727306633:[DIVING,0141]diving from -3mbar, -1mbar/s
1727306633:[BYPASS,0035]bypass opening 120000ms
1727306638:[BYPASS,0104]battery 14577mV,  252296uA (bypass opening), P     -3mbar
1727306763:[BYPASS,0106]battery 14545mV,  288774uA (bypass closing), P     -3mbar
1727306789:[BYPASS,0035]bypass opening 20000ms
1727306795:[BYPASS,0104]battery 14611mV,  253516uA (bypass opening), P   -153mbar
1727306820:[BYPASS,0106]battery 14546mV,  287554uA (bypass closing), P   -153mbar
1727306846:[BYPASS,0035]bypass opening 20000ms
1727306851:[BYPASS,0104]battery 14613mV,  251808uA (bypass opening), P   -163mbar
1727306876:[BYPASS,0106]battery 14546mV,  286822uA (bypass closing), P   -163mbar
1727306929:[DIVING,0028]537mbar reached (+11mbar/s), 3 bypass done
1727306930:[MAIN  ,0056]stage[0]
1727306932:[MAIN  ,0024]internal pressure 82871Pa
1727306933:[BUOY  ,0037]P   +607mbar
1727307560:[PRESS ,0038]P  +6307mbar,T+32767mdegC
1727308234:[BUOY  ,0087]from +5mbar/s to +9mbar/s
1727308234:[BUOY  ,0090]need to transfer -90mL (valve during 10929ms)
1727308234:[VALVE ,0034]valve opening 10929ms
1727308245:[VALVE ,0234]battery 14275mV,  462380uA, P +11037mbar
1727308535:[PRESS ,0038]P +13287mbar,T+32767mdegC
1727308884:[BUOY  ,0087]from +7mbar/s to +9mbar/s
1727308884:[BUOY  ,0090]need to transfer -52mL (valve during 5180ms)
1727308884:[VALVE ,0034]valve opening 5180ms
1727308890:[VALVE ,0234]battery 14262mV,  461648uA, P +16387mbar
1727309185:[PRESS ,0038]P +18967mbar,T+32767mdegC
1727309834:[PRESS ,0038]P +24567mbar,T+32767mdegC
1727309859:[BUOY  ,0087]from +6mbar/s to +9mbar/s
1727309859:[BUOY  ,0090]need to transfer -72mL (valve during 5847ms)
1727309859:[VALVE ,0034]valve opening 5847ms
1727309865:[VALVE ,0234]battery 14235mV,  461160uA, P +24727mbar
1727310484:[PRESS ,0038]P +30567mbar,T+32767mdegC
1727311134:[PRESS ,0038]P +36467mbar,T+32767mdegC
1727311784:[PRESS ,0038]P +41577mbar,T+32767mdegC
1727311809:[BUOY  ,0087]from +6mbar/s to +9mbar/s
1727311809:[BUOY  ,0090]need to transfer -72mL (valve during 4500ms)
1727311809:[VALVE ,0034]valve opening 4500ms
1727311813:[VALVE ,0234]battery 14148mV,  460428uA, P +41747mbar
1727312434:[PRESS ,0038]P +47307mbar,T+32767mdegC
1727313084:[PRESS ,0038]P +54007mbar,T+32767mdegC
1727313734:[PRESS ,0038]P +59577mbar,T+32767mdegC
1727314383:[PRESS ,0038]P +66257mbar,T+32767mdegC
1727314733:[BUOY  ,0087]from +7mbar/s to +9mbar/s
1727314733:[BUOY  ,0090]need to transfer -52mL (valve during 2531ms)
1727314733:[VALVE ,0034]valve opening 2531ms
1727314736:[VALVE ,0234]battery 13918mV,  458354uA, P +69077mbar
1727315033:[PRESS ,0038]P +71687mbar,T+32767mdegC
1727315683:[PRESS ,0038]P +78847mbar,T+32767mdegC
1727316333:[PRESS ,0038]P +85727mbar,T+32767mdegC
1727316983:[PRESS ,0038]P +91117mbar,T+32767mdegC
1727317633:[PRESS ,0038]P +96917mbar,T+32767mdegC
1727318282:[PRESS ,0038]P+102997mbar,T+32767mdegC
1727318932:[PRESS ,0038]P+109567mbar,T+32767mdegC
1727319582:[PRESS ,0038]P+115807mbar,T+32767mdegC
1727320232:[PRESS ,0038]P+121797mbar,T+32767mdegC
1727320882:[PRESS ,0038]P+127747mbar,T+32767mdegC
1727321531:[PRESS ,0038]P+133227mbar,T+32767mdegC
1727321556:[BUOY  ,0087]from +7mbar/s to +9mbar/s
1727321556:[BUOY  ,0090]need to transfer -52mL (valve during 1816ms)
1727321556:[VALVE ,0034]valve opening 1816ms
1727321558:[VALVE ,0234]battery 13161mV,  439322uA, P+133417mbar
1727322181:[PRESS ,0038]P+138597mbar,T+32767mdegC
1727322206:[BUOY  ,0087]from +7mbar/s to +9mbar/s
1727322206:[BUOY  ,0090]need to transfer -52mL (valve during 1782ms)
1727322206:[VALVE ,0034]valve opening 1782ms
1727322208:[VALVE ,0234]battery 13110mV,  438346uA, P+138757mbar
1727322831:[PRESS ,0038]P+144457mbar,T+32767mdegC
1727323481:[PRESS ,0038]P+150867mbar,T+32767mdegC
1727324131:[PRESS ,0038]P+157427mbar,T+32767mdegC
1727324781:[PRESS ,0038]P+164487mbar,T+32767mdegC
1727325430:[PRESS ,0038]P+171257mbar,T+32767mdegC
1727326080:[PRESS ,0038]P+177947mbar,T+32767mdegC
1727326105:[BUOY  ,0087]from +11mbar/s to +6mbar/s
1727326105:[PUMP  ,0378]Outflow calculated : 2726
1727326105:[BUOY  ,0089]need to transfer +136mL (pump during 196248ms)
1727326106:[PUMP  ,0016]pump during 60000ms
1727326165:[PUMP  ,0212]battery 13093mV,  786046uA (steady state), P+178227mbar
1727326431:[BUOY  ,0087]from +9mbar/s to +6mbar/s
1727326431:[PUMP  ,0378]Outflow calculated : 2724
1727326431:[BUOY  ,0089]need to transfer +72mL (pump during 105109ms)
1727326433:[PUMP  ,0016]pump during 60000ms
1727326492:[PUMP  ,0212]battery 13725mV,  807518uA (steady state), P+181287mbar
1727326733:[PRESS ,0038]P+183847mbar,T+32767mdegC
1727326758:[BUOY  ,0087]from +8mbar/s to +6mbar/s
1727326758:[PUMP  ,0378]Outflow calculated : 2722
1727326758:[BUOY  ,0089]need to transfer +44mL (pump during 64327ms)
1727326759:[PUMP  ,0016]pump during 60000ms
1727326818:[PUMP  ,0212]battery 13725mV,  813984uA (steady state), P+184037mbar
1727327709:[PRESS ,0038]P+190677mbar,T+32767mdegC
1727328059:[BUOY  ,0087]from +6mbar/s to +2mbar/s
1727328059:[PUMP  ,0378]Outflow calculated : 2717
1727328059:[BUOY  ,0089]need to transfer +52mL (pump during 75581ms)
1727328060:[PUMP  ,0016]pump during 60000ms
1727328119:[PUMP  ,0212]battery 13876mV,  844362uA (steady state), P+193027mbar
1727328385:[BUOY  ,0087]from +6mbar/s to +2mbar/s
1727328385:[PUMP  ,0378]Outflow calculated : 2714
1727328385:[BUOY  ,0089]need to transfer +52mL (pump during 77151ms)
1727328387:[PUMP  ,0016]pump during 60000ms
1727328446:[PUMP  ,0212]battery 13713mV,  851194uA (steady state), P+194997mbar
1727328687:[PRESS ,0038]P+196577mbar,T+32767mdegC
1727328712:[STAGE ,0213]196687mbar reached at 1727328712s, ref 200000mbar +/-5000mbar
1727328712:[BUOY  ,0087]from +4mbar/s to +0mbar/s
1727328712:[PUMP  ,0378]Outflow calculated : 2713
1727328712:[BUOY  ,0089]need to transfer +26mL (pump during 38573ms)
1727328713:[PUMP  ,0016]pump during 38573ms
1727328751:[PUMP  ,0212]battery 13703mV,  852780uA (steady state), P+196687mbar
1727329038:[BUOY  ,0087]from +4mbar/s to +0mbar/s
1727329038:[PUMP  ,0378]Outflow calculated : 2713
1727329038:[BUOY  ,0089]need to transfer +26mL (pump during 38573ms)
1727329039:[PUMP  ,0016]pump during 38573ms
1727329077:[PUMP  ,0212]battery 13712mV,  861442uA (steady state), P+198037mbar
1727329364:[BUOY  ,0087]from +3mbar/s to +0mbar/s
1727329364:[PUMP  ,0378]Outflow calculated : 2713
1727329365:[BUOY  ,0089]need to transfer +14mL (pump during 20544ms)
1727329366:[PUMP  ,0016]pump during 20544ms
1727329386:[PUMP  ,0212]battery 13716mV,  860832uA (steady state), P+198977mbar
1727330891:[BUOY  ,0087]from +1mbar/s to +0mbar/s
1727330891:[PUMP  ,0378]Outflow calculated : 2713
1727330891:[BUOY  ,0089]need to transfer +2mL (pump during 2908ms)
1727330893:[PUMP  ,0016]pump during 2908ms
1727332418:[MAIN  ,0140]stage[0] complete 25489s after mission start
1727332418:[MAIN  ,0056]stage[1]
1727332421:[MAIN  ,0024]internal pressure 77305Pa
1727332422:[MRMAID,0002]acq started
1727332422:[SBE   ,0391]Mode changed from SLEEP to UPDATE
1727332423:[BUOY  ,0037]P+200137mbar
1727332425:[STAGE ,0213]200137mbar reached at 1727332425s, ref 200000mbar +/-5000mbar
1727332426:[SBE   ,0391]Mode changed from UPDATE to START
1727332426:[SBE   ,0385]Start manual acquisitions
1727332426:[SBE   ,0391]Mode changed from START to PROFILING
1727332461:[SBE61 ,0396]P +20039,T +19254,S +34588
1727332471:[MRMAID,0184]acq already started
1727332518:[MRMAID,0059]stop canceled
1727336034:[MRMAID,0003]acq stopped
1727336035:[MRMAID,0052]$MEASFS,140726,3516.908295,40.014123;
1727336070:[SBE61 ,0396]P +20062,T +19237,S +34588
1727336071:[MRMAID,0002]acq started
1727339634:[MRMAID,0003]acq stopped
1727339634:[MRMAID,0052]$MEASFS,140458,3510.208740,40.014145;
1727339670:[SBE61 ,0396]P +20114,T +19210,S +34590
1727339671:[MRMAID,0002]acq started
1727343234:[MRMAID,0003]acq stopped
1727343234:[MRMAID,0052]$MEASFS,140440,3509.757447,40.014161;
1727343269:[SBE61 ,0396]P +20172,T +19084,S +34591
1727343270:[MRMAID,0002]acq started
1727343530:[PRESS ,0038]P+201727mbar,T+32767mdegC
1727345031:[BUOY  ,0087]from +1mbar/s to +0mbar/s
1727345031:[PUMP  ,0378]Outflow calculated : 2711
1727345031:[BUOY  ,0089]need to transfer +2mL (pump during 2923ms)
1727345031:[MRMAID,0003]acq stopped
1727345031:[MRMAID,0052]$MEASFS,68317,1707.320160,40.014171;
1727345033:[PUMP  ,0016]pump during 2923ms
1727345037:[MRMAID,0002]acq started
1727346843:[MRMAID,0003]acq stopped
1727346843:[MRMAID,0052]$MEASFS,70156,1753.278656,40.014176;
1727346879:[SBE61 ,0396]P +20179,T +19135,S +34590
1727346880:[MRMAID,0002]acq started
1727350443:[MRMAID,0052]$STOPACK:$MEASFS,140438,3509.705566,40.014183;
1727350446:[MRMAID,0185]3 spurious byte(s) received
1727350478:[SBE61 ,0396]P +20119,T +19048,S +34592
1727350480:[MRMAID,0002]acq started
1727353162:[BUOY  ,0087]from +1mbar/s to +0mbar/s
1727353162:[PUMP  ,0378]Outflow calculated : 2711
1727353162:[BUOY  ,0089]need to transfer +2mL (pump during 2927ms)
1727353162:[MRMAID,0003]acq stopped
1727353162:[MRMAID,0052]$MEASFS,105208,2629.267303,40.014189;
1727353164:[PUMP  ,0016]pump during 2927ms
1727353168:[MRMAID,0002]acq started
1727354043:[MRMAID,0003]acq stopped
1727354043:[MRMAID,0185]11 spurious byte(s) received
1727354078:[SBE61 ,0396]P +20341,T +19102,S +34591
1727354079:[MRMAID,0002]acq started
1727357652:[MRMAID,0003]acq stopped
1727357652:[MRMAID,0052]$MEASFS,140841,3519.775879,40.014195;
1727357688:[SBE61 ,0396]P +20113,T +19177,S +34590
1727357689:[MRMAID,0002]acq started
1727359192:[BUOY  ,0087]from -1mbar/s to +0mbar/s
1727359192:[BUOY  ,0090]need to transfer -2mL (valve during 57ms)
1727359192:[MRMAID,0003]acq stopped
1727359192:[MRMAID,0185]28 spurious byte(s) received
1727359193:[VALVE ,0034]valve opening 57ms
1727359196:[MRMAID,0002]acq started
1727359520:[BUOY  ,0087]from +1mbar/s to +0mbar/s
1727359520:[PUMP  ,0378]Outflow calculated : 2712
1727359520:[BUOY  ,0089]need to transfer +2mL (pump during 2927ms)
1727359520:[MRMAID,0003]acq stopped
1727359522:[PUMP  ,0016]pump during 2927ms
1727359526:[MRMAID,0002]acq started
1727359847:[BUOY  ,0087]from +2mbar/s to +0mbar/s
1727359847:[PUMP  ,0378]Outflow calculated : 2712
1727359847:[BUOY  ,0089]need to transfer +6mL (pump during 8782ms)
1727359847:[MRMAID,0003]acq stopped
1727359850:[PUMP  ,0016]pump during 8782ms
1727359858:[PUMP  ,0212]battery 13676mV,  879498uA (steady state), P+200777mbar
1727359860:[MRMAID,0002]acq started
1727360176:[BUOY  ,0087]from +1mbar/s to +0mbar/s
1727360176:[PUMP  ,0378]Outflow calculated : 2711
1727360176:[BUOY  ,0089]need to transfer +2mL (pump during 2969ms)
1727360176:[MRMAID,0003]acq stopped
1727360178:[PUMP  ,0016]pump during 2969ms
1727360182:[MRMAID,0002]acq started
1727361252:[MRMAID,0003]acq stopped
1727361252:[MRMAID,0185]12 spurious byte(s) received
1727361287:[SBE61 ,0396]P +20166,T +19059,S +34592
1727361289:[MRMAID,0002]acq started
1727364861:[MRMAID,0003]acq stopped
1727364862:[MRMAID,0052]$MEASFS,140840,3519.750245,40.014203;
1727364897:[SBE61 ,0396]P +20284,T +19109,S +34591
1727364898:[MRMAID,0002]acq started
1727368461:[MRMAID,0003]acq stopped
1727368461:[MRMAID,0052]$MEASFS,140440,3509.753571,40.014205;
1727368497:[SBE61 ,0396]P +20175,T +19189,S +34589
1727368498:[MRMAID,0002]acq started
1727372061:[MRMAID,0003]acq stopped
1727372061:[MRMAID,0052]$MEASFS,140441,3509.778382,40.014207;
1727372096:[SBE61 ,0396]P +20250,T +19102,S +34591
1727372097:[MRMAID,0002]acq started
1727375670:[MRMAID,0003]acq stopped
1727375670:[MRMAID,0052]$MEASFS,140839,3519.724701,40.014209;
1727375706:[SBE61 ,0396]P +20256,T +19090,S +34591
1727375707:[MRMAID,0002]acq started
1727379270:[MRMAID,0003]acq stopped
1727379270:[MRMAID,0052]$MEASFS,140440,3509.753113,40.014211;
1727379305:[SBE61 ,0396]P +20273,T +19098,S +34591
1727379307:[MRMAID,0002]acq started
1727382870:[MRMAID,0003]acq stopped
1727382870:[MRMAID,0052]$MEASFS,140436,3509.653076,40.014211;
1727382905:[SBE61 ,0396]P +20324,T +19181,S +34590
1727382906:[MRMAID,0002]acq started
1727386479:[MRMAID,0003]acq stopped
1727386479:[MRMAID,0052]$MEASFS,140825,3519.374573,40.014212;
1727386515:[SBE61 ,0396]P +20304,T +19165,S +34591
1727386516:[MRMAID,0002]acq started
1727390079:[MRMAID,0003]acq stopped
1727390079:[MRMAID,0052]$MEASFS,140442,3509.802917,40.014213;
1727390114:[SBE61 ,0396]P +20290,T +19182,S +34590
1727390116:[MRMAID,0002]acq started
1727393689:[MRMAID,0003]acq stopped
1727393689:[MRMAID,0052]$MEASFS,140841,3519.774292,40.014214;
1727393724:[SBE61 ,0396]P +20284,T +19126,S +34590
1727393725:[MRMAID,0002]acq started
1727397288:[MRMAID,0003]acq stopped
1727397288:[MRMAID,0052]$MEASFS,140442,3509.802796,40.014214;
1727397324:[SBE61 ,0396]P +20328,T +19058,S +34592
1727397325:[MRMAID,0002]acq started
1727397549:[MRMAID,0027]2031dbar, 33degC
1727400888:[MRMAID,0003]acq stopped
1727400888:[MRMAID,0052]$MEASFS,140439,3509.727844,40.014214;
1727400923:[SBE61 ,0396]P +20394,T +19078,S +34591
1727400924:[MRMAID,0002]acq started
1727402824:[BUOY  ,0087]from +1mbar/s to +0mbar/s
1727402824:[PUMP  ,0378]Outflow calculated : 2709
1727402824:[BUOY  ,0089]need to transfer +2mL (pump during 2938ms)
1727402824:[MRMAID,0003]acq stopped
1727402824:[MRMAID,0052]$MEASFS,73887,1846.518829,40.014214;
1727402825:[PUMP  ,0016]pump during 2938ms
1727402830:[MRMAID,0002]acq started
1727404497:[MRMAID,0003]acq stopped
1727404497:[MRMAID,0185]28 spurious byte(s) received
1727404533:[SBE61 ,0396]P +20283,T +19223,S +34589
1727404534:[MRMAID,0002]acq started
1727408097:[MRMAID,0003]acq stopped
1727408097:[MRMAID,0052]$MEASFS,140441,3509.777771,40.014214;
1727408132:[SBE61 ,0396]P +20400,T +19192,S +34590
1727408134:[MRMAID,0002]acq started
1727408854:[BUOY  ,0087]from +1mbar/s to +0mbar/s
1727408854:[PUMP  ,0378]Outflow calculated : 2710
1727408854:[BUOY  ,0089]need to transfer +2mL (pump during 2938ms)
1727408854:[MRMAID,0003]acq stopped
1727408854:[MRMAID,0185]19 spurious byte(s) received
1727408856:[PUMP  ,0016]pump during 2938ms
1727408860:[MRMAID,0002]acq started
1727411697:[MRMAID,0003]acq stopped
1727411697:[MRMAID,0052]$MEASFS,111389,2783.735748,40.014215;
1727411732:[SBE61 ,0396]P +20224,T +19369,S +34587
1727411733:[MRMAID,0002]acq started
1727415306:[MRMAID,0003]acq stopped
1727415306:[MRMAID,0052]$MEASFS,140839,3519.724213,40.014215;
1727415342:[SBE61 ,0396]P +20219,T +19361,S +34587
1727415343:[MRMAID,0002]acq started
1727418906:[MRMAID,0003]acq stopped
1727418906:[MRMAID,0052]$MEASFS,140440,3509.752777,40.014214;
1727418941:[SBE61 ,0396]P +20141,T +19307,S +34587
1727418943:[MRMAID,0002]acq started
1727422516:[MRMAID,0003]acq stopped
1727422516:[MRMAID,0052]$MEASFS,140841,3519.774201,40.014215;
1727422551:[SBE61 ,0396]P +20075,T +19208,S +34589
1727422552:[MRMAID,0002]acq started
1727426115:[MRMAID,0003]acq stopped
1727426115:[MRMAID,0052]$MEASFS,140442,3509.802734,40.014215;
1727426151:[SBE61 ,0396]P +20258,T +19134,S +34590
1727426152:[MRMAID,0002]acq started
1727426289:[BUOY  ,0087]from +1mbar/s to +0mbar/s
1727426289:[PUMP  ,0378]Outflow calculated : 2711
1727426289:[BUOY  ,0089]need to transfer +2mL (pump during 2937ms)
1727426289:[MRMAID,0003]acq stopped
1727426291:[PUMP  ,0016]pump during 2937ms
1727426295:[MRMAID,0002]acq started
1727429715:[MRMAID,0003]acq stopped
1727429715:[MRMAID,0052]$MEASFS,134718,3366.753540,40.014215;
1727429750:[SBE61 ,0396]P +20147,T +19238,S +34589
1727429751:[MRMAID,0002]acq started
1727433324:[MRMAID,0003]acq stopped
1727433324:[MRMAID,0052]$MEASFS,140836,3519.649201,40.014215;
1727433360:[SBE61 ,0396]P +20098,T +19229,S +34589
1727433361:[MRMAID,0002]acq started
1727436924:[MRMAID,0003]acq stopped
1727436924:[MRMAID,0052]$MEASFS,140441,3509.777710,40.014215;
1727436959:[SBE61 ,0396]P +20156,T +19233,S +34589
1727436961:[MRMAID,0002]acq started
1727440524:[MRMAID,0003]acq stopped
1727440524:[MRMAID,0052]$MEASFS,140437,3509.677765,40.014215;
1727440559:[SBE61 ,0396]P +20167,T +19302,S +34588
1727440560:[MRMAID,0002]acq started
1727444133:[MRMAID,0003]acq stopped
1727444133:[MRMAID,0052]$MEASFS,140839,3519.724182,40.014215;
1727444169:[SBE61 ,0396]P +20167,T +19297,S +34587
1727444170:[MRMAID,0002]acq started
1727446325:[MRMAID,0027]2015dbar, 33degC
1727447733:[MRMAID,0003]acq stopped
1727447733:[MRMAID,0052]$MEASFS,140440,3509.752716,40.014215;
1727447768:[SBE61 ,0396]P +20166,T +19297,S +34588
1727447770:[MRMAID,0002]acq started
1727451343:[MRMAID,0003]acq stopped
1727451343:[MRMAID,0052]$MEASFS,140839,3519.724182,40.014215;
1727451378:[SBE61 ,0396]P +20122,T +19296,S +34588
1727451379:[MRMAID,0002]acq started
1727454942:[MRMAID,0003]acq stopped
1727454942:[MRMAID,0052]$MEASFS,140440,3509.752746,40.014215;
1727454978:[SBE61 ,0396]P +20169,T +19237,S +34590
1727454979:[MRMAID,0002]acq started
1727456631:[BUOY  ,0101]stage[1] 10 stab done
1727456631:[BUOY  ,0087]from +1mbar/s to +0mbar/s
1727456631:[PUMP  ,0378]Outflow calculated : 2711
1727456631:[BUOY  ,0089]need to transfer +2mL (pump during 2938ms)
1727456631:[MRMAID,0003]acq stopped
1727456631:[MRMAID,0185]28 spurious byte(s) received
1727456633:[PUMP  ,0016]pump during 2938ms
1727456637:[MRMAID,0002]acq started
1727458542:[MRMAID,0003]acq stopped
1727458542:[MRMAID,0052]$MEASFS,74083,1851.417053,40.014215;
1727458577:[SBE61 ,0396]P +20286,T +19351,S +34587
1727458578:[MRMAID,0002]acq started
1727462151:[MRMAID,0003]acq stopped
1727462151:[MRMAID,0052]$MEASFS,140841,3519.774140,40.014215;
1727462187:[SBE61 ,0396]P +20064,T +19388,S +34587
1727462188:[MRMAID,0002]acq started
1727465751:[MRMAID,0003]acq stopped
1727465751:[MRMAID,0052]$MEASFS,140438,3509.702759,40.014215;
1727465786:[SBE61 ,0396]P +20143,T +19369,S +34587
1727465788:[MRMAID,0002]acq started
1727469351:[MRMAID,0003]acq stopped
1727469351:[MRMAID,0052]$MEASFS,140441,3509.777710,40.014215;
1727469386:[SBE61 ,0396]P +20020,T +19370,S +34587
1727469387:[MRMAID,0002]acq started
1727472960:[MRMAID,0003]acq stopped
1727472960:[MRMAID,0052]$MEASFS,140840,3519.749176,40.014215;
1727472996:[SBE61 ,0396]P +20198,T +19380,S +34587
1727472997:[MRMAID,0002]acq started
1727476560:[MRMAID,0003]acq stopped
1727476560:[MRMAID,0052]$MEASFS,140441,3509.777740,40.014215;
1727476595:[SBE61 ,0396]P +20091,T +19361,S +34587
1727476597:[MRMAID,0002]acq started
1727480169:[MRMAID,0003]acq stopped
1727480170:[MRMAID,0052]$MEASFS,140839,3519.724182,40.014215;
1727480205:[SBE61 ,0396]P +20149,T +19388,S +34586
1727480206:[MRMAID,0002]acq started
1727483769:[MRMAID,0003]acq stopped
1727483769:[MRMAID,0052]$MEASFS,140440,3509.752747,40.014215;
1727483805:[SBE61 ,0396]P +20064,T +19337,S +34587
1727483806:[MRMAID,0002]acq started
1727487369:[MRMAID,0003]acq stopped
1727487369:[MRMAID,0052]$MEASFS,140440,3509.752747,40.014215;
1727487404:[SBE61 ,0396]P +20160,T +19370,S +34587
1727487406:[MRMAID,0002]acq started
1727490978:[MRMAID,0003]acq stopped
1727490979:[MRMAID,0052]$MEASFS,140857,3520.174041,40.014215;
1727491014:[SBE61 ,0396]P +20121,T +19382,S +34587
1727491015:[MRMAID,0002]acq started
1727494578:[MRMAID,0003]acq stopped
1727494578:[MRMAID,0052]$MEASFS,140442,3509.802735,40.014215;
1727494613:[SBE61 ,0396]P +20168,T +19376,S +34587
1727494615:[MRMAID,0002]acq started
1727498178:[MRMAID,0003]acq stopped
1727498178:[MRMAID,0052]$MEASFS,140438,3509.702759,40.014215;
1727498213:[SBE61 ,0396]P +20217,T +19443,S +34586
1727498214:[MRMAID,0002]acq started
1727501787:[MRMAID,0003]acq stopped
1727501787:[MRMAID,0052]$MEASFS,140841,3519.774170,40.014215;
1727501823:[SBE61 ,0396]P +20221,T +19554,S +34584
1727501824:[MRMAID,0002]acq started
1727505387:[MRMAID,0003]acq stopped
1727505387:[MRMAID,0052]$MEASFS,140437,3509.677765,40.014215;
1727505422:[SBE61 ,0396]P +20125,T +19588,S +34584
1727505424:[MRMAID,0002]acq started
1727508997:[MRMAID,0003]acq stopped
1727508997:[MRMAID,0052]$MEASFS,140840,3519.749206,40.014215;
1727509032:[SBE61 ,0396]P +20232,T +19571,S +34584
1727509033:[MRMAID,0002]acq started
1727512596:[MRMAID,0003]acq stopped
1727512596:[MRMAID,0052]$MEASFS,140437,3509.677795,40.014214;
1727512632:[SBE61 ,0396]P +20130,T +19504,S +34585
1727512633:[MRMAID,0002]acq started
1727516196:[MRMAID,0003]acq stopped
1727516196:[MRMAID,0052]$MEASFS,140440,3509.752747,40.014215;
1727516231:[SBE61 ,0396]P +20210,T +19398,S +34587
1727516232:[MRMAID,0002]acq started
1727519805:[MRMAID,0003]acq stopped
1727519806:[MRMAID,0052]$MEASFS,140839,3519.724213,40.014215;
1727519841:[SBE61 ,0396]P +20112,T +19452,S +34585
1727519842:[MRMAID,0002]acq started
1727523405:[MRMAID,0003]acq stopped
1727523405:[MRMAID,0052]$MEASFS,140439,3509.727752,40.014215;
1727523440:[SBE61 ,0396]P +20233,T +19455,S +34586
1727523442:[MRMAID,0002]acq started
1727526836:[MRMAID,0027]2011dbar, 33degC
1727527025:[MRMAID,0003]acq stopped
1727527025:[MRMAID,0052]$MEASFS,141239,3529.720673,40.014214;
1727527040:[SBE61 ,0396]P +20105,T +19466,S +34587
1727527041:[MRMAID,0002]acq started
1727530614:[MRMAID,0003]acq stopped
1727530614:[MRMAID,0052]$MEASFS,140841,3519.774200,40.014215;
1727530650:[SBE61 ,0396]P +20198,T +19443,S +34586
1727530651:[MRMAID,0002]acq started
1727534214:[MRMAID,0003]acq stopped
1727534214:[MRMAID,0052]$MEASFS,140437,3509.677765,40.014215;
1727534249:[SBE61 ,0396]P +20282,T +19407,S +34586
1727534251:[MRMAID,0002]acq started
1727537824:[MRMAID,0003]acq stopped
1727537824:[MRMAID,0052]$MEASFS,140841,3519.774170,40.014215;
1727537859:[SBE61 ,0396]P +20209,T +19541,S +34585
1727537860:[MRMAID,0002]acq started
1727541423:[MRMAID,0003]acq stopped
1727541423:[MRMAID,0052]$MEASFS,140437,3509.677765,40.014215;
1727541459:[SBE61 ,0396]P +20129,T +19424,S +34586
1727541460:[MRMAID,0002]acq started
1727545023:[MRMAID,0003]acq stopped
1727545023:[MRMAID,0052]$MEASFS,140441,3509.777710,40.014215;
1727545058:[SBE61 ,0396]P +20248,T +19397,S +34587
1727545059:[MRMAID,0002]acq started
1727546061:[MRMAID,0027]2021dbar, 33degC
1727548632:[MRMAID,0003]acq stopped
1727548633:[MRMAID,0052]$MEASFS,140840,3519.749176,40.014215;
1727548668:[SBE61 ,0396]P +20241,T +19414,S +34586
1727548669:[MRMAID,0002]acq started
1727552232:[MRMAID,0003]acq stopped
1727552232:[MRMAID,0052]$MEASFS,140440,3509.752746,40.014215;
1727552267:[SBE61 ,0396]P +20250,T +19555,S +34584
1727552269:[MRMAID,0002]acq started
1727555832:[MRMAID,0003]acq stopped
1727555832:[MRMAID,0052]$MEASFS,140440,3509.752746,40.014215;
1727555867:[SBE61 ,0396]P +20233,T +19551,S +34585
1727555868:[MRMAID,0002]acq started
1727559441:[MRMAID,0003]acq stopped
1727559441:[MRMAID,0052]$MEASFS,140835,3519.624267,40.014214;
1727559477:[SBE61 ,0396]P +20264,T +19464,S +34586
1727559478:[MRMAID,0002]acq started
1727563041:[MRMAID,0003]acq stopped
1727563041:[MRMAID,0052]$MEASFS,140442,3509.802735,40.014215;
1727563076:[SBE61 ,0396]P +20123,T +19557,S +34584
1727563078:[MRMAID,0002]acq started
1727566641:[MRMAID,0003]acq stopped
1727566641:[MRMAID,0052]$MEASFS,140442,3509.802735,40.014215;
1727566676:[SBE61 ,0396]P +20273,T +19411,S +34586
1727566677:[MRMAID,0002]acq started
1727570250:[MRMAID,0003]acq stopped
1727570250:[MRMAID,0052]$MEASFS,140840,3519.749207,40.014215;
1727570286:[SBE61 ,0396]P +20229,T +19437,S +34587
1727570287:[MRMAID,0002]acq started
1727573850:[MRMAID,0003]acq stopped
1727573850:[MRMAID,0052]$MEASFS,140441,3509.777741,40.014215;
1727573885:[SBE61 ,0396]P +20243,T +19425,S +34586
1727573887:[MRMAID,0002]acq started
1727577459:[MRMAID,0003]acq stopped
1727577460:[MRMAID,0052]$MEASFS,140858,3520.199036,40.014215;
1727577495:[SBE61 ,0396]P +20224,T +19396,S +34587
1727577496:[MRMAID,0002]acq started
1727581059:[MRMAID,0003]acq stopped
1727581059:[MRMAID,0052]$MEASFS,140441,3509.777740,40.014215;
1727581095:[SBE61 ,0396]P +20221,T +19419,S +34587
1727581096:[MRMAID,0002]acq started
1727584659:[MRMAID,0003]acq stopped
1727584659:[MRMAID,0052]$MEASFS,140440,3509.752716,40.014215;
1727584694:[SBE61 ,0396]P +20308,T +19365,S +34587
1727584695:[MRMAID,0002]acq started
1727588268:[MRMAID,0003]acq stopped
1727588268:[MRMAID,0052]$MEASFS,140839,3519.724182,40.014215;
1727588304:[SBE61 ,0396]P +20143,T +19375,S +34587
1727588305:[MRMAID,0002]acq started
1727591868:[MRMAID,0003]acq stopped
1727591868:[MRMAID,0052]$MEASFS,140440,3509.752716,40.014215;
1727591903:[SBE61 ,0396]P +20330,T +19379,S +34587
1727591905:[MRMAID,0002]acq started
1727595468:[MRMAID,0003]acq stopped
1727595468:[MRMAID,0052]$MEASFS,140440,3509.752716,40.014215;
1727595503:[SBE61 ,0396]P +20267,T +19459,S +34586
1727595504:[MRMAID,0002]acq started
1727599077:[MRMAID,0003]acq stopped
1727599077:[MRMAID,0052]$MEASFS,140837,3519.674195,40.014215;
1727599113:[SBE61 ,0396]P +20178,T +19375,S +34587
1727599114:[MRMAID,0002]acq started
1727602677:[MRMAID,0003]acq stopped
1727602677:[MRMAID,0052]$MEASFS,140442,3509.802704,40.014215;
1727602712:[SBE61 ,0396]P +20257,T +19379,S +34587
1727602714:[MRMAID,0002]acq started
1727606286:[MRMAID,0003]acq stopped
1727606287:[MRMAID,0052]$MEASFS,140837,3519.674194,40.014215;
1727606322:[SBE61 ,0396]P +20255,T +19430,S +34586
1727606323:[MRMAID,0002]acq started
1727609886:[MRMAID,0003]acq stopped
1727609886:[MRMAID,0052]$MEASFS,140442,3509.802734,40.014215;
1727609922:[SBE61 ,0396]P +20267,T +19423,S +34586
1727609923:[MRMAID,0002]acq started
1727613486:[MRMAID,0003]acq stopped
1727613486:[MRMAID,0052]$MEASFS,140441,3509.777710,40.014215;
1727613521:[SBE61 ,0396]P +20231,T +19375,S +34587
1727613522:[MRMAID,0002]acq started
1727617095:[MRMAID,0003]acq stopped
1727617095:[MRMAID,0052]$MEASFS,140840,3519.749176,40.014215;
1727617131:[SBE61 ,0396]P +20304,T +19336,S +34588
1727617132:[MRMAID,0002]acq started
1727620695:[MRMAID,0003]acq stopped
1727620695:[MRMAID,0052]$MEASFS,140440,3509.752716,40.014215;
1727620730:[SBE61 ,0396]P +20297,T +19388,S +34587
1727620732:[MRMAID,0002]acq started
1727624295:[MRMAID,0003]acq stopped
1727624295:[MRMAID,0052]$MEASFS,140440,3509.752716,40.014215;
1727624330:[SBE61 ,0396]P +20457,T +19557,S +34585
1727624331:[MRMAID,0002]acq started
1727627904:[MRMAID,0003]acq stopped
1727627904:[MRMAID,0052]$MEASFS,140839,3519.724182,40.014215;
1727627940:[SBE61 ,0396]P +20163,T +19472,S +34585
1727627941:[MRMAID,0002]acq started
1727631504:[MRMAID,0003]acq stopped
1727631504:[MRMAID,0052]$MEASFS,140436,3509.652771,40.014215;
1727631539:[SBE61 ,0396]P +20314,T +19438,S +34586
1727631541:[MRMAID,0002]acq started
1727635114:[MRMAID,0003]acq stopped
1727635149:[SBE61 ,0396]P +20298,T +19445,S +34587
1727635150:[MRMAID,0002]acq started
1727638713:[MRMAID,0003]acq stopped
1727638713:[MRMAID,0052]$MEASFS,140442,3509.802704,40.014215;
1727638749:[SBE61 ,0396]P +20307,T +19384,S +34587
1727638750:[MRMAID,0002]acq started
1727642313:[MRMAID,0003]acq stopped
1727642313:[MRMAID,0052]$MEASFS,140441,3509.777710,40.014215;
1727642348:[SBE61 ,0396]P +20314,T +19398,S +34587
1727642349:[MRMAID,0002]acq started
1727645922:[MRMAID,0003]acq stopped
1727645922:[MRMAID,0052]$MEASFS,140840,3519.749207,40.014215;
1727645958:[SBE61 ,0396]P +20301,T +19376,S +34587
1727645959:[MRMAID,0002]acq started
1727649522:[MRMAID,0003]acq stopped
1727649522:[MRMAID,0052]$MEASFS,140441,3509.777710,40.014215;
1727649557:[SBE61 ,0396]P +20269,T +19388,S +34587
1727649559:[MRMAID,0002]acq started
1727653122:[MRMAID,0003]acq stopped
1727653122:[MRMAID,0052]$MEASFS,140437,3509.677734,40.014215;
1727653157:[SBE61 ,0396]P +20344,T +19382,S +34587
1727653158:[MRMAID,0002]acq started
1727656731:[MRMAID,0003]acq stopped
1727656731:[MRMAID,0052]$MEASFS,140839,3519.724182,40.014215;
1727656767:[SBE61 ,0396]P +20292,T +19372,S +34588
1727656768:[MRMAID,0002]acq started
1727660331:[MRMAID,0003]acq stopped
1727660331:[MRMAID,0052]$MEASFS,140436,3509.652771,40.014215;
1727660366:[SBE61 ,0396]P +20288,T +19300,S +34589
1727660368:[MRMAID,0002]acq started
1727663941:[MRMAID,0003]acq stopped
1727663941:[MRMAID,0052]$MEASFS,140858,3520.199006,40.014215;
1727663976:[SBE61 ,0396]P +20261,T +19338,S +34587
1727663977:[MRMAID,0002]acq started
1727667540:[MRMAID,0003]acq stopped
1727667540:[MRMAID,0052]$MEASFS,140440,3509.752716,40.014215;
1727667576:[SBE61 ,0396]P +20292,T +19268,S +34589
1727667577:[MRMAID,0002]acq started
1727671140:[MRMAID,0003]acq stopped
1727671140:[MRMAID,0052]$MEASFS,140438,3509.702728,40.014215;
1727671175:[SBE61 ,0396]P +20359,T +19242,S +34589
1727671176:[MRMAID,0002]acq started
1727674749:[MRMAID,0003]acq stopped
1727674750:[MRMAID,0052]$MEASFS,140842,3519.799133,40.014215;
1727674785:[SBE61 ,0396]P +20360,T +19300,S +34588
1727674786:[MRMAID,0002]acq started
1727678349:[MRMAID,0003]acq stopped
1727678349:[MRMAID,0052]$MEASFS,140442,3509.802703,40.014215;
1727678384:[SBE61 ,0396]P +20297,T +19295,S +34589
1727678386:[MRMAID,0002]acq started
1727681949:[MRMAID,0003]acq stopped
1727681949:[MRMAID,0052]$MEASFS,140437,3509.677704,40.014216;
1727681984:[SBE61 ,0396]P +20310,T +19339,S +34588
1727681985:[MRMAID,0002]acq started
1727685558:[MRMAID,0052]$$MEASFS,140840,3519.749146,40.014215;
1727685561:[MRMAID,0185]11 spurious byte(s) received
1727685594:[SBE61 ,0396]P +20309,T +19236,S +34590
1727685595:[MRMAID,0002]acq started
1727689158:[MRMAID,0003]acq stopped
1727689158:[MRMAID,0052]$MEASFS,140441,3509.777679,40.014215;
1727689193:[SBE61 ,0396]P +20366,T +19340,S +34588
1727689195:[MRMAID,0002]acq started
1727692767:[MRMAID,0003]acq stopped
1727692768:[MRMAID,0052]$MEASFS,140835,3519.624176,40.014215;
1727692803:[SBE61 ,0396]P +20354,T +19374,S +34587
1727692804:[MRMAID,0002]acq started
1727696367:[MRMAID,0003]acq stopped
1727696367:[MRMAID,0052]$MEASFS,140440,3509.752716,40.014215;
1727696403:[SBE61 ,0396]P +20358,T +19401,S +34587
1727696404:[MRMAID,0002]acq started
1727699274:[MRMAID,0027]2022dbar, 33degC
1727699417:[MRMAID,0005]ascent request rejected
1727699967:[MRMAID,0003]acq stopped
1727699967:[MRMAID,0052]$MEASFS,140440,3509.752686,40.014215;
1727700002:[SBE61 ,0396]P +20225,T +19354,S +34588
1727700003:[MRMAID,0002]acq started
1727703576:[MRMAID,0003]acq stopped
1727703576:[MRMAID,0052]$MEASFS,140839,3519.724152,40.014215;
1727703612:[SBE61 ,0396]P +20368,T +19304,S +34588
1727703613:[MRMAID,0002]acq started
1727707176:[MRMAID,0003]acq stopped
1727707176:[MRMAID,0052]$MEASFS,140442,3509.802674,40.014215;
1727707211:[SBE61 ,0396]P +20338,T +19342,S +34588
1727707213:[MRMAID,0002]acq started
1727710776:[MRMAID,0003]acq stopped
1727710776:[MRMAID,0052]$MEASFS,140442,3509.802704,40.014215;
1727710811:[SBE61 ,0396]P +20380,T +19372,S +34587
1727710812:[MRMAID,0002]acq started
1727714385:[MRMAID,0003]acq stopped
1727714385:[MRMAID,0052]$MEASFS,140841,3519.774139,40.014215;
1727714421:[SBE61 ,0396]P +20379,T +19392,S +34587
1727714422:[MRMAID,0002]acq started
1727717985:[MRMAID,0003]acq stopped
1727717985:[MRMAID,0052]$MEASFS,140441,3509.777710,40.014215;
1727718020:[SBE61 ,0396]P +20355,T +19376,S +34587
1727718022:[MRMAID,0002]acq started
1727721595:[MRMAID,0052]$MEASFS,140840,3519.749145,40.014215;
1727721598:[MRMAID,0003]acq stopped
1727721630:[SBE61 ,0396]P +20375,T +19336,S +34588
1727721631:[MRMAID,0002]acq started
1727725194:[MRMAID,0003]acq stopped
1727725194:[MRMAID,0052]$MEASFS,140441,3509.777710,40.014215;
1727725230:[SBE61 ,0396]P +20333,T +19329,S +34588
1727725231:[MRMAID,0002]acq started
1727728794:[MRMAID,0003]acq stopped
1727728794:[MRMAID,0052]$MEASFS,140440,3509.752716,40.014215;
1727728829:[SBE61 ,0396]P +20289,T +19317,S +34588
1727728830:[MRMAID,0002]acq started
1727732404:[MRMAID,0052]$STO$MEASFS,140839,3519.724151,40.014215;
1727732407:[MRMAID,0185]8 spurious byte(s) received
1727732439:[SBE61 ,0396]P +20355,T +19307,S +34588
1727732440:[MRMAID,0002]acq started
1727736003:[MRMAID,0003]acq stopped
1727736003:[MRMAID,0052]$MEASFS,140440,3509.752717,40.014215;
1727736038:[SBE61 ,0396]P +20343,T +19267,S +34589
1727736040:[MRMAID,0002]acq started
1727739603:[MRMAID,0003]acq stopped
1727739603:[MRMAID,0052]$MEASFS,140440,3509.752686,40.014215;
1727739638:[SBE61 ,0396]P +20341,T +19210,S +34590
1727739639:[MRMAID,0002]acq started
1727743212:[MRMAID,0052]$STOPACK:$MEASFS,140841,3519.774139,40.014215;
1727743215:[MRMAID,0185]3 spurious byte(s) received
1727743248:[SBE61 ,0396]P +20352,T +19275,S +34589
1727743249:[MRMAID,0002]acq started
1727743783:[MRMAID,0149]<ERR>read 0,-2
1727743783:[MRMAID,0149]<ERR>read 0,-2
1727743783:[MRMAID,0185]8 spurious byte(s) received
1727743791:[MRMAID,0149]<ERR>read 0,-2
1727743791:[MRMAID,0185]2 spurious byte(s) received
1727743792:[MRMAID,0185]2 spurious byte(s) received
1727743826:[MRMAID,0052]$BOARD:452116600-A0;
1727743826:[MRMAID,0185]5 spurious byte(s) received
1727746812:[MRMAID,0188]acq already stopped
1727746847:[SBE61 ,0396]P +20351,T +19251,S +34589
1727746849:[MRMAID,0002]acq started
1727750422:[MRMAID,0052]$STOPAC$MEASFS,140837,3519.602539,40.015030;
1727750427:[MRMAID,0185]5 spurious byte(s) received
1727750457:[SBE61 ,0396]P +20303,T +19207,S +34590
1727750458:[MRMAID,0002]acq started
1727754021:[MRMAID,0003]acq stopped
1727754021:[MRMAID,0052]$MEASFS,140460,3510.181091,40.015030;
1727754057:[SBE61 ,0396]P +20505,T +19230,S +34590
1727754058:[MRMAID,0002]acq started
1727757621:[MRMAID,0003]acq stopped
1727757621:[MRMAID,0052]$MEASFS,140441,3509.706269,40.015030;
1727757656:[SBE61 ,0396]P +20338,T +19285,S +34588
1727757657:[MRMAID,0002]acq started
1727760384:[MRMAID,0027]2035dbar, 33degC
1727761230:[MRMAID,0003]acq stopped
1727761231:[MRMAID,0052]$MEASFS,140840,3519.677521,40.015030;
1727761266:[SBE61 ,0396]P +20353,T +19244,S +34590
1727761267:[MRMAID,0002]acq started
1727764830:[MRMAID,0003]acq stopped
1727764830:[MRMAID,0052]$MEASFS,140441,3509.706269,40.015030;
1727764865:[SBE61 ,0396]P +20359,T +19199,S +34590
1727764867:[MRMAID,0002]acq started
1727768430:[MRMAID,0003]acq stopped
1727768430:[MRMAID,0052]$MEASFS,140440,3509.681274,40.015030;
1727768465:[SBE61 ,0396]P +20451,T +19299,S +34589
1727768466:[MRMAID,0002]acq started
1727772039:[MRMAID,0003]acq stopped
1727772039:[MRMAID,0052]$MEASFS,140839,3519.652526,40.015030;
1727772075:[SBE61 ,0396]P +20417,T +19287,S +34589
1727772076:[MRMAID,0002]acq started
1727775268:[MRMAID,0027]2038dbar, 33degC
1727775409:[MRMAID,0005]ascent request rejected
1727775639:[MRMAID,0003]acq stopped
1727775639:[MRMAID,0052]$MEASFS,140438,3509.631318,40.015029;
1727775674:[SBE61 ,0396]P +20382,T +19377,S +34587
1727775676:[MRMAID,0002]acq started
1727779249:[MRMAID,0003]acq stopped
1727779249:[MRMAID,0052]$MEASFS,140838,3519.627563,40.015029;
1727779284:[SBE61 ,0396]P +20366,T +19311,S +34587
1727779285:[MRMAID,0002]acq started
1727782848:[MRMAID,0003]acq stopped
1727782848:[MRMAID,0052]$MEASFS,140446,3509.831238,40.015029;
1727782884:[SBE61 ,0396]P +20447,T +19321,S +34588
1727782885:[MRMAID,0002]acq started
1727786448:[MRMAID,0003]acq stopped
1727786448:[MRMAID,0052]$MEASFS,140442,3509.731262,40.015030;
1727786483:[SBE61 ,0396]P +20381,T +19255,S +34590
1727786484:[MRMAID,0002]acq started
1727790057:[MRMAID,0003]acq stopped
1727790058:[MRMAID,0052]$MEASFS,140840,3519.677520,40.015030;
1727790093:[SBE61 ,0396]P +20366,T +19246,S +34589
1727790094:[MRMAID,0002]acq started
1727793657:[MRMAID,0003]acq stopped
1727793657:[MRMAID,0052]$MEASFS,140441,3509.706269,40.015030;
1727793692:[SBE61 ,0396]P +20385,T +19268,S +34589
1727793694:[MRMAID,0002]acq started
1727797257:[MRMAID,0003]acq stopped
1727797257:[MRMAID,0052]$MEASFS,140441,3509.706268,40.015030;
1727797292:[SBE61 ,0396]P +20284,T +19206,S +34590
1727797293:[MRMAID,0002]acq started
1727800866:[MRMAID,0003]acq stopped
1727800866:[MRMAID,0052]$MEASFS,140840,3519.677521,40.015030;
1727800902:[SBE61 ,0396]P +20388,T +19123,S +34591
1727800903:[MRMAID,0002]acq started
1727804466:[MRMAID,0003]acq stopped
1727804466:[MRMAID,0052]$MEASFS,140440,3509.681275,40.015030;
1727804501:[SBE61 ,0396]P +20380,T +19151,S +34591
1727804503:[MRMAID,0002]acq started
1727808066:[MRMAID,0003]acq stopped
1727808066:[MRMAID,0052]$MEASFS,140440,3509.681274,40.015030;
1727808101:[SBE61 ,0396]P +20469,T +19208,S +34590
1727808102:[MRMAID,0002]acq started
1727811675:[MRMAID,0052]$ST$MEASFS,140839,3519.652527,40.015030;
1727811678:[MRMAID,0185]9 spurious byte(s) received
1727811711:[SBE61 ,0396]P +20506,T +19354,S +34588
1727811712:[MRMAID,0002]acq started
1727812031:[BUOY  ,0087]from +0mbar/s to -2mbar/s
1727812031:[PUMP  ,0378]Outflow calculated : 2709
1727812031:[BUOY  ,0089]need to transfer +6mL (pump during 8841ms)
1727812031:[MRMAID,0003]acq stopped
1727812033:[PUMP  ,0016]pump during 8841ms
1727812041:[PUMP  ,0212]battery 13457mV,  903654uA (steady state), P+205057mbar
1727812043:[MRMAID,0002]acq started
1727812358:[BUOY  ,0087]from +0mbar/s to -2mbar/s
1727812358:[PUMP  ,0378]Outflow calculated : 2709
1727812358:[BUOY  ,0089]need to transfer +6mL (pump during 8842ms)
1727812359:[MRMAID,0003]acq stopped
1727812360:[PUMP  ,0016]pump during 8842ms
1727812368:[PUMP  ,0212]battery 13538mV,  909754uA (steady state), P+205057mbar
1727812370:[MRMAID,0002]acq started
1727815275:[MRMAID,0003]acq stopped
1727815275:[MRMAID,0052]$MEASFS,114110,2851.678527,40.015029;
1727815310:[SBE61 ,0396]P +20097,T +19742,S +34581
1727815311:[MRMAID,0002]acq started
1727815987:[BUOY  ,0087]from -2mbar/s to +0mbar/s
1727815987:[BUOY  ,0090]need to transfer -6mL (valve during 172ms)
1727815987:[MRMAID,0003]acq stopped
1727815988:[MRMAID,0185]11 spurious byte(s) received
1727815988:[VALVE ,0034]valve opening 172ms
1727816000:[MRMAID,0002]acq started
1727816324:[BUOY  ,0087]from +2mbar/s to +0mbar/s
1727816324:[PUMP  ,0378]Outflow calculated : 2712
1727816324:[BUOY  ,0089]need to transfer +6mL (pump during 8816ms)
1727816324:[MRMAID,0003]acq stopped
1727816326:[PUMP  ,0016]pump during 8816ms
1727816334:[PUMP  ,0212]battery 13587mV,  889502uA (steady state), P+200057mbar
1727816336:[MRMAID,0002]acq started
1727816651:[BUOY  ,0087]from +1mbar/s to +0mbar/s
1727816651:[PUMP  ,0378]Outflow calculated : 2712
1727816651:[BUOY  ,0089]need to transfer +2mL (pump during 2930ms)
1727816651:[MRMAID,0003]acq stopped
1727816653:[PUMP  ,0016]pump during 2930ms
1727816657:[MRMAID,0002]acq started
1727816978:[BUOY  ,0087]from +1mbar/s to +0mbar/s
1727816978:[PUMP  ,0378]Outflow calculated : 2712
1727816979:[BUOY  ,0089]need to transfer +2mL (pump during 2940ms)
1727816979:[MRMAID,0003]acq stopped
1727816980:[PUMP  ,0016]pump during 2940ms
1727816984:[MRMAID,0002]acq started
1727817857:[MRMAID,0027]2010dbar, 33degC
1727818009:[MRMAID,0005]ascent request rejected
1727818884:[MRMAID,0003]acq stopped
1727818885:[MRMAID,0052]$MEASFS,73917,1847.230957,40.015029;
1727818920:[SBE61 ,0396]P +20088,T +19729,S +34581
1727818921:[MRMAID,0002]acq started
1727819074:[MRMAID,0027]2007dbar, 33degC
1727822484:[MRMAID,0003]acq stopped
1727822484:[MRMAID,0052]$MEASFS,140442,3509.731323,40.015029;
1727822520:[SBE61 ,0396]P +20076,T +19693,S +34581
1727822521:[MRMAID,0002]acq started
1727826084:[MRMAID,0003]acq stopped
1727826084:[MRMAID,0052]$MEASFS,140441,3509.706329,40.015029;
1727826119:[SBE61 ,0396]P +20052,T +19523,S +34586
1727826120:[MRMAID,0002]acq started
1727829693:[MRMAID,0003]acq stopped
1727829693:[MRMAID,0052]$MEASFS,140840,3519.677612,40.015029;
1727829729:[SBE61 ,0396]P +20064,T +19466,S +34586
1727829730:[MRMAID,0002]acq started
1727833293:[MRMAID,0003]acq stopped
1727833293:[MRMAID,0052]$MEASFS,140441,3509.706359,40.015029;
1727833328:[SBE61 ,0396]P +20114,T +19524,S +34585
1727833330:[MRMAID,0002]acq started
1727836893:[MRMAID,0003]acq stopped
1727836893:[MRMAID,0052]$MEASFS,140441,3509.706329,40.015029;
1727836928:[SBE61 ,0396]P +20044,T +19462,S +34586
1727836929:[MRMAID,0002]acq started
1727840502:[MRMAID,0003]acq stopped
1727840502:[MRMAID,0052]$MEASFS,140858,3520.127410,40.015029;
1727840538:[SBE61 ,0396]P +20099,T +19452,S +34586
1727840539:[MRMAID,0002]acq started
1727844102:[MRMAID,0003]acq stopped
1727844102:[MRMAID,0052]$MEASFS,140444,3509.781281,40.015029;
1727844137:[SBE61 ,0396]P +20019,T +19393,S +34587
1727844139:[MRMAID,0002]acq started
1727847711:[MRMAID,0003]acq stopped
1727847712:[MRMAID,0052]$MEASFS,140839,3519.652771,40.015027;
1727847747:[SBE61 ,0396]P +19992,T +19397,S +34587
1727847748:[MRMAID,0002]acq started
1727851311:[MRMAID,0003]acq stopped
1727851311:[MRMAID,0052]$MEASFS,140442,3509.731323,40.015029;
1727851347:[SBE61 ,0396]P +20125,T +19390,S +34587
1727851348:[MRMAID,0002]acq started
1727854911:[MRMAID,0003]acq stopped
1727854911:[MRMAID,0052]$MEASFS,140442,3509.731323,40.015029;
1727854946:[SBE61 ,0396]P +20099,T +19458,S +34586
1727854947:[MRMAID,0002]acq started
1727858520:[MRMAID,0003]acq stopped
1727858520:[MRMAID,0052]$MEASFS,140841,3519.702576,40.015029;
1727858556:[SBE61 ,0396]P +20177,T +19531,S +34585
1727858557:[MRMAID,0002]acq started
1727862120:[MRMAID,0003]acq stopped
1727862120:[MRMAID,0052]$MEASFS,140441,3509.706329,40.015029;
1727862155:[SBE61 ,0396]P +20044,T +19564,S +34584
1727862157:[MRMAID,0002]acq started
1727865720:[MRMAID,0003]acq stopped
1727865720:[MRMAID,0052]$MEASFS,140441,3509.706299,40.015029;
1727865755:[SBE61 ,0396]P +20126,T +19530,S +34585
1727865756:[MRMAID,0002]acq started
1727869329:[MRMAID,0003]acq stopped
1727869329:[MRMAID,0052]$MEASFS,140844,3519.777527,40.015029;
1727869365:[SBE61 ,0396]P +20118,T +19511,S +34585
1727869366:[MRMAID,0002]acq started
1727872929:[MRMAID,0003]acq stopped
1727872929:[MRMAID,0052]$MEASFS,140440,3509.681335,40.015029;
1727872964:[SBE61 ,0396]P +20181,T +19574,S +34584
1727872966:[MRMAID,0002]acq started
1727876538:[MRMAID,0003]acq stopped
1727876539:[MRMAID,0052]$MEASFS,140839,3519.652588,40.015029;
1727876574:[SBE61 ,0396]P +20117,T +19693,S +34582
1727876575:[MRMAID,0002]acq started
1727880138:[MRMAID,0003]acq stopped
1727880138:[MRMAID,0052]$MEASFS,140440,3509.681335,40.015029;
1727880174:[SBE61 ,0396]P +20105,T +19655,S +34583
1727880175:[MRMAID,0002]acq started
1727883738:[MRMAID,0003]acq stopped
1727883738:[MRMAID,0052]$MEASFS,140439,3509.656342,40.015029;
1727883773:[SBE61 ,0396]P +20103,T +19574,S +34584
1727883774:[MRMAID,0002]acq started
1727887347:[MRMAID,0003]acq stopped
1727887383:[SBE61 ,0396]P +20014,T +19477,S +34585
1727887384:[MRMAID,0002]acq started
1727890947:[MRMAID,0003]acq stopped
1727890947:[MRMAID,0052]$MEASFS,140442,3509.731323,40.015029;
1727890982:[SBE61 ,0396]P +20120,T +19379,S +34587
1727890984:[MRMAID,0002]acq started
1727892342:[BUOY  ,0087]from +1mbar/s to +0mbar/s
1727892342:[PUMP  ,0378]Outflow calculated : 2711
1727892342:[BUOY  ,0089]need to transfer +2mL (pump during 2947ms)
1727892342:[MRMAID,0003]acq stopped
1727892343:[MRMAID,0185]28 spurious byte(s) received
1727892344:[PUMP  ,0016]pump during 2947ms
1727892348:[MRMAID,0002]acq started
1727894547:[MRMAID,0003]acq stopped
1727894547:[MRMAID,0052]$MEASFS,85830,2144.944092,40.015029;
1727894582:[SBE61 ,0396]P +20091,T +19618,S +34584
1727894583:[MRMAID,0002]acq started
1727895671:[BUOY  ,0087]from -1mbar/s to +0mbar/s
1727895671:[BUOY  ,0090]need to transfer -2mL (valve during 57ms)
1727895671:[MRMAID,0003]acq stopped
1727895671:[MRMAID,0185]20 spurious byte(s) received
1727895672:[VALVE ,0034]valve opening 57ms
1727895683:[MRMAID,0002]acq started
1727896008:[BUOY  ,0087]from +1mbar/s to +0mbar/s
1727896008:[PUMP  ,0378]Outflow calculated : 2712
1727896008:[BUOY  ,0089]need to transfer +2mL (pump during 2940ms)
1727896008:[MRMAID,0003]acq stopped
1727896009:[PUMP  ,0016]pump during 2940ms
1727896014:[MRMAID,0002]acq started
1727896335:[BUOY  ,0087]from +1mbar/s to +0mbar/s
1727896335:[PUMP  ,0378]Outflow calculated : 2712
1727896335:[BUOY  ,0089]need to transfer +2mL (pump during 2940ms)
1727896335:[MRMAID,0003]acq stopped
1727896337:[PUMP  ,0016]pump during 2940ms
1727896341:[MRMAID,0002]acq started
1727896662:[BUOY  ,0087]from +1mbar/s to +0mbar/s
1727896662:[PUMP  ,0378]Outflow calculated : 2712
1727896662:[BUOY  ,0089]need to transfer +2mL (pump during 2934ms)
1727896662:[MRMAID,0003]acq stopped
1727896664:[PUMP  ,0016]pump during 2934ms
1727896668:[MRMAID,0002]acq started
1727898156:[MRMAID,0003]acq stopped
1727898156:[MRMAID,0052]$MEASFS,57433,1435.285736,40.015029;
1727898192:[SBE61 ,0396]P +20155,T +19464,S +34586
1727898193:[MRMAID,0002]acq started
1727901756:[MRMAID,0003]acq stopped
1727901756:[MRMAID,0052]$MEASFS,140441,3509.706360,40.015028;
1727901791:[SBE61 ,0396]P +20159,T +19349,S +34588
1727901793:[MRMAID,0002]acq started
1727903893:[BUOY  ,0101]stage[1] 10 stab done
1727903893:[BUOY  ,0087]from +1mbar/s to +0mbar/s
1727903893:[PUMP  ,0378]Outflow calculated : 2711
1727903893:[BUOY  ,0089]need to transfer +2mL (pump during 2940ms)
1727903893:[MRMAID,0003]acq stopped
1727903893:[MRMAID,0052]$MEASFS,81916,2047.130859,40.015029;
1727903895:[PUMP  ,0016]pump during 2940ms
1727903899:[MRMAID,0002]acq started
1727905365:[MRMAID,0003]acq stopped
1727905366:[MRMAID,0185]28 spurious byte(s) received
1727905401:[SBE61 ,0396]P +20251,T +19473,S +34586
1727905402:[MRMAID,0002]acq started
1727908965:[MRMAID,0003]acq stopped
1727908965:[MRMAID,0052]$MEASFS,140440,3509.681336,40.015029;
1727909001:[SBE61 ,0396]P +20152,T +19651,S +34583
1727909002:[MRMAID,0002]acq started
1727912565:[MRMAID,0003]acq stopped
1727912565:[MRMAID,0052]$MEASFS,140440,3509.681336,40.015029;
1727912600:[SBE61 ,0396]P +20134,T +19480,S +34586
1727912601:[MRMAID,0002]acq started
1727916174:[MRMAID,0003]acq stopped
1727916174:[MRMAID,0052]$MEASFS,140839,3519.652619,40.015029;
1727916210:[SBE61 ,0396]P +20082,T +19473,S +34586
1727916211:[MRMAID,0002]acq started
1727919774:[MRMAID,0003]acq stopped
1727919774:[MRMAID,0052]$MEASFS,140407,3508.856628,40.015029;
1727919809:[SBE61 ,0396]P +20092,T +19419,S +34587
1727919811:[MRMAID,0002]acq started
1727923374:[MRMAID,0003]acq stopped
1727923374:[MRMAID,0052]$MEASFS,140442,3509.731323,40.015029;
1727923409:[SBE61 ,0396]P +20162,T +19429,S +34586
1727923410:[MRMAID,0002]acq started
1727926983:[MRMAID,0003]acq stopped
1727926983:[MRMAID,0052]$MEASFS,140859,3520.152374,40.015029;
1727927019:[SBE61 ,0396]P +20145,T +19491,S +34585
1727927020:[MRMAID,0002]acq started
1727930583:[MRMAID,0003]acq stopped
1727930583:[MRMAID,0052]$MEASFS,140446,3509.831268,40.015029;
1727930618:[SBE61 ,0396]P +20114,T +19516,S +34584
1727930620:[MRMAID,0002]acq started
1727934192:[MRMAID,0003]acq stopped
1727934193:[MRMAID,0052]$MEASFS,140840,3519.677551,40.015029;
1727934228:[SBE61 ,0396]P +20134,T +19507,S +34585
1727934229:[MRMAID,0002]acq started
1727937792:[MRMAID,0003]acq stopped
1727937792:[MRMAID,0052]$MEASFS,140440,3509.681335,40.015029;
1727937828:[SBE61 ,0396]P +20169,T +19423,S +34587
1727937829:[MRMAID,0002]acq started
1727941392:[MRMAID,0003]acq stopped
1727941392:[MRMAID,0052]$MEASFS,140441,3509.706299,40.015029;
1727941427:[SBE61 ,0396]P +20148,T +19520,S +34585
1727941428:[MRMAID,0002]acq started
1727945001:[MRMAID,0003]acq stopped
1727945001:[MRMAID,0052]$MEASFS,140839,3519.652558,40.015029;
1727945037:[SBE61 ,0396]P +20179,T +19565,S +34584
1727945038:[MRMAID,0002]acq started
1727948601:[MRMAID,0003]acq stopped
1727948601:[MRMAID,0052]$MEASFS,140440,3509.681335,40.015029;
1727948636:[SBE61 ,0396]P +20156,T +19582,S +34584
1727948638:[MRMAID,0002]acq started
1727952201:[MRMAID,0003]acq stopped
1727952201:[MRMAID,0052]$MEASFS,140440,3509.681335,40.015029;
1727952236:[SBE61 ,0396]P +20182,T +19581,S +34585
1727952237:[MRMAID,0002]acq started
1727955810:[MRMAID,0003]acq stopped
1727955810:[MRMAID,0052]$MEASFS,140841,3519.702545,40.015029;
1727955846:[SBE61 ,0396]P +20130,T +19702,S +34582
1727955847:[MRMAID,0002]acq started
1727959410:[MRMAID,0003]acq stopped
1727959410:[MRMAID,0052]$MEASFS,140442,3509.731323,40.015029;
1727959445:[SBE61 ,0396]P +20147,T +19587,S +34584
1727959447:[MRMAID,0002]acq started
1727963020:[MRMAID,0003]acq stopped
1727963020:[MRMAID,0052]$MEASFS,140840,3519.677582,40.015029;
1727963055:[SBE61 ,0396]P +20156,T +19583,S +34584
1727963056:[MRMAID,0002]acq started
1727966619:[MRMAID,0003]acq stopped
1727966619:[MRMAID,0052]$MEASFS,140442,3509.731323,40.015029;
1727966655:[SBE61 ,0396]P +20182,T +19677,S +34582
1727966656:[MRMAID,0002]acq started
1727970219:[MRMAID,0003]acq stopped
1727970219:[MRMAID,0052]$MEASFS,140441,3509.706360,40.015028;
1727970254:[SBE61 ,0396]P +20062,T +19582,S +34584
1727970255:[MRMAID,0002]acq started
1727973828:[MRMAID,0003]acq stopped
1727973864:[SBE61 ,0396]P +20161,T +19405,S +34585
1727973865:[MRMAID,0002]acq started
1727977428:[MRMAID,0003]acq stopped
1727977428:[MRMAID,0052]$MEASFS,140440,3509.681336,40.015029;
1727977463:[SBE61 ,0396]P +20169,T +19508,S +34585
1727977465:[MRMAID,0002]acq started
1727981028:[MRMAID,0003]acq stopped
1727981028:[MRMAID,0052]$MEASFS,140440,3509.681305,40.015029;
1727981063:[SBE61 ,0396]P +20154,T +19454,S +34586
1727981064:[MRMAID,0002]acq started
1727984637:[MRMAID,0003]acq stopped
1727984637:[MRMAID,0052]$MEASFS,140839,3519.652588,40.015029;
1727984673:[SBE61 ,0396]P +20197,T +19580,S +34584
1727984674:[MRMAID,0002]acq started
1727988237:[MRMAID,0003]acq stopped
1727988237:[MRMAID,0052]$MEASFS,140440,3509.681336,40.015029;
1727988272:[SBE61 ,0396]P +20210,T +19568,S +34584
1727988274:[MRMAID,0002]acq started
1727991847:[MRMAID,0003]acq stopped
1727991847:[MRMAID,0052]$MEASFS,140842,3519.727570,40.015029;
1727991882:[SBE61 ,0396]P +20155,T +19589,S +34584
1727991883:[MRMAID,0002]acq started
1727995446:[MRMAID,0003]acq stopped
1727995446:[MRMAID,0052]$MEASFS,140441,3509.706329,40.015029;
1727995482:[SBE61 ,0396]P +20243,T +19682,S +34582
1727995483:[MRMAID,0002]acq started
1727999046:[MRMAID,0003]acq stopped
1727999046:[MRMAID,0052]$MEASFS,140441,3509.706329,40.015029;
1727999081:[SBE61 ,0396]P +20086,T +19643,S +34582
1727999082:[MRMAID,0002]acq started
1728002656:[MRMAID,0052]$MEASFS,140840,3519.677581,40.015029;
1728002658:[MRMAID,0003]acq stopped
1728002691:[SBE61 ,0396]P +20172,T +19557,S +34585
1728002692:[MRMAID,0002]acq started
1728006255:[MRMAID,0003]acq stopped
1728006255:[MRMAID,0052]$MEASFS,140445,3509.806275,40.015029;
1728006290:[SBE61 ,0396]P +20270,T +19549,S +34585
1728006292:[MRMAID,0002]acq started
1728009855:[MRMAID,0003]acq stopped
1728009855:[MRMAID,0052]$MEASFS,140441,3509.706329,40.015029;
1728009890:[SBE61 ,0396]P +20068,T +19555,S +34584
1728009891:[MRMAID,0002]acq started
1728013464:[MRMAID,0052]$STOPACK$MEASFS,140858,3520.127411,40.015029;
1728013466:[MRMAID,0185]4 spurious byte(s) received
1728013500:[SBE61 ,0396]P +20127,T +19467,S +34586
1728013501:[MRMAID,0002]acq started
1728017064:[MRMAID,0003]acq stopped
1728017064:[MRMAID,0052]$MEASFS,140444,3509.781280,40.015029;
1728017099:[SBE61 ,0396]P +20075,T +19337,S +34588
1728017101:[MRMAID,0002]acq started
1728020674:[MRMAID,0003]acq stopped
1728020674:[MRMAID,0052]$MEASFS,140839,3519.652588,40.015029;
1728020709:[SBE61 ,0396]P +20145,T +19264,S +34589
1728020710:[MRMAID,0002]acq started
1728024273:[MRMAID,0003]acq stopped
1728024273:[MRMAID,0052]$MEASFS,140440,3509.681305,40.015029;
1728024309:[SBE61 ,0396]P +20127,T +19214,S +34590
1728024310:[MRMAID,0002]acq started
1728027873:[MRMAID,0003]acq stopped
1728027873:[MRMAID,0052]$MEASFS,140446,3509.831238,40.015029;
1728027908:[SBE61 ,0396]P +20175,T +19256,S +34589
1728027909:[MRMAID,0002]acq started
1728031482:[MRMAID,0003]acq stopped
1728031482:[MRMAID,0052]$MEASFS,140841,3519.702515,40.015030;
1728031518:[SBE61 ,0396]P +20210,T +19293,S +34588
1728031519:[MRMAID,0002]acq started
1728035082:[MRMAID,0003]acq stopped
1728035082:[MRMAID,0052]$MEASFS,140441,3509.706268,40.015030;
1728035117:[SBE61 ,0396]P +20312,T +19438,S +34587
1728035119:[MRMAID,0002]acq started
1728038682:[MRMAID,0003]acq stopped
1728038682:[MRMAID,0052]$MEASFS,140441,3509.706268,40.015030;
1728038717:[SBE61 ,0396]P +20273,T +19664,S +34583
1728038718:[MRMAID,0002]acq started
1728042291:[MRMAID,0003]acq stopped
1728042291:[MRMAID,0052]$MEASFS,140844,3519.777496,40.015029;
1728042327:[SBE61 ,0396]P +20247,T +19716,S +34582
1728042328:[MRMAID,0002]acq started
1728045891:[MRMAID,0003]acq stopped
1728045891:[MRMAID,0052]$MEASFS,140441,3509.706299,40.015029;
1728045926:[SBE61 ,0396]P +20102,T +19594,S +34585
1728045928:[MRMAID,0002]acq started
1728049501:[MRMAID,0003]acq stopped
1728049501:[MRMAID,0052]$MEASFS,140839,3519.652557,40.015029;
1728049536:[SBE61 ,0396]P +20186,T +19551,S +34585
1728049537:[MRMAID,0002]acq started
1728053100:[MRMAID,0003]acq stopped
1728053100:[MRMAID,0052]$MEASFS,140440,3509.681335,40.015029;
1728053136:[SBE61 ,0396]P +20101,T +19444,S +34586
1728053137:[MRMAID,0002]acq started
1728056700:[MRMAID,0003]acq stopped
1728056700:[MRMAID,0052]$MEASFS,140440,3509.681335,40.015029;
1728056735:[SBE61 ,0396]P +20213,T +19388,S +34587
1728056736:[MRMAID,0002]acq started
1728060309:[MRMAID,0003]acq stopped
1728060310:[MRMAID,0052]$MEASFS,140839,3519.652557,40.015029;
1728060345:[SBE61 ,0396]P +20156,T +19361,S +34587
1728060346:[MRMAID,0002]acq started
1728063909:[MRMAID,0003]acq stopped
1728063909:[MRMAID,0052]$MEASFS,140442,3509.731293,40.015029;
1728063945:[SBE61 ,0396]P +20170,T +19385,S +34587
1728063946:[MRMAID,0002]acq started
1728067509:[MRMAID,0003]acq stopped
1728067509:[MRMAID,0052]$MEASFS,140442,3509.731293,40.015029;
1728067544:[SBE61 ,0396]P +20215,T +19327,S +34588
1728067545:[MRMAID,0002]acq started
1728071118:[MRMAID,0003]acq stopped
1728071118:[MRMAID,0052]$MEASFS,140841,3519.702515,40.015030;
1728071154:[SBE61 ,0396]P +20236,T +19464,S +34586
1728071155:[MRMAID,0002]acq started
1728074718:[MRMAID,0003]acq stopped
1728074718:[MRMAID,0052]$MEASFS,140441,3509.706268,40.015030;
1728074753:[SBE61 ,0396]P +20257,T +19547,S +34585
1728074755:[MRMAID,0002]acq started
1728076690:[MRMAID,0027]2018dbar, 33degC
1728076829:[MRMAID,0005]ascent request rejected
1728078318:[MRMAID,0003]acq stopped
1728078318:[MRMAID,0052]$MEASFS,140442,3509.731262,40.015030;
1728078353:[SBE61 ,0396]P +20206,T +19567,S +34584
1728078354:[MRMAID,0002]acq started
1728081927:[MRMAID,0003]acq stopped
1728081927:[MRMAID,0052]$MEASFS,140841,3519.702545,40.015029;
1728081963:[SBE61 ,0396]P +20247,T +19550,S +34585
1728081964:[MRMAID,0002]acq started
1728085527:[MRMAID,0003]acq stopped
1728085527:[MRMAID,0052]$MEASFS,140440,3509.681305,40.015029;
1728085562:[SBE61 ,0396]P +20152,T +19512,S +34585
1728085564:[MRMAID,0002]acq started
1728086794:[MRMAID,0027]2014dbar, 33degC
1728089136:[MRMAID,0003]acq stopped
1728089137:[MRMAID,0052]$MEASFS,140840,3519.677581,40.015029;
1728089172:[SBE61 ,0396]P +20198,T +19463,S +34586
1728089173:[MRMAID,0002]acq started
1728092736:[MRMAID,0003]acq stopped
1728092736:[MRMAID,0052]$MEASFS,140444,3509.781280,40.015029;
1728092772:[SBE61 ,0396]P +20171,T +19458,S +34586
1728092773:[MRMAID,0002]acq started
1728096336:[MRMAID,0003]acq stopped
1728096336:[MRMAID,0052]$MEASFS,140440,3509.681336,40.015029;
1728096371:[SBE61 ,0396]P +20144,T +19406,S +34586
1728096372:[MRMAID,0002]acq started
1728099945:[MRMAID,0003]acq stopped
1728099945:[MRMAID,0052]$MEASFS,140859,3520.152374,40.015029;
1728099981:[SBE61 ,0396]P +20126,T +19216,S +34589
1728099982:[MRMAID,0002]acq started
1728103545:[MRMAID,0003]acq stopped
1728103545:[MRMAID,0052]$MEASFS,140441,3509.706268,40.015030;
1728103580:[SBE61 ,0396]P +20189,T +19334,S +34588
1728103582:[MRMAID,0002]acq started
1728107145:[MRMAID,0003]acq stopped
1728107145:[MRMAID,0052]$MEASFS,140442,3509.731262,40.015030;
1728107180:[SBE61 ,0396]P +20288,T +19363,S +34588
1728107181:[MRMAID,0002]acq started
1728110754:[MRMAID,0003]acq stopped
1728110754:[MRMAID,0052]$MEASFS,140840,3519.677520,40.015030;
1728110790:[SBE61 ,0396]P +20137,T +19285,S +34588
1728110791:[MRMAID,0002]acq started
1728114354:[MRMAID,0003]acq stopped
1728114354:[MRMAID,0052]$MEASFS,140445,3509.806214,40.015030;
1728114389:[SBE61 ,0396]P +20215,T +19359,S +34587
1728114391:[MRMAID,0002]acq started
1728117964:[MRMAID,0052]$ST$MEASFS,140840,3519.677552,40.015029;
1728117966:[MRMAID,0185]9 spurious byte(s) received
1728117999:[SBE61 ,0396]P +20245,T +19393,S +34587
1728118000:[MRMAID,0002]acq started
1728120625:[MAIN  ,0140]stage[1] complete 27264s after mission start
1728120635:[SBE   ,0391]Mode changed from PROFILING to SLEEP
1728120635:[MRMAID,0003]acq stopped
1728120635:[MRMAID,0052]$MEASFS,103312,2581.829895,40.015030;
1728120636:[MAIN  ,0056]stage[2]
1728120638:[MAIN  ,0024]internal pressure 76332Pa
1728120639:[BUOY  ,0037]P+201897mbar
1728120641:[BUOY  ,0087]from +0mbar/s to +9mbar/s
1728120641:[BUOY  ,0090]need to transfer -130mL (valve during 3692ms)
1728120641:[VALVE ,0034]valve opening 3692ms
1728120644:[VALVE ,0234]battery 13375mV,  499956uA, P+201897mbar
1728120966:[BUOY  ,0087]from +7mbar/s to +9mbar/s
1728120966:[BUOY  ,0090]need to transfer -52mL (valve during 1467ms)
1728120966:[VALVE ,0034]valve opening 1467ms
1728120967:[VALVE ,0234]battery 13478mV,  488732uA, P+204317mbar
1728121266:[PRESS ,0038]P+207057mbar,T+32767mdegC
1728121916:[PRESS ,0038]P+213077mbar,T+32767mdegC
1728122566:[PRESS ,0038]P+218727mbar,T+32767mdegC
1728123215:[PRESS ,0038]P+223907mbar,T+32767mdegC
1728123565:[BUOY  ,0087]from +8mbar/s to +6mbar/s
1728123565:[PUMP  ,0378]Outflow calculated : 2696
1728123565:[BUOY  ,0089]need to transfer +44mL (pump during 64993ms)
1728123566:[PUMP  ,0016]pump during 60000ms
1728123625:[PUMP  ,0212]battery 13471mV,  977952uA (steady state), P+226567mbar
1728124192:[PRESS ,0038]P+230747mbar,T+32767mdegC
1728125166:[PRESS ,0038]P+237057mbar,T+32767mdegC
1728126141:[PRESS ,0038]P+243457mbar,T+32767mdegC
1728126166:[BUOY  ,0087]from +6mbar/s to +2mbar/s
1728126166:[PUMP  ,0378]Outflow calculated : 2686
1728126166:[BUOY  ,0089]need to transfer +52mL (pump during 77037ms)
1728126167:[PUMP  ,0016]pump during 60000ms
1728126226:[PUMP  ,0212]battery 13598mV, 1037488uA (steady state), P+243617mbar
1728126492:[STAGE ,0213]245537mbar reached at 1728126492s, ref 250000mbar +/-5000mbar
1728126492:[BUOY  ,0087]from +6mbar/s to +0mbar/s
1728126492:[PUMP  ,0378]Outflow calculated : 2683
1728126492:[BUOY  ,0089]need to transfer +58mL (pump during 87613ms)
1728126494:[PUMP  ,0016]pump during 60000ms
1728126553:[PUMP  ,0212]battery 13433mV, 1026508uA (steady state), P+245537mbar
1728126819:[BUOY  ,0087]from +5mbar/s to +0mbar/s
1728126819:[PUMP  ,0378]Outflow calculated : 2682
1728126819:[BUOY  ,0089]need to transfer +40mL (pump during 60423ms)
1728126820:[PUMP  ,0016]pump during 60000ms
1728126879:[PUMP  ,0212]battery 13421mV, 1033462uA (steady state), P+247137mbar
1728127145:[BUOY  ,0087]from +4mbar/s to +0mbar/s
1728127145:[PUMP  ,0378]Outflow calculated : 2681
1728127145:[BUOY  ,0089]need to transfer +26mL (pump during 39295ms)
1728127146:[PUMP  ,0016]pump during 39295ms
1728127185:[PUMP  ,0212]battery 13431mV, 1035048uA (steady state), P+248337mbar
1728127447:[PRESS ,0038]P+248887mbar,T+32767mdegC
1728128672:[BUOY  ,0087]from +1mbar/s to +0mbar/s
1728128672:[PUMP  ,0378]Outflow calculated : 2682
1728128672:[BUOY  ,0089]need to transfer +2mL (pump during 2969ms)
1728128673:[PUMP  ,0016]pump during 2969ms
1728129298:[BUOY  ,0087]from -1mbar/s to +0mbar/s
1728129298:[BUOY  ,0090]need to transfer -2mL (valve during 51ms)
1728129299:[VALVE ,0034]valve opening 51ms
1728129623:[BUOY  ,0087]from +2mbar/s to +0mbar/s
1728129623:[PUMP  ,0378]Outflow calculated : 2683
1728129624:[BUOY  ,0089]need to transfer +6mL (pump during 8868ms)
1728129625:[PUMP  ,0016]pump during 8868ms
1728129633:[PUMP  ,0212]battery 13620mV, 1055788uA (steady state), P+250417mbar
1728129950:[BUOY  ,0087]from +2mbar/s to +0mbar/s
1728129950:[PUMP  ,0378]Outflow calculated : 2682
1728129950:[BUOY  ,0089]need to transfer +6mL (pump during 8886ms)
1728129951:[PUMP  ,0016]pump during 8886ms
1728129959:[PUMP  ,0212]battery 13611mV, 1056276uA (steady state), P+251017mbar
1728130576:[BUOY  ,0087]from +1mbar/s to +0mbar/s
1728130576:[PUMP  ,0378]Outflow calculated : 2682
1728130576:[BUOY  ,0089]need to transfer +2mL (pump during 2963ms)
1728130578:[PUMP  ,0016]pump during 2963ms
1728130903:[BUOY  ,0087]from +2mbar/s to +0mbar/s
1728130903:[PUMP  ,0378]Outflow calculated : 2682
1728130903:[BUOY  ,0089]need to transfer +6mL (pump during 8889ms)
1728130904:[PUMP  ,0016]pump during 8889ms
1728130912:[PUMP  ,0212]battery 13617mV, 1051396uA (steady state), P+251837mbar
1728135131:[MAIN  ,0140]stage[2] complete -23766s after mission start
1728135131:[MAIN  ,0056]stage[3]
1728135133:[MAIN  ,0024]internal pressure 76616Pa
1728135134:[SBE   ,0391]Mode changed from SLEEP to UPDATE
1728135134:[BUOY  ,0037]P+249907mbar
1728135136:[BUOY  ,0087]from +0mbar/s to -10mbar/s
1728135136:[PUMP  ,0378]Outflow calculated : 2683
1728135136:[BUOY  ,0089]need to transfer +160mL (pump during 236337ms)
1728135137:[PUMP  ,0016]pump during 60000ms
1728135138:[SBE   ,0391]Mode changed from UPDATE to START
1728135196:[PUMP  ,0212]battery 13655mV, 1054568uA (steady state), P+249927mbar
1728135462:[BUOY  ,0087]from -4mbar/s to -10mbar/s
1728135462:[PUMP  ,0378]Outflow calculated : 2681
1728135462:[BUOY  ,0089]need to transfer +134mL (pump during 203030ms)
1728135464:[PUMP  ,0016]pump during 60000ms
1728135464:[SBE   ,0384]Start profil acquisitions
1728135464:[SBE   ,0391]Mode changed from START to PROFILING
1728135523:[PUMP  ,0212]battery 13470mV, 1081652uA (steady state), P+248667mbar
1728135789:[BUOY  ,0087]from -6mbar/s to -10mbar/s
1728135789:[PUMP  ,0378]Outflow calculated : 2682
1728135789:[BUOY  ,0089]need to transfer +102mL (pump during 154312ms)
1728135790:[PUMP  ,0016]pump during 60000ms
1728135849:[PUMP  ,0212]battery 13453mV, 1042612uA (steady state), P+246717mbar
1728136115:[BUOY  ,0087]from -7mbar/s to -10mbar/s
1728136115:[PUMP  ,0378]Outflow calculated : 2681
1728136115:[BUOY  ,0089]need to transfer +82mL (pump during 126935ms)
1728136116:[PUMP  ,0016]pump during 60000ms
1728136175:[PUMP  ,0212]battery 13460mV, 1031022uA (steady state), P+244447mbar
1728136417:[PRESS ,0038]P+242107mbar,T+32767mdegC
1728136441:[BUOY  ,0087]from -8mbar/s to -10mbar/s
1728136441:[PUMP  ,0378]Outflow calculated : 2683
1728136442:[BUOY  ,0089]need to transfer +58mL (pump during 89645ms)
1728136443:[PUMP  ,0016]pump during 60000ms
1728136502:[PUMP  ,0212]battery 13463mV, 1027118uA (steady state), P+241907mbar
1728136768:[BUOY  ,0087]from -9mbar/s to -10mbar/s
1728136768:[PUMP  ,0378]Outflow calculated : 2684
1728136768:[BUOY  ,0089]need to transfer +30mL (pump during 46369ms)
1728136769:[PUMP  ,0016]pump during 46369ms
1728136815:[PUMP  ,0212]battery 13468mV, 1014918uA (steady state), P+239137mbar
1728137069:[PRESS ,0038]P+236537mbar,T+32767mdegC
1728137094:[BUOY  ,0087]from -8mbar/s to -10mbar/s
1728137094:[PUMP  ,0378]Outflow calculated : 2689
1728137094:[BUOY  ,0089]need to transfer +58mL (pump during 87481ms)
1728137096:[PUMP  ,0016]pump during 60000ms
1728137155:[PUMP  ,0212]battery 13482mV, 1011502uA (steady state), P+236347mbar
1728137721:[PRESS ,0038]P+230537mbar,T+32767mdegC
1728137746:[BUOY  ,0087]from -8mbar/s to -10mbar/s
1728137746:[PUMP  ,0378]Outflow calculated : 2693
1728137746:[BUOY  ,0089]need to transfer +58mL (pump during 86957ms)
1728137747:[PUMP  ,0016]pump during 60000ms
1728137806:[PUMP  ,0212]battery 13543mV,  984296uA (steady state), P+230357mbar
1728138072:[BUOY  ,0087]from -9mbar/s to -10mbar/s
1728138072:[PUMP  ,0378]Outflow calculated : 2695
1728138072:[BUOY  ,0089]need to transfer +30mL (pump during 44923ms)
1728138073:[PUMP  ,0016]pump during 44923ms
1728138117:[PUMP  ,0212]battery 13505mV,  966240uA (steady state), P+227167mbar
1728138374:[PRESS ,0038]P+224057mbar,T+32767mdegC
1728139023:[PRESS ,0038]P+217227mbar,T+32767mdegC
1728139673:[PRESS ,0038]P+210627mbar,T+32767mdegC
1728140323:[PRESS ,0038]P+204067mbar,T+32767mdegC
1728140673:[BUOY  ,0087]from -9mbar/s to -10mbar/s
1728140673:[PUMP  ,0378]Outflow calculated : 2711
1728140673:[BUOY  ,0089]need to transfer +30mL (pump during 44507ms)
1728140674:[PUMP  ,0016]pump during 44507ms
1728140718:[PUMP  ,0212]battery 13638mV,  880840uA (steady state), P+200737mbar
1728140974:[PRESS ,0038]P+197807mbar,T+32767mdegC
1728141324:[BUOY  ,0087]from -9mbar/s to -10mbar/s
1728141324:[PUMP  ,0378]Outflow calculated : 2714
1728141324:[BUOY  ,0089]need to transfer +30mL (pump during 44602ms)
1728141325:[PUMP  ,0016]pump during 44602ms
1728141369:[PUMP  ,0212]battery 13615mV,  870104uA (steady state), P+194477mbar
1728141626:[PRESS ,0038]P+191447mbar,T+32767mdegC
1728142275:[PRESS ,0038]P+184567mbar,T+32767mdegC
1728142925:[PRESS ,0038]P+177597mbar,T+32767mdegC
1728143575:[PRESS ,0038]P+170907mbar,T+32767mdegC
1728144225:[PRESS ,0038]P+164337mbar,T+32767mdegC
1728144875:[PRESS ,0038]P+157887mbar,T+32767mdegC
1728145524:[PRESS ,0038]P+151607mbar,T+32767mdegC
1728145549:[BUOY  ,0087]from -9mbar/s to -10mbar/s
1728145549:[PUMP  ,0378]Outflow calculated : 2741
1728145549:[BUOY  ,0089]need to transfer +30mL (pump during 44112ms)
1728145551:[PUMP  ,0016]pump during 44112ms
1728145595:[PUMP  ,0212]battery 13697mV,  725046uA (steady state), P+151357mbar
1728145876:[BUOY  ,0087]from -9mbar/s to -10mbar/s
1728145876:[PUMP  ,0378]Outflow calculated : 2743
1728145876:[BUOY  ,0089]need to transfer +30mL (pump during 44080ms)
1728145877:[PUMP  ,0016]pump during 44080ms
1728145921:[PUMP  ,0212]battery 13656mV,  718580uA (steady state), P+148137mbar
1728146177:[PRESS ,0038]P+145087mbar,T+32767mdegC
1728146827:[PRESS ,0038]P+138357mbar,T+32767mdegC
1728147477:[PRESS ,0038]P+132057mbar,T+32767mdegC
1728147502:[BUOY  ,0087]from -9mbar/s to -10mbar/s
1728147502:[PUMP  ,0378]Outflow calculated : 2752
1728147502:[BUOY  ,0089]need to transfer +30mL (pump during 43917ms)
1728147503:[PUMP  ,0016]pump during 43917ms
1728147546:[PUMP  ,0212]battery 13733mV,  655140uA (steady state), P+131857mbar
1728148128:[PRESS ,0038]P+126087mbar,T+32767mdegC
1728148153:[BUOY  ,0087]from -9mbar/s to -10mbar/s
1728148153:[PUMP  ,0378]Outflow calculated : 2756
1728148153:[BUOY  ,0089]need to transfer +30mL (pump during 44026ms)
1728148154:[PUMP  ,0016]pump during 44026ms
1728148198:[PUMP  ,0212]battery 13721mV,  631228uA (steady state), P+125887mbar
1728148779:[PRESS ,0038]P+120147mbar,T+32767mdegC
1728148804:[BUOY  ,0087]from -9mbar/s to -10mbar/s
1728148804:[PUMP  ,0378]Outflow calculated : 2759
1728148804:[BUOY  ,0089]need to transfer +30mL (pump during 44001ms)
1728148806:[PUMP  ,0016]pump during 44001ms
1728148849:[PUMP  ,0212]battery 13726mV,  610488uA (steady state), P+119937mbar
1728149131:[BUOY  ,0087]from -9mbar/s to -10mbar/s
1728149131:[PUMP  ,0378]Outflow calculated : 2761
1728149131:[BUOY  ,0089]need to transfer +30mL (pump during 43990ms)
1728149132:[PUMP  ,0016]pump during 43990ms
1728149175:[PUMP  ,0212]battery 13711mV,  598044uA (steady state), P+116917mbar
1728149432:[PRESS ,0038]P+113817mbar,T+32767mdegC
1728150082:[PRESS ,0038]P+106907mbar,T+32767mdegC
1728150732:[PRESS ,0038]P+100227mbar,T+32767mdegC
1728151382:[PRESS ,0038]P +93437mbar,T+32767mdegC
1728152031:[PRESS ,0038]P +86977mbar,T+32767mdegC
1728152056:[BUOY  ,0087]from -9mbar/s to -10mbar/s
1728152056:[PUMP  ,0378]Outflow calculated : 2780
1728152056:[BUOY  ,0089]need to transfer +30mL (pump during 43432ms)
1728152058:[PUMP  ,0016]pump during 43432ms
1728152101:[PUMP  ,0212]battery 13805mV,  492514uA (steady state), P +86737mbar
1728152683:[PRESS ,0038]P +80787mbar,T+32767mdegC
1728153333:[PRESS ,0038]P +73897mbar,T+32767mdegC
1728153982:[PRESS ,0038]P +67317mbar,T+32767mdegC
1728154007:[BUOY  ,0087]from -9mbar/s to -10mbar/s
1728154007:[PUMP  ,0378]Outflow calculated : 2792
1728154007:[BUOY  ,0089]need to transfer +30mL (pump during 43245ms)
1728154008:[PUMP  ,0016]pump during 43245ms
1728154051:[PUMP  ,0212]battery 13858mV,  424682uA (steady state), P +67107mbar
1728154634:[PRESS ,0038]P +60877mbar,T+32767mdegC
1728154658:[BUOY  ,0087]from -9mbar/s to -10mbar/s
1728154658:[PUMP  ,0378]Outflow calculated : 2795
1728154659:[BUOY  ,0089]need to transfer +30mL (pump during 43274ms)
1728154660:[PUMP  ,0016]pump during 43274ms
1728154703:[PUMP  ,0212]battery 13893mV,  392962uA (steady state), P +60627mbar
1728154985:[BUOY  ,0087]from -9mbar/s to -10mbar/s
1728154985:[PUMP  ,0378]Outflow calculated : 2797
1728154985:[BUOY  ,0089]need to transfer +30mL (pump during 43243ms)
1728154986:[PUMP  ,0016]pump during 43243ms
1728155029:[PUMP  ,0212]battery 13906mV,  378810uA (steady state), P +57427mbar
1728155286:[PRESS ,0038]P +54377mbar,T+32767mdegC
1728155936:[PRESS ,0038]P +47637mbar,T+32767mdegC
1728156586:[PRESS ,0038]P +40717mbar,T+32767mdegC
1728156936:[BUOY  ,0087]from -9mbar/s to -10mbar/s
1728156936:[PUMP  ,0378]Outflow calculated : 2809
1728156936:[BUOY  ,0089]need to transfer +30mL (pump during 42883ms)
1728156937:[PUMP  ,0016]pump during 42883ms
1728156979:[PUMP  ,0212]battery 14005mV,  306830uA (steady state), P +37417mbar
1728157237:[PRESS ,0038]P +34447mbar,T+32767mdegC
1728157887:[PRESS ,0038]P +28017mbar,T+32767mdegC
1728158237:[BUOY  ,0087]from -8mbar/s to -10mbar/s
1728158237:[PUMP  ,0378]Outflow calculated : 2817
1728158237:[BUOY  ,0089]need to transfer +58mL (pump during 82621ms)
1728158238:[PUMP  ,0016]pump during 60000ms
1728158297:[PUMP  ,0212]battery 14097mV,  259738uA (steady state), P +24687mbar
1728158538:[PRESS ,0038]P +21867mbar,T+32767mdegC
1728159188:[PRESS ,0038]P +15307mbar,T+32767mdegC
1728159838:[PRESS ,0038]P  +9177mbar,T+32767mdegC
1728159863:[BUOY  ,0087]from -9mbar/s to -10mbar/s
1728159863:[PUMP  ,0378]Outflow calculated : 2827
1728159863:[BUOY  ,0089]need to transfer +30mL (pump during 42411ms)
1728159864:[PUMP  ,0016]pump during 42411ms
1728159906:[PUMP  ,0212]battery 14251mV,  196542uA (steady state), P  +8937mbar
1728160189:[BUOY  ,0087]from -7mbar/s to -10mbar/s
1728160189:[PUMP  ,0378]Outflow calculated : 2828
1728160189:[BUOY  ,0089]need to transfer +82mL (pump during 115819ms)
1728160191:[PUMP  ,0016]pump during 60000ms
1728160250:[PUMP  ,0212]battery 14285mV,  189100uA (steady state), P  +6357mbar
1728160494:[PRESS ,0038]P  +4157mbar,T+32767mdegC
1728160516:[BUOY  ,0087]from -6mbar/s to -10mbar/s
1728160516:[PUMP  ,0378]Outflow calculated : 2830
1728160516:[BUOY  ,0089]need to transfer +102mL (pump during 144272ms)
1728160517:[PUMP  ,0016]pump during 60000ms
1728160576:[PUMP  ,0212]battery 14318mV,  178120uA (steady state), P  +4027mbar
1728160842:[BUOY  ,0087]from -7mbar/s to -10mbar/s
1728160842:[PUMP  ,0378]Outflow calculated : 2831
1728160842:[BUOY  ,0089]need to transfer +82mL (pump during 115983ms)
1728160843:[PUMP  ,0016]pump during 60000ms
1728160902:[PUMP  ,0212]battery 14372mV,  162382uA (steady state), P  +1417mbar
1728161168:[STAGE ,0214]-133mbar (500) reached at 1728161168s, ascending from 249907mbar
1728161168:[STAGE ,0342]The float reached the surface : OK
1728161169:[MAIN  ,0140]stage[3] complete 2272s after mission start
1728161169:[SBE   ,0391]Mode changed from PROFILING to SLEEP
1728161170:[SBE   ,0391]Mode changed from SLEEP to STOP
1728161327:[SBE   ,0391]Mode changed from STOP to SLEEP
1728161328:[SBE   ,0391]Mode changed from SLEEP to DUMP
1728161329:[SBE   ,0343]SBE dump : 453 stored samples in hexa format
1728161343:[SBE   ,0338]Dump finished
1728161343:[SBE   ,0388]453 samples in 0100/67013FDD.S61
1728161343:[SBE   ,0391]Mode changed from DUMP to SLEEP
1728161343:[MRMAID,0188]acq already stopped
1728161344:[MSSION,0192]mission stopped, 4 stage(s) done
1728161344:[MAIN  ,0065]surfacing
1728161346:[SURFIN,0036]P   -143mbar
1728161347:[SURFIN,0020]filling external bladder
1728161349:[PUMP  ,0016]pump during 30000ms
1728161378:[PUMP  ,0212]battery 13742mV, 1258674uA (steady state), P   -143mbar
1728161395:[PUMP  ,0016]pump during 30000ms
1728161424:[PUMP  ,0212]battery 14895mV,   13054uA (steady state), P   -143mbar
1728161441:[PUMP  ,0016]pump during 30000ms
1728161457:[PUMP  ,0212]battery 14773mV,   13176uA (steady state), P   -143mbar
1728161457:[PUMP  ,0019]external bladder full
1728161520:[MAIN  ,0272]Vbat 14862mV (min 14040mV)
1728161522:[MAIN  ,0024]internal pressure 75815Pa
1728161522:[MAIN  ,0043]Pext 210mbar (rng 90mbar)
1728161522:[MAIN  ,0064]surface
1728161533:[SURF  ,0022]GPS fix...
1728161622:[SURF  ,0015]10 PPS detected...
1728161624:[MRMAID,0052]$GPSACK:+54,+9,+0,+0,+50,+7,-266387;
1728161634:[MRMAID,0052]$GPSOFF:3686331;
1728161635:[GPSFIX,0179]-12s diff
1728161647:[SURF  ,0222]2024-10-05T20:54:07
1728161647:[SURF  ,0082]N29deg12.294mn, E137deg37.213mn
1728161647:[SURF  ,0084]hdop 1.370, vdop 1.980
1728161657:[SURF  ,0274]last almanac : 6916047
1728161817:[MRMAID,0026]59307 bytes in 0100/6701A77E.MER
1728161822:[MAIN  ,0320]New pressure offset: 210mbar
1728161823:[SBE   ,0391]Mode changed from SLEEP to RESETOFFSET
1728161885:[SBE   ,0339]new offset = -2.64 received after 63s
1728161885:[SBE   ,0391]Mode changed from RESETOFFSET to SLEEP
1728161885:[MAIN  ,0078]*** switching to 0100/6701A85D ***
