1695141283:[MAIN  ,0007]buoy 467.174-T-0100
1695141283:[MAIN  ,0055]soft pilotage 467.174.300_V2.67-20230503
1695141283:[MAIN  ,0010]cycle 11
1695141283:[SURF  ,0225]surface2
1695141297:[SURF  ,0022]GPS fix...
1695141317:[SURF  ,0015]10 PPS detected...
1695141318:[MRMAID,0052]$GPSACK:+0,+0,+0,+0,+0,+0,+0;
1695141328:[MRMAID,0052]$GPSOFF:3686332;
1695141329:[GPSFIX,0179]-1s diff
1695141330:[SURF  ,0222]2023-09-19T16:35:30
1695141330:[SURF  ,0082]N30deg52.221mn, E141deg08.097mn
1695141330:[SURF  ,0084]hdop 0.800, vdop 1.300
1695141340:[SURF  ,0025]Iridium...
1695141381:[SURF  ,0009]connected in 41s, signal quality 5
1695141570:[SURF  ,0218]prompt received, remote cmd end
1695141570:[SURF  ,0012]90 cmd(s) received
1695141590:[UPLOAD,0248]Upload data files...
1695141660:[UPLOAD,0231]"0100/65095093.S61" uploaded at 61bytes/s
1695142814:[SURF  ,0014]disconnected after 1474s
1695142819:[SURFIN,0020]filling external bladder
1695142820:[PUMP  ,0016]pump during 30000ms
1695142826:[PUMP  ,0212]battery 14677mV, 1076894uA (steady state), P   +210mbar
1695142826:[PUMP  ,0019]external bladder full
1695142826:[SURF  ,0069]transfer interrupted , retry
1695142838:[SURF  ,0022]GPS fix...
1695142858:[SURF  ,0015]10 PPS detected...
1695142859:[MRMAID,0052]$GPSACK:+0,+0,+0,+0,+1,-59,-999511;
1695142869:[MRMAID,0052]$GPSOFF:3686330;
1695142871:[GPSFIX,0179]-1s diff
1695142872:[SURF  ,0222]2023-09-19T17:01:12
1695142872:[SURF  ,0082]N30deg51.831mn, E141deg07.864mn
1695142872:[SURF  ,0084]hdop 0.580, vdop 0.880
1695142882:[SURF  ,0025]Iridium...
1695142925:[SURF  ,0009]connected in 43s, signal quality 5
1695143017:[SURF  ,0218]prompt received, remote cmd end
1695143017:[SURF  ,0012]21 cmd(s) received
1695143042:[UPLOAD,0248]Upload data files...
1695143249:[SURF  ,0014]disconnected after 367s
1695143254:[SURFIN,0020]filling external bladder
1695143255:[PUMP  ,0016]pump during 30000ms
1695143257:[PUMP  ,0019]external bladder full
1695143257:[SURF  ,0069]transfer interrupted , retry
1695143268:[SURF  ,0022]GPS fix...
1695143288:[SURF  ,0015]10 PPS detected...
1695143289:[MRMAID,0052]$GPSACK:+0,+0,+0,+0,+0,+0,+0;
1695143299:[MRMAID,0052]$GPSOFF:3686330;
1695143301:[GPSFIX,0179]-1s diff
1695143302:[SURF  ,0222]2023-09-19T17:08:22
1695143302:[SURF  ,0082]N30deg51.722mn, E141deg07.796mn
1695143302:[SURF  ,0084]hdop 0.560, vdop 0.780
1695143312:[SURF  ,0025]Iridium...
1695143513:[SURF  ,0023]<WARN>failed to connect #1, code -8, net 1, qual 4, dial 1
1695143540:[SURF  ,0023]<WARN>failed to connect #2, code -5, net 4, qual -1, dial -1
1695143778:[SURF  ,0023]<WARN>failed to connect #3, code -8, net 1, qual 4, dial 1
1695143828:[SURF  ,0009]connected in 516s, signal quality 5
1695143962:[SURF  ,0218]prompt received, remote cmd end
1695143962:[SURF  ,0012]21 cmd(s) received
1695143983:[UPLOAD,0248]Upload data files...
1695144489:[SURF  ,0014]disconnected after 1177s
1695144494:[SURFIN,0020]filling external bladder
1695144495:[PUMP  ,0019]external bladder full
1695144495:[SURF  ,0069]transfer interrupted , retry
1695144507:[SURF  ,0022]GPS fix...
1695144527:[SURF  ,0015]10 PPS detected...
1695144528:[MRMAID,0052]$GPSACK:+0,+0,+0,+0,+0,+1,-999786;
1695144538:[MRMAID,0052]$GPSOFF:3686329;
1695144540:[GPSFIX,0179]-1s diff
1695144541:[SURF  ,0222]2023-09-19T17:29:01
1695144541:[SURF  ,0082]N30deg51.433mn, E141deg07.562mn
1695144541:[SURF  ,0084]hdop 0.520, vdop 0.760
1695144551:[SURF  ,0025]Iridium...
1695144751:[SURF  ,0023]<WARN>failed to connect #1, code -8, net 1, qual 5, dial 1
1695144835:[SURF  ,0009]connected in 284s, signal quality 1
1695144943:[SURF  ,0218]prompt received, remote cmd end
1695144943:[SURF  ,0012]21 cmd(s) received
1695144970:[UPLOAD,0248]Upload data files...
1695145186:[SURF  ,0014]disconnected after 635s
1695145191:[SURFIN,0020]filling external bladder
1695145192:[PUMP  ,0019]external bladder full
1695145192:[SURF  ,0069]transfer interrupted , retry
1695145204:[SURF  ,0022]GPS fix...
1695145224:[SURF  ,0015]10 PPS detected...
1695145225:[MRMAID,0052]$GPSACK:+0,+0,+0,+0,+0,+1,-999938;
1695145235:[MRMAID,0052]$GPSOFF:3686328;
1695145237:[GPSFIX,0179]-1s diff
1695145238:[SURF  ,0222]2023-09-19T17:40:38
1695145238:[SURF  ,0082]N30deg51.256mn, E141deg07.437mn
1695145238:[SURF  ,0084]hdop 0.510, vdop 0.760
1695145248:[SURF  ,0025]Iridium...
1695145281:[SURF  ,0009]connected in 33s, signal quality 5
1695145445:[SURF  ,0218]prompt received, remote cmd end
1695145445:[SURF  ,0012]22 cmd(s) received
1695145466:[UPLOAD,0248]Upload data files...
1695145486:[ZIO   ,0240]"NO CARRIER" received, aborting
1695145486:[UPLOAD,0131]<ERR>opening upload
1695145486:[UPLOAD,0132]<ERR>opening upload "0100"
1695145501:[SURF  ,0014]disconnected after 253s
1695145506:[SURFIN,0020]filling external bladder
1695145508:[PUMP  ,0019]external bladder full
1695145508:[SURF  ,0069]transfer interrupted , retry
1695145519:[SURF  ,0022]GPS fix...
1695145539:[SURF  ,0015]10 PPS detected...
1695145540:[MRMAID,0052]$GPSACK:+0,+0,+0,+0,+0,+0,-30;
1695145550:[MRMAID,0052]$GPSOFF:3686328;
1695145552:[GPSFIX,0179]-1s diff
1695145553:[SURF  ,0222]2023-09-19T17:45:53
1695145553:[SURF  ,0082]N30deg51.182mn, E141deg07.366mn
1695145553:[SURF  ,0084]hdop 0.490, vdop 0.800
1695145563:[SURF  ,0025]Iridium...
1695145599:[SURF  ,0009]connected in 36s, signal quality 5
1695145710:[SURF  ,0218]prompt received, remote cmd end
1695145710:[SURF  ,0012]21 cmd(s) received
1695145730:[UPLOAD,0248]Upload data files...
1695146048:[SURF  ,0014]disconnected after 485s
1695146053:[SURFIN,0020]filling external bladder
1695146054:[PUMP  ,0019]external bladder full
1695146055:[SURF  ,0069]transfer interrupted , retry
1695146066:[SURF  ,0022]GPS fix...
1695146086:[SURF  ,0015]10 PPS detected...
1695146087:[MRMAID,0052]$GPSACK:+0,+0,+0,+0,+0,+0,-30;
1695146097:[MRMAID,0052]$GPSOFF:3686328;
1695146099:[GPSFIX,0179]-1s diff
1695146100:[SURF  ,0222]2023-09-19T17:55:00
1695146100:[SURF  ,0082]N30deg51.059mn, E141deg07.248mn
1695146100:[SURF  ,0084]hdop 0.530, vdop 0.890
1695146110:[SURF  ,0025]Iridium...
1695146160:[SURF  ,0009]connected in 50s, signal quality 5
1695146278:[SURF  ,0218]prompt received, remote cmd end
1695146278:[SURF  ,0012]21 cmd(s) received
1695146300:[UPLOAD,0248]Upload data files...
1695146762:[SURF  ,0014]disconnected after 652s
1695146767:[SURFIN,0020]filling external bladder
1695146768:[PUMP  ,0019]external bladder full
1695146769:[SURF  ,0069]transfer interrupted , retry
1695146780:[SURF  ,0022]GPS fix...
1695146800:[SURF  ,0015]10 PPS detected...
1695146801:[MRMAID,0052]$GPSACK:+0,+0,+0,+0,+0,+1,-999969;
1695146811:[MRMAID,0052]$GPSOFF:3686327;
1695146813:[GPSFIX,0179]-1s diff
1695146814:[SURF  ,0222]2023-09-19T18:06:54
1695146814:[SURF  ,0082]N30deg50.902mn, E141deg07.086mn
1695146814:[SURF  ,0084]hdop 0.530, vdop 0.860
1695146824:[SURF  ,0025]Iridium...
1695146824:[MODEM ,0347]<ERR>ping error
1695146824:[SURF  ,0023]<WARN>failed to connect #1, code -1, net -1, qual -1, dial -1
1695146885:[SURF  ,0009]connected in 61s, signal quality 5
1695147034:[SURF  ,0218]prompt received, remote cmd end
1695147034:[SURF  ,0012]46 cmd(s) received
1695147061:[UPLOAD,0248]Upload data files...
1695147285:[UPLOAD,0231]"0100/6509CC52.MER" uploaded at 105bytes/s
1695147540:[SURF  ,0014]disconnected after 716s
1695147545:[SURFIN,0020]filling external bladder
1695147546:[PUMP  ,0019]external bladder full
1695147546:[SURF  ,0069]transfer interrupted , retry
1695147558:[SURF  ,0022]GPS fix...
1695147578:[SURF  ,0015]10 PPS detected...
1695147579:[MRMAID,0052]$GPSACK:+0,+0,+0,+0,+0,+0,-91;
1695147589:[MRMAID,0052]$GPSOFF:3686327;
1695147591:[GPSFIX,0179]-1s diff
1695147592:[SURF  ,0222]2023-09-19T18:19:52
1695147592:[SURF  ,0082]N30deg50.749mn, E141deg06.883mn
1695147592:[SURF  ,0084]hdop 0.510, vdop 0.860
1695147602:[SURF  ,0025]Iridium...
1695147603:[MODEM ,0347]<ERR>ping error
1695147603:[SURF  ,0023]<WARN>failed to connect #1, code -1, net -1, qual -1, dial -1
1695147610:[MODEM ,0347]<ERR>ping error
1695147610:[SURF  ,0023]<WARN>failed to connect #2, code -1, net -1, qual -1, dial -1
1695147618:[MODEM ,0347]<ERR>ping error
1695147618:[SURF  ,0023]<WARN>failed to connect #3, code -1, net -1, qual -1, dial -1
1695147839:[SURF  ,0023]<WARN>failed to connect #4, code -8, net 1, qual 4, dial 1
1695147899:[SURF  ,0009]connected in 297s, signal quality 5
1695148471:[SURF  ,0218]prompt received, remote cmd end
1695148471:[SURF  ,0012]192 cmd(s) received
1695148498:[UPLOAD,0248]Upload data files...
1695148631:[UPLOAD,0231]"0100/64FC8942.BIN" uploaded at 99bytes/s
1695148648:[MAIN  ,0013]1 file(s) uploaded
1695148678:[SURF  ,0014]disconnected after 1076s
1695148684:[SURF  ,0227]1st complete transfer
1695148684:[SURF  ,0226]Go dive
1695148695:[SURF  ,0022]GPS fix...
1695148715:[SURF  ,0015]10 PPS detected...
1695148716:[MRMAID,0052]$GPSACK:+0,+0,+0,+0,+0,+0,+0;
1695148726:[MRMAID,0052]$GPSOFF:3686327;
1695148728:[GPSFIX,0179]-1s diff
1695148729:[SURF  ,0222]2023-09-19T18:38:49
1695148729:[SURF  ,0082]N30deg50.539mn, E141deg06.577mn
1695148729:[SURF  ,0084]hdop 0.490, vdop 0.810
1695148746:[MAIN  ,0024]internal pressure 79329Pa
1695148747:[BYCMD ,0120]    bypass 20000ms 120000ms (20000ms 60000ms stored)
1695148747:[BYCMD ,0121]    valve 60000ms 12750 (60000ms 12750 stored)
1695148747:[BYCMD ,0376]    pump 60000ms 2832 8320 418 (60000ms 2832 8320 418 stored)
1695148747:[BYCMD ,0123]    rate 2mbar/s (2mbar/s stored)
1695148747:[BYCMD ,0124]    surface 500mbar (500mbar stored)
1695148747:[BYCMD ,0173]    near 7000mbar 2:2:3mbar/s (15000mbar 2:2:3mbar/s stored)
1695148747:[BYCMD ,0380]    middle 6mbar/s (6mbar/s stored)
1695148747:[BYCMD ,0126]    far 25000mbar 9mbar/s (25000mbar 9mbar/s stored)
1695148747:[BYCMD ,0127]    ascent 10mbar/s (10mbar/s stored)
1695148747:[BYCMD ,0128]    dead 300s (300s stored)
1695148747:[BYCMD ,0129]    coeff 16/10 (16/10 stored)
1695148747:[BYCMD ,0130]    stab 10 (10 stored)
1695148747:[BYCMD ,0131]    delay 900s 18000s (900s 3600s stored)
1695148747:[BYCMD ,0132]    mmtime 14400min (2880min stored)
1695148747:[BYCMD ,0133]    dv_landing 100ml (100ml stored)
1695148747:[BYCMD ,0381]    landing confirmation 5 (5 stored)
1695148747:[BYCMD ,0379]    cycle nb 1 (1 stored)
1695148747:[P2TCMD,0150]    p2t37: 15x2000ms, offset 235mbar
1695148748:[P2TCMD,0151]    p2t37: dp 5000mbar, dt 1000000mdegC
1695148748:[STAGE ,0080]Stage [0] 200000mbar (+/-5000mbar) 25200s (<25200s) 
1695148748:[STAGE ,0080]Stage [1] 200000mbar (+/-5000mbar) 788400s (<813600s) MERMAID SBE61 
1695148748:[PROFIL,0302]    manual_profil=1
1695148748:[PROFIL,0303]    manual_profil_rate=1 hours
1695148748:[STAGE ,0080]Stage [2] 300000mbar (+/-5000mbar) 14400s (<828000s) 
1695148748:[STAGE ,0091]Stage [3] surfacing 36000s (<864000s) SBE61 
1695148748:[PROFIL,0284]    speed_detection=1
1695148748:[PROFIL,0285]    bin_average_output=1
1695148748:[PROFIL,0287]    include_transition_bin=1
1695148748:[PROFIL,0304]    include_nbin=1
1695148748:[PROFIL,0301]    load_test_sample=0
1695148748:[PROFIL,0288]    p_cut_off=2dbar
1695148748:[PROFIL,0289]    top_bin_interval=2dbar
1695148748:[PROFIL,0290]    top_bin_size=2dbar
1695148748:[PROFIL,0291]    top_bin_max=500dbar
1695148748:[PROFIL,0292]    middle_bin_interval=10dbar
1695148748:[PROFIL,0293]    middle_bin_size=10dbar
1695148748:[PROFIL,0294]    middle_bin_max=3000dbar
1695148748:[PROFIL,0295]    bottom_bin_interval=50dbar
1695148748:[PROFIL,0296]    bottom_bin_size=50dbar
1695148748:[PROFIL,0297]    pump_time=0s
1695148748:[PROFIL,0298]    speed_start=2mbar/s
1695148748:[PROFIL,0299]    speed_control=10mbar/s
1695148748:[MAIN  ,0070]turn off bluetooth
1695148776:[DIVING,0141]diving from -35mbar, +0mbar/s
1695148776:[BYPASS,0035]bypass opening 120000ms
1695148781:[BYPASS,0104]battery 15040mV,  256566uA (bypass opening), P    -35mbar
1695148906:[BYPASS,0106]battery 15088mV,  300974uA (bypass closing), P    -35mbar
1695148932:[BYPASS,0035]bypass opening 20000ms
1695148938:[BYPASS,0104]battery 15116mV,  254858uA (bypass opening), P   -185mbar
1695148963:[BYPASS,0106]battery 15093mV,  299754uA (bypass closing), P   -185mbar
1695148989:[BYPASS,0035]bypass opening 20000ms
1695148994:[BYPASS,0104]battery 15118mV,  247538uA (bypass opening), P   -195mbar
1695149019:[BYPASS,0106]battery 15098mV,  298778uA (bypass closing), P   -195mbar
1695149092:[DIVING,0028]525mbar reached (+9mbar/s), 3 bypass done
1695149092:[MAIN  ,0056]stage[0]
1695149095:[MAIN  ,0024]internal pressure 82986Pa
1695149095:[BUOY  ,0037]P   +545mbar
1695149422:[BUOY  ,0087]from +5mbar/s to +9mbar/s
1695149422:[BUOY  ,0090]need to transfer -90mL (valve during 20491ms)
1695149422:[VALVE ,0034]valve opening 20491ms
1695149443:[VALVE ,0234]battery 15120mV,  495686uA, P  +3195mbar
1695149747:[BUOY  ,0087]from +7mbar/s to +9mbar/s
1695149747:[BUOY  ,0090]need to transfer -52mL (valve during 9208ms)
1695149747:[VALVE ,0034]valve opening 9208ms
1695149756:[VALVE ,0234]battery 15123mV,  495320uA, P  +5215mbar
1695150047:[PRESS ,0038]P  +8395mbar,T+32767mdegC
1695150397:[BUOY  ,0087]from +7mbar/s to +9mbar/s
1695150397:[BUOY  ,0090]need to transfer -52mL (valve during 6255ms)
1695150397:[VALVE ,0034]valve opening 6255ms
1695150404:[VALVE ,0234]battery 15158mV,  497272uA, P +11365mbar
1695150697:[PRESS ,0038]P +13735mbar,T+32767mdegC
1695151347:[PRESS ,0038]P +19175mbar,T+32767mdegC
1695151997:[PRESS ,0038]P +25185mbar,T+32767mdegC
1695152347:[BUOY  ,0087]from +7mbar/s to +9mbar/s
1695152347:[BUOY  ,0090]need to transfer -52mL (valve during 3946ms)
1695152347:[VALVE ,0034]valve opening 3946ms
1695152351:[VALVE ,0234]battery 15161mV,  499834uA, P +28235mbar
1695152647:[PRESS ,0038]P +30975mbar,T+32767mdegC
1695153297:[PRESS ,0038]P +37445mbar,T+32767mdegC
1695153647:[BUOY  ,0087]from +7mbar/s to +9mbar/s
1695153647:[BUOY  ,0090]need to transfer -52mL (valve during 3299ms)
1695153647:[VALVE ,0034]valve opening 3299ms
1695153650:[VALVE ,0234]battery 15148mV,  501420uA, P +40505mbar
1695153947:[PRESS ,0038]P +43325mbar,T+32767mdegC
1695154597:[PRESS ,0038]P +50695mbar,T+32767mdegC
1695155246:[PRESS ,0038]P +57085mbar,T+32767mdegC
1695155896:[PRESS ,0038]P +63755mbar,T+32767mdegC
1695156546:[PRESS ,0038]P +70075mbar,T+32767mdegC
1695157196:[PRESS ,0038]P +75525mbar,T+32767mdegC
1695157846:[PRESS ,0038]P +80885mbar,T+32767mdegC
1695158495:[PRESS ,0038]P +86885mbar,T+32767mdegC
1695159145:[PRESS ,0038]P +92405mbar,T+32767mdegC
1695159795:[PRESS ,0038]P +97935mbar,T+32767mdegC
1695160445:[PRESS ,0038]P+103865mbar,T+32767mdegC
1695161095:[PRESS ,0038]P+110135mbar,T+32767mdegC
1695161744:[PRESS ,0038]P+116325mbar,T+32767mdegC
1695162394:[PRESS ,0038]P+121675mbar,T+32767mdegC
1695163063:[PRESS ,0038]P+126685mbar,T+32767mdegC
1695163394:[BUOY  ,0087]from +7mbar/s to +9mbar/s
1695163394:[BUOY  ,0090]need to transfer -52mL (valve during 1847ms)
1695163394:[VALVE ,0034]valve opening 1847ms
1695163396:[VALVE ,0234]battery 14892mV,  513742uA, P+129135mbar
1695163694:[PRESS ,0038]P+131955mbar,T+32767mdegC
1695164344:[PRESS ,0038]P+138515mbar,T+32767mdegC
1695164994:[PRESS ,0038]P+144595mbar,T+32767mdegC
1695165643:[PRESS ,0038]P+150045mbar,T+32767mdegC
1695166302:[PRESS ,0038]P+155055mbar,T+32767mdegC
1695166643:[BUOY  ,0087]from +7mbar/s to +9mbar/s
1695166643:[BUOY  ,0090]need to transfer -52mL (valve during 1674ms)
1695166643:[VALVE ,0034]valve opening 1674ms
1695166645:[VALVE ,0234]battery 14787mV,  514352uA, P+157495mbar
1695166943:[PRESS ,0038]P+160065mbar,T+32767mdegC
1695167593:[PRESS ,0038]P+165735mbar,T+32767mdegC
1695168243:[PRESS ,0038]P+171875mbar,T+32767mdegC
1695168592:[BUOY  ,0087]from +10mbar/s to +6mbar/s
1695168592:[PUMP  ,0378]Outflow calculated : 2729
1695168592:[BUOY  ,0089]need to transfer +102mL (pump during 145506ms)
1695168594:[PUMP  ,0016]pump during 60000ms
1695168653:[PUMP  ,0212]battery 14552mV,  806786uA (steady state), P+175255mbar
1695168894:[PRESS ,0038]P+177965mbar,T+32767mdegC
1695168919:[BUOY  ,0087]from +10mbar/s to +6mbar/s
1695168919:[PUMP  ,0378]Outflow calculated : 2727
1695168919:[BUOY  ,0089]need to transfer +102mL (pump during 145714ms)
1695168920:[PUMP  ,0016]pump during 60000ms
1695168979:[PUMP  ,0212]battery 14648mV,  826306uA (steady state), P+178185mbar
1695169245:[BUOY  ,0087]from +9mbar/s to +6mbar/s
1695169245:[PUMP  ,0378]Outflow calculated : 2724
1695169245:[BUOY  ,0089]need to transfer +72mL (pump during 105417ms)
1695169246:[PUMP  ,0016]pump during 60000ms
1695169305:[PUMP  ,0212]battery 14630mV,  834846uA (steady state), P+180855mbar
1695169547:[PRESS ,0038]P+183015mbar,T+32767mdegC
1695170521:[PRESS ,0038]P+189325mbar,T+32767mdegC
1695171196:[BUOY  ,0087]from +5mbar/s to +2mbar/s
1695171196:[PUMP  ,0378]Outflow calculated : 2718
1695171196:[BUOY  ,0089]need to transfer +34mL (pump during 48924ms)
1695171197:[PUMP  ,0016]pump during 48924ms
1695171245:[PUMP  ,0212]battery 14741mV,  871324uA (steady state), P+193145mbar
1695171498:[PRESS ,0038]P+194515mbar,T+32767mdegC
1695171522:[BUOY  ,0087]from +5mbar/s to +2mbar/s
1695171522:[PUMP  ,0378]Outflow calculated : 2716
1695171522:[BUOY  ,0089]need to transfer +34mL (pump during 49519ms)
1695171524:[PUMP  ,0016]pump during 49519ms
1695171573:[PUMP  ,0212]battery 14642mV,  879010uA (steady state), P+194665mbar
1695171849:[STAGE ,0213]195735mbar reached at 1695171849s, ref 200000mbar +/-5000mbar
1695172149:[BUOY  ,0087]from +3mbar/s to +0mbar/s
1695172149:[PUMP  ,0378]Outflow calculated : 2715
1695172149:[BUOY  ,0089]need to transfer +14mL (pump during 20347ms)
1695172150:[PUMP  ,0016]pump during 20347ms
1695172170:[PUMP  ,0212]battery 14650mV,  885720uA (steady state), P+196685mbar
1695174576:[MAIN  ,0140]stage[0] complete 25484s after mission start
1695174576:[MAIN  ,0056]stage[1]
1695174579:[MAIN  ,0024]internal pressure 77891Pa
1695174580:[MRMAID,0002]acq started
1695174581:[SBE   ,0391]Mode changed from SLEEP to UPDATE
1695174581:[BUOY  ,0037]P+198265mbar
1695174583:[STAGE ,0213]198245mbar reached at 1695174583s, ref 200000mbar +/-5000mbar
1695174586:[SBE   ,0391]Mode changed from UPDATE to START
1695174586:[SBE   ,0385]Start manual acquisitions
1695174586:[SBE   ,0391]Mode changed from START to PROFILING
1695174621:[SBE61 ,0396]P +19851,T +19583,S +34580
1695174631:[MRMAID,0184]acq already started
1695174633:[MRMAID,0059]stop canceled
1695175783:[PRESS ,0038]P+199805mbar,T+32767mdegC
1695176084:[BUOY  ,0087]from +1mbar/s to +0mbar/s
1695176084:[PUMP  ,0378]Outflow calculated : 2714
1695176084:[BUOY  ,0089]need to transfer +2mL (pump during 2878ms)
1695176084:[MRMAID,0003]acq stopped
1695176084:[MRMAID,0052]$MEASFS,58066,1451.137085,40.014138;
1695176085:[PUMP  ,0016]pump during 2878ms
1695176090:[MRMAID,0002]acq started
1695176411:[BUOY  ,0087]from +3mbar/s to +0mbar/s
1695176411:[PUMP  ,0378]Outflow calculated : 2713
1695176411:[BUOY  ,0089]need to transfer +14mL (pump during 20170ms)
1695176411:[MRMAID,0003]acq stopped
1695176413:[PUMP  ,0016]pump during 20170ms
1695176433:[PUMP  ,0212]battery 14721mV,  908168uA (steady state), P+201115mbar
1695176434:[MRMAID,0002]acq started
1695176738:[BUOY  ,0087]from +1mbar/s to +0mbar/s
1695176738:[PUMP  ,0378]Outflow calculated : 2713
1695176738:[BUOY  ,0089]need to transfer +2mL (pump during 2881ms)
1695176738:[MRMAID,0003]acq stopped
1695176740:[PUMP  ,0016]pump during 2881ms
1695176744:[MRMAID,0002]acq started
1695177361:[MRMAID,0027]2009dbar, 33degC
1695177539:[MRMAID,0005]ascent request rejected
1695177931:[MRMAID,0027]2007dbar, 33degC
1695178061:[MRMAID,0005]ascent request rejected
1695178194:[MRMAID,0003]acq stopped
1695178194:[MRMAID,0052]$MEASFS,55922,1397.555542,40.014152;
1695178230:[SBE61 ,0396]P +20072,T +19461,S +34583
1695178231:[MRMAID,0002]acq started
1695179467:[BUOY  ,0087]from -1mbar/s to +0mbar/s
1695179467:[BUOY  ,0090]need to transfer -2mL (valve during 57ms)
1695179467:[MRMAID,0003]acq stopped
1695179467:[MRMAID,0185]28 spurious byte(s) received
1695179467:[VALVE ,0034]valve opening 57ms
1695179479:[MRMAID,0002]acq started
1695179803:[BUOY  ,0087]from +2mbar/s to +0mbar/s
1695179803:[PUMP  ,0378]Outflow calculated : 2714
1695179803:[BUOY  ,0089]need to transfer +6mL (pump during 8644ms)
1695179803:[MRMAID,0003]acq stopped
1695179805:[PUMP  ,0016]pump during 8644ms
1695179813:[PUMP  ,0212]battery 14697mV,  901702uA (steady state), P+200275mbar
1695179815:[MRMAID,0002]acq started
1695180131:[BUOY  ,0087]from +2mbar/s to +0mbar/s
1695180131:[PUMP  ,0378]Outflow calculated : 2713
1695180131:[BUOY  ,0089]need to transfer +6mL (pump during 8676ms)
1695180131:[MRMAID,0003]acq stopped
1695180132:[PUMP  ,0016]pump during 8676ms
1695180140:[PUMP  ,0212]battery 14691mV,  910242uA (steady state), P+200855mbar
1695180142:[MRMAID,0002]acq started
1695181658:[BUOY  ,0087]from -1mbar/s to +0mbar/s
1695181659:[BUOY  ,0090]need to transfer -2mL (valve during 57ms)
1695181659:[MRMAID,0003]acq stopped
1695181659:[MRMAID,0185]20 spurious byte(s) received
1695181659:[VALVE ,0034]valve opening 57ms
1695181671:[MRMAID,0002]acq started
1695181794:[MRMAID,0003]acq stopped
1695181829:[SBE61 ,0396]P +20008,T +19643,S +34580
1695181831:[MRMAID,0002]acq started
1695181995:[BUOY  ,0087]from +3mbar/s to +0mbar/s
1695181995:[PUMP  ,0378]Outflow calculated : 2714
1695181995:[BUOY  ,0089]need to transfer +14mL (pump during 20196ms)
1695181995:[MRMAID,0003]acq stopped
1695181997:[PUMP  ,0016]pump during 20196ms
1695182017:[PUMP  ,0212]battery 14683mV,  908412uA (steady state), P+200185mbar
1695182018:[MRMAID,0002]acq started
1695182322:[BUOY  ,0087]from +1mbar/s to +0mbar/s
1695182322:[PUMP  ,0378]Outflow calculated : 2713
1695182322:[BUOY  ,0089]need to transfer +2mL (pump during 2905ms)
1695182322:[MRMAID,0003]acq stopped
1695182324:[PUMP  ,0016]pump during 2905ms
1695182328:[MRMAID,0002]acq started
1695185404:[MRMAID,0003]acq stopped
1695185404:[MRMAID,0052]$MEASFS,120950,3022.678437,40.014180;
1695185439:[SBE61 ,0396]P +19954,T +19709,S +34580
1695185440:[MRMAID,0002]acq started
1695189003:[MRMAID,0052]$$MEASFS,140457,3510.179749,40.014190;
1695189005:[MRMAID,0185]11 spurious byte(s) received
1695189039:[SBE61 ,0396]P +19872,T +19481,S +34583
1695189040:[MRMAID,0002]acq started
1695192603:[MRMAID,0052]$$MEASFS,140461,3510.278900,40.014199;
1695192605:[MRMAID,0185]11 spurious byte(s) received
1695192638:[SBE61 ,0396]P +19996,T +19356,S +34586
1695192640:[MRMAID,0002]acq started
1695194956:[BUOY  ,0101]stage[1] 10 stab done
1695194956:[BUOY  ,0087]from +1mbar/s to +0mbar/s
1695194956:[PUMP  ,0378]Outflow calculated : 2713
1695194956:[BUOY  ,0089]need to transfer +2mL (pump during 2885ms)
1695194956:[MRMAID,0003]acq stopped
1695194956:[MRMAID,0052]$MEASFS,90568,2263.396179,40.014206;
1695194958:[PUMP  ,0016]pump during 2885ms
1695194962:[MRMAID,0002]acq started
1695196212:[MRMAID,0003]acq stopped
1695196212:[MRMAID,0185]28 spurious byte(s) received
1695196248:[SBE61 ,0396]P +20007,T +19527,S +34583
1695196249:[MRMAID,0002]acq started
1695197545:[MRMAID,0027]1987dbar, 33degC
1695197679:[MRMAID,0005]ascent request rejected
1695197913:[MRMAID,0027]1987dbar, 33degC
1695198079:[MRMAID,0005]ascent request rejected
1695199038:[MRMAID,0027]1992dbar, 33degC
1695199216:[MRMAID,0005]ascent request rejected
1695199812:[MRMAID,0003]acq stopped
1695199812:[MRMAID,0052]$MEASFS,140463,3510.327790,40.014212;
1695199847:[SBE61 ,0396]P +19997,T +19421,S +34584
1695199849:[MRMAID,0002]acq started
1695201961:[MRMAID,0027]1991dbar, 33degC
1695202129:[MRMAID,0005]ascent request rejected
1695203239:[MRMAID,0027]1989dbar, 33degC
1695203411:[MRMAID,0005]ascent request rejected
1695203412:[MRMAID,0052]$STOPACK$MEASFS,140459,3510.227478,40.014216;
1695203414:[MRMAID,0185]4 spurious byte(s) received
1695203447:[SBE61 ,0396]P +19929,T +19380,S +34584
1695203448:[MRMAID,0002]acq started
1695207021:[MRMAID,0052]$STOPAC$MEASFS,140859,3520.223633,40.014219;
1695207023:[MRMAID,0185]5 spurious byte(s) received
1695207057:[SBE61 ,0396]P +20036,T +19393,S +34585
1695207058:[MRMAID,0002]acq started
1695210621:[MRMAID,0003]acq stopped
1695210621:[MRMAID,0052]$MEASFS,140459,3510.226990,40.014221;
1695210656:[SBE61 ,0396]P +20046,T +19540,S +34582
1695210658:[MRMAID,0002]acq started
1695211078:[MRMAID,0027]2001dbar, 33degC
1695211228:[MRMAID,0005]ascent request rejected
1695214221:[MRMAID,0003]acq stopped
1695214221:[MRMAID,0052]$MEASFS,140461,3510.276825,40.014223;
1695214256:[SBE61 ,0396]P +20178,T +19443,S +34584
1695214257:[MRMAID,0002]acq started
1695214957:[MRMAID,0027]2020dbar, 33degC
1695215128:[MRMAID,0005]ascent request rejected
1695217830:[MRMAID,0003]acq stopped
1695217830:[MRMAID,0052]$MEASFS,140858,3520.198151,40.014225;
1695217866:[SBE61 ,0396]P +20028,T +19538,S +34583
1695217867:[MRMAID,0002]acq started
1695221430:[MRMAID,0003]acq stopped
1695221430:[MRMAID,0052]$MEASFS,140458,3510.201599,40.014226;
1695221465:[SBE61 ,0396]P +20097,T +19441,S +34585
1695221467:[MRMAID,0002]acq started
1695225039:[MRMAID,0003]acq stopped
1695225040:[MRMAID,0052]$MEASFS,140857,3520.172973,40.014227;
1695225075:[SBE61 ,0396]P +20006,T +19414,S +34585
1695225076:[MRMAID,0002]acq started
1695228639:[MRMAID,0003]acq stopped
1695228639:[MRMAID,0052]$MEASFS,140458,3510.201477,40.014227;
1695228675:[SBE61 ,0396]P +20117,T +19408,S +34585
1695228676:[MRMAID,0002]acq started
1695229560:[MRMAID,0027]2007dbar, 33degC
1695229691:[MRMAID,0005]ascent request rejected
1695232239:[MRMAID,0003]acq stopped
1695232239:[MRMAID,0052]$MEASFS,140461,3510.276367,40.014228;
1695232274:[SBE61 ,0396]P +20245,T +19425,S +34585
1695232275:[MRMAID,0002]acq started
1695233588:[MRMAID,0027]2021dbar, 33degC
1695233762:[MRMAID,0005]ascent request rejected
1695235848:[MRMAID,0003]acq stopped
1695235848:[MRMAID,0052]$MEASFS,140860,3520.247772,40.014229;
1695235884:[SBE61 ,0396]P +20133,T +19439,S +34584
1695235885:[MRMAID,0002]acq started
1695239448:[MRMAID,0003]acq stopped
1695239448:[MRMAID,0052]$MEASFS,140460,3510.251313,40.014229;
1695239483:[SBE61 ,0396]P +20173,T +19528,S +34583
1695239485:[MRMAID,0002]acq started
1695243048:[MRMAID,0003]acq stopped
1695243048:[MRMAID,0052]$MEASFS,140460,3510.251282,40.014229;
1695243083:[SBE61 ,0396]P +20147,T +19465,S +34583
1695243084:[MRMAID,0002]acq started
1695246657:[MRMAID,0003]acq stopped
1695246657:[MRMAID,0052]$MEASFS,140858,3520.197723,40.014230;
1695246693:[SBE61 ,0396]P +20182,T +19434,S +34584
1695246694:[MRMAID,0002]acq started
1695250257:[MRMAID,0003]acq stopped
1695250257:[MRMAID,0052]$MEASFS,140459,3510.226258,40.014230;
1695250292:[SBE61 ,0396]P +20165,T +19435,S +34584
1695250294:[MRMAID,0002]acq started
1695253866:[MRMAID,0003]acq stopped
1695253867:[MRMAID,0052]$MEASFS,140859,3520.222687,40.014230;
1695253902:[SBE61 ,0396]P +20175,T +19432,S +34584
1695253903:[MRMAID,0002]acq started
1695257466:[MRMAID,0003]acq stopped
1695257466:[MRMAID,0052]$MEASFS,140462,3510.301178,40.014230;
1695257502:[SBE61 ,0396]P +20247,T +19420,S +34585
1695257503:[MRMAID,0002]acq started
1695259352:[MRMAID,0027]2019dbar, 33degC
1695259490:[MRMAID,0005]ascent request rejected
1695261066:[MRMAID,0003]acq stopped
1695261066:[MRMAID,0052]$MEASFS,140460,3510.251221,40.014230;
1695261101:[SBE61 ,0396]P +20157,T +19409,S +34585
1695261102:[MRMAID,0002]acq started
1695264675:[MRMAID,0003]acq stopped
1695264675:[MRMAID,0052]$MEASFS,140867,3520.422577,40.014230;
1695264711:[SBE61 ,0396]P +20249,T +19381,S +34586
1695264712:[MRMAID,0002]acq started
1695268275:[MRMAID,0003]acq stopped
1695268275:[MRMAID,0052]$MEASFS,140460,3510.251190,40.014230;
1695268310:[SBE61 ,0396]P +20246,T +19325,S +34586
1695268312:[MRMAID,0002]acq started
1695271875:[MRMAID,0003]acq stopped
1695271875:[MRMAID,0052]$MEASFS,140460,3510.251190,40.014230;
1695271910:[SBE61 ,0396]P +20274,T +19452,S +34585
1695271911:[MRMAID,0002]acq started
1695275484:[MRMAID,0003]acq stopped
1695275484:[MRMAID,0052]$MEASFS,140859,3520.222657,40.014230;
1695275520:[SBE61 ,0396]P +20167,T +19375,S +34586
1695275521:[MRMAID,0002]acq started
1695279084:[MRMAID,0003]acq stopped
1695279084:[MRMAID,0052]$MEASFS,140459,3510.226196,40.014230;
1695279119:[SBE61 ,0396]P +20179,T +19131,S +34589
1695279121:[MRMAID,0002]acq started
1695282693:[MRMAID,0003]acq stopped
1695282694:[MRMAID,0052]$MEASFS,140858,3520.197632,40.014231;
1695282729:[SBE61 ,0396]P +20387,T +19141,S +34589
1695282730:[MRMAID,0002]acq started
1695286293:[MRMAID,0003]acq stopped
1695286293:[MRMAID,0052]$MEASFS,140459,3510.226135,40.014231;
1695286329:[SBE61 ,0396]P +20269,T +19159,S +34589
1695286330:[MRMAID,0002]acq started
1695289893:[MRMAID,0003]acq stopped
1695289893:[MRMAID,0052]$MEASFS,140458,3510.201141,40.014231;
1695289928:[SBE61 ,0396]P +20302,T +19148,S +34588
1695289929:[MRMAID,0002]acq started
1695293502:[MRMAID,0003]acq stopped
1695293502:[MRMAID,0052]$MEASFS,140857,3520.172577,40.014231;
1695293538:[SBE61 ,0396]P +20290,T +19253,S +34587
1695293539:[MRMAID,0002]acq started
1695297102:[MRMAID,0003]acq stopped
1695297102:[MRMAID,0052]$MEASFS,140458,3510.201142,40.014231;
1695297137:[SBE61 ,0396]P +20380,T +19339,S +34586
1695297139:[MRMAID,0002]acq started
1695300702:[MRMAID,0003]acq stopped
1695300702:[MRMAID,0052]$MEASFS,140462,3510.301117,40.014231;
1695300737:[SBE61 ,0396]P +20311,T +19450,S +34584
1695300738:[MRMAID,0002]acq started
1695304311:[MRMAID,0003]acq stopped
1695304311:[MRMAID,0052]$MEASFS,140859,3520.222595,40.014231;
1695304347:[SBE61 ,0396]P +20330,T +19375,S +34585
1695304348:[MRMAID,0002]acq started
1695307911:[MRMAID,0003]acq stopped
1695307911:[MRMAID,0052]$MEASFS,140460,3510.251129,40.014231;
1695307946:[SBE61 ,0396]P +20471,T +19475,S +34584
1695307948:[MRMAID,0002]acq started
1695310321:[MRMAID,0027]2027dbar, 33degC
1695310455:[MRMAID,0005]ascent request rejected
1695311521:[MRMAID,0003]acq stopped
1695311521:[MRMAID,0052]$MEASFS,140860,3520.247589,40.014231;
1695311556:[SBE61 ,0396]P +20305,T +19456,S +34584
1695311557:[MRMAID,0002]acq started
1695315120:[MRMAID,0003]acq stopped
1695315120:[MRMAID,0052]$MEASFS,140459,3510.226136,40.014231;
1695315156:[SBE61 ,0396]P +20335,T +19408,S +34584
1695315157:[MRMAID,0002]acq started
1695318720:[MRMAID,0003]acq stopped
1695318720:[MRMAID,0052]$MEASFS,140459,3510.226165,40.014231;
1695318755:[SBE61 ,0396]P +20393,T +19294,S +34587
1695318756:[MRMAID,0002]acq started
1695322329:[MRMAID,0003]acq stopped
1695322330:[MRMAID,0052]$MEASFS,140862,3520.297577,40.014231;
1695322365:[SBE61 ,0396]P +20401,T +19282,S +34587
1695322366:[MRMAID,0002]acq started
1695323237:[MRMAID,0027]2039dbar, 33degC
1695323398:[MRMAID,0005]ascent request rejected
1695325929:[MRMAID,0003]acq stopped
1695325929:[MRMAID,0052]$MEASFS,140461,3510.276123,40.014231;
1695325964:[SBE61 ,0396]P +20313,T +19357,S +34586
1695325966:[MRMAID,0002]acq started
1695329529:[MRMAID,0003]acq stopped
1695329529:[MRMAID,0052]$MEASFS,140458,3510.201141,40.014231;
1695329564:[SBE61 ,0396]P +20341,T +19356,S +34586
1695329565:[MRMAID,0002]acq started
1695331236:[MRMAID,0027]2017dbar, 33degC
1695331380:[MRMAID,0005]ascent request rejected
1695332419:[MRMAID,0027]2021dbar, 33degC
1695332585:[MRMAID,0005]ascent request rejected
1695332762:[MRMAID,0027]2026dbar, 33degC
1695332934:[MRMAID,0005]ascent request rejected
1695333138:[MRMAID,0003]acq stopped
1695333138:[MRMAID,0052]$MEASFS,140856,3520.147613,40.014231;
1695333174:[SBE61 ,0396]P +20309,T +19082,S +34590
1695333175:[MRMAID,0002]acq started
1695336738:[MRMAID,0003]acq stopped
1695336738:[MRMAID,0052]$MEASFS,140457,3510.176148,40.014231;
1695336773:[SBE61 ,0396]P +20353,T +19148,S +34589
1695336775:[MRMAID,0002]acq started
1695339004:[MRMAID,0027]2036dbar, 33degC
1695339170:[MRMAID,0005]ascent request rejected
1695340254:[PRESS ,0038]P+204895mbar,T+32767mdegC
1695340347:[MRMAID,0003]acq stopped
1695340348:[MRMAID,0052]$MEASFS,140857,3520.172607,40.014231;
1695340383:[SBE61 ,0396]P +20515,T +19319,S +34586
1695340384:[MRMAID,0002]acq started
1695340986:[MRMAID,0027]2049dbar, 33degC
1695341156:[MRMAID,0005]ascent request rejected
1695343627:[MRMAID,0027]2033dbar, 33degC
1695343798:[MRMAID,0005]ascent request rejected
1695343947:[MRMAID,0003]acq stopped
1695343947:[MRMAID,0052]$MEASFS,140459,3510.226105,40.014232;
1695343983:[SBE61 ,0396]P +20362,T +19312,S +34587
1695343984:[MRMAID,0002]acq started
1695347547:[MRMAID,0003]acq stopped
1695347547:[MRMAID,0052]$MEASFS,140460,3510.251130,40.014231;
1695347582:[SBE61 ,0396]P +20355,T +19281,S +34587
1695347583:[MRMAID,0002]acq started
1695351156:[MRMAID,0003]acq stopped
1695351157:[MRMAID,0052]$MEASFS,140868,3520.447479,40.014231;
1695351192:[SBE61 ,0396]P +20487,T +19350,S +34586
1695351193:[MRMAID,0002]acq started
1695351797:[MRMAID,0027]2047dbar, 33degC
1695351960:[MRMAID,0005]ascent request rejected
1695354756:[MRMAID,0003]acq stopped
1695354756:[MRMAID,0052]$MEASFS,140461,3510.276093,40.014231;
1695354791:[SBE61 ,0396]P +20359,T +19353,S +34586
1695354793:[MRMAID,0002]acq started
1695358356:[MRMAID,0003]acq stopped
1695358356:[MRMAID,0052]$MEASFS,140459,3510.226135,40.014231;
1695358391:[SBE61 ,0396]P +20384,T +19303,S +34587
1695358392:[MRMAID,0002]acq started
1695361896:[MRMAID,0027]2046dbar, 33degC
1695362001:[SBE61 ,0396]P +20486,T +19319,S +34587
1695362011:[MRMAID,0184]acq already started
1695362059:[MRMAID,0059]stop canceled
1695362064:[MRMAID,0005]ascent request rejected
1695365574:[MRMAID,0003]acq stopped
1695365575:[MRMAID,0052]$MEASFS,285278,7129.413513,40.014231;
1695365610:[SBE61 ,0396]P +20388,T +19306,S +34587
1695365611:[MRMAID,0002]acq started
1695366747:[MRMAID,0027]2038dbar, 33degC
1695366920:[MRMAID,0005]ascent request rejected
1695367416:[MRMAID,0027]2039dbar, 33degC
1695367588:[MRMAID,0005]ascent request rejected
1695368239:[MRMAID,0027]2040dbar, 33degC
1695368383:[MRMAID,0005]ascent request rejected
1695369174:[MRMAID,0003]acq stopped
1695369174:[MRMAID,0052]$MEASFS,140457,3510.176148,40.014231;
1695369209:[SBE61 ,0396]P +20444,T +19299,S +34587
1695369211:[MRMAID,0002]acq started
1695372774:[MRMAID,0003]acq stopped
1695372774:[MRMAID,0052]$MEASFS,140458,3510.201141,40.014231;
1695372809:[SBE61 ,0396]P +20399,T +19254,S +34588
1695372810:[MRMAID,0002]acq started
1695376383:[MRMAID,0003]acq stopped
1695376383:[MRMAID,0052]$MEASFS,140859,3520.222564,40.014231;
1695376419:[SBE61 ,0396]P +20449,T +19317,S +34587
1695376420:[MRMAID,0002]acq started
1695379983:[MRMAID,0003]acq stopped
1695379983:[MRMAID,0052]$MEASFS,140459,3510.226135,40.014231;
1695380018:[SBE61 ,0396]P +20500,T +19311,S +34587
1695380020:[MRMAID,0002]acq started
1695383593:[MRMAID,0003]acq stopped
1695383593:[MRMAID,0052]$MEASFS,140859,3520.222564,40.014231;
1695383628:[SBE61 ,0396]P +20446,T +19358,S +34586
1695383629:[MRMAID,0002]acq started
1695387192:[MRMAID,0003]acq stopped
1695387192:[MRMAID,0052]$MEASFS,140459,3510.226105,40.014232;
1695387228:[SBE61 ,0396]P +20391,T +19310,S +34585
1695387229:[MRMAID,0002]acq started
1695390792:[MRMAID,0003]acq stopped
1695390792:[MRMAID,0052]$MEASFS,140459,3510.226135,40.014231;
1695390827:[SBE61 ,0396]P +20403,T +19094,S +34590
1695390828:[MRMAID,0002]acq started
1695394401:[MRMAID,0003]acq stopped
1695394401:[MRMAID,0052]$MEASFS,140858,3520.197571,40.014231;
1695394437:[SBE61 ,0396]P +20488,T +19276,S +34587
1695394438:[MRMAID,0002]acq started
1695395194:[MRMAID,0027]2043dbar, 33degC
1695395372:[MRMAID,0005]ascent request rejected
1695398001:[MRMAID,0003]acq stopped
1695398001:[MRMAID,0052]$MEASFS,140456,3510.151154,40.014231;
1695398036:[SBE61 ,0396]P +20358,T +19083,S +34591
1695398038:[MRMAID,0002]acq started
1695400120:[MRMAID,0027]2030dbar, 33degC
1695400252:[MRMAID,0005]ascent request rejected
1695400411:[MRMAID,0027]2031dbar, 33degC
1695400590:[MRMAID,0005]ascent request rejected
1695401601:[MRMAID,0003]acq stopped
1695401601:[MRMAID,0052]$MEASFS,140459,3510.226104,40.014232;
1695401636:[SBE61 ,0396]P +20457,T +18945,S +34593
1695401637:[MRMAID,0002]acq started
1695405210:[MRMAID,0052]$STOPACK:+$MEASFS,140857,3520.172577,40.014231;
1695405213:[MRMAID,0185]2 spurious byte(s) received
1695405246:[SBE61 ,0396]P +20451,T +18988,S +34593
1695405247:[MRMAID,0002]acq started
1695408810:[MRMAID,0003]acq stopped
1695408810:[MRMAID,0052]$MEASFS,140453,3510.076141,40.014232;
1695408845:[SBE61 ,0396]P +20436,T +19053,S +34591
1695408847:[MRMAID,0002]acq started
1695409512:[MRMAID,0027]2042dbar, 33degC
1695410488:[BUOY  ,0087]from +0mbar/s to -2mbar/s
1695410488:[PUMP  ,0378]Outflow calculated : 2711
1695410488:[BUOY  ,0089]need to transfer +6mL (pump during 8679ms)
1695410488:[MRMAID,0003]acq stopped
1695410488:[MRMAID,0052]$MEASFS,63570,1588.684754,40.014232;
1695410490:[PUMP  ,0016]pump during 8679ms
1695410498:[PUMP  ,0212]battery 14428mV,  943548uA (steady state), P+205135mbar
1695410500:[MRMAID,0002]acq started
1695412420:[MRMAID,0003]acq stopped
1695412420:[MRMAID,0052]$MEASFS,74712,1867.135681,40.014232;
1695412455:[SBE61 ,0396]P +20261,T +19427,S +34585
1695412456:[MRMAID,0002]acq started
1695416019:[MRMAID,0003]acq stopped
1695416019:[MRMAID,0052]$MEASFS,140460,3510.251098,40.014231;
1695416055:[SBE61 ,0396]P +20259,T +19430,S +34585
1695416056:[MRMAID,0002]acq started
1695419619:[MRMAID,0003]acq stopped
1695419619:[MRMAID,0052]$MEASFS,140460,3510.251099,40.014231;
1695419654:[SBE61 ,0396]P +20165,T +19523,S +34583
1695419655:[MRMAID,0002]acq started
1695423228:[MRMAID,0003]acq stopped
1695423228:[MRMAID,0052]$MEASFS,140858,3520.197570,40.014231;
1695423264:[SBE61 ,0396]P +20071,T +19427,S +34585
1695423265:[MRMAID,0002]acq started
1695426828:[MRMAID,0003]acq stopped
1695426828:[MRMAID,0052]$MEASFS,140459,3510.226104,40.014232;
1695426863:[SBE61 ,0396]P +20156,T +19432,S +34585
1695426865:[MRMAID,0002]acq started
1695430428:[MRMAID,0003]acq stopped
1695430428:[MRMAID,0052]$MEASFS,140459,3510.226135,40.014231;
1695430463:[SBE61 ,0396]P +20176,T +19420,S +34585
1695430464:[MRMAID,0002]acq started
1695434037:[MRMAID,0003]acq stopped
1695434073:[SBE61 ,0396]P +20142,T +19392,S +34585
1695434074:[MRMAID,0002]acq started
1695437637:[MRMAID,0003]acq stopped
1695437637:[MRMAID,0052]$MEASFS,140468,3510.451049,40.014231;
1695437672:[SBE61 ,0396]P +20172,T +19272,S +34587
1695437674:[MRMAID,0002]acq started
1695438707:[MRMAID,0027]2019dbar, 33degC
1695438862:[MRMAID,0005]ascent request rejected
1695441247:[MRMAID,0003]acq stopped
1695441247:[MRMAID,0052]$MEASFS,140855,3520.122620,40.014231;
1695441282:[SBE61 ,0396]P +20191,T +19415,S +34585
1695441283:[MRMAID,0002]acq started
1695444846:[MRMAID,0003]acq stopped
1695444846:[MRMAID,0052]$MEASFS,140460,3510.251129,40.014231;
1695444882:[SBE61 ,0396]P +20157,T +19415,S +34585
1695444883:[MRMAID,0002]acq started
1695448446:[MRMAID,0003]acq stopped
1695448446:[MRMAID,0052]$MEASFS,140460,3510.251129,40.014231;
1695448481:[SBE61 ,0396]P +20269,T +19583,S +34582
1695448482:[MRMAID,0002]acq started
1695452055:[MRMAID,0003]acq stopped
1695452055:[MRMAID,0052]$MEASFS,140859,3520.222595,40.014231;
1695452091:[SBE61 ,0396]P +20148,T +19597,S +34582
1695452092:[MRMAID,0002]acq started
1695455537:[BUOY  ,0087]from +1mbar/s to +0mbar/s
1695455537:[PUMP  ,0378]Outflow calculated : 2712
1695455537:[BUOY  ,0089]need to transfer +2mL (pump during 2891ms)
1695455537:[MRMAID,0003]acq stopped
1695455537:[MRMAID,0052]$MEASFS,135740,3392.293121,40.014231;
1695455539:[PUMP  ,0016]pump during 2891ms
1695455543:[MRMAID,0002]acq started
1695455655:[MRMAID,0003]acq stopped
1695455690:[SBE61 ,0396]P +20351,T +19711,S +34580
1695455692:[MRMAID,0002]acq started
1695459255:[MRMAID,0003]acq stopped
1695459255:[MRMAID,0052]$MEASFS,140469,3510.476075,40.014231;
1695459290:[SBE61 ,0396]P +20080,T +19724,S +34580
1695459291:[MRMAID,0002]acq started
1695462864:[MRMAID,0003]acq stopped
1695462864:[MRMAID,0052]$MEASFS,140858,3520.197663,40.014230;
1695462900:[SBE61 ,0396]P +20086,T +19667,S +34581
1695462901:[MRMAID,0002]acq started
1695463710:[MRMAID,0027]2005dbar, 33degC
1695463879:[MRMAID,0005]ascent request rejected
1695466464:[MRMAID,0003]acq stopped
1695466464:[MRMAID,0052]$MEASFS,140459,3510.226196,40.014230;
1695466499:[SBE61 ,0396]P +20078,T +19426,S +34585
1695466501:[MRMAID,0002]acq started
1695468470:[BUOY  ,0087]from +1mbar/s to +0mbar/s
1695468470:[PUMP  ,0378]Outflow calculated : 2713
1695468470:[BUOY  ,0089]need to transfer +2mL (pump during 2891ms)
1695468471:[MRMAID,0003]acq stopped
1695468471:[MRMAID,0052]$MEASFS,76712,1917.117981,40.014230;
1695468472:[PUMP  ,0016]pump during 2891ms
1695468476:[MRMAID,0002]acq started
1695470064:[MRMAID,0003]acq stopped
1695470064:[MRMAID,0052]$MEASFS,61401,1534.479095,40.014230;
1695470099:[SBE61 ,0396]P +20133,T +19727,S +34580
1695470100:[MRMAID,0002]acq started
1695470899:[PRESS ,0038]P+199785mbar,T+32767mdegC
1695470899:[BUOY  ,0087]from -1mbar/s to +0mbar/s
1695470899:[BUOY  ,0090]need to transfer -2mL (valve during 57ms)
1695470899:[MRMAID,0003]acq stopped
1695470899:[MRMAID,0185]11 spurious byte(s) received
1695470899:[VALVE ,0034]valve opening 57ms
1695470911:[MRMAID,0002]acq started
1695471235:[BUOY  ,0087]from +1mbar/s to +0mbar/s
1695471235:[PUMP  ,0378]Outflow calculated : 2714
1695471235:[BUOY  ,0089]need to transfer +2mL (pump during 2892ms)
1695471235:[MRMAID,0003]acq stopped
1695471237:[PUMP  ,0016]pump during 2892ms
1695471241:[MRMAID,0002]acq started
1695471863:[BUOY  ,0087]from +1mbar/s to +0mbar/s
1695471863:[PUMP  ,0378]Outflow calculated : 2713
1695471863:[BUOY  ,0089]need to transfer +2mL (pump during 2893ms)
1695471863:[MRMAID,0052]$STOP
1695471864:[MRMAID,0185]7 spurious byte(s) received
1695471864:[PUMP  ,0016]pump during 2893ms
1695471869:[MRMAID,0002]acq started
1695472190:[BUOY  ,0087]from +2mbar/s to +0mbar/s
1695472190:[PUMP  ,0378]Outflow calculated : 2713
1695472190:[BUOY  ,0089]need to transfer +6mL (pump during 8678ms)
1695472190:[MRMAID,0003]acq stopped
1695472192:[PUMP  ,0016]pump during 8678ms
1695472200:[PUMP  ,0212]battery 14536mV,  922320uA (steady state), P+200745mbar
1695472202:[MRMAID,0002]acq started
1695472517:[BUOY  ,0087]from +1mbar/s to +0mbar/s
1695472517:[PUMP  ,0378]Outflow calculated : 2713
1695472517:[BUOY  ,0089]need to transfer +2mL (pump during 2904ms)
1695472517:[MRMAID,0003]acq stopped
1695472519:[PUMP  ,0016]pump during 2904ms
1695472523:[MRMAID,0002]acq started
1695473673:[MRMAID,0003]acq stopped
1695473673:[MRMAID,0185]28 spurious byte(s) received
1695473709:[SBE61 ,0396]P +20154,T +19417,S +34585
1695473710:[MRMAID,0002]acq started
1695477273:[MRMAID,0003]acq stopped
1695477273:[MRMAID,0052]$MEASFS,140462,3510.301178,40.014230;
1695477308:[SBE61 ,0396]P +20200,T +19246,S +34589
1695477309:[MRMAID,0002]acq started
1695480882:[MRMAID,0003]acq stopped
1695480883:[MRMAID,0052]$MEASFS,140859,3520.222626,40.014231;
1695480918:[SBE61 ,0396]P +20190,T +19135,S +34589
1695480919:[MRMAID,0002]acq started
1695481627:[MRMAID,0027]2016dbar, 33degC
1695481765:[MRMAID,0005]ascent request rejected
1695484482:[MRMAID,0003]acq stopped
1695484482:[MRMAID,0052]$MEASFS,140461,3510.276123,40.014231;
1695484518:[SBE61 ,0396]P +20187,T +18975,S +34592
1695484519:[MRMAID,0002]acq started
1695488082:[MRMAID,0003]acq stopped
1695488082:[MRMAID,0052]$MEASFS,140460,3510.251160,40.014231;
1695488117:[SBE61 ,0396]P +20179,T +19081,S +34589
1695488118:[MRMAID,0002]acq started
1695489249:[MRMAID,0027]2017dbar, 33degC
1695489377:[MRMAID,0005]ascent request rejected
1695491691:[MRMAID,0003]acq stopped
1695491691:[MRMAID,0052]$MEASFS,140859,3520.222564,40.014231;
1695491727:[SBE61 ,0396]P +20239,T +19057,S +34590
1695491728:[MRMAID,0002]acq started
1695492780:[MRMAID,0027]2020dbar, 33degC
1695492921:[MRMAID,0005]ascent request rejected
1695495291:[MRMAID,0052]$STOPAC$MEASFS,140458,3510.201111,40.014232;
1695495293:[MRMAID,0185]5 spurious byte(s) received
1695495326:[SBE61 ,0396]P +20230,T +19084,S +34590
1695495328:[MRMAID,0002]acq started
1695498891:[MRMAID,0003]acq stopped
1695498891:[MRMAID,0052]$MEASFS,140459,3510.226105,40.014232;
1695498926:[SBE61 ,0396]P +20328,T +19326,S +34586
1695498927:[MRMAID,0002]acq started
1695502500:[MRMAID,0003]acq stopped
1695502500:[MRMAID,0052]$MEASFS,140857,3520.172547,40.014232;
1695502536:[SBE61 ,0396]P +20318,T +19434,S +34585
1695502537:[MRMAID,0002]acq started
1695506100:[MRMAID,0003]acq stopped
1695506100:[MRMAID,0052]$MEASFS,140458,3510.201111,40.014232;
1695506135:[SBE61 ,0396]P +20358,T +19447,S +34584
1695506137:[MRMAID,0002]acq started
1695507632:[MRMAID,0027]2033dbar, 33degC
1695507795:[MRMAID,0005]ascent request rejected
1695509709:[MRMAID,0003]acq stopped
1695509710:[MRMAID,0052]$MEASFS,140858,3520.197571,40.014231;
1695509745:[SBE61 ,0396]P +20278,T +19536,S +34583
1695509746:[MRMAID,0002]acq started
1695511681:[MRMAID,0027]2020dbar, 33degC
1695511847:[MRMAID,0005]ascent request rejected
1695513309:[MRMAID,0003]acq stopped
1695513309:[MRMAID,0052]$MEASFS,140447,3509.926239,40.014231;
1695513345:[SBE61 ,0396]P +20221,T +19436,S +34584
1695513346:[MRMAID,0002]acq started
1695516909:[MRMAID,0003]acq stopped
1695516909:[MRMAID,0052]$MEASFS,140460,3510.251130,40.014231;
1695516944:[SBE61 ,0396]P +20276,T +19432,S +34585
1695516945:[MRMAID,0002]acq started
1695519201:[MRMAID,0027]2024dbar, 33degC
1695519374:[MRMAID,0005]ascent request rejected
1695520518:[MRMAID,0003]acq stopped
1695520518:[MRMAID,0052]$MEASFS,140861,3520.272583,40.014231;
1695520554:[SBE61 ,0396]P +20246,T +19409,S +34586
1695520555:[MRMAID,0002]acq started
1695521260:[MRMAID,0027]2022dbar, 33degC
1695521440:[MRMAID,0005]ascent request rejected
1695522545:[MRMAID,0027]2025dbar, 33degC
1695522723:[MRMAID,0005]ascent request rejected
1695524118:[MRMAID,0003]acq stopped
1695524118:[MRMAID,0052]$MEASFS,140470,3510.501068,40.014231;
1695524153:[SBE61 ,0396]P +20256,T +19386,S +34585
1695524155:[MRMAID,0002]acq started
1695527718:[MRMAID,0003]acq stopped
1695527718:[MRMAID,0052]$MEASFS,140459,3510.226135,40.014231;
1695527753:[SBE61 ,0396]P +20323,T +19387,S +34585
1695527754:[MRMAID,0002]acq started
1695531327:[MRMAID,0003]acq stopped
1695531327:[MRMAID,0052]$MEASFS,140858,3520.197571,40.014231;
1695531363:[SBE61 ,0396]P +20269,T +19411,S +34585
1695531364:[MRMAID,0002]acq started
1695534927:[MRMAID,0003]acq stopped
1695534927:[MRMAID,0052]$MEASFS,140459,3510.226135,40.014231;
1695534962:[SBE61 ,0396]P +20356,T +19447,S +34585
1695534964:[MRMAID,0002]acq started
1695538536:[MRMAID,0003]acq stopped
1695538537:[MRMAID,0052]$MEASFS,140857,3520.172608,40.014231;
1695538572:[SBE61 ,0396]P +20328,T +19600,S +34582
1695538573:[MRMAID,0002]acq started
1695542136:[MRMAID,0003]acq stopped
1695542136:[MRMAID,0052]$MEASFS,140458,3510.201172,40.014231;
1695542172:[SBE61 ,0396]P +20327,T +19659,S +34581
1695542173:[MRMAID,0002]acq started
1695545736:[MRMAID,0003]acq stopped
1695545736:[MRMAID,0052]$MEASFS,140462,3510.301117,40.014231;
1695545771:[SBE61 ,0396]P +20187,T +19443,S +34585
1695545772:[MRMAID,0002]acq started
1695549345:[MRMAID,0003]acq stopped
1695549345:[MRMAID,0052]$MEASFS,140859,3520.222596,40.014231;
1695549381:[SBE61 ,0396]P +20259,T +19431,S +34585
1695549382:[MRMAID,0002]acq started
1695552945:[MRMAID,0003]acq stopped
1695552945:[MRMAID,0052]$MEASFS,140460,3510.251129,40.014231;
1695552980:[SBE61 ,0396]P +20238,T +19343,S +34586
1695552982:[MRMAID,0002]acq started
1695556545:[MRMAID,0003]acq stopped
1695556545:[MRMAID,0052]$MEASFS,140460,3510.251159,40.014231;
1695556580:[SBE61 ,0396]P +20285,T +19329,S +34587
1695556581:[MRMAID,0002]acq started
1695560154:[MRMAID,0003]acq stopped
1695560154:[MRMAID,0052]$MEASFS,140859,3520.222595,40.014231;
1695560190:[SBE61 ,0396]P +20356,T +19327,S +34587
1695560191:[MRMAID,0002]acq started
1695562716:[MRMAID,0027]2014dbar, 33degC
1695562890:[MRMAID,0005]ascent request rejected
1695563754:[MRMAID,0003]acq stopped
1695563754:[MRMAID,0052]$MEASFS,140458,3510.201142,40.014231;
1695563789:[SBE61 ,0396]P +20232,T +19080,S +34590
1695563791:[MRMAID,0002]acq started
1695566182:[MRMAID,0027]2026dbar, 33degC
1695566319:[MRMAID,0005]ascent request rejected
1695567364:[MRMAID,0003]acq stopped
1695567364:[MRMAID,0052]$MEASFS,140860,3520.247558,40.014231;
1695567399:[SBE61 ,0396]P +20231,T +19119,S +34588
1695567400:[MRMAID,0002]acq started
1695570963:[MRMAID,0003]acq stopped
1695570963:[MRMAID,0052]$MEASFS,140458,3510.201142,40.014231;
1695570999:[SBE61 ,0396]P +20281,T +19000,S +34591
1695571000:[MRMAID,0002]acq started
1695574563:[MRMAID,0003]acq stopped
1695574563:[MRMAID,0052]$MEASFS,140458,3510.201111,40.014232;
1695574598:[SBE61 ,0396]P +20268,T +19077,S +34591
1695574599:[MRMAID,0002]acq started
1695578172:[MRMAID,0003]acq stopped
1695578173:[MRMAID,0052]$MEASFS,140857,3520.172547,40.014232;
1695578208:[SBE61 ,0396]P +20285,T +19112,S +34589
1695578209:[MRMAID,0002]acq started
1695581772:[MRMAID,0003]acq stopped
1695581772:[MRMAID,0052]$MEASFS,140458,3510.201080,40.014232;
1695581807:[SBE61 ,0396]P +20276,T +18970,S +34591
1695581809:[MRMAID,0002]acq started
1695585372:[MRMAID,0003]acq stopped
1695585372:[MRMAID,0052]$MEASFS,140460,3510.251068,40.014232;
1695585407:[SBE61 ,0396]P +20318,T +19212,S +34588
1695585408:[MRMAID,0002]acq started
1695588981:[MRMAID,0003]acq stopped
1695588981:[MRMAID,0052]$MEASFS,140859,3520.222504,40.014232;
1695589017:[SBE61 ,0396]P +20392,T +19413,S +34585
1695589018:[MRMAID,0002]acq started
1695592581:[MRMAID,0003]acq stopped
1695592581:[MRMAID,0185]29 spurious byte(s) received
1695592616:[SBE61 ,0396]P +20480,T +19447,S +34585
1695592618:[MRMAID,0002]acq started
1695596181:[MRMAID,0003]acq stopped
1695596216:[SBE61 ,0396]P +20403,T +19609,S +34582
1695596217:[MRMAID,0002]acq started
1695599790:[MRMAID,0052]$$MEASFS,140859,3520.222565,40.014231;
1695599793:[MRMAID,0185]11 spurious byte(s) received
1695599826:[SBE61 ,0396]P +20327,T +19595,S +34582
1695599827:[MRMAID,0002]acq started
1695603390:[MRMAID,0003]acq stopped
1695603390:[MRMAID,0052]$MEASFS,140459,3510.226135,40.014231;
1695603425:[SBE61 ,0396]P +20279,T +19448,S +34584
1695603427:[MRMAID,0002]acq started
1695607000:[MRMAID,0003]acq stopped
1695607000:[MRMAID,0052]$MEASFS,140859,3520.222565,40.014231;
1695607035:[SBE61 ,0396]P +20309,T +19423,S +34586
1695607036:[MRMAID,0002]acq started
1695610599:[MRMAID,0003]acq stopped
1695610599:[MRMAID,0052]$MEASFS,140468,3510.451049,40.014231;
1695610635:[SBE61 ,0396]P +20306,T +19352,S +34587
1695610636:[MRMAID,0002]acq started
1695614199:[MRMAID,0003]acq stopped
1695614199:[MRMAID,0052]$MEASFS,140458,3510.201141,40.014231;
1695614234:[SBE61 ,0396]P +20182,T +19224,S +34588
1695614235:[MRMAID,0002]acq started
1695617808:[MRMAID,0003]acq stopped
1695617809:[MRMAID,0052]$MEASFS,140858,3520.197571,40.014231;
1695617844:[SBE61 ,0396]P +20300,T +19035,S +34590
1695617845:[MRMAID,0002]acq started
1695621408:[MRMAID,0003]acq stopped
1695621408:[MRMAID,0052]$MEASFS,140461,3510.276062,40.014232;
1695621443:[SBE61 ,0396]P +20398,T +19220,S +34588
1695621445:[MRMAID,0002]acq started
1695625008:[MRMAID,0003]acq stopped
1695625008:[MRMAID,0052]$MEASFS,140460,3510.251099,40.014231;
1695625043:[SBE61 ,0396]P +20336,T +19329,S +34586
1695625044:[MRMAID,0002]acq started
1695628617:[MRMAID,0003]acq stopped
1695628617:[MRMAID,0052]$MEASFS,140862,3520.297516,40.014232;
1695628653:[SBE61 ,0396]P +20368,T +19329,S +34586
1695628654:[MRMAID,0002]acq started
1695632217:[MRMAID,0003]acq stopped
1695632217:[MRMAID,0052]$MEASFS,140459,3510.226105,40.014232;
1695632252:[SBE61 ,0396]P +20305,T +19327,S +34586
1695632254:[MRMAID,0002]acq started
1695635827:[MRMAID,0003]acq stopped
1695635827:[MRMAID,0052]$MEASFS,140858,3520.197540,40.014232;
1695635862:[SBE61 ,0396]P +20472,T +19376,S +34586
1695635863:[MRMAID,0002]acq started
1695639426:[MRMAID,0003]acq stopped
1695639426:[MRMAID,0052]$MEASFS,140459,3510.226105,40.014232;
1695639462:[SBE61 ,0396]P +20358,T +19416,S +34585
1695639463:[MRMAID,0002]acq started
1695643026:[MRMAID,0003]acq stopped
1695643026:[MRMAID,0052]$MEASFS,140458,3510.201111,40.014232;
1695643061:[SBE61 ,0396]P +20339,T +19413,S +34585
1695643062:[MRMAID,0002]acq started
1695646635:[MRMAID,0003]acq stopped
1695646636:[MRMAID,0052]$MEASFS,140857,3520.172577,40.014231;
1695646671:[SBE61 ,0396]P +20322,T +19359,S +34586
1695646672:[MRMAID,0002]acq started
1695646906:[MRMAID,0027]2030dbar, 33degC
1695647088:[MRMAID,0005]ascent request rejected
1695650235:[MRMAID,0003]acq stopped
1695650235:[MRMAID,0052]$MEASFS,140456,3510.151154,40.014231;
1695650270:[SBE61 ,0396]P +20315,T +19247,S +34587
1695650272:[MRMAID,0002]acq started
1695653835:[MRMAID,0003]acq stopped
1695653835:[MRMAID,0052]$MEASFS,140458,3510.201111,40.014232;
1695653870:[SBE61 ,0396]P +20238,T +18979,S +34592
1695653871:[MRMAID,0002]acq started
1695657444:[MRMAID,0003]acq stopped
1695657444:[MRMAID,0052]$MEASFS,140863,3520.322479,40.014232;
1695657480:[SBE61 ,0396]P +20331,T +18932,S +34592
1695657481:[MRMAID,0002]acq started
1695661044:[MRMAID,0003]acq stopped
1695661044:[MRMAID,0052]$MEASFS,140460,3510.251068,40.014232;
1695661079:[SBE61 ,0396]P +20396,T +18965,S +34592
1695661081:[MRMAID,0002]acq started
1695664654:[MRMAID,0052]$STOPACK$MEASFS,140859,3520.222504,40.014232;
1695664656:[MRMAID,0185]4 spurious byte(s) received
1695664689:[SBE61 ,0396]P +20332,T +18961,S +34592
1695664690:[MRMAID,0002]acq started
1695668253:[MRMAID,0003]acq stopped
1695668253:[MRMAID,0052]$MEASFS,140459,3510.226044,40.014232;
1695668289:[SBE61 ,0396]P +20311,T +18982,S +34590
1695668290:[MRMAID,0002]acq started
1695671853:[MRMAID,0003]acq stopped
1695671853:[MRMAID,0052]$MEASFS,140459,3510.226074,40.014232;
1695671888:[SBE61 ,0396]P +20409,T +19206,S +34588
1695671889:[MRMAID,0002]acq started
1695675462:[MRMAID,0052]$MEASFS,140858,3520.197510,40.014232;
1695675465:[MRMAID,0003]acq stopped
1695675498:[SBE61 ,0396]P +20386,T +19295,S +34587
1695675499:[MRMAID,0002]acq started
1695679062:[MRMAID,0003]acq stopped
1695679062:[MRMAID,0052]$MEASFS,140462,3510.301026,40.014232;
1695679097:[SBE61 ,0396]P +20371,T +19289,S +34587
1695679099:[MRMAID,0002]acq started
1695682662:[MRMAID,0003]acq stopped
1695682662:[MRMAID,0052]$MEASFS,140458,3510.201080,40.014232;
1695682697:[SBE61 ,0396]P +20484,T +19327,S +34586
1695682698:[MRMAID,0002]acq started
1695686271:[MRMAID,0003]acq stopped
1695686271:[MRMAID,0052]$MEASFS,140858,3520.197540,40.014232;
1695686307:[SBE61 ,0396]P +20384,T +19449,S +34584
1695686308:[MRMAID,0002]acq started
1695689871:[MRMAID,0003]acq stopped
1695689871:[MRMAID,0052]$MEASFS,140458,3510.201080,40.014232;
1695689906:[SBE61 ,0396]P +20325,T +19347,S +34585
1695689908:[MRMAID,0002]acq started
1695693481:[MRMAID,0052]$STOPACK:$MEASFS,140859,3520.222534,40.014232;
1695693484:[MRMAID,0185]3 spurious byte(s) received
1695693516:[SBE61 ,0396]P +20405,T +19354,S +34586
1695693517:[MRMAID,0002]acq started
1695694580:[MRMAID,0027]2035dbar, 33degC
1695694747:[MRMAID,0005]ascent request rejected
1695697080:[MRMAID,0003]acq stopped
1695697080:[MRMAID,0052]$MEASFS,140468,3510.451080,40.014231;
1695697116:[SBE61 ,0396]P +20367,T +19322,S +34586
1695697117:[MRMAID,0002]acq started
1695700680:[MRMAID,0003]acq stopped
1695700680:[MRMAID,0052]$MEASFS,140460,3510.251099,40.014231;
1695700715:[SBE61 ,0396]P +20372,T +19287,S +34587
1695700716:[MRMAID,0002]acq started
1695704289:[MRMAID,0003]acq stopped
1695704290:[MRMAID,0052]$MEASFS,140862,3520.297516,40.014232;
1695704325:[SBE61 ,0396]P +20330,T +19160,S +34589
1695704326:[MRMAID,0002]acq started
1695707889:[MRMAID,0003]acq stopped
1695707889:[MRMAID,0052]$MEASFS,140459,3510.226105,40.014232;
1695707924:[SBE61 ,0396]P +20356,T +19020,S +34592
1695707926:[MRMAID,0002]acq started
1695710560:[BUOY  ,0087]from +1mbar/s to +0mbar/s
1695710560:[PUMP  ,0378]Outflow calculated : 2711
1695710560:[BUOY  ,0089]need to transfer +2mL (pump during 2893ms)
1695710560:[MRMAID,0003]acq stopped
1695710560:[MRMAID,0052]$MEASFS,103306,2581.731445,40.014232;
1695710562:[PUMP  ,0016]pump during 2893ms
1695710566:[MRMAID,0002]acq started
1695711489:[MRMAID,0003]acq stopped
1695711489:[MRMAID,0185]11 spurious byte(s) received
1695711524:[SBE61 ,0396]P +20440,T +19242,S +34588
1695711525:[MRMAID,0002]acq started
1695715098:[MRMAID,0052]$MEASFS,140857,3520.172516,40.014232;
1695715100:[MRMAID,0003]acq stopped
1695715134:[SBE61 ,0396]P +20277,T +19324,S +34585
1695715135:[MRMAID,0002]acq started
1695718698:[MRMAID,0003]acq stopped
1695718698:[MRMAID,0052]$MEASFS,140458,3510.201111,40.014232;
1695718733:[SBE61 ,0396]P +20309,T +19271,S +34587
1695718735:[MRMAID,0002]acq started
1695722298:[MRMAID,0003]acq stopped
1695722298:[MRMAID,0052]$MEASFS,140458,3510.201080,40.014232;
1695722333:[SBE61 ,0396]P +20251,T +19191,S +34589
1695722334:[MRMAID,0002]acq started
1695725907:[MRMAID,0003]acq stopped
1695725907:[MRMAID,0052]$MEASFS,140864,3520.347473,40.014232;
1695725943:[SBE61 ,0396]P +20225,T +19020,S +34591
1695725944:[MRMAID,0002]acq started
1695728296:[BUOY  ,0087]from +1mbar/s to +0mbar/s
1695728296:[PUMP  ,0378]Outflow calculated : 2712
1695728296:[BUOY  ,0089]need to transfer +2mL (pump during 2892ms)
1695728296:[MRMAID,0003]acq stopped
1695728296:[MRMAID,0052]$MEASFS,92007,2299.356903,40.014232;
1695728298:[PUMP  ,0016]pump during 2892ms
1695728302:[MRMAID,0002]acq started
1695729507:[MRMAID,0003]acq stopped
1695729507:[MRMAID,0185]20 spurious byte(s) received
1695729542:[SBE61 ,0396]P +20350,T +19282,S +34587
1695729543:[MRMAID,0002]acq started
1695733117:[MRMAID,0052]$STOPACK:$MEASFS,140863,3520.322480,40.014232;
1695733119:[MRMAID,0185]3 spurious byte(s) received
1695733152:[SBE61 ,0396]P +20227,T +19221,S +34588
1695733153:[MRMAID,0002]acq started
1695736716:[MRMAID,0003]acq stopped
1695736716:[MRMAID,0052]$MEASFS,140459,3510.226074,40.014232;
1695736752:[SBE61 ,0396]P +20152,T +19298,S +34586
1695736753:[MRMAID,0002]acq started
1695740316:[MRMAID,0003]acq stopped
1695740316:[MRMAID,0052]$MEASFS,140459,3510.226074,40.014232;
1695740351:[SBE61 ,0396]P +20170,T +19299,S +34587
1695740352:[MRMAID,0002]acq started
1695743925:[MRMAID,0003]acq stopped
1695743925:[MRMAID,0052]$MEASFS,140858,3520.197541,40.014232;
1695743961:[SBE61 ,0396]P +20194,T +19307,S +34586
1695743962:[MRMAID,0002]acq started
1695747525:[MRMAID,0003]acq stopped
1695747525:[MRMAID,0052]$MEASFS,140459,3510.226074,40.014232;
1695747560:[SBE61 ,0396]P +20262,T +19315,S +34586
1695747562:[MRMAID,0002]acq started
1695751125:[MRMAID,0003]acq stopped
1695751125:[MRMAID,0052]$MEASFS,140458,3510.201111,40.014232;
1695751160:[SBE61 ,0396]P +20249,T +19327,S +34586
1695751161:[MRMAID,0002]acq started
1695754734:[MRMAID,0003]acq stopped
1695754734:[MRMAID,0052]$MEASFS,140857,3520.172547,40.014232;
1695754770:[SBE61 ,0396]P +20199,T +19422,S +34585
1695754771:[MRMAID,0002]acq started
1695758334:[MRMAID,0003]acq stopped
1695758334:[MRMAID,0052]$MEASFS,140458,3510.201111,40.014232;
1695758369:[SBE61 ,0396]P +20192,T +19379,S +34585
1695758371:[MRMAID,0002]acq started
1695761944:[MRMAID,0052]$STOPACK$MEASFS,140859,3520.222535,40.014232;
1695761946:[MRMAID,0185]4 spurious byte(s) received
1695761979:[SBE61 ,0396]P +20245,T +19356,S +34586
1695761980:[MRMAID,0002]acq started
1695765543:[MRMAID,0003]acq stopped
1695765543:[MRMAID,0052]$MEASFS,140464,3510.351044,40.014232;
1695765579:[SBE61 ,0396]P +20240,T +19425,S +34585
1695765580:[MRMAID,0002]acq started
1695766146:[MRMAID,0027]2021dbar, 33degC
1695766320:[MRMAID,0005]ascent request rejected
1695766994:[MRMAID,0027]2019dbar, 33degC
1695767212:[MRMAID,0005]ascent request rejected
1695768942:[MRMAID,0027]2016dbar, 33degC
1695769110:[MRMAID,0005]ascent request rejected
1695769143:[MRMAID,0003]acq stopped
1695769178:[SBE61 ,0396]P +20207,T +19369,S +34585
1695769179:[MRMAID,0002]acq started
1695772752:[MRMAID,0003]acq stopped
1695772752:[MRMAID,0052]$MEASFS,140858,3520.197571,40.014231;
1695772788:[SBE61 ,0396]P +20170,T +19370,S +34584
1695772789:[MRMAID,0002]acq started
1695776352:[MRMAID,0003]acq stopped
1695776352:[MRMAID,0052]$MEASFS,140459,3510.226104,40.014232;
1695776387:[SBE61 ,0396]P +20143,T +19205,S +34589
1695776389:[MRMAID,0002]acq started
1695779952:[MRMAID,0003]acq stopped
1695779952:[MRMAID,0052]$MEASFS,140469,3510.476013,40.014232;
1695779987:[SBE61 ,0396]P +20235,T +19286,S +34587
1695779988:[MRMAID,0002]acq started
1695780248:[MRMAID,0027]2021dbar, 33degC
1695780439:[MRMAID,0005]ascent request rejected
1695783297:[MRMAID,0027]2029dbar, 33degC
1695783491:[MRMAID,0005]ascent request rejected
1695783561:[MRMAID,0003]acq stopped
1695783561:[MRMAID,0052]$MEASFS,140860,3520.247528,40.014232;
1695783597:[SBE61 ,0396]P +20288,T +19381,S +34585
1695783598:[MRMAID,0002]acq started
1695787161:[MRMAID,0003]acq stopped
1695787161:[MRMAID,0052]$MEASFS,140458,3510.201110,40.014232;
1695787196:[SBE61 ,0396]P +20229,T +19315,S +34587
1695787198:[MRMAID,0002]acq started
1695790771:[MRMAID,0052]$STOPACK:$MEASFS,140857,3520.172546,40.014232;
1695790772:[MRMAID,0185]3 spurious byte(s) received
1695790806:[SBE61 ,0396]P +20197,T +19295,S +34586
1695790807:[MRMAID,0002]acq started
1695794370:[MRMAID,0003]acq stopped
1695794370:[MRMAID,0052]$MEASFS,140457,3510.176117,40.014232;
1695794406:[SBE61 ,0396]P +20145,T +19084,S +34590
1695794407:[MRMAID,0002]acq started
1695797970:[MRMAID,0003]acq stopped
1695797970:[MRMAID,0052]$MEASFS,140460,3510.251068,40.014232;
1695798005:[SBE61 ,0396]P +20263,T +19098,S +34590
1695798006:[MRMAID,0002]acq started
1695800983:[MRMAID,0027]2022dbar, 33degC
1695801172:[MRMAID,0005]ascent request rejected
1695801579:[MRMAID,0003]acq stopped
1695801579:[MRMAID,0052]$MEASFS,140859,3520.222534,40.014232;
1695801615:[SBE61 ,0396]P +20241,T +19300,S +34586
1695801616:[MRMAID,0002]acq started
1695805179:[MRMAID,0003]acq stopped
1695805179:[MRMAID,0052]$MEASFS,140460,3510.251098,40.014231;
1695805214:[SBE61 ,0396]P +20209,T +19365,S +34584
1695805216:[MRMAID,0002]acq started
1695808779:[MRMAID,0003]acq stopped
1695808779:[MRMAID,0052]$MEASFS,140459,3510.226104,40.014232;
1695808814:[SBE61 ,0396]P +20263,T +19361,S +34585
1695808815:[MRMAID,0002]acq started
1695812388:[MRMAID,0052]$$MEASFS,140858,3520.197540,40.014232;
1695812390:[MRMAID,0185]11 spurious byte(s) received
1695812424:[SBE61 ,0396]P +20213,T +19272,S +34587
1695812425:[MRMAID,0002]acq started
1695814665:[MRMAID,0027]2024dbar, 33degC
1695815290:[MRMAID,0027]2028dbar, 33degC
1695815423:[MRMAID,0005]ascent request rejected
1695815988:[MRMAID,0052]$ST$MEASFS,140462,3510.301056,40.014232;
1695815990:[MRMAID,0185]9 spurious byte(s) received
1695816023:[SBE61 ,0396]P +20327,T +19392,S +34585
1695816025:[MRMAID,0002]acq started
1695819598:[MRMAID,0003]acq stopped
1695819598:[MRMAID,0052]$MEASFS,140857,3520.172546,40.014232;
1695819633:[SBE61 ,0396]P +20245,T +19411,S +34585
1695819634:[MRMAID,0002]acq started
1695823197:[MRMAID,0003]acq stopped
1695823197:[MRMAID,0052]$MEASFS,140458,3510.201111,40.014232;
1695823233:[SBE61 ,0396]P +20284,T +19362,S +34585
1695823234:[MRMAID,0002]acq started
1695826797:[MRMAID,0003]acq stopped
1695826797:[MRMAID,0052]$MEASFS,140458,3510.201111,40.014232;
1695826832:[SBE61 ,0396]P +20134,T +19372,S +34584
1695826833:[MRMAID,0002]acq started
1695828884:[MRMAID,0027]2022dbar, 33degC
1695829074:[MRMAID,0005]ascent request rejected
1695830406:[MRMAID,0003]acq stopped
1695830407:[MRMAID,0052]$MEASFS,140860,3520.247528,40.014232;
1695830442:[SBE61 ,0396]P +20204,T +19277,S +34587
1695830443:[MRMAID,0002]acq started
1695834006:[MRMAID,0003]acq stopped
1695834006:[MRMAID,0052]$MEASFS,140460,3510.251099,40.014231;
1695834041:[SBE61 ,0396]P +20225,T +19175,S +34589
1695834043:[MRMAID,0002]acq started
1695834418:[MRMAID,0027]2021dbar, 33degC
1695834549:[MRMAID,0005]ascent request rejected
1695834959:[MRMAID,0027]2024dbar, 33degC
1695835135:[MRMAID,0005]ascent request rejected
1695837606:[MRMAID,0003]acq stopped
1695837606:[MRMAID,0052]$MEASFS,140459,3510.226105,40.014232;
1695837641:[SBE61 ,0396]P +20205,T +19287,S +34587
1695837642:[MRMAID,0002]acq started
1695840554:[MRMAID,0027]2024dbar, 33degC
1695840692:[MRMAID,0005]ascent request rejected
1695841215:[MRMAID,0003]acq stopped
1695841215:[MRMAID,0052]$MEASFS,140859,3520.222534,40.014232;
1695841251:[SBE61 ,0396]P +20244,T +19285,S +34587
1695841252:[MRMAID,0002]acq started
1695844815:[MRMAID,0003]acq stopped
1695844815:[MRMAID,0052]$MEASFS,140459,3510.226074,40.014232;
1695844850:[SBE61 ,0396]P +20243,T +19362,S +34586
1695844852:[MRMAID,0002]acq started
1695846356:[MRMAID,0027]2012dbar, 33degC
1695846540:[MRMAID,0005]ascent request rejected
1695848425:[MRMAID,0003]acq stopped
1695848425:[MRMAID,0052]$MEASFS,140858,3520.197540,40.014232;
1695848460:[SBE61 ,0396]P +20243,T +19193,S +34588
1695848461:[MRMAID,0002]acq started
1695848718:[MRMAID,0027]2023dbar, 33degC
1695848853:[MRMAID,0005]ascent request rejected
1695852024:[MRMAID,0003]acq stopped
1695852024:[MRMAID,0052]$MEASFS,140463,3510.326081,40.014231;
1695852060:[SBE61 ,0396]P +20329,T +19317,S +34586
1695852061:[MRMAID,0002]acq started
1695855624:[MRMAID,0003]acq stopped
1695855624:[MRMAID,0052]$MEASFS,140458,3510.201111,40.014232;
1695855659:[SBE61 ,0396]P +20206,T +19367,S +34586
1695855660:[MRMAID,0002]acq started
1695857347:[MRMAID,0027]2021dbar, 33degC
1695857515:[MRMAID,0005]ascent request rejected
1695859233:[MRMAID,0052]$STOP$MEASFS,140855,3520.122590,40.014231;
1695859236:[MRMAID,0185]7 spurious byte(s) received
1695859269:[SBE61 ,0396]P +20241,T +19297,S +34586
1695859270:[MRMAID,0002]acq started
1695862833:[MRMAID,0003]acq stopped
1695862833:[MRMAID,0052]$MEASFS,140458,3510.201111,40.014232;
1695862868:[SBE61 ,0396]P +20249,T +19227,S +34588
1695862870:[MRMAID,0002]acq started
1695863770:[MRMAID,0027]2026dbar, 33degC
1695863925:[MRMAID,0005]ascent request rejected
1695866433:[MRMAID,0003]acq stopped
1695866433:[MRMAID,0052]$MEASFS,140468,3510.451019,40.014232;
1695866468:[SBE61 ,0396]P +20235,T +19340,S +34586
1695866469:[MRMAID,0002]acq started
1695870042:[MRMAID,0003]acq stopped
1695870042:[MRMAID,0052]$MEASFS,140859,3520.222534,40.014232;
1695870078:[SBE61 ,0396]P +20236,T +19400,S +34585
1695870079:[MRMAID,0002]acq started
1695873642:[MRMAID,0003]acq stopped
1695873642:[MRMAID,0052]$MEASFS,140464,3510.351075,40.014231;
1695873677:[SBE61 ,0396]P +20294,T +19230,S +34587
1695873679:[MRMAID,0002]acq started
1695875094:[BUOY  ,0101]stage[1] 10 stab done
1695875094:[BUOY  ,0087]from +1mbar/s to +0mbar/s
1695875094:[PUMP  ,0378]Outflow calculated : 2712
1695875094:[BUOY  ,0089]need to transfer +2mL (pump during 2893ms)
1695875095:[MRMAID,0052]$$MEASFS,54545,1363.140014,40.014231;
1695875096:[PUMP  ,0016]pump during 2893ms
1695875096:[MRMAID,0185]11 spurious byte(s) received
1695875100:[MRMAID,0002]acq started
1695877252:[MRMAID,0052]$STOPA$MEASFS,83967,2098.428406,40.014231;
1695877253:[MRMAID,0185]6 spurious byte(s) received
1695877287:[SBE61 ,0396]P +20155,T +19414,S +34585
1695877288:[MRMAID,0002]acq started
1695880851:[MRMAID,0003]acq stopped
1695880851:[MRMAID,0052]$MEASFS,140459,3510.226074,40.014232;
1695880887:[SBE61 ,0396]P +20141,T +19408,S +34585
1695880888:[MRMAID,0002]acq started
1695884451:[MRMAID,0003]acq stopped
1695884451:[MRMAID,0052]$MEASFS,140459,3510.226104,40.014232;
1695884486:[SBE61 ,0396]P +20135,T +19248,S +34588
1695884487:[MRMAID,0002]acq started
1695888060:[MRMAID,0003]acq stopped
1695888060:[MRMAID,0052]$MEASFS,140858,3520.197571,40.014231;
1695888096:[SBE61 ,0396]P +20122,T +19281,S +34587
1695888097:[MRMAID,0002]acq started
1695891660:[MRMAID,0003]acq stopped
1695891660:[MRMAID,0052]$MEASFS,140458,3510.201110,40.014232;
1695891695:[SBE61 ,0396]P +20142,T +19275,S +34587
1695891697:[MRMAID,0002]acq started
1695895260:[MRMAID,0003]acq stopped
1695895260:[MRMAID,0052]$MEASFS,140458,3510.201111,40.014232;
1695895295:[SBE61 ,0396]P +20208,T +19306,S +34587
1695895296:[MRMAID,0002]acq started
1695897851:[MRMAID,0027]2010dbar, 33degC
1695897979:[MRMAID,0005]ascent request rejected
1695898869:[MRMAID,0052]$STOPACK:$MEASFS,140855,3520.122558,40.014232;
1695898871:[MRMAID,0185]3 spurious byte(s) received
1695898905:[SBE61 ,0396]P +20111,T +19271,S +34587
1695898906:[MRMAID,0002]acq started
1695902469:[MRMAID,0003]acq stopped
1695902469:[MRMAID,0052]$MEASFS,140464,3510.351043,40.014232;
1695902504:[SBE61 ,0396]P +20208,T +19340,S +34586
1695902506:[MRMAID,0002]acq started
1695906069:[MRMAID,0003]acq stopped
1695906069:[MRMAID,0052]$MEASFS,140460,3510.251068,40.014232;
1695906104:[SBE61 ,0396]P +20228,T +19414,S +34585
1695906105:[MRMAID,0002]acq started
1695909678:[MRMAID,0003]acq stopped
1695909678:[MRMAID,0052]$MEASFS,140859,3520.222534,40.014232;
1695909714:[SBE61 ,0396]P +20180,T +19522,S +34583
1695909715:[MRMAID,0002]acq started
1695912566:[MRMAID,0027]2014dbar, 33degC
1695912718:[MRMAID,0005]ascent request rejected
1695913278:[MRMAID,0052]$STOP$MEASFS,140459,3510.226105,40.014232;
1695913280:[MRMAID,0185]7 spurious byte(s) received
1695913313:[SBE61 ,0396]P +20175,T +19455,S +34584
1695913315:[MRMAID,0002]acq started
1695916887:[MRMAID,0003]acq stopped
1695916888:[MRMAID,0052]$MEASFS,140858,3520.197571,40.014231;
1695916923:[SBE61 ,0396]P +20100,T +19389,S +34586
1695916924:[MRMAID,0002]acq started
1695920487:[MRMAID,0003]acq stopped
1695920487:[MRMAID,0052]$MEASFS,140459,3510.226135,40.014231;
1695920523:[SBE61 ,0396]P +20100,T +19213,S +34588
1695920524:[MRMAID,0002]acq started
1695923013:[MRMAID,0027]2016dbar, 33degC
1695923163:[MRMAID,0005]ascent request rejected
1695923819:[MRMAID,0027]2015dbar, 33degC
1695923996:[MRMAID,0005]ascent request rejected
1695924087:[MRMAID,0003]acq stopped
1695924087:[MRMAID,0052]$MEASFS,140463,3510.326080,40.014231;
1695924122:[SBE61 ,0396]P +20164,T +19284,S +34587
1695924123:[MRMAID,0002]acq started
1695927696:[MRMAID,0003]acq stopped
1695927696:[MRMAID,0052]$MEASFS,140857,3520.172577,40.014231;
1695927732:[SBE61 ,0396]P +20239,T +19388,S +34585
1695927733:[MRMAID,0002]acq started
1695929302:[MRMAID,0027]2016dbar, 33degC
1695929459:[MRMAID,0005]ascent request rejected
1695931296:[MRMAID,0003]acq stopped
1695931296:[MRMAID,0052]$MEASFS,140458,3510.201080,40.014232;
1695931331:[SBE61 ,0396]P +20160,T +19397,S +34585
1695931333:[MRMAID,0002]acq started
1695934896:[MRMAID,0003]acq stopped
1695934896:[MRMAID,0052]$MEASFS,140458,3510.201111,40.014232;
1695934931:[SBE61 ,0396]P +20154,T +19350,S +34585
1695934932:[MRMAID,0002]acq started
1695938505:[MRMAID,0003]acq stopped
1695938505:[MRMAID,0052]$MEASFS,140863,3520.322510,40.014232;
1695938541:[SBE61 ,0396]P +20226,T +19217,S +34588
1695938542:[MRMAID,0002]acq started
1695942105:[MRMAID,0003]acq stopped
1695942105:[MRMAID,0052]$MEASFS,140460,3510.251099,40.014231;
1695942140:[SBE61 ,0396]P +19990,T +19098,S +34590
1695942142:[MRMAID,0002]acq started
1695945714:[MRMAID,0003]acq stopped
1695945715:[MRMAID,0052]$MEASFS,140859,3520.222535,40.014232;
1695945750:[SBE61 ,0396]P +20218,T +19159,S +34589
1695945751:[MRMAID,0002]acq started
1695949314:[MRMAID,0003]acq stopped
1695949314:[MRMAID,0052]$MEASFS,140460,3510.251068,40.014232;
1695949350:[SBE61 ,0396]P +20285,T +19306,S +34586
1695949351:[MRMAID,0002]acq started
1695952914:[MRMAID,0003]acq stopped
1695952914:[MRMAID,0052]$MEASFS,140469,3510.475983,40.014232;
1695952949:[SBE61 ,0396]P +20247,T +19416,S +34585
1695952950:[MRMAID,0002]acq started
1695955992:[MRMAID,0027]2014dbar, 33degC
1695956142:[MRMAID,0005]ascent request rejected
1695956523:[MRMAID,0003]acq stopped
1695956524:[MRMAID,0052]$MEASFS,140862,3520.297485,40.014232;
1695956559:[SBE61 ,0396]P +20133,T +19406,S +34585
1695956560:[MRMAID,0002]acq started
1695960123:[MRMAID,0003]acq stopped
1695960123:[MRMAID,0052]$MEASFS,140458,3510.201080,40.014232;
1695960158:[SBE61 ,0396]P +20213,T +19413,S +34585
1695960160:[MRMAID,0002]acq started
1695962764:[MAIN  ,0140]stage[1] complete 27240s after mission start
1695962765:[SBE   ,0391]Mode changed from PROFILING to SLEEP
1695962765:[MRMAID,0003]acq stopped
1695962765:[MRMAID,0052]$MEASFS,102145,2552.716766,40.014232;
1695962766:[MAIN  ,0056]stage[2]
1695962768:[MAIN  ,0024]internal pressure 76946Pa
1695962769:[BUOY  ,0037]P+201825mbar
1695962770:[BUOY  ,0087]from +0mbar/s to +9mbar/s
1695962771:[BUOY  ,0090]need to transfer -130mL (valve during 3692ms)
1695962771:[VALVE ,0034]valve opening 3692ms
1695962774:[VALVE ,0234]battery 14211mV,  517890uA, P+201835mbar
1695963396:[PRESS ,0038]P+206895mbar,T+32767mdegC
1695964046:[PRESS ,0038]P+212475mbar,T+32767mdegC
1695964695:[PRESS ,0038]P+217875mbar,T+32767mdegC
1695965045:[BUOY  ,0087]from +7mbar/s to +9mbar/s
1695965045:[BUOY  ,0090]need to transfer -52mL (valve during 1414ms)
1695965045:[VALVE ,0034]valve opening 1414ms
1695965047:[VALVE ,0234]battery 14351mV,  521794uA, P+220625mbar
1695965345:[PRESS ,0038]P+223455mbar,T+32767mdegC
1695965995:[PRESS ,0038]P+229375mbar,T+32767mdegC
1695966645:[PRESS ,0038]P+234615mbar,T+32767mdegC
1695966995:[BUOY  ,0087]from +7mbar/s to +9mbar/s
1695966995:[BUOY  ,0090]need to transfer -52mL (valve during 1361ms)
1695966995:[VALVE ,0034]valve opening 1361ms
1695966996:[VALVE ,0234]battery 14366mV,  522282uA, P+237265mbar
1695967295:[PRESS ,0038]P+240225mbar,T+32767mdegC
1695967945:[PRESS ,0038]P+246605mbar,T+32767mdegC
1695968595:[PRESS ,0038]P+252935mbar,T+32767mdegC
1695969244:[PRESS ,0038]P+258735mbar,T+32767mdegC
1695969269:[BUOY  ,0087]from +0mbar/s to +9mbar/s
1695969269:[BUOY  ,0090]need to transfer -130mL (valve during 3263ms)
1695969269:[VALVE ,0034]valve opening 3263ms
1695969273:[VALVE ,0234]battery 14367mV,  522770uA, P+258725mbar
1695969594:[LANDER,0099]Ground may be detected, (transfered oil:-130ml)
1695969594:[BUOY  ,0087]from +0mbar/s to +9mbar/s
1695969594:[BUOY  ,0090]need to transfer -130mL (valve during 3263ms)
1695969594:[VALVE ,0034]valve opening 3263ms
1695969598:[VALVE ,0234]battery 14426mV,  522038uA, P+258715mbar
1695969919:[LANDER,0099]Ground may be detected, (transfered oil:-260ml)
1695969919:[BUOY  ,0087]from +0mbar/s to +9mbar/s
1695969919:[BUOY  ,0090]need to transfer -130mL (valve during 3263ms)
1695969920:[VALVE ,0034]valve opening 3263ms
1695969923:[VALVE ,0234]battery 14443mV,  522282uA, P+258735mbar
1695970245:[LANDER,0099]Ground may be detected, (transfered oil:-390ml)
1695970245:[BUOY  ,0087]from -1mbar/s to +9mbar/s
1695970245:[BUOY  ,0090]need to transfer -132mL (valve during 3313ms)
1695970245:[VALVE ,0034]valve opening 3313ms
1695970248:[VALVE ,0234]battery 14452mV,  522526uA, P+258695mbar
1695970570:[LANDER,0094]Ground confirmed (oil transfered:-522ml)
1695970570:[LANDER,0095]Oil to transfer :422ml
1695970570:[PUMP  ,0378]Outflow calculated : 2832
1695970570:[LANDER,0096]Truncated oil to transfer:41ml
1695970570:[PUMP  ,0378]Outflow calculated : 2679
1695970570:[BUOY  ,0089]need to transfer +41mL (pump during 60029ms)
1695970571:[PUMP  ,0016]pump during 60000ms
1695970630:[PUMP  ,0212]battery 14380mV, 1132526uA (steady state), P+258715mbar
1695970896:[LANDER,0094]Ground confirmed (oil transfered:-481ml)
1695970896:[LANDER,0095]Oil to transfer :381ml
1695970896:[PUMP  ,0378]Outflow calculated : 2832
1695970896:[LANDER,0096]Truncated oil to transfer:40ml
1695970896:[PUMP  ,0378]Outflow calculated : 2677
1695970896:[BUOY  ,0089]need to transfer +40mL (pump during 59791ms)
1695970898:[PUMP  ,0016]pump during 59791ms
1695970957:[PUMP  ,0212]battery 14335mV, 1106906uA (steady state), P+258745mbar
1695971223:[LANDER,0094]Ground confirmed (oil transfered:-441ml)
1695971223:[LANDER,0095]Oil to transfer :341ml
1695971223:[PUMP  ,0378]Outflow calculated : 2832
1695971223:[LANDER,0096]Truncated oil to transfer:40ml
1695971223:[PUMP  ,0378]Outflow calculated : 2677
1695971223:[BUOY  ,0089]need to transfer +40mL (pump during 59791ms)
1695971224:[PUMP  ,0016]pump during 59791ms
1695971283:[PUMP  ,0212]battery 14322mV, 1112640uA (steady state), P+258725mbar
1695971549:[LANDER,0094]Ground confirmed (oil transfered:-401ml)
1695971549:[LANDER,0095]Oil to transfer :301ml
1695971549:[PUMP  ,0378]Outflow calculated : 2832
1695971549:[LANDER,0096]Truncated oil to transfer:40ml
1695971549:[PUMP  ,0378]Outflow calculated : 2676
1695971549:[BUOY  ,0089]need to transfer +40mL (pump during 60332ms)
1695971551:[PUMP  ,0016]pump during 60000ms
1695971610:[PUMP  ,0212]battery 14341mV, 1106540uA (steady state), P+258705mbar
1695971876:[LANDER,0094]Ground confirmed (oil transfered:-361ml)
1695971876:[LANDER,0095]Oil to transfer :261ml
1695971876:[PUMP  ,0378]Outflow calculated : 2832
1695971876:[LANDER,0096]Truncated oil to transfer:40ml
1695971876:[PUMP  ,0378]Outflow calculated : 2676
1695971876:[BUOY  ,0089]need to transfer +40mL (pump during 60332ms)
1695971877:[PUMP  ,0016]pump during 60000ms
1695971936:[PUMP  ,0212]battery 14352mV, 1103856uA (steady state), P+258725mbar
1695972202:[LANDER,0094]Ground confirmed (oil transfered:-321ml)
1695972202:[LANDER,0095]Oil to transfer :221ml
1695972202:[PUMP  ,0378]Outflow calculated : 2832
1695972202:[LANDER,0096]Truncated oil to transfer:40ml
1695972202:[PUMP  ,0378]Outflow calculated : 2675
1695972202:[BUOY  ,0089]need to transfer +40mL (pump during 60698ms)
1695972204:[PUMP  ,0016]pump during 60000ms
1695972263:[PUMP  ,0212]battery 14366mV, 1101904uA (steady state), P+258705mbar
1695972529:[LANDER,0094]Ground confirmed (oil transfered:-281ml)
1695972529:[LANDER,0095]Oil to transfer :181ml
1695972529:[PUMP  ,0378]Outflow calculated : 2832
1695972529:[LANDER,0096]Truncated oil to transfer:40ml
1695972529:[PUMP  ,0378]Outflow calculated : 2675
1695972529:[BUOY  ,0089]need to transfer +40mL (pump during 60698ms)
1695972530:[PUMP  ,0016]pump during 60000ms
1695972589:[PUMP  ,0212]battery 14376mV, 1100074uA (steady state), P+258695mbar
1695972855:[LANDER,0094]Ground confirmed (oil transfered:-241ml)
1695972855:[LANDER,0095]Oil to transfer :141ml
1695972855:[PUMP  ,0378]Outflow calculated : 2832
1695972855:[LANDER,0096]Truncated oil to transfer:39ml
1695972855:[PUMP  ,0378]Outflow calculated : 2674
1695972855:[BUOY  ,0089]need to transfer +39mL (pump during 59724ms)
1695972857:[PUMP  ,0016]pump during 59724ms
1695972916:[PUMP  ,0212]battery 14381mV, 1100318uA (steady state), P+258735mbar
1695973182:[LANDER,0094]Ground confirmed (oil transfered:-202ml)
1695973182:[LANDER,0095]Oil to transfer :102ml
1695973182:[PUMP  ,0378]Outflow calculated : 2832
1695973182:[LANDER,0096]Truncated oil to transfer:39ml
1695973182:[PUMP  ,0378]Outflow calculated : 2674
1695973182:[BUOY  ,0089]need to transfer +39mL (pump during 59724ms)
1695973183:[PUMP  ,0016]pump during 59724ms
1695973242:[PUMP  ,0212]battery 14390mV, 1104344uA (steady state), P+258735mbar
1695973508:[LANDER,0094]Ground confirmed (oil transfered:-163ml)
1695973508:[LANDER,0095]Oil to transfer :63ml
1695973508:[PUMP  ,0378]Outflow calculated : 2832
1695973508:[LANDER,0096]Truncated oil to transfer:39ml
1695973508:[PUMP  ,0378]Outflow calculated : 2674
1695973508:[BUOY  ,0089]need to transfer +39mL (pump during 59724ms)
1695973510:[PUMP  ,0016]pump during 59724ms
1695973569:[PUMP  ,0212]battery 14398mV, 1096170uA (steady state), P+258735mbar
1695973835:[LANDER,0094]Ground confirmed (oil transfered:-124ml)
1695973835:[LANDER,0095]Oil to transfer :24ml
1695973835:[PUMP  ,0378]Outflow calculated : 2832
1695973835:[PUMP  ,0378]Outflow calculated : 2676
1695973835:[BUOY  ,0089]need to transfer +24mL (pump during 36014ms)
1695973836:[PUMP  ,0016]pump during 36014ms
1695973872:[PUMP  ,0212]battery 14405mV, 1096292uA (steady state), P+258705mbar
1695974161:[LANDER,0094]Ground confirmed (oil transfered:-100ml)
1695974161:[LANDER,0095]Oil to transfer :0ml
1695974161:[LANDER,0097]The Eagle has landed
1695974462:[STAGE ,0213]258735mbar reached at 1695974462s, ref 258715mbar +/-5000mbar
1695977163:[MAIN  ,0140]stage[2] complete -23897s after mission start
1695977163:[MAIN  ,0056]stage[3]
1695977165:[MAIN  ,0024]internal pressure 78602Pa
1695977166:[BUOY  ,0037]P+258755mbar
1695977166:[SBE   ,0391]Mode changed from SLEEP to UPDATE
1695977168:[BUOY  ,0087]from +0mbar/s to -10mbar/s
1695977168:[PUMP  ,0378]Outflow calculated : 2679
1695977168:[BUOY  ,0089]need to transfer +160mL (pump during 234261ms)
1695977169:[PUMP  ,0016]pump during 60000ms
1695977170:[SBE   ,0391]Mode changed from UPDATE to START
1695977228:[PUMP  ,0212]battery 14633mV, 1110932uA (steady state), P+258715mbar
1695977494:[BUOY  ,0087]from +0mbar/s to -10mbar/s
1695977494:[PUMP  ,0378]Outflow calculated : 2677
1695977494:[BUOY  ,0089]need to transfer +160mL (pump during 239163ms)
1695977496:[PUMP  ,0016]pump during 60000ms
1695977555:[PUMP  ,0212]battery 14433mV, 1110932uA (steady state), P+258755mbar
1695977821:[BUOY  ,0087]from +0mbar/s to -10mbar/s
1695977821:[PUMP  ,0378]Outflow calculated : 2677
1695977821:[BUOY  ,0089]need to transfer +160mL (pump during 239163ms)
1695977822:[PUMP  ,0016]pump during 60000ms
1695977881:[PUMP  ,0212]battery 14400mV, 1104466uA (steady state), P+258715mbar
1695978147:[BUOY  ,0087]from +1mbar/s to -10mbar/s
1695978147:[PUMP  ,0378]Outflow calculated : 2676
1695978147:[BUOY  ,0089]need to transfer +162mL (pump during 244344ms)
1695978148:[PUMP  ,0016]pump during 60000ms
1695978207:[PUMP  ,0212]battery 14397mV, 1096170uA (steady state), P+258745mbar
1695978473:[BUOY  ,0087]from +0mbar/s to -10mbar/s
1695978473:[PUMP  ,0378]Outflow calculated : 2676
1695978473:[BUOY  ,0089]need to transfer +160mL (pump during 241327ms)
1695978475:[PUMP  ,0016]pump during 60000ms
1695978534:[PUMP  ,0212]battery 14398mV, 1094828uA (steady state), P+258745mbar
1695978800:[BUOY  ,0087]from -1mbar/s to -10mbar/s
1695978800:[PUMP  ,0378]Outflow calculated : 2675
1695978800:[BUOY  ,0089]need to transfer +158mL (pump during 240122ms)
1695978801:[PUMP  ,0016]pump during 60000ms
1695978860:[PUMP  ,0212]battery 14397mV, 1110566uA (steady state), P+258705mbar
1695979126:[BUOY  ,0087]from +0mbar/s to -10mbar/s
1695979126:[PUMP  ,0378]Outflow calculated : 2675
1695979126:[BUOY  ,0089]need to transfer +160mL (pump during 243161ms)
1695979128:[PUMP  ,0016]pump during 60000ms
1695979187:[PUMP  ,0212]battery 14405mV, 1101050uA (steady state), P+258735mbar
1695979453:[BUOY  ,0087]from +0mbar/s to -10mbar/s
1695979453:[PUMP  ,0378]Outflow calculated : 2673
1695979453:[BUOY  ,0089]need to transfer +160mL (pump during 246154ms)
1695979454:[PUMP  ,0016]pump during 60000ms
1695979513:[PUMP  ,0212]battery 14407mV, 1105198uA (steady state), P+258695mbar
1695979779:[BUOY  ,0087]from +0mbar/s to -10mbar/s
1695979779:[PUMP  ,0378]Outflow calculated : 2673
1695979779:[BUOY  ,0089]need to transfer +160mL (pump during 246154ms)
1695979780:[PUMP  ,0016]pump during 60000ms
1695979839:[PUMP  ,0212]battery 14410mV, 1105564uA (steady state), P+258715mbar
1695980105:[BUOY  ,0087]from +1mbar/s to -10mbar/s
1695980105:[PUMP  ,0378]Outflow calculated : 2673
1695980105:[BUOY  ,0089]need to transfer +162mL (pump during 249231ms)
1695980107:[PUMP  ,0016]pump during 60000ms
1695980166:[PUMP  ,0212]battery 14417mV, 1096780uA (steady state), P+258735mbar
1695980432:[BUOY  ,0087]from +0mbar/s to -10mbar/s
1695980432:[PUMP  ,0378]Outflow calculated : 2676
1695980432:[BUOY  ,0089]need to transfer +160mL (pump during 240240ms)
1695980433:[PUMP  ,0016]pump during 60000ms
1695980492:[PUMP  ,0212]battery 14417mV, 1109346uA (steady state), P+258705mbar
1695980758:[BUOY  ,0087]from +0mbar/s to -10mbar/s
1695980758:[PUMP  ,0378]Outflow calculated : 2676
1695980758:[BUOY  ,0089]need to transfer +160mL (pump during 240240ms)
1695980759:[PUMP  ,0016]pump during 60000ms
1695980818:[PUMP  ,0212]battery 14426mV, 1089826uA (steady state), P+258705mbar
1695981084:[BUOY  ,0087]from +0mbar/s to -10mbar/s
1695981085:[PUMP  ,0378]Outflow calculated : 2676
1695981085:[BUOY  ,0089]need to transfer +160mL (pump during 240964ms)
1695981086:[PUMP  ,0016]pump during 60000ms
1695981145:[PUMP  ,0212]battery 14426mV, 1099708uA (steady state), P+258725mbar
1695981411:[BUOY  ,0087]from +0mbar/s to -10mbar/s
1695981411:[PUMP  ,0378]Outflow calculated : 2676
1695981411:[BUOY  ,0089]need to transfer +160mL (pump during 240964ms)
1695981412:[PUMP  ,0016]pump during 60000ms
1695981471:[PUMP  ,0212]battery 14425mV, 1111176uA (steady state), P+258705mbar
1695981737:[BUOY  ,0087]from -1mbar/s to -10mbar/s
1695981737:[PUMP  ,0378]Outflow calculated : 2675
1695981737:[BUOY  ,0089]need to transfer +158mL (pump during 238671ms)
1695981739:[PUMP  ,0016]pump during 60000ms
1695981798:[PUMP  ,0212]battery 14427mV, 1109956uA (steady state), P+258705mbar
1695982064:[BUOY  ,0087]from +0mbar/s to -10mbar/s
1695982064:[PUMP  ,0378]Outflow calculated : 2675
1695982064:[BUOY  ,0089]need to transfer +160mL (pump during 241692ms)
1695982065:[PUMP  ,0016]pump during 60000ms
1695982124:[PUMP  ,0212]battery 14430mV, 1105808uA (steady state), P+258715mbar
1695982390:[BUOY  ,0087]from +1mbar/s to -10mbar/s
1695982390:[PUMP  ,0378]Outflow calculated : 2675
1695982390:[BUOY  ,0089]need to transfer +162mL (pump during 246201ms)
1695982391:[PUMP  ,0016]pump during 60000ms
1695982450:[PUMP  ,0212]battery 14430mV, 1112762uA (steady state), P+258705mbar
1695982716:[BUOY  ,0087]from +0mbar/s to -10mbar/s
1695982716:[PUMP  ,0378]Outflow calculated : 2675
1695982716:[BUOY  ,0089]need to transfer +160mL (pump during 243161ms)
1695982718:[PUMP  ,0016]pump during 60000ms
1695982777:[PUMP  ,0212]battery 14432mV, 1118130uA (steady state), P+258715mbar
1695983043:[BUOY  ,0087]from -1mbar/s to -10mbar/s
1695983043:[PUMP  ,0378]Outflow calculated : 2673
1695983043:[BUOY  ,0089]need to transfer +158mL (pump during 243077ms)
1695983044:[PUMP  ,0016]pump during 60000ms
1695983103:[PUMP  ,0212]battery 14433mV, 1109712uA (steady state), P+258695mbar
1695983369:[BUOY  ,0087]from +0mbar/s to -10mbar/s
1695983369:[PUMP  ,0378]Outflow calculated : 2673
1695983369:[BUOY  ,0089]need to transfer +160mL (pump during 246154ms)
1695983370:[PUMP  ,0016]pump during 60000ms
1695983429:[PUMP  ,0212]battery 14436mV, 1112396uA (steady state), P+258705mbar
1695983696:[BUOY  ,0087]from +0mbar/s to -10mbar/s
1695983696:[PUMP  ,0378]Outflow calculated : 2673
1695983696:[BUOY  ,0089]need to transfer +160mL (pump during 246154ms)
1695983697:[PUMP  ,0016]pump during 60000ms
1695983756:[PUMP  ,0212]battery 14440mV, 1106662uA (steady state), P+258695mbar
1695984022:[BUOY  ,0087]from +0mbar/s to -10mbar/s
1695984022:[PUMP  ,0378]Outflow calculated : 2676
1695984022:[BUOY  ,0089]need to transfer +160mL (pump during 239880ms)
1695984023:[PUMP  ,0016]pump during 60000ms
1695984082:[PUMP  ,0212]battery 14436mV, 1115934uA (steady state), P+258675mbar
1695984348:[BUOY  ,0087]from +0mbar/s to -10mbar/s
1695984348:[PUMP  ,0378]Outflow calculated : 2676
1695984348:[BUOY  ,0089]need to transfer +160mL (pump during 239880ms)
1695984350:[PUMP  ,0016]pump during 60000ms
1695984409:[PUMP  ,0212]battery 14440mV, 1114104uA (steady state), P+258685mbar
1695984675:[BUOY  ,0087]from -8mbar/s to -10mbar/s
1695984675:[PUMP  ,0378]Outflow calculated : 2677
1695984675:[BUOY  ,0089]need to transfer +58mL (pump during 87218ms)
1695984676:[PUMP  ,0016]pump during 60000ms
1695984676:[SBE   ,0384]Start profil acquisitions
1695984676:[SBE   ,0391]Mode changed from START to PROFILING
1695984735:[PUMP  ,0212]battery 14430mV, 1150094uA (steady state), P+256945mbar
1695985001:[BUOY  ,0087]from -8mbar/s to -10mbar/s
1695985001:[PUMP  ,0378]Outflow calculated : 2679
1695985001:[BUOY  ,0089]need to transfer +58mL (pump during 87218ms)
1695985002:[PUMP  ,0016]pump during 60000ms
1695985061:[PUMP  ,0212]battery 14426mV, 1101416uA (steady state), P+254025mbar
1695985303:[PRESS ,0038]P+251385mbar,T+32767mdegC
1695985652:[BUOY  ,0087]from -9mbar/s to -10mbar/s
1695985652:[PUMP  ,0378]Outflow calculated : 2681
1695985652:[BUOY  ,0089]need to transfer +30mL (pump during 45380ms)
1695985654:[PUMP  ,0016]pump during 45380ms
1695985699:[PUMP  ,0212]battery 14503mV, 1093852uA (steady state), P+248265mbar
1695985954:[PRESS ,0038]P+245405mbar,T+32767mdegC
1695985979:[BUOY  ,0087]from -9mbar/s to -10mbar/s
1695985979:[PUMP  ,0378]Outflow calculated : 2683
1695985979:[BUOY  ,0089]need to transfer +30mL (pump during 45260ms)
1695985980:[PUMP  ,0016]pump during 45260ms
1695986025:[PUMP  ,0212]battery 14463mV, 1077748uA (steady state), P+245195mbar
1695986605:[PRESS ,0038]P+239165mbar,T+32767mdegC
1695986630:[BUOY  ,0087]from -9mbar/s to -10mbar/s
1695986630:[PUMP  ,0378]Outflow calculated : 2689
1695986630:[BUOY  ,0089]need to transfer +30mL (pump during 44677ms)
1695986631:[PUMP  ,0016]pump during 44677ms
1695986675:[PUMP  ,0212]battery 14521mV, 1062132uA (steady state), P+238925mbar
1695987257:[PRESS ,0038]P+232195mbar,T+32767mdegC
1695987906:[PRESS ,0038]P+224935mbar,T+32767mdegC
1695988556:[PRESS ,0038]P+217495mbar,T+32767mdegC
1695989206:[PRESS ,0038]P+210665mbar,T+32767mdegC
1695989231:[BUOY  ,0087]from -9mbar/s to -10mbar/s
1695989231:[PUMP  ,0378]Outflow calculated : 2707
1695989231:[BUOY  ,0089]need to transfer +30mL (pump during 43862ms)
1695989232:[PUMP  ,0016]pump during 43862ms
1695989275:[PUMP  ,0212]battery 14611mV,  953552uA (steady state), P+210425mbar
1695989857:[PRESS ,0038]P+204055mbar,T+32767mdegC
1695989882:[BUOY  ,0087]from -9mbar/s to -10mbar/s
1695989882:[PUMP  ,0378]Outflow calculated : 2709
1695989882:[BUOY  ,0089]need to transfer +30mL (pump during 44489ms)
1695989883:[PUMP  ,0016]pump during 44489ms
1695989927:[PUMP  ,0212]battery 14562mV,  934398uA (steady state), P+203825mbar
1695990509:[PRESS ,0038]P+197445mbar,T+32767mdegC
1695991158:[PRESS ,0038]P+191145mbar,T+32767mdegC
1695991183:[BUOY  ,0087]from -9mbar/s to -10mbar/s
1695991183:[PUMP  ,0378]Outflow calculated : 2718
1695991183:[BUOY  ,0089]need to transfer +30mL (pump during 43771ms)
1695991185:[PUMP  ,0016]pump during 43771ms
1695991228:[PUMP  ,0212]battery 14610mV,  887550uA (steady state), P+190905mbar
1695991810:[PRESS ,0038]P+184615mbar,T+32767mdegC
1695992460:[PRESS ,0038]P+177765mbar,T+32767mdegC
1695993109:[PRESS ,0038]P+170955mbar,T+32767mdegC
1695993759:[PRESS ,0038]P+164375mbar,T+32767mdegC
1695994409:[PRESS ,0038]P+157895mbar,T+32767mdegC
1695994759:[BUOY  ,0087]from -9mbar/s to -10mbar/s
1695994759:[PUMP  ,0378]Outflow calculated : 2740
1695994759:[BUOY  ,0089]need to transfer +30mL (pump during 43311ms)
1695994760:[PUMP  ,0016]pump during 43311ms
1695994803:[PUMP  ,0212]battery 14658mV,  763720uA (steady state), P+154545mbar
1695995060:[PRESS ,0038]P+151635mbar,T+32767mdegC
1695995710:[PRESS ,0038]P+145375mbar,T+32767mdegC
1695996360:[PRESS ,0038]P+138675mbar,T+32767mdegC
1695997010:[PRESS ,0038]P+131685mbar,T+32767mdegC
1695997359:[BUOY  ,0087]from -9mbar/s to -10mbar/s
1695997359:[PUMP  ,0378]Outflow calculated : 2756
1695997359:[BUOY  ,0089]need to transfer +30mL (pump during 43074ms)
1695997361:[PUMP  ,0016]pump during 43074ms
1695997404:[PUMP  ,0212]battery 14691mV,  661240uA (steady state), P+128245mbar
1695997661:[PRESS ,0038]P+125525mbar,T+32767mdegC
1695997686:[BUOY  ,0087]from -8mbar/s to -10mbar/s
1695997686:[PUMP  ,0378]Outflow calculated : 2757
1695997686:[BUOY  ,0089]need to transfer +58mL (pump during 83214ms)
1695997687:[PUMP  ,0016]pump during 60000ms
1695997746:[PUMP  ,0212]battery 14606mV,  656970uA (steady state), P+125355mbar
1695998012:[BUOY  ,0087]from -9mbar/s to -10mbar/s
1695998012:[PUMP  ,0378]Outflow calculated : 2759
1695998012:[BUOY  ,0089]need to transfer +30mL (pump during 43026ms)
1695998013:[PUMP  ,0016]pump during 43026ms
1695998056:[PUMP  ,0212]battery 14566mV,  641232uA (steady state), P+122455mbar
1695998314:[PRESS ,0038]P+119515mbar,T+32767mdegC
1695998964:[PRESS ,0038]P+112255mbar,T+32767mdegC
1695999613:[PRESS ,0038]P+105345mbar,T+32767mdegC
1696000263:[PRESS ,0038]P +98975mbar,T+32767mdegC
1696000913:[PRESS ,0038]P +92805mbar,T+32767mdegC
1696000938:[BUOY  ,0087]from -9mbar/s to -10mbar/s
1696000938:[PUMP  ,0378]Outflow calculated : 2777
1696000938:[BUOY  ,0089]need to transfer +30mL (pump during 42739ms)
1696000939:[PUMP  ,0016]pump during 42739ms
1696000981:[PUMP  ,0212]battery 14756mV,  534238uA (steady state), P +92565mbar
1696001564:[PRESS ,0038]P +86005mbar,T+32767mdegC
1696002214:[PRESS ,0038]P +79165mbar,T+32767mdegC
1696002564:[BUOY  ,0087]from -9mbar/s to -10mbar/s
1696002564:[PUMP  ,0378]Outflow calculated : 2787
1696002564:[BUOY  ,0089]need to transfer +30mL (pump during 42611ms)
1696002565:[PUMP  ,0016]pump during 42611ms
1696002607:[PUMP  ,0212]battery 14780mV,  473848uA (steady state), P +75885mbar
1696002865:[PRESS ,0038]P +72725mbar,T+32767mdegC
1696003515:[PRESS ,0038]P +65935mbar,T+32767mdegC
1696003540:[BUOY  ,0087]from -8mbar/s to -10mbar/s
1696003540:[PUMP  ,0378]Outflow calculated : 2793
1696003540:[BUOY  ,0089]need to transfer +58mL (pump during 82504ms)
1696003541:[PUMP  ,0016]pump during 60000ms
1696003600:[PUMP  ,0212]battery 14786mV,  434076uA (steady state), P +65735mbar
1696004166:[PRESS ,0038]P +59365mbar,T+32767mdegC
1696004816:[PRESS ,0038]P +52535mbar,T+32767mdegC
1696004841:[BUOY  ,0087]from -8mbar/s to -10mbar/s
1696004841:[PUMP  ,0378]Outflow calculated : 2801
1696004841:[BUOY  ,0089]need to transfer +58mL (pump during 82153ms)
1696004842:[PUMP  ,0016]pump during 60000ms
1696004901:[PUMP  ,0212]battery 14830mV,  384178uA (steady state), P +52325mbar
1696005468:[PRESS ,0038]P +45095mbar,T+32767mdegC
1696006117:[PRESS ,0038]P +38625mbar,T+32767mdegC
1696006142:[BUOY  ,0087]from -7mbar/s to -10mbar/s
1696006142:[PUMP  ,0378]Outflow calculated : 2809
1696006142:[BUOY  ,0089]need to transfer +82mL (pump during 115493ms)
1696006144:[PUMP  ,0016]pump during 60000ms
1696006202:[PUMP  ,0212]battery 14886mV,  323666uA (steady state), P +38455mbar
1696006769:[PRESS ,0038]P +31015mbar,T+32767mdegC
1696007118:[BUOY  ,0087]from -9mbar/s to -10mbar/s
1696007118:[PUMP  ,0378]Outflow calculated : 2816
1696007118:[BUOY  ,0089]need to transfer +30mL (pump during 42245ms)
1696007120:[PUMP  ,0016]pump during 42245ms
1696007162:[PUMP  ,0212]battery 14925mV,  278770uA (steady state), P +27045mbar
1696007420:[PRESS ,0038]P +24205mbar,T+32767mdegC
1696008070:[PRESS ,0038]P +16935mbar,T+32767mdegC
1696008720:[PRESS ,0038]P  +9115mbar,T+32767mdegC
1696008744:[BUOY  ,0087]from -9mbar/s to -10mbar/s
1696008744:[PUMP  ,0378]Outflow calculated : 2827
1696008744:[BUOY  ,0089]need to transfer +30mL (pump during 41884ms)
1696008746:[PUMP  ,0016]pump during 41884ms
1696008787:[PUMP  ,0212]battery 15030mV,  207034uA (steady state), P  +8885mbar
1696009371:[PRESS ,0038]P  +3135mbar,T+32767mdegC
1696009396:[BUOY  ,0087]from -5mbar/s to -10mbar/s
1696009396:[PUMP  ,0378]Outflow calculated : 2830
1696009396:[BUOY  ,0089]need to transfer +120mL (pump during 167598ms)
1696009397:[PUMP  ,0016]pump during 60000ms
1696009456:[PUMP  ,0212]battery 15041mV,  189588uA (steady state), P  +3025mbar
1696009722:[BUOY  ,0087]from -8mbar/s to -10mbar/s
1696009722:[PUMP  ,0378]Outflow calculated : 2831
1696009722:[BUOY  ,0089]need to transfer +58mL (pump during 81006ms)
1696009723:[PUMP  ,0016]pump during 60000ms
1696009782:[PUMP  ,0212]battery 15026mV,  176046uA (steady state), P  +1125mbar
1696010048:[STAGE ,0214]-165mbar (500) reached at 1696010048s, ascending from 258755mbar
1696010048:[STAGE ,0342]The float reached the surface : OK
1696010049:[MAIN  ,0140]stage[3] complete 8989s after mission start
1696010050:[SBE   ,0391]Mode changed from PROFILING to SLEEP
1696010051:[SBE   ,0391]Mode changed from SLEEP to STOP
1696010207:[SBE   ,0391]Mode changed from STOP to SLEEP
1696010208:[SBE   ,0391]Mode changed from SLEEP to DUMP
1696010208:[SBE   ,0343]SBE dump : 503 stored samples in hexa format
1696010223:[SBE   ,0338]Dump finished
1696010223:[SBE   ,0388]503 samples in 0100/65168ECD.S61
1696010223:[SBE   ,0391]Mode changed from DUMP to SLEEP
1696010224:[MRMAID,0188]acq already stopped
1696010225:[MSSION,0192]mission stopped, 4 stage(s) done
1696010225:[MAIN  ,0065]surfacing
1696010227:[SURFIN,0036]P   -145mbar
1696010228:[SURFIN,0020]filling external bladder
1696010230:[PUMP  ,0016]pump during 30000ms
1696010259:[PUMP  ,0212]battery 14541mV, 1342488uA (steady state), P   -165mbar
1696010276:[PUMP  ,0016]pump during 30000ms
1696010296:[PUMP  ,0212]battery 14955mV,   13054uA (steady state), P   -165mbar
1696010296:[PUMP  ,0019]external bladder full
1696010357:[MAIN  ,0272]Vbat 14925mV (min 14392mV)
1696010360:[MAIN  ,0024]internal pressure 76950Pa
1696010360:[MAIN  ,0043]Pext 221mbar (rng 60mbar)
1696010360:[MAIN  ,0064]surface
1696010371:[SURF  ,0022]GPS fix...
1696010416:[SURF  ,0015]10 PPS detected...
1696010417:[MRMAID,0052]$GPSACK:+0,+0,+0,+0,+0,-1,-651763;
1696010427:[MRMAID,0052]$GPSOFF:3686332;
1696010430:[GPSFIX,0179]-12s diff
1696010442:[SURF  ,0222]2023-09-29T18:00:42
1696010442:[SURF  ,0082]N30deg47.215mn, E140deg48.446mn
1696010442:[SURF  ,0084]hdop 1.000, vdop 1.530
1696010452:[SURF  ,0274]last almanac : 6085822
1696010757:[MRMAID,0026]117187 bytes in 0100/651710D9.MER
1696010762:[MAIN  ,0320]New pressure offset: 221mbar
1696010762:[SBE   ,0391]Mode changed from SLEEP to RESETOFFSET
1696010824:[SBE   ,0339]new offset = -2.81 received after 63s
1696010824:[SBE   ,0391]Mode changed from RESETOFFSET to SLEEP
1696010825:[MAIN  ,0078]*** switching to 0100/65171249 ***
