1749761912:[MAIN  ,0007]buoy 467.174-T-0100
1749761912:[MAIN  ,0055]soft pilotage 467.174.300_V2.67-20230503
1749761912:[MAIN  ,0010]cycle 74
1749761912:[SURF  ,0225]surface2
1749761926:[SURF  ,0022]GPS fix...
1749761929:[GPSFIX,0123]<WARN>GPRMC ms=500 #1
1749761950:[SURF  ,0015]10 PPS detected...
1749761951:[MRMAID,0052]$GPSACK:+0,+0,+0,+0,+0,+0,+0;
1749761961:[MRMAID,0052]$GPSOFF:3686330;
1749761962:[GPSFIX,0179]-1s diff
1749761963:[SURF  ,0222]2025-06-12T20:59:23
1749761963:[SURF  ,0082]N31deg33.688mn, E134deg41.123mn
1749761963:[SURF  ,0084]hdop 1.230, vdop 2.100
1749761973:[SURF  ,0025]Iridium...
1749761999:[SURF  ,0009]connected in 26s, signal quality 5
1749762114:[SURF  ,0218]prompt received, remote cmd end
1749762114:[SURF  ,0012]21 cmd(s) received
1749762135:[UPLOAD,0248]Upload data files...
1749762444:[SURF  ,0014]disconnected after 471s
1749762449:[SURFIN,0020]filling external bladder
1749762450:[PUMP  ,0016]pump during 30000ms
1749762451:[PUMP  ,0019]external bladder full
1749762451:[SURF  ,0069]transfer interrupted , retry
1749762462:[SURF  ,0022]GPS fix...
1749762482:[SURF  ,0015]10 PPS detected...
1749762483:[MRMAID,0052]$GPSACK:+0,+0,+0,+0,+0,+1,-999969;
1749762493:[MRMAID,0052]$GPSOFF:3686329;
1749762495:[GPSFIX,0179]-1s diff
1749762496:[SURF  ,0222]2025-06-12T21:08:16
1749762496:[SURF  ,0082]N31deg33.860mn, E134deg41.040mn
1749762496:[SURF  ,0084]hdop 0.770, vdop 1.090
1749762506:[SURF  ,0025]Iridium...
1749762538:[SURF  ,0009]connected in 32s, signal quality 5
1749762636:[SURF  ,0218]prompt received, remote cmd end
1749762636:[SURF  ,0012]21 cmd(s) received
1749762659:[UPLOAD,0248]Upload data files...
1749763431:[ZIO   ,0240]"NO CARRIER" received, aborting
1749763452:[SURF  ,0014]disconnected after 946s
1749763457:[SURFIN,0020]filling external bladder
1749763458:[PUMP  ,0016]pump during 30000ms
1749763460:[PUMP  ,0019]external bladder full
1749763460:[SURF  ,0069]transfer interrupted , retry
1749763471:[SURF  ,0022]GPS fix...
1749763491:[SURF  ,0015]10 PPS detected...
1749763492:[MRMAID,0052]$GPSACK:+0,+0,+0,+0,+0,+1,-999969;
1749763502:[MRMAID,0052]$GPSOFF:3686328;
1749763504:[GPSFIX,0179]-1s diff
1749763505:[SURF  ,0222]2025-06-12T21:25:05
1749763505:[SURF  ,0082]N31deg34.183mn, E134deg40.903mn
1749763505:[SURF  ,0084]hdop 0.710, vdop 1.110
1749763515:[SURF  ,0025]Iridium...
1749763544:[SURF  ,0009]connected in 29s, signal quality 4
1749763688:[SURF  ,0218]prompt received, remote cmd end
1749763688:[SURF  ,0012]22 cmd(s) received
1749763706:[UPLOAD,0248]Upload data files...
1749764192:[SURF  ,0014]disconnected after 677s
1749764197:[SURFIN,0020]filling external bladder
1749764199:[PUMP  ,0019]external bladder full
1749764199:[SURF  ,0069]transfer interrupted , retry
1749764210:[SURF  ,0022]GPS fix...
1749764230:[SURF  ,0015]10 PPS detected...
1749764231:[MRMAID,0052]$GPSACK:+0,+0,+0,+0,+0,+0,-30;
1749764241:[MRMAID,0052]$GPSOFF:3686328;
1749764243:[GPSFIX,0179]-1s diff
1749764244:[SURF  ,0222]2025-06-12T21:37:24
1749764244:[SURF  ,0082]N31deg34.424mn, E134deg40.824mn
1749764244:[SURF  ,0084]hdop 0.660, vdop 1.070
1749764254:[SURF  ,0025]Iridium...
1749764290:[SURF  ,0009]connected in 36s, signal quality 5
1749764406:[SURF  ,0218]prompt received, remote cmd end
1749764406:[SURF  ,0012]21 cmd(s) received
1749764431:[UPLOAD,0248]Upload data files...
1749764713:[UPLOAD,0231]"0100/684B3E17.MER" uploaded at 52bytes/s
1749764833:[SURF  ,0014]disconnected after 579s
1749764838:[SURFIN,0020]filling external bladder
1749764839:[PUMP  ,0019]external bladder full
1749764839:[SURF  ,0069]transfer interrupted , retry
1749764850:[SURF  ,0022]GPS fix...
1749764870:[SURF  ,0015]10 PPS detected...
1749764871:[MRMAID,0052]$GPSACK:+0,+0,+0,+0,+0,+1,-999938;
1749764881:[MRMAID,0052]$GPSOFF:3686327;
1749764883:[GPSFIX,0179]-1s diff
1749764884:[SURF  ,0222]2025-06-12T21:48:04
1749764884:[SURF  ,0082]N31deg34.631mn, E134deg40.764mn
1749764884:[SURF  ,0084]hdop 0.670, vdop 0.900
1749764894:[SURF  ,0025]Iridium...
1749764922:[SURF  ,0009]connected in 28s, signal quality 5
1749764952:[SURF  ,0218]prompt received, remote cmd end
1749764952:[SURF  ,0012]0 cmd(s) received
1749764968:[UPLOAD,0248]Upload data files...
1749765008:[UPLOAD,0131]<ERR>opening upload
1749765008:[UPLOAD,0132]<ERR>opening upload "0100"
1749765024:[SURF  ,0014]disconnected after 130s
1749765029:[SURFIN,0020]filling external bladder
1749765030:[PUMP  ,0019]external bladder full
1749765030:[SURF  ,0069]transfer interrupted , retry
1749765042:[SURF  ,0022]GPS fix...
1749765062:[SURF  ,0015]10 PPS detected...
1749765063:[MRMAID,0052]$GPSACK:+0,+0,+0,+0,+0,+0,-30;
1749765073:[MRMAID,0052]$GPSOFF:3686327;
1749765075:[GPSFIX,0179]-1s diff
1749765076:[SURF  ,0222]2025-06-12T21:51:16
1749765076:[SURF  ,0082]N31deg34.694mn, E134deg40.746mn
1749765076:[SURF  ,0084]hdop 0.670, vdop 0.910
1749765086:[SURF  ,0025]Iridium...
1749765295:[SURF  ,0023]<WARN>failed to connect #1, code -8, net 1, qual 5, dial 1
1749765360:[SURF  ,0009]connected in 274s, signal quality 5
1749765483:[SURF  ,0218]prompt received, remote cmd end
1749765483:[SURF  ,0012]22 cmd(s) received
1749765503:[UPLOAD,0248]Upload data files...
1749766134:[SURF  ,0014]disconnected after 1048s
1749766139:[SURFIN,0020]filling external bladder
1749766140:[PUMP  ,0019]external bladder full
1749766141:[SURF  ,0069]transfer interrupted , retry
1749766152:[SURF  ,0022]GPS fix...
1749766172:[SURF  ,0015]10 PPS detected...
1749766173:[MRMAID,0052]$GPSACK:+0,+0,+0,+0,+0,+0,-61;
1749766183:[MRMAID,0052]$GPSOFF:3686327;
1749766185:[GPSFIX,0179]-1s diff
1749766186:[SURF  ,0222]2025-06-12T22:09:46
1749766186:[SURF  ,0082]N31deg35.046mn, E134deg40.667mn
1749766186:[SURF  ,0084]hdop 0.670, vdop 0.920
1749766196:[SURF  ,0025]Iridium...
1749766197:[MODEM ,0347]<ERR>ping error
1749766197:[SURF  ,0023]<WARN>failed to connect #1, code -1, net -1, qual -1, dial -1
1749766258:[SURF  ,0009]connected in 62s, signal quality 4
1749766621:[SURF  ,0218]prompt received, remote cmd end
1749766621:[SURF  ,0012]130 cmd(s) received
1749766649:[UPLOAD,0248]Upload data files...
1749766916:[SURF  ,0014]disconnected after 720s
1749766921:[SURFIN,0020]filling external bladder
1749766923:[PUMP  ,0019]external bladder full
1749766923:[SURF  ,0069]transfer interrupted , retry
1749766934:[SURF  ,0022]GPS fix...
1749766955:[SURF  ,0015]10 PPS detected...
1749766956:[MRMAID,0052]$GPSACK:+0,+0,+0,+0,+0,+1,-999969;
1749766966:[MRMAID,0052]$GPSOFF:3686327;
1749766969:[GPSFIX,0179]+0s diff
1749766969:[SURF  ,0222]2025-06-12T22:22:49
1749766969:[SURF  ,0082]N31deg35.282mn, E134deg40.631mn
1749766969:[SURF  ,0084]hdop 0.580, vdop 0.790
1749766979:[SURF  ,0025]Iridium...
1749767182:[SURF  ,0023]<WARN>failed to connect #1, code -8, net 1, qual 5, dial 1
1749767189:[MODEM ,0347]<ERR>ping error
1749767190:[SURF  ,0023]<WARN>failed to connect #2, code -1, net -1, qual -1, dial -1
1749767252:[SURF  ,0009]connected in 273s, signal quality 3
1749767423:[SURF  ,0218]prompt received, remote cmd end
1749767423:[SURF  ,0012]62 cmd(s) received
1749767448:[UPLOAD,0248]Upload data files...
1749767663:[SURF  ,0014]disconnected after 684s
1749767668:[SURFIN,0020]filling external bladder
1749767670:[PUMP  ,0019]external bladder full
1749767670:[SURF  ,0069]transfer interrupted , retry
1749767681:[SURF  ,0022]GPS fix...
1749767684:[GPSFIX,0123]<WARN>GPRMC ms=10 #1
1749767704:[SURF  ,0015]10 PPS detected...
1749767705:[MRMAID,0052]$GPSACK:+0,+0,+0,+0,+0,+1,-999908;
1749767715:[MRMAID,0052]$GPSOFF:3686326;
1749767717:[GPSFIX,0179]-1s diff
1749767718:[SURF  ,0222]2025-06-12T22:35:18
1749767718:[SURF  ,0082]N31deg35.514mn, E134deg40.616mn
1749767718:[SURF  ,0084]hdop 0.570, vdop 0.770
1749767728:[SURF  ,0025]Iridium...
1749767761:[SURF  ,0009]connected in 33s, signal quality 3
1749768034:[SURF  ,0197]<ERR>Timeout when receive cmds
1749768034:[SURF  ,0012]47 cmd(s) received
1749768060:[UPLOAD,0248]Upload data files...
1749768167:[UPLOAD,0231]"0100/683E0C7F.BIN" uploaded at 146bytes/s
1749768183:[MAIN  ,0013]1 file(s) uploaded
1749768215:[SURF  ,0014]disconnected after 487s
1749768220:[SURF  ,0227]1st complete transfer
1749768220:[SURF  ,0226]Go dive
1749768231:[SURF  ,0022]GPS fix...
1749768251:[SURF  ,0015]10 PPS detected...
1749768252:[MRMAID,0052]$GPSACK:+0,+0,+0,+0,+0,+0,-61;
1749768262:[MRMAID,0052]$GPSOFF:3686326;
1749768264:[GPSFIX,0179]-1s diff
1749768265:[SURF  ,0222]2025-06-12T22:44:25
1749768265:[SURF  ,0082]N31deg35.672mn, E134deg40.617mn
1749768265:[SURF  ,0084]hdop 0.570, vdop 0.810
1749768282:[MAIN  ,0024]internal pressure 79356Pa
1749768283:[BYCMD ,0120]    bypass 20000ms 120000ms (20000ms 60000ms stored)
1749768283:[BYCMD ,0121]    valve 60000ms 12750 (60000ms 12750 stored)
1749768283:[BYCMD ,0376]    pump 60000ms 2832 8320 418 (60000ms 2832 8320 418 stored)
1749768283:[BYCMD ,0123]    rate 2mbar/s (2mbar/s stored)
1749768283:[BYCMD ,0124]    surface 500mbar (500mbar stored)
1749768283:[BYCMD ,0173]    near 7000mbar 2:2:3mbar/s (15000mbar 2:2:3mbar/s stored)
1749768283:[BYCMD ,0380]    middle 6mbar/s (6mbar/s stored)
1749768283:[BYCMD ,0126]    far 25000mbar 9mbar/s (25000mbar 9mbar/s stored)
1749768283:[BYCMD ,0127]    ascent 10mbar/s (10mbar/s stored)
1749768283:[BYCMD ,0128]    dead 300s (300s stored)
1749768283:[BYCMD ,0129]    coeff 16/10 (16/10 stored)
1749768283:[BYCMD ,0130]    stab 10 (10 stored)
1749768283:[BYCMD ,0131]    delay 900s 18000s (900s 3600s stored)
1749768283:[BYCMD ,0132]    mmtime 14400min (2880min stored)
1749768283:[BYCMD ,0133]    dv_landing 100ml (100ml stored)
1749768283:[BYCMD ,0381]    landing confirmation 5 (5 stored)
1749768283:[BYCMD ,0379]    cycle nb 1 (1 stored)
1749768284:[P2TCMD,0150]    p2t37: 15x2000ms, offset 198mbar
1749768284:[P2TCMD,0151]    p2t37: dp 5000mbar, dt 1000000mdegC
1749768284:[STAGE ,0080]Stage [0] 200000mbar (+/-5000mbar) 25200s (<25200s) 
1749768284:[STAGE ,0080]Stage [1] 200000mbar (+/-5000mbar) 788400s (<813600s) MERMAID SBE61 
1749768284:[PROFIL,0302]    manual_profil=1
1749768284:[PROFIL,0303]    manual_profil_rate=1 hours
1749768284:[STAGE ,0080]Stage [2] 250000mbar (+/-5000mbar) 14400s (<828000s) 
1749768284:[STAGE ,0091]Stage [3] surfacing 36000s (<864000s) SBE61 
1749768284:[PROFIL,0284]    speed_detection=1
1749768284:[PROFIL,0285]    bin_average_output=1
1749768284:[PROFIL,0287]    include_transition_bin=1
1749768284:[PROFIL,0304]    include_nbin=1
1749768284:[PROFIL,0301]    load_test_sample=0
1749768284:[PROFIL,0288]    p_cut_off=2dbar
1749768284:[PROFIL,0289]    top_bin_interval=2dbar
1749768284:[PROFIL,0290]    top_bin_size=2dbar
1749768284:[PROFIL,0291]    top_bin_max=500dbar
1749768284:[PROFIL,0292]    middle_bin_interval=10dbar
1749768284:[PROFIL,0293]    middle_bin_size=10dbar
1749768284:[PROFIL,0294]    middle_bin_max=2500dbar
1749768284:[PROFIL,0295]    bottom_bin_interval=50dbar
1749768284:[PROFIL,0296]    bottom_bin_size=50dbar
1749768284:[PROFIL,0297]    pump_time=0s
1749768284:[PROFIL,0298]    speed_start=2mbar/s
1749768284:[PROFIL,0299]    speed_control=10mbar/s
1749768284:[MAIN  ,0070]turn off bluetooth
1749768312:[DIVING,0141]diving from -48mbar, -1mbar/s
1749768312:[BYPASS,0035]bypass opening 120000ms
1749768317:[BYPASS,0104]battery 14220mV,  260836uA (bypass opening), P    -48mbar
1749768442:[BYPASS,0106]battery 14188mV,  297924uA (bypass closing), P    -48mbar
1749768468:[BYPASS,0035]bypass opening 20000ms
1749768474:[BYPASS,0104]battery 14320mV,  259250uA (bypass opening), P   -198mbar
1749768499:[BYPASS,0106]battery 14268mV,  297070uA (bypass closing), P   -198mbar
1749768525:[BYPASS,0035]bypass opening 20000ms
1749768530:[BYPASS,0104]battery 14341mV,  265472uA (bypass opening), P   -198mbar
1749768555:[BYPASS,0106]battery 14258mV,  296338uA (bypass closing), P   -198mbar
1749768741:[DIVING,0028]512mbar reached (+4mbar/s), 3 bypass done
1749768742:[MAIN  ,0056]stage[0]
1749768744:[MAIN  ,0024]internal pressure 82620Pa
1749768745:[BUOY  ,0037]P   +532mbar
1749768746:[BUOY  ,0087]from +4mbar/s to +9mbar/s
1749768747:[BUOY  ,0090]need to transfer -104mL (valve during 57652ms)
1749768747:[VALVE ,0034]valve opening 57652ms
1749768804:[VALVE ,0234]battery 13758mV,  493856uA, P   +532mbar
1749769072:[BUOY  ,0087]from +6mbar/s to +9mbar/s
1749769072:[BUOY  ,0090]need to transfer -72mL (valve during 17321ms)
1749769072:[VALVE ,0034]valve opening 17321ms
1749769089:[VALVE ,0234]battery 13818mV,  479704uA, P  +2842mbar
1749769372:[PRESS ,0038]P  +5312mbar,T+32767mdegC
1749770039:[PRESS ,0038]P +10352mbar,T+32767mdegC
1749770046:[BUOY  ,0087]from +7mbar/s to +9mbar/s
1749770047:[BUOY  ,0090]need to transfer -52mL (valve during 6564ms)
1749770047:[VALVE ,0034]valve opening 6564ms
1749770053:[VALVE ,0234]battery 13721mV,  490196uA, P +10392mbar
1749770372:[BUOY  ,0087]from +7mbar/s to +9mbar/s
1749770372:[BUOY  ,0090]need to transfer -52mL (valve during 5765ms)
1749770372:[VALVE ,0034]valve opening 5765ms
1749770378:[VALVE ,0234]battery 13748mV,  489342uA, P +13272mbar
1749770672:[PRESS ,0038]P +15922mbar,T+32767mdegC
1749771322:[PRESS ,0038]P +22182mbar,T+32767mdegC
1749771972:[PRESS ,0038]P +28402mbar,T+32767mdegC
1749772621:[PRESS ,0038]P +34342mbar,T+32767mdegC
1749773271:[PRESS ,0038]P +39722mbar,T+32767mdegC
1749773921:[PRESS ,0038]P +45482mbar,T+32767mdegC
1749773946:[BUOY  ,0087]from +7mbar/s to +9mbar/s
1749773946:[BUOY  ,0090]need to transfer -52mL (valve during 3113ms)
1749773946:[VALVE ,0034]valve opening 3113ms
1749773949:[VALVE ,0234]battery 13431mV,  484584uA, P +45672mbar
1749774571:[PRESS ,0038]P +50842mbar,T+32767mdegC
1749775221:[PRESS ,0038]P +56552mbar,T+32767mdegC
1749775870:[PRESS ,0038]P +62372mbar,T+32767mdegC
1749776520:[PRESS ,0038]P +68502mbar,T+32767mdegC
1749777170:[PRESS ,0038]P +73882mbar,T+32767mdegC
1749777820:[PRESS ,0038]P +79112mbar,T+32767mdegC
1749778470:[PRESS ,0038]P +84652mbar,T+32767mdegC
1749779119:[PRESS ,0038]P +89862mbar,T+32767mdegC
1749779769:[PRESS ,0038]P +95182mbar,T+32767mdegC
1749780419:[PRESS ,0038]P+100472mbar,T+32767mdegC
1749780444:[BUOY  ,0087]from +7mbar/s to +9mbar/s
1749780444:[BUOY  ,0090]need to transfer -52mL (valve during 2091ms)
1749780444:[VALVE ,0034]valve opening 2091ms
1749780446:[VALVE ,0234]battery 13398mV,  513742uA, P+100662mbar
1749781069:[PRESS ,0038]P+105752mbar,T+32767mdegC
1749781719:[PRESS ,0038]P+111192mbar,T+32767mdegC
1749782369:[PRESS ,0038]P+116662mbar,T+32767mdegC
1749783018:[PRESS ,0038]P+121812mbar,T+32767mdegC
1749783668:[PRESS ,0038]P+127362mbar,T+32767mdegC
1749784318:[PRESS ,0038]P+132752mbar,T+32767mdegC
1749784985:[PRESS ,0038]P+137772mbar,T+32767mdegC
1749784993:[BUOY  ,0087]from +7mbar/s to +9mbar/s
1749784993:[BUOY  ,0090]need to transfer -52mL (valve during 1787ms)
1749784993:[VALVE ,0034]valve opening 1787ms
1749784994:[VALVE ,0234]battery 13475mV,  516060uA, P+137812mbar
1749785618:[PRESS ,0038]P+143012mbar,T+32767mdegC
1749786268:[PRESS ,0038]P+148282mbar,T+32767mdegC
1749786917:[PRESS ,0038]P+153882mbar,T+32767mdegC
1749787567:[PRESS ,0038]P+159632mbar,T+32767mdegC
1749788217:[PRESS ,0038]P+165202mbar,T+32767mdegC
1749788867:[PRESS ,0038]P+170402mbar,T+32767mdegC
1749789517:[PRESS ,0038]P+175472mbar,T+32767mdegC
1749789866:[BUOY  ,0087]from +8mbar/s to +6mbar/s
1749789866:[PUMP  ,0378]Outflow calculated : 2725
1749789866:[BUOY  ,0089]need to transfer +44mL (pump during 64993ms)
1749789868:[PUMP  ,0016]pump during 60000ms
1749789926:[PUMP  ,0212]battery 14053mV,  804102uA (steady state), P+178242mbar
1749790168:[PRESS ,0038]P+180522mbar,T+32767mdegC
1749791142:[PRESS ,0038]P+187412mbar,T+32767mdegC
1749792117:[PRESS ,0038]P+193702mbar,T+32767mdegC
1749792142:[BUOY  ,0087]from +6mbar/s to +2mbar/s
1749792142:[PUMP  ,0378]Outflow calculated : 2715
1749792142:[BUOY  ,0089]need to transfer +52mL (pump during 76923ms)
1749792143:[PUMP  ,0016]pump during 60000ms
1749792202:[PUMP  ,0212]battery 14053mV,  862784uA (steady state), P+193902mbar
1749792468:[STAGE ,0213]195652mbar reached at 1749792468s, ref 200000mbar +/-5000mbar
1749792468:[BUOY  ,0087]from +6mbar/s to +0mbar/s
1749792468:[PUMP  ,0378]Outflow calculated : 2713
1749792468:[BUOY  ,0089]need to transfer +58mL (pump during 87349ms)
1749792470:[PUMP  ,0016]pump during 60000ms
1749792529:[PUMP  ,0212]battery 13926mV,  867908uA (steady state), P+195652mbar
1749792795:[BUOY  ,0087]from +4mbar/s to +0mbar/s
1749792795:[PUMP  ,0378]Outflow calculated : 2712
1749792795:[BUOY  ,0089]need to transfer +26mL (pump during 39144ms)
1749792796:[PUMP  ,0016]pump during 39144ms
1749792835:[PUMP  ,0212]battery 13921mV,  866200uA (steady state), P+196862mbar
1749793121:[BUOY  ,0087]from +3mbar/s to +0mbar/s
1749793121:[PUMP  ,0378]Outflow calculated : 2712
1749793121:[BUOY  ,0089]need to transfer +14mL (pump during 21077ms)
1749793122:[PUMP  ,0016]pump during 21077ms
1749793143:[PUMP  ,0212]battery 13947mV,  867786uA (steady state), P+197582mbar
1749794048:[MAIN  ,0140]stage[0] complete 25307s after mission start
1749794048:[MAIN  ,0056]stage[1]
1749794050:[MAIN  ,0024]internal pressure 78111Pa
1749794051:[MRMAID,0002]acq started
1749794052:[SBE   ,0391]Mode changed from SLEEP to UPDATE
1749794052:[BUOY  ,0037]P+198332mbar
1749794054:[STAGE ,0213]198332mbar reached at 1749794054s, ref 200000mbar +/-5000mbar
1749794062:[SBE   ,0358]<ERR>Wake up failed during routine N[1]
1749794062:[SBE   ,0382]<ERR>Task 3 return -9
1749794062:[SBEx1 ,0138]<WARN>Do not answer several times restart it
1749794074:[SBE   ,0358]<ERR>Wake up failed during routine N[1]
1749794074:[SBE   ,0382]<ERR>Task 3 return -9
1749794074:[SBEx1 ,0138]<WARN>Do not answer several times restart it
1749794147:[SBE   ,0382]<ERR>Task 3 return -10
1749794147:[SBEx1 ,0138]<WARN>Do not answer several times restart it
1749794157:[SBE   ,0391]Mode changed from UPDATE to SLEEP
1749794654:[PRESS ,0038]P+198942mbar,T+32767mdegC
1749795855:[BUOY  ,0087]from +1mbar/s to +0mbar/s
1749795855:[PUMP  ,0378]Outflow calculated : 2711
1749795855:[BUOY  ,0089]need to transfer +2mL (pump during 2971ms)
1749795855:[MRMAID,0003]acq stopped
1749795855:[MRMAID,0052]$MEASFS,70059,1750.856720,40.014125;
1749795857:[PUMP  ,0016]pump during 2971ms
1749795861:[MRMAID,0002]acq started
1749796182:[BUOY  ,0087]from -1mbar/s to +0mbar/s
1749796182:[BUOY  ,0090]need to transfer -2mL (valve during 57ms)
1749796182:[MRMAID,0003]acq stopped
1749796183:[VALVE ,0034]valve opening 57ms
1749796195:[MRMAID,0002]acq started
1749796519:[BUOY  ,0087]from +3mbar/s to +0mbar/s
1749796519:[PUMP  ,0378]Outflow calculated : 2711
1749796519:[BUOY  ,0089]need to transfer +14mL (pump during 20787ms)
1749796519:[MRMAID,0003]acq stopped
1749796521:[PUMP  ,0016]pump during 20787ms
1749796541:[PUMP  ,0212]battery 14066mV,  886940uA (steady state), P+200762mbar
1749796543:[MRMAID,0002]acq started
1749796846:[BUOY  ,0087]from +1mbar/s to +0mbar/s
1749796846:[PUMP  ,0378]Outflow calculated : 2711
1749796846:[BUOY  ,0089]need to transfer +2mL (pump during 2970ms)
1749796846:[MRMAID,0003]acq stopped
1749796848:[PUMP  ,0016]pump during 2970ms
1749796852:[MRMAID,0002]acq started
1749797173:[BUOY  ,0087]from +1mbar/s to +0mbar/s
1749797174:[PUMP  ,0378]Outflow calculated : 2711
1749797174:[BUOY  ,0089]need to transfer +2mL (pump during 2970ms)
1749797174:[MRMAID,0003]acq stopped
1749797175:[PUMP  ,0016]pump during 2970ms
1749797180:[MRMAID,0002]acq started
1749808437:[MRMAID,0027]2038dbar, 33degC
1749808580:[MRMAID,0027]2038dbar, 33degC
1749808606:[PRESS ,0038]P+204092mbar,T+32767mdegC
1749809195:[MRMAID,0027]2043dbar, 33degC
1749810928:[MRMAID,0027]2038dbar, 33degC
1749811361:[MRMAID,0027]2037dbar, 33degC
1749811922:[MRMAID,0027]2036dbar, 33degC
1749813758:[MRMAID,0027]2041dbar, 33degC
1749814417:[MRMAID,0027]2041dbar, 33degC
1749815629:[MRMAID,0027]2036dbar, 33degC
1749815800:[MRMAID,0027]2036dbar, 33degC
1749820291:[MRMAID,0027]2049dbar, 33degC
1749820312:[BUOY  ,0087]from +0mbar/s to -2mbar/s
1749820312:[PUMP  ,0378]Outflow calculated : 2707
1749820312:[BUOY  ,0089]need to transfer +6mL (pump during 9008ms)
1749820312:[MRMAID,0052]$STOPA
1749820312:[MRMAID,0052]$MEASFS,923529,23080.043304,40.014180;
1749820314:[PUMP  ,0016]pump during 9008ms
1749820315:[MRMAID,0185]6 spurious byte(s) received
1749820323:[PUMP  ,0212]battery 13975mV,  905362uA (steady state), P+205022mbar
1749820324:[MRMAID,0002]acq started
1749820754:[MRMAID,0027]2048dbar, 33degC
1749820885:[MRMAID,0005]ascent request rejected
1749823125:[MRMAID,0027]2016dbar, 33degC
1749824360:[MRMAID,0027]2017dbar, 33degC
1749824515:[MRMAID,0005]ascent request rejected
1749825007:[MRMAID,0027]2018dbar, 33degC
1749826502:[MRMAID,0027]2020dbar, 33degC
1749826638:[MRMAID,0005]ascent request rejected
1749826776:[MRMAID,0027]2020dbar, 33degC
1749827583:[MRMAID,0027]2020dbar, 33degC
1749827722:[MRMAID,0005]ascent request rejected
1749828294:[MRMAID,0027]2019dbar, 33degC
1749831562:[MRMAID,0027]2022dbar, 33degC
1749832545:[MRMAID,0027]2019dbar, 33degC
1749832673:[MRMAID,0005]ascent request rejected
1749839995:[MRMAID,0027]2029dbar, 33degC
1749840161:[MRMAID,0005]ascent request rejected
1749840918:[MRMAID,0027]2026dbar, 33degC
1749841049:[MRMAID,0005]ascent request rejected
1749846307:[MRMAID,0027]2025dbar, 33degC
1749846448:[MRMAID,0027]2025dbar, 33degC
1749856248:[MRMAID,0027]2028dbar, 33degC
1749856702:[MRMAID,0027]2028dbar, 33degC
1749856995:[MRMAID,0027]2028dbar, 33degC
1749857155:[MRMAID,0027]2028dbar, 33degC
1749857370:[MRMAID,0027]2029dbar, 33degC
1749857496:[MRMAID,0005]ascent request rejected
1749858063:[MRMAID,0027]2029dbar, 33degC
1749858291:[MRMAID,0027]2028dbar, 33degC
1749858673:[MRMAID,0027]2027dbar, 33degC
1749858810:[MRMAID,0005]ascent request rejected
1749860260:[MRMAID,0027]2025dbar, 33degC
1749892053:[MRMAID,0027]2038dbar, 33degC
1749902628:[MRMAID,0027]2042dbar, 33degC
1749925390:[BUOY  ,0087]from +0mbar/s to -2mbar/s
1749925390:[PUMP  ,0378]Outflow calculated : 2707
1749925390:[BUOY  ,0089]need to transfer +6mL (pump during 9005ms)
1749925390:[MRMAID,0003]acq stopped
1749925392:[PUMP  ,0016]pump during 9005ms
1749925392:[MRMAID,0052]$MEASFS,4202082,105014.730530,40.014215;
1749925401:[PUMP  ,0212]battery 13805mV,  923784uA (steady state), P+205152mbar
1749925402:[MRMAID,0002]acq started
1749930267:[MRMAID,0027]2020dbar, 33degC
1749934270:[MRMAID,0027]2013dbar, 33degC
1749934418:[MRMAID,0027]2013dbar, 33degC
1749936498:[MRMAID,0027]2024dbar, 33degC
1749960785:[MRMAID,0027]2005dbar, 33degC
1749962997:[MRMAID,0027]2011dbar, 33degC
1749967098:[MRMAID,0027]2015dbar, 33degC
1749987470:[MRMAID,0027]2015dbar, 33degC
1749990590:[MRMAID,0027]2014dbar, 33degC
1749990728:[MRMAID,0005]ascent request rejected
1749997274:[MRMAID,0027]2017dbar, 33degC
1750006580:[MRMAID,0027]2019dbar, 33degC
1750039059:[MRMAID,0027]2016dbar, 33degC
1750041273:[MRMAID,0027]2015dbar, 33degC
1750041404:[MRMAID,0005]ascent request rejected
1750092605:[MRMAID,0027]2028dbar, 33degC
1750096046:[MRMAID,0027]2029dbar, 33degC
1750096174:[MRMAID,0005]ascent request rejected
1750124120:[MRMAID,0027]2027dbar, 33degC
1750133749:[MRMAID,0027]2034dbar, 33degC
1750133880:[MRMAID,0005]ascent request rejected
1750134003:[MRMAID,0027]2034dbar, 33degC
1750134284:[MRMAID,0027]2035dbar, 33degC
1750143282:[MRMAID,0027]2033dbar, 33degC
1750143684:[MRMAID,0027]2032dbar, 33degC
1750145278:[MRMAID,0027]2034dbar, 33degC
1750161280:[MRMAID,0027]2032dbar, 33degC
1750161393:[MRMAID,0027]2033dbar, 33degC
1750170052:[MRMAID,0027]2027dbar, 33degC
1750171893:[MRMAID,0027]2032dbar, 33degC
1750190663:[MRMAID,0027]2036dbar, 33degC
1750192798:[MRMAID,0027]2029dbar, 33degC
1750194378:[MRMAID,0027]2027dbar, 33degC
1750220332:[MRMAID,0027]2042dbar, 33degC
1750221297:[MRMAID,0027]2039dbar, 33degC
1750221763:[MRMAID,0027]2035dbar, 33degC
1750221897:[MRMAID,0005]ascent request rejected
1750222147:[MRMAID,0027]2033dbar, 33degC
1750222300:[MRMAID,0005]ascent request rejected
1750222775:[MRMAID,0027]2030dbar, 33degC
1750227218:[MRMAID,0027]2035dbar, 33degC
1750227354:[MRMAID,0005]ascent request rejected
1750232373:[MRMAID,0027]2036dbar, 33degC
1750249846:[MRMAID,0027]2045dbar, 33degC
1750250029:[MRMAID,0005]ascent request rejected
1750260953:[MRMAID,0027]2036dbar, 33degC
1750265294:[MRMAID,0027]2040dbar, 33degC
1750268103:[MRMAID,0027]2043dbar, 33degC
1750269713:[MRMAID,0027]2042dbar, 33degC
1750275202:[MRMAID,0027]2037dbar, 33degC
1750279863:[MRMAID,0027]2035dbar, 33degC
1750282406:[MRMAID,0027]2043dbar, 33degC
1750282536:[MRMAID,0005]ascent request rejected
1750286463:[MRMAID,0027]2041dbar, 33degC
1750288301:[MRMAID,0027]2045dbar, 33degC
1750288451:[MRMAID,0005]ascent request rejected
1750292036:[MRMAID,0027]2041dbar, 33degC
1750293937:[MRMAID,0027]2042dbar, 33degC
1750314764:[MRMAID,0027]2041dbar, 33degC
1750318662:[MRMAID,0027]2040dbar, 33degC
1750318910:[MRMAID,0027]2041dbar, 33degC
1750319101:[MRMAID,0005]ascent request rejected
1750321910:[BUOY  ,0087]from +0mbar/s to -2mbar/s
1750321910:[PUMP  ,0378]Outflow calculated : 2708
1750321910:[BUOY  ,0089]need to transfer +6mL (pump during 8975ms)
1750321910:[MRMAID,0003]acq stopped
1750321912:[PUMP  ,0016]pump during 8975ms
1750321917:[MRMAID,0052]$MEASFS,15864076,396460.972656,40.014219;
1750321920:[PUMP  ,0212]battery 13748mV,  919148uA (steady state), P+205052mbar
1750321922:[MRMAID,0002]acq started
1750322237:[BUOY  ,0087]from +0mbar/s to -2mbar/s
1750322238:[PUMP  ,0378]Outflow calculated : 2708
1750322238:[BUOY  ,0089]need to transfer +6mL (pump during 8975ms)
1750322238:[MRMAID,0003]acq stopped
1750322239:[PUMP  ,0016]pump during 8975ms
1750322247:[PUMP  ,0212]battery 13830mV,  909266uA (steady state), P+205072mbar
1750322250:[MRMAID,0002]acq started
1750325866:[BUOY  ,0087]from -2mbar/s to +0mbar/s
1750325866:[BUOY  ,0090]need to transfer -6mL (valve during 171ms)
1750325867:[MRMAID,0003]acq stopped
1750325867:[MRMAID,0052]$MEASFS,142621,3564.257965,40.014219;
1750325867:[VALVE ,0034]valve opening 171ms
1750325879:[MRMAID,0002]acq started
1750326203:[BUOY  ,0087]from +4mbar/s to +0mbar/s
1750326203:[PUMP  ,0378]Outflow calculated : 2710
1750326203:[BUOY  ,0089]need to transfer +26mL (pump during 38800ms)
1750326203:[MRMAID,0003]acq stopped
1750326205:[PUMP  ,0016]pump during 38800ms
1750326243:[PUMP  ,0212]battery 13842mV,  896212uA (steady state), P+201112mbar
1750326245:[MRMAID,0002]acq started
1750326530:[BUOY  ,0087]from +3mbar/s to +0mbar/s
1750326530:[PUMP  ,0378]Outflow calculated : 2710
1750326530:[BUOY  ,0089]need to transfer +14mL (pump during 20934ms)
1750326530:[MRMAID,0003]acq stopped
1750326532:[PUMP  ,0016]pump during 20934ms
1750326552:[PUMP  ,0212]battery 13740mV,  895846uA (steady state), P+201982mbar
1750326554:[MRMAID,0002]acq started
1750335045:[MRMAID,0027]2016dbar, 33degC
1750338736:[MRMAID,0027]2010dbar, 33degC
1750338872:[MRMAID,0005]ascent request rejected
1750350788:[MRMAID,0027]2010dbar, 33degC
1750351634:[MRMAID,0027]2008dbar, 33degC
1750351787:[MRMAID,0005]ascent request rejected
1750356719:[MRMAID,0027]2010dbar, 33degC
1750359165:[MRMAID,0027]2010dbar, 33degC
1750359291:[MRMAID,0005]ascent request rejected
1750361080:[MRMAID,0027]2013dbar, 33degC
1750369430:[MRMAID,0027]2004dbar, 33degC
1750374166:[MRMAID,0027]2010dbar, 33degC
1750376676:[MRMAID,0027]2009dbar, 33degC
1750376802:[MRMAID,0005]ascent request rejected
1750380470:[MRMAID,0027]2010dbar, 33degC
1750382225:[MRMAID,0027]2013dbar, 33degC
1750383288:[MRMAID,0027]2009dbar, 33degC
1750385704:[MRMAID,0027]2008dbar, 33degC
1750385836:[MRMAID,0005]ascent request rejected
1750387113:[MRMAID,0027]2009dbar, 33degC
1750388545:[MRMAID,0027]2010dbar, 33degC
1750394908:[MRMAID,0027]2006dbar, 33degC
1750402989:[MRMAID,0027]2000dbar, 33degC
1750403725:[MRMAID,0027]2000dbar, 33degC
1750404078:[MRMAID,0027]2001dbar, 33degC
1750406396:[BUOY  ,0087]from +1mbar/s to +0mbar/s
1750406396:[PUMP  ,0378]Outflow calculated : 2710
1750406396:[BUOY  ,0089]need to transfer +2mL (pump during 2991ms)
1750406396:[MRMAID,0003]acq stopped
1750406398:[MRMAID,0052]$MEASFS,3192756,79790.537567,40.014218;
1750406398:[PUMP  ,0016]pump during 2991ms
1750406402:[MRMAID,0002]acq started
1750407616:[MRMAID,0027]2008dbar, 33degC
1750408202:[MRMAID,0027]2001dbar, 33degC
1750408224:[BUOY  ,0087]from -1mbar/s to +0mbar/s
1750408224:[BUOY  ,0090]need to transfer -2mL (valve during 57ms)
1750408224:[MRMAID,0003]acq stopped
1750408224:[MRMAID,0185]28 spurious byte(s) received
1750408225:[VALVE ,0034]valve opening 57ms
1750408237:[MRMAID,0002]acq started
1750408561:[BUOY  ,0087]from +3mbar/s to +0mbar/s
1750408561:[PUMP  ,0378]Outflow calculated : 2710
1750408561:[BUOY  ,0089]need to transfer +14mL (pump during 20951ms)
1750408561:[MRMAID,0003]acq stopped
1750408563:[PUMP  ,0016]pump during 20951ms
1750408583:[PUMP  ,0212]battery 13776mV,  899140uA (steady state), P+200622mbar
1750408585:[MRMAID,0002]acq started
1750408888:[BUOY  ,0087]from +1mbar/s to +0mbar/s
1750408888:[PUMP  ,0378]Outflow calculated : 2710
1750408888:[BUOY  ,0089]need to transfer +2mL (pump during 2993ms)
1750408888:[MRMAID,0003]acq stopped
1750408890:[PUMP  ,0016]pump during 2993ms
1750408894:[MRMAID,0002]acq started
1750409215:[BUOY  ,0087]from +1mbar/s to +0mbar/s
1750409215:[PUMP  ,0378]Outflow calculated : 2710
1750409215:[BUOY  ,0089]need to transfer +2mL (pump during 2991ms)
1750409216:[MRMAID,0003]acq stopped
1750409217:[PUMP  ,0016]pump during 2991ms
1750409221:[MRMAID,0002]acq started
1750409374:[MRMAID,0027]2016dbar, 33degC
1750409543:[BUOY  ,0087]from +2mbar/s to +0mbar/s
1750409543:[PUMP  ,0378]Outflow calculated : 2710
1750409543:[BUOY  ,0089]need to transfer +6mL (pump during 8973ms)
1750409543:[MRMAID,0003]acq stopped
1750409545:[PUMP  ,0016]pump during 8973ms
1750409553:[PUMP  ,0212]battery 13908mV,  898286uA (steady state), P+202012mbar
1750409555:[MRMAID,0002]acq started
1750411357:[MRMAID,0027]2022dbar, 33degC
1750411488:[MRMAID,0005]ascent request rejected
1750413405:[MRMAID,0027]2033dbar, 33degC
1750415218:[MRMAID,0027]2037dbar, 33degC
1750415750:[MRMAID,0027]2036dbar, 33degC
1750417376:[MRMAID,0027]2036dbar, 33degC
1750419789:[MRMAID,0027]2037dbar, 33degC
1750421146:[MRMAID,0027]2036dbar, 33degC
1750421566:[MRMAID,0027]2035dbar, 33degC
1750423027:[MRMAID,0027]2033dbar, 33degC
1750423898:[MRMAID,0027]2033dbar, 33degC
1750427536:[MRMAID,0027]2036dbar, 33degC
1750428804:[MRMAID,0027]2036dbar, 33degC
1750430264:[MRMAID,0027]2031dbar, 33degC
1750431516:[MRMAID,0027]2029dbar, 33degC
1750432022:[MRMAID,0027]2030dbar, 33degC
1750432174:[MRMAID,0027]2030dbar, 33degC
1750432729:[MRMAID,0027]2031dbar, 33degC
1750432870:[MRMAID,0005]ascent request rejected
1750433356:[MRMAID,0027]2032dbar, 33degC
1750434477:[MRMAID,0027]2032dbar, 33degC
1750434621:[MRMAID,0005]ascent request rejected
1750435572:[MRMAID,0027]2032dbar, 33degC
1750445077:[MRMAID,0027]2030dbar, 33degC
1750445981:[MRMAID,0027]2028dbar, 33degC
1750446270:[MRMAID,0027]2028dbar, 33degC
1750446484:[MRMAID,0027]2028dbar, 33degC
1750448925:[MRMAID,0027]2025dbar, 33degC
1750449102:[MRMAID,0027]2025dbar, 33degC
1750449228:[MRMAID,0005]ascent request rejected
1750450199:[MRMAID,0027]2031dbar, 33degC
1750450463:[MRMAID,0027]2032dbar, 33degC
1750451431:[MRMAID,0027]2029dbar, 33degC
1750452057:[MRMAID,0027]2027dbar, 33degC
1750452186:[MRMAID,0005]ascent request rejected
1750454067:[MRMAID,0027]2031dbar, 33degC
1750464061:[MRMAID,0027]2027dbar, 33degC
1750467403:[MRMAID,0027]2034dbar, 33degC
1750472320:[MRMAID,0027]2031dbar, 33degC
1750493864:[MRMAID,0027]2033dbar, 33degC
1750497230:[MRMAID,0027]2037dbar, 33degC
1750500725:[MRMAID,0027]2036dbar, 33degC
1750501810:[MRMAID,0027]2036dbar, 33degC
1750501947:[MRMAID,0005]ascent request rejected
1750504277:[MRMAID,0027]2036dbar, 33degC
1750504411:[MRMAID,0005]ascent request rejected
1750504545:[MRMAID,0027]2034dbar, 33degC
1750505402:[MRMAID,0027]2033dbar, 33degC
1750505533:[MRMAID,0005]ascent request rejected
1750507241:[MRMAID,0027]2035dbar, 33degC
1750507760:[MRMAID,0027]2033dbar, 33degC
1750508401:[MRMAID,0027]2032dbar, 33degC
1750508535:[MRMAID,0005]ascent request rejected
1750509471:[MRMAID,0027]2030dbar, 33degC
1750509593:[MRMAID,0027]2030dbar, 33degC
1750510694:[MRMAID,0027]2029dbar, 33degC
1750528724:[MRMAID,0027]2034dbar, 33degC
1750528859:[MRMAID,0005]ascent request rejected
1750532796:[MRMAID,0027]2028dbar, 33degC
1750532931:[MRMAID,0005]ascent request rejected
1750539521:[MRMAID,0027]2034dbar, 33degC
1750539665:[MRMAID,0005]ascent request rejected
1750547563:[MRMAID,0027]2036dbar, 33degC
1750547841:[MRMAID,0027]2036dbar, 33degC
1750551744:[MRMAID,0027]2035dbar, 33degC
1750551879:[MRMAID,0005]ascent request rejected
1750552986:[MRMAID,0027]2033dbar, 33degC
1750555482:[MRMAID,0027]2035dbar, 33degC
1750555740:[MRMAID,0027]2035dbar, 33degC
1750562334:[MRMAID,0027]2037dbar, 33degC
1750562476:[MRMAID,0005]ascent request rejected
1750563837:[MRMAID,0027]2035dbar, 33degC
1750563982:[MRMAID,0005]ascent request rejected
1750570421:[MRMAID,0027]2036dbar, 33degC
1750570557:[MRMAID,0005]ascent request rejected
1750580180:[MRMAID,0027]2034dbar, 33degC
1750580320:[MRMAID,0005]ascent request rejected
1750580499:[MRMAID,0027]2034dbar, 33degC
1750580636:[MRMAID,0005]ascent request rejected
1750580860:[MRMAID,0027]2034dbar, 33degC
1750582454:[MAIN  ,0140]stage[1] complete 27281s after mission start
1750582454:[MRMAID,0003]acq stopped
1750582454:[MAIN  ,0056]stage[2]
1750582457:[MAIN  ,0024]internal pressure 77264Pa
1750582457:[MRMAID,0052]$MEASFS,6916424,172849.155396,40.014219;
1750582458:[BUOY  ,0037]P+203172mbar
1750582459:[BUOY  ,0087]from +0mbar/s to +9mbar/s
1750582459:[BUOY  ,0090]need to transfer -130mL (valve during 3683ms)
1750582459:[VALVE ,0034]valve opening 3683ms
1750582463:[VALVE ,0234]battery 13353mV,  506422uA, P+203152mbar
1750582784:[BUOY  ,0087]from +7mbar/s to +9mbar/s
1750582784:[BUOY  ,0090]need to transfer -52mL (valve during 1464ms)
1750582784:[VALVE ,0034]valve opening 1464ms
1750582786:[VALVE ,0234]battery 13402mV,  500322uA, P+205522mbar
1750583410:[PRESS ,0038]P+211612mbar,T+32767mdegC
1750584059:[PRESS ,0038]P+217852mbar,T+32767mdegC
1750584709:[PRESS ,0038]P+223972mbar,T+32767mdegC
1750585059:[BUOY  ,0087]from +9mbar/s to +6mbar/s
1750585059:[PUMP  ,0378]Outflow calculated : 2694
1750585059:[BUOY  ,0089]need to transfer +72mL (pump during 108434ms)
1750585060:[PUMP  ,0016]pump during 60000ms
1750585119:[PUMP  ,0212]battery 13655mV,  996984uA (steady state), P+227192mbar
1750585361:[PRESS ,0038]P+229852mbar,T+32767mdegC
1750585385:[BUOY  ,0087]from +9mbar/s to +6mbar/s
1750585385:[PUMP  ,0378]Outflow calculated : 2692
1750585385:[BUOY  ,0089]need to transfer +72mL (pump during 108434ms)
1750585387:[PUMP  ,0016]pump during 60000ms
1750585446:[PUMP  ,0212]battery 13616mV,  992104uA (steady state), P+230052mbar
1750586012:[PRESS ,0038]P+235012mbar,T+32767mdegC
1750586361:[BUOY  ,0087]from +8mbar/s to +6mbar/s
1750586361:[PUMP  ,0378]Outflow calculated : 2688
1750586362:[BUOY  ,0089]need to transfer +44mL (pump during 66165ms)
1750586363:[PUMP  ,0016]pump during 60000ms
1750586422:[PUMP  ,0212]battery 13762mV, 1015772uA (steady state), P+237692mbar
1750586988:[PRESS ,0038]P+242112mbar,T+32767mdegC
1750587338:[BUOY  ,0087]from +7mbar/s to +2mbar/s
1750587338:[PUMP  ,0378]Outflow calculated : 2684
1750587338:[BUOY  ,0089]need to transfer +72mL (pump during 108926ms)
1750587339:[PUMP  ,0016]pump during 60000ms
1750587398:[PUMP  ,0212]battery 13813mV, 1038586uA (steady state), P+244542mbar
1750587664:[STAGE ,0213]246472mbar reached at 1750587664s, ref 250000mbar +/-5000mbar
1750587664:[BUOY  ,0087]from +5mbar/s to +0mbar/s
1750587664:[PUMP  ,0378]Outflow calculated : 2682
1750587664:[BUOY  ,0089]need to transfer +40mL (pump during 60514ms)
1750587665:[PUMP  ,0016]pump during 60000ms
1750587724:[PUMP  ,0212]battery 13700mV, 1045296uA (steady state), P+246472mbar
1750587966:[PRESS ,0038]P+247822mbar,T+32767mdegC
1750587990:[BUOY  ,0087]from +4mbar/s to +0mbar/s
1750587990:[PUMP  ,0378]Outflow calculated : 2681
1750587991:[BUOY  ,0089]need to transfer +26mL (pump during 39484ms)
1750587992:[PUMP  ,0016]pump during 39484ms
1750588031:[PUMP  ,0212]battery 13698mV, 1044686uA (steady state), P+247892mbar
1750588317:[BUOY  ,0087]from +3mbar/s to +0mbar/s
1750588317:[PUMP  ,0378]Outflow calculated : 2681
1750588317:[BUOY  ,0089]need to transfer +14mL (pump during 21260ms)
1750588318:[PUMP  ,0016]pump during 21260ms
1750588339:[PUMP  ,0212]battery 13723mV, 1042978uA (steady state), P+248942mbar
1750588943:[BUOY  ,0087]from +2mbar/s to +0mbar/s
1750588943:[PUMP  ,0378]Outflow calculated : 2680
1750588943:[BUOY  ,0089]need to transfer +6mL (pump during 9084ms)
1750588945:[PUMP  ,0016]pump during 9084ms
1750588954:[PUMP  ,0212]battery 13825mV, 1059448uA (steady state), P+250192mbar
1750589270:[BUOY  ,0087]from +2mbar/s to +0mbar/s
1750589270:[PUMP  ,0378]Outflow calculated : 2680
1750589270:[BUOY  ,0089]need to transfer +6mL (pump during 9046ms)
1750589271:[PUMP  ,0016]pump during 9046ms
1750589280:[PUMP  ,0212]battery 13827mV, 1062132uA (steady state), P+250632mbar
1750596800:[MAIN  ,0140]stage[2] complete -23909s after mission start
1750596800:[MAIN  ,0056]stage[3]
1750596802:[MAIN  ,0024]internal pressure 77546Pa
1750596803:[BUOY  ,0037]P+251792mbar
1750596803:[SBE   ,0391]Mode changed from SLEEP to UPDATE
1750596804:[BUOY  ,0087]from +0mbar/s to -10mbar/s
1750596805:[PUMP  ,0378]Outflow calculated : 2679
1750596805:[BUOY  ,0089]need to transfer +160mL (pump during 242057ms)
1750596806:[PUMP  ,0016]pump during 60000ms
1750596808:[SBE   ,0391]Mode changed from UPDATE to START
1750596865:[PUMP  ,0212]battery 13895mV, 1082384uA (steady state), P+251762mbar
1750597131:[BUOY  ,0087]from -5mbar/s to -10mbar/s
1750597131:[PUMP  ,0378]Outflow calculated : 2679
1750597131:[BUOY  ,0089]need to transfer +120mL (pump during 183486ms)
1750597132:[PUMP  ,0016]pump during 60000ms
1750597133:[SBE   ,0384]Start profil acquisitions
1750597133:[SBE   ,0391]Mode changed from START to PROFILING
1750597191:[PUMP  ,0212]battery 13702mV, 1099098uA (steady state), P+250522mbar
1750597457:[BUOY  ,0087]from -4mbar/s to -10mbar/s
1750597457:[PUMP  ,0378]Outflow calculated : 2680
1750597457:[BUOY  ,0089]need to transfer +134mL (pump during 204893ms)
1750597459:[PUMP  ,0016]pump during 60000ms
1750597518:[PUMP  ,0212]battery 13636mV, 1061156uA (steady state), P+248702mbar
1750597784:[BUOY  ,0087]from -6mbar/s to -10mbar/s
1750597784:[PUMP  ,0378]Outflow calculated : 2679
1750597784:[BUOY  ,0089]need to transfer +102mL (pump during 159624ms)
1750597785:[PUMP  ,0016]pump during 60000ms
1750597844:[PUMP  ,0212]battery 13651mV, 1055178uA (steady state), P+246452mbar
1750598110:[BUOY  ,0087]from -7mbar/s to -10mbar/s
1750598110:[PUMP  ,0378]Outflow calculated : 2680
1750598110:[BUOY  ,0089]need to transfer +82mL (pump during 128125ms)
1750598111:[PUMP  ,0016]pump during 60000ms
1750598170:[PUMP  ,0212]battery 13681mV, 1042124uA (steady state), P+244002mbar
1750598412:[PRESS ,0038]P+241582mbar,T+32767mdegC
1750598436:[BUOY  ,0087]from -7mbar/s to -10mbar/s
1750598436:[PUMP  ,0378]Outflow calculated : 2682
1750598436:[BUOY  ,0089]need to transfer +82mL (pump during 128125ms)
1750598438:[PUMP  ,0016]pump during 60000ms
1750598497:[PUMP  ,0212]battery 13696mV, 1038342uA (steady state), P+241392mbar
1750598763:[BUOY  ,0087]from -8mbar/s to -10mbar/s
1750598763:[PUMP  ,0378]Outflow calculated : 2686
1750598763:[BUOY  ,0089]need to transfer +58mL (pump during 88685ms)
1750598764:[PUMP  ,0016]pump during 60000ms
1750598823:[PUMP  ,0212]battery 13711mV, 1025410uA (steady state), P+238622mbar
1750599064:[PRESS ,0038]P+235862mbar,T+32767mdegC
1750599089:[BUOY  ,0087]from -9mbar/s to -10mbar/s
1750599089:[PUMP  ,0378]Outflow calculated : 2688
1750599089:[BUOY  ,0089]need to transfer +30mL (pump during 45828ms)
1750599091:[PUMP  ,0016]pump during 45828ms
1750599136:[PUMP  ,0212]battery 13720mV, 1024068uA (steady state), P+235652mbar
1750599716:[PRESS ,0038]P+229772mbar,T+32767mdegC
1750600065:[BUOY  ,0087]from -9mbar/s to -10mbar/s
1750600065:[PUMP  ,0378]Outflow calculated : 2694
1750600065:[BUOY  ,0089]need to transfer +30mL (pump during 45434ms)
1750600067:[PUMP  ,0016]pump during 45434ms
1750600112:[PUMP  ,0212]battery 13872mV,  987102uA (steady state), P+226562mbar
1750600367:[PRESS ,0038]P+223752mbar,T+32767mdegC
1750600392:[BUOY  ,0087]from -9mbar/s to -10mbar/s
1750600392:[PUMP  ,0378]Outflow calculated : 2696
1750600392:[BUOY  ,0089]need to transfer +30mL (pump during 45401ms)
1750600393:[PUMP  ,0016]pump during 45401ms
1750600438:[PUMP  ,0212]battery 13786mV,  975268uA (steady state), P+223532mbar
1750601018:[PRESS ,0038]P+217192mbar,T+32767mdegC
1750601668:[PRESS ,0038]P+210742mbar,T+32767mdegC
1750602318:[PRESS ,0038]P+204542mbar,T+32767mdegC
1750602343:[BUOY  ,0087]from -9mbar/s to -10mbar/s
1750602343:[PUMP  ,0378]Outflow calculated : 2707
1750602343:[BUOY  ,0089]need to transfer +30mL (pump during 45305ms)
1750602344:[PUMP  ,0016]pump during 45305ms
1750602389:[PUMP  ,0212]battery 13956mV,  909876uA (steady state), P+204322mbar
1750602969:[PRESS ,0038]P+198042mbar,T+32767mdegC
1750603319:[BUOY  ,0087]from -9mbar/s to -10mbar/s
1750603319:[PUMP  ,0378]Outflow calculated : 2713
1750603319:[BUOY  ,0089]need to transfer +30mL (pump during 45233ms)
1750603320:[PUMP  ,0016]pump during 45233ms
1750603365:[PUMP  ,0212]battery 13940mV,  874862uA (steady state), P+194672mbar
1750603620:[PRESS ,0038]P+191662mbar,T+32767mdegC
1750604270:[PRESS ,0038]P+185152mbar,T+32767mdegC
1750604920:[PRESS ,0038]P+178122mbar,T+32767mdegC
1750605570:[PRESS ,0038]P+171072mbar,T+32767mdegC
1750605919:[BUOY  ,0087]from -9mbar/s to -10mbar/s
1750605920:[PUMP  ,0378]Outflow calculated : 2730
1750605920:[BUOY  ,0089]need to transfer +30mL (pump during 44997ms)
1750605921:[PUMP  ,0016]pump during 44997ms
1750605965:[PUMP  ,0212]battery 14015mV,  781654uA (steady state), P+167592mbar
1750606221:[PRESS ,0038]P+164612mbar,T+32767mdegC
1750606246:[BUOY  ,0087]from -9mbar/s to -10mbar/s
1750606246:[PUMP  ,0378]Outflow calculated : 2732
1750606246:[BUOY  ,0089]need to transfer +30mL (pump during 44964ms)
1750606247:[PUMP  ,0016]pump during 44964ms
1750606291:[PUMP  ,0212]battery 13902mV,  767990uA (steady state), P+164382mbar
1750606872:[PRESS ,0038]P+157942mbar,T+32767mdegC
1750607522:[PRESS ,0038]P+151392mbar,T+32767mdegC
1750608172:[PRESS ,0038]P+144772mbar,T+32767mdegC
1750608522:[BUOY  ,0087]from -9mbar/s to -10mbar/s
1750608522:[PUMP  ,0378]Outflow calculated : 2746
1750608522:[BUOY  ,0089]need to transfer +30mL (pump during 44704ms)
1750608523:[PUMP  ,0016]pump during 44704ms
1750608567:[PUMP  ,0212]battery 14041mV,  685762uA (steady state), P+141222mbar
1750608823:[PRESS ,0038]P+138042mbar,T+32767mdegC
1750609473:[PRESS ,0038]P+131312mbar,T+32767mdegC
1750610123:[PRESS ,0038]P+124712mbar,T+32767mdegC
1750610773:[PRESS ,0038]P+118082mbar,T+32767mdegC
1750611422:[PRESS ,0038]P+111302mbar,T+32767mdegC
1750612072:[PRESS ,0038]P+105052mbar,T+32767mdegC
1750612097:[BUOY  ,0087]from -9mbar/s to -10mbar/s
1750612097:[PUMP  ,0378]Outflow calculated : 2768
1750612097:[BUOY  ,0089]need to transfer +30mL (pump during 44431ms)
1750612098:[PUMP  ,0016]pump during 44431ms
1750612142:[PUMP  ,0212]battery 14087mV,  558150uA (steady state), P+104792mbar
1750612423:[BUOY  ,0087]from -9mbar/s to -10mbar/s
1750612423:[PUMP  ,0378]Outflow calculated : 2770
1750612423:[BUOY  ,0089]need to transfer +30mL (pump during 44398ms)
1750612425:[PUMP  ,0016]pump during 44398ms
1750612469:[PUMP  ,0212]battery 14000mV,  552904uA (steady state), P+101702mbar
1750612725:[PRESS ,0038]P +98822mbar,T+32767mdegC
1750613075:[BUOY  ,0087]from -9mbar/s to -10mbar/s
1750613075:[PUMP  ,0378]Outflow calculated : 2773
1750613075:[BUOY  ,0089]need to transfer +30mL (pump during 44515ms)
1750613076:[PUMP  ,0016]pump during 44515ms
1750613120:[PUMP  ,0212]battery 14040mV,  525820uA (steady state), P +95572mbar
1750613376:[PRESS ,0038]P +92612mbar,T+32767mdegC
1750614026:[PRESS ,0038]P +85972mbar,T+32767mdegC
1750614676:[PRESS ,0038]P +79232mbar,T+32767mdegC
1750614701:[BUOY  ,0087]from -9mbar/s to -10mbar/s
1750614701:[PUMP  ,0378]Outflow calculated : 2784
1750614701:[BUOY  ,0089]need to transfer +30mL (pump during 44115ms)
1750614702:[PUMP  ,0016]pump during 44115ms
1750614746:[PUMP  ,0212]battery 14105mV,  470798uA (steady state), P +79012mbar
1750615027:[BUOY  ,0087]from -9mbar/s to -10mbar/s
1750615027:[PUMP  ,0378]Outflow calculated : 2786
1750615027:[BUOY  ,0089]need to transfer +30mL (pump during 44138ms)
1750615028:[PUMP  ,0016]pump during 44138ms
1750615072:[PUMP  ,0212]battery 14047mV,  451034uA (steady state), P +75942mbar
1750615329:[PRESS ,0038]P +72852mbar,T+32767mdegC
1750615978:[PRESS ,0038]P +65762mbar,T+32767mdegC
1750616628:[PRESS ,0038]P +59342mbar,T+32767mdegC
1750617278:[PRESS ,0038]P +52822mbar,T+32767mdegC
1750617303:[BUOY  ,0087]from -9mbar/s to -10mbar/s
1750617303:[PUMP  ,0378]Outflow calculated : 2800
1750617303:[BUOY  ,0089]need to transfer +30mL (pump during 43926ms)
1750617304:[PUMP  ,0016]pump during 43926ms
1750617347:[PUMP  ,0212]battery 14152mV,  375028uA (steady state), P +52602mbar
1750617929:[PRESS ,0038]P +46032mbar,T+32767mdegC
1750618279:[BUOY  ,0087]from -9mbar/s to -10mbar/s
1750618279:[PUMP  ,0378]Outflow calculated : 2806
1750618279:[BUOY  ,0089]need to transfer +30mL (pump during 43817ms)
1750618280:[PUMP  ,0016]pump during 43817ms
1750618323:[PUMP  ,0212]battery 14156mV,  337330uA (steady state), P +42582mbar
1750618581:[PRESS ,0038]P +39422mbar,T+32767mdegC
1750619230:[PRESS ,0038]P +32432mbar,T+32767mdegC
1750619255:[BUOY  ,0087]from -9mbar/s to -10mbar/s
1750619255:[PUMP  ,0378]Outflow calculated : 2812
1750619255:[BUOY  ,0089]need to transfer +30mL (pump during 43694ms)
1750619257:[PUMP  ,0016]pump during 43694ms
1750619300:[PUMP  ,0212]battery 14181mV,  296582uA (steady state), P +32202mbar
1750619882:[PRESS ,0038]P +25692mbar,T+32767mdegC
1750620531:[PRESS ,0038]P +18942mbar,T+32767mdegC
1750621181:[PRESS ,0038]P +12242mbar,T+32767mdegC
1750621831:[PRESS ,0038]P  +5782mbar,T+32767mdegC
1750621856:[BUOY  ,0087]from -8mbar/s to -10mbar/s
1750621856:[PUMP  ,0378]Outflow calculated : 2829
1750621856:[BUOY  ,0089]need to transfer +58mL (pump during 83815ms)
1750621857:[PUMP  ,0016]pump during 60000ms
1750621916:[PUMP  ,0212]battery 14258mV,  191052uA (steady state), P  +5592mbar
1750622182:[BUOY  ,0087]from -6mbar/s to -10mbar/s
1750622182:[PUMP  ,0378]Outflow calculated : 2830
1750622182:[BUOY  ,0089]need to transfer +102mL (pump during 147399ms)
1750622184:[PUMP  ,0016]pump during 60000ms
1750622243:[PUMP  ,0212]battery 14237mV,  183976uA (steady state), P  +2722mbar
1750622484:[PRESS ,0038]P   +112mbar,T+32767mdegC
1750622509:[STAGE ,0214]-108mbar (500) reached at 1750622509s, ascending from 251792mbar
1750622509:[STAGE ,0342]The float reached the surface : OK
1750622509:[MAIN  ,0140]stage[3] complete 1800s after mission start
1750622510:[SBE   ,0391]Mode changed from PROFILING to SLEEP
1750622511:[SBE   ,0391]Mode changed from SLEEP to STOP
1750622711:[SBE   ,0382]<ERR>Task 5 return -20
1750622711:[SBEx1 ,0138]<WARN>Do not answer several times restart it
1750622921:[SBE   ,0382]<ERR>Task 5 return -20
1750622921:[SBEx1 ,0138]<WARN>Do not answer several times restart it
1750623131:[SBE   ,0382]<ERR>Task 5 return -20
1750623131:[SBEx1 ,0138]<WARN>Do not answer several times restart it
1750623141:[SBE   ,0391]Mode changed from STOP to SLEEP
1750623141:[MRMAID,0188]acq already stopped
1750623142:[MSSION,0192]mission stopped, 4 stage(s) done
1750623142:[MAIN  ,0065]surfacing
1750623144:[SURFIN,0036]P   -188mbar
1750623146:[SURFIN,0020]filling external bladder
1750623147:[PUMP  ,0016]pump during 30000ms
1750623176:[PUMP  ,0212]battery 13955mV, 1309792uA (steady state), P   -178mbar
1750623193:[PUMP  ,0016]pump during 30000ms
1750623222:[PUMP  ,0212]battery 14648mV,   23912uA (steady state), P   -178mbar
1750623239:[PUMP  ,0016]pump during 30000ms
1750623262:[PUMP  ,0212]battery 14561mV,   24034uA (steady state), P   -178mbar
1750623263:[PUMP  ,0019]external bladder full
1750623325:[MAIN  ,0272]Vbat 14661mV (min 13841mV)
1750623327:[MAIN  ,0024]internal pressure 76685Pa
1750623327:[MAIN  ,0043]Pext 211mbar (rng 50mbar)
1750623327:[MAIN  ,0064]surface
1750623339:[SURF  ,0022]GPS fix...
1750623434:[SURF  ,0015]10 PPS detected...
1750623436:[MRMAID,0052]$GPSACK:+0,+0,+0,+0,+0,-1,-475036;
1750623446:[MRMAID,0052]$GPSOFF:3686330;
1750623448:[GPSFIX,0179]-12s diff
1750623460:[SURF  ,0222]2025-06-22T20:17:40
1750623460:[SURF  ,0082]N31deg48.829mn, E134deg46.200mn
1750623460:[SURF  ,0084]hdop 1.620, vdop 2.300
1750623470:[SURF  ,0274]last almanac : 5178698
1750623771:[MRMAID,0026]116160 bytes in 0100/685864F3.MER
1750623777:[MAIN  ,0320]New pressure offset: 211mbar
1750623778:[SBE   ,0391]Mode changed from SLEEP to RESETOFFSET
1750623788:[SBE   ,0358]<ERR>Wake up failed during routine N[4]
1750623788:[SBE   ,0382]<ERR>Task 7 return -20
1750623788:[SBEx1 ,0138]<WARN>Do not answer several times restart it
1750623808:[SBE   ,0358]<ERR>Wake up failed during routine N[4]
1750623808:[SBE   ,0382]<ERR>Task 7 return -20
1750623808:[SBEx1 ,0138]<WARN>Do not answer several times restart it
1750623828:[SBE   ,0358]<ERR>Wake up failed during routine N[4]
1750623828:[SBE   ,0382]<ERR>Task 7 return -20
1750623828:[SBEx1 ,0138]<WARN>Do not answer several times restart it
1750623838:[SBE   ,0391]Mode changed from RESETOFFSET to SLEEP
1750623838:[MAIN  ,0078]*** switching to 0100/6858665E ***
