1692533066:[MAIN  ,0007]buoy 467.174-T-0100
1692533066:[MAIN  ,0055]soft pilotage 467.174.300_V2.67-20230503
1692533066:[MAIN  ,0010]cycle 8
1692533066:[SURF  ,0225]surface2
1692533080:[SURF  ,0022]GPS fix...
1692533100:[SURF  ,0015]10 PPS detected...
1692533101:[MRMAID,0052]$GPSACK:+0,+0,+0,+0,+0,+1,-999969;
1692533111:[MRMAID,0052]$GPSOFF:3686331;
1692533113:[GPSFIX,0179]-1s diff
1692533114:[SURF  ,0222]2023-08-20T12:05:14
1692533114:[SURF  ,0082]N30deg26.216mn, E141deg26.251mn
1692533114:[SURF  ,0084]hdop 1.490, vdop 1.890
1692533124:[SURF  ,0025]Iridium...
1692533330:[SURF  ,0023]<WARN>failed to connect #1, code -8, net 1, qual 4, dial 1
1692533380:[SURF  ,0009]connected in 256s, signal quality 5
1692533441:[SURF  ,0071]<WARN>timeout
1692533441:[SURF  ,0056]<WARN>peer mute
1692533446:[SURF  ,0014]disconnected after 322s
1692533451:[SURFIN,0020]filling external bladder
1692533452:[PUMP  ,0019]external bladder full
1692533452:[SURF  ,0069]transfer interrupted , retry
1692533464:[SURF  ,0022]GPS fix...
1692533484:[SURF  ,0015]10 PPS detected...
1692533485:[MRMAID,0052]$GPSACK:+0,+0,+0,+0,+0,+0,-30;
1692533495:[MRMAID,0052]$GPSOFF:3686331;
1692533498:[GPSFIX,0179]+0s diff
1692533498:[SURF  ,0222]2023-08-20T12:11:38
1692533498:[SURF  ,0082]N30deg26.326mn, E141deg26.140mn
1692533498:[SURF  ,0084]hdop 0.900, vdop 1.240
1692533508:[SURF  ,0025]Iridium...
1692533720:[SURF  ,0023]<WARN>failed to connect #1, code -8, net 1, qual 5, dial 1
1692533940:[SURF  ,0023]<WARN>failed to connect #2, code -8, net 1, qual 5, dial 1
1692533997:[SURF  ,0009]connected in 489s, signal quality 3
1692534289:[SURF  ,0218]prompt received, remote cmd end
1692534289:[SURF  ,0012]127 cmd(s) received
1692534310:[UPLOAD,0248]Upload data files...
1692534350:[UPLOAD,0231]"0100/64E18652.S61" uploaded at 110bytes/s
1692535622:[SURF  ,0014]disconnected after 2114s
1692535627:[SURFIN,0020]filling external bladder
1692535628:[PUMP  ,0016]pump during 30000ms
1692535631:[PUMP  ,0212]battery 14750mV, 1040538uA (steady state), P   +270mbar
1692535631:[PUMP  ,0019]external bladder full
1692535631:[SURF  ,0069]transfer interrupted , retry
1692535642:[SURF  ,0022]GPS fix...
1692535663:[SURF  ,0015]10 PPS detected...
1692535664:[MRMAID,0052]$GPSACK:+0,+0,+0,+0,+0,+1,-999450;
1692535674:[MRMAID,0052]$GPSOFF:3686329;
1692535675:[GPSFIX,0179]-1s diff
1692535676:[SURF  ,0222]2023-08-20T12:47:56
1692535676:[SURF  ,0082]N30deg26.955mn, E141deg25.521mn
1692535676:[SURF  ,0084]hdop 0.690, vdop 1.210
1692535686:[SURF  ,0025]Iridium...
1692535721:[SURF  ,0009]connected in 35s, signal quality 5
1692535745:[SURF  ,0218]prompt received, remote cmd end
1692535745:[SURF  ,0012]0 cmd(s) received
1692535760:[UPLOAD,0248]Upload data files...
1692535801:[UPLOAD,0131]<ERR>opening upload
1692535801:[UPLOAD,0132]<ERR>opening upload "0100"
1692535817:[SURF  ,0014]disconnected after 131s
1692535822:[SURFIN,0020]filling external bladder
1692535823:[PUMP  ,0019]external bladder full
1692535823:[SURF  ,0069]transfer interrupted , retry
1692535835:[SURF  ,0022]GPS fix...
1692535855:[SURF  ,0015]10 PPS detected...
1692535856:[MRMAID,0052]$GPSACK:+0,+0,+0,+0,+0,+0,-30;
1692535866:[MRMAID,0052]$GPSOFF:3686329;
1692535868:[GPSFIX,0179]-1s diff
1692535869:[SURF  ,0222]2023-08-20T12:51:09
1692535869:[SURF  ,0082]N30deg27.011mn, E141deg25.470mn
1692535869:[SURF  ,0084]hdop 0.670, vdop 1.240
1692535879:[SURF  ,0025]Iridium...
1692535911:[SURF  ,0009]connected in 32s, signal quality 5
1692535938:[SURF  ,0218]prompt received, remote cmd end
1692535938:[SURF  ,0012]0 cmd(s) received
1692535954:[UPLOAD,0248]Upload data files...
1692535994:[UPLOAD,0131]<ERR>opening upload
1692535994:[UPLOAD,0132]<ERR>opening upload "0100"
1692536010:[SURF  ,0014]disconnected after 131s
1692536015:[SURFIN,0020]filling external bladder
1692536017:[PUMP  ,0019]external bladder full
1692536017:[SURF  ,0069]transfer interrupted , retry
1692536028:[SURF  ,0022]GPS fix...
1692536048:[SURF  ,0015]10 PPS detected...
1692536049:[MRMAID,0052]$GPSACK:+0,+0,+0,+0,+0,+0,-30;
1692536059:[MRMAID,0052]$GPSOFF:3686329;
1692536061:[GPSFIX,0179]-1s diff
1692536062:[SURF  ,0222]2023-08-20T12:54:22
1692536062:[SURF  ,0082]N30deg27.069mn, E141deg25.419mn
1692536062:[SURF  ,0084]hdop 0.720, vdop 1.300
1692536072:[SURF  ,0025]Iridium...
1692536138:[SURF  ,0009]connected in 66s, signal quality 5
1692536197:[SURF  ,0071]<WARN>timeout
1692536197:[SURF  ,0056]<WARN>peer mute
1692536202:[SURF  ,0014]disconnected after 130s
1692536207:[SURFIN,0020]filling external bladder
1692536208:[PUMP  ,0019]external bladder full
1692536208:[SURF  ,0069]transfer interrupted , retry
1692536220:[SURF  ,0022]GPS fix...
1692536240:[SURF  ,0015]10 PPS detected...
1692536241:[MRMAID,0052]$GPSACK:+0,+0,+0,+0,+0,+0,+0;
1692536251:[MRMAID,0052]$GPSOFF:3686329;
1692536253:[GPSFIX,0179]-1s diff
1692536254:[SURF  ,0222]2023-08-20T12:57:34
1692536254:[SURF  ,0082]N30deg27.128mn, E141deg25.370mn
1692536254:[SURF  ,0084]hdop 0.700, vdop 1.340
1692536264:[SURF  ,0025]Iridium...
1692536324:[SURF  ,0009]connected in 60s, signal quality 4
1692536420:[SURF  ,0218]prompt received, remote cmd end
1692536420:[SURF  ,0012]30 cmd(s) received
1692536442:[UPLOAD,0248]Upload data files...
1692536986:[SURF  ,0014]disconnected after 722s
1692536991:[SURFIN,0020]filling external bladder
1692536992:[PUMP  ,0016]pump during 30000ms
1692536994:[PUMP  ,0019]external bladder full
1692536994:[SURF  ,0069]transfer interrupted , retry
1692537006:[SURF  ,0022]GPS fix...
1692537026:[SURF  ,0015]10 PPS detected...
1692537027:[MRMAID,0052]$GPSACK:+0,+0,+0,+0,+0,+1,-999938;
1692537037:[MRMAID,0052]$GPSOFF:3686328;
1692537039:[GPSFIX,0179]-1s diff
1692537040:[SURF  ,0222]2023-08-20T13:10:40
1692537040:[SURF  ,0082]N30deg27.359mn, E141deg25.178mn
1692537040:[SURF  ,0084]hdop 0.730, vdop 1.500
1692537050:[SURF  ,0025]Iridium...
1692537050:[MODEM ,0347]<ERR>ping error
1692537051:[SURF  ,0023]<WARN>failed to connect #1, code -1, net -1, qual -1, dial -1
1692537058:[MODEM ,0347]<ERR>ping error
1692537058:[SURF  ,0023]<WARN>failed to connect #2, code -1, net -1, qual -1, dial -1
1692537293:[SURF  ,0023]<WARN>failed to connect #3, code -8, net 1, qual 5, dial 1
1692537360:[SURF  ,0009]connected in 310s, signal quality 4
1692537484:[SURF  ,0218]prompt received, remote cmd end
1692537484:[SURF  ,0012]21 cmd(s) received
1692537508:[UPLOAD,0248]Upload data files...
1692537800:[SURF  ,0014]disconnected after 750s
1692537805:[SURFIN,0020]filling external bladder
1692537806:[PUMP  ,0019]external bladder full
1692537806:[SURF  ,0069]transfer interrupted , retry
1692537818:[SURF  ,0022]GPS fix...
1692537838:[SURF  ,0015]10 PPS detected...
1692537839:[MRMAID,0052]$GPSACK:+0,+0,+0,+0,+0,+0,-61;
1692537849:[MRMAID,0052]$GPSOFF:3686328;
1692537851:[GPSFIX,0179]-1s diff
1692537852:[SURF  ,0222]2023-08-20T13:24:12
1692537852:[SURF  ,0082]N30deg27.586mn, E141deg24.981mn
1692537852:[SURF  ,0084]hdop 0.650, vdop 1.180
1692537862:[SURF  ,0025]Iridium...
1692537897:[SURF  ,0009]connected in 35s, signal quality 5
1692538034:[SURF  ,0218]prompt received, remote cmd end
1692538034:[SURF  ,0012]22 cmd(s) received
1692538059:[UPLOAD,0248]Upload data files...
1692538401:[UPLOAD,0231]"0100/64E1FFE3.MER" uploaded at 84bytes/s
1692538722:[SURF  ,0014]disconnected after 860s
1692538727:[SURFIN,0020]filling external bladder
1692538728:[PUMP  ,0019]external bladder full
1692538728:[SURF  ,0069]transfer interrupted , retry
1692538739:[SURF  ,0022]GPS fix...
1692538760:[SURF  ,0015]10 PPS detected...
1692538761:[MRMAID,0052]$GPSACK:+0,+0,+0,+0,+0,+1,-999938;
1692538771:[MRMAID,0052]$GPSOFF:3686327;
1692538773:[GPSFIX,0179]-1s diff
1692538774:[SURF  ,0222]2023-08-20T13:39:34
1692538774:[SURF  ,0082]N30deg27.837mn, E141deg24.761mn
1692538774:[SURF  ,0084]hdop 0.630, vdop 1.210
1692538784:[SURF  ,0025]Iridium...
1692538827:[SURF  ,0009]connected in 43s, signal quality 5
1692538964:[SURF  ,0218]prompt received, remote cmd end
1692538964:[SURF  ,0012]22 cmd(s) received
1692538984:[UPLOAD,0248]Upload data files...
1692539074:[UPLOAD,0231]"0100/64D4AE7E.BIN" uploaded at 140bytes/s
1692539091:[MAIN  ,0013]1 file(s) uploaded
1692539123:[SURF  ,0014]disconnected after 339s
1692539129:[SURF  ,0227]1st complete transfer
1692539129:[SURF  ,0226]Go dive
1692539140:[SURF  ,0022]GPS fix...
1692539160:[SURF  ,0015]10 PPS detected...
1692539161:[MRMAID,0052]$GPSACK:+0,+0,+0,+0,+0,+0,-61;
1692539171:[MRMAID,0052]$GPSOFF:3686327;
1692539173:[GPSFIX,0179]-1s diff
1692539174:[SURF  ,0222]2023-08-20T13:46:14
1692539174:[SURF  ,0082]N30deg27.953mn, E141deg24.670mn
1692539174:[SURF  ,0084]hdop 0.600, vdop 1.120
1692539191:[MAIN  ,0024]internal pressure 77656Pa
1692539192:[BYCMD ,0120]    bypass 20000ms 120000ms (20000ms 60000ms stored)
1692539192:[BYCMD ,0121]    valve 60000ms 12750 (60000ms 12750 stored)
1692539192:[BYCMD ,0376]    pump 60000ms 2832 8320 418 (60000ms 2832 8320 418 stored)
1692539192:[BYCMD ,0123]    rate 2mbar/s (2mbar/s stored)
1692539192:[BYCMD ,0124]    surface 500mbar (500mbar stored)
1692539192:[BYCMD ,0173]    near 7000mbar 2:2:3mbar/s (15000mbar 2:2:3mbar/s stored)
1692539192:[BYCMD ,0380]    middle 6mbar/s (6mbar/s stored)
1692539192:[BYCMD ,0126]    far 25000mbar 9mbar/s (25000mbar 9mbar/s stored)
1692539192:[BYCMD ,0127]    ascent 10mbar/s (10mbar/s stored)
1692539192:[BYCMD ,0128]    dead 300s (300s stored)
1692539192:[BYCMD ,0129]    coeff 16/10 (16/10 stored)
1692539192:[BYCMD ,0130]    stab 10 (10 stored)
1692539192:[BYCMD ,0131]    delay 900s 18000s (900s 3600s stored)
1692539192:[BYCMD ,0132]    mmtime 14400min (2880min stored)
1692539192:[BYCMD ,0133]    dv_landing 100ml (100ml stored)
1692539192:[BYCMD ,0381]    landing confirmation 5 (5 stored)
1692539192:[BYCMD ,0379]    cycle nb 1 (1 stored)
1692539192:[P2TCMD,0150]    p2t37: 15x2000ms, offset 267mbar
1692539193:[P2TCMD,0151]    p2t37: dp 5000mbar, dt 1000000mdegC
1692539193:[STAGE ,0080]Stage [0] 200000mbar (+/-5000mbar) 25200s (<25200s) 
1692539193:[STAGE ,0080]Stage [1] 200000mbar (+/-5000mbar) 788400s (<813600s) MERMAID SBE61 
1692539193:[PROFIL,0302]    manual_profil=1
1692539193:[PROFIL,0303]    manual_profil_rate=1 hours
1692539193:[STAGE ,0080]Stage [2] 300000mbar (+/-5000mbar) 14400s (<828000s) 
1692539193:[STAGE ,0091]Stage [3] surfacing 36000s (<864000s) SBE61 
1692539193:[PROFIL,0284]    speed_detection=1
1692539193:[PROFIL,0285]    bin_average_output=1
1692539193:[PROFIL,0287]    include_transition_bin=1
1692539193:[PROFIL,0304]    include_nbin=1
1692539193:[PROFIL,0301]    load_test_sample=0
1692539193:[PROFIL,0288]    p_cut_off=2dbar
1692539193:[PROFIL,0289]    top_bin_interval=2dbar
1692539193:[PROFIL,0290]    top_bin_size=2dbar
1692539193:[PROFIL,0291]    top_bin_max=500dbar
1692539193:[PROFIL,0292]    middle_bin_interval=10dbar
1692539193:[PROFIL,0293]    middle_bin_size=10dbar
1692539193:[PROFIL,0294]    middle_bin_max=3000dbar
1692539193:[PROFIL,0295]    bottom_bin_interval=50dbar
1692539193:[PROFIL,0296]    bottom_bin_size=50dbar
1692539193:[PROFIL,0297]    pump_time=0s
1692539193:[PROFIL,0298]    speed_start=2mbar/s
1692539193:[PROFIL,0299]    speed_control=10mbar/s
1692539193:[MAIN  ,0070]turn off bluetooth
1692539221:[DIVING,0141]diving from -37mbar, +0mbar/s
1692539221:[BYPASS,0035]bypass opening 120000ms
1692539226:[BYPASS,0104]battery 15005mV,  251442uA (bypass opening), P    -37mbar
1692539351:[BYPASS,0106]battery 15061mV,  301584uA (bypass closing), P    -37mbar
1692539377:[BYPASS,0035]bypass opening 20000ms
1692539382:[BYPASS,0104]battery 15081mV,  251320uA (bypass opening), P   -237mbar
1692539408:[BYPASS,0106]battery 15067mV,  300364uA (bypass closing), P   -237mbar
1692539434:[BYPASS,0035]bypass opening 20000ms
1692539439:[BYPASS,0104]battery 15088mV,  257542uA (bypass opening), P   -217mbar
1692539464:[BYPASS,0106]battery 15072mV,  299388uA (bypass closing), P   -217mbar
1692539559:[DIVING,0028]493mbar reached (+7mbar/s), 3 bypass done
1692539559:[MAIN  ,0056]stage[0]
1692539562:[MAIN  ,0024]internal pressure 82482Pa
1692539562:[BUOY  ,0037]P   +533mbar
1692539564:[BUOY  ,0087]from +7mbar/s to +9mbar/s
1692539564:[BUOY  ,0090]need to transfer -52mL (valve during 28826ms)
1692539564:[VALVE ,0034]valve opening 28826ms
1692539593:[VALVE ,0234]battery 15043mV,  495076uA, P   +553mbar
1692540214:[BUOY  ,0087]from +7mbar/s to +9mbar/s
1692540214:[BUOY  ,0090]need to transfer -52mL (valve during 9338ms)
1692540214:[VALVE ,0034]valve opening 9338ms
1692540224:[VALVE ,0234]battery 15146mV,  498370uA, P  +5093mbar
1692540539:[BUOY  ,0087]from +6mbar/s to +9mbar/s
1692540539:[BUOY  ,0090]need to transfer -72mL (valve during 10929ms)
1692540539:[VALVE ,0034]valve opening 10929ms
1692540550:[VALVE ,0234]battery 15162mV,  498614uA, P  +7173mbar
1692540840:[PRESS ,0038]P  +9623mbar,T+32767mdegC
1692541500:[PRESS ,0038]P +14633mbar,T+32767mdegC
1692541514:[BUOY  ,0087]from +6mbar/s to +9mbar/s
1692541514:[BUOY  ,0090]need to transfer -72mL (valve during 7587ms)
1692541514:[VALVE ,0034]valve opening 7587ms
1692541522:[VALVE ,0234]battery 15205mV,  500688uA, P +14713mbar
1692542139:[PRESS ,0038]P +20233mbar,T+32767mdegC
1692542789:[PRESS ,0038]P +25993mbar,T+32767mdegC
1692543139:[BUOY  ,0087]from +7mbar/s to +9mbar/s
1692543139:[BUOY  ,0090]need to transfer -52mL (valve during 3923ms)
1692543139:[VALVE ,0034]valve opening 3923ms
1692543143:[VALVE ,0234]battery 15217mV,  502518uA, P +28623mbar
1692543439:[PRESS ,0038]P +31333mbar,T+32767mdegC
1692544089:[PRESS ,0038]P +37213mbar,T+32767mdegC
1692544739:[PRESS ,0038]P +42973mbar,T+32767mdegC
1692545389:[PRESS ,0038]P +49153mbar,T+32767mdegC
1692546038:[PRESS ,0038]P +54713mbar,T+32767mdegC
1692546688:[PRESS ,0038]P +60563mbar,T+32767mdegC
1692547354:[PRESS ,0038]P +65573mbar,T+32767mdegC
1692547363:[BUOY  ,0087]from +7mbar/s to +9mbar/s
1692547363:[BUOY  ,0090]need to transfer -52mL (valve during 2590ms)
1692547363:[VALVE ,0034]valve opening 2590ms
1692547365:[VALVE ,0234]battery 15192mV,  508496uA, P +65623mbar
1692547988:[PRESS ,0038]P +71423mbar,T+32767mdegC
1692548638:[PRESS ,0038]P +77323mbar,T+32767mdegC
1692549288:[PRESS ,0038]P +83903mbar,T+32767mdegC
1692549937:[PRESS ,0038]P +90363mbar,T+32767mdegC
1692550287:[BUOY  ,0087]from +7mbar/s to +9mbar/s
1692550287:[BUOY  ,0090]need to transfer -52mL (valve during 2181ms)
1692550287:[VALVE ,0034]valve opening 2181ms
1692550289:[VALVE ,0234]battery 15148mV,  513864uA, P +93023mbar
1692550587:[PRESS ,0038]P +95613mbar,T+32767mdegC
1692551237:[PRESS ,0038]P+101493mbar,T+32767mdegC
1692551887:[PRESS ,0038]P+107883mbar,T+32767mdegC
1692552537:[PRESS ,0038]P+114423mbar,T+32767mdegC
1692553186:[PRESS ,0038]P+120753mbar,T+32767mdegC
1692553836:[PRESS ,0038]P+126603mbar,T+32767mdegC
1692554486:[PRESS ,0038]P+132343mbar,T+32767mdegC
1692555136:[PRESS ,0038]P+137503mbar,T+32767mdegC
1692555161:[BUOY  ,0087]from +7mbar/s to +9mbar/s
1692555161:[BUOY  ,0090]need to transfer -52mL (valve during 1787ms)
1692555161:[VALVE ,0034]valve opening 1787ms
1692555163:[VALVE ,0234]battery 15046mV,  519720uA, P+137663mbar
1692555786:[PRESS ,0038]P+143263mbar,T+32767mdegC
1692556436:[PRESS ,0038]P+148963mbar,T+32767mdegC
1692557085:[PRESS ,0038]P+154783mbar,T+32767mdegC
1692557735:[PRESS ,0038]P+160973mbar,T+32767mdegC
1692558385:[PRESS ,0038]P+167133mbar,T+32767mdegC
1692559035:[PRESS ,0038]P+173243mbar,T+32767mdegC
1692559685:[PRESS ,0038]P+178863mbar,T+32767mdegC
1692560034:[BUOY  ,0087]from +9mbar/s to +6mbar/s
1692560034:[PUMP  ,0378]Outflow calculated : 2725
1692560034:[BUOY  ,0089]need to transfer +72mL (pump during 102857ms)
1692560036:[PUMP  ,0016]pump during 60000ms
1692560095:[PUMP  ,0212]battery 14752mV,  820572uA (steady state), P+181723mbar
1692560336:[PRESS ,0038]P+183873mbar,T+32767mdegC
1692560361:[BUOY  ,0087]from +8mbar/s to +6mbar/s
1692560361:[PUMP  ,0378]Outflow calculated : 2722
1692560361:[BUOY  ,0089]need to transfer +44mL (pump during 64327ms)
1692560362:[PUMP  ,0016]pump during 60000ms
1692560421:[PUMP  ,0212]battery 14671mV,  850340uA (steady state), P+184083mbar
1692561312:[PRESS ,0038]P+189863mbar,T+32767mdegC
1692561987:[BUOY  ,0087]from +6mbar/s to +2mbar/s
1692561987:[PUMP  ,0378]Outflow calculated : 2718
1692561987:[BUOY  ,0089]need to transfer +52mL (pump during 74928ms)
1692561988:[PUMP  ,0016]pump during 60000ms
1692562047:[PUMP  ,0212]battery 14767mV,  876814uA (steady state), P+193743mbar
1692562288:[PRESS ,0038]P+195343mbar,T+32767mdegC
1692562313:[STAGE ,0213]195473mbar reached at 1692562313s, ref 200000mbar +/-5000mbar
1692562313:[BUOY  ,0087]from +5mbar/s to +0mbar/s
1692562313:[PUMP  ,0378]Outflow calculated : 2717
1692562313:[BUOY  ,0089]need to transfer +40mL (pump during 57637ms)
1692562314:[PUMP  ,0016]pump during 57637ms
1692562371:[PUMP  ,0212]battery 14622mV,  877424uA (steady state), P+195473mbar
1692562639:[BUOY  ,0087]from +5mbar/s to +0mbar/s
1692562639:[PUMP  ,0378]Outflow calculated : 2714
1692562639:[BUOY  ,0089]need to transfer +40mL (pump during 58910ms)
1692562641:[PUMP  ,0016]pump during 58910ms
1692562699:[PUMP  ,0212]battery 14590mV,  880840uA (steady state), P+196753mbar
1692564767:[MAIN  ,0140]stage[0] complete 25208s after mission start
1692564767:[MAIN  ,0056]stage[1]
1692564769:[MAIN  ,0024]internal pressure 77869Pa
1692564770:[MRMAID,0002]acq started
1692564771:[BUOY  ,0037]P+196843mbar
1692564771:[SBE   ,0391]Mode changed from SLEEP to UPDATE
1692564773:[STAGE ,0213]196823mbar reached at 1692564773s, ref 200000mbar +/-5000mbar
1692564775:[SBE   ,0391]Mode changed from UPDATE to START
1692564775:[SBE   ,0385]Start manual acquisitions
1692564776:[SBE   ,0391]Mode changed from START to PROFILING
1692564810:[SBE61 ,0396]P +19714,T +19324,S +34585
1692564821:[MRMAID,0184]acq already started
1692564824:[MRMAID,0059]stop canceled
1692568384:[MRMAID,0003]acq stopped
1692568384:[MRMAID,0052]$MEASFS,142480,3560.741486,40.014138;
1692568419:[SBE61 ,0396]P +19636,T +19327,S +34585
1692568420:[MRMAID,0002]acq started
1692571993:[MRMAID,0052]$STOPA$MEASFS,140868,3520.453766,40.014160;
1692571995:[MRMAID,0185]6 spurious byte(s) received
1692572029:[SBE61 ,0396]P +19765,T +19323,S +34585
1692572030:[MRMAID,0002]acq started
1692575593:[MRMAID,0003]acq stopped
1692575593:[MRMAID,0052]$MEASFS,140458,3510.205963,40.014176;
1692575628:[SBE61 ,0396]P +19794,T +19336,S +34585
1692575630:[MRMAID,0002]acq started
1692579202:[MRMAID,0003]acq stopped
1692579203:[MRMAID,0052]$MEASFS,140858,3520.201324,40.014189;
1692579238:[SBE61 ,0396]P +19776,T +19250,S +34587
1692579239:[MRMAID,0002]acq started
1692582802:[MRMAID,0003]acq stopped
1692582802:[MRMAID,0052]$MEASFS,140459,3510.229034,40.014198;
1692582838:[SBE61 ,0396]P +19876,T +19171,S +34589
1692582839:[MRMAID,0002]acq started
1692586402:[MRMAID,0003]acq stopped
1692586402:[MRMAID,0052]$MEASFS,140469,3510.478332,40.014205;
1692586437:[SBE61 ,0396]P +19821,T +19122,S +34588
1692586438:[MRMAID,0002]acq started
1692590011:[MRMAID,0003]acq stopped
1692590011:[MRMAID,0052]$MEASFS,140858,3520.199432,40.014210;
1692590047:[SBE61 ,0396]P +19881,T +18917,S +34592
1692590048:[MRMAID,0002]acq started
1692593611:[MRMAID,0003]acq stopped
1692593611:[MRMAID,0052]$MEASFS,140458,3510.202546,40.014215;
1692593646:[SBE61 ,0396]P +19895,T +18914,S +34592
1692593648:[MRMAID,0002]acq started
1692597211:[MRMAID,0003]acq stopped
1692597211:[MRMAID,0052]$MEASFS,140458,3510.202240,40.014219;
1692597246:[SBE61 ,0396]P +20021,T +18900,S +34593
1692597247:[MRMAID,0002]acq started
1692600820:[MRMAID,0003]acq stopped
1692600820:[MRMAID,0052]$MEASFS,140857,3520.173462,40.014221;
1692600856:[SBE61 ,0396]P +20064,T +18985,S +34592
1692600857:[MRMAID,0002]acq started
1692601091:[PRESS ,0038]P+200543mbar,T+32767mdegC
1692604420:[MRMAID,0003]acq stopped
1692604420:[MRMAID,0052]$MEASFS,140460,3510.251801,40.014223;
1692604455:[SBE61 ,0396]P +19984,T +19055,S +34590
1692604457:[MRMAID,0002]acq started
1692608029:[MRMAID,0003]acq stopped
1692608030:[MRMAID,0052]$MEASFS,140859,3520.223114,40.014225;
1692608065:[SBE61 ,0396]P +20075,T +19112,S +34589
1692608066:[MRMAID,0002]acq started
1692611629:[MRMAID,0003]acq stopped
1692611629:[MRMAID,0052]$MEASFS,140460,3510.251556,40.014226;
1692611665:[SBE61 ,0396]P +20106,T +19079,S +34590
1692611666:[MRMAID,0002]acq started
1692615229:[MRMAID,0003]acq stopped
1692615229:[MRMAID,0052]$MEASFS,140459,3510.226471,40.014227;
1692615264:[SBE61 ,0396]P +20112,T +19141,S +34589
1692615265:[MRMAID,0002]acq started
1692618838:[MRMAID,0003]acq stopped
1692618838:[MRMAID,0052]$MEASFS,140858,3520.197876,40.014228;
1692618874:[SBE61 ,0396]P +20106,T +19203,S +34587
1692618875:[MRMAID,0002]acq started
1692622438:[MRMAID,0003]acq stopped
1692622438:[MRMAID,0052]$MEASFS,140459,3510.226379,40.014228;
1692622473:[SBE61 ,0396]P +20137,T +19183,S +34588
1692622475:[MRMAID,0002]acq started
1692625403:[BUOY  ,0087]from -1mbar/s to +0mbar/s
1692625403:[BUOY  ,0090]need to transfer -2mL (valve during 57ms)
1692625403:[MRMAID,0003]acq stopped
1692625403:[MRMAID,0052]$MEASFS,115065,2875.602081,40.014229;
1692625404:[VALVE ,0034]valve opening 57ms
1692625415:[MRMAID,0002]acq started
1692626038:[MRMAID,0003]acq stopped
1692626040:[BUOY  ,0087]from +2mbar/s to +0mbar/s
1692626040:[PUMP  ,0378]Outflow calculated : 2714
1692626040:[BUOY  ,0089]need to transfer +6mL (pump during 8665ms)
1692626040:[SBE   ,0358]<ERR>Wake up failed during routine N[5]
1692626040:[SBEx1 ,0138]<WARN>Do not answer several times restart it
1692626041:[PUMP  ,0016]pump during 8665ms
1692626049:[PUMP  ,0212]battery 14586mV,  910364uA (steady state), P+200243mbar
1692626085:[SBE61 ,0396]P +20058,T +18985,S +34591
1692626086:[MRMAID,0002]acq started
1692626366:[BUOY  ,0087]from +2mbar/s to +0mbar/s
1692626366:[PUMP  ,0378]Outflow calculated : 2713
1692626366:[BUOY  ,0089]need to transfer +6mL (pump during 8668ms)
1692626366:[MRMAID,0003]acq stopped
1692626368:[PUMP  ,0016]pump during 8668ms
1692626376:[PUMP  ,0212]battery 14621mV,  916830uA (steady state), P+200683mbar
1692626378:[MRMAID,0002]acq started
1692628194:[BUOY  ,0087]from -1mbar/s to +0mbar/s
1692628194:[BUOY  ,0090]need to transfer -2mL (valve during 57ms)
1692628194:[MRMAID,0003]acq stopped
1692628194:[MRMAID,0185]28 spurious byte(s) received
1692628195:[VALVE ,0034]valve opening 57ms
1692628206:[MRMAID,0002]acq started
1692628530:[BUOY  ,0087]from +1mbar/s to +0mbar/s
1692628531:[PUMP  ,0378]Outflow calculated : 2713
1692628531:[BUOY  ,0089]need to transfer +2mL (pump during 2896ms)
1692628531:[MRMAID,0003]acq stopped
1692628532:[PUMP  ,0016]pump during 2896ms
1692628536:[MRMAID,0002]acq started
1692628858:[BUOY  ,0087]from +2mbar/s to +0mbar/s
1692628858:[PUMP  ,0378]Outflow calculated : 2713
1692628858:[BUOY  ,0089]need to transfer +6mL (pump during 8689ms)
1692628858:[MRMAID,0003]acq stopped
1692628860:[PUMP  ,0016]pump during 8689ms
1692628868:[PUMP  ,0212]battery 14628mV,  911706uA (steady state), P+200583mbar
1692628870:[MRMAID,0002]acq started
1692629639:[MRMAID,0003]acq stopped
1692629639:[MRMAID,0185]19 spurious byte(s) received
1692629674:[SBE61 ,0396]P +20108,T +18971,S +34592
1692629676:[MRMAID,0002]acq started
1692630986:[BUOY  ,0087]from +1mbar/s to +0mbar/s
1692630986:[PUMP  ,0378]Outflow calculated : 2713
1692630986:[BUOY  ,0089]need to transfer +2mL (pump during 2896ms)
1692630986:[MRMAID,0003]acq stopped
1692630986:[MRMAID,0052]$MEASFS,50328,1257.752564,40.014230;
1692630988:[PUMP  ,0016]pump during 2896ms
1692630992:[MRMAID,0002]acq started
1692633114:[BUOY  ,0087]from -1mbar/s to +0mbar/s
1692633114:[BUOY  ,0090]need to transfer -2mL (valve during 57ms)
1692633114:[MRMAID,0003]acq stopped
1692633114:[MRMAID,0052]$MEASFS,82810,2069.513825,40.014229;
1692633115:[VALVE ,0034]valve opening 57ms
1692633127:[MRMAID,0002]acq started
1692633239:[MRMAID,0003]acq stopped
1692633274:[SBE61 ,0396]P +20006,T +18831,S +34594
1692633275:[MRMAID,0002]acq started
1692633751:[BUOY  ,0087]from +1mbar/s to +0mbar/s
1692633751:[PUMP  ,0378]Outflow calculated : 2714
1692633751:[BUOY  ,0089]need to transfer +2mL (pump during 2891ms)
1692633751:[MRMAID,0003]acq stopped
1692633753:[PUMP  ,0016]pump during 2891ms
1692633757:[MRMAID,0002]acq started
1692634078:[BUOY  ,0101]stage[1] 10 stab done
1692634078:[BUOY  ,0087]from +1mbar/s to +0mbar/s
1692634078:[PUMP  ,0378]Outflow calculated : 2714
1692634078:[BUOY  ,0089]need to transfer +2mL (pump during 2891ms)
1692634078:[MRMAID,0052]$STOP
1692634080:[MRMAID,0185]7 spurious byte(s) received
1692634080:[PUMP  ,0016]pump during 2891ms
1692634084:[MRMAID,0002]acq started
1692636848:[MRMAID,0003]acq stopped
1692636884:[SBE61 ,0396]P +20499,T +18524,S +34599
1692636885:[MRMAID,0002]acq started
1692637107:[BUOY  ,0087]from +2mbar/s to -2mbar/s
1692637107:[PUMP  ,0378]Outflow calculated : 2711
1692637107:[BUOY  ,0089]need to transfer +12mL (pump during 17363ms)
1692637107:[MRMAID,0003]acq stopped
1692637109:[PUMP  ,0016]pump during 17363ms
1692637126:[PUMP  ,0212]battery 14630mV,  928054uA (steady state), P+205083mbar
1692637127:[MRMAID,0002]acq started
1692640448:[MRMAID,0003]acq stopped
1692640448:[MRMAID,0052]$MEASFS,130774,3268.187317,40.014230;
1692640483:[SBE61 ,0396]P +20135,T +18736,S +34596
1692640485:[MRMAID,0002]acq started
1692644057:[MRMAID,0003]acq stopped
1692644058:[MRMAID,0052]$MEASFS,140859,3520.222625,40.014231;
1692644093:[SBE61 ,0396]P +20143,T +18992,S +34592
1692644094:[MRMAID,0002]acq started
1692647657:[MRMAID,0003]acq stopped
1692647657:[MRMAID,0052]$MEASFS,140460,3510.251160,40.014231;
1692647693:[SBE61 ,0396]P +20068,T +19225,S +34588
1692647694:[MRMAID,0002]acq started
1692649440:[BUOY  ,0087]from -1mbar/s to +0mbar/s
1692649440:[BUOY  ,0090]need to transfer -2mL (valve during 57ms)
1692649440:[MRMAID,0003]acq stopped
1692649440:[MRMAID,0052]$MEASFS,67765,1693.522492,40.014231;
1692649440:[VALVE ,0034]valve opening 57ms
1692649452:[MRMAID,0002]acq started
1692650977:[BUOY  ,0087]from +2mbar/s to +0mbar/s
1692650977:[PUMP  ,0378]Outflow calculated : 2714
1692650977:[BUOY  ,0089]need to transfer +6mL (pump during 8665ms)
1692650977:[MRMAID,0003]acq stopped
1692650977:[MRMAID,0185]28 spurious byte(s) received
1692650979:[PUMP  ,0016]pump during 8665ms
1692650987:[PUMP  ,0212]battery 14648mV,  906704uA (steady state), P+200443mbar
1692650989:[MRMAID,0002]acq started
1692651257:[MRMAID,0003]acq stopped
1692651292:[SBE61 ,0396]P +20134,T +18954,S +34592
1692651293:[MRMAID,0002]acq started
1692651304:[BUOY  ,0087]from +2mbar/s to +0mbar/s
1692651304:[PUMP  ,0378]Outflow calculated : 2713
1692651304:[BUOY  ,0089]need to transfer +6mL (pump during 8701ms)
1692651306:[PUMP  ,0016]pump during 8701ms
1692651314:[PUMP  ,0212]battery 14653mV,  915854uA (steady state), P+201073mbar
1692651326:[MRMAID,0184]acq already started
1692651347:[MRMAID,0059]stop canceled
1692654866:[MRMAID,0003]acq stopped
1692654866:[MRMAID,0052]$MEASFS,140871,3520.522522,40.014231;
1692654902:[SBE61 ,0396]P +19968,T +19133,S +34589
1692654903:[MRMAID,0002]acq started
1692654943:[BUOY  ,0087]from -1mbar/s to +0mbar/s
1692654943:[BUOY  ,0090]need to transfer -2mL (valve during 57ms)
1692654943:[VALVE ,0034]valve opening 57ms
1692654954:[MRMAID,0184]acq already started
1692654956:[MRMAID,0059]stop canceled
1692655578:[BUOY  ,0087]from +1mbar/s to +0mbar/s
1692655579:[PUMP  ,0378]Outflow calculated : 2714
1692655579:[BUOY  ,0089]need to transfer +2mL (pump during 2893ms)
1692655579:[MRMAID,0003]acq stopped
1692655579:[MRMAID,0185]11 spurious byte(s) received
1692655580:[PUMP  ,0016]pump during 2893ms
1692655584:[MRMAID,0002]acq started
1692655906:[BUOY  ,0087]from +2mbar/s to +0mbar/s
1692655906:[PUMP  ,0378]Outflow calculated : 2713
1692655906:[BUOY  ,0089]need to transfer +6mL (pump during 8686ms)
1692655906:[MRMAID,0002]acq started
1692655907:[MRMAID,0185]9 spurious byte(s) received
1692655908:[PUMP  ,0016]pump during 8686ms
1692655916:[PUMP  ,0212]battery 14651mV,  910364uA (steady state), P+200613mbar
1692655918:[MRMAID,0002]acq started
1692656233:[BUOY  ,0087]from +1mbar/s to +0mbar/s
1692656233:[PUMP  ,0378]Outflow calculated : 2713
1692656233:[BUOY  ,0089]need to transfer +2mL (pump during 2895ms)
1692656233:[MRMAID,0003]acq stopped
1692656235:[PUMP  ,0016]pump during 2895ms
1692656239:[MRMAID,0002]acq started
1692656560:[BUOY  ,0087]from +1mbar/s to +0mbar/s
1692656560:[PUMP  ,0378]Outflow calculated : 2712
1692656560:[BUOY  ,0089]need to transfer +2mL (pump during 2906ms)
1692656561:[MRMAID,0003]acq stopped
1692656562:[PUMP  ,0016]pump during 2906ms
1692656566:[MRMAID,0002]acq started
1692658466:[MRMAID,0003]acq stopped
1692658466:[MRMAID,0185]28 spurious byte(s) received
1692658501:[SBE61 ,0396]P +20194,T +19130,S +34590
1692658503:[MRMAID,0002]acq started
1692662066:[MRMAID,0003]acq stopped
1692662066:[MRMAID,0052]$MEASFS,140458,3510.201203,40.014230;
1692662101:[SBE61 ,0396]P +20063,T +19172,S +34589
1692662102:[MRMAID,0002]acq started
1692665675:[MRMAID,0052]$STOPA$MEASFS,140857,3520.172637,40.014231;
1692665678:[MRMAID,0185]6 spurious byte(s) received
1692665711:[SBE61 ,0396]P +19977,T +19194,S +34587
1692665712:[MRMAID,0002]acq started
1692669275:[MRMAID,0003]acq stopped
1692669275:[MRMAID,0052]$MEASFS,140458,3510.201172,40.014231;
1692669310:[SBE61 ,0396]P +20052,T +19112,S +34589
1692669311:[MRMAID,0002]acq started
1692672884:[MRMAID,0003]acq stopped
1692672885:[MRMAID,0052]$MEASFS,140869,3520.472535,40.014231;
1692672920:[SBE61 ,0396]P +20007,T +18945,S +34592
1692672921:[MRMAID,0002]acq started
1692676484:[MRMAID,0003]acq stopped
1692676484:[MRMAID,0052]$MEASFS,140460,3510.251130,40.014231;
1692676520:[SBE61 ,0396]P +20097,T +18972,S +34592
1692676521:[MRMAID,0002]acq started
1692680084:[MRMAID,0003]acq stopped
1692680084:[MRMAID,0052]$MEASFS,140460,3510.251159,40.014231;
1692680119:[SBE61 ,0396]P +20076,T +19056,S +34590
1692680120:[MRMAID,0002]acq started
1692683693:[MRMAID,0052]$STOP$MEASFS,140858,3520.197601,40.014231;
1692683695:[MRMAID,0185]7 spurious byte(s) received
1692683729:[SBE61 ,0396]P +20099,T +19057,S +34590
1692683730:[MRMAID,0002]acq started
1692687293:[MRMAID,0003]acq stopped
1692687293:[MRMAID,0052]$MEASFS,140459,3510.226135,40.014231;
1692687328:[SBE61 ,0396]P +20134,T +19116,S +34590
1692687330:[MRMAID,0002]acq started
1692690893:[MRMAID,0003]acq stopped
1692690893:[MRMAID,0052]$MEASFS,140458,3510.201172,40.014231;
1692690928:[SBE61 ,0396]P +20149,T +19093,S +34590
1692690929:[MRMAID,0002]acq started
1692694502:[MRMAID,0003]acq stopped
1692694502:[MRMAID,0052]$MEASFS,140857,3520.172608,40.014231;
1692694538:[SBE61 ,0396]P +20160,T +19250,S +34587
1692694539:[MRMAID,0002]acq started
1692698102:[MRMAID,0003]acq stopped
1692698102:[MRMAID,0052]$MEASFS,140459,3510.226166,40.014231;
1692698137:[SBE61 ,0396]P +20139,T +19174,S +34589
1692698139:[MRMAID,0002]acq started
1692701712:[MRMAID,0003]acq stopped
1692701713:[MRMAID,0185]1 spurious byte(s) received
1692701747:[SBE61 ,0396]P +20058,T +19171,S +34590
1692701748:[MRMAID,0002]acq started
1692705311:[MRMAID,0003]acq stopped
1692705311:[MRMAID,0052]$MEASFS,140461,3510.276154,40.014231;
1692705347:[SBE61 ,0396]P +20033,T +18987,S +34592
1692705348:[MRMAID,0002]acq started
1692708745:[MRMAID,0027]2006dbar, 33degC
1692708872:[MRMAID,0005]ascent request rejected
1692708911:[MRMAID,0003]acq stopped
1692708911:[MRMAID,0052]$MEASFS,140462,3510.301117,40.014231;
1692708946:[SBE61 ,0396]P +20063,T +18980,S +34592
1692708947:[MRMAID,0002]acq started
1692712520:[MRMAID,0003]acq stopped
1692712521:[MRMAID,0052]$MEASFS,140863,3520.322541,40.014231;
1692712556:[SBE61 ,0396]P +20092,T +18875,S +34593
1692712557:[MRMAID,0002]acq started
1692713915:[BUOY  ,0087]from +1mbar/s to +0mbar/s
1692713915:[PUMP  ,0378]Outflow calculated : 2713
1692713916:[BUOY  ,0089]need to transfer +2mL (pump during 2890ms)
1692713916:[MRMAID,0052]$S$MEASFS,52252,1305.835419,40.014231;
1692713917:[PUMP  ,0016]pump during 2890ms
1692713917:[MRMAID,0185]10 spurious byte(s) received
1692713921:[MRMAID,0002]acq started
1692716044:[BUOY  ,0101]stage[1] 10 stab done
1692716044:[BUOY  ,0087]from -1mbar/s to +0mbar/s
1692716044:[BUOY  ,0090]need to transfer -2mL (valve during 57ms)
1692716044:[MRMAID,0003]acq stopped
1692716044:[MRMAID,0052]$MEASFS,82813,2069.588684,40.014231;
1692716044:[VALVE ,0034]valve opening 57ms
1692716056:[MRMAID,0002]acq started
1692716120:[MRMAID,0003]acq stopped
1692716155:[SBE61 ,0396]P +20022,T +18905,S +34593
1692716157:[MRMAID,0002]acq started
1692719081:[BUOY  ,0087]from +2mbar/s to -2mbar/s
1692719081:[PUMP  ,0378]Outflow calculated : 2711
1692719082:[BUOY  ,0089]need to transfer +12mL (pump during 17353ms)
1692719082:[MRMAID,0003]acq stopped
1692719082:[MRMAID,0052]$MEASFS,114938,2872.428040,40.014231;
1692719083:[PUMP  ,0016]pump during 17353ms
1692719100:[PUMP  ,0212]battery 14615mV,  929396uA (steady state), P+205083mbar
1692719102:[MRMAID,0002]acq started
1692719720:[MRMAID,0003]acq stopped
1692719755:[SBE61 ,0396]P +20486,T +18688,S +34597
1692719756:[MRMAID,0002]acq started
1692722410:[BUOY  ,0087]from -2mbar/s to +0mbar/s
1692722410:[BUOY  ,0090]need to transfer -6mL (valve during 171ms)
1692722410:[MRMAID,0003]acq stopped
1692722410:[MRMAID,0052]$MEASFS,104099,2601.549439,40.014231;
1692722411:[VALVE ,0034]valve opening 171ms
1692722423:[MRMAID,0002]acq started
1692722747:[BUOY  ,0087]from +1mbar/s to +0mbar/s
1692722747:[PUMP  ,0378]Outflow calculated : 2713
1692722747:[BUOY  ,0089]need to transfer +2mL (pump during 2893ms)
1692722747:[MRMAID,0003]acq stopped
1692722749:[PUMP  ,0016]pump during 2893ms
1692722753:[MRMAID,0002]acq started
1692723074:[BUOY  ,0087]from +2mbar/s to +0mbar/s
1692723074:[PUMP  ,0378]Outflow calculated : 2713
1692723074:[BUOY  ,0089]need to transfer +6mL (pump during 8686ms)
1692723074:[MRMAID,0003]acq stopped
1692723076:[PUMP  ,0016]pump during 8686ms
1692723084:[PUMP  ,0212]battery 14641mV,  914878uA (steady state), P+201053mbar
1692723086:[MRMAID,0002]acq started
1692723329:[MRMAID,0003]acq stopped
1692723365:[SBE61 ,0396]P +20182,T +18750,S +34596
1692723366:[MRMAID,0002]acq started
1692723401:[BUOY  ,0087]from +1mbar/s to +0mbar/s
1692723401:[PUMP  ,0378]Outflow calculated : 2713
1692723401:[BUOY  ,0089]need to transfer +2mL (pump during 2895ms)
1692723403:[PUMP  ,0016]pump during 2895ms
1692723417:[MRMAID,0184]acq already started
1692723419:[MRMAID,0059]stop canceled
1692723738:[BUOY  ,0087]from +2mbar/s to +0mbar/s
1692723738:[PUMP  ,0378]Outflow calculated : 2712
1692723738:[BUOY  ,0089]need to transfer +6mL (pump during 8729ms)
1692723738:[MRMAID,0003]acq stopped
1692723740:[PUMP  ,0016]pump during 8729ms
1692723748:[PUMP  ,0212]battery 14608mV,  923296uA (steady state), P+202183mbar
1692723750:[MRMAID,0002]acq started
1692726929:[MRMAID,0003]acq stopped
1692726929:[MRMAID,0052]$MEASFS,125099,3126.362702,40.014231;
1692726964:[SBE61 ,0396]P +20183,T +18901,S +34593
1692726966:[MRMAID,0002]acq started
1692730538:[MRMAID,0003]acq stopped
1692730539:[MRMAID,0052]$MEASFS,140857,3520.172577,40.014231;
1692730574:[SBE61 ,0396]P +20199,T +19007,S +34591
1692730575:[MRMAID,0002]acq started
1692734138:[MRMAID,0003]acq stopped
1692734138:[MRMAID,0052]$MEASFS,140458,3510.201111,40.014232;
1692734174:[SBE61 ,0396]P +20133,T +18938,S +34593
1692734175:[MRMAID,0002]acq started
1692737738:[MRMAID,0003]acq stopped
1692737738:[MRMAID,0052]$MEASFS,140458,3510.201141,40.014231;
1692737773:[SBE61 ,0396]P +20169,T +19034,S +34591
1692737774:[MRMAID,0002]acq started
1692741347:[MRMAID,0003]acq stopped
1692741347:[MRMAID,0052]$MEASFS,140859,3520.222564,40.014231;
1692741383:[SBE61 ,0396]P +20198,T +19064,S +34591
1692741384:[MRMAID,0002]acq started
1692744947:[MRMAID,0003]acq stopped
1692744947:[MRMAID,0052]$MEASFS,140460,3510.251098,40.014231;
1692744982:[SBE61 ,0396]P +20180,T +19143,S +34590
1692744984:[MRMAID,0002]acq started
1692748547:[MRMAID,0003]acq stopped
1692748547:[MRMAID,0052]$MEASFS,140460,3510.251129,40.014231;
1692748582:[SBE61 ,0396]P +20137,T +19143,S +34590
1692748583:[MRMAID,0002]acq started
1692752156:[MRMAID,0003]acq stopped
1692752156:[MRMAID,0052]$MEASFS,140862,3520.297546,40.014231;
1692752192:[SBE61 ,0396]P +20226,T +19146,S +34589
1692752193:[MRMAID,0002]acq started
1692755756:[MRMAID,0003]acq stopped
1692755756:[MRMAID,0052]$MEASFS,140459,3510.226135,40.014231;
1692755791:[SBE61 ,0396]P +20203,T +19129,S +34590
1692755793:[MRMAID,0002]acq started
1692759365:[MRMAID,0003]acq stopped
1692759366:[MRMAID,0052]$MEASFS,140868,3520.447510,40.014231;
1692759401:[SBE61 ,0396]P +20114,T +19052,S +34591
1692759402:[MRMAID,0002]acq started
1692762965:[MRMAID,0003]acq stopped
1692762965:[MRMAID,0052]$MEASFS,140459,3510.226135,40.014231;
1692763001:[SBE61 ,0396]P +20233,T +19012,S +34592
1692763002:[MRMAID,0002]acq started
1692766565:[MRMAID,0003]acq stopped
1692766565:[MRMAID,0052]$MEASFS,140459,3510.226135,40.014231;
1692766600:[SBE61 ,0396]P +20265,T +19024,S +34591
1692766601:[MRMAID,0002]acq started
1692770174:[MRMAID,0003]acq stopped
1692770174:[MRMAID,0052]$MEASFS,140857,3520.172577,40.014231;
1692770210:[SBE61 ,0396]P +20168,T +19053,S +34591
1692770211:[MRMAID,0002]acq started
1692773774:[MRMAID,0003]acq stopped
1692773774:[MRMAID,0052]$MEASFS,140458,3510.201142,40.014231;
1692773809:[SBE61 ,0396]P +20183,T +18976,S +34592
1692773811:[MRMAID,0002]acq started
1692777374:[MRMAID,0003]acq stopped
1692777374:[MRMAID,0052]$MEASFS,140460,3510.251129,40.014231;
1692777409:[SBE61 ,0396]P +20278,T +19040,S +34591
1692777410:[MRMAID,0002]acq started
1692780983:[MRMAID,0003]acq stopped
1692780983:[MRMAID,0052]$MEASFS,140859,3520.222565,40.014231;
1692781019:[SBE61 ,0396]P +20187,T +19174,S +34588
1692781020:[MRMAID,0002]acq started
1692784583:[MRMAID,0003]acq stopped
1692784583:[MRMAID,0052]$MEASFS,140460,3510.251129,40.014231;
1692784618:[SBE61 ,0396]P +20150,T +18944,S +34592
1692784620:[MRMAID,0002]acq started
1692788193:[MRMAID,0052]$STO$MEASFS,140858,3520.197541,40.014232;
1692788194:[MRMAID,0185]8 spurious byte(s) received
1692788228:[SBE61 ,0396]P +20194,T +18780,S +34597
1692788229:[MRMAID,0002]acq started
1692791792:[MRMAID,0003]acq stopped
1692791792:[MRMAID,0052]$MEASFS,140463,3510.326050,40.014232;
1692791828:[SBE61 ,0396]P +20264,T +18957,S +34593
1692791829:[MRMAID,0002]acq started
1692795392:[MRMAID,0003]acq stopped
1692795392:[MRMAID,0052]$MEASFS,140459,3510.226104,40.014232;
1692795427:[SBE61 ,0396]P +20258,T +19113,S +34590
1692795428:[MRMAID,0002]acq started
1692799001:[MRMAID,0003]acq stopped
1692799002:[MRMAID,0052]$MEASFS,140858,3520.197570,40.014231;
1692799037:[SBE61 ,0396]P +20249,T +18932,S +34592
1692799038:[MRMAID,0002]acq started
1692800303:[BUOY  ,0087]from +1mbar/s to +0mbar/s
1692800303:[PUMP  ,0378]Outflow calculated : 2712
1692800303:[BUOY  ,0089]need to transfer +2mL (pump during 2892ms)
1692800303:[MRMAID,0003]acq stopped
1692800303:[MRMAID,0052]$MEASFS,48493,1211.893830,40.014231;
1692800304:[PUMP  ,0016]pump during 2892ms
1692800309:[MRMAID,0002]acq started
1692802601:[MRMAID,0003]acq stopped
1692802601:[MRMAID,0052]$MEASFS,89621,2239.728150,40.014231;
1692802636:[SBE61 ,0396]P +20117,T +19034,S +34591
1692802638:[MRMAID,0002]acq started
1692806201:[MRMAID,0003]acq stopped
1692806201:[MRMAID,0052]$MEASFS,140458,3510.201111,40.014232;
1692806236:[SBE61 ,0396]P +20163,T +19108,S +34590
1692806237:[MRMAID,0002]acq started
1692809810:[MRMAID,0003]acq stopped
1692809810:[MRMAID,0052]$MEASFS,140857,3520.172576,40.014231;
1692809846:[SBE61 ,0396]P +20147,T +19026,S +34592
1692809847:[MRMAID,0002]acq started
1692813410:[MRMAID,0003]acq stopped
1692813410:[MRMAID,0052]$MEASFS,140460,3510.251098,40.014231;
1692813445:[SBE61 ,0396]P +20045,T +18957,S +34592
1692813447:[MRMAID,0002]acq started
1692817020:[MRMAID,0052]$STOPACK$MEASFS,140859,3520.222564,40.014231;
1692817022:[MRMAID,0185]4 spurious byte(s) received
1692817055:[SBE61 ,0396]P +20220,T +18953,S +34593
1692817056:[MRMAID,0002]acq started
1692817138:[BUOY  ,0087]from +1mbar/s to +0mbar/s
1692817138:[PUMP  ,0378]Outflow calculated : 2713
1692817138:[BUOY  ,0089]need to transfer +2mL (pump during 2890ms)
1692817138:[MRMAID,0003]acq stopped
1692817140:[PUMP  ,0016]pump during 2890ms
1692817144:[MRMAID,0002]acq started
1692819566:[BUOY  ,0087]from -1mbar/s to +0mbar/s
1692819566:[BUOY  ,0090]need to transfer -2mL (valve during 57ms)
1692819566:[MRMAID,0003]acq stopped
1692819566:[MRMAID,0052]$MEASFS,94834,2370.006775,40.014232;
1692819567:[VALVE ,0034]valve opening 57ms
1692819578:[MRMAID,0002]acq started
1692819903:[BUOY  ,0087]from +2mbar/s to +0mbar/s
1692819903:[PUMP  ,0378]Outflow calculated : 2713
1692819903:[BUOY  ,0089]need to transfer +6mL (pump during 8673ms)
1692819903:[MRMAID,0003]acq stopped
1692819904:[PUMP  ,0016]pump during 8673ms
1692819913:[PUMP  ,0212]battery 14610mV,  912438uA (steady state), P+200463mbar
1692819914:[MRMAID,0002]acq started
1692820230:[BUOY  ,0101]stage[1] 10 stab done
1692820230:[BUOY  ,0087]from +1mbar/s to +0mbar/s
1692820230:[PUMP  ,0378]Outflow calculated : 2713
1692820230:[BUOY  ,0089]need to transfer +2mL (pump during 2891ms)
1692820230:[MRMAID,0003]acq stopped
1692820232:[PUMP  ,0016]pump during 2891ms
1692820236:[MRMAID,0002]acq started
1692820619:[MRMAID,0003]acq stopped
1692820655:[SBE61 ,0396]P +20144,T +18950,S +34593
1692820656:[MRMAID,0002]acq started
1692824219:[MRMAID,0003]acq stopped
1692824219:[MRMAID,0052]$MEASFS,140473,3510.576019,40.014231;
1692824254:[SBE61 ,0396]P +20294,T +18739,S +34597
1692824255:[MRMAID,0002]acq started
1692827828:[MRMAID,0003]acq stopped
1692827829:[MRMAID,0052]$MEASFS,140858,3520.197570,40.014231;
1692827864:[SBE61 ,0396]P +20402,T +18915,S +34594
1692827865:[MRMAID,0002]acq started
1692829532:[MRMAID,0027]2037dbar, 33degC
1692829684:[MRMAID,0005]ascent request rejected
1692831428:[MRMAID,0003]acq stopped
1692831428:[MRMAID,0052]$MEASFS,140460,3510.251099,40.014231;
1692831464:[SBE61 ,0396]P +20358,T +18997,S +34592
1692831465:[MRMAID,0002]acq started
1692835028:[MRMAID,0003]acq stopped
1692835028:[MRMAID,0052]$MEASFS,140458,3510.201111,40.014232;
1692835063:[SBE61 ,0396]P +20325,T +19019,S +34591
1692835064:[MRMAID,0002]acq started
1692838113:[MRMAID,0027]2030dbar, 33degC
1692838336:[MRMAID,0005]ascent request rejected
1692838637:[MRMAID,0003]acq stopped
1692838637:[MRMAID,0052]$MEASFS,140858,3520.197540,40.014232;
1692838673:[SBE61 ,0396]P +20331,T +18935,S +34593
1692838674:[MRMAID,0002]acq started
1692842237:[MRMAID,0003]acq stopped
1692842237:[MRMAID,0052]$MEASFS,140458,3510.201080,40.014232;
1692842272:[SBE61 ,0396]P +20448,T +19015,S +34592
1692842274:[MRMAID,0002]acq started
1692845837:[MRMAID,0003]acq stopped
1692845837:[MRMAID,0052]$MEASFS,140471,3510.526001,40.014231;
1692845872:[SBE61 ,0396]P +20411,T +19210,S +34589
1692845873:[MRMAID,0002]acq started
1692849446:[MRMAID,0003]acq stopped
1692849446:[MRMAID,0052]$MEASFS,140859,3520.222564,40.014231;
1692849482:[SBE61 ,0396]P +20281,T +19115,S +34589
1692849483:[MRMAID,0002]acq started
1692850126:[MRMAID,0027]2025dbar, 33degC
1692850267:[MRMAID,0005]ascent request rejected
1692852849:[MRMAID,0027]2035dbar, 33degC
1692853046:[MRMAID,0052]$STOPA$MEASFS,140460,3510.251099,40.014231;
1692853048:[MRMAID,0185]6 spurious byte(s) received
1692853081:[SBE61 ,0396]P +20374,T +18976,S +34593
1692853082:[MRMAID,0002]acq started
1692856655:[MRMAID,0003]acq stopped
1692856656:[MRMAID,0052]$MEASFS,140862,3520.297547,40.014231;
1692856691:[SBE61 ,0396]P +20406,T +18939,S +34593
1692856692:[MRMAID,0002]acq started
1692860255:[MRMAID,0003]acq stopped
1692860255:[MRMAID,0052]$MEASFS,140459,3510.226105,40.014232;
1692860291:[SBE61 ,0396]P +20330,T +18997,S +34592
1692860292:[MRMAID,0002]acq started
1692863855:[MRMAID,0003]acq stopped
1692863855:[MRMAID,0052]$MEASFS,140459,3510.226075,40.014232;
1692863890:[SBE61 ,0396]P +20400,T +19081,S +34591
1692863891:[MRMAID,0002]acq started
1692867464:[MRMAID,0003]acq stopped
1692867464:[MRMAID,0052]$MEASFS,140857,3520.172577,40.014231;
1692867500:[SBE61 ,0396]P +20340,T +18917,S +34593
1692867501:[MRMAID,0002]acq started
1692871064:[MRMAID,0003]acq stopped
1692871064:[MRMAID,0052]$MEASFS,140463,3510.326080,40.014231;
1692871099:[SBE61 ,0396]P +20385,T +18906,S +34594
1692871101:[MRMAID,0002]acq started
1692874664:[MRMAID,0003]acq stopped
1692874664:[MRMAID,0052]$MEASFS,140458,3510.201110,40.014232;
1692874699:[SBE61 ,0396]P +20319,T +18904,S +34594
1692874700:[MRMAID,0002]acq started
1692878273:[MRMAID,0003]acq stopped
1692878273:[MRMAID,0052]$MEASFS,140857,3520.172546,40.014232;
1692878309:[SBE61 ,0396]P +20372,T +18806,S +34595
1692878310:[MRMAID,0002]acq started
1692881873:[MRMAID,0003]acq stopped
1692881873:[MRMAID,0052]$MEASFS,140465,3510.376037,40.014232;
1692881908:[SBE61 ,0396]P +20296,T +18891,S +34594
1692881910:[MRMAID,0002]acq started
1692884573:[MRMAID,0027]2040dbar, 33degC
1692885482:[MRMAID,0003]acq stopped
1692885483:[MRMAID,0052]$MEASFS,140861,3520.272491,40.014232;
1692885518:[SBE61 ,0396]P +20484,T +18860,S +34594
1692885519:[MRMAID,0002]acq started
1692889082:[MRMAID,0003]acq stopped
1692889082:[MRMAID,0052]$MEASFS,140464,3510.351044,40.014232;
1692889118:[SBE61 ,0396]P +20348,T +18886,S +34594
1692889119:[MRMAID,0002]acq started
1692892682:[MRMAID,0003]acq stopped
1692892682:[MRMAID,0052]$MEASFS,140459,3510.226075,40.014232;
1692892717:[SBE61 ,0396]P +20397,T +18887,S +34594
1692892718:[MRMAID,0002]acq started
1692896291:[MRMAID,0003]acq stopped
1692896291:[MRMAID,0052]$MEASFS,140858,3520.197510,40.014232;
1692896327:[SBE61 ,0396]P +20383,T +18918,S +34593
1692896328:[MRMAID,0002]acq started
1692899891:[MRMAID,0003]acq stopped
1692899891:[MRMAID,0052]$MEASFS,140459,3510.226074,40.014232;
1692899926:[SBE61 ,0396]P +20381,T +18875,S +34594
1692899928:[MRMAID,0002]acq started
1692903491:[MRMAID,0003]acq stopped
1692903491:[MRMAID,0052]$MEASFS,140459,3510.226075,40.014232;
1692903526:[SBE61 ,0396]P +20350,T +18768,S +34596
1692903527:[MRMAID,0002]acq started
1692907100:[MRMAID,0003]acq stopped
1692907100:[MRMAID,0052]$MEASFS,140858,3520.197510,40.014232;
1692907136:[SBE61 ,0396]P +20412,T +18769,S +34596
1692907137:[MRMAID,0002]acq started
1692910700:[MRMAID,0003]acq stopped
1692910700:[MRMAID,0052]$MEASFS,140458,3510.201050,40.014232;
1692910735:[SBE61 ,0396]P +20366,T +18859,S +34594
1692910737:[MRMAID,0002]acq started
1692914309:[MRMAID,0003]acq stopped
1692914310:[MRMAID,0052]$MEASFS,140857,3520.172516,40.014232;
1692914345:[SBE61 ,0396]P +20411,T +18893,S +34594
1692914346:[MRMAID,0002]acq started
1692917430:[MRMAID,0027]2048dbar, 33degC
1692917610:[MRMAID,0005]ascent request rejected
1692917909:[MRMAID,0052]$MEASFS,140460,3510.251038,40.014232;
1692917911:[MRMAID,0003]acq stopped
1692917945:[SBE61 ,0396]P +20496,T +19030,S +34592
1692917946:[MRMAID,0002]acq started
1692921509:[MRMAID,0003]acq stopped
1692921509:[MRMAID,0052]$MEASFS,140460,3510.251038,40.014232;
1692921544:[SBE61 ,0396]P +20474,T +19054,S +34591
1692921545:[MRMAID,0002]acq started
1692925118:[MRMAID,0003]acq stopped
1692925118:[MRMAID,0052]$MEASFS,140859,3520.222504,40.014232;
1692925154:[SBE61 ,0396]P +20500,T +19162,S +34590
1692925155:[MRMAID,0002]acq started
1692928718:[MRMAID,0003]acq stopped
1692928718:[MRMAID,0052]$MEASFS,140469,3510.475983,40.014232;
1692928753:[SBE61 ,0396]P +20478,T +19167,S +34589
1692928755:[MRMAID,0002]acq started
1692930111:[BUOY  ,0087]from +0mbar/s to -2mbar/s
1692930111:[PUMP  ,0378]Outflow calculated : 2711
1692930111:[BUOY  ,0089]need to transfer +6mL (pump during 8682ms)
1692930111:[MRMAID,0003]acq stopped
1692930111:[MRMAID,0052]$MEASFS,52147,1303.211334,40.014231;
1692930112:[PUMP  ,0016]pump during 8682ms
1692930120:[PUMP  ,0212]battery 14548mV,  923662uA (steady state), P+205093mbar
1692930122:[MRMAID,0002]acq started
1692932318:[MRMAID,0052]$$MEASFS,85728,2142.437744,40.014232;
1692932319:[MRMAID,0185]11 spurious byte(s) received
1692932353:[SBE61 ,0396]P +20289,T +19382,S +34585
1692932354:[MRMAID,0002]acq started
1692935927:[MRMAID,0003]acq stopped
1692935963:[SBE61 ,0396]P +20047,T +19381,S +34585
1692935964:[MRMAID,0002]acq started
1692936441:[BUOY  ,0087]from -1mbar/s to +0mbar/s
1692936441:[BUOY  ,0090]need to transfer -2mL (valve during 57ms)
1692936441:[MRMAID,0003]acq stopped
1692936441:[VALVE ,0034]valve opening 57ms
1692936453:[MRMAID,0002]acq started
1692937077:[BUOY  ,0087]from +1mbar/s to +0mbar/s
1692937077:[PUMP  ,0378]Outflow calculated : 2713
1692937078:[BUOY  ,0089]need to transfer +2mL (pump during 2891ms)
1692937078:[MRMAID,0003]acq stopped
1692937079:[PUMP  ,0016]pump during 2891ms
1692937083:[MRMAID,0002]acq started
1692937405:[BUOY  ,0087]from +1mbar/s to +0mbar/s
1692937405:[PUMP  ,0378]Outflow calculated : 2713
1692937405:[BUOY  ,0089]need to transfer +2mL (pump during 2891ms)
1692937405:[MRMAID,0003]acq stopped
1692937407:[PUMP  ,0016]pump during 2891ms
1692937411:[MRMAID,0002]acq started
1692937732:[BUOY  ,0087]from +2mbar/s to +0mbar/s
1692937732:[PUMP  ,0378]Outflow calculated : 2713
1692937732:[BUOY  ,0089]need to transfer +6mL (pump during 8690ms)
1692937732:[MRMAID,0003]acq stopped
1692937734:[PUMP  ,0016]pump during 8690ms
1692937742:[PUMP  ,0212]battery 14600mV,  917928uA (steady state), P+201563mbar
1692937744:[MRMAID,0002]acq started
1692938059:[BUOY  ,0087]from +1mbar/s to +0mbar/s
1692938059:[PUMP  ,0378]Outflow calculated : 2713
1692938059:[BUOY  ,0089]need to transfer +2mL (pump during 2897ms)
1692938060:[MRMAID,0003]acq stopped
1692938061:[PUMP  ,0016]pump during 2897ms
1692938065:[MRMAID,0002]acq started
1692939527:[MRMAID,0003]acq stopped
1692939527:[MRMAID,0052]$MEASFS,56385,1409.123657,40.014231;
1692939562:[SBE61 ,0396]P +20081,T +19192,S +34589
1692939564:[MRMAID,0002]acq started
1692940488:[BUOY  ,0087]from -1mbar/s to +0mbar/s
1692940488:[BUOY  ,0090]need to transfer -2mL (valve during 57ms)
1692940488:[MRMAID,0003]acq stopped
1692940488:[MRMAID,0185]19 spurious byte(s) received
1692940488:[VALVE ,0034]valve opening 57ms
1692940500:[MRMAID,0002]acq started
1692940824:[BUOY  ,0087]from +1mbar/s to +0mbar/s
1692940824:[PUMP  ,0378]Outflow calculated : 2713
1692940824:[BUOY  ,0089]need to transfer +2mL (pump during 2895ms)
1692940824:[MRMAID,0003]acq stopped
1692940826:[PUMP  ,0016]pump during 2895ms
1692940830:[MRMAID,0002]acq started
1692941151:[BUOY  ,0087]from +1mbar/s to +0mbar/s
1692941151:[PUMP  ,0378]Outflow calculated : 2713
1692941151:[BUOY  ,0089]need to transfer +2mL (pump during 2895ms)
1692941152:[MRMAID,0003]acq stopped
1692941153:[PUMP  ,0016]pump during 2895ms
1692941157:[MRMAID,0002]acq started
1692941479:[BUOY  ,0087]from +1mbar/s to +0mbar/s
1692941479:[PUMP  ,0378]Outflow calculated : 2713
1692941479:[BUOY  ,0089]need to transfer +2mL (pump during 2900ms)
1692941479:[MRMAID,0003]acq stopped
1692941481:[PUMP  ,0016]pump during 2900ms
1692941485:[MRMAID,0002]acq started
1692941806:[BUOY  ,0101]stage[1] 10 stab done
1692941806:[BUOY  ,0087]from +1mbar/s to +0mbar/s
1692941806:[PUMP  ,0378]Outflow calculated : 2712
1692941806:[BUOY  ,0089]need to transfer +2mL (pump during 2901ms)
1692941806:[MRMAID,0003]acq stopped
1692941808:[PUMP  ,0016]pump during 2901ms
1692941812:[MRMAID,0002]acq started
1692943136:[MRMAID,0003]acq stopped
1692943137:[MRMAID,0052]$MEASFS,50897,1271.972473,40.014231;
1692943172:[SBE61 ,0396]P +20341,T +18864,S +34596
1692943173:[MRMAID,0002]acq started
1692946736:[MRMAID,0003]acq stopped
1692946736:[MRMAID,0052]$MEASFS,140458,3510.201142,40.014231;
1692946772:[SBE61 ,0396]P +20407,T +18731,S +34597
1692946773:[MRMAID,0002]acq started
1692950336:[MRMAID,0003]acq stopped
1692950336:[MRMAID,0052]$MEASFS,140460,3510.251129,40.014231;
1692950371:[SBE61 ,0396]P +20456,T +18657,S +34598
1692950372:[MRMAID,0002]acq started
1692953945:[MRMAID,0003]acq stopped
1692953946:[MRMAID,0052]$MEASFS,140859,3520.222534,40.014232;
1692953981:[SBE61 ,0396]P +20423,T +18676,S +34597
1692953982:[MRMAID,0002]acq started
1692955207:[MRMAID,0027]2044dbar, 33degC
1692955940:[BUOY  ,0087]from +0mbar/s to -2mbar/s
1692955940:[PUMP  ,0378]Outflow calculated : 2711
1692955940:[BUOY  ,0089]need to transfer +6mL (pump during 8679ms)
1692955940:[MRMAID,0003]acq stopped
1692955940:[MRMAID,0052]$MEASFS,76244,1905.422058,40.014232;
1692955942:[PUMP  ,0016]pump during 8679ms
1692955950:[PUMP  ,0212]battery 14616mV,  929030uA (steady state), P+205173mbar
1692955952:[MRMAID,0002]acq started
1692956267:[BUOY  ,0087]from +1mbar/s to -2mbar/s
1692956267:[PUMP  ,0378]Outflow calculated : 2710
1692956267:[BUOY  ,0089]need to transfer +8mL (pump during 11611ms)
1692956268:[MRMAID,0003]acq stopped
1692956269:[PUMP  ,0016]pump during 11611ms
1692956280:[PUMP  ,0212]battery 14653mV,  913292uA (steady state), P+205213mbar
1692956282:[MRMAID,0002]acq started
1692957545:[MRMAID,0003]acq stopped
1692957545:[MRMAID,0185]20 spurious byte(s) received
1692957580:[SBE61 ,0396]P +20401,T +18884,S +34594
1692957582:[MRMAID,0002]acq started
1692959596:[BUOY  ,0087]from -2mbar/s to +0mbar/s
1692959596:[BUOY  ,0090]need to transfer -6mL (valve during 172ms)
1692959596:[MRMAID,0003]acq stopped
1692959596:[MRMAID,0052]$MEASFS,78502,1961.851990,40.014232;
1692959597:[VALVE ,0034]valve opening 172ms
1692959609:[MRMAID,0002]acq started
1692960233:[BUOY  ,0087]from +2mbar/s to +0mbar/s
1692960233:[PUMP  ,0378]Outflow calculated : 2714
1692960233:[BUOY  ,0089]need to transfer +6mL (pump during 8676ms)
1692960233:[MRMAID,0003]acq stopped
1692960235:[PUMP  ,0016]pump during 8676ms
1692960243:[PUMP  ,0212]battery 14627mV,  910242uA (steady state), P+200253mbar
1692960245:[MRMAID,0002]acq started
1692960560:[BUOY  ,0087]from +1mbar/s to +0mbar/s
1692960560:[PUMP  ,0378]Outflow calculated : 2713
1692960560:[BUOY  ,0089]need to transfer +2mL (pump during 2902ms)
1692960560:[MRMAID,0003]acq stopped
1692960562:[PUMP  ,0016]pump during 2902ms
1692960566:[MRMAID,0002]acq started
1692960887:[BUOY  ,0087]from +1mbar/s to +0mbar/s
1692960888:[PUMP  ,0378]Outflow calculated : 2713
1692960888:[BUOY  ,0089]need to transfer +2mL (pump during 2902ms)
1692960888:[MRMAID,0003]acq stopped
1692960889:[PUMP  ,0016]pump during 2902ms
1692960893:[MRMAID,0002]acq started
1692961145:[MRMAID,0003]acq stopped
1692961180:[SBE61 ,0396]P +20095,T +19023,S +34591
1692961181:[MRMAID,0002]acq started
1692964754:[MRMAID,0003]acq stopped
1692964754:[MRMAID,0052]$MEASFS,140868,3520.447510,40.014231;
1692964790:[SBE61 ,0396]P +20104,T +19001,S +34592
1692964791:[MRMAID,0002]acq started
1692968354:[MRMAID,0003]acq stopped
1692968354:[MRMAID,0052]$MEASFS,140463,3510.326050,40.014232;
1692968389:[SBE61 ,0396]P +20029,T +18920,S +34593
1692968391:[MRMAID,0002]acq started
1692971963:[MRMAID,0003]acq stopped
1692971964:[MRMAID,0052]$MEASFS,140858,3520.197540,40.014232;
1692971999:[SBE61 ,0396]P +20156,T +18968,S +34592
1692972000:[MRMAID,0002]acq started
1692975563:[MRMAID,0003]acq stopped
1692975563:[MRMAID,0052]$MEASFS,140459,3510.226105,40.014232;
1692975599:[SBE61 ,0396]P +20140,T +19047,S +34591
1692975600:[MRMAID,0002]acq started
1692979163:[MRMAID,0003]acq stopped
1692979163:[MRMAID,0052]$MEASFS,140462,3510.301056,40.014232;
1692979198:[SBE61 ,0396]P +20158,T +19201,S +34588
1692979199:[MRMAID,0002]acq started
1692982772:[MRMAID,0003]acq stopped
1692982772:[MRMAID,0052]$MEASFS,140857,3520.172577,40.014231;
1692982808:[SBE61 ,0396]P +20147,T +19250,S +34587
1692982809:[MRMAID,0002]acq started
1692986372:[MRMAID,0003]acq stopped
1692986372:[MRMAID,0052]$MEASFS,140460,3510.251098,40.014231;
1692986407:[SBE61 ,0396]P +20152,T +19195,S +34588
1692986409:[MRMAID,0002]acq started
1692988228:[BUOY  ,0087]from +1mbar/s to +0mbar/s
1692988228:[PUMP  ,0378]Outflow calculated : 2713
1692988228:[BUOY  ,0089]need to transfer +2mL (pump during 2891ms)
1692988228:[MRMAID,0003]acq stopped
1692988228:[MRMAID,0185]28 spurious byte(s) received
1692988230:[PUMP  ,0016]pump during 2891ms
1692988234:[MRMAID,0002]acq started
1692989456:[BUOY  ,0087]from -2mbar/s to +0mbar/s
1692989456:[BUOY  ,0090]need to transfer -6mL (valve during 171ms)
1692989456:[MRMAID,0003]acq stopped
1692989456:[MRMAID,0185]28 spurious byte(s) received
1692989456:[VALVE ,0034]valve opening 171ms
1692989468:[MRMAID,0002]acq started
1692989792:[BUOY  ,0087]from +1mbar/s to +0mbar/s
1692989792:[PUMP  ,0378]Outflow calculated : 2714
1692989792:[BUOY  ,0089]need to transfer +2mL (pump during 2891ms)
1692989792:[MRMAID,0003]acq stopped
1692989794:[PUMP  ,0016]pump during 2891ms
1692989798:[MRMAID,0002]acq started
1692989972:[MRMAID,0003]acq stopped
1692990007:[SBE61 ,0396]P +20083,T +19214,S +34588
1692990008:[MRMAID,0002]acq started
1692990119:[BUOY  ,0087]from +2mbar/s to +0mbar/s
1692990119:[PUMP  ,0378]Outflow calculated : 2713
1692990119:[BUOY  ,0089]need to transfer +6mL (pump during 8675ms)
1692990120:[MRMAID,0003]acq stopped
1692990121:[PUMP  ,0016]pump during 8675ms
1692990129:[PUMP  ,0212]battery 14626mV,  915122uA (steady state), P+200723mbar
1692990131:[MRMAID,0002]acq started
1692990447:[BUOY  ,0087]from +2mbar/s to +0mbar/s
1692990447:[PUMP  ,0378]Outflow calculated : 2713
1692990447:[BUOY  ,0089]need to transfer +6mL (pump during 8715ms)
1692990447:[MRMAID,0003]acq stopped
1692990449:[PUMP  ,0016]pump during 8715ms
1692990457:[PUMP  ,0212]battery 14623mV,  920490uA (steady state), P+201163mbar
1692990459:[MRMAID,0002]acq started
1692991074:[BUOY  ,0101]stage[1] 10 stab done
1692991074:[BUOY  ,0087]from +1mbar/s to +0mbar/s
1692991074:[PUMP  ,0378]Outflow calculated : 2712
1692991074:[BUOY  ,0089]need to transfer +2mL (pump during 2909ms)
1692991074:[MRMAID,0003]acq stopped
1692991076:[PUMP  ,0016]pump during 2909ms
1692991080:[MRMAID,0002]acq started
1692993581:[MRMAID,0003]acq stopped
1692993581:[MRMAID,0052]$MEASFS,97974,2448.478882,40.014231;
1692993617:[SBE61 ,0396]P +19975,T +19185,S +34588
1692993618:[MRMAID,0002]acq started
1692997181:[MRMAID,0003]acq stopped
1692997181:[MRMAID,0052]$MEASFS,140459,3510.226166,40.014231;
1692997216:[SBE61 ,0396]P +20010,T +19046,S +34591
1692997218:[MRMAID,0002]acq started
1693000790:[MRMAID,0003]acq stopped
1693000791:[MRMAID,0052]$MEASFS,140858,3520.197571,40.014231;
1693000826:[SBE61 ,0396]P +20142,T +19126,S +34589
1693000827:[MRMAID,0002]acq started
1693004390:[MRMAID,0003]acq stopped
1693004390:[MRMAID,0052]$MEASFS,140459,3510.226136,40.014231;
1693004426:[SBE61 ,0396]P +20063,T +19181,S +34588
1693004427:[MRMAID,0002]acq started
1693007990:[MRMAID,0003]acq stopped
1693007990:[MRMAID,0052]$MEASFS,140458,3510.201142,40.014231;
1693008025:[SBE61 ,0396]P +20148,T +19208,S +34588
1693008026:[MRMAID,0002]acq started
1693011599:[MRMAID,0003]acq stopped
1693011599:[MRMAID,0052]$MEASFS,140857,3520.172607,40.014231;
1693011635:[SBE61 ,0396]P +20126,T +19345,S +34585
1693011636:[MRMAID,0002]acq started
1693015199:[MRMAID,0003]acq stopped
1693015199:[MRMAID,0052]$MEASFS,140468,3510.451049,40.014231;
1693015234:[SBE61 ,0396]P +20116,T +19195,S +34588
1693015236:[MRMAID,0002]acq started
1693018799:[MRMAID,0003]acq stopped
1693018799:[MRMAID,0052]$MEASFS,140460,3510.251099,40.014231;
1693018834:[SBE61 ,0396]P +20106,T +19358,S +34585
1693018835:[MRMAID,0002]acq started
1693022408:[MRMAID,0003]acq stopped
1693022408:[MRMAID,0052]$MEASFS,140859,3520.222564,40.014231;
1693022444:[SBE61 ,0396]P +20053,T +19177,S +34590
1693022445:[MRMAID,0002]acq started
1693026008:[MRMAID,0003]acq stopped
1693026008:[MRMAID,0052]$MEASFS,140464,3510.351074,40.014231;
1693026043:[SBE61 ,0396]P +20102,T +19256,S +34586
1693026045:[MRMAID,0002]acq started
1693029618:[MRMAID,0003]acq stopped
1693029618:[MRMAID,0052]$MEASFS,140859,3520.222595,40.014231;
1693029653:[SBE61 ,0396]P +20089,T +19154,S +34589
1693029654:[MRMAID,0002]acq started
1693033217:[MRMAID,0003]acq stopped
1693033217:[MRMAID,0052]$MEASFS,140459,3510.226135,40.014231;
1693033253:[SBE61 ,0396]P +20091,T +19123,S +34590
1693033254:[MRMAID,0002]acq started
1693036344:[MRMAID,0027]2002dbar, 33degC
1693036470:[MRMAID,0005]ascent request rejected
1693036817:[MRMAID,0003]acq stopped
1693036817:[MRMAID,0052]$MEASFS,140460,3510.251129,40.014231;
1693036852:[SBE61 ,0396]P +20048,T +19058,S +34591
1693036853:[MRMAID,0002]acq started
1693040426:[MRMAID,0003]acq stopped
1693040426:[MRMAID,0052]$MEASFS,140858,3520.197571,40.014231;
1693040462:[SBE61 ,0396]P +20025,T +18915,S +34595
1693040463:[MRMAID,0002]acq started
1693044026:[MRMAID,0003]acq stopped
1693044026:[MRMAID,0052]$MEASFS,140458,3510.201141,40.014231;
1693044061:[SBE61 ,0396]P +20100,T +18911,S +34593
1693044063:[MRMAID,0002]acq started
1693047626:[MRMAID,0003]acq stopped
1693047626:[MRMAID,0052]$MEASFS,140458,3510.201111,40.014232;
1693047661:[SBE61 ,0396]P +20189,T +19097,S +34591
1693047662:[MRMAID,0002]acq started
1693051235:[MRMAID,0003]acq stopped
1693051235:[MRMAID,0052]$MEASFS,140857,3520.172547,40.014232;
1693051271:[SBE61 ,0396]P +20108,T +19133,S +34590
1693051272:[MRMAID,0002]acq started
1693054835:[MRMAID,0003]acq stopped
1693054835:[MRMAID,0052]$MEASFS,140464,3510.351074,40.014231;
1693054870:[SBE61 ,0396]P +20079,T +19131,S +34590
1693054872:[MRMAID,0002]acq started
1693058435:[MRMAID,0003]acq stopped
1693058435:[MRMAID,0052]$MEASFS,140460,3510.251098,40.014231;
1693058470:[SBE61 ,0396]P +20137,T +19130,S +34590
1693058471:[MRMAID,0002]acq started
1693062044:[MRMAID,0003]acq stopped
1693062044:[MRMAID,0052]$MEASFS,140859,3520.222565,40.014231;
1693062080:[SBE61 ,0396]P +20137,T +19115,S +34590
1693062081:[MRMAID,0002]acq started
1693065644:[MRMAID,0003]acq stopped
1693065644:[MRMAID,0052]$MEASFS,140459,3510.226105,40.014232;
1693065679:[SBE61 ,0396]P +20127,T +19148,S +34589
1693065681:[MRMAID,0002]acq started
1693069253:[MRMAID,0003]acq stopped
1693069254:[MRMAID,0052]$MEASFS,140858,3520.197571,40.014231;
1693069289:[SBE61 ,0396]P +20104,T +19145,S +34589
1693069290:[MRMAID,0002]acq started
1693072853:[MRMAID,0003]acq stopped
1693072853:[MRMAID,0052]$MEASFS,140459,3510.226105,40.014232;
1693072889:[SBE61 ,0396]P +20109,T +19143,S +34589
1693072890:[MRMAID,0002]acq started
1693076453:[MRMAID,0003]acq stopped
1693076453:[MRMAID,0052]$MEASFS,140458,3510.201111,40.014232;
1693076488:[SBE61 ,0396]P +20197,T +19245,S +34587
1693076489:[MRMAID,0002]acq started
1693080062:[MRMAID,0003]acq stopped
1693080062:[MRMAID,0052]$MEASFS,140857,3520.172577,40.014231;
1693080098:[SBE61 ,0396]P +20113,T +19188,S +34588
1693080099:[MRMAID,0002]acq started
1693083662:[MRMAID,0003]acq stopped
1693083662:[MRMAID,0052]$MEASFS,140458,3510.201111,40.014232;
1693083697:[SBE61 ,0396]P +20059,T +19137,S +34589
1693083699:[MRMAID,0002]acq started
1693087262:[MRMAID,0003]acq stopped
1693087262:[MRMAID,0052]$MEASFS,140458,3510.201111,40.014232;
1693087297:[SBE61 ,0396]P +20115,T +19141,S +34589
1693087298:[MRMAID,0002]acq started
1693088575:[MRMAID,0027]2007dbar, 33degC
1693088713:[MRMAID,0005]ascent request rejected
1693090871:[MRMAID,0003]acq stopped
1693090871:[MRMAID,0052]$MEASFS,140859,3520.222564,40.014231;
1693090907:[SBE61 ,0396]P +20146,T +19137,S +34590
1693090908:[MRMAID,0002]acq started
1693094471:[MRMAID,0003]acq stopped
1693094471:[MRMAID,0052]$MEASFS,140460,3510.251098,40.014231;
1693094506:[SBE61 ,0396]P +20210,T +19227,S +34587
1693094508:[MRMAID,0002]acq started
1693097890:[MRMAID,0027]2009dbar, 33degC
1693098069:[MRMAID,0005]ascent request rejected
1693098081:[MRMAID,0052]$STO$MEASFS,140858,3520.197571,40.014231;
1693098084:[MRMAID,0185]8 spurious byte(s) received
1693098116:[SBE61 ,0396]P +20111,T +19220,S +34588
1693098117:[MRMAID,0002]acq started
1693101680:[MRMAID,0003]acq stopped
1693101680:[MRMAID,0052]$MEASFS,140469,3510.476014,40.014232;
1693101716:[SBE61 ,0396]P +20178,T +19176,S +34589
1693101717:[MRMAID,0002]acq started
1693105280:[MRMAID,0003]acq stopped
1693105280:[MRMAID,0052]$MEASFS,140463,3510.326080,40.014231;
1693105315:[SBE61 ,0396]P +20164,T +19290,S +34586
1693105316:[MRMAID,0002]acq started
1693108889:[MRMAID,0003]acq stopped
1693108889:[MRMAID,0052]$MEASFS,140858,3520.197571,40.014231;
1693108925:[SBE61 ,0396]P +20101,T +19221,S +34587
1693108926:[MRMAID,0002]acq started
1693112489:[MRMAID,0003]acq stopped
1693112489:[MRMAID,0052]$MEASFS,140458,3510.201111,40.014232;
1693112524:[SBE61 ,0396]P +20162,T +19185,S +34589
1693112526:[MRMAID,0002]acq started
1693116089:[MRMAID,0003]acq stopped
1693116089:[MRMAID,0052]$MEASFS,140459,3510.226135,40.014231;
1693116124:[SBE61 ,0396]P +20041,T +19138,S +34590
1693116125:[MRMAID,0002]acq started
1693119698:[MRMAID,0003]acq stopped
1693119698:[MRMAID,0052]$MEASFS,140861,3520.272552,40.014231;
1693119734:[SBE61 ,0396]P +20126,T +19072,S +34590
1693119735:[MRMAID,0002]acq started
1693123298:[MRMAID,0003]acq stopped
1693123298:[MRMAID,0052]$MEASFS,140458,3510.201141,40.014231;
1693123333:[SBE61 ,0396]P +20177,T +19088,S +34590
1693123335:[MRMAID,0002]acq started
1693126907:[MRMAID,0003]acq stopped
1693126908:[MRMAID,0052]$MEASFS,140859,3520.222565,40.014231;
1693126943:[SBE61 ,0396]P +20092,T +19060,S +34590
1693126944:[MRMAID,0002]acq started
1693130507:[MRMAID,0003]acq stopped
1693130507:[MRMAID,0052]$MEASFS,140459,3510.226105,40.014232;
1693130543:[SBE61 ,0396]P +20108,T +19059,S +34590
1693130544:[MRMAID,0002]acq started
1693134107:[MRMAID,0003]acq stopped
1693134107:[MRMAID,0052]$MEASFS,140460,3510.251099,40.014231;
1693134142:[SBE61 ,0396]P +20112,T +18967,S +34592
1693134143:[MRMAID,0002]acq started
1693137716:[MRMAID,0003]acq stopped
1693137716:[MRMAID,0052]$MEASFS,140858,3520.197540,40.014232;
1693137752:[SBE61 ,0396]P +20178,T +19036,S +34591
1693137753:[MRMAID,0002]acq started
1693141316:[MRMAID,0003]acq stopped
1693141316:[MRMAID,0052]$MEASFS,140459,3510.226105,40.014232;
1693141351:[SBE61 ,0396]P +20183,T +19062,S +34590
1693141353:[MRMAID,0002]acq started
1693144916:[MRMAID,0003]acq stopped
1693144916:[MRMAID,0052]$MEASFS,140459,3510.226105,40.014232;
1693144951:[SBE61 ,0396]P +20203,T +19176,S +34587
1693144952:[MRMAID,0002]acq started
1693148525:[MRMAID,0003]acq stopped
1693148525:[MRMAID,0052]$MEASFS,140858,3520.197540,40.014232;
1693148561:[SBE61 ,0396]P +20198,T +19191,S +34587
1693148562:[MRMAID,0002]acq started
1693152125:[MRMAID,0003]acq stopped
1693152125:[MRMAID,0052]$MEASFS,140458,3510.201110,40.014232;
1693152160:[SBE61 ,0396]P +20204,T +19260,S +34586
1693152162:[MRMAID,0002]acq started
1693154598:[MRMAID,0027]2020dbar, 33degC
1693154750:[MRMAID,0005]ascent request rejected
1693155735:[MRMAID,0003]acq stopped
1693155770:[SBE61 ,0396]P +20157,T +19344,S +34585
1693155771:[MRMAID,0002]acq started
1693155924:[MRMAID,0027]2013dbar, 33degC
1693156067:[MRMAID,0005]ascent request rejected
1693159334:[MRMAID,0003]acq stopped
1693159334:[MRMAID,0052]$MEASFS,140460,3510.251129,40.014231;
1693159370:[SBE61 ,0396]P +20160,T +19249,S +34587
1693159371:[MRMAID,0002]acq started
1693162934:[MRMAID,0003]acq stopped
1693162934:[MRMAID,0052]$MEASFS,140460,3510.251099,40.014231;
1693162969:[SBE61 ,0396]P +20178,T +19256,S +34586
1693162970:[MRMAID,0002]acq started
1693166543:[MRMAID,0003]acq stopped
1693166543:[MRMAID,0052]$MEASFS,140859,3520.222595,40.014231;
1693166579:[SBE61 ,0396]P +20126,T +19109,S +34590
1693166580:[MRMAID,0002]acq started
1693170143:[MRMAID,0003]acq stopped
1693170143:[MRMAID,0052]$MEASFS,140459,3510.226136,40.014231;
1693170178:[SBE61 ,0396]P +20133,T +19115,S +34589
1693170180:[MRMAID,0002]acq started
1693173743:[MRMAID,0003]acq stopped
1693173743:[MRMAID,0052]$MEASFS,140463,3510.326081,40.014231;
1693173778:[SBE61 ,0396]P +20219,T +19136,S +34589
1693173779:[MRMAID,0002]acq started
1693177352:[MRMAID,0003]acq stopped
1693177352:[MRMAID,0052]$MEASFS,140858,3520.197571,40.014231;
1693177388:[SBE61 ,0396]P +20085,T +19139,S +34589
1693177389:[MRMAID,0002]acq started
1693180045:[MRMAID,0027]2014dbar, 33degC
1693180198:[MRMAID,0005]ascent request rejected
1693180952:[MRMAID,0003]acq stopped
1693180952:[MRMAID,0052]$MEASFS,140458,3510.201111,40.014232;
1693180987:[SBE61 ,0396]P +20151,T +19096,S +34590
1693180989:[MRMAID,0002]acq started
1693184561:[MRMAID,0003]acq stopped
1693184562:[MRMAID,0052]$MEASFS,140858,3520.197540,40.014232;
1693184597:[SBE61 ,0396]P +20175,T +19100,S +34590
1693184598:[MRMAID,0002]acq started
1693187358:[MRMAID,0027]2012dbar, 33degC
1693187486:[MRMAID,0005]ascent request rejected
1693188161:[MRMAID,0003]acq stopped
1693188161:[MRMAID,0052]$MEASFS,140469,3510.476014,40.014232;
1693188197:[SBE61 ,0396]P +20186,T +19087,S +34590
1693188198:[MRMAID,0002]acq started
1693191761:[MRMAID,0003]acq stopped
1693191761:[MRMAID,0052]$MEASFS,140458,3510.201111,40.014232;
1693191796:[SBE61 ,0396]P +20169,T +19158,S +34588
1693191797:[MRMAID,0002]acq started
1693193015:[MRMAID,0027]2016dbar, 33degC
1693193161:[MRMAID,0005]ascent request rejected
1693195370:[MRMAID,0003]acq stopped
1693195370:[MRMAID,0052]$MEASFS,140858,3520.197540,40.014232;
1693195406:[SBE61 ,0396]P +20288,T +19271,S +34586
1693195407:[MRMAID,0002]acq started
1693198970:[MRMAID,0003]acq stopped
1693198970:[MRMAID,0052]$MEASFS,140460,3510.251099,40.014231;
1693199005:[SBE61 ,0396]P +20173,T +19260,S +34587
1693199007:[MRMAID,0002]acq started
1693202570:[MRMAID,0003]acq stopped
1693202570:[MRMAID,0052]$MEASFS,140460,3510.251099,40.014231;
1693202605:[SBE61 ,0396]P +20129,T +19133,S +34590
1693202606:[MRMAID,0002]acq started
1693206179:[MRMAID,0003]acq stopped
1693206179:[MRMAID,0052]$MEASFS,140859,3520.222535,40.014232;
1693206215:[SBE61 ,0396]P +20156,T +19051,S +34590
1693206216:[MRMAID,0002]acq started
1693209779:[MRMAID,0003]acq stopped
1693209779:[MRMAID,0052]$MEASFS,140459,3510.226104,40.014232;
1693209814:[SBE61 ,0396]P +20177,T +19033,S +34591
1693209816:[MRMAID,0002]acq started
1693213388:[MRMAID,0003]acq stopped
1693213389:[MRMAID,0052]$MEASFS,140859,3520.222534,40.014232;
1693213424:[SBE61 ,0396]P +20188,T +19050,S +34590
1693213425:[MRMAID,0002]acq started
1693213799:[MRMAID,0027]2016dbar, 33degC
1693213957:[MRMAID,0005]ascent request rejected
1693214136:[MRMAID,0027]2015dbar, 33degC
1693214342:[MRMAID,0005]ascent request rejected
1693216988:[MRMAID,0003]acq stopped
1693216988:[MRMAID,0052]$MEASFS,140459,3510.226075,40.014232;
1693217024:[SBE61 ,0396]P +20214,T +19054,S +34590
1693217025:[MRMAID,0002]acq started
1693220588:[MRMAID,0003]acq stopped
1693220588:[MRMAID,0052]$MEASFS,140463,3510.326050,40.014232;
1693220623:[SBE61 ,0396]P +20141,T +19073,S +34590
1693220624:[MRMAID,0002]acq started
1693224197:[MRMAID,0003]acq stopped
1693224197:[MRMAID,0052]$MEASFS,140857,3520.172577,40.014231;
1693224233:[SBE61 ,0396]P +20298,T +19134,S +34589
1693224234:[MRMAID,0002]acq started
1693227797:[MRMAID,0003]acq stopped
1693227797:[MRMAID,0052]$MEASFS,140458,3510.201111,40.014232;
1693227832:[SBE61 ,0396]P +20314,T +19316,S +34586
1693227834:[MRMAID,0002]acq started
1693231397:[MRMAID,0003]acq stopped
1693231397:[MRMAID,0052]$MEASFS,140461,3510.276093,40.014231;
1693231432:[SBE61 ,0396]P +20295,T +19401,S +34585
1693231433:[MRMAID,0002]acq started
1693235006:[MRMAID,0003]acq stopped
1693235006:[MRMAID,0052]$MEASFS,140859,3520.222534,40.014232;
1693235042:[SBE61 ,0396]P +20239,T +19533,S +34583
1693235043:[MRMAID,0002]acq started
1693238606:[MRMAID,0003]acq stopped
1693238606:[MRMAID,0052]$MEASFS,140464,3510.351074,40.014231;
1693238641:[SBE61 ,0396]P +20254,T +19548,S +34583
1693238643:[MRMAID,0002]acq started
1693242215:[MRMAID,0003]acq stopped
1693242216:[MRMAID,0052]$MEASFS,140859,3520.222565,40.014231;
1693242251:[SBE61 ,0396]P +20097,T +19450,S +34585
1693242252:[MRMAID,0002]acq started
1693245815:[MRMAID,0003]acq stopped
1693245815:[MRMAID,0052]$MEASFS,140459,3510.226136,40.014231;
1693245851:[SBE61 ,0396]P +20143,T +19212,S +34587
1693245852:[MRMAID,0002]acq started
1693249415:[MRMAID,0003]acq stopped
1693249415:[MRMAID,0052]$MEASFS,140459,3510.226166,40.014231;
1693249450:[SBE61 ,0396]P +20144,T +19099,S +34589
1693249451:[MRMAID,0002]acq started
1693252966:[MRMAID,0027]2012dbar, 33degC
1693253060:[SBE61 ,0396]P +20155,T +19047,S +34590
1693253070:[MRMAID,0184]acq already started
1693253124:[MRMAID,0059]stop canceled
1693253129:[MRMAID,0005]ascent request rejected
1693256634:[MRMAID,0003]acq stopped
1693256634:[MRMAID,0052]$MEASFS,285278,7129.413513,40.014231;
1693256669:[SBE61 ,0396]P +20168,T +19029,S +34591
1693256670:[MRMAID,0002]acq started
1693260233:[MRMAID,0003]acq stopped
1693260233:[MRMAID,0052]$MEASFS,140458,3510.201111,40.014232;
1693260269:[SBE61 ,0396]P +20224,T +19081,S +34590
1693260270:[MRMAID,0002]acq started
1693263833:[MRMAID,0003]acq stopped
1693263833:[MRMAID,0052]$MEASFS,140458,3510.201111,40.014232;
1693263868:[SBE61 ,0396]P +20148,T +18978,S +34592
1693263869:[MRMAID,0002]acq started
1693267442:[MRMAID,0003]acq stopped
1693267443:[MRMAID,0052]$MEASFS,140860,3520.247559,40.014231;
1693267478:[SBE61 ,0396]P +20218,T +18873,S +34594
1693267479:[MRMAID,0002]acq started
1693268659:[MRMAID,0027]2022dbar, 33degC
1693268820:[MRMAID,0005]ascent request rejected
1693271042:[MRMAID,0003]acq stopped
1693271042:[MRMAID,0052]$MEASFS,140460,3510.251099,40.014231;
1693271077:[SBE61 ,0396]P +20212,T +19014,S +34591
1693271079:[MRMAID,0002]acq started
1693274642:[MRMAID,0003]acq stopped
1693274642:[MRMAID,0052]$MEASFS,140470,3510.500976,40.014232;
1693274677:[SBE61 ,0396]P +20270,T +19117,S +34589
1693274678:[MRMAID,0002]acq started
1693278251:[MRMAID,0003]acq stopped
1693278251:[MRMAID,0052]$MEASFS,140858,3520.197540,40.014232;
1693278287:[SBE61 ,0396]P +20299,T +19277,S +34587
1693278288:[MRMAID,0002]acq started
1693281851:[MRMAID,0003]acq stopped
1693281851:[MRMAID,0052]$MEASFS,140459,3510.226074,40.014232;
1693281886:[SBE61 ,0396]P +20155,T +19229,S +34587
1693281888:[MRMAID,0002]acq started
1693284092:[MRMAID,0027]2026dbar, 33degC
1693284232:[MRMAID,0005]ascent request rejected
1693285461:[MRMAID,0003]acq stopped
1693285461:[MRMAID,0052]$MEASFS,140857,3520.172546,40.014232;
1693285496:[SBE61 ,0396]P +20308,T +19239,S +34587
1693285497:[MRMAID,0002]acq started
1693289060:[MRMAID,0003]acq stopped
1693289060:[MRMAID,0052]$MEASFS,140458,3510.201111,40.014232;
1693289096:[SBE61 ,0396]P +20226,T +19248,S +34587
1693289097:[MRMAID,0002]acq started
1693292660:[MRMAID,0003]acq stopped
1693292660:[MRMAID,0052]$MEASFS,140459,3510.226105,40.014232;
1693292695:[SBE61 ,0396]P +20160,T +19173,S +34588
1693292696:[MRMAID,0002]acq started
1693296269:[MRMAID,0003]acq stopped
1693296270:[MRMAID,0052]$MEASFS,140858,3520.197571,40.014231;
1693296305:[SBE61 ,0396]P +20214,T +19111,S +34590
1693296306:[MRMAID,0002]acq started
1693299869:[MRMAID,0003]acq stopped
1693299869:[MRMAID,0052]$MEASFS,140458,3510.201111,40.014232;
1693299904:[SBE61 ,0396]P +20182,T +19112,S +34590
1693299906:[MRMAID,0002]acq started
1693303469:[MRMAID,0003]acq stopped
1693303469:[MRMAID,0052]$MEASFS,140460,3510.251098,40.014231;
1693303504:[SBE61 ,0396]P +20164,T +19055,S +34590
1693303505:[MRMAID,0002]acq started
1693304357:[MRMAID,0027]2015dbar, 33degC
1693304491:[MRMAID,0005]ascent request rejected
1693307078:[MRMAID,0003]acq stopped
1693307078:[MRMAID,0052]$MEASFS,140858,3520.197541,40.014232;
1693307114:[SBE61 ,0396]P +20197,T +19030,S +34591
1693307115:[MRMAID,0002]acq started
1693310678:[MRMAID,0003]acq stopped
1693310678:[MRMAID,0052]$MEASFS,140460,3510.251099,40.014231;
1693310713:[SBE61 ,0396]P +20325,T +19160,S +34588
1693310715:[MRMAID,0002]acq started
1693314278:[MRMAID,0003]acq stopped
1693314278:[MRMAID,0052]$MEASFS,140459,3510.226074,40.014232;
1693314313:[SBE61 ,0396]P +20339,T +19342,S +34585
1693314314:[MRMAID,0002]acq started
1693315075:[MRMAID,0027]2031dbar, 33degC
1693315233:[MRMAID,0005]ascent request rejected
1693317887:[MRMAID,0003]acq stopped
1693317887:[MRMAID,0052]$MEASFS,140860,3520.247528,40.014232;
1693317923:[SBE61 ,0396]P +20316,T +19535,S +34583
1693317924:[MRMAID,0002]acq started
1693318443:[MRMAID,0027]2028dbar, 33degC
1693318577:[MRMAID,0005]ascent request rejected
1693321487:[MRMAID,0003]acq stopped
1693321487:[MRMAID,0052]$MEASFS,140457,3510.176147,40.014231;
1693321522:[SBE61 ,0396]P +20313,T +19547,S +34583
1693321524:[MRMAID,0002]acq started
1693325096:[MRMAID,0003]acq stopped
1693325097:[MRMAID,0052]$MEASFS,140858,3520.197601,40.014231;
1693325132:[SBE61 ,0396]P +20165,T +19495,S +34584
1693325133:[MRMAID,0002]acq started
1693328696:[MRMAID,0003]acq stopped
1693328696:[MRMAID,0052]$MEASFS,140462,3510.301087,40.014231;
1693328732:[SBE61 ,0396]P +20090,T +19329,S +34586
1693328733:[MRMAID,0002]acq started
1693332296:[MRMAID,0003]acq stopped
1693332296:[MRMAID,0052]$MEASFS,140458,3510.201172,40.014231;
1693332331:[SBE61 ,0396]P +20038,T +19148,S +34587
1693332332:[MRMAID,0002]acq started
1693335905:[MRMAID,0003]acq stopped
1693335905:[MRMAID,0052]$MEASFS,140857,3520.172577,40.014231;
1693335941:[SBE61 ,0396]P +20216,T +19054,S +34590
1693335942:[MRMAID,0002]acq started
1693339505:[MRMAID,0003]acq stopped
1693339505:[MRMAID,0052]$MEASFS,140460,3510.251099,40.014231;
1693339540:[SBE61 ,0396]P +20194,T +19058,S +34590
1693339542:[MRMAID,0002]acq started
1693343105:[MRMAID,0003]acq stopped
1693343105:[MRMAID,0052]$MEASFS,140460,3510.251099,40.014231;
1693343140:[SBE61 ,0396]P +20406,T +19112,S +34589
1693343141:[MRMAID,0002]acq started
1693346714:[MRMAID,0003]acq stopped
1693346714:[MRMAID,0052]$MEASFS,140858,3520.197571,40.014231;
1693346750:[SBE61 ,0396]P +20256,T +19102,S +34590
1693346751:[MRMAID,0002]acq started
1693350314:[MRMAID,0003]acq stopped
1693350314:[MRMAID,0052]$MEASFS,140459,3510.226105,40.014232;
1693350349:[SBE61 ,0396]P +20091,T +19041,S +34590
1693350351:[MRMAID,0002]acq started
1693353378:[MAIN  ,0140]stage[1] complete 27387s after mission start
1693353385:[SBE   ,0391]Mode changed from PROFILING to SLEEP
1693353386:[MRMAID,0003]acq stopped
1693353386:[MRMAID,0052]$MEASFS,119333,2982.263947,40.014232;
1693353386:[MAIN  ,0056]stage[2]
1693353388:[MAIN  ,0024]internal pressure 76929Pa
1693353389:[BUOY  ,0037]P+202203mbar
1693353391:[BUOY  ,0087]from +1mbar/s to +9mbar/s
1693353391:[BUOY  ,0090]need to transfer -128mL (valve during 3635ms)
1693353391:[VALVE ,0034]valve opening 3635ms
1693353395:[VALVE ,0234]battery 14341mV,  518500uA, P+202223mbar
1693353716:[BUOY  ,0087]from +7mbar/s to +9mbar/s
1693353716:[BUOY  ,0090]need to transfer -52mL (valve during 1467ms)
1693353716:[VALVE ,0034]valve opening 1467ms
1693353718:[VALVE ,0234]battery 14486mV,  523380uA, P+204473mbar
1693354016:[PRESS ,0038]P+206973mbar,T+32767mdegC
1693354041:[BUOY  ,0087]from +7mbar/s to +9mbar/s
1693354041:[BUOY  ,0090]need to transfer -52mL (valve during 1457ms)
1693354041:[VALVE ,0034]valve opening 1457ms
1693354043:[VALVE ,0234]battery 14492mV,  523624uA, P+207143mbar
1693354666:[PRESS ,0038]P+213173mbar,T+32767mdegC
1693355316:[PRESS ,0038]P+219533mbar,T+32767mdegC
1693355966:[PRESS ,0038]P+225973mbar,T+32767mdegC
1693356616:[PRESS ,0038]P+232313mbar,T+32767mdegC
1693357266:[PRESS ,0038]P+238633mbar,T+32767mdegC
1693357915:[PRESS ,0038]P+244723mbar,T+32767mdegC
1693358565:[PRESS ,0038]P+250263mbar,T+32767mdegC
1693359215:[PRESS ,0038]P+255583mbar,T+32767mdegC
1693359565:[BUOY  ,0087]from +7mbar/s to +9mbar/s
1693359565:[BUOY  ,0090]need to transfer -52mL (valve during 1305ms)
1693359565:[VALVE ,0034]valve opening 1305ms
1693359566:[VALVE ,0234]battery 14453mV,  524356uA, P+258133mbar
1693359865:[PRESS ,0038]P+260933mbar,T+32767mdegC
1693360515:[PRESS ,0038]P+268143mbar,T+32767mdegC
1693361165:[PRESS ,0038]P+275333mbar,T+32767mdegC
1693361189:[BUOY  ,0087]from +11mbar/s to +6mbar/s
1693361189:[PUMP  ,0378]Outflow calculated : 2669
1693361189:[BUOY  ,0089]need to transfer +136mL (pump during 199706ms)
1693361191:[PUMP  ,0016]pump during 60000ms
1693361250:[PUMP  ,0212]battery 14441mV, 1175226uA (steady state), P+275633mbar
1693361516:[BUOY  ,0087]from +16mbar/s to +6mbar/s
1693361516:[PUMP  ,0378]Outflow calculated : 2662
1693361516:[BUOY  ,0089]need to transfer +352mL (pump during 535769ms)
1693361517:[PUMP  ,0016]pump during 60000ms
1693361576:[PUMP  ,0212]battery 14337mV, 1188768uA (steady state), P+280193mbar
1693361817:[PRESS ,0038]P+284573mbar,T+32767mdegC
1693361842:[BUOY  ,0087]from +12mbar/s to +6mbar/s
1693361842:[PUMP  ,0378]Outflow calculated : 2659
1693361842:[BUOY  ,0089]need to transfer +172mL (pump during 262195ms)
1693361844:[PUMP  ,0016]pump during 60000ms
1693361903:[PUMP  ,0212]battery 14338mV, 1196698uA (steady state), P+284883mbar
1693362169:[BUOY  ,0087]from +9mbar/s to +6mbar/s
1693362169:[PUMP  ,0378]Outflow calculated : 2657
1693362169:[BUOY  ,0089]need to transfer +72mL (pump during 109756ms)
1693362170:[PUMP  ,0016]pump during 60000ms
1693362229:[PUMP  ,0212]battery 14351mV, 1208776uA (steady state), P+288223mbar
1693362470:[PRESS ,0038]P+290643mbar,T+32767mdegC
1693362820:[BUOY  ,0087]from +7mbar/s to +2mbar/s
1693362820:[PUMP  ,0378]Outflow calculated : 2655
1693362820:[BUOY  ,0089]need to transfer +72mL (pump during 109256ms)
1693362821:[PUMP  ,0016]pump during 60000ms
1693362880:[PUMP  ,0212]battery 14451mV, 1231712uA (steady state), P+293023mbar
1693363146:[BUOY  ,0087]from +5mbar/s to +2mbar/s
1693363146:[PUMP  ,0378]Outflow calculated : 2654
1693363146:[BUOY  ,0089]need to transfer +34mL (pump during 51666ms)
1693363148:[PUMP  ,0016]pump during 51666ms
1693363199:[PUMP  ,0212]battery 14385mV, 1235982uA (steady state), P+294903mbar
1693363448:[PRESS ,0038]P+296233mbar,T+32767mdegC
1693363473:[STAGE ,0213]296303mbar reached at 1693363473s, ref 300000mbar +/-5000mbar
1693363473:[BUOY  ,0087]from +3mbar/s to +0mbar/s
1693363473:[PUMP  ,0378]Outflow calculated : 2653
1693363473:[BUOY  ,0089]need to transfer +14mL (pump during 21283ms)
1693363474:[PUMP  ,0016]pump during 21283ms
1693363495:[PUMP  ,0212]battery 14385mV, 1243790uA (steady state), P+296303mbar
1693363799:[BUOY  ,0087]from +3mbar/s to +0mbar/s
1693363799:[PUMP  ,0378]Outflow calculated : 2653
1693363799:[BUOY  ,0089]need to transfer +14mL (pump during 21227ms)
1693363800:[PUMP  ,0016]pump during 21227ms
1693363822:[PUMP  ,0212]battery 14421mV, 1252940uA (steady state), P+297473mbar
1693364126:[BUOY  ,0087]from +4mbar/s to +0mbar/s
1693364126:[PUMP  ,0378]Outflow calculated : 2652
1693364126:[BUOY  ,0089]need to transfer +26mL (pump during 39437ms)
1693364127:[PUMP  ,0016]pump during 39437ms
1693364166:[PUMP  ,0212]battery 14437mV, 1260260uA (steady state), P+298643mbar
1693364452:[BUOY  ,0087]from +3mbar/s to +0mbar/s
1693364452:[PUMP  ,0378]Outflow calculated : 2651
1693364452:[BUOY  ,0089]need to transfer +14mL (pump during 21381ms)
1693364453:[PUMP  ,0016]pump during 21381ms
1693364474:[PUMP  ,0212]battery 14416mV, 1260504uA (steady state), P+299423mbar
1693365078:[BUOY  ,0087]from -1mbar/s to +0mbar/s
1693365078:[BUOY  ,0090]need to transfer -2mL (valve during 47ms)
1693365079:[VALVE ,0034]valve opening 47ms
1693365391:[PRESS ,0038]P+301263mbar,T+32767mdegC
1693365404:[BUOY  ,0087]from +7mbar/s to +0mbar/s
1693365404:[PUMP  ,0378]Outflow calculated : 2651
1693365404:[BUOY  ,0089]need to transfer +78mL (pump during 117470ms)
1693365405:[PUMP  ,0016]pump during 60000ms
1693365464:[PUMP  ,0212]battery 14533mV, 1256844uA (steady state), P+301343mbar
1693365730:[BUOY  ,0087]from +8mbar/s to +0mbar/s
1693365730:[PUMP  ,0378]Outflow calculated : 2650
1693365730:[BUOY  ,0089]need to transfer +102mL (pump during 153614ms)
1693365731:[PUMP  ,0016]pump during 60000ms
1693365790:[PUMP  ,0212]battery 14410mV, 1269166uA (steady state), P+303643mbar
1693366056:[BUOY  ,0087]from +8mbar/s to -2mbar/s
1693366056:[PUMP  ,0378]Outflow calculated : 2648
1693366056:[BUOY  ,0089]need to transfer +108mL (pump during 163885ms)
1693366058:[PUMP  ,0016]pump during 60000ms
1693366117:[PUMP  ,0212]battery 14390mV, 1281244uA (steady state), P+305873mbar
1693366358:[PRESS ,0038]P+306653mbar,T+32767mdegC
1693366383:[BUOY  ,0087]from +0mbar/s to -2mbar/s
1693366383:[PUMP  ,0378]Outflow calculated : 2647
1693366383:[BUOY  ,0089]need to transfer +6mL (pump during 9111ms)
1693366384:[PUMP  ,0016]pump during 9111ms
1693366393:[PUMP  ,0212]battery 14386mV, 1285026uA (steady state), P+306653mbar
1693366709:[BUOY  ,0087]from +0mbar/s to -2mbar/s
1693366709:[PUMP  ,0378]Outflow calculated : 2648
1693366709:[BUOY  ,0089]need to transfer +6mL (pump during 9060ms)
1693366710:[PUMP  ,0016]pump during 9060ms
1693366720:[PUMP  ,0212]battery 14455mV, 1280634uA (steady state), P+306393mbar
1693367360:[BUOY  ,0087]from -4mbar/s to +0mbar/s
1693367360:[BUOY  ,0090]need to transfer -26mL (valve during 601ms)
1693367360:[VALVE ,0034]valve opening 601ms
1693367361:[VALVE ,0234]battery 14745mV,  526796uA, P+304893mbar
1693367685:[MAIN  ,0140]stage[2] complete -23842s after mission start
1693367685:[MAIN  ,0056]stage[3]
1693367688:[MAIN  ,0024]internal pressure 77704Pa
1693367688:[SBE   ,0391]Mode changed from SLEEP to UPDATE
1693367689:[BUOY  ,0037]P+306343mbar
1693367690:[BUOY  ,0087]from +7mbar/s to -10mbar/s
1693367690:[PUMP  ,0378]Outflow calculated : 2649
1693367690:[BUOY  ,0089]need to transfer +238mL (pump during 356287ms)
1693367692:[PUMP  ,0016]pump during 60000ms
1693367693:[SBE   ,0391]Mode changed from UPDATE to START
1693367693:[SBE   ,0384]Start profil acquisitions
1693367693:[SBE   ,0391]Mode changed from START to PROFILING
1693367751:[PUMP  ,0212]battery 14540mV, 1333216uA (steady state), P+306353mbar
1693368017:[BUOY  ,0087]from +4mbar/s to -10mbar/s
1693368017:[PUMP  ,0378]Outflow calculated : 2645
1693368017:[BUOY  ,0089]need to transfer +186mL (pump during 285276ms)
1693368018:[PUMP  ,0016]pump during 60000ms
1693368077:[PUMP  ,0212]battery 14383mV, 1295030uA (steady state), P+307703mbar
1693368343:[BUOY  ,0087]from -3mbar/s to -10mbar/s
1693368343:[PUMP  ,0378]Outflow calculated : 2645
1693368343:[BUOY  ,0089]need to transfer +146mL (pump during 223926ms)
1693368344:[PUMP  ,0016]pump during 60000ms
1693368403:[PUMP  ,0212]battery 14363mV, 1304912uA (steady state), P+307703mbar
1693368669:[BUOY  ,0087]from -4mbar/s to -10mbar/s
1693368670:[PUMP  ,0378]Outflow calculated : 2644
1693368670:[BUOY  ,0089]need to transfer +134mL (pump during 208398ms)
1693368671:[PUMP  ,0016]pump during 60000ms
1693368730:[PUMP  ,0212]battery 14358mV, 1305156uA (steady state), P+306603mbar
1693368996:[BUOY  ,0087]from -7mbar/s to -10mbar/s
1693368996:[PUMP  ,0378]Outflow calculated : 2645
1693368996:[BUOY  ,0089]need to transfer +82mL (pump during 127527ms)
1693368997:[PUMP  ,0016]pump during 60000ms
1693369056:[PUMP  ,0212]battery 14356mV, 1294054uA (steady state), P+304653mbar
1693369322:[BUOY  ,0087]from -8mbar/s to -10mbar/s
1693369322:[PUMP  ,0378]Outflow calculated : 2647
1693369322:[BUOY  ,0089]need to transfer +58mL (pump during 90062ms)
1693369324:[PUMP  ,0016]pump during 60000ms
1693369383:[PUMP  ,0212]battery 14358mV, 1278926uA (steady state), P+302303mbar
1693369624:[PRESS ,0038]P+299963mbar,T+32767mdegC
1693369649:[BUOY  ,0087]from -8mbar/s to -10mbar/s
1693369649:[PUMP  ,0378]Outflow calculated : 2651
1693369649:[BUOY  ,0089]need to transfer +58mL (pump during 88415ms)
1693369650:[PUMP  ,0016]pump during 60000ms
1693369709:[PUMP  ,0212]battery 14356mV, 1283440uA (steady state), P+299763mbar
1693369975:[BUOY  ,0087]from -7mbar/s to -10mbar/s
1693369975:[PUMP  ,0378]Outflow calculated : 2652
1693369975:[BUOY  ,0089]need to transfer +82mL (pump during 125000ms)
1693369976:[PUMP  ,0016]pump during 60000ms
1693370035:[PUMP  ,0212]battery 14363mV, 1260992uA (steady state), P+297323mbar
1693370287:[PRESS ,0038]P+294953mbar,T+32767mdegC
1693370302:[BUOY  ,0087]from -8mbar/s to -10mbar/s
1693370302:[PUMP  ,0378]Outflow calculated : 2653
1693370302:[BUOY  ,0089]need to transfer +58mL (pump during 88685ms)
1693370303:[PUMP  ,0016]pump during 60000ms
1693370362:[PUMP  ,0212]battery 14363mV, 1259894uA (steady state), P+294873mbar
1693370628:[BUOY  ,0087]from -8mbar/s to -10mbar/s
1693370628:[PUMP  ,0378]Outflow calculated : 2655
1693370628:[BUOY  ,0089]need to transfer +58mL (pump during 88550ms)
1693370629:[PUMP  ,0016]pump during 60000ms
1693370688:[PUMP  ,0212]battery 14368mV, 1248548uA (steady state), P+292393mbar
1693370930:[PRESS ,0038]P+289503mbar,T+32767mdegC
1693371579:[PRESS ,0038]P+281663mbar,T+32767mdegC
1693371929:[BUOY  ,0087]from -9mbar/s to -10mbar/s
1693371929:[PUMP  ,0378]Outflow calculated : 2665
1693371929:[BUOY  ,0089]need to transfer +30mL (pump during 44980ms)
1693371930:[PUMP  ,0016]pump during 44980ms
1693371974:[PUMP  ,0212]battery 14548mV, 1194136uA (steady state), P+277653mbar
1693372231:[PRESS ,0038]P+274813mbar,T+32767mdegC
1693372880:[PRESS ,0038]P+267643mbar,T+32767mdegC
1693373530:[PRESS ,0038]P+260873mbar,T+32767mdegC
1693373555:[BUOY  ,0087]from -9mbar/s to -10mbar/s
1693373555:[PUMP  ,0378]Outflow calculated : 2676
1693373555:[BUOY  ,0089]need to transfer +30mL (pump during 44537ms)
1693373556:[PUMP  ,0016]pump during 44537ms
1693373600:[PUMP  ,0212]battery 14576mV, 1135942uA (steady state), P+260613mbar
1693373881:[BUOY  ,0087]from -9mbar/s to -10mbar/s
1693373881:[PUMP  ,0378]Outflow calculated : 2677
1693373882:[BUOY  ,0089]need to transfer +30mL (pump during 44989ms)
1693373883:[PUMP  ,0016]pump during 44989ms
1693373927:[PUMP  ,0212]battery 14457mV, 1128866uA (steady state), P+257743mbar
1693374183:[PRESS ,0038]P+255003mbar,T+32767mdegC
1693374833:[PRESS ,0038]P+248473mbar,T+32767mdegC
1693375483:[PRESS ,0038]P+241773mbar,T+32767mdegC
1693376132:[PRESS ,0038]P+234863mbar,T+32767mdegC
1693376782:[PRESS ,0038]P+227813mbar,T+32767mdegC
1693377432:[PRESS ,0038]P+220933mbar,T+32767mdegC
1693378082:[PRESS ,0038]P+213983mbar,T+32767mdegC
1693378732:[PRESS ,0038]P+207273mbar,T+32767mdegC
1693379081:[BUOY  ,0087]from -9mbar/s to -10mbar/s
1693379081:[PUMP  ,0378]Outflow calculated : 2711
1693379081:[BUOY  ,0089]need to transfer +30mL (pump during 43808ms)
1693379083:[PUMP  ,0016]pump during 43808ms
1693379126:[PUMP  ,0212]battery 14641mV,  931470uA (steady state), P+203943mbar
1693379383:[PRESS ,0038]P+200943mbar,T+32767mdegC
1693379733:[BUOY  ,0087]from -9mbar/s to -10mbar/s
1693379733:[PUMP  ,0378]Outflow calculated : 2713
1693379733:[BUOY  ,0089]need to transfer +30mL (pump during 44477ms)
1693379734:[PUMP  ,0016]pump during 44477ms
1693379778:[PUMP  ,0212]battery 14578mV,  904142uA (steady state), P+197613mbar
1693380034:[PRESS ,0038]P+194713mbar,T+32767mdegC
1693380384:[BUOY  ,0087]from -9mbar/s to -10mbar/s
1693380384:[PUMP  ,0378]Outflow calculated : 2716
1693380384:[BUOY  ,0089]need to transfer +30mL (pump during 44755ms)
1693380385:[PUMP  ,0016]pump during 44755ms
1693380429:[PUMP  ,0212]battery 14572mV,  882304uA (steady state), P+191333mbar
1693380686:[PRESS ,0038]P+188293mbar,T+32767mdegC
1693381335:[PRESS ,0038]P+181623mbar,T+32767mdegC
1693381985:[PRESS ,0038]P+174923mbar,T+32767mdegC
1693382635:[PRESS ,0038]P+168343mbar,T+32767mdegC
1693382985:[BUOY  ,0087]from -9mbar/s to -10mbar/s
1693382985:[PUMP  ,0378]Outflow calculated : 2734
1693382985:[BUOY  ,0089]need to transfer +30mL (pump during 43486ms)
1693382986:[PUMP  ,0016]pump during 43486ms
1693383029:[PUMP  ,0212]battery 14678mV,  793488uA (steady state), P+164893mbar
1693383286:[PRESS ,0038]P+161673mbar,T+32767mdegC
1693383936:[PRESS ,0038]P+155003mbar,T+32767mdegC
1693384586:[PRESS ,0038]P+148303mbar,T+32767mdegC
1693385236:[PRESS ,0038]P+142043mbar,T+32767mdegC
1693385260:[BUOY  ,0087]from -9mbar/s to -10mbar/s
1693385261:[PUMP  ,0378]Outflow calculated : 2747
1693385261:[BUOY  ,0089]need to transfer +30mL (pump during 43286ms)
1693385262:[PUMP  ,0016]pump during 43286ms
1693385305:[PUMP  ,0212]battery 14702mV,  712480uA (steady state), P+141783mbar
1693385587:[BUOY  ,0087]from -9mbar/s to -10mbar/s
1693385587:[PUMP  ,0378]Outflow calculated : 2749
1693385587:[BUOY  ,0089]need to transfer +30mL (pump during 43255ms)
1693385588:[PUMP  ,0016]pump during 43255ms
1693385631:[PUMP  ,0212]battery 14601mV,  705770uA (steady state), P+138673mbar
1693385889:[PRESS ,0038]P+135543mbar,T+32767mdegC
1693385913:[BUOY  ,0087]from -9mbar/s to -10mbar/s
1693385913:[PUMP  ,0378]Outflow calculated : 2750
1693385913:[BUOY  ,0089]need to transfer +30mL (pump during 43852ms)
1693385915:[PUMP  ,0016]pump during 43852ms
1693385958:[PUMP  ,0212]battery 14573mV,  685396uA (steady state), P+135303mbar
1693386540:[PRESS ,0038]P+128183mbar,T+32767mdegC
1693387190:[PRESS ,0038]P+120463mbar,T+32767mdegC
1693387839:[PRESS ,0038]P+113723mbar,T+32767mdegC
1693388489:[PRESS ,0038]P+107473mbar,T+32767mdegC
1693389139:[PRESS ,0038]P+100953mbar,T+32767mdegC
1693389789:[PRESS ,0038]P +94143mbar,T+32767mdegC
1693390138:[BUOY  ,0087]from -9mbar/s to -10mbar/s
1693390139:[PUMP  ,0378]Outflow calculated : 2778
1693390139:[BUOY  ,0089]need to transfer +30mL (pump during 42763ms)
1693390140:[PUMP  ,0016]pump during 42763ms
1693390182:[PUMP  ,0212]battery 14798mV,  521062uA (steady state), P +90683mbar
1693390440:[PRESS ,0038]P +87693mbar,T+32767mdegC
1693390465:[BUOY  ,0087]from -9mbar/s to -10mbar/s
1693390465:[PUMP  ,0378]Outflow calculated : 2780
1693390465:[BUOY  ,0089]need to transfer +30mL (pump during 42732ms)
1693390466:[PUMP  ,0016]pump during 42732ms
1693390508:[PUMP  ,0212]battery 14712mV,  515084uA (steady state), P +87483mbar
1693390791:[BUOY  ,0087]from -9mbar/s to -10mbar/s
1693390791:[PUMP  ,0378]Outflow calculated : 2781
1693390791:[BUOY  ,0089]need to transfer +30mL (pump during 43323ms)
1693390793:[PUMP  ,0016]pump during 43323ms
1693390836:[PUMP  ,0212]battery 14682mV,  500688uA (steady state), P +84383mbar
1693391093:[PRESS ,0038]P +81353mbar,T+32767mdegC
1693391743:[PRESS ,0038]P +74593mbar,T+32767mdegC
1693392393:[PRESS ,0038]P +67643mbar,T+32767mdegC
1693392742:[BUOY  ,0087]from -9mbar/s to -10mbar/s
1693392742:[PUMP  ,0378]Outflow calculated : 2794
1693392742:[BUOY  ,0089]need to transfer +30mL (pump during 42585ms)
1693392744:[PUMP  ,0016]pump during 42585ms
1693392786:[PUMP  ,0212]battery 14838mV,  426024uA (steady state), P +64243mbar
1693393044:[PRESS ,0038]P +60963mbar,T+32767mdegC
1693393694:[PRESS ,0038]P +54233mbar,T+32767mdegC
1693394343:[PRESS ,0038]P +47433mbar,T+32767mdegC
1693394993:[PRESS ,0038]P +41303mbar,T+32767mdegC
1693395018:[BUOY  ,0087]from -9mbar/s to -10mbar/s
1693395018:[PUMP  ,0378]Outflow calculated : 2808
1693395018:[BUOY  ,0089]need to transfer +30mL (pump during 42292ms)
1693395019:[PUMP  ,0016]pump during 42292ms
1693395061:[PUMP  ,0212]battery 14913mV,  340624uA (steady state), P +41073mbar
1693395645:[PRESS ,0038]P +34723mbar,T+32767mdegC
1693395669:[BUOY  ,0087]from -9mbar/s to -10mbar/s
1693395669:[PUMP  ,0378]Outflow calculated : 2811
1693395669:[BUOY  ,0089]need to transfer +30mL (pump during 42393ms)
1693395671:[PUMP  ,0016]pump during 42393ms
1693395713:[PUMP  ,0212]battery 14903mV,  312564uA (steady state), P +34493mbar
1693396296:[PRESS ,0038]P +27983mbar,T+32767mdegC
1693396946:[PRESS ,0038]P +20673mbar,T+32767mdegC
1693397595:[PRESS ,0038]P +14153mbar,T+32767mdegC
1693398245:[PRESS ,0038]P  +7993mbar,T+32767mdegC
1693398270:[BUOY  ,0087]from -8mbar/s to -10mbar/s
1693398270:[PUMP  ,0378]Outflow calculated : 2827
1693398270:[BUOY  ,0089]need to transfer +58mL (pump during 81006ms)
1693398271:[PUMP  ,0016]pump during 60000ms
1693398330:[PUMP  ,0212]battery 15051mV,  208376uA (steady state), P  +7803mbar
1693398596:[BUOY  ,0087]from -8mbar/s to -10mbar/s
1693398596:[PUMP  ,0378]Outflow calculated : 2829
1693398596:[BUOY  ,0089]need to transfer +58mL (pump during 81346ms)
1693398598:[PUMP  ,0016]pump during 60000ms
1693398657:[PUMP  ,0212]battery 15015mV,  194346uA (steady state), P  +5023mbar
1693398902:[PRESS ,0038]P  +2983mbar,T+32767mdegC
1693398923:[BUOY  ,0087]from -7mbar/s to -10mbar/s
1693398923:[PUMP  ,0378]Outflow calculated : 2830
1693398923:[BUOY  ,0089]need to transfer +82mL (pump during 115007ms)
1693398924:[PUMP  ,0016]pump during 60000ms
1693398983:[PUMP  ,0212]battery 15007mV,  179706uA (steady state), P  +2833mbar
1693399249:[STAGE ,0214]413mbar (500) reached at 1693399249s, ascending from 306343mbar
1693399249:[STAGE ,0342]The float reached the surface : OK
1693399249:[MAIN  ,0140]stage[3] complete 7722s after mission start
1693399250:[SBE   ,0391]Mode changed from PROFILING to SLEEP
1693399251:[SBE   ,0391]Mode changed from SLEEP to STOP
1693399437:[SBE   ,0391]Mode changed from STOP to SLEEP
1693399439:[SBE   ,0391]Mode changed from SLEEP to DUMP
1693399439:[SBE   ,0343]SBE dump : 505 stored samples in hexa format
1693399455:[SBE   ,0338]Dump finished
1693399455:[SBE   ,0388]505 samples in 0100/64EEBD88.S61
1693399455:[SBE   ,0391]Mode changed from DUMP to SLEEP
1693399456:[MRMAID,0188]acq already stopped
1693399456:[MSSION,0192]mission stopped, 4 stage(s) done
1693399456:[MAIN  ,0065]surfacing
1693399458:[SURFIN,0036]P   -217mbar
1693399460:[SURFIN,0020]filling external bladder
1693399461:[PUMP  ,0016]pump during 30000ms
1693399490:[PUMP  ,0212]battery 14558mV, 1400560uA (steady state), P   -197mbar
1693399508:[PUMP  ,0016]pump during 30000ms
1693399537:[PUMP  ,0212]battery 14926mV,   13054uA (steady state), P   -197mbar
1693399554:[PUMP  ,0016]pump during 30000ms
1693399582:[PUMP  ,0212]battery 14786mV,   13054uA (steady state), P   -197mbar
1693399582:[PUMP  ,0019]external bladder full
1693399643:[MAIN  ,0272]Vbat 14831mV (min 14392mV)
1693399646:[MAIN  ,0024]internal pressure 75505Pa
1693399646:[MAIN  ,0043]Pext 258mbar (rng 50mbar)
1693399646:[MAIN  ,0064]surface
1693399657:[SURF  ,0022]GPS fix...
1693399728:[SURF  ,0015]10 PPS detected...
1693399730:[MRMAID,0052]$GPSACK:+0,+0,+0,+0,+0,-1,-665710;
1693399739:[MRMAID,0052]$GPSOFF:3686332;
1693399741:[GPSFIX,0179]-12s diff
1693399753:[SURF  ,0222]2023-08-30T12:49:13
1693399753:[SURF  ,0082]N30deg42.597mn, E141deg20.378mn
1693399753:[SURF  ,0084]hdop 1.080, vdop 2.900
1693399763:[SURF  ,0274]last almanac : 3475133
1693400034:[MRMAID,0026]104489 bytes in 0100/64EF3AD8.MER
1693400040:[MAIN  ,0320]New pressure offset: 258mbar
1693400040:[SBE   ,0391]Mode changed from SLEEP to RESETOFFSET
1693400102:[SBE   ,0339]new offset = -3.26 received after 63s
1693400102:[SBE   ,0391]Mode changed from RESETOFFSET to SLEEP
1693400102:[MAIN  ,0078]*** switching to 0100/64EF3C26 ***
