1729882897:[MAIN  ,0007]buoy 467.174-T-0100
1729882897:[MAIN  ,0055]soft pilotage 467.174.300_V2.67-20230503
1729882897:[MAIN  ,0010]cycle 51
1729882897:[SURF  ,0225]surface2
1729882911:[SURF  ,0022]GPS fix...
1729882931:[SURF  ,0015]10 PPS detected...
1729882932:[MRMAID,0052]$GPSACK:+0,+0,+0,+0,+0,+1,-999969;
1729882942:[MRMAID,0052]$GPSOFF:3686330;
1729882944:[GPSFIX,0179]-1s diff
1729882945:[SURF  ,0222]2024-10-25T19:02:25
1729882945:[SURF  ,0082]N29deg08.658mn, E137deg09.595mn
1729882945:[SURF  ,0084]hdop 1.170, vdop 1.530
1729882955:[SURF  ,0025]Iridium...
1729882993:[SURF  ,0009]connected in 38s, signal quality 5
1729883108:[SURF  ,0218]prompt received, remote cmd end
1729883108:[SURF  ,0012]23 cmd(s) received
1729883133:[UPLOAD,0248]Upload data files...
1729883169:[UPLOAD,0231]"0100/671B8331.S61" uploaded at 118bytes/s
1729884448:[SURF  ,0014]disconnected after 1493s
1729884453:[SURFIN,0020]filling external bladder
1729884454:[PUMP  ,0016]pump during 30000ms
1729884464:[PUMP  ,0212]battery 13823mV, 1023458uA (steady state), P   +200mbar
1729884464:[PUMP  ,0019]external bladder full
1729884464:[SURF  ,0069]transfer interrupted , retry
1729884476:[SURF  ,0022]GPS fix...
1729884504:[SURF  ,0015]10 PPS detected...
1729884505:[MRMAID,0052]$GPSACK:+0,+0,+0,+0,+0,+1,-999816;
1729884515:[MRMAID,0052]$GPSOFF:3686329;
1729884516:[GPSFIX,0179]-1s diff
1729884517:[SURF  ,0222]2024-10-25T19:28:37
1729884517:[SURF  ,0082]N29deg08.788mn, E137deg09.509mn
1729884517:[SURF  ,0084]hdop 1.070, vdop 1.600
1729884527:[SURF  ,0025]Iridium...
1729884726:[SURF  ,0023]<WARN>failed to connect #1, code -8, net 1, qual 5, dial 1
1729884945:[SURF  ,0023]<WARN>failed to connect #2, code -8, net 1, qual 5, dial 1
1729885005:[SURF  ,0009]connected in 478s, signal quality 3
1729885114:[SURF  ,0218]prompt received, remote cmd end
1729885114:[SURF  ,0012]21 cmd(s) received
1729885134:[UPLOAD,0248]Upload data files...
1729885527:[UPLOAD,0231]"0100/671BE9C6.MER" uploaded at 88bytes/s
1729885839:[SURF  ,0014]disconnected after 1312s
1729885844:[SURFIN,0020]filling external bladder
1729885845:[PUMP  ,0019]external bladder full
1729885845:[SURF  ,0069]transfer interrupted , retry
1729885857:[SURF  ,0022]GPS fix...
1729885877:[SURF  ,0015]10 PPS detected...
1729885878:[MRMAID,0052]$GPSACK:+0,+0,+0,+0,+0,+1,-999786;
1729885888:[MRMAID,0052]$GPSOFF:3686328;
1729885890:[GPSFIX,0179]-1s diff
1729885891:[SURF  ,0222]2024-10-25T19:51:31
1729885891:[SURF  ,0082]N29deg08.901mn, E137deg09.430mn
1729885891:[SURF  ,0084]hdop 0.730, vdop 1.140
1729885901:[SURF  ,0025]Iridium...
1729885932:[SURF  ,0009]connected in 31s, signal quality 5
1729886090:[SURF  ,0218]prompt received, remote cmd end
1729886090:[SURF  ,0012]21 cmd(s) received
1729886117:[UPLOAD,0248]Upload data files...
1729886244:[SURF  ,0014]disconnected after 343s
1729886250:[SURFIN,0020]filling external bladder
1729886251:[PUMP  ,0016]pump during 30000ms
1729886253:[PUMP  ,0019]external bladder full
1729886253:[SURF  ,0069]transfer interrupted , retry
1729886264:[SURF  ,0022]GPS fix...
1729886284:[SURF  ,0015]10 PPS detected...
1729886285:[MRMAID,0052]$GPSACK:+0,+0,+0,+0,+0,+0,+0;
1729886295:[MRMAID,0052]$GPSOFF:3686328;
1729886297:[GPSFIX,0179]-1s diff
1729886298:[SURF  ,0222]2024-10-25T19:58:18
1729886298:[SURF  ,0082]N29deg08.936mn, E137deg09.403mn
1729886298:[SURF  ,0084]hdop 0.650, vdop 1.020
1729886308:[SURF  ,0025]Iridium...
1729886513:[SURF  ,0023]<WARN>failed to connect #1, code -8, net 1, qual 5, dial 1
1729886736:[SURF  ,0023]<WARN>failed to connect #2, code -8, net 1, qual 5, dial 1
1729886744:[MODEM ,0347]<ERR>ping error
1729886744:[SURF  ,0023]<WARN>failed to connect #3, code -1, net -1, qual -1, dial -1
1729886771:[SURF  ,0023]<WARN>failed to connect #4, code -5, net 4, qual -1, dial -1
1729886997:[SURF  ,0023]<WARN>failed to connect #5, code -8, net 1, qual 5, dial 1
1729887002:[SURF  ,0117]<ERR>no connection after 694s
1729887007:[SURFIN,0020]filling external bladder
1729887008:[PUMP  ,0019]external bladder full
1729887008:[SURF  ,0069]transfer interrupted , retry
1729887020:[SURF  ,0022]GPS fix...
1729887040:[SURF  ,0015]10 PPS detected...
1729887041:[MRMAID,0052]$GPSACK:+0,+0,+0,+0,+0,+1,-999908;
1729887051:[MRMAID,0052]$GPSOFF:3686327;
1729887053:[GPSFIX,0179]-1s diff
1729887054:[SURF  ,0222]2024-10-25T20:10:54
1729887054:[SURF  ,0082]N29deg09.012mn, E137deg09.358mn
1729887054:[SURF  ,0084]hdop 0.760, vdop 1.190
1729887064:[SURF  ,0025]Iridium...
1729887099:[SURF  ,0009]connected in 35s, signal quality 5
1729887243:[SURF  ,0218]prompt received, remote cmd end
1729887244:[SURF  ,0012]48 cmd(s) received
1729887267:[UPLOAD,0248]Upload data files...
1729887368:[SURF  ,0014]disconnected after 304s
1729887373:[SURFIN,0020]filling external bladder
1729887374:[PUMP  ,0019]external bladder full
1729887374:[SURF  ,0069]transfer interrupted , retry
1729887386:[SURF  ,0022]GPS fix...
1729887391:[GPSFIX,0123]<WARN>GPRMC ms=500 #1
1729887411:[SURF  ,0015]10 PPS detected...
1729887412:[MRMAID,0052]$GPSACK:+0,+0,+0,+0,+0,+0,-30;
1729887422:[MRMAID,0052]$GPSOFF:3686327;
1729887424:[GPSFIX,0179]-1s diff
1729887425:[SURF  ,0222]2024-10-25T20:17:05
1729887425:[SURF  ,0082]N29deg09.048mn, E137deg09.337mn
1729887425:[SURF  ,0084]hdop 0.770, vdop 1.190
1729887435:[SURF  ,0025]Iridium...
1729887436:[MODEM ,0347]<ERR>ping error
1729887436:[SURF  ,0023]<WARN>failed to connect #1, code -1, net -1, qual -1, dial -1
1729887487:[SURF  ,0009]connected in 52s, signal quality 4
1729887634:[SURF  ,0218]prompt received, remote cmd end
1729887634:[SURF  ,0012]50 cmd(s) received
1729887654:[UPLOAD,0248]Upload data files...
1729887845:[SURF  ,0014]disconnected after 410s
1729887850:[SURFIN,0020]filling external bladder
1729887851:[PUMP  ,0019]external bladder full
1729887851:[SURF  ,0069]transfer interrupted , retry
1729887862:[SURF  ,0022]GPS fix...
1729887883:[SURF  ,0015]10 PPS detected...
1729887884:[MRMAID,0052]$GPSACK:+0,+0,+0,+0,+0,+0,-30;
1729887894:[MRMAID,0052]$GPSOFF:3686327;
1729887897:[GPSFIX,0179]+0s diff
1729887897:[SURF  ,0222]2024-10-25T20:24:57
1729887897:[SURF  ,0082]N29deg09.098mn, E137deg09.315mn
1729887897:[SURF  ,0084]hdop 0.870, vdop 1.640
1729887907:[SURF  ,0025]Iridium...
1729888110:[SURF  ,0023]<WARN>failed to connect #1, code -8, net 1, qual 4, dial 1
1729888163:[SURF  ,0009]connected in 256s, signal quality 3
1729888446:[SURF  ,0218]prompt received, remote cmd end
1729888446:[SURF  ,0012]111 cmd(s) received
1729888468:[UPLOAD,0248]Upload data files...
1729888569:[UPLOAD,0231]"0100/670ED2FF.BIN" uploaded at 109bytes/s
1729888584:[MAIN  ,0013]1 file(s) uploaded
1729888615:[SURF  ,0014]disconnected after 708s
1729888620:[SURF  ,0227]1st complete transfer
1729888620:[SURF  ,0226]Go dive
1729888632:[SURF  ,0022]GPS fix...
1729888654:[SURF  ,0015]10 PPS detected...
1729888655:[MRMAID,0052]$GPSACK:+0,+0,+0,+0,+0,+1,-999969;
1729888665:[MRMAID,0052]$GPSOFF:3686327;
1729888667:[GPSFIX,0179]-1s diff
1729888668:[SURF  ,0222]2024-10-25T20:37:48
1729888668:[SURF  ,0082]N29deg09.183mn, E137deg09.286mn
1729888668:[SURF  ,0084]hdop 0.740, vdop 1.180
1729888685:[MAIN  ,0024]internal pressure 76836Pa
1729888686:[BYCMD ,0120]    bypass 20000ms 120000ms (20000ms 60000ms stored)
1729888686:[BYCMD ,0121]    valve 60000ms 12750 (60000ms 12750 stored)
1729888686:[BYCMD ,0376]    pump 60000ms 2832 8320 418 (60000ms 2832 8320 418 stored)
1729888686:[BYCMD ,0123]    rate 2mbar/s (2mbar/s stored)
1729888686:[BYCMD ,0124]    surface 500mbar (500mbar stored)
1729888686:[BYCMD ,0173]    near 7000mbar 2:2:3mbar/s (15000mbar 2:2:3mbar/s stored)
1729888686:[BYCMD ,0380]    middle 6mbar/s (6mbar/s stored)
1729888686:[BYCMD ,0126]    far 25000mbar 9mbar/s (25000mbar 9mbar/s stored)
1729888686:[BYCMD ,0127]    ascent 10mbar/s (10mbar/s stored)
1729888686:[BYCMD ,0128]    dead 300s (300s stored)
1729888686:[BYCMD ,0129]    coeff 16/10 (16/10 stored)
1729888686:[BYCMD ,0130]    stab 10 (10 stored)
1729888686:[BYCMD ,0131]    delay 900s 18000s (900s 3600s stored)
1729888686:[BYCMD ,0132]    mmtime 14400min (2880min stored)
1729888686:[BYCMD ,0133]    dv_landing 100ml (100ml stored)
1729888686:[BYCMD ,0381]    landing confirmation 5 (5 stored)
1729888686:[BYCMD ,0379]    cycle nb 1 (1 stored)
1729888686:[P2TCMD,0150]    p2t37: 15x2000ms, offset 224mbar
1729888687:[P2TCMD,0151]    p2t37: dp 5000mbar, dt 1000000mdegC
1729888687:[STAGE ,0080]Stage [0] 200000mbar (+/-5000mbar) 25200s (<25200s) 
1729888687:[STAGE ,0080]Stage [1] 200000mbar (+/-5000mbar) 788400s (<813600s) MERMAID SBE61 
1729888687:[PROFIL,0302]    manual_profil=1
1729888687:[PROFIL,0303]    manual_profil_rate=1 hours
1729888687:[STAGE ,0080]Stage [2] 250000mbar (+/-5000mbar) 14400s (<828000s) 
1729888687:[STAGE ,0091]Stage [3] surfacing 36000s (<864000s) SBE61 
1729888687:[PROFIL,0284]    speed_detection=1
1729888687:[PROFIL,0285]    bin_average_output=1
1729888687:[PROFIL,0287]    include_transition_bin=1
1729888687:[PROFIL,0304]    include_nbin=1
1729888687:[PROFIL,0301]    load_test_sample=0
1729888687:[PROFIL,0288]    p_cut_off=2dbar
1729888687:[PROFIL,0289]    top_bin_interval=2dbar
1729888687:[PROFIL,0290]    top_bin_size=2dbar
1729888687:[PROFIL,0291]    top_bin_max=500dbar
1729888687:[PROFIL,0292]    middle_bin_interval=10dbar
1729888687:[PROFIL,0293]    middle_bin_size=10dbar
1729888687:[PROFIL,0294]    middle_bin_max=2500dbar
1729888687:[PROFIL,0295]    bottom_bin_interval=50dbar
1729888687:[PROFIL,0296]    bottom_bin_size=50dbar
1729888687:[PROFIL,0297]    pump_time=0s
1729888687:[PROFIL,0298]    speed_start=2mbar/s
1729888687:[PROFIL,0299]    speed_control=10mbar/s
1729888687:[MAIN  ,0070]turn off bluetooth
1729888715:[DIVING,0141]diving from -14mbar, +0mbar/s
1729888715:[BYPASS,0035]bypass opening 120000ms
1729888720:[BYPASS,0104]battery 14418mV,  250344uA (bypass opening), P    -14mbar
1729888845:[BYPASS,0106]battery 14365mV,  288408uA (bypass closing), P    -14mbar
1729888871:[BYPASS,0035]bypass opening 20000ms
1729888877:[BYPASS,0104]battery 14436mV,  252540uA (bypass opening), P   -224mbar
1729888902:[BYPASS,0106]battery 14367mV,  287310uA (bypass closing), P   -224mbar
1729888928:[BYPASS,0035]bypass opening 20000ms
1729888933:[BYPASS,0104]battery 14422mV,  257786uA (bypass opening), P   -214mbar
1729888958:[BYPASS,0106]battery 14367mV,  286456uA (bypass closing), P   -214mbar
1729889047:[DIVING,0028]536mbar reached (+8mbar/s), 3 bypass done
1729889048:[MAIN  ,0056]stage[0]
1729889050:[MAIN  ,0024]internal pressure 81906Pa
1729889051:[BUOY  ,0037]P   +576mbar
1729890003:[PRESS ,0038]P  +7196mbar,T+32767mdegC
1729890027:[BUOY  ,0087]from +4mbar/s to +9mbar/s
1729890027:[BUOY  ,0090]need to transfer -104mL (valve during 15600ms)
1729890027:[VALVE ,0034]valve opening 15600ms
1729890043:[VALVE ,0234]battery 14045mV,  459086uA, P  +7326mbar
1729890653:[PRESS ,0038]P +12216mbar,T+32767mdegC
1729890677:[BUOY  ,0087]from +7mbar/s to +9mbar/s
1729890677:[BUOY  ,0090]need to transfer -52mL (valve during 5973ms)
1729890677:[VALVE ,0034]valve opening 5973ms
1729890684:[VALVE ,0234]battery 14036mV,  457988uA, P +12386mbar
1729891303:[PRESS ,0038]P +17626mbar,T+32767mdegC
1729891327:[BUOY  ,0087]from +7mbar/s to +9mbar/s
1729891327:[BUOY  ,0090]need to transfer -52mL (valve during 4985ms)
1729891327:[VALVE ,0034]valve opening 4985ms
1729891333:[VALVE ,0234]battery 14021mV,  457134uA, P +17786mbar
1729891953:[PRESS ,0038]P +23336mbar,T+32767mdegC
1729892602:[PRESS ,0038]P +29276mbar,T+32767mdegC
1729893252:[PRESS ,0038]P +34646mbar,T+32767mdegC
1729893277:[BUOY  ,0087]from +7mbar/s to +9mbar/s
1729893277:[BUOY  ,0090]need to transfer -52mL (valve during 3565ms)
1729893277:[VALVE ,0034]valve opening 3565ms
1729893281:[VALVE ,0234]battery 13942mV,  454694uA, P +34836mbar
1729893902:[PRESS ,0038]P +40646mbar,T+32767mdegC
1729894552:[PRESS ,0038]P +46666mbar,T+32767mdegC
1729895202:[PRESS ,0038]P +52196mbar,T+32767mdegC
1729895852:[PRESS ,0038]P +58066mbar,T+32767mdegC
1729896501:[PRESS ,0038]P +63836mbar,T+32767mdegC
1729896526:[BUOY  ,0087]from +7mbar/s to +9mbar/s
1729896526:[BUOY  ,0090]need to transfer -52mL (valve during 2621ms)
1729896526:[VALVE ,0034]valve opening 2621ms
1729896529:[VALVE ,0234]battery 13738mV,  451278uA, P +64016mbar
1729897151:[PRESS ,0038]P +69526mbar,T+32767mdegC
1729897801:[PRESS ,0038]P +76146mbar,T+32767mdegC
1729898451:[PRESS ,0038]P +81156mbar,T+32767mdegC
1729898476:[BUOY  ,0087]from +7mbar/s to +9mbar/s
1729898476:[BUOY  ,0090]need to transfer -52mL (valve during 2326ms)
1729898476:[VALVE ,0034]valve opening 2326ms
1729898478:[VALVE ,0234]battery 13557mV,  447496uA, P +81346mbar
1729899101:[PRESS ,0038]P +86946mbar,T+32767mdegC
1729899751:[PRESS ,0038]P +93336mbar,T+32767mdegC
1729900401:[PRESS ,0038]P +99506mbar,T+32767mdegC
1729901050:[PRESS ,0038]P+104736mbar,T+32767mdegC
1729901700:[PRESS ,0038]P+110256mbar,T+32767mdegC
1729902350:[PRESS ,0038]P+116846mbar,T+32767mdegC
1729903000:[PRESS ,0038]P+122616mbar,T+32767mdegC
1729903650:[PRESS ,0038]P+127976mbar,T+32767mdegC
1729904299:[PRESS ,0038]P+133596mbar,T+32767mdegC
1729904949:[PRESS ,0038]P+139116mbar,T+32767mdegC
1729905299:[BUOY  ,0087]from +7mbar/s to +9mbar/s
1729905299:[BUOY  ,0090]need to transfer -52mL (valve during 1763ms)
1729905299:[VALVE ,0034]valve opening 1763ms
1729905301:[VALVE ,0234]battery 12822mV,  425292uA, P+141836mbar
1729905599:[PRESS ,0038]P+144526mbar,T+32767mdegC
1729906249:[PRESS ,0038]P+150346mbar,T+32767mdegC
1729906899:[PRESS ,0038]P+156146mbar,T+32767mdegC
1729907548:[PRESS ,0038]P+161996mbar,T+32767mdegC
1729908198:[PRESS ,0038]P+167896mbar,T+32767mdegC
1729908848:[PRESS ,0038]P+173636mbar,T+32767mdegC
1729909198:[BUOY  ,0087]from +9mbar/s to +6mbar/s
1729909198:[PUMP  ,0378]Outflow calculated : 2727
1729909198:[BUOY  ,0089]need to transfer +72mL (pump during 104046ms)
1729909199:[PUMP  ,0016]pump during 60000ms
1729909258:[PUMP  ,0212]battery 13218mV,  801662uA (steady state), P+176746mbar
1729909499:[PRESS ,0038]P+179266mbar,T+32767mdegC
1729909524:[BUOY  ,0087]from +9mbar/s to +6mbar/s
1729909524:[PUMP  ,0378]Outflow calculated : 2726
1729909524:[BUOY  ,0089]need to transfer +72mL (pump during 104046ms)
1729909525:[PUMP  ,0016]pump during 60000ms
1729909584:[PUMP  ,0212]battery 13683mV,  804834uA (steady state), P+179476mbar
1729910175:[PRESS ,0038]P+184286mbar,T+32767mdegC
1729911125:[PRESS ,0038]P+190846mbar,T+32767mdegC
1729911150:[BUOY  ,0087]from +8mbar/s to +6mbar/s
1729911150:[PUMP  ,0378]Outflow calculated : 2718
1729911150:[BUOY  ,0089]need to transfer +44mL (pump during 63953ms)
1729911151:[PUMP  ,0016]pump during 60000ms
1729911210:[PUMP  ,0212]battery 13863mV,  841190uA (steady state), P+191056mbar
1729911476:[BUOY  ,0087]from +4mbar/s to +2mbar/s
1729911476:[PUMP  ,0378]Outflow calculated : 2716
1729911476:[BUOY  ,0089]need to transfer +20mL (pump during 29357ms)
1729911478:[PUMP  ,0016]pump during 29357ms
1729911507:[PUMP  ,0212]battery 13657mV,  845582uA (steady state), P+193026mbar
1729911803:[BUOY  ,0087]from +6mbar/s to +2mbar/s
1729911803:[PUMP  ,0378]Outflow calculated : 2715
1729911803:[BUOY  ,0089]need to transfer +52mL (pump during 76358ms)
1729911804:[PUMP  ,0016]pump during 60000ms
1729911863:[PUMP  ,0212]battery 13673mV,  846558uA (steady state), P+194806mbar
1729912104:[PRESS ,0038]P+195996mbar,T+32767mdegC
1729912129:[STAGE ,0213]196066mbar reached at 1729912129s, ref 200000mbar +/-5000mbar
1729912129:[BUOY  ,0087]from +3mbar/s to +0mbar/s
1729912129:[PUMP  ,0378]Outflow calculated : 2714
1729912129:[BUOY  ,0089]need to transfer +14mL (pump during 20659ms)
1729912131:[PUMP  ,0016]pump during 20659ms
1729912151:[PUMP  ,0212]battery 13650mV,  851804uA (steady state), P+196066mbar
1729914257:[MAIN  ,0140]stage[0] complete 25210s after mission start
1729914257:[MAIN  ,0056]stage[1]
1729914259:[MAIN  ,0024]internal pressure 77247Pa
1729914260:[MRMAID,0002]acq started
1729914260:[SBE   ,0391]Mode changed from SLEEP to UPDATE
1729914261:[BUOY  ,0037]P+199426mbar
1729914263:[STAGE ,0213]199446mbar reached at 1729914263s, ref 200000mbar +/-5000mbar
1729914265:[SBE   ,0391]Mode changed from UPDATE to START
1729914265:[SBE   ,0385]Start manual acquisitions
1729914265:[SBE   ,0391]Mode changed from START to PROFILING
1729914299:[SBE61 ,0396]P +19979,T +20596,S +34573
1729914310:[MRMAID,0184]acq already started
1729914314:[MRMAID,0059]stop canceled
1729914863:[BUOY  ,0087]from +1mbar/s to +0mbar/s
1729914863:[PUMP  ,0378]Outflow calculated : 2713
1729914863:[BUOY  ,0089]need to transfer +2mL (pump during 2911ms)
1729914863:[MRMAID,0003]acq stopped
1729914865:[PUMP  ,0016]pump during 2911ms
1729914869:[MRMAID,0002]acq started
1729915191:[BUOY  ,0087]from +1mbar/s to +0mbar/s
1729915191:[PUMP  ,0378]Outflow calculated : 2713
1729915191:[BUOY  ,0089]need to transfer +2mL (pump during 2910ms)
1729915191:[MRMAID,0003]acq stopped
1729915192:[PUMP  ,0016]pump during 2910ms
1729915197:[MRMAID,0002]acq started
1729915518:[BUOY  ,0087]from +2mbar/s to +0mbar/s
1729915518:[PUMP  ,0378]Outflow calculated : 2713
1729915518:[BUOY  ,0089]need to transfer +6mL (pump during 8731ms)
1729915518:[MRMAID,0003]acq stopped
1729915520:[PUMP  ,0016]pump during 8731ms
1729915528:[PUMP  ,0212]battery 13730mV,  867786uA (steady state), P+200916mbar
1729915530:[MRMAID,0002]acq started
1729915845:[BUOY  ,0087]from +1mbar/s to +0mbar/s
1729915845:[PUMP  ,0378]Outflow calculated : 2712
1729915845:[BUOY  ,0089]need to transfer +2mL (pump during 2919ms)
1729915845:[MRMAID,0003]acq stopped
1729915847:[PUMP  ,0016]pump during 2919ms
1729915851:[MRMAID,0002]acq started
1729917873:[MRMAID,0003]acq stopped
1729917873:[MRMAID,0052]$MEASFS,78777,1968.728698,40.014147;
1729917908:[SBE61 ,0396]P +20092,T +20278,S +34575
1729917909:[MRMAID,0002]acq started
1729919774:[PRESS ,0038]P+201026mbar,T+32767mdegC
1729921482:[MRMAID,0003]acq stopped
1729921482:[MRMAID,0052]$MEASFS,140860,3520.253479,40.014164;
1729921518:[SBE61 ,0396]P +20079,T +20177,S +34576
1729921519:[MRMAID,0002]acq started
1729925082:[MRMAID,0003]acq stopped
1729925082:[MRMAID,0052]$MEASFS,140440,3509.755737,40.014181;
1729925117:[SBE61 ,0396]P +20230,T +20080,S +34578
1729925119:[MRMAID,0002]acq started
1729928692:[MRMAID,0003]acq stopped
1729928692:[MRMAID,0052]$MEASFS,140840,3519.751129,40.014193;
1729928727:[SBE61 ,0396]P +20232,T +20096,S +34578
1729928728:[MRMAID,0002]acq started
1729932291:[MRMAID,0003]acq stopped
1729932291:[MRMAID,0052]$MEASFS,140441,3509.778809,40.014203;
1729932327:[SBE61 ,0396]P +20323,T +19904,S +34580
1729932328:[MRMAID,0002]acq started
1729933281:[BUOY  ,0087]from +1mbar/s to +0mbar/s
1729933281:[PUMP  ,0378]Outflow calculated : 2710
1729933281:[BUOY  ,0089]need to transfer +2mL (pump during 2932ms)
1729933281:[MRMAID,0003]acq stopped
1729933281:[MRMAID,0185]19 spurious byte(s) received
1729933283:[PUMP  ,0016]pump during 2932ms
1729933287:[MRMAID,0002]acq started
1729933608:[BUOY  ,0087]from +1mbar/s to +0mbar/s
1729933608:[PUMP  ,0378]Outflow calculated : 2710
1729933608:[BUOY  ,0089]need to transfer +2mL (pump during 2930ms)
1729933608:[MRMAID,0003]acq stopped
1729933610:[PUMP  ,0016]pump during 2930ms
1729933614:[MRMAID,0002]acq started
1729935891:[MRMAID,0003]acq stopped
1729935891:[MRMAID,0052]$MEASFS,88987,2223.884918,40.014211;
1729935926:[SBE61 ,0396]P +20246,T +20140,S +34578
1729935927:[MRMAID,0002]acq started
1729939500:[MRMAID,0003]acq stopped
1729939501:[MRMAID,0052]$MEASFS,140839,3519.724182,40.014215;
1729939536:[SBE61 ,0396]P +20172,T +20129,S +34577
1729939537:[MRMAID,0002]acq started
1729943100:[MRMAID,0003]acq stopped
1729943100:[MRMAID,0052]$MEASFS,140440,3509.752349,40.014219;
1729943135:[SBE61 ,0396]P +20159,T +20152,S +34578
1729943137:[MRMAID,0002]acq started
1729946700:[MRMAID,0003]acq stopped
1729946700:[MRMAID,0052]$MEASFS,140440,3509.752075,40.014222;
1729946735:[SBE61 ,0396]P +20204,T +20140,S +34579
1729946736:[MRMAID,0002]acq started
1729950309:[MRMAID,0003]acq stopped
1729950309:[MRMAID,0052]$MEASFS,140838,3519.698303,40.014225;
1729950345:[SBE61 ,0396]P +20233,T +20148,S +34578
1729950346:[MRMAID,0002]acq started
1729953909:[MRMAID,0003]acq stopped
1729953909:[MRMAID,0052]$MEASFS,140442,3509.801636,40.014227;
1729953944:[SBE61 ,0396]P +20167,T +20209,S +34574
1729953946:[MRMAID,0002]acq started
1729957509:[MRMAID,0003]acq stopped
1729957509:[MRMAID,0052]$MEASFS,140442,3509.801513,40.014229;
1729957544:[SBE61 ,0396]P +20279,T +20150,S +34578
1729957545:[MRMAID,0002]acq started
1729961118:[MRMAID,0003]acq stopped
1729961118:[MRMAID,0052]$MEASFS,140841,3519.772828,40.014230;
1729961154:[SBE61 ,0396]P +20292,T +20153,S +34577
1729961155:[MRMAID,0002]acq started
1729964718:[MRMAID,0003]acq stopped
1729964718:[MRMAID,0052]$MEASFS,140441,3509.776336,40.014231;
1729964753:[SBE61 ,0396]P +20182,T +20049,S +34578
1729964755:[MRMAID,0002]acq started
1729968328:[MRMAID,0003]acq stopped
1729968363:[SBE61 ,0396]P +20328,T +20026,S +34579
1729968364:[MRMAID,0002]acq started
1729971927:[MRMAID,0003]acq stopped
1729971927:[MRMAID,0052]$MEASFS,140441,3509.776215,40.014232;
1729971963:[SBE61 ,0396]P +20300,T +20128,S +34578
1729971964:[MRMAID,0002]acq started
1729975527:[MRMAID,0003]acq stopped
1729975527:[MRMAID,0052]$MEASFS,140440,3509.751129,40.014233;
1729975562:[SBE61 ,0396]P +20367,T +20161,S +34577
1729975563:[MRMAID,0002]acq started
1729979136:[MRMAID,0003]acq stopped
1729979136:[MRMAID,0052]$MEASFS,140839,3519.722596,40.014233;
1729979172:[SBE61 ,0396]P +20329,T +20220,S +34578
1729979173:[MRMAID,0002]acq started
1729982736:[MRMAID,0003]acq stopped
1729982736:[MRMAID,0052]$MEASFS,140440,3509.751099,40.014233;
1729982771:[SBE61 ,0396]P +20376,T +20200,S +34577
1729982773:[MRMAID,0002]acq started
1729986336:[MRMAID,0003]acq stopped
1729986336:[MRMAID,0052]$MEASFS,140442,3509.801056,40.014234;
1729986371:[SBE61 ,0396]P +20336,T +20213,S +34577
1729986372:[MRMAID,0002]acq started
1729989945:[MRMAID,0003]acq stopped
1729989945:[MRMAID,0052]$MEASFS,140846,3519.897461,40.014234;
1729989981:[SBE61 ,0396]P +20360,T +20113,S +34580
1729989982:[MRMAID,0002]acq started
1729993545:[MRMAID,0003]acq stopped
1729993545:[MRMAID,0052]$MEASFS,140441,3509.776032,40.014234;
1729993580:[SBE61 ,0396]P +20297,T +19946,S +34575
1729993582:[MRMAID,0002]acq started
1729997154:[MRMAID,0003]acq stopped
1729997155:[MRMAID,0052]$MEASFS,140859,3520.222320,40.014234;
1729997190:[SBE61 ,0396]P +20332,T +19897,S +34581
1729997191:[MRMAID,0002]acq started
1730000754:[MRMAID,0003]acq stopped
1730000754:[MRMAID,0052]$MEASFS,140445,3509.875976,40.014234;
1730000790:[SBE61 ,0396]P +20369,T +19744,S +34583
1730000791:[MRMAID,0002]acq started
1730004354:[MRMAID,0003]acq stopped
1730004354:[MRMAID,0052]$MEASFS,140441,3509.775970,40.014235;
1730004389:[SBE61 ,0396]P +20505,T +19837,S +34581
1730004390:[MRMAID,0002]acq started
1730007963:[MRMAID,0003]acq stopped
1730007963:[MRMAID,0052]$MEASFS,140840,3519.747406,40.014235;
1730007999:[SBE61 ,0396]P +20415,T +19874,S +34582
1730008000:[MRMAID,0002]acq started
1730011373:[BUOY  ,0087]from +0mbar/s to -2mbar/s
1730011373:[PUMP  ,0378]Outflow calculated : 2709
1730011373:[BUOY  ,0089]need to transfer +6mL (pump during 8836ms)
1730011373:[MRMAID,0003]acq stopped
1730011373:[MRMAID,0052]$MEASFS,132844,3319.918518,40.014235;
1730011375:[PUMP  ,0016]pump during 8836ms
1730011383:[PUMP  ,0212]battery 13626mV,  896090uA (steady state), P+205166mbar
1730011385:[MRMAID,0002]acq started
1730011563:[MRMAID,0003]acq stopped
1730011598:[SBE61 ,0396]P +20544,T +20042,S +34581
1730011600:[MRMAID,0002]acq started
1730011700:[BUOY  ,0087]from -1mbar/s to -2mbar/s
1730011700:[PUMP  ,0378]Outflow calculated : 2709
1730011700:[BUOY  ,0089]need to transfer +4mL (pump during 5891ms)
1730011701:[MRMAID,0003]acq stopped
1730011702:[PUMP  ,0016]pump during 5891ms
1730011707:[PUMP  ,0212]battery 13551mV,  838506uA (steady state), P+205056mbar
1730011709:[MRMAID,0002]acq started
1730015163:[MRMAID,0003]acq stopped
1730015163:[MRMAID,0052]$MEASFS,136066,3400.439880,40.014235;
1730015198:[SBE61 ,0396]P +20113,T +20374,S +34573
1730015199:[MRMAID,0002]acq started
1730016830:[BUOY  ,0087]from -1mbar/s to +0mbar/s
1730016830:[BUOY  ,0090]need to transfer -2mL (valve during 57ms)
1730016830:[MRMAID,0003]acq stopped
1730016830:[MRMAID,0185]28 spurious byte(s) received
1730016831:[VALVE ,0034]valve opening 57ms
1730016842:[MRMAID,0002]acq started
1730017167:[BUOY  ,0087]from +2mbar/s to +0mbar/s
1730017167:[PUMP  ,0378]Outflow calculated : 2712
1730017167:[BUOY  ,0089]need to transfer +6mL (pump during 8813ms)
1730017167:[MRMAID,0003]acq stopped
1730017168:[PUMP  ,0016]pump during 8813ms
1730017176:[PUMP  ,0212]battery 13658mV,  872300uA (steady state), P+200066mbar
1730017178:[MRMAID,0002]acq started
1730018772:[MRMAID,0003]acq stopped
1730018772:[MRMAID,0052]$MEASFS,61661,1540.976624,40.014235;
1730018808:[SBE61 ,0396]P +20051,T +20337,S +34574
1730018809:[MRMAID,0002]acq started
1730022372:[MRMAID,0003]acq stopped
1730022372:[MRMAID,0052]$MEASFS,140442,3509.800995,40.014234;
1730022407:[SBE61 ,0396]P +20158,T +20328,S +34574
1730022408:[MRMAID,0002]acq started
1730025298:[BUOY  ,0087]from -1mbar/s to +0mbar/s
1730025298:[BUOY  ,0090]need to transfer -2mL (valve during 57ms)
1730025298:[MRMAID,0003]acq stopped
1730025298:[MRMAID,0052]$MEASFS,113489,2836.215698,40.014234;
1730025298:[VALVE ,0034]valve opening 57ms
1730025310:[MRMAID,0002]acq started
1730025634:[BUOY  ,0087]from +2mbar/s to +0mbar/s
1730025634:[PUMP  ,0378]Outflow calculated : 2712
1730025634:[BUOY  ,0089]need to transfer +6mL (pump during 8816ms)
1730025634:[MRMAID,0003]acq stopped
1730025636:[PUMP  ,0016]pump during 8816ms
1730025644:[PUMP  ,0212]battery 13660mV,  885354uA (steady state), P+200026mbar
1730025646:[MRMAID,0002]acq started
1730025962:[BUOY  ,0087]from +2mbar/s to +0mbar/s
1730025962:[PUMP  ,0378]Outflow calculated : 2712
1730025962:[BUOY  ,0089]need to transfer +6mL (pump during 8787ms)
1730025962:[MRMAID,0003]acq stopped
1730025963:[PUMP  ,0016]pump during 8787ms
1730025972:[PUMP  ,0212]battery 13568mV,  880474uA (steady state), P+200586mbar
1730025974:[MRMAID,0002]acq started
1730026017:[SBE61 ,0396]P +20098,T +20187,S +34578
1730026026:[MRMAID,0059]stop canceled
1730026027:[MRMAID,0184]acq already started
1730029581:[MRMAID,0003]acq stopped
1730029581:[MRMAID,0052]$MEASFS,142226,3554.385162,40.014234;
1730029616:[SBE61 ,0396]P +20045,T +20196,S +34577
1730029617:[MRMAID,0002]acq started
1730033190:[MRMAID,0003]acq stopped
1730033190:[MRMAID,0052]$MEASFS,140840,3519.747467,40.014234;
1730033226:[SBE61 ,0396]P +19997,T +20104,S +34580
1730033227:[MRMAID,0002]acq started
1730035293:[BUOY  ,0087]from +1mbar/s to +0mbar/s
1730035293:[PUMP  ,0378]Outflow calculated : 2711
1730035293:[BUOY  ,0089]need to transfer +2mL (pump during 2941ms)
1730035294:[MRMAID,0003]acq stopped
1730035294:[MRMAID,0052]$MEASFS,80567,2013.458496,40.014234;
1730035295:[PUMP  ,0016]pump during 2941ms
1730035299:[MRMAID,0002]acq started
1730036790:[MRMAID,0003]acq stopped
1730036790:[MRMAID,0185]20 spurious byte(s) received
1730036821:[BUOY  ,0087]from -1mbar/s to +0mbar/s
1730036821:[BUOY  ,0090]need to transfer -2mL (valve during 57ms)
1730036821:[VALVE ,0034]valve opening 57ms
1730036825:[SBE61 ,0396]P +20015,T +20331,S +34573
1730036827:[MRMAID,0002]acq started
1730038347:[BUOY  ,0087]from +1mbar/s to +0mbar/s
1730038347:[PUMP  ,0378]Outflow calculated : 2712
1730038347:[BUOY  ,0089]need to transfer +2mL (pump during 2939ms)
1730038347:[MRMAID,0003]acq stopped
1730038349:[PUMP  ,0016]pump during 2939ms
1730038353:[MRMAID,0002]acq started
1730038974:[BUOY  ,0087]from +1mbar/s to +0mbar/s
1730038974:[PUMP  ,0378]Outflow calculated : 2712
1730038974:[BUOY  ,0089]need to transfer +2mL (pump during 2936ms)
1730038974:[MRMAID,0003]acq stopped
1730038976:[PUMP  ,0016]pump during 2936ms
1730038980:[MRMAID,0002]acq started
1730039302:[BUOY  ,0101]stage[1] 10 stab done
1730039302:[BUOY  ,0087]from +2mbar/s to +0mbar/s
1730039302:[PUMP  ,0378]Outflow calculated : 2711
1730039302:[BUOY  ,0089]need to transfer +6mL (pump during 8810ms)
1730039302:[MRMAID,0002]acq started
1730039303:[PUMP  ,0016]pump during 8810ms
1730039304:[MRMAID,0185]11 spurious byte(s) received
1730039312:[PUMP  ,0212]battery 13597mV,  885110uA (steady state), P+201606mbar
1730039314:[MRMAID,0002]acq started
1730040400:[MRMAID,0003]acq stopped
1730040400:[MRMAID,0185]28 spurious byte(s) received
1730040435:[SBE61 ,0396]P +20148,T +20142,S +34578
1730040436:[MRMAID,0002]acq started
1730043999:[MRMAID,0003]acq stopped
1730043999:[MRMAID,0052]$MEASFS,140440,3509.751038,40.014234;
1730044035:[SBE61 ,0396]P +19997,T +20242,S +34575
1730044036:[MRMAID,0002]acq started
1730047599:[MRMAID,0003]acq stopped
1730047599:[MRMAID,0052]$MEASFS,140440,3509.751038,40.014234;
1730047634:[SBE61 ,0396]P +19985,T +20238,S +34575
1730047635:[MRMAID,0002]acq started
1730051208:[MRMAID,0003]acq stopped
1730051208:[MRMAID,0052]$MEASFS,140839,3519.722473,40.014234;
1730051244:[SBE61 ,0396]P +19963,T +20204,S +34576
1730051245:[MRMAID,0002]acq started
1730054808:[MRMAID,0003]acq stopped
1730054808:[MRMAID,0052]$MEASFS,140439,3509.726013,40.014235;
1730054843:[SBE61 ,0396]P +19919,T +20177,S +34578
1730054845:[MRMAID,0002]acq started
1730058408:[MRMAID,0003]acq stopped
1730058408:[MRMAID,0052]$MEASFS,140442,3509.800995,40.014234;
1730058443:[SBE61 ,0396]P +20025,T +20251,S +34577
1730058444:[MRMAID,0002]acq started
1730059060:[MRMAID,0027]1998dbar, 33degC
1730059214:[MRMAID,0005]ascent request rejected
1730062017:[MRMAID,0003]acq stopped
1730062053:[SBE61 ,0396]P +20045,T +20299,S +34575
1730062054:[MRMAID,0002]acq started
1730065617:[MRMAID,0003]acq stopped
1730065617:[MRMAID,0052]$MEASFS,140441,3509.776001,40.014235;
1730065652:[SBE61 ,0396]P +19963,T +20349,S +34577
1730065654:[MRMAID,0002]acq started
1730069227:[MRMAID,0003]acq stopped
1730069262:[SBE61 ,0396]P +20063,T +20350,S +34575
1730069263:[MRMAID,0002]acq started
1730071486:[MRMAID,0027]2004dbar, 33degC
1730072826:[MRMAID,0003]acq stopped
1730072826:[MRMAID,0052]$MEASFS,140439,3509.726043,40.014234;
1730072862:[SBE61 ,0396]P +19974,T +20570,S +34572
1730072863:[MRMAID,0002]acq started
1730076426:[MRMAID,0003]acq stopped
1730076426:[MRMAID,0052]$MEASFS,140441,3509.776001,40.014235;
1730076461:[SBE61 ,0396]P +20018,T +20308,S +34576
1730076462:[MRMAID,0002]acq started
1730080035:[MRMAID,0003]acq stopped
1730080035:[MRMAID,0052]$MEASFS,140839,3519.722473,40.014234;
1730080071:[SBE61 ,0396]P +20026,T +20270,S +34575
1730080072:[MRMAID,0002]acq started
1730083635:[MRMAID,0003]acq stopped
1730083635:[MRMAID,0052]$MEASFS,140458,3510.200867,40.014234;
1730083670:[SBE61 ,0396]P +19944,T +20252,S +34575
1730083672:[MRMAID,0002]acq started
1730084205:[MRMAID,0027]1991dbar, 33degC
1730084337:[MRMAID,0005]ascent request rejected
1730087235:[MRMAID,0003]acq stopped
1730087235:[MRMAID,0052]$MEASFS,140439,3509.726044,40.014234;
1730087270:[SBE61 ,0396]P +20101,T +20268,S +34575
1730087271:[MRMAID,0002]acq started
1730090844:[MRMAID,0003]acq stopped
1730090844:[MRMAID,0052]$MEASFS,140841,3519.772431,40.014235;
1730090880:[SBE61 ,0396]P +19880,T +20112,S +34578
1730090881:[MRMAID,0002]acq started
1730094444:[MRMAID,0003]acq stopped
1730094444:[MRMAID,0052]$MEASFS,140446,3509.900940,40.014235;
1730094479:[SBE61 ,0396]P +20151,T +20275,S +34575
1730094481:[MRMAID,0002]acq started
1730098054:[MRMAID,0003]acq stopped
1730098054:[MRMAID,0052]$MEASFS,140841,3519.772431,40.014235;
1730098089:[SBE61 ,0396]P +20183,T +20225,S +34576
1730098090:[MRMAID,0002]acq started
1730101653:[MRMAID,0003]acq stopped
1730101653:[MRMAID,0052]$MEASFS,140441,3509.776001,40.014235;
1730101689:[SBE61 ,0396]P +19914,T +20198,S +34577
1730101690:[MRMAID,0002]acq started
1730105253:[MRMAID,0003]acq stopped
1730105253:[MRMAID,0052]$MEASFS,140441,3509.776001,40.014235;
1730105288:[SBE61 ,0396]P +20113,T +20267,S +34575
1730105289:[MRMAID,0002]acq started
1730107974:[MRMAID,0027]1997dbar, 33degC
1730108862:[MRMAID,0003]acq stopped
1730108863:[MRMAID,0052]$MEASFS,140842,3519.797394,40.014235;
1730108898:[SBE61 ,0396]P +20011,T +20142,S +34578
1730108899:[MRMAID,0002]acq started
1730112462:[MRMAID,0003]acq stopped
1730112462:[MRMAID,0052]$MEASFS,140445,3509.875946,40.014235;
1730112497:[SBE61 ,0396]P +20072,T +20214,S +34576
1730112499:[MRMAID,0002]acq started
1730116062:[MRMAID,0003]acq stopped
1730116062:[MRMAID,0052]$MEASFS,140440,3509.750976,40.014235;
1730116097:[SBE61 ,0396]P +20070,T +20194,S +34577
1730116098:[MRMAID,0002]acq started
1730119671:[MRMAID,0003]acq stopped
1730119671:[MRMAID,0052]$MEASFS,140839,3519.722443,40.014235;
1730119707:[SBE61 ,0396]P +20089,T +20215,S +34577
1730119708:[MRMAID,0002]acq started
1730123271:[MRMAID,0003]acq stopped
1730123271:[MRMAID,0052]$MEASFS,140440,3509.750977,40.014235;
1730123306:[SBE61 ,0396]P +20045,T +20223,S +34576
1730123308:[MRMAID,0002]acq started
1730126881:[MRMAID,0003]acq stopped
1730126881:[MRMAID,0052]$MEASFS,140841,3519.772431,40.014235;
1730126916:[SBE61 ,0396]P +20035,T +20250,S +34575
1730126917:[MRMAID,0002]acq started
1730130480:[MRMAID,0003]acq stopped
1730130480:[MRMAID,0052]$MEASFS,140442,3509.800965,40.014235;
1730130516:[SBE61 ,0396]P +20154,T +20120,S +34577
1730130517:[MRMAID,0002]acq started
1730134080:[MRMAID,0003]acq stopped
1730134080:[MRMAID,0052]$MEASFS,140442,3509.800964,40.014235;
1730134115:[SBE61 ,0396]P +20074,T +20265,S +34577
1730134116:[MRMAID,0002]acq started
1730137689:[MRMAID,0003]acq stopped
1730137690:[MRMAID,0052]$MEASFS,140844,3519.847412,40.014235;
1730137725:[SBE61 ,0396]P +20032,T +20220,S +34578
1730137726:[MRMAID,0002]acq started
1730141289:[MRMAID,0003]acq stopped
1730141289:[MRMAID,0052]$MEASFS,140441,3509.775970,40.014235;
1730141324:[SBE61 ,0396]P +20156,T +20118,S +34577
1730141326:[MRMAID,0002]acq started
1730144889:[MRMAID,0003]acq stopped
1730144889:[MRMAID,0052]$MEASFS,140441,3509.775970,40.014235;
1730144924:[SBE61 ,0396]P +20089,T +20259,S +34575
1730144925:[MRMAID,0002]acq started
1730148498:[MRMAID,0003]acq stopped
1730148498:[MRMAID,0052]$MEASFS,140839,3519.722442,40.014235;
1730148534:[SBE61 ,0396]P +20167,T +20262,S +34575
1730148535:[MRMAID,0002]acq started
1730152098:[MRMAID,0003]acq stopped
1730152098:[MRMAID,0052]$MEASFS,140440,3509.750977,40.014235;
1730152133:[SBE61 ,0396]P +20034,T +20252,S +34576
1730152135:[MRMAID,0002]acq started
1730155698:[MRMAID,0003]acq stopped
1730155698:[MRMAID,0052]$MEASFS,140440,3509.751007,40.014235;
1730155733:[SBE61 ,0396]P +20139,T +20266,S +34577
1730155734:[MRMAID,0002]acq started
1730159307:[MRMAID,0003]acq stopped
1730159307:[MRMAID,0052]$MEASFS,140839,3519.722442,40.014235;
1730159343:[SBE61 ,0396]P +20050,T +20259,S +34575
1730159344:[MRMAID,0002]acq started
1730162907:[MRMAID,0003]acq stopped
1730162907:[MRMAID,0052]$MEASFS,140446,3509.900940,40.014235;
1730162942:[SBE61 ,0396]P +20139,T +20132,S +34579
1730162943:[MRMAID,0002]acq started
1730166516:[MRMAID,0003]acq stopped
1730166517:[MRMAID,0052]$MEASFS,140841,3519.772400,40.014235;
1730166552:[SBE61 ,0396]P +19946,T +20245,S +34575
1730166553:[MRMAID,0002]acq started
1730170116:[MRMAID,0003]acq stopped
1730170116:[MRMAID,0052]$MEASFS,140460,3510.250824,40.014235;
1730170152:[SBE61 ,0396]P +20184,T +20070,S +34580
1730170153:[MRMAID,0002]acq started
1730173716:[MRMAID,0003]acq stopped
1730173716:[MRMAID,0052]$MEASFS,140441,3509.775971,40.014235;
1730173751:[SBE61 ,0396]P +20105,T +20231,S +34577
1730173752:[MRMAID,0002]acq started
1730177325:[MRMAID,0003]acq stopped
1730177325:[MRMAID,0052]$MEASFS,140840,3519.747437,40.014235;
1730177361:[SBE61 ,0396]P +20108,T +20091,S +34580
1730177362:[MRMAID,0002]acq started
1730180925:[MRMAID,0003]acq stopped
1730180925:[MRMAID,0052]$MEASFS,140441,3509.775971,40.014235;
1730180960:[SBE61 ,0396]P +19998,T +20123,S +34578
1730180962:[MRMAID,0002]acq started
1730184525:[MRMAID,0003]acq stopped
1730184525:[MRMAID,0052]$MEASFS,140440,3509.750977,40.014235;
1730184560:[SBE61 ,0396]P +20178,T +20056,S +34580
1730184561:[MRMAID,0002]acq started
1730188134:[MRMAID,0003]acq stopped
1730188170:[SBE61 ,0396]P +20167,T +20155,S +34578
1730188171:[MRMAID,0002]acq started
1730191734:[MRMAID,0003]acq stopped
1730191734:[MRMAID,0052]$MEASFS,140440,3509.750946,40.014235;
1730191769:[SBE61 ,0396]P +20154,T +20150,S +34578
1730191771:[MRMAID,0002]acq started
1730195343:[MRMAID,0003]acq stopped
1730195344:[MRMAID,0052]$MEASFS,140838,3519.697419,40.014235;
1730195379:[SBE61 ,0396]P +19977,T +20063,S +34581
1730195380:[MRMAID,0002]acq started
1730198943:[MRMAID,0003]acq stopped
1730198943:[MRMAID,0052]$MEASFS,140442,3509.800933,40.014235;
1730198979:[SBE61 ,0396]P +20332,T +20150,S +34578
1730198980:[MRMAID,0002]acq started
1730202543:[MRMAID,0003]acq stopped
1730202543:[MRMAID,0052]$MEASFS,140442,3509.800933,40.014235;
1730202578:[SBE61 ,0396]P +20133,T +20312,S +34578
1730202579:[MRMAID,0002]acq started
1730206152:[MRMAID,0003]acq stopped
1730206152:[MRMAID,0052]$MEASFS,140840,3519.747406,40.014235;
1730206188:[SBE61 ,0396]P +20181,T +20325,S +34577
1730206189:[MRMAID,0002]acq started
1730209752:[MRMAID,0003]acq stopped
1730209752:[MRMAID,0052]$MEASFS,140441,3509.775971,40.014235;
1730209787:[SBE61 ,0396]P +20112,T +20336,S +34577
1730209789:[MRMAID,0002]acq started
1730213352:[MRMAID,0003]acq stopped
1730213352:[MRMAID,0052]$MEASFS,140445,3509.875946,40.014235;
1730213387:[SBE61 ,0396]P +20157,T +20453,S +34576
1730213388:[MRMAID,0002]acq started
1730216961:[MRMAID,0003]acq stopped
1730216997:[SBE61 ,0396]P +20041,T +20229,S +34577
1730216998:[MRMAID,0002]acq started
1730220561:[MRMAID,0003]acq stopped
1730220561:[MRMAID,0052]$MEASFS,140440,3509.750976,40.014235;
1730220596:[SBE61 ,0396]P +20137,T +20087,S +34578
1730220598:[MRMAID,0002]acq started
1730224170:[MRMAID,0003]acq stopped
1730224171:[MRMAID,0052]$MEASFS,140839,3519.722412,40.014235;
1730224206:[SBE61 ,0396]P +20135,T +19973,S +34580
1730224207:[MRMAID,0002]acq started
1730227770:[MRMAID,0003]acq stopped
1730227770:[MRMAID,0052]$MEASFS,140444,3509.850921,40.014235;
1730227806:[SBE61 ,0396]P +20162,T +19970,S +34579
1730227807:[MRMAID,0002]acq started
1730231370:[MRMAID,0003]acq stopped
1730231370:[MRMAID,0052]$MEASFS,140440,3509.750977,40.014235;
1730231405:[SBE61 ,0396]P +20092,T +20039,S +34579
1730231406:[MRMAID,0002]acq started
1730234979:[MRMAID,0003]acq stopped
1730234979:[MRMAID,0052]$MEASFS,140841,3519.772399,40.014235;
1730235015:[SBE61 ,0396]P +20194,T +20015,S +34580
1730235016:[MRMAID,0002]acq started
1730238579:[MRMAID,0003]acq stopped
1730238579:[MRMAID,0052]$MEASFS,140442,3509.800934,40.014235;
1730238614:[SBE61 ,0396]P +20245,T +20053,S +34579
1730238616:[MRMAID,0002]acq started
1730242179:[MRMAID,0003]acq stopped
1730242179:[MRMAID,0052]$MEASFS,140441,3509.775940,40.014235;
1730242214:[SBE61 ,0396]P +20138,T +20244,S +34576
1730242215:[MRMAID,0002]acq started
1730245788:[MRMAID,0003]acq stopped
1730245788:[MRMAID,0052]$MEASFS,140840,3519.747589,40.014233;
1730245824:[SBE61 ,0396]P +20212,T +20276,S +34575
1730245825:[MRMAID,0002]acq started
1730249388:[MRMAID,0003]acq stopped
1730249388:[MRMAID,0052]$MEASFS,140441,3509.775970,40.014235;
1730249423:[SBE61 ,0396]P +20140,T +20210,S +34576
1730249425:[MRMAID,0002]acq started
1730252997:[MRMAID,0003]acq stopped
1730252998:[MRMAID,0052]$MEASFS,140840,3519.747406,40.014235;
1730253033:[SBE61 ,0396]P +20210,T +20229,S +34577
1730253034:[MRMAID,0002]acq started
1730256597:[MRMAID,0003]acq stopped
1730256597:[MRMAID,0052]$MEASFS,140459,3510.225799,40.014235;
1730256633:[SBE61 ,0396]P +20152,T +20218,S +34576
1730256634:[MRMAID,0002]acq started
1730260197:[MRMAID,0003]acq stopped
1730260197:[MRMAID,0052]$MEASFS,140440,3509.750977,40.014235;
1730260232:[SBE61 ,0396]P +20207,T +20160,S +34579
1730260233:[MRMAID,0002]acq started
1730263806:[MRMAID,0003]acq stopped
1730263806:[MRMAID,0052]$MEASFS,140840,3519.747406,40.014235;
1730263842:[SBE61 ,0396]P +20193,T +20114,S +34579
1730263843:[MRMAID,0002]acq started
1730267406:[MRMAID,0003]acq stopped
1730267406:[MRMAID,0052]$MEASFS,140440,3509.750977,40.014235;
1730267441:[SBE61 ,0396]P +20138,T +20104,S +34580
1730267443:[MRMAID,0002]acq started
1730271006:[MRMAID,0003]acq stopped
1730271006:[MRMAID,0052]$MEASFS,140442,3509.800965,40.014235;
1730271041:[SBE61 ,0396]P +20146,T +19990,S +34582
1730271042:[MRMAID,0002]acq started
1730274615:[MRMAID,0003]acq stopped
1730274618:[MRMAID,0185]1 spurious byte(s) received
1730274651:[SBE61 ,0396]P +20258,T +20072,S +34580
1730274652:[MRMAID,0002]acq started
1730278215:[MRMAID,0003]acq stopped
1730278215:[MRMAID,0052]$MEASFS,140442,3509.800934,40.014235;
1730278250:[SBE61 ,0396]P +20144,T +20052,S +34579
1730278252:[MRMAID,0002]acq started
1730281825:[MRMAID,0003]acq stopped
1730281825:[MRMAID,0052]$MEASFS,140844,3519.847351,40.014235;
1730281860:[SBE61 ,0396]P +20191,T +20096,S +34579
1730281861:[MRMAID,0002]acq started
1730285424:[MRMAID,0003]acq stopped
1730285424:[MRMAID,0052]$MEASFS,140441,3509.775940,40.014235;
1730285460:[SBE61 ,0396]P +20181,T +20082,S +34579
1730285461:[MRMAID,0002]acq started
1730289024:[MRMAID,0003]acq stopped
1730289024:[MRMAID,0052]$MEASFS,140441,3509.775940,40.014235;
1730289059:[SBE61 ,0396]P +20270,T +20155,S +34579
1730289060:[MRMAID,0002]acq started
1730292633:[MRMAID,0003]acq stopped
1730292634:[MRMAID,0052]$MEASFS,140839,3519.722382,40.014235;
1730292669:[SBE61 ,0396]P +20155,T +20074,S +34579
1730292670:[MRMAID,0002]acq started
1730296233:[MRMAID,0003]acq stopped
1730296233:[MRMAID,0052]$MEASFS,140440,3509.750946,40.014235;
1730296268:[SBE61 ,0396]P +20218,T +20056,S +34579
1730296270:[MRMAID,0002]acq started
1730299833:[MRMAID,0003]acq stopped
1730299833:[MRMAID,0052]$MEASFS,140440,3509.750946,40.014235;
1730299868:[SBE61 ,0396]P +20153,T +20071,S +34579
1730299869:[MRMAID,0002]acq started
1730303442:[MRMAID,0003]acq stopped
1730303478:[SBE61 ,0396]P +20223,T +20055,S +34579
1730303479:[MRMAID,0002]acq started
1730307042:[MRMAID,0003]acq stopped
1730307042:[MRMAID,0052]$MEASFS,140446,3509.900909,40.014235;
1730307077:[SBE61 ,0396]P +20193,T +20061,S +34579
1730307079:[MRMAID,0002]acq started
1730310651:[MRMAID,0003]acq stopped
1730310652:[MRMAID,0052]$MEASFS,140840,3519.747375,40.014235;
1730310687:[SBE61 ,0396]P +20143,T +20057,S +34579
1730310688:[MRMAID,0002]acq started
1730314251:[MRMAID,0003]acq stopped
1730314251:[MRMAID,0052]$MEASFS,140442,3509.800903,40.014236;
1730314287:[SBE61 ,0396]P +20186,T +19865,S +34580
1730314288:[MRMAID,0002]acq started
1730317851:[MRMAID,0003]acq stopped
1730317851:[MRMAID,0052]$MEASFS,140445,3509.875885,40.014235;
1730317886:[SBE61 ,0396]P +20245,T +19947,S +34580
1730317887:[MRMAID,0002]acq started
1730321460:[MRMAID,0003]acq stopped
1730321460:[MRMAID,0052]$MEASFS,140839,3519.722381,40.014235;
1730321496:[SBE61 ,0396]P +20210,T +20048,S +34579
1730321497:[MRMAID,0002]acq started
1730325060:[MRMAID,0003]acq stopped
1730325060:[MRMAID,0052]$MEASFS,140441,3509.775909,40.014236;
1730325095:[SBE61 ,0396]P +20254,T +20168,S +34578
1730325097:[MRMAID,0002]acq started
1730328660:[MRMAID,0003]acq stopped
1730328660:[MRMAID,0052]$MEASFS,140440,3509.750946,40.014235;
1730328695:[SBE61 ,0396]P +20204,T +20009,S +34580
1730328696:[MRMAID,0002]acq started
1730332269:[MRMAID,0003]acq stopped
1730332269:[MRMAID,0052]$MEASFS,140839,3519.722382,40.014235;
1730332305:[SBE61 ,0396]P +20316,T +20214,S +34578
1730332306:[MRMAID,0002]acq started
1730335869:[MRMAID,0003]acq stopped
1730335869:[MRMAID,0052]$MEASFS,140440,3509.750946,40.014235;
1730335904:[SBE61 ,0396]P +20203,T +20242,S +34577
1730335906:[MRMAID,0002]acq started
1730339479:[MRMAID,0003]acq stopped
1730339479:[MRMAID,0052]$MEASFS,140841,3519.772369,40.014235;
1730339514:[SBE61 ,0396]P +20280,T +20179,S +34578
1730339515:[MRMAID,0002]acq started
1730343078:[MRMAID,0003]acq stopped
1730343078:[MRMAID,0052]$MEASFS,140460,3510.250763,40.014235;
1730343114:[SBE61 ,0396]P +20303,T +20269,S +34577
1730343115:[MRMAID,0002]acq started
1730346678:[MRMAID,0003]acq stopped
1730346678:[MRMAID,0052]$MEASFS,140441,3509.775940,40.014235;
1730346713:[SBE61 ,0396]P +20227,T +20258,S +34577
1730346714:[MRMAID,0002]acq started
1730350287:[MRMAID,0003]acq stopped
1730350288:[MRMAID,0052]$MEASFS,140840,3519.747406,40.014235;
1730350323:[SBE61 ,0396]P +20150,T +20042,S +34580
1730350324:[MRMAID,0002]acq started
1730353887:[MRMAID,0003]acq stopped
1730353887:[MRMAID,0052]$MEASFS,140441,3509.775940,40.014235;
1730353922:[SBE61 ,0396]P +20158,T +20047,S +34581
1730353924:[MRMAID,0002]acq started
1730357487:[MRMAID,0003]acq stopped
1730357487:[MRMAID,0052]$MEASFS,140441,3509.775940,40.014235;
1730357522:[SBE61 ,0396]P +20159,T +19820,S +34580
1730357523:[MRMAID,0002]acq started
1730361096:[MRMAID,0003]acq stopped
1730361096:[MRMAID,0052]$MEASFS,140839,3519.722382,40.014235;
1730361132:[SBE61 ,0396]P +20240,T +19667,S +34584
1730361133:[MRMAID,0002]acq started
1730364696:[MRMAID,0003]acq stopped
1730364696:[MRMAID,0052]$MEASFS,140440,3509.750915,40.014236;
1730364731:[SBE61 ,0396]P +20279,T +19861,S +34581
1730364733:[MRMAID,0002]acq started
1730368305:[MRMAID,0003]acq stopped
1730368306:[MRMAID,0052]$MEASFS,140839,3519.722351,40.014236;
1730368341:[SBE61 ,0396]P +20291,T +20068,S +34581
1730368342:[MRMAID,0002]acq started
1730371905:[MRMAID,0003]acq stopped
1730371905:[MRMAID,0052]$MEASFS,140439,3509.725891,40.014236;
1730371941:[SBE61 ,0396]P +20172,T +19868,S +34581
1730371942:[MRMAID,0002]acq started
1730375505:[MRMAID,0003]acq stopped
1730375505:[MRMAID,0052]$MEASFS,140442,3509.800873,40.014236;
1730375540:[SBE61 ,0396]P +20263,T +19808,S +34581
1730375541:[MRMAID,0002]acq started
1730379114:[MRMAID,0003]acq stopped
1730379115:[MRMAID,0052]$MEASFS,140845,3519.872314,40.014236;
1730379150:[SBE61 ,0396]P +20299,T +19882,S +34581
1730379151:[MRMAID,0002]acq started
1730382714:[MRMAID,0003]acq stopped
1730382714:[MRMAID,0052]$MEASFS,140442,3509.800872,40.014236;
1730382749:[SBE61 ,0396]P +20269,T +20075,S +34581
1730382751:[MRMAID,0002]acq started
1730386314:[MRMAID,0003]acq stopped
1730386314:[MRMAID,0052]$MEASFS,140441,3509.775878,40.014236;
1730386349:[SBE61 ,0396]P +20383,T +20175,S +34577
1730386350:[MRMAID,0002]acq started
1730389923:[MRMAID,0003]acq stopped
1730389923:[MRMAID,0052]$MEASFS,140840,3519.747345,40.014236;
1730389959:[SBE61 ,0396]P +20303,T +20384,S +34576
1730389960:[MRMAID,0002]acq started
1730393523:[MRMAID,0003]acq stopped
1730393523:[MRMAID,0052]$MEASFS,140441,3509.775940,40.014235;
1730393558:[SBE61 ,0396]P +20153,T +20164,S +34579
1730393560:[MRMAID,0002]acq started
1730397133:[MRMAID,0003]acq stopped
1730397133:[MRMAID,0052]$MEASFS,140839,3519.722381,40.014235;
1730397168:[SBE61 ,0396]P +20306,T +20093,S +34579
1730397169:[MRMAID,0002]acq started
1730400732:[MRMAID,0003]acq stopped
1730400732:[MRMAID,0052]$MEASFS,140440,3509.750915,40.014236;
1730400768:[SBE61 ,0396]P +20220,T +20084,S +34579
1730400769:[MRMAID,0002]acq started
1730404332:[MRMAID,0003]acq stopped
1730404332:[MRMAID,0052]$MEASFS,140444,3509.850922,40.014235;
1730404367:[SBE61 ,0396]P +20303,T +20190,S +34577
1730404368:[MRMAID,0002]acq started
1730407941:[MRMAID,0003]acq stopped
1730407942:[MRMAID,0052]$MEASFS,140839,3519.722381,40.014235;
1730407977:[SBE61 ,0396]P +20165,T +20099,S +34580
1730407978:[MRMAID,0002]acq started
1730411541:[MRMAID,0003]acq stopped
1730411541:[MRMAID,0052]$MEASFS,140442,3509.800934,40.014235;
1730411576:[SBE61 ,0396]P +20259,T +19840,S +34581
1730411578:[MRMAID,0002]acq started
1730415141:[MRMAID,0003]acq stopped
1730415141:[MRMAID,0052]$MEASFS,140445,3509.875885,40.014235;
1730415176:[SBE61 ,0396]P +20253,T +19843,S +34581
1730415177:[MRMAID,0002]acq started
1730418750:[MRMAID,0003]acq stopped
1730418750:[MRMAID,0052]$MEASFS,140840,3519.747345,40.014236;
1730418786:[SBE61 ,0396]P +20224,T +19882,S +34581
1730418787:[MRMAID,0002]acq started
1730422350:[MRMAID,0003]acq stopped
1730422350:[MRMAID,0052]$MEASFS,140441,3509.775910,40.014236;
1730422385:[SBE61 ,0396]P +20352,T +19943,S +34581
1730422387:[MRMAID,0002]acq started
1730422841:[MRMAID,0149]<ERR>read 0,-2
1730422841:[MRMAID,0149]<ERR>read 0,-2
1730422841:[MRMAID,0185]1 spurious byte(s) received
1730422849:[MRMAID,0149]<ERR>read 0,-2
1730422849:[MRMAID,0185]2 spurious byte(s) received
1730422849:[MRMAID,0185]1 spurious byte(s) received
1730422884:[MRMAID,0052]$BOARD:452116600-A0;
1730422884:[MRMAID,0185]5 spurious byte(s) received
1730425950:[MRMAID,0188]acq already stopped
1730425985:[SBE61 ,0396]P +20283,T +19854,S +34581
1730425986:[MRMAID,0002]acq started
1730429559:[MRMAID,0003]acq stopped
1730429559:[MRMAID,0052]$MEASFS,140835,3519.552674,40.015028;
1730429595:[SBE61 ,0396]P +20252,T +20063,S +34581
1730429596:[MRMAID,0002]acq started
1730431098:[MRMAID,0027]2024dbar, 33degC
1730433159:[MRMAID,0003]acq stopped
1730433159:[MRMAID,0052]$MEASFS,140457,3510.106231,40.015028;
1730433194:[SBE61 ,0396]P +20299,T +20058,S +34581
1730433196:[MRMAID,0002]acq started
1730435164:[MRMAID,0027]2027dbar, 33degC
1730436768:[MRMAID,0003]acq stopped
1730436769:[MRMAID,0052]$MEASFS,140839,3519.652649,40.015028;
1730436804:[SBE61 ,0396]P +20299,T +20088,S +34580
1730436805:[MRMAID,0002]acq started
1730440368:[MRMAID,0003]acq stopped
1730440368:[MRMAID,0052]$MEASFS,140442,3509.731415,40.015028;
1730440404:[SBE61 ,0396]P +20240,T +20152,S +34580
1730440405:[MRMAID,0002]acq started
1730443968:[MRMAID,0003]acq stopped
1730443968:[MRMAID,0052]$MEASFS,140442,3509.731384,40.015028;
1730444003:[SBE61 ,0396]P +20327,T +20059,S +34580
1730444004:[MRMAID,0002]acq started
1730447577:[MRMAID,0003]acq stopped
1730447613:[SBE61 ,0396]P +20158,T +19880,S +34581
1730447614:[MRMAID,0002]acq started
1730451177:[MRMAID,0003]acq stopped
1730451177:[MRMAID,0052]$MEASFS,140442,3509.731414,40.015028;
1730451212:[SBE61 ,0396]P +20272,T +19891,S +34580
1730451214:[MRMAID,0002]acq started
1730454777:[MRMAID,0003]acq stopped
1730454777:[MRMAID,0052]$MEASFS,140441,3509.706391,40.015028;
1730454812:[SBE61 ,0396]P +20238,T +19893,S +34581
1730454813:[MRMAID,0002]acq started
1730458386:[MRMAID,0003]acq stopped
1730458386:[MRMAID,0052]$MEASFS,140836,3519.577668,40.015028;
1730458422:[SBE61 ,0396]P +20153,T +19820,S +34579
1730458423:[MRMAID,0002]acq started
1730461986:[MRMAID,0003]acq stopped
1730461986:[MRMAID,0052]$MEASFS,140441,3509.706390,40.015028;
1730462021:[SBE61 ,0396]P +20407,T +19752,S +34582
1730462023:[MRMAID,0002]acq started
1730465595:[MRMAID,0003]acq stopped
1730465596:[MRMAID,0052]$MEASFS,140839,3519.652649,40.015028;
1730465631:[SBE61 ,0396]P +20228,T +19745,S +34581
1730465632:[MRMAID,0002]acq started
1730469195:[MRMAID,0003]acq stopped
1730469195:[MRMAID,0052]$MEASFS,140440,3509.681396,40.015028;
1730469231:[SBE61 ,0396]P +20343,T +19900,S +34580
1730469232:[MRMAID,0002]acq started
1730472795:[MRMAID,0003]acq stopped
1730472795:[MRMAID,0052]$MEASFS,140440,3509.681397,40.015028;
1730472830:[SBE61 ,0396]P +20249,T +19992,S +34582
1730472831:[MRMAID,0002]acq started
1730476042:[BUOY  ,0087]from +1mbar/s to -2mbar/s
1730476042:[PUMP  ,0378]Outflow calculated : 2709
1730476042:[BUOY  ,0089]need to transfer +8mL (pump during 11817ms)
1730476042:[MRMAID,0003]acq stopped
1730476042:[MRMAID,0052]$MEASFS,126350,3157.563690,40.015028;
1730476044:[PUMP  ,0016]pump during 11817ms
1730476055:[PUMP  ,0212]battery 13543mV,  910974uA (steady state), P+205136mbar
1730476057:[MRMAID,0002]acq started
1730476369:[BUOY  ,0087]from +0mbar/s to -2mbar/s
1730476370:[PUMP  ,0378]Outflow calculated : 2709
1730476370:[BUOY  ,0089]need to transfer +6mL (pump during 8838ms)
1730476370:[MRMAID,0003]acq stopped
1730476371:[PUMP  ,0016]pump during 8838ms
1730476379:[PUMP  ,0212]battery 13526mV,  900238uA (steady state), P+205176mbar
1730476382:[MRMAID,0002]acq started
1730476434:[MRMAID,0003]acq stopped
1730476440:[SBE61 ,0396]P +20548,T +20150,S +34578
1730476441:[MRMAID,0002]acq started
1730478798:[BUOY  ,0087]from -3mbar/s to +0mbar/s
1730478798:[BUOY  ,0090]need to transfer -14mL (valve during 400ms)
1730478798:[MRMAID,0003]acq stopped
1730478798:[MRMAID,0052]$MEASFS,92202,2304.184326,40.015028;
1730478798:[VALVE ,0034]valve opening 400ms
1730478811:[MRMAID,0002]acq started
1730479735:[BUOY  ,0087]from +1mbar/s to +0mbar/s
1730479735:[PUMP  ,0378]Outflow calculated : 2712
1730479735:[BUOY  ,0089]need to transfer +2mL (pump during 2941ms)
1730479735:[MRMAID,0003]acq stopped
1730479735:[MRMAID,0185]19 spurious byte(s) received
1730479737:[PUMP  ,0016]pump during 2941ms
1730479741:[MRMAID,0002]acq started
1730480004:[MRMAID,0003]acq stopped
1730480006:[MRMAID,0185]1 spurious byte(s) received
1730480039:[SBE61 ,0396]P +20073,T +20349,S +34577
1730480041:[MRMAID,0002]acq started
1730480062:[BUOY  ,0087]from +1mbar/s to +0mbar/s
1730480062:[PUMP  ,0378]Outflow calculated : 2712
1730480062:[BUOY  ,0089]need to transfer +2mL (pump during 2930ms)
1730480064:[PUMP  ,0016]pump during 2930ms
1730480077:[MRMAID,0184]acq already started
1730480094:[MRMAID,0059]stop canceled
1730480399:[BUOY  ,0087]from +2mbar/s to +0mbar/s
1730480399:[PUMP  ,0378]Outflow calculated : 2712
1730480399:[BUOY  ,0089]need to transfer +6mL (pump during 8791ms)
1730480399:[MRMAID,0003]acq stopped
1730480401:[PUMP  ,0016]pump during 8791ms
1730480409:[PUMP  ,0212]battery 13547mV,  890478uA (steady state), P+200916mbar
1730480411:[MRMAID,0002]acq started
1730480726:[BUOY  ,0087]from +1mbar/s to +0mbar/s
1730480726:[PUMP  ,0378]Outflow calculated : 2712
1730480726:[BUOY  ,0089]need to transfer +2mL (pump during 2930ms)
1730480726:[MRMAID,0003]acq stopped
1730480728:[PUMP  ,0016]pump during 2930ms
1730480732:[MRMAID,0002]acq started
1730481053:[BUOY  ,0087]from +2mbar/s to +0mbar/s
1730481053:[PUMP  ,0378]Outflow calculated : 2711
1730481053:[BUOY  ,0089]need to transfer +6mL (pump during 8822ms)
1730481053:[MRMAID,0003]acq stopped
1730481055:[PUMP  ,0016]pump during 8822ms
1730481063:[PUMP  ,0212]battery 13536mV,  891698uA (steady state), P+201856mbar
1730481065:[MRMAID,0002]acq started
1730483604:[MRMAID,0003]acq stopped
1730483604:[MRMAID,0052]$MEASFS,99458,2485.516266,40.015027;
1730483639:[SBE61 ,0396]P +20118,T +20333,S +34576
1730483640:[MRMAID,0002]acq started
1730487213:[MRMAID,0003]acq stopped
1730487213:[MRMAID,0052]$MEASFS,140840,3519.677735,40.015027;
1730487249:[SBE61 ,0396]P +20108,T +20253,S +34576
1730487250:[MRMAID,0002]acq started
1730490813:[MRMAID,0003]acq stopped
1730490813:[MRMAID,0052]$MEASFS,140437,3509.606506,40.015027;
1730490848:[SBE61 ,0396]P +20026,T +20163,S +34578
1730490850:[MRMAID,0002]acq started
1730494422:[MRMAID,0003]acq stopped
1730494423:[MRMAID,0052]$MEASFS,140840,3519.677734,40.015027;
1730494458:[SBE61 ,0396]P +20073,T +20049,S +34578
1730494459:[MRMAID,0002]acq started
1730498022:[MRMAID,0003]acq stopped
1730498022:[MRMAID,0052]$MEASFS,140436,3509.581513,40.015027;
1730498058:[SBE61 ,0396]P +20093,T +20048,S +34580
1730498059:[MRMAID,0002]acq started
1730501622:[MRMAID,0003]acq stopped
1730501622:[MRMAID,0052]$MEASFS,140440,3509.681458,40.015027;
1730501657:[SBE61 ,0396]P +20029,T +19836,S +34581
1730501658:[MRMAID,0002]acq started
1730505231:[MRMAID,0052]$STOPACK:+$MEASFS,140839,3519.652680,40.015028;
1730505234:[MRMAID,0185]2 spurious byte(s) received
1730505267:[SBE61 ,0396]P +20014,T +19797,S +34582
1730505268:[MRMAID,0002]acq started
1730508831:[MRMAID,0003]acq stopped
1730508831:[MRMAID,0052]$MEASFS,140439,3509.656433,40.015028;
1730508866:[SBE61 ,0396]P +20121,T +19850,S +34581
1730508868:[MRMAID,0002]acq started
1730512431:[MRMAID,0003]acq stopped
1730512431:[MRMAID,0052]$MEASFS,140442,3509.731384,40.015028;
1730512466:[SBE61 ,0396]P +20159,T +19857,S +34580
1730512467:[MRMAID,0002]acq started
1730514097:[BUOY  ,0087]from +1mbar/s to +0mbar/s
1730514097:[PUMP  ,0378]Outflow calculated : 2711
1730514097:[BUOY  ,0089]need to transfer +2mL (pump during 2947ms)
1730514097:[MRMAID,0003]acq stopped
1730514097:[MRMAID,0185]28 spurious byte(s) received
1730514099:[PUMP  ,0016]pump during 2947ms
1730514103:[MRMAID,0002]acq started
1730516040:[MRMAID,0003]acq stopped
1730516040:[MRMAID,0052]$MEASFS,75414,1884.641937,40.015028;
1730516076:[SBE61 ,0396]P +20129,T +20178,S +34576
1730516077:[MRMAID,0002]acq started
1730516825:[BUOY  ,0087]from -1mbar/s to +0mbar/s
1730516825:[BUOY  ,0090]need to transfer -2mL (valve during 57ms)
1730516825:[MRMAID,0003]acq stopped
1730516825:[MRMAID,0185]11 spurious byte(s) received
1730516826:[VALVE ,0034]valve opening 57ms
1730516838:[MRMAID,0002]acq started
1730517162:[BUOY  ,0087]from +1mbar/s to +0mbar/s
1730517162:[PUMP  ,0378]Outflow calculated : 2712
1730517162:[BUOY  ,0089]need to transfer +2mL (pump during 2941ms)
1730517162:[MRMAID,0003]acq stopped
1730517164:[PUMP  ,0016]pump during 2941ms
1730517168:[MRMAID,0002]acq started
1730517489:[BUOY  ,0101]stage[1] 10 stab done
1730517489:[BUOY  ,0087]from +2mbar/s to +0mbar/s
1730517489:[PUMP  ,0378]Outflow calculated : 2712
1730517489:[BUOY  ,0089]need to transfer +6mL (pump during 8824ms)
1730517489:[MRMAID,0052]$STOPACK:
1730517491:[MRMAID,0185]3 spurious byte(s) received
1730517491:[PUMP  ,0016]pump during 8824ms
1730517499:[PUMP  ,0212]battery 13576mV,  885354uA (steady state), P+200286mbar
1730517501:[MRMAID,0002]acq started
1730519640:[MRMAID,0003]acq stopped
1730519640:[MRMAID,0052]$MEASFS,83476,2086.116242,40.015028;
1730519675:[SBE61 ,0396]P +20157,T +19968,S +34580
1730519677:[MRMAID,0002]acq started
1730523249:[MRMAID,0003]acq stopped
1730523250:[MRMAID,0052]$MEASFS,140840,3519.677674,40.015028;
1730523285:[SBE61 ,0396]P +20145,T +20104,S +34579
1730523286:[MRMAID,0002]acq started
1730526849:[MRMAID,0003]acq stopped
1730526849:[MRMAID,0052]$MEASFS,140441,3509.706421,40.015028;
1730526885:[SBE61 ,0396]P +20161,T +20108,S +34578
1730526886:[MRMAID,0002]acq started
1730530449:[MRMAID,0003]acq stopped
1730530449:[MRMAID,0052]$MEASFS,140441,3509.706420,40.015028;
1730530484:[SBE61 ,0396]P +20192,T +20150,S +34577
1730530485:[MRMAID,0002]acq started
1730534058:[MRMAID,0003]acq stopped
1730534058:[MRMAID,0052]$MEASFS,140839,3519.652680,40.015028;
1730534094:[SBE61 ,0396]P +20095,T +20159,S +34575
1730534095:[MRMAID,0002]acq started
1730535633:[MRMAID,0027]1998dbar, 33degC
1730537658:[MRMAID,0003]acq stopped
1730537658:[MRMAID,0052]$MEASFS,140439,3509.656433,40.015028;
1730537693:[SBE61 ,0396]P +20154,T +20044,S +34581
1730537695:[MRMAID,0002]acq started
1730541258:[MRMAID,0003]acq stopped
1730541258:[MRMAID,0052]$MEASFS,140436,3509.581482,40.015028;
1730541293:[SBE61 ,0396]P +20137,T +20120,S +34578
1730541294:[MRMAID,0002]acq started
1730544867:[MRMAID,0003]acq stopped
1730544867:[MRMAID,0052]$MEASFS,140841,3519.702667,40.015028;
1730544903:[SBE61 ,0396]P +20147,T +19985,S +34579
1730544904:[MRMAID,0002]acq started
1730548467:[MRMAID,0003]acq stopped
1730548467:[MRMAID,0052]$MEASFS,140442,3509.731415,40.015028;
1730548502:[SBE61 ,0396]P +20125,T +19821,S +34581
1730548504:[MRMAID,0002]acq started
1730552077:[MRMAID,0003]acq stopped
1730552077:[MRMAID,0052]$MEASFS,140841,3519.702667,40.015028;
1730552112:[SBE61 ,0396]P +20094,T +19860,S +34580
1730552113:[MRMAID,0002]acq started
1730555676:[MRMAID,0003]acq stopped
1730555676:[MRMAID,0052]$MEASFS,140441,3509.706391,40.015028;
1730555712:[SBE61 ,0396]P +20182,T +19806,S +34581
1730555713:[MRMAID,0002]acq started
1730559276:[MRMAID,0003]acq stopped
1730559276:[MRMAID,0052]$MEASFS,140437,3509.606415,40.015028;
1730559311:[SBE61 ,0396]P +20189,T +19881,S +34580
1730559312:[MRMAID,0002]acq started
1730562885:[MRMAID,0003]acq stopped
1730562886:[MRMAID,0052]$MEASFS,140840,3519.677642,40.015028;
1730562921:[SBE61 ,0396]P +20232,T +19943,S +34579
1730562922:[MRMAID,0002]acq started
1730566485:[MRMAID,0003]acq stopped
1730566485:[MRMAID,0052]$MEASFS,140441,3509.706360,40.015028;
1730566520:[SBE61 ,0396]P +20209,T +20155,S +34577
1730566522:[MRMAID,0002]acq started
1730570085:[MRMAID,0003]acq stopped
1730570085:[MRMAID,0052]$MEASFS,140440,3509.681396,40.015028;
1730570120:[SBE61 ,0396]P +20228,T +20276,S +34576
1730570121:[MRMAID,0002]acq started
1730573694:[MRMAID,0003]acq stopped
1730573694:[MRMAID,0052]$MEASFS,140838,3519.627655,40.015028;
1730573730:[SBE61 ,0396]P +20097,T +20122,S +34577
1730573731:[MRMAID,0002]acq started
1730577294:[MRMAID,0003]acq stopped
1730577294:[MRMAID,0052]$MEASFS,140436,3509.581452,40.015028;
1730577329:[SBE61 ,0396]P +20100,T +20085,S +34578
1730577331:[MRMAID,0002]acq started
1730580904:[MRMAID,0003]acq stopped
1730580904:[MRMAID,0052]$MEASFS,140841,3519.702667,40.015028;
1730580939:[SBE61 ,0396]P +20174,T +20046,S +34579
1730580940:[MRMAID,0002]acq started
1730584503:[MRMAID,0003]acq stopped
1730584503:[MRMAID,0052]$MEASFS,140442,3509.731385,40.015028;
1730584539:[SBE61 ,0396]P +20042,T +19841,S +34580
1730584540:[MRMAID,0002]acq started
1730588103:[MRMAID,0003]acq stopped
1730588103:[MRMAID,0052]$MEASFS,140442,3509.731385,40.015028;
1730588138:[SBE61 ,0396]P +20164,T +19855,S +34580
1730588139:[MRMAID,0002]acq started
1730591712:[MRMAID,0003]acq stopped
1730591712:[MRMAID,0052]$MEASFS,140840,3519.677643,40.015028;
1730591748:[SBE61 ,0396]P +20152,T +19775,S +34582
1730591749:[MRMAID,0002]acq started
1730595312:[MRMAID,0003]acq stopped
1730595312:[MRMAID,0052]$MEASFS,140441,3509.706390,40.015028;
1730595347:[SBE61 ,0396]P +20156,T +19729,S +34583
1730595349:[MRMAID,0002]acq started
1730598912:[MRMAID,0003]acq stopped
1730598912:[MRMAID,0052]$MEASFS,140441,3509.706391,40.015028;
1730598947:[SBE61 ,0396]P +20114,T +19715,S +34582
1730598948:[MRMAID,0002]acq started
1730602521:[MRMAID,0003]acq stopped
1730602521:[MRMAID,0052]$MEASFS,140840,3519.677643,40.015028;
1730602557:[SBE61 ,0396]P +20330,T +19810,S +34582
1730602558:[MRMAID,0002]acq started
1730606121:[MRMAID,0003]acq stopped
1730606121:[MRMAID,0052]$MEASFS,140459,3510.156189,40.015029;
1730606156:[SBE61 ,0396]P +20144,T +19966,S +34580
1730606158:[MRMAID,0002]acq started
1730609731:[MRMAID,0003]acq stopped
1730609731:[MRMAID,0052]$MEASFS,140840,3519.677612,40.015029;
1730609766:[SBE61 ,0396]P +20350,T +20038,S +34581
1730609767:[MRMAID,0002]acq started
1730613330:[MRMAID,0003]acq stopped
1730613330:[MRMAID,0052]$MEASFS,140436,3509.581420,40.015028;
1730613366:[SBE61 ,0396]P +20318,T +20193,S +34579
1730613367:[MRMAID,0002]acq started
1730616930:[MRMAID,0003]acq stopped
1730616930:[MRMAID,0052]$MEASFS,140442,3509.731385,40.015028;
1730616965:[SBE61 ,0396]P +20080,T +20196,S +34579
1730616966:[MRMAID,0002]acq started
1730620540:[MRMAID,0052]$ST$MEASFS,140841,3519.702637,40.015028;
1730620542:[MRMAID,0185]9 spurious byte(s) received
1730620575:[SBE61 ,0396]P +20120,T +20147,S +34579
1730620576:[MRMAID,0002]acq started
1730624139:[MRMAID,0003]acq stopped
1730624139:[MRMAID,0052]$MEASFS,140441,3509.706421,40.015028;
1730624174:[SBE61 ,0396]P +20203,T +20047,S +34580
1730624176:[MRMAID,0002]acq started
1730627739:[MRMAID,0003]acq stopped
1730627739:[MRMAID,0052]$MEASFS,140441,3509.706421,40.015028;
1730627774:[SBE61 ,0396]P +20096,T +20018,S +34581
1730627775:[MRMAID,0002]acq started
1730631348:[MRMAID,0003]acq stopped
1730631348:[MRMAID,0052]$MEASFS,140840,3519.677673,40.015028;
1730631384:[SBE61 ,0396]P +20209,T +19846,S +34581
1730631385:[MRMAID,0002]acq started
1730634948:[MRMAID,0003]acq stopped
1730634948:[MRMAID,0052]$MEASFS,140441,3509.706391,40.015028;
1730634983:[SBE61 ,0396]P +20179,T +19870,S +34581
1730634985:[MRMAID,0002]acq started
1730638558:[MRMAID,0003]acq stopped
1730638558:[MRMAID,0052]$MEASFS,140839,3519.652649,40.015028;
1730638593:[SBE61 ,0396]P +20202,T +19758,S +34582
1730638594:[MRMAID,0002]acq started
1730642157:[MRMAID,0003]acq stopped
1730642157:[MRMAID,0052]$MEASFS,140436,3509.581421,40.015028;
1730642193:[SBE61 ,0396]P +20169,T +19813,S +34581
1730642194:[MRMAID,0002]acq started
1730645757:[MRMAID,0003]acq stopped
1730645757:[MRMAID,0052]$MEASFS,140440,3509.681366,40.015029;
1730645792:[SBE61 ,0396]P +20186,T +19807,S +34581
1730645793:[MRMAID,0002]acq started
1730649366:[MRMAID,0003]acq stopped
1730649367:[MRMAID,0052]$MEASFS,140838,3519.627625,40.015029;
1730649402:[SBE61 ,0396]P +20199,T +19814,S +34581
1730649403:[MRMAID,0002]acq started
1730652966:[MRMAID,0003]acq stopped
1730652966:[MRMAID,0052]$MEASFS,140442,3509.731354,40.015028;
1730653001:[SBE61 ,0396]P +20211,T +19956,S +34580
1730653003:[MRMAID,0002]acq started
1730656566:[MRMAID,0003]acq stopped
1730656566:[MRMAID,0052]$MEASFS,140441,3509.706360,40.015028;
1730656601:[SBE61 ,0396]P +20292,T +19957,S +34580
1730656602:[MRMAID,0002]acq started
1730660175:[MRMAID,0003]acq stopped
1730660175:[MRMAID,0052]$MEASFS,140836,3519.577667,40.015028;
1730660211:[SBE61 ,0396]P +20248,T +20000,S +34579
1730660212:[MRMAID,0002]acq started
1730663775:[MRMAID,0003]acq stopped
1730663775:[MRMAID,0052]$MEASFS,140441,3509.706390,40.015028;
1730663810:[SBE61 ,0396]P +20048,T +20042,S +34579
1730663812:[MRMAID,0002]acq started
1730667375:[MRMAID,0003]acq stopped
1730667375:[MRMAID,0052]$MEASFS,140441,3509.706360,40.015028;
1730667410:[SBE61 ,0396]P +20180,T +19897,S +34580
1730667411:[MRMAID,0002]acq started
1730670984:[MRMAID,0003]acq stopped
1730670984:[MRMAID,0052]$MEASFS,140840,3519.677643,40.015028;
1730671020:[SBE61 ,0396]P +20272,T +19870,S +34580
1730671021:[MRMAID,0002]acq started
1730674584:[MRMAID,0003]acq stopped
1730674584:[MRMAID,0052]$MEASFS,140440,3509.681397,40.015028;
1730674619:[SBE61 ,0396]P +20180,T +19872,S +34581
1730674621:[MRMAID,0002]acq started
1730678193:[MRMAID,0003]acq stopped
1730678194:[MRMAID,0052]$MEASFS,140839,3519.652649,40.015028;
1730678229:[SBE61 ,0396]P +20168,T +20027,S +34581
1730678230:[MRMAID,0002]acq started
1730681793:[MRMAID,0003]acq stopped
1730681793:[MRMAID,0052]$MEASFS,140440,3509.681366,40.015029;
1730681829:[SBE61 ,0396]P +20156,T +19880,S +34581
1730681830:[MRMAID,0002]acq started
1730685393:[MRMAID,0003]acq stopped
1730685393:[MRMAID,0052]$MEASFS,140439,3509.656403,40.015028;
1730685428:[SBE61 ,0396]P +20204,T +19746,S +34581
1730685429:[MRMAID,0002]acq started
1730689002:[MRMAID,0003]acq stopped
1730689002:[MRMAID,0052]$MEASFS,140841,3519.702606,40.015028;
1730689038:[SBE61 ,0396]P +20195,T +19619,S +34584
1730689039:[MRMAID,0002]acq started
1730692602:[MRMAID,0003]acq stopped
1730692602:[MRMAID,0052]$MEASFS,140460,3510.181182,40.015028;
1730692637:[SBE61 ,0396]P +20205,T +19757,S +34582
1730692639:[MRMAID,0002]acq started
1730696202:[MRMAID,0003]acq stopped
1730696202:[MRMAID,0052]$MEASFS,140438,3509.631378,40.015029;
1730696237:[SBE61 ,0396]P +20286,T +19770,S +34582
1730696238:[MRMAID,0002]acq started
1730699811:[MRMAID,0003]acq stopped
1730699811:[MRMAID,0052]$MEASFS,140840,3519.677612,40.015029;
1730699847:[SBE61 ,0396]P +20201,T +19865,S +34580
1730699848:[MRMAID,0002]acq started
1730702706:[MAIN  ,0140]stage[1] complete 27227s after mission start
1730702712:[SBE   ,0391]Mode changed from PROFILING to SLEEP
1730702713:[MRMAID,0003]acq stopped
1730702713:[MRMAID,0052]$MEASFS,112529,2812.168427,40.015029;
1730702714:[MAIN  ,0056]stage[2]
1730702716:[MAIN  ,0024]internal pressure 76308Pa
1730702717:[BUOY  ,0037]P+202146mbar
1730702719:[BUOY  ,0087]from +0mbar/s to +9mbar/s
1730702719:[BUOY  ,0090]need to transfer -130mL (valve during 3692ms)
1730702719:[VALVE ,0034]valve opening 3692ms
1730702722:[VALVE ,0234]battery 13373mV,  500444uA, P+202106mbar
1730703344:[PRESS ,0038]P+207116mbar,T+32767mdegC
1730703994:[PRESS ,0038]P+212646mbar,T+32767mdegC
1730704643:[PRESS ,0038]P+217906mbar,T+32767mdegC
1730704668:[BUOY  ,0087]from +7mbar/s to +9mbar/s
1730704668:[BUOY  ,0090]need to transfer -52mL (valve during 1423ms)
1730704668:[VALVE ,0034]valve opening 1423ms
1730704670:[VALVE ,0234]battery 13397mV,  498126uA, P+218086mbar
1730705293:[PRESS ,0038]P+223826mbar,T+32767mdegC
1730705643:[BUOY  ,0087]from +8mbar/s to +6mbar/s
1730705643:[PUMP  ,0378]Outflow calculated : 2696
1730705643:[BUOY  ,0089]need to transfer +44mL (pump during 65089ms)
1730705644:[PUMP  ,0016]pump during 60000ms
1730705703:[PUMP  ,0212]battery 13415mV,  979538uA (steady state), P+226796mbar
1730705945:[PRESS ,0038]P+229056mbar,T+32767mdegC
1730706294:[BUOY  ,0087]from +8mbar/s to +6mbar/s
1730706294:[PUMP  ,0378]Outflow calculated : 2692
1730706294:[BUOY  ,0089]need to transfer +44mL (pump during 65770ms)
1730706296:[PUMP  ,0016]pump during 60000ms
1730706355:[PUMP  ,0212]battery 13467mV,  981612uA (steady state), P+231606mbar
1730706921:[PRESS ,0038]P+235446mbar,T+32767mdegC
1730707895:[PRESS ,0038]P+241296mbar,T+32767mdegC
1730708245:[BUOY  ,0087]from +5mbar/s to +2mbar/s
1730708245:[PUMP  ,0378]Outflow calculated : 2687
1730708245:[BUOY  ,0089]need to transfer +34mL (pump during 50336ms)
1730708246:[PUMP  ,0016]pump during 50336ms
1730708296:[PUMP  ,0212]battery 13576mV, 1024678uA (steady state), P+243336mbar
1730708571:[BUOY  ,0087]from +4mbar/s to +2mbar/s
1730708572:[PUMP  ,0378]Outflow calculated : 2684
1730708572:[BUOY  ,0089]need to transfer +20mL (pump during 30103ms)
1730708573:[PUMP  ,0016]pump during 30103ms
1730708603:[PUMP  ,0212]battery 13443mV, 1022726uA (steady state), P+244866mbar
1730708898:[STAGE ,0213]246196mbar reached at 1730708898s, ref 250000mbar +/-5000mbar
1730708898:[BUOY  ,0087]from +4mbar/s to +0mbar/s
1730708898:[PUMP  ,0378]Outflow calculated : 2683
1730708898:[BUOY  ,0089]need to transfer +26mL (pump during 39149ms)
1730708899:[PUMP  ,0016]pump during 39149ms
1730708938:[PUMP  ,0212]battery 13436mV, 1033340uA (steady state), P+246196mbar
1730709200:[PRESS ,0038]P+247106mbar,T+32767mdegC
1730709224:[BUOY  ,0087]from +3mbar/s to +0mbar/s
1730709224:[PUMP  ,0378]Outflow calculated : 2682
1730709224:[BUOY  ,0089]need to transfer +14mL (pump during 21254ms)
1730709226:[PUMP  ,0016]pump during 21254ms
1730709247:[PUMP  ,0212]battery 13432mV, 1032242uA (steady state), P+247196mbar
1730710751:[BUOY  ,0087]from +2mbar/s to +0mbar/s
1730710751:[PUMP  ,0378]Outflow calculated : 2682
1730710751:[BUOY  ,0089]need to transfer +6mL (pump during 8905ms)
1730710753:[PUMP  ,0016]pump during 8905ms
1730710761:[PUMP  ,0212]battery 13607mV, 1056276uA (steady state), P+250316mbar
1730711078:[BUOY  ,0087]from +2mbar/s to +0mbar/s
1730711078:[PUMP  ,0378]Outflow calculated : 2682
1730711078:[BUOY  ,0089]need to transfer +6mL (pump during 8905ms)
1730711079:[PUMP  ,0016]pump during 8905ms
1730711087:[PUMP  ,0212]battery 13561mV, 1055056uA (steady state), P+250696mbar
1730717107:[MAIN  ,0140]stage[2] complete -23908s after mission start
1730717107:[MAIN  ,0056]stage[3]
1730717109:[MAIN  ,0024]internal pressure 76547Pa
1730717109:[SBE   ,0391]Mode changed from SLEEP to UPDATE
1730717110:[BUOY  ,0037]P+250626mbar
1730717112:[BUOY  ,0087]from +0mbar/s to -10mbar/s
1730717112:[PUMP  ,0378]Outflow calculated : 2683
1730717112:[BUOY  ,0089]need to transfer +160mL (pump during 236337ms)
1730717113:[PUMP  ,0016]pump during 60000ms
1730717114:[SBE   ,0391]Mode changed from UPDATE to START
1730717172:[PUMP  ,0212]battery 13711mV, 1065670uA (steady state), P+250626mbar
1730717438:[BUOY  ,0087]from -4mbar/s to -10mbar/s
1730717438:[PUMP  ,0378]Outflow calculated : 2681
1730717438:[BUOY  ,0089]need to transfer +134mL (pump during 201201ms)
1730717440:[PUMP  ,0016]pump during 60000ms
1730717441:[SBE   ,0384]Start profil acquisitions
1730717441:[SBE   ,0391]Mode changed from START to PROFILING
1730717498:[PUMP  ,0212]battery 13435mV, 1093608uA (steady state), P+249536mbar
1730717765:[BUOY  ,0087]from -5mbar/s to -10mbar/s
1730717765:[PUMP  ,0378]Outflow calculated : 2683
1730717765:[BUOY  ,0089]need to transfer +120mL (pump during 180180ms)
1730717766:[PUMP  ,0016]pump during 60000ms
1730717825:[PUMP  ,0212]battery 13417mV, 1054446uA (steady state), P+247846mbar
1730718091:[BUOY  ,0087]from -6mbar/s to -10mbar/s
1730718091:[PUMP  ,0378]Outflow calculated : 2682
1730718091:[BUOY  ,0089]need to transfer +102mL (pump during 155488ms)
1730718092:[PUMP  ,0016]pump during 60000ms
1730718151:[PUMP  ,0212]battery 13422mV, 1043832uA (steady state), P+245736mbar
1730718417:[BUOY  ,0087]from -8mbar/s to -10mbar/s
1730718417:[PUMP  ,0378]Outflow calculated : 2684
1730718417:[BUOY  ,0089]need to transfer +58mL (pump during 88280ms)
1730718419:[PUMP  ,0016]pump during 60000ms
1730718478:[PUMP  ,0212]battery 13423mV, 1045418uA (steady state), P+243256mbar
1730718719:[PRESS ,0038]P+240786mbar,T+32767mdegC
1730718744:[BUOY  ,0087]from -8mbar/s to -10mbar/s
1730718744:[PUMP  ,0378]Outflow calculated : 2685
1730718744:[BUOY  ,0089]need to transfer +58mL (pump during 88685ms)
1730718745:[PUMP  ,0016]pump during 60000ms
1730718804:[PUMP  ,0212]battery 13433mV, 1025288uA (steady state), P+240556mbar
1730719070:[BUOY  ,0087]from -8mbar/s to -10mbar/s
1730719070:[PUMP  ,0378]Outflow calculated : 2687
1730719070:[BUOY  ,0089]need to transfer +58mL (pump during 88685ms)
1730719071:[PUMP  ,0016]pump during 60000ms
1730719130:[PUMP  ,0212]battery 13437mV, 1020530uA (steady state), P+237636mbar
1730719372:[PRESS ,0038]P+234756mbar,T+32767mdegC
1730719397:[BUOY  ,0087]from -9mbar/s to -10mbar/s
1730719397:[PUMP  ,0378]Outflow calculated : 2688
1730719397:[BUOY  ,0089]need to transfer +30mL (pump during 45825ms)
1730719398:[PUMP  ,0016]pump during 45825ms
1730719443:[PUMP  ,0212]battery 13441mV, 1012478uA (steady state), P+234506mbar
1730719723:[BUOY  ,0087]from -9mbar/s to -10mbar/s
1730719723:[PUMP  ,0378]Outflow calculated : 2690
1730719723:[BUOY  ,0089]need to transfer +30mL (pump during 45791ms)
1730719724:[PUMP  ,0016]pump during 45791ms
1730719769:[PUMP  ,0212]battery 13460mV,  996496uA (steady state), P+231346mbar
1730720025:[PRESS ,0038]P+228346mbar,T+32767mdegC
1730720374:[BUOY  ,0087]from -9mbar/s to -10mbar/s
1730720374:[PUMP  ,0378]Outflow calculated : 2696
1730720374:[BUOY  ,0089]need to transfer +30mL (pump during 44899ms)
1730720376:[PUMP  ,0016]pump during 44899ms
1730720420:[PUMP  ,0212]battery 13520mV,  979416uA (steady state), P+225016mbar
1730720676:[PRESS ,0038]P+221966mbar,T+32767mdegC
1730721026:[BUOY  ,0087]from -9mbar/s to -10mbar/s
1730721026:[PUMP  ,0378]Outflow calculated : 2700
1730721026:[BUOY  ,0089]need to transfer +30mL (pump during 44848ms)
1730721027:[PUMP  ,0016]pump during 44848ms
1730721071:[PUMP  ,0212]battery 13538mV,  955382uA (steady state), P+218366mbar
1730721327:[PRESS ,0038]P+215246mbar,T+32767mdegC
1730721977:[PRESS ,0038]P+208246mbar,T+32767mdegC
1730722627:[PRESS ,0038]P+201276mbar,T+32767mdegC
1730723277:[PRESS ,0038]P+194256mbar,T+32767mdegC
1730723926:[PRESS ,0038]P+187306mbar,T+32767mdegC
1730724276:[BUOY  ,0087]from -9mbar/s to -10mbar/s
1730724276:[PUMP  ,0378]Outflow calculated : 2721
1730724276:[BUOY  ,0089]need to transfer +30mL (pump during 44418ms)
1730724277:[PUMP  ,0016]pump during 44418ms
1730724321:[PUMP  ,0212]battery 13625mV,  835456uA (steady state), P+183816mbar
1730724578:[PRESS ,0038]P+180806mbar,T+32767mdegC
1730725227:[PRESS ,0038]P+174776mbar,T+32767mdegC
1730725877:[PRESS ,0038]P+168816mbar,T+32767mdegC
1730725902:[BUOY  ,0087]from -9mbar/s to -10mbar/s
1730725902:[PUMP  ,0378]Outflow calculated : 2730
1730725902:[BUOY  ,0089]need to transfer +30mL (pump during 44311ms)
1730725903:[PUMP  ,0016]pump during 44311ms
1730725947:[PUMP  ,0212]battery 13650mV,  776774uA (steady state), P+168616mbar
1730726529:[PRESS ,0038]P+162496mbar,T+32767mdegC
1730726553:[BUOY  ,0087]from -8mbar/s to -10mbar/s
1730726553:[PUMP  ,0378]Outflow calculated : 2734
1730726553:[BUOY  ,0089]need to transfer +58mL (pump during 85799ms)
1730726555:[PUMP  ,0016]pump during 60000ms
1730726614:[PUMP  ,0212]battery 13631mV,  757132uA (steady state), P+162286mbar
1730726880:[BUOY  ,0087]from -9mbar/s to -10mbar/s
1730726880:[PUMP  ,0378]Outflow calculated : 2736
1730726880:[BUOY  ,0089]need to transfer +30mL (pump during 44357ms)
1730726881:[PUMP  ,0016]pump during 44357ms
1730726925:[PUMP  ,0212]battery 13613mV,  704916uA (steady state), P+159026mbar
1730727181:[PRESS ,0038]P+155986mbar,T+32767mdegC
1730727206:[BUOY  ,0087]from -9mbar/s to -10mbar/s
1730727206:[PUMP  ,0378]Outflow calculated : 2738
1730727206:[BUOY  ,0089]need to transfer +30mL (pump during 44324ms)
1730727208:[PUMP  ,0016]pump during 44324ms
1730727252:[PUMP  ,0212]battery 13587mV,  733586uA (steady state), P+155756mbar
1730727833:[PRESS ,0038]P+149376mbar,T+32767mdegC
1730728483:[PRESS ,0038]P+142316mbar,T+32767mdegC
1730729132:[PRESS ,0038]P+134596mbar,T+32767mdegC
1730729782:[PRESS ,0038]P+126826mbar,T+32767mdegC
1730730432:[PRESS ,0038]P+119466mbar,T+32767mdegC
1730731082:[PRESS ,0038]P+112716mbar,T+32767mdegC
1730731431:[BUOY  ,0087]from -9mbar/s to -10mbar/s
1730731431:[PUMP  ,0378]Outflow calculated : 2766
1730731431:[BUOY  ,0089]need to transfer +30mL (pump during 43764ms)
1730731433:[PUMP  ,0016]pump during 43764ms
1730731476:[PUMP  ,0212]battery 13722mV,  577548uA (steady state), P+109356mbar
1730731733:[PRESS ,0038]P+106426mbar,T+32767mdegC
1730731758:[BUOY  ,0087]from -9mbar/s to -10mbar/s
1730731758:[PUMP  ,0378]Outflow calculated : 2768
1730731758:[BUOY  ,0089]need to transfer +30mL (pump during 43850ms)
1730731759:[PUMP  ,0016]pump during 43850ms
1730731802:[PUMP  ,0212]battery 13741mV,  541680uA (steady state), P+106206mbar
1730732384:[PRESS ,0038]P+100156mbar,T+32767mdegC
1730733034:[PRESS ,0038]P +93806mbar,T+32767mdegC
1730733684:[PRESS ,0038]P +87216mbar,T+32767mdegC
1730734334:[PRESS ,0038]P +80726mbar,T+32767mdegC
1730734984:[PRESS ,0038]P +74756mbar,T+32767mdegC
1730735008:[BUOY  ,0087]from -8mbar/s to -10mbar/s
1730735008:[PUMP  ,0378]Outflow calculated : 2787
1730735008:[BUOY  ,0089]need to transfer +58mL (pump during 83936ms)
1730735010:[PUMP  ,0016]pump during 60000ms
1730735069:[PUMP  ,0212]battery 13800mV,  452132uA (steady state), P +74556mbar
1730735335:[BUOY  ,0087]from -9mbar/s to -10mbar/s
1730735335:[PUMP  ,0378]Outflow calculated : 2789
1730735335:[BUOY  ,0089]need to transfer +30mL (pump during 43516ms)
1730735336:[PUMP  ,0016]pump during 43516ms
1730735379:[PUMP  ,0212]battery 13805mV,  443470uA (steady state), P +71606mbar
1730735636:[PRESS ,0038]P +68396mbar,T+32767mdegC
1730736286:[PRESS ,0038]P +61376mbar,T+32767mdegC
1730736311:[BUOY  ,0087]from -9mbar/s to -10mbar/s
1730736311:[PUMP  ,0378]Outflow calculated : 2795
1730736311:[BUOY  ,0089]need to transfer +30mL (pump during 43344ms)
1730736312:[PUMP  ,0016]pump during 43344ms
1730736355:[PUMP  ,0212]battery 13847mV,  402600uA (steady state), P +61156mbar
1730736937:[PRESS ,0038]P +54616mbar,T+32767mdegC
1730737587:[PRESS ,0038]P +47786mbar,T+32767mdegC
1730738237:[PRESS ,0038]P +41116mbar,T+32767mdegC
1730738887:[PRESS ,0038]P +34536mbar,T+32767mdegC
1730739537:[PRESS ,0038]P +28456mbar,T+32767mdegC
1730739561:[BUOY  ,0087]from -8mbar/s to -10mbar/s
1730739561:[PUMP  ,0378]Outflow calculated : 2815
1730739562:[BUOY  ,0089]need to transfer +58mL (pump during 82739ms)
1730739563:[PUMP  ,0016]pump during 60000ms
1730739622:[PUMP  ,0212]battery 14015mV,  278404uA (steady state), P +28236mbar
1730740188:[PRESS ,0038]P +21926mbar,T+32767mdegC
1730740213:[BUOY  ,0087]from -9mbar/s to -10mbar/s
1730740213:[PUMP  ,0378]Outflow calculated : 2819
1730740213:[BUOY  ,0089]need to transfer +30mL (pump during 42777ms)
1730740214:[PUMP  ,0016]pump during 42777ms
1730740256:[PUMP  ,0212]battery 14080mV,  250710uA (steady state), P +21726mbar
1730740839:[PRESS ,0038]P +15446mbar,T+32767mdegC
1730741189:[BUOY  ,0087]from -9mbar/s to -10mbar/s
1730741189:[PUMP  ,0378]Outflow calculated : 2825
1730741189:[BUOY  ,0089]need to transfer +30mL (pump during 42643ms)
1730741190:[PUMP  ,0016]pump during 42643ms
1730741232:[PUMP  ,0212]battery 14182mV,  207522uA (steady state), P +12086mbar
1730741491:[PRESS ,0038]P  +9096mbar,T+32767mdegC
1730741840:[BUOY  ,0087]from -7mbar/s to -10mbar/s
1730741840:[PUMP  ,0378]Outflow calculated : 2828
1730741840:[BUOY  ,0089]need to transfer +82mL (pump during 116312ms)
1730741842:[PUMP  ,0016]pump during 60000ms
1730741901:[PUMP  ,0212]battery 14247mV,  185196uA (steady state), P  +6186mbar
1730742151:[PRESS ,0038]P  +4076mbar,T+32767mdegC
1730742167:[BUOY  ,0087]from -6mbar/s to -10mbar/s
1730742167:[PUMP  ,0378]Outflow calculated : 2830
1730742167:[BUOY  ,0089]need to transfer +102mL (pump during 144681ms)
1730742168:[PUMP  ,0016]pump during 60000ms
1730742227:[PUMP  ,0212]battery 14282mV,  175558uA (steady state), P  +3976mbar
1730742493:[BUOY  ,0087]from -8mbar/s to -10mbar/s
1730742493:[PUMP  ,0378]Outflow calculated : 2831
1730742493:[BUOY  ,0089]need to transfer +58mL (pump during 82037ms)
1730742494:[PUMP  ,0016]pump during 60000ms
1730742553:[PUMP  ,0212]battery 14327mV,  162992uA (steady state), P  +1516mbar
1730742819:[STAGE ,0214]-184mbar (500) reached at 1730742819s, ascending from 250626mbar
1730742819:[STAGE ,0342]The float reached the surface : OK
1730742819:[MAIN  ,0140]stage[3] complete 1804s after mission start
1730742820:[SBE   ,0391]Mode changed from PROFILING to SLEEP
1730742821:[SBE   ,0391]Mode changed from SLEEP to STOP
1730742976:[SBE   ,0391]Mode changed from STOP to SLEEP
1730742977:[SBE   ,0391]Mode changed from SLEEP to DUMP
1730742978:[SBE   ,0343]SBE dump : 453 stored samples in hexa format
1730742992:[SBE   ,0338]Dump finished
1730742992:[SBE   ,0388]453 samples in 0100/6728A5B5.S61
1730742992:[SBE   ,0391]Mode changed from DUMP to SLEEP
1730742992:[MRMAID,0188]acq already stopped
1730742993:[MSSION,0192]mission stopped, 4 stage(s) done
1730742993:[MAIN  ,0065]surfacing
1730742995:[SURFIN,0036]P   -184mbar
1730742996:[SURFIN,0020]filling external bladder
1730742998:[PUMP  ,0016]pump during 30000ms
1730743027:[PUMP  ,0212]battery 13727mV, 1258186uA (steady state), P   -184mbar
1730743044:[PUMP  ,0016]pump during 30000ms
1730743073:[PUMP  ,0212]battery 14882mV,   13420uA (steady state), P   -184mbar
1730743090:[PUMP  ,0016]pump during 30000ms
1730743109:[PUMP  ,0212]battery 14755mV,   13420uA (steady state), P   -184mbar
1730743109:[PUMP  ,0019]external bladder full
1730743171:[MAIN  ,0272]Vbat 14845mV (min 13936mV)
1730743173:[MAIN  ,0024]internal pressure 75442Pa
1730743173:[MAIN  ,0043]Pext 217mbar (rng 60mbar)
1730743173:[MAIN  ,0064]surface
1730743184:[SURF  ,0022]GPS fix...
1730743272:[SURF  ,0015]10 PPS detected...
1730743274:[MRMAID,0052]$GPSACK:+54,+10,+0,+1,+1,+5,-897979;
1730743284:[MRMAID,0052]$GPSOFF:3686331;
1730743286:[GPSFIX,0179]-12s diff
1730743298:[SURF  ,0222]2024-11-04T18:01:38
1730743298:[SURF  ,0082]N29deg04.679mn, E137deg09.064mn
1730743298:[SURF  ,0084]hdop 1.130, vdop 2.640
1730743308:[SURF  ,0274]last almanac : 1718666
1730743319:[MRMAID,0026]1249 bytes in 0100/67290C11.MER
1730743325:[MAIN  ,0320]New pressure offset: 217mbar
1730743325:[SBE   ,0391]Mode changed from SLEEP to RESETOFFSET
1730743387:[SBE   ,0339]new offset = -2.76 received after 63s
1730743387:[SBE   ,0391]Mode changed from RESETOFFSET to SLEEP
1730743388:[MAIN  ,0078]*** switching to 0100/67290C5C ***
