1689060548:[MAIN  ,0007]buoy 467.174-T-0100
1689060548:[MAIN  ,0055]soft pilotage 467.174.300_V2.67-20230503
1689060548:[MAIN  ,0010]cycle 4
1689060548:[SURF  ,0225]surface2
1689060562:[SURF  ,0022]GPS fix...
1689060582:[SURF  ,0015]10 PPS detected...
1689060583:[MRMAID,0052]$GPSACK:+0,+0,+0,+0,+0,+0,-30;
1689060593:[MRMAID,0052]$GPSOFF:3686332;
1689060595:[GPSFIX,0179]-1s diff
1689060596:[SURF  ,0222]2023-07-11T07:29:56
1689060596:[SURF  ,0082]N29deg42.583mn, E142deg02.703mn
1689060596:[SURF  ,0084]hdop 1.260, vdop 1.760
1689060606:[SURF  ,0025]Iridium...
1689060640:[SURF  ,0009]connected in 34s, signal quality 5
1689060767:[SURF  ,0218]prompt received, remote cmd end
1689060767:[SURF  ,0012]22 cmd(s) received
1689060787:[UPLOAD,0248]Upload data files...
1689060831:[UPLOAD,0231]"0100/64AC89EA.S61" uploaded at 104bytes/s
1689060907:[UPLOAD,0231]"0100/649FF0EC.MER" uploaded at 68bytes/s
1689061083:[SURF  ,0014]disconnected after 477s
1689061088:[SURFIN,0020]filling external bladder
1689061090:[PUMP  ,0016]pump during 30000ms
1689061096:[PUMP  ,0212]battery 14393mV, 1063596uA (steady state), P   +300mbar
1689061096:[PUMP  ,0019]external bladder full
1689061096:[SURF  ,0069]transfer interrupted , retry
1689061107:[SURF  ,0022]GPS fix...
1689061127:[SURF  ,0015]10 PPS detected...
1689061128:[MRMAID,0052]$GPSACK:+0,+0,+0,+0,+0,+1,-999938;
1689061138:[MRMAID,0052]$GPSOFF:3686331;
1689061140:[GPSFIX,0179]-1s diff
1689061141:[SURF  ,0222]2023-07-11T07:39:01
1689061141:[SURF  ,0082]N29deg42.481mn, E142deg02.648mn
1689061141:[SURF  ,0084]hdop 0.720, vdop 1.280
1689061151:[SURF  ,0025]Iridium...
1689061354:[SURF  ,0023]<WARN>failed to connect #1, code -8, net 1, qual 4, dial 1
1689061409:[SURF  ,0009]connected in 258s, signal quality 4
1689061526:[SURF  ,0218]prompt received, remote cmd end
1689061526:[SURF  ,0012]22 cmd(s) received
1689061546:[UPLOAD,0248]Upload data files...
1689061910:[SURF  ,0014]disconnected after 759s
1689061915:[SURFIN,0020]filling external bladder
1689061916:[PUMP  ,0016]pump during 30000ms
1689061917:[PUMP  ,0019]external bladder full
1689061917:[SURF  ,0069]transfer interrupted , retry
1689061929:[SURF  ,0022]GPS fix...
1689061949:[SURF  ,0015]10 PPS detected...
1689061950:[MRMAID,0052]$GPSACK:+0,+0,+0,+0,+0,+1,-999969;
1689061960:[MRMAID,0052]$GPSOFF:3686330;
1689061961:[GPSFIX,0179]-1s diff
1689061962:[SURF  ,0222]2023-07-11T07:52:42
1689061962:[SURF  ,0082]N29deg42.319mn, E142deg02.558mn
1689061962:[SURF  ,0084]hdop 0.750, vdop 1.560
1689061972:[SURF  ,0025]Iridium...
1689062016:[SURF  ,0009]connected in 44s, signal quality 5
1689062148:[SURF  ,0218]prompt received, remote cmd end
1689062149:[SURF  ,0012]22 cmd(s) received
1689062168:[UPLOAD,0248]Upload data files...
1689062528:[SURF  ,0014]disconnected after 556s
1689062533:[SURFIN,0020]filling external bladder
1689062534:[PUMP  ,0019]external bladder full
1689062534:[SURF  ,0069]transfer interrupted , retry
1689062546:[SURF  ,0022]GPS fix...
1689062566:[SURF  ,0015]10 PPS detected...
1689062567:[MRMAID,0052]$GPSACK:+0,+0,+0,+0,+0,+0,-30;
1689062577:[MRMAID,0052]$GPSOFF:3686330;
1689062579:[GPSFIX,0179]-1s diff
1689062580:[SURF  ,0222]2023-07-11T08:03:00
1689062580:[SURF  ,0082]N29deg42.198mn, E142deg02.486mn
1689062580:[SURF  ,0084]hdop 0.660, vdop 1.400
1689062590:[SURF  ,0025]Iridium...
1689062591:[MODEM ,0347]<ERR>ping error
1689062591:[SURF  ,0023]<WARN>failed to connect #1, code -1, net -1, qual -1, dial -1
1689062646:[SURF  ,0009]connected in 56s, signal quality 4
1689062777:[SURF  ,0218]prompt received, remote cmd end
1689062777:[SURF  ,0012]31 cmd(s) received
1689062800:[UPLOAD,0248]Upload data files...
1689062960:[SURF  ,0014]disconnected after 370s
1689062965:[SURFIN,0020]filling external bladder
1689062967:[PUMP  ,0019]external bladder full
1689062967:[SURF  ,0069]transfer interrupted , retry
1689062978:[SURF  ,0022]GPS fix...
1689062998:[SURF  ,0015]10 PPS detected...
1689062999:[MRMAID,0052]$GPSACK:+0,+0,+0,+0,+1,-59,-999969;
1689063009:[MRMAID,0052]$GPSOFF:3686329;
1689063011:[GPSFIX,0179]-1s diff
1689063012:[SURF  ,0222]2023-07-11T08:10:12
1689063012:[SURF  ,0082]N29deg42.113mn, E142deg02.439mn
1689063012:[SURF  ,0084]hdop 0.620, vdop 1.190
1689063022:[SURF  ,0025]Iridium...
1689063063:[SURF  ,0009]connected in 41s, signal quality 4
1689063125:[SURF  ,0071]<WARN>timeout
1689063125:[SURF  ,0056]<WARN>peer mute
1689063131:[SURF  ,0014]disconnected after 109s
1689063136:[SURFIN,0020]filling external bladder
1689063138:[PUMP  ,0019]external bladder full
1689063138:[SURF  ,0069]transfer interrupted , retry
1689063149:[SURF  ,0022]GPS fix...
1689063169:[SURF  ,0015]10 PPS detected...
1689063170:[MRMAID,0052]$GPSACK:+0,+0,+0,+0,+0,+0,-30;
1689063180:[MRMAID,0052]$GPSOFF:3686329;
1689063182:[GPSFIX,0179]-1s diff
1689063183:[SURF  ,0222]2023-07-11T08:13:03
1689063183:[SURF  ,0082]N29deg42.081mn, E142deg02.418mn
1689063183:[SURF  ,0084]hdop 0.640, vdop 1.200
1689063193:[SURF  ,0025]Iridium...
1689063236:[SURF  ,0009]connected in 43s, signal quality 5
1689063457:[SURF  ,0071]<WARN>timeout
1689063457:[SURF  ,0056]<WARN>peer mute
1689063462:[SURF  ,0014]disconnected after 269s
1689063467:[SURFIN,0020]filling external bladder
1689063469:[PUMP  ,0019]external bladder full
1689063469:[SURF  ,0069]transfer interrupted , retry
1689063480:[SURF  ,0022]GPS fix...
1689063500:[SURF  ,0015]10 PPS detected...
1689063501:[MRMAID,0052]$GPSACK:+0,+0,+0,+0,+0,+0,-30;
1689063511:[MRMAID,0052]$GPSOFF:3686329;
1689063512:[GPSFIX,0179]-1s diff
1689063513:[SURF  ,0222]2023-07-11T08:18:33
1689063513:[SURF  ,0082]N29deg42.018mn, E142deg02.378mn
1689063513:[SURF  ,0084]hdop 0.650, vdop 1.170
1689063523:[SURF  ,0025]Iridium...
1689063740:[SURF  ,0023]<WARN>failed to connect #1, code -8, net 1, qual 4, dial 1
1689063784:[SURF  ,0009]connected in 261s, signal quality 4
1689064134:[SURF  ,0218]prompt received, remote cmd end
1689064134:[SURF  ,0012]123 cmd(s) received
1689064155:[UPLOAD,0248]Upload data files...
1689064330:[SURF  ,0014]disconnected after 807s
1689064335:[SURFIN,0020]filling external bladder
1689064336:[PUMP  ,0019]external bladder full
1689064336:[SURF  ,0069]transfer interrupted , retry
1689064337:[SURF  ,0228]Go dive (Maximum surface delay expired)
1689064348:[SURF  ,0022]GPS fix...
1689064368:[SURF  ,0015]10 PPS detected...
1689064369:[MRMAID,0052]$GPSACK:+0,+0,+0,+0,+0,+0,+0;
1689064379:[MRMAID,0052]$GPSOFF:3686329;
1689064381:[GPSFIX,0179]-1s diff
1689064382:[SURF  ,0222]2023-07-11T08:33:02
1689064382:[SURF  ,0082]N29deg41.850mn, E142deg02.262mn
1689064382:[SURF  ,0084]hdop 0.620, vdop 1.210
1689064399:[MAIN  ,0024]internal pressure 77333Pa
1689064400:[BYCMD ,0120]    bypass 20000ms 120000ms (20000ms 60000ms stored)
1689064400:[BYCMD ,0121]    valve 60000ms 12750 (60000ms 12750 stored)
1689064400:[BYCMD ,0376]    pump 60000ms 2832 8320 418 (60000ms 2832 8320 418 stored)
1689064400:[BYCMD ,0123]    rate 2mbar/s (2mbar/s stored)
1689064400:[BYCMD ,0124]    surface 500mbar (500mbar stored)
1689064400:[BYCMD ,0173]    near 7000mbar 2:2:3mbar/s (15000mbar 2:2:3mbar/s stored)
1689064400:[BYCMD ,0380]    middle 6mbar/s (6mbar/s stored)
1689064400:[BYCMD ,0126]    far 25000mbar 9mbar/s (25000mbar 9mbar/s stored)
1689064400:[BYCMD ,0127]    ascent 10mbar/s (10mbar/s stored)
1689064400:[BYCMD ,0128]    dead 300s (300s stored)
1689064400:[BYCMD ,0129]    coeff 16/10 (16/10 stored)
1689064400:[BYCMD ,0130]    stab 10 (10 stored)
1689064400:[BYCMD ,0131]    delay 900s 7200s (900s 3600s stored)
1689064400:[BYCMD ,0132]    mmtime 14400min (2880min stored)
1689064400:[BYCMD ,0133]    dv_landing 100ml (100ml stored)
1689064400:[BYCMD ,0381]    landing confirmation 5 (5 stored)
1689064400:[BYCMD ,0379]    cycle nb 1 (1 stored)
1689064400:[P2TCMD,0150]    p2t37: 15x2000ms, offset 284mbar
1689064401:[P2TCMD,0151]    p2t37: dp 5000mbar, dt 1000000mdegC
1689064401:[STAGE ,0080]Stage [0] 200000mbar (+/-5000mbar) 25200s (<25200s) 
1689064401:[STAGE ,0080]Stage [1] 200000mbar (+/-5000mbar) 788400s (<813600s) MERMAID SBE61 
1689064401:[PROFIL,0302]    manual_profil=1
1689064401:[PROFIL,0303]    manual_profil_rate=1 hours
1689064401:[STAGE ,0080]Stage [2] 300000mbar (+/-5000mbar) 14400s (<828000s) 
1689064401:[STAGE ,0091]Stage [3] surfacing 36000s (<864000s) SBE61 
1689064401:[PROFIL,0284]    speed_detection=1
1689064401:[PROFIL,0285]    bin_average_output=1
1689064401:[PROFIL,0287]    include_transition_bin=1
1689064401:[PROFIL,0304]    include_nbin=1
1689064401:[PROFIL,0301]    load_test_sample=0
1689064401:[PROFIL,0288]    p_cut_off=2dbar
1689064401:[PROFIL,0289]    top_bin_interval=2dbar
1689064401:[PROFIL,0290]    top_bin_size=2dbar
1689064401:[PROFIL,0291]    top_bin_max=500dbar
1689064401:[PROFIL,0292]    middle_bin_interval=10dbar
1689064401:[PROFIL,0293]    middle_bin_size=10dbar
1689064401:[PROFIL,0294]    middle_bin_max=3000dbar
1689064401:[PROFIL,0295]    bottom_bin_interval=50dbar
1689064401:[PROFIL,0296]    bottom_bin_size=50dbar
1689064401:[PROFIL,0297]    pump_time=0s
1689064401:[PROFIL,0298]    speed_start=2mbar/s
1689064401:[PROFIL,0299]    speed_control=10mbar/s
1689064401:[MAIN  ,0070]turn off bluetooth
1689064429:[DIVING,0141]diving from -34mbar, +1mbar/s
1689064429:[BYPASS,0035]bypass opening 120000ms
1689064434:[BYPASS,0104]battery 14857mV,  262300uA (bypass opening), P    -34mbar
1689064559:[BYPASS,0106]battery 14927mV,  301462uA (bypass closing), P    -34mbar
1689064585:[BYPASS,0035]bypass opening 20000ms
1689064591:[BYPASS,0104]battery 14950mV,  259982uA (bypass opening), P   -234mbar
1689064616:[BYPASS,0106]battery 14937mV,  300364uA (bypass closing), P   -234mbar
1689064642:[BYPASS,0035]bypass opening 20000ms
1689064647:[BYPASS,0104]battery 14958mV,  257176uA (bypass opening), P   -214mbar
1689064672:[BYPASS,0106]battery 14946mV,  299388uA (bypass closing), P   -214mbar
1689064764:[DIVING,0028]486mbar reached (+7mbar/s), 3 bypass done
1689064765:[MAIN  ,0056]stage[0]
1689064767:[MAIN  ,0024]internal pressure 82195Pa
1689064768:[BUOY  ,0037]P   +536mbar
1689064769:[BUOY  ,0087]from +7mbar/s to +9mbar/s
1689064770:[BUOY  ,0090]need to transfer -52mL (valve during 30136ms)
1689064770:[VALVE ,0034]valve opening 30136ms
1689064800:[VALVE ,0234]battery 14925mV,  494954uA, P   +516mbar
1689065095:[BUOY  ,0087]from +6mbar/s to +9mbar/s
1689065095:[BUOY  ,0090]need to transfer -72mL (valve during 17000ms)
1689065095:[VALVE ,0034]valve opening 17000ms
1689065112:[VALVE ,0234]battery 14980mV,  495930uA, P  +2946mbar
1689065720:[PRESS ,0038]P  +8056mbar,T+32767mdegC
1689066069:[BUOY  ,0087]from +7mbar/s to +9mbar/s
1689066069:[BUOY  ,0090]need to transfer -52mL (valve during 6437ms)
1689066070:[VALVE ,0034]valve opening 6437ms
1689066076:[VALVE ,0234]battery 15121mV,  501664uA, P +10706mbar
1689066370:[PRESS ,0038]P +13096mbar,T+32767mdegC
1689066395:[BUOY  ,0087]from +7mbar/s to +9mbar/s
1689066395:[BUOY  ,0090]need to transfer -52mL (valve during 5765ms)
1689066395:[VALVE ,0034]valve opening 5765ms
1689066400:[VALVE ,0234]battery 15133mV,  501786uA, P +13276mbar
1689067020:[PRESS ,0038]P +19036mbar,T+32767mdegC
1689067670:[PRESS ,0038]P +24406mbar,T+32767mdegC
1689068319:[PRESS ,0038]P +29976mbar,T+32767mdegC
1689068969:[PRESS ,0038]P +35366mbar,T+32767mdegC
1689069619:[PRESS ,0038]P +40876mbar,T+32767mdegC
1689070269:[PRESS ,0038]P +46166mbar,T+32767mdegC
1689070919:[PRESS ,0038]P +51266mbar,T+32767mdegC
1689071568:[PRESS ,0038]P +56346mbar,T+32767mdegC
1689071593:[BUOY  ,0087]from +7mbar/s to +9mbar/s
1689071593:[BUOY  ,0090]need to transfer -52mL (valve during 2797ms)
1689071593:[VALVE ,0034]valve opening 2797ms
1689071596:[VALVE ,0234]battery 15232mV,  509716uA, P +56536mbar
1689072218:[PRESS ,0038]P +61676mbar,T+32767mdegC
1689072868:[PRESS ,0038]P +67126mbar,T+32767mdegC
1689073218:[BUOY  ,0087]from +7mbar/s to +9mbar/s
1689073218:[BUOY  ,0090]need to transfer -52mL (valve during 2521ms)
1689073218:[VALVE ,0034]valve opening 2521ms
1689073220:[VALVE ,0234]battery 15226mV,  512400uA, P +69606mbar
1689073518:[PRESS ,0038]P +72336mbar,T+32767mdegC
1689074168:[PRESS ,0038]P +79126mbar,T+32767mdegC
1689074818:[PRESS ,0038]P +84676mbar,T+32767mdegC
1689075468:[PRESS ,0038]P +90216mbar,T+32767mdegC
1689076117:[PRESS ,0038]P +95816mbar,T+32767mdegC
1689076767:[PRESS ,0038]P+101426mbar,T+32767mdegC
1689077417:[PRESS ,0038]P+106766mbar,T+32767mdegC
1689078067:[PRESS ,0038]P+112376mbar,T+32767mdegC
1689078716:[PRESS ,0038]P+117706mbar,T+32767mdegC
1689079384:[PRESS ,0038]P+122716mbar,T+32767mdegC
1689080016:[PRESS ,0038]P+127796mbar,T+32767mdegC
1689080041:[BUOY  ,0087]from +7mbar/s to +9mbar/s
1689080041:[BUOY  ,0090]need to transfer -52mL (valve during 1857ms)
1689080041:[VALVE ,0034]valve opening 1857ms
1689080043:[VALVE ,0234]battery 15160mV,  523624uA, P+128006mbar
1689080666:[PRESS ,0038]P+133386mbar,T+32767mdegC
1689081316:[PRESS ,0038]P+138466mbar,T+32767mdegC
1689081966:[PRESS ,0038]P+143566mbar,T+32767mdegC
1689082615:[PRESS ,0038]P+149246mbar,T+32767mdegC
1689083265:[PRESS ,0038]P+155176mbar,T+32767mdegC
1689083915:[PRESS ,0038]P+160956mbar,T+32767mdegC
1689084565:[PRESS ,0038]P+166126mbar,T+32767mdegC
1689084914:[BUOY  ,0087]from +6mbar/s to +9mbar/s
1689084914:[BUOY  ,0090]need to transfer -72mL (valve during 2239ms)
1689084915:[VALVE ,0034]valve opening 2239ms
1689084917:[VALVE ,0234]battery 15097mV,  527284uA, P+168506mbar
1689085234:[PRESS ,0038]P+171156mbar,T+32767mdegC
1689085865:[PRESS ,0038]P+176466mbar,T+32767mdegC
1689085889:[BUOY  ,0087]from +9mbar/s to +6mbar/s
1689085889:[PUMP  ,0378]Outflow calculated : 2728
1689085889:[BUOY  ,0089]need to transfer +72mL (pump during 102857ms)
1689085891:[PUMP  ,0016]pump during 60000ms
1689085950:[PUMP  ,0212]battery 14957mV,  809348uA (steady state), P+176676mbar
1689086216:[BUOY  ,0087]from +9mbar/s to +6mbar/s
1689086216:[PUMP  ,0378]Outflow calculated : 2726
1689086216:[BUOY  ,0089]need to transfer +72mL (pump during 102857ms)
1689086217:[PUMP  ,0016]pump during 60000ms
1689086276:[PUMP  ,0212]battery 14708mV,  828502uA (steady state), P+179326mbar
1689086517:[PRESS ,0038]P+181546mbar,T+32767mdegC
1689086542:[BUOY  ,0087]from +8mbar/s to +6mbar/s
1689086542:[PUMP  ,0378]Outflow calculated : 2723
1689086542:[BUOY  ,0089]need to transfer +44mL (pump during 64516ms)
1689086543:[PUMP  ,0016]pump during 60000ms
1689086602:[PUMP  ,0212]battery 14610mV,  838628uA (steady state), P+181746mbar
1689087494:[PRESS ,0038]P+187986mbar,T+32767mdegC
1689088468:[PRESS ,0038]P+194486mbar,T+32767mdegC
1689088493:[BUOY  ,0087]from +6mbar/s to +2mbar/s
1689088493:[PUMP  ,0378]Outflow calculated : 2717
1689088493:[BUOY  ,0089]need to transfer +52mL (pump during 75253ms)
1689088494:[PUMP  ,0016]pump during 60000ms
1689088553:[PUMP  ,0212]battery 14816mV,  875350uA (steady state), P+194656mbar
1689088819:[STAGE ,0213]196366mbar reached at 1689088819s, ref 200000mbar +/-5000mbar
1689088819:[BUOY  ,0087]from +5mbar/s to +0mbar/s
1689088819:[PUMP  ,0378]Outflow calculated : 2716
1689088819:[BUOY  ,0089]need to transfer +40mL (pump during 57887ms)
1689088821:[PUMP  ,0016]pump during 57887ms
1689088878:[PUMP  ,0212]battery 14607mV,  882914uA (steady state), P+196366mbar
1689089146:[BUOY  ,0087]from +3mbar/s to +0mbar/s
1689089146:[PUMP  ,0378]Outflow calculated : 2712
1689089146:[BUOY  ,0089]need to transfer +14mL (pump during 20932ms)
1689089147:[PUMP  ,0016]pump during 20932ms
1689089167:[PUMP  ,0212]battery 14548mV,  889014uA (steady state), P+197456mbar
1689090072:[MAIN  ,0140]stage[0] complete 25308s after mission start
1689090072:[MAIN  ,0056]stage[1]
1689090075:[MAIN  ,0024]internal pressure 78096Pa
1689090076:[MRMAID,0002]acq started
1689090077:[BUOY  ,0037]P+199356mbar
1689090077:[SBE   ,0391]Mode changed from SLEEP to UPDATE
1689090079:[STAGE ,0213]199376mbar reached at 1689090079s, ref 200000mbar +/-5000mbar
1689090081:[SBE   ,0391]Mode changed from UPDATE to START
1689090081:[SBE   ,0385]Start manual acquisitions
1689090081:[SBE   ,0391]Mode changed from START to PROFILING
1689090116:[SBE61 ,0396]P +19968,T +19749,S +34580
1689090126:[MRMAID,0184]acq already started
1689090129:[MRMAID,0059]stop canceled
1689090379:[PRESS ,0038]P+199956mbar,T+32767mdegC
1689090679:[BUOY  ,0087]from +2mbar/s to +0mbar/s
1689090679:[PUMP  ,0378]Outflow calculated : 2713
1689090679:[BUOY  ,0089]need to transfer +6mL (pump during 8746ms)
1689090679:[MRMAID,0003]acq stopped
1689090681:[PUMP  ,0016]pump during 8746ms
1689090689:[PUMP  ,0212]battery 14762mV,  893894uA (steady state), P+200546mbar
1689090691:[MRMAID,0002]acq started
1689091007:[BUOY  ,0087]from +2mbar/s to +0mbar/s
1689091007:[PUMP  ,0378]Outflow calculated : 2712
1689091007:[BUOY  ,0089]need to transfer +6mL (pump during 8749ms)
1689091007:[MRMAID,0003]acq stopped
1689091008:[PUMP  ,0016]pump during 8749ms
1689091016:[PUMP  ,0212]battery 14738mV,  902068uA (steady state), P+200956mbar
1689091018:[MRMAID,0002]acq started
1689093689:[MRMAID,0052]$$MEASFS,104773,2618.397858,40.014164;
1689093691:[MRMAID,0185]11 spurious byte(s) received
1689093725:[SBE61 ,0396]P +20134,T +19536,S +34583
1689093726:[MRMAID,0002]acq started
1689096436:[BUOY  ,0087]from +1mbar/s to +0mbar/s
1689096436:[PUMP  ,0378]Outflow calculated : 2712
1689096436:[BUOY  ,0089]need to transfer +2mL (pump during 2888ms)
1689096437:[MRMAID,0003]acq stopped
1689096437:[MRMAID,0052]$MEASFS,106358,2658.007752,40.014180;
1689096438:[PUMP  ,0016]pump during 2888ms
1689096442:[MRMAID,0002]acq started
1689097289:[MRMAID,0052]$STOPACK$MEASFS,31768,793.918396,40.014188;
1689097291:[MRMAID,0185]4 spurious byte(s) received
1689097324:[SBE61 ,0396]P +20300,T +19557,S +34584
1689097326:[MRMAID,0002]acq started
1689100889:[MRMAID,0003]acq stopped
1689100889:[MRMAID,0052]$MEASFS,140458,3510.204071,40.014198;
1689100924:[SBE61 ,0396]P +20227,T +19481,S +34585
1689100925:[MRMAID,0002]acq started
1689104498:[MRMAID,0003]acq stopped
1689104498:[MRMAID,0052]$MEASFS,140857,3520.174469,40.014210;
1689104534:[SBE61 ,0396]P +20312,T +19520,S +34582
1689104535:[MRMAID,0002]acq started
1689108098:[MRMAID,0003]acq stopped
1689108098:[MRMAID,0052]$MEASFS,140458,3510.202240,40.014219;
1689108133:[SBE61 ,0396]P +20339,T +19447,S +34586
1689108135:[MRMAID,0002]acq started
1689111708:[MRMAID,0003]acq stopped
1689111708:[MRMAID,0052]$MEASFS,140857,3520.173065,40.014226;
1689111743:[SBE61 ,0396]P +20429,T +19461,S +34585
1689111744:[MRMAID,0002]acq started
1689115307:[MRMAID,0003]acq stopped
1689115307:[MRMAID,0052]$MEASFS,140461,3510.276093,40.014231;
1689115343:[SBE61 ,0396]P +20421,T +19559,S +34584
1689115344:[MRMAID,0002]acq started
1689118907:[MRMAID,0003]acq stopped
1689118907:[MRMAID,0052]$MEASFS,140460,3510.250763,40.014235;
1689118942:[SBE61 ,0396]P +20427,T +19516,S +34585
1689118943:[MRMAID,0002]acq started
1689120175:[PRESS ,0038]P+205036mbar,T+32767mdegC
1689120175:[BUOY  ,0087]from +0mbar/s to -2mbar/s
1689120175:[PUMP  ,0378]Outflow calculated : 2711
1689120175:[BUOY  ,0089]need to transfer +6mL (pump during 8692ms)
1689120175:[MRMAID,0003]acq stopped
1689120175:[MRMAID,0185]28 spurious byte(s) received
1689120177:[PUMP  ,0016]pump during 8692ms
1689120185:[PUMP  ,0212]battery 14691mV,  925004uA (steady state), P+205036mbar
1689120187:[MRMAID,0002]acq started
1689122516:[MRMAID,0003]acq stopped
1689122516:[MRMAID,0052]$MEASFS,91100,2276.689544,40.014239;
1689122552:[SBE61 ,0396]P +20140,T +19708,S +34581
1689122553:[MRMAID,0002]acq started
1689126116:[MRMAID,0003]acq stopped
1689126116:[MRMAID,0052]$MEASFS,140470,3510.500183,40.014241;
1689126151:[SBE61 ,0396]P +20111,T +19509,S +34584
1689126153:[MRMAID,0002]acq started
1689127878:[MRMAID,0027]2010dbar, 33degC
1689129716:[MRMAID,0052]$STOPACK:$MEASFS,140457,3510.175140,40.014243;
1689129717:[MRMAID,0185]3 spurious byte(s) received
1689129751:[SBE61 ,0396]P +20129,T +19447,S +34586
1689129752:[MRMAID,0002]acq started
1689133325:[MRMAID,0003]acq stopped
1689133325:[MRMAID,0052]$MEASFS,140858,3520.196442,40.014244;
1689133361:[SBE61 ,0396]P +20127,T +19403,S +34587
1689133362:[MRMAID,0002]acq started
1689136925:[MRMAID,0003]acq stopped
1689136925:[MRMAID,0052]$MEASFS,140459,3510.224853,40.014246;
1689136960:[SBE61 ,0396]P +20168,T +19452,S +34585
1689136962:[MRMAID,0002]acq started
1689140525:[MRMAID,0003]acq stopped
1689140525:[MRMAID,0052]$MEASFS,140459,3510.224793,40.014246;
1689140560:[SBE61 ,0396]P +20234,T +19473,S +34585
1689140561:[MRMAID,0002]acq started
1689144134:[MRMAID,0003]acq stopped
1689144134:[MRMAID,0052]$MEASFS,140857,3520.171173,40.014247;
1689144170:[SBE61 ,0396]P +20243,T +19594,S +34583
1689144171:[MRMAID,0002]acq started
1689147734:[MRMAID,0003]acq stopped
1689147734:[MRMAID,0052]$MEASFS,140457,3510.174652,40.014248;
1689147769:[SBE61 ,0396]P +20302,T +19726,S +34582
1689147771:[MRMAID,0002]acq started
1689151343:[MRMAID,0003]acq stopped
1689151344:[MRMAID,0052]$MEASFS,140860,3520.246033,40.014249;
1689151379:[SBE61 ,0396]P +20303,T +19690,S +34582
1689151380:[MRMAID,0002]acq started
1689154943:[MRMAID,0003]acq stopped
1689154943:[MRMAID,0052]$MEASFS,140460,3510.249573,40.014249;
1689154979:[SBE61 ,0396]P +20148,T +19715,S +34581
1689154980:[MRMAID,0002]acq started
1689158543:[MRMAID,0003]acq stopped
1689158543:[MRMAID,0052]$MEASFS,140460,3510.249573,40.014249;
1689158578:[SBE61 ,0396]P +20279,T +19602,S +34583
1689158579:[MRMAID,0002]acq started
1689162152:[MRMAID,0003]acq stopped
1689162152:[MRMAID,0052]$MEASFS,140858,3520.195984,40.014249;
1689162188:[SBE61 ,0396]P +20111,T +19496,S +34584
1689162189:[MRMAID,0002]acq started
1689165224:[BUOY  ,0087]from +1mbar/s to +0mbar/s
1689165224:[PUMP  ,0378]Outflow calculated : 2712
1689165224:[BUOY  ,0089]need to transfer +2mL (pump during 2898ms)
1689165224:[MRMAID,0003]acq stopped
1689165226:[PUMP  ,0016]pump during 2898ms
1689165230:[MRMAID,0002]acq started
1689165752:[MRMAID,0003]acq stopped
1689165787:[SBE61 ,0396]P +20238,T +19446,S +34585
1689165789:[MRMAID,0002]acq started
1689169352:[MRMAID,0003]acq stopped
1689169352:[MRMAID,0052]$MEASFS,140469,3510.474426,40.014250;
1689169387:[SBE61 ,0396]P +20275,T +19477,S +34585
1689169388:[MRMAID,0002]acq started
1689170654:[BUOY  ,0087]from +1mbar/s to +0mbar/s
1689170654:[PUMP  ,0378]Outflow calculated : 2711
1689170654:[BUOY  ,0089]need to transfer +2mL (pump during 2901ms)
1689170654:[MRMAID,0003]acq stopped
1689170654:[MRMAID,0185]20 spurious byte(s) received
1689170656:[PUMP  ,0016]pump during 2901ms
1689170660:[MRMAID,0002]acq started
1689170981:[BUOY  ,0087]from +1mbar/s to +0mbar/s
1689170981:[PUMP  ,0378]Outflow calculated : 2711
1689170981:[BUOY  ,0089]need to transfer +2mL (pump during 2904ms)
1689170981:[MRMAID,0003]acq stopped
1689170983:[PUMP  ,0016]pump during 2904ms
1689170987:[MRMAID,0002]acq started
1689172961:[MRMAID,0052]$S$MEASFS,76885,1921.440490,40.014250;
1689172963:[MRMAID,0185]10 spurious byte(s) received
1689172997:[SBE61 ,0396]P +20076,T +19762,S +34580
1689172998:[MRMAID,0002]acq started
1689173410:[PRESS ,0038]P+199996mbar,T+32767mdegC
1689173410:[BUOY  ,0087]from -2mbar/s to +0mbar/s
1689173410:[BUOY  ,0090]need to transfer -6mL (valve during 171ms)
1689173410:[MRMAID,0003]acq stopped
1689173410:[VALVE ,0034]valve opening 171ms
1689173422:[MRMAID,0002]acq started
1689173746:[BUOY  ,0087]from +2mbar/s to +0mbar/s
1689173746:[PUMP  ,0378]Outflow calculated : 2713
1689173746:[BUOY  ,0089]need to transfer +6mL (pump during 8705ms)
1689173746:[MRMAID,0052]$STOPACK:
1689173747:[MRMAID,0185]3 spurious byte(s) received
1689173748:[PUMP  ,0016]pump during 8705ms
1689173756:[PUMP  ,0212]battery 14623mV,  920490uA (steady state), P+200406mbar
1689173758:[MRMAID,0002]acq started
1689174374:[BUOY  ,0087]from +1mbar/s to +0mbar/s
1689174374:[PUMP  ,0378]Outflow calculated : 2712
1689174374:[BUOY  ,0089]need to transfer +2mL (pump during 2913ms)
1689174374:[MRMAID,0003]acq stopped
1689174375:[PUMP  ,0016]pump during 2913ms
1689174380:[MRMAID,0002]acq started
1689174701:[BUOY  ,0087]from +2mbar/s to +0mbar/s
1689174701:[PUMP  ,0378]Outflow calculated : 2712
1689174701:[BUOY  ,0089]need to transfer +6mL (pump during 8738ms)
1689174701:[MRMAID,0003]acq stopped
1689174703:[PUMP  ,0016]pump during 8738ms
1689174711:[PUMP  ,0212]battery 14607mV,  934154uA (steady state), P+201586mbar
1689174713:[MRMAID,0002]acq started
1689176561:[MRMAID,0003]acq stopped
1689176561:[MRMAID,0052]$MEASFS,71845,1795.485382,40.014249;
1689176596:[SBE61 ,0396]P +20099,T +19627,S +34583
1689176597:[MRMAID,0002]acq started
1689180170:[MRMAID,0003]acq stopped
1689180171:[MRMAID,0052]$MEASFS,140857,3520.170960,40.014250;
1689180206:[SBE61 ,0396]P +20061,T +19607,S +34582
1689180207:[MRMAID,0002]acq started
1689183770:[MRMAID,0003]acq stopped
1689183770:[MRMAID,0052]$MEASFS,140458,3510.199494,40.014250;
1689183806:[SBE61 ,0396]P +20082,T +19550,S +34584
1689183807:[MRMAID,0002]acq started
1689187370:[MRMAID,0003]acq stopped
1689187370:[MRMAID,0052]$MEASFS,140460,3510.249481,40.014250;
1689187405:[SBE61 ,0396]P +20074,T +19563,S +34584
1689187406:[MRMAID,0002]acq started
1689190979:[MRMAID,0003]acq stopped
1689190979:[MRMAID,0052]$MEASFS,140863,3520.320862,40.014250;
1689191015:[SBE61 ,0396]P +20079,T +19540,S +34584
1689191016:[MRMAID,0002]acq started
1689194579:[MRMAID,0003]acq stopped
1689194579:[MRMAID,0052]$MEASFS,140460,3510.249450,40.014250;
1689194614:[SBE61 ,0396]P +20127,T +19488,S +34585
1689194616:[MRMAID,0002]acq started
1689198179:[MRMAID,0003]acq stopped
1689198179:[MRMAID,0052]$MEASFS,140459,3510.224457,40.014250;
1689198214:[SBE61 ,0396]P +20141,T +19556,S +34584
1689198215:[MRMAID,0002]acq started
1689200704:[MRMAID,0027]2012dbar, 33degC
1689201788:[MRMAID,0003]acq stopped
1689201788:[MRMAID,0052]$MEASFS,140859,3520.220886,40.014250;
1689201824:[SBE61 ,0396]P +20141,T +19600,S +34584
1689201825:[MRMAID,0002]acq started
1689205388:[MRMAID,0003]acq stopped
1689205388:[MRMAID,0052]$MEASFS,140459,3510.224457,40.014250;
1689205423:[SBE61 ,0396]P +20142,T +19554,S +34584
1689205425:[MRMAID,0002]acq started
1689208997:[MRMAID,0003]acq stopped
1689208998:[MRMAID,0052]$MEASFS,140857,3520.170898,40.014250;
1689209033:[SBE61 ,0396]P +20183,T +19560,S +34584
1689209034:[MRMAID,0002]acq started
1689209758:[MRMAID,0027]2016dbar, 33degC
1689212597:[MRMAID,0003]acq stopped
1689212597:[MRMAID,0052]$MEASFS,140457,3510.174469,40.014250;
1689212633:[SBE61 ,0396]P +20137,T +19583,S +34583
1689212634:[MRMAID,0002]acq started
1689215848:[BUOY  ,0087]from +1mbar/s to +0mbar/s
1689215848:[PUMP  ,0378]Outflow calculated : 2712
1689215848:[BUOY  ,0089]need to transfer +2mL (pump during 2899ms)
1689215848:[MRMAID,0003]acq stopped
1689215848:[MRMAID,0052]$MEASFS,126522,3161.923554,40.014250;
1689215850:[PUMP  ,0016]pump during 2899ms
1689215854:[MRMAID,0002]acq started
1689216197:[MRMAID,0003]acq stopped
1689216232:[SBE61 ,0396]P +20271,T +19725,S +34582
1689216233:[MRMAID,0002]acq started
1689217976:[BUOY  ,0087]from -1mbar/s to +0mbar/s
1689217976:[BUOY  ,0090]need to transfer -2mL (valve during 57ms)
1689217976:[MRMAID,0003]acq stopped
1689217976:[MRMAID,0052]$MEASFS,67644,1690.497742,40.014250;
1689217977:[VALVE ,0034]valve opening 57ms
1689217989:[MRMAID,0002]acq started
1689218613:[BUOY  ,0101]stage[1] 10 stab done
1689218613:[BUOY  ,0087]from +1mbar/s to +0mbar/s
1689218613:[PUMP  ,0378]Outflow calculated : 2713
1689218613:[BUOY  ,0089]need to transfer +2mL (pump during 2899ms)
1689218613:[MRMAID,0003]acq stopped
1689218615:[PUMP  ,0016]pump during 2899ms
1689218619:[MRMAID,0002]acq started
1689219806:[MRMAID,0003]acq stopped
1689219806:[MRMAID,0185]20 spurious byte(s) received
1689219842:[SBE61 ,0396]P +20195,T +19560,S +34585
1689219843:[MRMAID,0002]acq started
1689221641:[PRESS ,0038]P+205156mbar,T+32767mdegC
1689221641:[BUOY  ,0087]from +2mbar/s to -2mbar/s
1689221642:[PUMP  ,0378]Outflow calculated : 2710
1689221642:[BUOY  ,0089]need to transfer +12mL (pump during 17421ms)
1689221642:[MRMAID,0003]acq stopped
1689221642:[MRMAID,0052]$MEASFS,69859,1745.853027,40.014250;
1689221643:[PUMP  ,0016]pump during 17421ms
1689221660:[PUMP  ,0212]battery 14617mV,  938180uA (steady state), P+205156mbar
1689221662:[MRMAID,0002]acq started
1689223406:[MRMAID,0052]$ST$MEASFS,67667,1691.072571,40.014250;
1689223407:[MRMAID,0185]9 spurious byte(s) received
1689223441:[SBE61 ,0396]P +20266,T +19584,S +34585
1689223443:[MRMAID,0002]acq started
1689225571:[PRESS ,0038]P+200116mbar,T+32767mdegC
1689227006:[MRMAID,0003]acq stopped
1689227006:[MRMAID,0052]$MEASFS,140460,3510.249451,40.014250;
1689227041:[SBE61 ,0396]P +20019,T +19739,S +34581
1689227042:[MRMAID,0002]acq started
1689227071:[BUOY  ,0087]from -1mbar/s to +0mbar/s
1689227071:[BUOY  ,0090]need to transfer -2mL (valve during 57ms)
1689227072:[VALVE ,0034]valve opening 57ms
1689227083:[MRMAID,0184]acq already started
1689227095:[MRMAID,0059]stop canceled
1689227407:[BUOY  ,0087]from +2mbar/s to +0mbar/s
1689227407:[PUMP  ,0378]Outflow calculated : 2713
1689227407:[BUOY  ,0089]need to transfer +6mL (pump during 8703ms)
1689227407:[MRMAID,0003]acq stopped
1689227409:[PUMP  ,0016]pump during 8703ms
1689227417:[PUMP  ,0212]battery 14648mV,  921222uA (steady state), P+200546mbar
1689227419:[MRMAID,0002]acq started
1689227734:[BUOY  ,0087]from +1mbar/s to +0mbar/s
1689227734:[PUMP  ,0378]Outflow calculated : 2713
1689227734:[BUOY  ,0089]need to transfer +2mL (pump during 2901ms)
1689227734:[MRMAID,0003]acq stopped
1689227736:[PUMP  ,0016]pump during 2901ms
1689227740:[MRMAID,0002]acq started
1689228061:[BUOY  ,0087]from +1mbar/s to +0mbar/s
1689228062:[PUMP  ,0378]Outflow calculated : 2712
1689228062:[BUOY  ,0089]need to transfer +2mL (pump during 2914ms)
1689228062:[MRMAID,0003]acq stopped
1689228063:[PUMP  ,0016]pump during 2914ms
1689228068:[MRMAID,0002]acq started
1689230615:[MRMAID,0003]acq stopped
1689230615:[MRMAID,0052]$MEASFS,99842,2495.161102,40.014250;
1689230651:[SBE61 ,0396]P +20101,T +19716,S +34582
1689230652:[MRMAID,0002]acq started
1689234215:[MRMAID,0003]acq stopped
1689234215:[MRMAID,0052]$MEASFS,140459,3510.224487,40.014250;
1689234250:[SBE61 ,0396]P +20121,T +19646,S +34583
1689234252:[MRMAID,0002]acq started
1689237824:[MRMAID,0003]acq stopped
1689237825:[MRMAID,0052]$MEASFS,140858,3520.195923,40.014250;
1689237860:[SBE61 ,0396]P +20166,T +19714,S +34582
1689237861:[MRMAID,0002]acq started
1689241146:[MRMAID,0027]2007dbar, 33degC
1689241424:[MRMAID,0003]acq stopped
1689241424:[MRMAID,0052]$MEASFS,140456,3510.149506,40.014250;
1689241460:[SBE61 ,0396]P +20130,T +19634,S +34583
1689241461:[MRMAID,0002]acq started
1689245024:[MRMAID,0003]acq stopped
1689245024:[MRMAID,0052]$MEASFS,140459,3510.224457,40.014250;
1689245059:[SBE61 ,0396]P +20020,T +19604,S +34583
1689245060:[MRMAID,0002]acq started
1689248633:[MRMAID,0003]acq stopped
1689248633:[MRMAID,0052]$MEASFS,140857,3520.170929,40.014250;
1689248669:[SBE61 ,0396]P +20103,T +19474,S +34585
1689248670:[MRMAID,0002]acq started
1689252233:[MRMAID,0003]acq stopped
1689252233:[MRMAID,0052]$MEASFS,140462,3510.299439,40.014250;
1689252268:[SBE61 ,0396]P +20149,T +19483,S +34586
1689252270:[MRMAID,0002]acq started
1689255833:[MRMAID,0003]acq stopped
1689255833:[MRMAID,0052]$MEASFS,140460,3510.249420,40.014251;
1689255868:[SBE61 ,0396]P +20203,T +19609,S +34584
1689255869:[MRMAID,0002]acq started
1689257494:[MRMAID,0027]2021dbar, 33degC
1689259364:[MRMAID,0027]2004dbar, 33degC
1689259478:[SBE61 ,0396]P +20056,T +19647,S +34582
1689259488:[MRMAID,0184]acq already started
1689259507:[MRMAID,0059]stop canceled
1689263051:[MRMAID,0003]acq stopped
1689263052:[MRMAID,0052]$MEASFS,285276,7129.360077,40.014250;
1689263087:[SBE61 ,0396]P +20143,T +19473,S +34586
1689263088:[MRMAID,0002]acq started
1689263593:[MRMAID,0027]2011dbar, 33degC
1689266651:[MRMAID,0003]acq stopped
1689266651:[MRMAID,0052]$MEASFS,140460,3510.249420,40.014251;
1689266686:[SBE61 ,0396]P +20180,T +19444,S +34586
1689266688:[MRMAID,0002]acq started
1689270251:[MRMAID,0003]acq stopped
1689270251:[MRMAID,0052]$MEASFS,140459,3510.224426,40.014251;
1689270286:[SBE61 ,0396]P +20156,T +19509,S +34584
1689270287:[MRMAID,0002]acq started
1689273860:[MRMAID,0003]acq stopped
1689273860:[MRMAID,0052]$MEASFS,140858,3520.195892,40.014250;
1689273896:[SBE61 ,0396]P +20228,T +19584,S +34584
1689273897:[MRMAID,0002]acq started
1689277460:[MRMAID,0003]acq stopped
1689277460:[MRMAID,0052]$MEASFS,140458,3510.199432,40.014251;
1689277495:[SBE61 ,0396]P +20222,T +19698,S +34582
1689277497:[MRMAID,0002]acq started
1689281070:[MRMAID,0003]acq stopped
1689281070:[MRMAID,0052]$MEASFS,140857,3520.170868,40.014251;
1689281105:[SBE61 ,0396]P +20064,T +19581,S +34584
1689281106:[MRMAID,0002]acq started
1689284669:[MRMAID,0003]acq stopped
1689284669:[MRMAID,0052]$MEASFS,140462,3510.299408,40.014251;
1689284705:[SBE61 ,0396]P +20119,T +19454,S +34586
1689284706:[MRMAID,0002]acq started
1689288269:[MRMAID,0003]acq stopped
1689288269:[MRMAID,0052]$MEASFS,140458,3510.199432,40.014251;
1689288304:[SBE61 ,0396]P +20127,T +19440,S +34586
1689288305:[MRMAID,0002]acq started
1689291720:[BUOY  ,0087]from +1mbar/s to +0mbar/s
1689291720:[PUMP  ,0378]Outflow calculated : 2712
1689291720:[BUOY  ,0089]need to transfer +2mL (pump during 2899ms)
1689291720:[MRMAID,0003]acq stopped
1689291720:[MRMAID,0052]$MEASFS,134510,3361.552399,40.014251;
1689291721:[PUMP  ,0016]pump during 2899ms
1689291725:[MRMAID,0002]acq started
1689291878:[MRMAID,0003]acq stopped
1689291914:[SBE61 ,0396]P +20307,T +19542,S +34584
1689291915:[MRMAID,0002]acq started
1689295478:[MRMAID,0003]acq stopped
1689295478:[MRMAID,0052]$MEASFS,140470,3510.499328,40.014251;
1689295513:[SBE61 ,0396]P +20153,T +19588,S +34583
1689295515:[MRMAID,0002]acq started
1689297676:[MRMAID,0027]2016dbar, 33degC
1689299078:[MRMAID,0003]acq stopped
1689299078:[MRMAID,0052]$MEASFS,140460,3510.249420,40.014251;
1689299113:[SBE61 ,0396]P +20167,T +19712,S +34581
1689299114:[MRMAID,0002]acq started
1689300135:[MRMAID,0027]2011dbar, 33degC
1689302687:[MRMAID,0003]acq stopped
1689302687:[MRMAID,0052]$MEASFS,140871,3520.520782,40.014250;
1689302723:[SBE61 ,0396]P +20141,T +19703,S +34581
1689302724:[MRMAID,0002]acq started
1689306287:[MRMAID,0003]acq stopped
1689306287:[MRMAID,0052]$MEASFS,140459,3510.224427,40.014251;
1689306322:[SBE61 ,0396]P +20118,T +19778,S +34580
1689306324:[MRMAID,0002]acq started
1689309896:[MRMAID,0003]acq stopped
1689309897:[MRMAID,0052]$MEASFS,140857,3520.170899,40.014250;
1689309932:[SBE61 ,0396]P +20106,T +19702,S +34581
1689309933:[MRMAID,0002]acq started
1689313496:[MRMAID,0003]acq stopped
1689313496:[MRMAID,0052]$MEASFS,140458,3510.199463,40.014250;
1689313532:[SBE61 ,0396]P +20112,T +19594,S +34583
1689313533:[MRMAID,0002]acq started
1689315304:[MRMAID,0027]2016dbar, 33degC
1689317096:[MRMAID,0003]acq stopped
1689317096:[MRMAID,0052]$MEASFS,140457,3510.174469,40.014250;
1689317131:[SBE61 ,0396]P +20156,T +19710,S +34582
1689317132:[MRMAID,0002]acq started
1689320705:[MRMAID,0003]acq stopped
1689320705:[MRMAID,0052]$MEASFS,140857,3520.170929,40.014250;
1689320741:[SBE61 ,0396]P +20135,T +19654,S +34583
1689320742:[MRMAID,0002]acq started
1689324305:[MRMAID,0003]acq stopped
1689324305:[MRMAID,0052]$MEASFS,140458,3510.199433,40.014251;
1689324340:[SBE61 ,0396]P +20106,T +19551,S +34583
1689324342:[MRMAID,0002]acq started
1689327905:[MRMAID,0003]acq stopped
1689327905:[MRMAID,0052]$MEASFS,140460,3510.249421,40.014251;
1689327940:[SBE61 ,0396]P +20152,T +19533,S +34584
1689327941:[MRMAID,0002]acq started
1689331514:[MRMAID,0003]acq stopped
1689331514:[MRMAID,0052]$MEASFS,140859,3520.220886,40.014250;
1689331550:[SBE61 ,0396]P +20163,T +19553,S +34584
1689331551:[MRMAID,0002]acq started
1689335114:[MRMAID,0003]acq stopped
1689335114:[MRMAID,0052]$MEASFS,140460,3510.249421,40.014251;
1689335149:[SBE61 ,0396]P +20121,T +19460,S +34586
1689335151:[MRMAID,0002]acq started
1689338723:[MRMAID,0003]acq stopped
1689338724:[MRMAID,0052]$MEASFS,140859,3520.220856,40.014251;
1689338759:[SBE61 ,0396]P +20119,T +19519,S +34584
1689338760:[MRMAID,0002]acq started
1689342323:[MRMAID,0003]acq stopped
1689342323:[MRMAID,0052]$MEASFS,140459,3510.224426,40.014251;
1689342359:[SBE61 ,0396]P +20109,T +19500,S +34584
1689342360:[MRMAID,0002]acq started
1689345923:[MRMAID,0003]acq stopped
1689345923:[MRMAID,0052]$MEASFS,140459,3510.224426,40.014251;
1689345958:[SBE61 ,0396]P +20144,T +19534,S +34584
1689345959:[MRMAID,0002]acq started
1689349532:[MRMAID,0003]acq stopped
1689349532:[MRMAID,0052]$MEASFS,140859,3520.220856,40.014251;
1689349568:[SBE61 ,0396]P +20154,T +19540,S +34584
1689349569:[MRMAID,0002]acq started
1689353132:[MRMAID,0003]acq stopped
1689353132:[MRMAID,0052]$MEASFS,140458,3510.199432,40.014251;
1689353167:[SBE61 ,0396]P +20224,T +19653,S +34583
1689353169:[MRMAID,0002]acq started
1689356732:[MRMAID,0003]acq stopped
1689356732:[MRMAID,0052]$MEASFS,140462,3510.299408,40.014251;
1689356767:[SBE61 ,0396]P +20136,T +19737,S +34581
1689356768:[MRMAID,0002]acq started
1689360341:[MRMAID,0003]acq stopped
1689360341:[MRMAID,0052]$MEASFS,140848,3519.945984,40.014250;
1689360377:[SBE61 ,0396]P +20240,T +19711,S +34582
1689360378:[MRMAID,0002]acq started
1689363941:[MRMAID,0003]acq stopped
1689363941:[MRMAID,0052]$MEASFS,140460,3510.249421,40.014251;
1689363976:[SBE61 ,0396]P +20164,T +19654,S +34582
1689363978:[MRMAID,0002]acq started
1689367551:[MRMAID,0003]acq stopped
1689367551:[MRMAID,0052]$MEASFS,140859,3520.220887,40.014250;
1689367586:[SBE61 ,0396]P +20104,T +19657,S +34582
1689367587:[MRMAID,0002]acq started
1689371150:[MRMAID,0003]acq stopped
1689371150:[MRMAID,0052]$MEASFS,140460,3510.249450,40.014250;
1689371186:[SBE61 ,0396]P +20112,T +19654,S +34582
1689371187:[MRMAID,0002]acq started
1689372698:[MRMAID,0027]2002dbar, 33degC
1689374750:[MRMAID,0003]acq stopped
1689374750:[MRMAID,0052]$MEASFS,140461,3510.274414,40.014251;
1689374785:[SBE61 ,0396]P +20166,T +19525,S +34584
1689374786:[MRMAID,0002]acq started
1689378359:[MRMAID,0003]acq stopped
1689378359:[MRMAID,0052]$MEASFS,140858,3520.195892,40.014250;
1689378395:[SBE61 ,0396]P +20162,T +19432,S +34586
1689378396:[MRMAID,0002]acq started
1689381959:[MRMAID,0003]acq stopped
1689381959:[MRMAID,0052]$MEASFS,140459,3510.224426,40.014251;
1689381994:[SBE61 ,0396]P +20187,T +19508,S +34585
1689381996:[MRMAID,0002]acq started
1689385559:[MRMAID,0003]acq stopped
1689385559:[MRMAID,0052]$MEASFS,140458,3510.199432,40.014251;
1689385594:[SBE61 ,0396]P +20172,T +19537,S +34584
1689385595:[MRMAID,0002]acq started
1689389168:[MRMAID,0003]acq stopped
1689389168:[MRMAID,0052]$MEASFS,140868,3520.445771,40.014251;
1689389204:[SBE61 ,0396]P +20310,T +19684,S +34582
1689389205:[MRMAID,0002]acq started
1689392768:[MRMAID,0003]acq stopped
1689392768:[MRMAID,0052]$MEASFS,140460,3510.249420,40.014251;
1689392803:[SBE61 ,0396]P +20218,T +19766,S +34581
1689392805:[MRMAID,0002]acq started
1689396368:[MRMAID,0003]acq stopped
1689396368:[MRMAID,0185]29 spurious byte(s) received
1689396403:[SBE61 ,0396]P +20176,T +19760,S +34580
1689396404:[MRMAID,0002]acq started
1689399977:[MRMAID,0052]$STOP$MEASFS,140860,3520.245880,40.014250;
1689399979:[MRMAID,0185]7 spurious byte(s) received
1689400013:[SBE61 ,0396]P +20216,T +19770,S +34581
1689400014:[MRMAID,0002]acq started
1689403577:[MRMAID,0003]acq stopped
1689403577:[MRMAID,0052]$MEASFS,140460,3510.249451,40.014250;
1689403612:[SBE61 ,0396]P +20163,T +19562,S +34584
1689403614:[MRMAID,0002]acq started
1689407187:[MRMAID,0003]acq stopped
1689407187:[MRMAID,0052]$MEASFS,140860,3520.245881,40.014250;
1689407222:[SBE61 ,0396]P +20199,T +19564,S +34584
1689407223:[MRMAID,0002]acq started
1689410786:[MRMAID,0003]acq stopped
1689410786:[MRMAID,0052]$MEASFS,140459,3510.224426,40.014251;
1689410822:[SBE61 ,0396]P +20237,T +19531,S +34584
1689410823:[MRMAID,0002]acq started
1689414386:[MRMAID,0003]acq stopped
1689414386:[MRMAID,0052]$MEASFS,140459,3510.224457,40.014250;
1689414421:[SBE61 ,0396]P +20228,T +19556,S +34584
1689414422:[MRMAID,0002]acq started
1689417995:[MRMAID,0003]acq stopped
1689417996:[MRMAID,0052]$MEASFS,140862,3520.295837,40.014251;
1689418031:[SBE61 ,0396]P +20210,T +19603,S +34583
1689418032:[MRMAID,0002]acq started
1689421595:[MRMAID,0003]acq stopped
1689421595:[MRMAID,0052]$MEASFS,140458,3510.199432,40.014251;
1689421630:[SBE61 ,0396]P +20183,T +19475,S +34585
1689421632:[MRMAID,0002]acq started
1689425195:[MRMAID,0003]acq stopped
1689425195:[MRMAID,0052]$MEASFS,140458,3510.199432,40.014251;
1689425230:[SBE61 ,0396]P +20224,T +19540,S +34584
1689425231:[MRMAID,0002]acq started
1689428804:[MRMAID,0003]acq stopped
1689428804:[MRMAID,0052]$MEASFS,140861,3520.270843,40.014251;
1689428840:[SBE61 ,0396]P +20171,T +19422,S +34586
1689428841:[MRMAID,0002]acq started
1689432404:[MRMAID,0003]acq stopped
1689432404:[MRMAID,0052]$MEASFS,140460,3510.249420,40.014251;
1689432439:[SBE61 ,0396]P +20194,T +19491,S +34585
1689432441:[MRMAID,0002]acq started
1689436014:[MRMAID,0003]acq stopped
1689436014:[MRMAID,0052]$MEASFS,140859,3520.220855,40.014251;
1689436049:[SBE61 ,0396]P +20296,T +19571,S +34584
1689436050:[MRMAID,0002]acq started
1689439613:[MRMAID,0003]acq stopped
1689439613:[MRMAID,0052]$MEASFS,140460,3510.249390,40.014251;
1689439649:[SBE61 ,0396]P +20294,T +19611,S +34583
1689439650:[MRMAID,0002]acq started
1689443213:[MRMAID,0003]acq stopped
1689443213:[MRMAID,0052]$MEASFS,140463,3510.324371,40.014251;
1689443248:[SBE61 ,0396]P +20204,T +19620,S +34584
1689443249:[MRMAID,0002]acq started
1689446822:[MRMAID,0003]acq stopped
1689446823:[MRMAID,0052]$MEASFS,140858,3520.195862,40.014251;
1689446858:[SBE61 ,0396]P +20247,T +19627,S +34583
1689446859:[MRMAID,0002]acq started
1689450422:[MRMAID,0003]acq stopped
1689450422:[MRMAID,0052]$MEASFS,140459,3510.224396,40.014251;
1689450457:[SBE61 ,0396]P +20214,T +19550,S +34584
1689450459:[MRMAID,0002]acq started
1689454022:[MRMAID,0003]acq stopped
1689454022:[MRMAID,0052]$MEASFS,140462,3510.299408,40.014251;
1689454057:[SBE61 ,0396]P +20247,T +19600,S +34583
1689454058:[MRMAID,0002]acq started
1689457034:[MRMAID,0027]2025dbar, 33degC
1689457631:[MRMAID,0003]acq stopped
1689457631:[MRMAID,0052]$MEASFS,140857,3520.170868,40.014251;
1689457667:[SBE61 ,0396]P +20253,T +19632,S +34583
1689457668:[MRMAID,0002]acq started
1689461231:[MRMAID,0003]acq stopped
1689461231:[MRMAID,0052]$MEASFS,140458,3510.199402,40.014251;
1689461266:[SBE61 ,0396]P +20197,T +19505,S +34585
1689461268:[MRMAID,0002]acq started
1689464841:[MRMAID,0003]acq stopped
1689464841:[MRMAID,0052]$MEASFS,140857,3520.170868,40.014251;
1689464876:[SBE61 ,0396]P +20215,T +19524,S +34584
1689464877:[MRMAID,0002]acq started
1689468440:[MRMAID,0003]acq stopped
1689468440:[MRMAID,0052]$MEASFS,140464,3510.349366,40.014251;
1689468476:[SBE61 ,0396]P +20311,T +19449,S +34585
1689468477:[MRMAID,0002]acq started
1689469433:[BUOY  ,0087]from +1mbar/s to +0mbar/s
1689469433:[PUMP  ,0378]Outflow calculated : 2712
1689469433:[BUOY  ,0089]need to transfer +2mL (pump during 2900ms)
1689469433:[MRMAID,0003]acq stopped
1689469433:[MRMAID,0185]27 spurious byte(s) received
1689469435:[PUMP  ,0016]pump during 2900ms
1689469439:[MRMAID,0002]acq started
1689470665:[MRMAID,0027]2029dbar, 33degC
1689472040:[MRMAID,0003]acq stopped
1689472040:[MRMAID,0052]$MEASFS,101971,2548.367096,40.014251;
1689472075:[SBE61 ,0396]P +20236,T +19659,S +34582
1689472077:[MRMAID,0002]acq started
1689475649:[MRMAID,0003]acq stopped
1689475650:[MRMAID,0052]$MEASFS,140859,3520.220856,40.014251;
1689475685:[SBE61 ,0396]P +20185,T +19608,S +34583
1689475686:[MRMAID,0002]acq started
1689479249:[MRMAID,0003]acq stopped
1689479249:[MRMAID,0052]$MEASFS,140463,3510.324371,40.014251;
1689479285:[SBE61 ,0396]P +20028,T +19569,S +34584
1689479286:[MRMAID,0002]acq started
1689482366:[BUOY  ,0087]from +1mbar/s to +0mbar/s
1689482366:[PUMP  ,0378]Outflow calculated : 2712
1689482366:[BUOY  ,0089]need to transfer +2mL (pump during 2899ms)
1689482367:[MRMAID,0003]acq stopped
1689482367:[MRMAID,0052]$MEASFS,121167,3028.096161,40.014251;
1689482368:[PUMP  ,0016]pump during 2899ms
1689482372:[MRMAID,0002]acq started
1689482849:[MRMAID,0003]acq stopped
1689482884:[SBE61 ,0396]P +20264,T +19658,S +34582
1689482885:[MRMAID,0002]acq started
1689486458:[MRMAID,0003]acq stopped
1689486458:[MRMAID,0052]$MEASFS,140868,3520.445770,40.014251;
1689486494:[SBE61 ,0396]P +20050,T +19696,S +34581
1689486495:[MRMAID,0002]acq started
1689490058:[MRMAID,0003]acq stopped
1689490058:[MRMAID,0052]$MEASFS,140459,3510.224396,40.014251;
1689490093:[SBE61 ,0396]P +20152,T +19678,S +34581
1689490095:[MRMAID,0002]acq started
1689490615:[MRMAID,0027]2013dbar, 33degC
1689490777:[MRMAID,0005]ascent request rejected
1689493499:[BUOY  ,0087]from -1mbar/s to +0mbar/s
1689493499:[BUOY  ,0090]need to transfer -2mL (valve during 57ms)
1689493499:[MRMAID,0003]acq stopped
1689493499:[MRMAID,0052]$MEASFS,134115,3351.680908,40.014251;
1689493500:[VALVE ,0034]valve opening 57ms
1689493511:[MRMAID,0002]acq started
1689493658:[MRMAID,0003]acq stopped
1689493693:[SBE61 ,0396]P +19996,T +19606,S +34583
1689493694:[MRMAID,0002]acq started
1689493835:[BUOY  ,0087]from +3mbar/s to +0mbar/s
1689493835:[PUMP  ,0378]Outflow calculated : 2714
1689493836:[BUOY  ,0089]need to transfer +14mL (pump during 20281ms)
1689493836:[MRMAID,0003]acq stopped
1689493837:[PUMP  ,0016]pump during 20281ms
1689493857:[PUMP  ,0212]battery 14550mV,  926712uA (steady state), P+199966mbar
1689493859:[MRMAID,0002]acq started
1689494163:[BUOY  ,0101]stage[1] 10 stab done
1689494163:[BUOY  ,0087]from +1mbar/s to +0mbar/s
1689494163:[PUMP  ,0378]Outflow calculated : 2713
1689494163:[BUOY  ,0089]need to transfer +2mL (pump during 2925ms)
1689494163:[MRMAID,0002]acq started
1689494164:[MRMAID,0185]11 spurious byte(s) received
1689494165:[PUMP  ,0016]pump during 2925ms
1689494169:[MRMAID,0002]acq started
1689497267:[MRMAID,0003]acq stopped
1689497267:[MRMAID,0052]$MEASFS,121876,3045.814911,40.014250;
1689497303:[SBE61 ,0396]P +20019,T +19824,S +34579
1689497304:[MRMAID,0002]acq started
1689500867:[MRMAID,0003]acq stopped
1689500867:[MRMAID,0052]$MEASFS,140462,3510.299439,40.014250;
1689500902:[SBE61 ,0396]P +19927,T +19837,S +34580
1689500903:[MRMAID,0002]acq started
1689504476:[MRMAID,0003]acq stopped
1689504477:[MRMAID,0052]$MEASFS,140859,3520.220887,40.014250;
1689504512:[SBE61 ,0396]P +19821,T +19912,S +34577
1689504513:[MRMAID,0002]acq started
1689508076:[MRMAID,0003]acq stopped
1689508076:[MRMAID,0052]$MEASFS,140460,3510.249451,40.014250;
1689508112:[SBE61 ,0396]P +19848,T +19714,S +34581
1689508113:[MRMAID,0002]acq started
1689508846:[MRMAID,0027]1983dbar, 33degC
1689511676:[MRMAID,0003]acq stopped
1689511676:[MRMAID,0052]$MEASFS,140457,3510.174469,40.014250;
1689511711:[SBE61 ,0396]P +19877,T +19685,S +34582
1689511712:[MRMAID,0002]acq started
1689515285:[MRMAID,0003]acq stopped
1689515285:[MRMAID,0052]$MEASFS,140858,3520.195923,40.014250;
1689515321:[SBE61 ,0396]P +19853,T +19791,S +34580
1689515322:[MRMAID,0002]acq started
1689518885:[MRMAID,0003]acq stopped
1689518885:[MRMAID,0052]$MEASFS,140459,3510.224456,40.014250;
1689518920:[SBE61 ,0396]P +19855,T +19753,S +34581
1689518922:[MRMAID,0002]acq started
1689522485:[MRMAID,0003]acq stopped
1689522485:[MRMAID,0052]$MEASFS,140463,3510.324402,40.014251;
1689522520:[SBE61 ,0396]P +19903,T +19758,S +34580
1689522521:[MRMAID,0002]acq started
1689524443:[MRMAID,0027]1990dbar, 33degC
1689524572:[MRMAID,0005]ascent request rejected
1689526094:[MRMAID,0003]acq stopped
1689526094:[MRMAID,0052]$MEASFS,140857,3520.170898,40.014250;
1689526130:[SBE61 ,0396]P +19962,T +19918,S +34578
1689526131:[MRMAID,0002]acq started
1689529694:[MRMAID,0003]acq stopped
1689529694:[MRMAID,0052]$MEASFS,140458,3510.199463,40.014250;
1689529729:[SBE61 ,0396]P +19735,T +19796,S +34581
1689529730:[MRMAID,0002]acq started
1689533304:[MRMAID,0003]acq stopped
1689533304:[MRMAID,0052]$MEASFS,140862,3520.295868,40.014250;
1689533339:[SBE61 ,0396]P +19903,T +19754,S +34580
1689533340:[MRMAID,0002]acq started
1689536885:[MRMAID,0027]1987dbar, 33degC
1689536939:[SBE61 ,0396]P +19895,T +19800,S +34579
1689536949:[MRMAID,0184]acq already started
1689537023:[MRMAID,0059]stop canceled
1689537028:[MRMAID,0005]ascent request rejected
1689540512:[MRMAID,0052]$STOPACK:
1689540512:[MRMAID,0052]$MEASFS,284878,7119.413666,40.014250;
1689540514:[MRMAID,0185]3 spurious byte(s) received
1689540548:[SBE61 ,0396]P +19873,T +19847,S +34579
1689540549:[MRMAID,0002]acq started
1689544112:[MRMAID,0003]acq stopped
1689544112:[MRMAID,0052]$MEASFS,140460,3510.249450,40.014250;
1689544147:[SBE61 ,0396]P +19856,T +19744,S +34581
1689544149:[MRMAID,0002]acq started
1689547721:[MRMAID,0003]acq stopped
1689547722:[MRMAID,0052]$MEASFS,140859,3520.220886,40.014250;
1689547757:[SBE61 ,0396]P +19923,T +19703,S +34581
1689547758:[MRMAID,0002]acq started
1689551321:[MRMAID,0003]acq stopped
1689551321:[MRMAID,0052]$MEASFS,140459,3510.224457,40.014250;
1689551357:[SBE61 ,0396]P +19901,T +19718,S +34581
1689551358:[MRMAID,0002]acq started
1689554416:[MRMAID,0027]1987dbar, 33degC
1689554565:[MRMAID,0005]ascent request rejected
1689554921:[MRMAID,0003]acq stopped
1689554921:[MRMAID,0052]$MEASFS,140461,3510.274445,40.014250;
1689554956:[SBE61 ,0396]P +19915,T +19775,S +34580
1689554957:[MRMAID,0002]acq started
1689555164:[MRMAID,0027]1990dbar, 33degC
1689555338:[MRMAID,0005]ascent request rejected
1689558530:[MRMAID,0003]acq stopped
1689558566:[SBE61 ,0396]P +19917,T +19830,S +34580
1689558567:[MRMAID,0002]acq started
1689562130:[MRMAID,0003]acq stopped
1689562130:[MRMAID,0052]$MEASFS,140469,3510.474396,40.014250;
1689562165:[SBE61 ,0396]P +19936,T +19951,S +34577
1689562167:[MRMAID,0002]acq started
1689564281:[MRMAID,0027]1990dbar, 33degC
1689564436:[MRMAID,0005]ascent request rejected
1689565730:[MRMAID,0003]acq stopped
1689565730:[MRMAID,0052]$MEASFS,140456,3510.149506,40.014250;
1689565765:[SBE61 ,0396]P +19836,T +19916,S +34578
1689565766:[MRMAID,0002]acq started
1689568443:[MRMAID,0027]1988dbar, 33degC
1689568643:[MRMAID,0005]ascent request rejected
1689569335:[MRMAID,0027]1987dbar, 33degC
1689569375:[SBE61 ,0396]P +19894,T +19853,S +34579
1689569385:[MRMAID,0184]acq already started
1689569495:[MRMAID,0059]stop canceled
1689569501:[MRMAID,0005]ascent request rejected
1689572948:[MRMAID,0003]acq stopped
1689572949:[MRMAID,0052]$MEASFS,285277,7129.385102,40.014250;
1689572984:[SBE61 ,0396]P +19874,T +19823,S +34579
1689572985:[MRMAID,0002]acq started
1689576548:[MRMAID,0003]acq stopped
1689576548:[MRMAID,0052]$MEASFS,140460,3510.249451,40.014250;
1689576583:[SBE61 ,0396]P +19814,T +19816,S +34580
1689576585:[MRMAID,0002]acq started
1689579320:[MRMAID,0027]1986dbar, 33degC
1689579456:[MRMAID,0005]ascent request rejected
1689580148:[MRMAID,0003]acq stopped
1689580148:[MRMAID,0052]$MEASFS,140461,3510.274445,40.014250;
1689580183:[SBE61 ,0396]P +19886,T +19695,S +34581
1689580184:[MRMAID,0002]acq started
1689583757:[MRMAID,0003]acq stopped
1689583757:[MRMAID,0052]$MEASFS,140859,3520.220887,40.014250;
1689583793:[SBE61 ,0396]P +19879,T +19688,S +34581
1689583794:[MRMAID,0002]acq started
1689587357:[MRMAID,0003]acq stopped
1689587357:[MRMAID,0052]$MEASFS,140459,3510.224457,40.014250;
1689587392:[SBE61 ,0396]P +19891,T +19646,S +34582
1689587394:[MRMAID,0002]acq started
1689590966:[MRMAID,0003]acq stopped
1689590967:[MRMAID,0052]$MEASFS,140858,3520.195893,40.014250;
1689591002:[SBE61 ,0396]P +19912,T +19694,S +34581
1689591003:[MRMAID,0002]acq started
1689594566:[MRMAID,0003]acq stopped
1689594566:[MRMAID,0052]$MEASFS,140459,3510.224457,40.014250;
1689594602:[SBE61 ,0396]P +19916,T +19651,S +34582
1689594603:[MRMAID,0002]acq started
1689598166:[MRMAID,0003]acq stopped
1689598166:[MRMAID,0052]$MEASFS,140463,3510.324402,40.014251;
1689598201:[SBE61 ,0396]P +19918,T +19709,S +34581
1689598202:[MRMAID,0002]acq started
1689599774:[MRMAID,0027]1994dbar, 33degC
1689599938:[MRMAID,0005]ascent request rejected
1689601775:[MRMAID,0003]acq stopped
1689601775:[MRMAID,0052]$MEASFS,140857,3520.170899,40.014250;
1689601811:[SBE61 ,0396]P +19950,T +19825,S +34579
1689601812:[MRMAID,0002]acq started
1689605375:[MRMAID,0003]acq stopped
1689605375:[MRMAID,0052]$MEASFS,140458,3510.199463,40.014250;
1689605410:[SBE61 ,0396]P +19933,T +19817,S +34579
1689605412:[MRMAID,0002]acq started
1689608485:[MRMAID,0027]1990dbar, 33degC
1689608632:[MRMAID,0005]ascent request rejected
1689608975:[MRMAID,0003]acq stopped
1689608975:[MRMAID,0052]$MEASFS,140464,3510.349396,40.014250;
1689609010:[SBE61 ,0396]P +19926,T +19804,S +34580
1689609011:[MRMAID,0002]acq started
1689611780:[MRMAID,0027]1989dbar, 33degC
1689612584:[MRMAID,0003]acq stopped
1689612584:[MRMAID,0052]$MEASFS,140861,3520.270874,40.014250;
1689612620:[SBE61 ,0396]P +19939,T +19794,S +34580
1689612621:[MRMAID,0002]acq started
1689616184:[MRMAID,0003]acq stopped
1689616184:[MRMAID,0052]$MEASFS,140460,3510.249450,40.014250;
1689616219:[SBE61 ,0396]P +19957,T +19916,S +34577
1689616221:[MRMAID,0002]acq started
1689619793:[MRMAID,0003]acq stopped
1689619794:[MRMAID,0052]$MEASFS,140859,3520.220887,40.014250;
1689619829:[SBE61 ,0396]P +19930,T +19893,S +34578
1689619830:[MRMAID,0002]acq started
1689623393:[MRMAID,0003]acq stopped
1689623393:[MRMAID,0052]$MEASFS,140459,3510.224488,40.014250;
1689623429:[SBE61 ,0396]P +19858,T +19771,S +34580
1689623430:[MRMAID,0002]acq started
1689626211:[MRMAID,0027]1987dbar, 33degC
1689626355:[MRMAID,0005]ascent request rejected
1689626993:[MRMAID,0003]acq stopped
1689626993:[MRMAID,0052]$MEASFS,140458,3510.199463,40.014250;
1689627028:[SBE61 ,0396]P +19928,T +19681,S +34582
1689627029:[MRMAID,0002]acq started
1689630602:[MRMAID,0003]acq stopped
1689630602:[MRMAID,0052]$MEASFS,140858,3520.195923,40.014250;
1689630638:[SBE61 ,0396]P +19904,T +19699,S +34581
1689630639:[MRMAID,0002]acq started
1689634202:[MRMAID,0003]acq stopped
1689634202:[MRMAID,0052]$MEASFS,140462,3510.299408,40.014251;
1689634237:[SBE61 ,0396]P +19878,T +19633,S +34582
1689634239:[MRMAID,0002]acq started
1689637802:[MRMAID,0003]acq stopped
1689637802:[MRMAID,0052]$MEASFS,140458,3510.199433,40.014251;
1689637837:[SBE61 ,0396]P +19866,T +19613,S +34583
1689637838:[MRMAID,0002]acq started
1689638537:[MRMAID,0027]1983dbar, 33degC
1689638682:[MRMAID,0005]ascent request rejected
1689641411:[MRMAID,0052]$ST$MEASFS,140858,3520.195862,40.014251;
1689641413:[MRMAID,0185]9 spurious byte(s) received
1689641447:[SBE61 ,0396]P +19994,T +19609,S +34583
1689641448:[MRMAID,0002]acq started
1689645011:[MRMAID,0003]acq stopped
1689645011:[MRMAID,0052]$MEASFS,140460,3510.249420,40.014251;
1689645046:[SBE61 ,0396]P +19973,T +19721,S +34581
1689645048:[MRMAID,0002]acq started
1689648621:[MRMAID,0003]acq stopped
1689648621:[MRMAID,0052]$MEASFS,140869,3520.470764,40.014251;
1689648656:[SBE61 ,0396]P +19891,T +19704,S +34581
1689648657:[MRMAID,0002]acq started
1689652220:[MRMAID,0003]acq stopped
1689652220:[MRMAID,0052]$MEASFS,140460,3510.249420,40.014251;
1689652256:[SBE61 ,0396]P +19935,T +19708,S +34581
1689652257:[MRMAID,0002]acq started
1689653903:[MRMAID,0027]1991dbar, 33degC
1689654050:[MRMAID,0005]ascent request rejected
1689655820:[MRMAID,0052]$MEASFS,140461,3510.274383,40.014251;
1689655822:[MRMAID,0003]acq stopped
1689655855:[SBE61 ,0396]P +19960,T +19733,S +34581
1689655856:[MRMAID,0002]acq started
1689659429:[MRMAID,0003]acq stopped
1689659429:[MRMAID,0052]$MEASFS,140858,3520.195892,40.014250;
1689659465:[SBE61 ,0396]P +19905,T +19763,S +34580
1689659466:[MRMAID,0002]acq started
1689663029:[MRMAID,0003]acq stopped
1689663029:[MRMAID,0052]$MEASFS,140458,3510.199432,40.014251;
1689663064:[SBE61 ,0396]P +19943,T +19696,S +34581
1689663066:[MRMAID,0002]acq started
1689666629:[MRMAID,0003]acq stopped
1689666629:[MRMAID,0052]$MEASFS,140459,3510.224426,40.014251;
1689666664:[SBE61 ,0396]P +19993,T +19808,S +34579
1689666665:[MRMAID,0002]acq started
1689670238:[MRMAID,0003]acq stopped
1689670238:[MRMAID,0052]$MEASFS,140861,3520.270844,40.014251;
1689670274:[SBE61 ,0396]P +19979,T +19764,S +34580
1689670275:[MRMAID,0002]acq started
1689673838:[MRMAID,0003]acq stopped
1689673838:[MRMAID,0052]$MEASFS,140458,3510.199432,40.014251;
1689673873:[SBE61 ,0396]P +19928,T +19726,S +34582
1689673875:[MRMAID,0002]acq started
1689677448:[MRMAID,0003]acq stopped
1689677448:[MRMAID,0052]$MEASFS,140857,3520.170899,40.014250;
1689677483:[SBE61 ,0396]P +19940,T +19754,S +34581
1689677484:[MRMAID,0002]acq started
1689681047:[MRMAID,0003]acq stopped
1689681047:[MRMAID,0052]$MEASFS,140464,3510.349395,40.014250;
1689681083:[SBE61 ,0396]P +19934,T +19728,S +34582
1689681084:[MRMAID,0002]acq started
1689684647:[MRMAID,0003]acq stopped
1689684647:[MRMAID,0052]$MEASFS,140460,3510.249421,40.014251;
1689684682:[SBE61 ,0396]P +19950,T +19716,S +34581
1689684683:[MRMAID,0002]acq started
1689688256:[MRMAID,0003]acq stopped
1689688257:[MRMAID,0052]$MEASFS,140859,3520.220856,40.014251;
1689688292:[SBE61 ,0396]P +19971,T +19711,S +34581
1689688293:[MRMAID,0002]acq started
1689691856:[MRMAID,0003]acq stopped
1689691856:[MRMAID,0052]$MEASFS,140459,3510.224426,40.014251;
1689691891:[SBE61 ,0396]P +19943,T +19714,S +34581
1689691893:[MRMAID,0002]acq started
1689695456:[MRMAID,0003]acq stopped
1689695456:[MRMAID,0052]$MEASFS,140459,3510.224427,40.014251;
1689695491:[SBE61 ,0396]P +19926,T +19653,S +34582
1689695492:[MRMAID,0002]acq started
1689699065:[MRMAID,0003]acq stopped
1689699065:[MRMAID,0052]$MEASFS,140858,3520.195862,40.014251;
1689699101:[SBE61 ,0396]P +19942,T +19712,S +34581
1689699102:[MRMAID,0002]acq started
1689702665:[MRMAID,0003]acq stopped
1689702665:[MRMAID,0052]$MEASFS,140458,3510.199432,40.014251;
1689702700:[SBE61 ,0396]P +19954,T +19677,S +34582
1689702702:[MRMAID,0002]acq started
1689705104:[MRMAID,0027]1995dbar, 33degC
1689705250:[MRMAID,0005]ascent request rejected
1689706275:[MRMAID,0003]acq stopped
1689706275:[MRMAID,0052]$MEASFS,140855,3520.120910,40.014251;
1689706310:[SBE61 ,0396]P +19937,T +19718,S +34581
1689706311:[MRMAID,0002]acq started
1689709874:[MRMAID,0003]acq stopped
1689709874:[MRMAID,0052]$MEASFS,140458,3510.199432,40.014251;
1689709910:[SBE61 ,0396]P +19917,T +19639,S +34581
1689709911:[MRMAID,0002]acq started
1689713474:[MRMAID,0003]acq stopped
1689713474:[MRMAID,0052]$MEASFS,140458,3510.199402,40.014251;
1689713509:[SBE61 ,0396]P +19915,T +19683,S +34582
1689713510:[MRMAID,0002]acq started
1689717083:[MRMAID,0003]acq stopped
1689717083:[MRMAID,0052]$MEASFS,140859,3520.220855,40.014251;
1689717119:[SBE61 ,0396]P +19918,T +19551,S +34584
1689717120:[MRMAID,0002]acq started
1689720683:[MRMAID,0003]acq stopped
1689720683:[MRMAID,0052]$MEASFS,140459,3510.224426,40.014251;
1689720718:[SBE61 ,0396]P +19942,T +19603,S +34583
1689720720:[MRMAID,0002]acq started
1689724283:[MRMAID,0003]acq stopped
1689724283:[MRMAID,0052]$MEASFS,140460,3510.249420,40.014251;
1689724318:[SBE61 ,0396]P +20010,T +19653,S +34582
1689724319:[MRMAID,0002]acq started
1689727892:[MRMAID,0003]acq stopped
1689727892:[MRMAID,0052]$MEASFS,140858,3520.195861,40.014251;
1689727928:[SBE61 ,0396]P +19895,T +19694,S +34582
1689727929:[MRMAID,0002]acq started
1689731492:[MRMAID,0003]acq stopped
1689731492:[MRMAID,0052]$MEASFS,140459,3510.224426,40.014251;
1689731527:[SBE61 ,0396]P +20003,T +19701,S +34581
1689731529:[MRMAID,0002]acq started
1689732895:[MRMAID,0027]1992dbar, 33degC
1689733050:[MRMAID,0005]ascent request rejected
1689734282:[MRMAID,0027]1985dbar, 33degC
1689734430:[MRMAID,0005]ascent request rejected
1689735102:[MRMAID,0003]acq stopped
1689735102:[MRMAID,0052]$MEASFS,140868,3520.445771,40.014251;
1689735137:[SBE61 ,0396]P +19920,T +19599,S +34583
1689735138:[MRMAID,0002]acq started
1689736827:[MRMAID,0027]1997dbar, 33degC
1689736953:[MRMAID,0005]ascent request rejected
1689738701:[MRMAID,0003]acq stopped
1689738701:[MRMAID,0052]$MEASFS,140456,3510.149444,40.014251;
1689738737:[SBE61 ,0396]P +20005,T +19701,S +34582
1689738738:[MRMAID,0002]acq started
1689742301:[MRMAID,0003]acq stopped
1689742301:[MRMAID,0052]$MEASFS,140459,3510.224396,40.014251;
1689742336:[SBE61 ,0396]P +20007,T +19704,S +34581
1689742338:[MRMAID,0002]acq started
1689745910:[MRMAID,0003]acq stopped
1689745911:[MRMAID,0052]$MEASFS,140857,3520.170868,40.014251;
1689745946:[SBE61 ,0396]P +19942,T +19719,S +34581
1689745947:[MRMAID,0002]acq started
1689749510:[MRMAID,0003]acq stopped
1689749510:[MRMAID,0052]$MEASFS,140462,3510.299377,40.014251;
1689749546:[SBE61 ,0396]P +19943,T +19757,S +34580
1689749547:[MRMAID,0002]acq started
1689753110:[MRMAID,0003]acq stopped
1689753110:[MRMAID,0052]$MEASFS,140460,3510.249420,40.014251;
1689753145:[SBE61 ,0396]P +20007,T +19720,S +34581
1689753146:[MRMAID,0002]acq started
1689756719:[MRMAID,0003]acq stopped
1689756719:[MRMAID,0052]$MEASFS,140859,3520.220856,40.014251;
1689756755:[SBE61 ,0396]P +19996,T +19659,S +34582
1689756756:[MRMAID,0002]acq started
1689760319:[MRMAID,0003]acq stopped
1689760319:[MRMAID,0052]$MEASFS,140459,3510.224396,40.014251;
1689760354:[SBE61 ,0396]P +19955,T +19658,S +34582
1689760356:[MRMAID,0002]acq started
1689763919:[MRMAID,0003]acq stopped
1689763919:[MRMAID,0052]$MEASFS,140459,3510.224396,40.014251;
1689763954:[SBE61 ,0396]P +19938,T +19664,S +34582
1689763955:[MRMAID,0002]acq started
1689767528:[MRMAID,0003]acq stopped
1689767528:[MRMAID,0052]$MEASFS,140858,3520.195862,40.014251;
1689767564:[SBE61 ,0396]P +19986,T +19592,S +34583
1689767565:[MRMAID,0002]acq started
1689771128:[MRMAID,0003]acq stopped
1689771128:[MRMAID,0052]$MEASFS,140459,3510.224426,40.014251;
1689771163:[SBE61 ,0396]P +19987,T +19521,S +34584
1689771165:[MRMAID,0002]acq started
1689774738:[MRMAID,0052]$STOPACK:+$MEASFS,140858,3520.195831,40.014251;
1689774739:[MRMAID,0185]2 spurious byte(s) received
1689774773:[SBE61 ,0396]P +19972,T +19633,S +34583
1689774774:[MRMAID,0002]acq started
1689777663:[MRMAID,0027]2005dbar, 33degC
1689777873:[MRMAID,0005]ascent request rejected
1689778337:[MRMAID,0003]acq stopped
1689778337:[MRMAID,0052]$MEASFS,140461,3510.274383,40.014251;
1689778373:[SBE61 ,0396]P +20060,T +19744,S +34581
1689778374:[MRMAID,0002]acq started
1689781937:[MRMAID,0003]acq stopped
1689781937:[MRMAID,0052]$MEASFS,140462,3510.299378,40.014251;
1689781972:[SBE61 ,0396]P +19984,T +19738,S +34581
1689781973:[MRMAID,0002]acq started
1689785546:[MRMAID,0003]acq stopped
1689785546:[MRMAID,0052]$MEASFS,140860,3520.245819,40.014251;
1689785582:[SBE61 ,0396]P +19999,T +19645,S +34582
1689785583:[MRMAID,0002]acq started
1689789146:[MRMAID,0003]acq stopped
1689789146:[MRMAID,0052]$MEASFS,140460,3510.249390,40.014251;
1689789181:[SBE61 ,0396]P +19987,T +19763,S +34580
1689789183:[MRMAID,0002]acq started
1689792746:[MRMAID,0003]acq stopped
1689792746:[MRMAID,0052]$MEASFS,140460,3510.249390,40.014251;
1689792781:[SBE61 ,0396]P +19962,T +19683,S +34582
1689792782:[MRMAID,0002]acq started
1689796355:[MRMAID,0003]acq stopped
1689796355:[MRMAID,0052]$MEASFS,140859,3520.220856,40.014251;
1689796391:[SBE61 ,0396]P +19994,T +19684,S +34581
1689796392:[MRMAID,0002]acq started
1689799955:[MRMAID,0003]acq stopped
1689799955:[MRMAID,0052]$MEASFS,140459,3510.224426,40.014251;
1689799990:[SBE61 ,0396]P +19933,T +19675,S +34578
1689799992:[MRMAID,0002]acq started
1689803564:[MRMAID,0003]acq stopped
1689803565:[MRMAID,0052]$MEASFS,140858,3520.195831,40.014251;
1689803600:[SBE61 ,0396]P +19973,T +19453,S +34585
1689803601:[MRMAID,0002]acq started
1689807164:[MRMAID,0003]acq stopped
1689807164:[MRMAID,0052]$MEASFS,140463,3510.324341,40.014251;
1689807200:[SBE61 ,0396]P +19987,T +19515,S +34583
1689807201:[MRMAID,0002]acq started
1689810764:[MRMAID,0003]acq stopped
1689810764:[MRMAID,0052]$MEASFS,140459,3510.224395,40.014251;
1689810799:[SBE61 ,0396]P +19970,T +19495,S +34584
1689810800:[MRMAID,0002]acq started
1689814373:[MRMAID,0003]acq stopped
1689814373:[MRMAID,0052]$MEASFS,140857,3520.171051,40.014249;
1689814409:[SBE61 ,0396]P +19972,T +19521,S +34584
1689814410:[MRMAID,0002]acq started
1689817973:[MRMAID,0003]acq stopped
1689817973:[MRMAID,0052]$MEASFS,140462,3510.299377,40.014251;
1689818008:[SBE61 ,0396]P +20030,T +19577,S +34583
1689818010:[MRMAID,0002]acq started
1689821573:[MRMAID,0003]acq stopped
1689821573:[MRMAID,0052]$MEASFS,140470,3510.499268,40.014251;
1689821608:[SBE61 ,0396]P +20003,T +19546,S +34583
1689821609:[MRMAID,0002]acq started
1689821947:[MRMAID,0027]1998dbar, 33degC
1689822086:[MRMAID,0005]ascent request rejected
1689825182:[MRMAID,0052]$STOPACK:$MEASFS,140857,3520.170837,40.014251;
1689825184:[MRMAID,0185]3 spurious byte(s) received
1689825218:[SBE61 ,0396]P +20009,T +19729,S +34580
1689825219:[MRMAID,0002]acq started
1689826527:[MRMAID,0027]2000dbar, 33degC
1689826685:[MRMAID,0005]ascent request rejected
1689828782:[MRMAID,0003]acq stopped
1689828782:[MRMAID,0052]$MEASFS,140457,3510.174378,40.014251;
1689828817:[SBE61 ,0396]P +20123,T +19800,S +34580
1689828819:[MRMAID,0002]acq started
1689832391:[MRMAID,0003]acq stopped
1689832392:[MRMAID,0052]$MEASFS,140859,3520.220826,40.014251;
1689832427:[SBE61 ,0396]P +19995,T +19740,S +34580
1689832428:[MRMAID,0002]acq started
1689835991:[MRMAID,0003]acq stopped
1689835991:[MRMAID,0052]$MEASFS,140459,3510.224396,40.014251;
1689836027:[SBE61 ,0396]P +19972,T +19737,S +34580
1689836028:[MRMAID,0002]acq started
1689839591:[MRMAID,0003]acq stopped
1689839591:[MRMAID,0052]$MEASFS,140463,3510.324371,40.014251;
1689839626:[SBE61 ,0396]P +19912,T +19684,S +34581
1689839627:[MRMAID,0002]acq started
1689843200:[MRMAID,0003]acq stopped
1689843200:[MRMAID,0052]$MEASFS,140858,3520.195862,40.014251;
1689843236:[SBE61 ,0396]P +19986,T +19576,S +34583
1689843237:[MRMAID,0002]acq started
1689846800:[MRMAID,0003]acq stopped
1689846800:[MRMAID,0052]$MEASFS,140458,3510.199402,40.014251;
1689846835:[SBE61 ,0396]P +19998,T +19555,S +34583
1689846837:[MRMAID,0002]acq started
1689850400:[MRMAID,0003]acq stopped
1689850400:[MRMAID,0052]$MEASFS,140458,3510.199402,40.014251;
1689850435:[SBE61 ,0396]P +19958,T +19529,S +34584
1689850436:[MRMAID,0002]acq started
1689854009:[MRMAID,0003]acq stopped
1689854009:[MRMAID,0052]$MEASFS,140857,3520.170837,40.014251;
1689854045:[SBE61 ,0396]P +19924,T +19508,S +34584
1689854046:[MRMAID,0002]acq started
1689857609:[MRMAID,0003]acq stopped
1689857609:[MRMAID,0052]$MEASFS,140460,3510.249359,40.014251;
1689857644:[SBE61 ,0396]P +19994,T +19505,S +34584
1689857646:[MRMAID,0002]acq started
1689861219:[MRMAID,0003]acq stopped
1689861219:[MRMAID,0052]$MEASFS,140859,3520.220825,40.014251;
1689861254:[SBE61 ,0396]P +20037,T +19526,S +34584
1689861255:[MRMAID,0002]acq started
1689864818:[MRMAID,0003]acq stopped
1689864818:[MRMAID,0052]$MEASFS,140460,3510.249360,40.014251;
1689864854:[SBE61 ,0396]P +20002,T +19654,S +34581
1689864855:[MRMAID,0002]acq started
1689868418:[MRMAID,0003]acq stopped
1689868418:[MRMAID,0052]$MEASFS,140459,3510.224395,40.014251;
1689868453:[SBE61 ,0396]P +20076,T +19625,S +34582
1689868454:[MRMAID,0002]acq started
1689872027:[MRMAID,0003]acq stopped
1689872028:[MRMAID,0052]$MEASFS,140858,3520.195832,40.014251;
1689872063:[SBE61 ,0396]P +20034,T +19725,S +34581
1689872064:[MRMAID,0002]acq started
1689875627:[MRMAID,0003]acq stopped
1689875627:[MRMAID,0052]$MEASFS,140458,3510.199371,40.014251;
1689875662:[SBE61 ,0396]P +20097,T +19751,S +34580
1689875664:[MRMAID,0002]acq started
1689878380:[MAIN  ,0140]stage[1] complete 27184s after mission start
1689878388:[SBE   ,0391]Mode changed from PROFILING to SLEEP
1689878388:[MRMAID,0003]acq stopped
1689878389:[MRMAID,0052]$MEASFS,106920,2672.048035,40.014251;
1689878389:[MAIN  ,0056]stage[2]
1689878391:[MAIN  ,0024]internal pressure 77066Pa
1689878392:[BUOY  ,0037]P+199596mbar
1689878394:[BUOY  ,0087]from +0mbar/s to +9mbar/s
1689878394:[BUOY  ,0090]need to transfer -130mL (valve during 3716ms)
1689878394:[VALVE ,0034]valve opening 3716ms
1689878398:[VALVE ,0234]battery 14431mV,  518744uA, P+199576mbar
1689878719:[BUOY  ,0087]from +7mbar/s to +9mbar/s
1689878719:[BUOY  ,0090]need to transfer -52mL (valve during 1477ms)
1689878719:[VALVE ,0034]valve opening 1477ms
1689878721:[VALVE ,0234]battery 14546mV,  523258uA, P+201836mbar
1689879344:[PRESS ,0038]P+207266mbar,T+32767mdegC
1689879994:[PRESS ,0038]P+213316mbar,T+32767mdegC
1689880644:[PRESS ,0038]P+219126mbar,T+32767mdegC
1689881293:[PRESS ,0038]P+224556mbar,T+32767mdegC
1689881943:[PRESS ,0038]P+229876mbar,T+32767mdegC
1689882593:[PRESS ,0038]P+235136mbar,T+32767mdegC
1689883243:[PRESS ,0038]P+240306mbar,T+32767mdegC
1689883893:[PRESS ,0038]P+245506mbar,T+32767mdegC
1689884542:[PRESS ,0038]P+250706mbar,T+32767mdegC
1689884892:[BUOY  ,0087]from +7mbar/s to +9mbar/s
1689884892:[BUOY  ,0090]need to transfer -52mL (valve during 1318ms)
1689884892:[VALVE ,0034]valve opening 1318ms
1689884894:[VALVE ,0234]battery 14528mV,  523746uA, P+253536mbar
1689885192:[PRESS ,0038]P+256486mbar,T+32767mdegC
1689885842:[PRESS ,0038]P+262406mbar,T+32767mdegC
1689886492:[PRESS ,0038]P+268076mbar,T+32767mdegC
1689887142:[PRESS ,0038]P+273606mbar,T+32767mdegC
1689887792:[PRESS ,0038]P+278836mbar,T+32767mdegC
1689887816:[BUOY  ,0087]from +8mbar/s to +6mbar/s
1689887816:[PUMP  ,0378]Outflow calculated : 2667
1689887816:[BUOY  ,0089]need to transfer +44mL (pump during 64801ms)
1689887818:[PUMP  ,0016]pump during 60000ms
1689887877:[PUMP  ,0212]battery 14436mV, 1194136uA (steady state), P+279056mbar
1689888768:[PRESS ,0038]P+285716mbar,T+32767mdegC
1689889742:[PRESS ,0038]P+292266mbar,T+32767mdegC
1689890092:[BUOY  ,0087]from +5mbar/s to +2mbar/s
1689890092:[PUMP  ,0378]Outflow calculated : 2657
1689890092:[BUOY  ,0089]need to transfer +34mL (pump during 50535ms)
1689890093:[PUMP  ,0016]pump during 50535ms
1689890143:[PUMP  ,0212]battery 14506mV, 1244034uA (steady state), P+294466mbar
1689890418:[STAGE ,0213]296376mbar reached at 1689890418s, ref 300000mbar +/-5000mbar
1689890418:[BUOY  ,0087]from +7mbar/s to +0mbar/s
1689890419:[PUMP  ,0378]Outflow calculated : 2656
1689890419:[BUOY  ,0089]need to transfer +78mL (pump during 115899ms)
1689890420:[PUMP  ,0016]pump during 60000ms
1689890479:[PUMP  ,0212]battery 14311mV, 1261358uA (steady state), P+296376mbar
1689890720:[PRESS ,0038]P+297706mbar,T+32767mdegC
1689890745:[BUOY  ,0087]from +5mbar/s to +0mbar/s
1689890745:[PUMP  ,0378]Outflow calculated : 2651
1689890745:[BUOY  ,0089]need to transfer +40mL (pump during 61162ms)
1689890746:[PUMP  ,0016]pump during 60000ms
1689890805:[PUMP  ,0212]battery 14292mV, 1259406uA (steady state), P+297806mbar
1689891071:[BUOY  ,0087]from +3mbar/s to +0mbar/s
1689891071:[PUMP  ,0378]Outflow calculated : 2651
1689891071:[BUOY  ,0089]need to transfer +14mL (pump during 21413ms)
1689891073:[PUMP  ,0016]pump during 21413ms
1689891094:[PUMP  ,0212]battery 14297mV, 1263066uA (steady state), P+298826mbar
1689891698:[BUOY  ,0087]from +2mbar/s to +0mbar/s
1689891698:[PUMP  ,0378]Outflow calculated : 2650
1689891698:[BUOY  ,0089]need to transfer +6mL (pump during 9157ms)
1689891699:[PUMP  ,0016]pump during 9157ms
1689891708:[PUMP  ,0212]battery 14440mV, 1274168uA (steady state), P+300106mbar
1689892024:[BUOY  ,0087]from +3mbar/s to +0mbar/s
1689892024:[PUMP  ,0378]Outflow calculated : 2651
1689892024:[BUOY  ,0089]need to transfer +14mL (pump during 21148ms)
1689892026:[PUMP  ,0016]pump during 21148ms
1689892047:[PUMP  ,0212]battery 14452mV, 1273558uA (steady state), P+300636mbar
1689892951:[MAIN  ,0140]stage[2] complete -23781s after mission start
1689892951:[MAIN  ,0056]stage[3]
1689892953:[MAIN  ,0024]internal pressure 77719Pa
1689892954:[BUOY  ,0037]P+300386mbar
1689892954:[SBE   ,0391]Mode changed from SLEEP to UPDATE
1689892956:[BUOY  ,0087]from +0mbar/s to -10mbar/s
1689892956:[PUMP  ,0378]Outflow calculated : 2652
1689892956:[BUOY  ,0089]need to transfer +160mL (pump during 240964ms)
1689892957:[PUMP  ,0016]pump during 60000ms
1689892958:[SBE   ,0391]Mode changed from UPDATE to START
1689893016:[PUMP  ,0212]battery 14512mV, 1280024uA (steady state), P+300406mbar
1689893282:[BUOY  ,0087]from -5mbar/s to -10mbar/s
1689893282:[PUMP  ,0378]Outflow calculated : 2649
1689893282:[BUOY  ,0089]need to transfer +120mL (pump during 186047ms)
1689893284:[PUMP  ,0016]pump during 60000ms
1689893284:[SBE   ,0384]Start profil acquisitions
1689893284:[SBE   ,0391]Mode changed from START to PROFILING
1689893343:[PUMP  ,0212]battery 14335mV, 1313818uA (steady state), P+299166mbar
1689893609:[BUOY  ,0087]from -6mbar/s to -10mbar/s
1689893609:[PUMP  ,0378]Outflow calculated : 2650
1689893609:[BUOY  ,0089]need to transfer +102mL (pump during 158140ms)
1689893610:[PUMP  ,0016]pump during 60000ms
1689893669:[PUMP  ,0212]battery 14302mV, 1280146uA (steady state), P+297216mbar
1689893935:[BUOY  ,0087]from -7mbar/s to -10mbar/s
1689893935:[PUMP  ,0378]Outflow calculated : 2652
1689893935:[BUOY  ,0089]need to transfer +82mL (pump during 126935ms)
1689893936:[PUMP  ,0016]pump during 60000ms
1689893995:[PUMP  ,0212]battery 14298mV, 1270142uA (steady state), P+294816mbar
1689894237:[PRESS ,0038]P+292386mbar,T+32767mdegC
1689894261:[BUOY  ,0087]from -8mbar/s to -10mbar/s
1689894261:[PUMP  ,0378]Outflow calculated : 2654
1689894261:[BUOY  ,0089]need to transfer +58mL (pump during 88821ms)
1689894263:[PUMP  ,0016]pump during 60000ms
1689894322:[PUMP  ,0212]battery 14297mV, 1258308uA (steady state), P+292196mbar
1689894588:[BUOY  ,0087]from -8mbar/s to -10mbar/s
1689894588:[PUMP  ,0378]Outflow calculated : 2656
1689894588:[BUOY  ,0089]need to transfer +58mL (pump during 88685ms)
1689894589:[PUMP  ,0016]pump during 60000ms
1689894648:[PUMP  ,0212]battery 14296mV, 1253550uA (steady state), P+289356mbar
1689894889:[PRESS ,0038]P+286626mbar,T+32767mdegC
1689895239:[BUOY  ,0087]from -8mbar/s to -10mbar/s
1689895239:[PUMP  ,0378]Outflow calculated : 2659
1689895239:[BUOY  ,0089]need to transfer +58mL (pump during 88957ms)
1689895240:[PUMP  ,0016]pump during 60000ms
1689895299:[PUMP  ,0212]battery 14415mV, 1241106uA (steady state), P+283476mbar
1689895541:[PRESS ,0038]P+280776mbar,T+32767mdegC
1689895566:[BUOY  ,0087]from -9mbar/s to -10mbar/s
1689895566:[PUMP  ,0378]Outflow calculated : 2661
1689895566:[BUOY  ,0089]need to transfer +30mL (pump during 46038ms)
1689895567:[PUMP  ,0016]pump during 46038ms
1689895613:[PUMP  ,0212]battery 14321mV, 1225368uA (steady state), P+280536mbar
1689895892:[BUOY  ,0087]from -9mbar/s to -10mbar/s
1689895892:[PUMP  ,0378]Outflow calculated : 2663
1689895892:[BUOY  ,0089]need to transfer +30mL (pump during 46004ms)
1689895893:[PUMP  ,0016]pump during 46004ms
1689895938:[PUMP  ,0212]battery 14331mV, 1208532uA (steady state), P+277366mbar
1689896194:[PRESS ,0038]P+274596mbar,T+32767mdegC
1689896218:[BUOY  ,0087]from -9mbar/s to -10mbar/s
1689896218:[PUMP  ,0378]Outflow calculated : 2664
1689896218:[BUOY  ,0089]need to transfer +30mL (pump during 46134ms)
1689896220:[PUMP  ,0016]pump during 46134ms
1689896266:[PUMP  ,0212]battery 14336mV, 1192550uA (steady state), P+274356mbar
1689896545:[BUOY  ,0087]from -9mbar/s to -10mbar/s
1689896545:[PUMP  ,0378]Outflow calculated : 2666
1689896545:[BUOY  ,0089]need to transfer +30mL (pump during 46099ms)
1689896546:[PUMP  ,0016]pump during 46099ms
1689896592:[PUMP  ,0212]battery 14340mV, 1182302uA (steady state), P+271206mbar
1689896846:[PRESS ,0038]P+268096mbar,T+32767mdegC
1689897496:[PRESS ,0038]P+261556mbar,T+32767mdegC
1689897521:[BUOY  ,0087]from -9mbar/s to -10mbar/s
1689897521:[PUMP  ,0378]Outflow calculated : 2675
1689897521:[BUOY  ,0089]need to transfer +30mL (pump during 45082ms)
1689897522:[PUMP  ,0016]pump during 45082ms
1689897567:[PUMP  ,0212]battery 14501mV, 1155462uA (steady state), P+261346mbar
1689898147:[PRESS ,0038]P+254956mbar,T+32767mdegC
1689898797:[PRESS ,0038]P+248486mbar,T+32767mdegC
1689899447:[PRESS ,0038]P+242056mbar,T+32767mdegC
1689899472:[BUOY  ,0087]from -9mbar/s to -10mbar/s
1689899472:[PUMP  ,0378]Outflow calculated : 2687
1689899472:[BUOY  ,0089]need to transfer +30mL (pump during 44531ms)
1689899473:[PUMP  ,0016]pump during 44531ms
1689899517:[PUMP  ,0212]battery 14571mV, 1079944uA (steady state), P+241826mbar
1689900098:[PRESS ,0038]P+235796mbar,T+32767mdegC
1689900748:[PRESS ,0038]P+229176mbar,T+32767mdegC
1689901398:[PRESS ,0038]P+222326mbar,T+32767mdegC
1689902048:[PRESS ,0038]P+215446mbar,T+32767mdegC
1689902698:[PRESS ,0038]P+208736mbar,T+32767mdegC
1689903347:[PRESS ,0038]P+202126mbar,T+32767mdegC
1689903697:[BUOY  ,0087]from -9mbar/s to -10mbar/s
1689903697:[PUMP  ,0378]Outflow calculated : 2713
1689903697:[BUOY  ,0089]need to transfer +30mL (pump during 43953ms)
1689903698:[PUMP  ,0016]pump during 43953ms
1689903741:[PUMP  ,0212]battery 14620mV,  934886uA (steady state), P+198486mbar
1689903999:[PRESS ,0038]P+195026mbar,T+32767mdegC
1689904648:[PRESS ,0038]P+188056mbar,T+32767mdegC
1689905298:[PRESS ,0038]P+181576mbar,T+32767mdegC
1689905323:[BUOY  ,0087]from -9mbar/s to -10mbar/s
1689905323:[PUMP  ,0378]Outflow calculated : 2723
1689905323:[BUOY  ,0089]need to transfer +30mL (pump during 43916ms)
1689905324:[PUMP  ,0016]pump during 43916ms
1689905367:[PUMP  ,0212]battery 14623mV,  870836uA (steady state), P+181356mbar
1689905950:[PRESS ,0038]P+175126mbar,T+32767mdegC
1689906599:[PRESS ,0038]P+168346mbar,T+32767mdegC
1689907249:[PRESS ,0038]P+161666mbar,T+32767mdegC
1689907899:[PRESS ,0038]P+155246mbar,T+32767mdegC
1689907924:[BUOY  ,0087]from -9mbar/s to -10mbar/s
1689907924:[PUMP  ,0378]Outflow calculated : 2739
1689907924:[BUOY  ,0089]need to transfer +30mL (pump during 43599ms)
1689907925:[PUMP  ,0016]pump during 43599ms
1689907968:[PUMP  ,0212]battery 14671mV,  778970uA (steady state), P+155006mbar
1689908550:[PRESS ,0038]P+149066mbar,T+32767mdegC
1689908575:[BUOY  ,0087]from -9mbar/s to -10mbar/s
1689908575:[PUMP  ,0378]Outflow calculated : 2742
1689908575:[BUOY  ,0089]need to transfer +30mL (pump during 44212ms)
1689908576:[PUMP  ,0016]pump during 44212ms
1689908620:[PUMP  ,0212]battery 14608mV,  753838uA (steady state), P+148836mbar
1689908901:[BUOY  ,0087]from -9mbar/s to -10mbar/s
1689908901:[PUMP  ,0378]Outflow calculated : 2744
1689908902:[BUOY  ,0089]need to transfer +30mL (pump during 44179ms)
1689908903:[PUMP  ,0016]pump during 44179ms
1689908947:[PUMP  ,0212]battery 14531mV,  745298uA (steady state), P+145756mbar
1689909203:[PRESS ,0038]P+142596mbar,T+32767mdegC
1689909853:[PRESS ,0038]P+135406mbar,T+32767mdegC
1689910503:[PRESS ,0038]P+128196mbar,T+32767mdegC
1689911152:[PRESS ,0038]P+121026mbar,T+32767mdegC
1689911802:[PRESS ,0038]P+114206mbar,T+32767mdegC
1689912452:[PRESS ,0038]P+107886mbar,T+32767mdegC
1689912802:[BUOY  ,0087]from -9mbar/s to -10mbar/s
1689912802:[PUMP  ,0378]Outflow calculated : 2769
1689912802:[BUOY  ,0089]need to transfer +30mL (pump during 43076ms)
1689912803:[PUMP  ,0016]pump during 43076ms
1689912846:[PUMP  ,0212]battery 14756mV,  578524uA (steady state), P+104686mbar
1689913103:[PRESS ,0038]P+101886mbar,T+32767mdegC
1689913128:[BUOY  ,0087]from -9mbar/s to -10mbar/s
1689913128:[PUMP  ,0378]Outflow calculated : 2771
1689913128:[BUOY  ,0089]need to transfer +30mL (pump during 43045ms)
1689913130:[PUMP  ,0016]pump during 43045ms
1689913173:[PUMP  ,0212]battery 14651mV,  581086uA (steady state), P+101646mbar
1689913755:[PRESS ,0038]P +95046mbar,T+32767mdegC
1689914405:[PRESS ,0038]P +88566mbar,T+32767mdegC
1689915054:[PRESS ,0038]P +82296mbar,T+32767mdegC
1689915079:[BUOY  ,0087]from -8mbar/s to -10mbar/s
1689915079:[PUMP  ,0378]Outflow calculated : 2783
1689915079:[BUOY  ,0089]need to transfer +58mL (pump during 83095ms)
1689915080:[PUMP  ,0016]pump during 60000ms
1689915139:[PUMP  ,0212]battery 14772mV,  497638uA (steady state), P +82076mbar
1689915706:[PRESS ,0038]P +75816mbar,T+32767mdegC
1689916355:[PRESS ,0038]P +68866mbar,T+32767mdegC
1689916705:[BUOY  ,0087]from -9mbar/s to -10mbar/s
1689916705:[PUMP  ,0378]Outflow calculated : 2793
1689916705:[BUOY  ,0089]need to transfer +30mL (pump during 42805ms)
1689916706:[PUMP  ,0016]pump during 42805ms
1689916748:[PUMP  ,0212]battery 14797mV,  439078uA (steady state), P +65516mbar
1689917007:[PRESS ,0038]P +62406mbar,T+32767mdegC
1689917657:[PRESS ,0038]P +55416mbar,T+32767mdegC
1689918006:[BUOY  ,0087]from -9mbar/s to -10mbar/s
1689918006:[PUMP  ,0378]Outflow calculated : 2801
1689918006:[BUOY  ,0089]need to transfer +30mL (pump during 42700ms)
1689918008:[PUMP  ,0016]pump during 42700ms
1689918050:[PUMP  ,0212]battery 14825mV,  388448uA (steady state), P +52256mbar
1689918308:[PRESS ,0038]P +49246mbar,T+32767mdegC
1689918958:[PRESS ,0038]P +42346mbar,T+32767mdegC
1689919607:[PRESS ,0038]P +35836mbar,T+32767mdegC
1689919957:[BUOY  ,0087]from -9mbar/s to -10mbar/s
1689919957:[PUMP  ,0378]Outflow calculated : 2813
1689919957:[BUOY  ,0089]need to transfer +30mL (pump during 42410ms)
1689919958:[PUMP  ,0016]pump during 42410ms
1689920000:[PUMP  ,0212]battery 14905mV,  310368uA (steady state), P +32366mbar
1689920259:[PRESS ,0038]P +29256mbar,T+32767mdegC
1689920909:[PRESS ,0038]P +22776mbar,T+32767mdegC
1689920933:[BUOY  ,0087]from -9mbar/s to -10mbar/s
1689920933:[PUMP  ,0378]Outflow calculated : 2819
1689920933:[BUOY  ,0089]need to transfer +30mL (pump during 42337ms)
1689920935:[PUMP  ,0016]pump during 42337ms
1689920977:[PUMP  ,0212]battery 14928mV,  263154uA (steady state), P +22566mbar
1689921560:[PRESS ,0038]P +16326mbar,T+32767mdegC
1689921585:[BUOY  ,0087]from -9mbar/s to -10mbar/s
1689921585:[PUMP  ,0378]Outflow calculated : 2822
1689921585:[BUOY  ,0089]need to transfer +30mL (pump during 42368ms)
1689921586:[PUMP  ,0016]pump during 42368ms
1689921628:[PUMP  ,0212]battery 14943mV,  230092uA (steady state), P +16096mbar
1689921911:[BUOY  ,0087]from -9mbar/s to -10mbar/s
1689921911:[PUMP  ,0378]Outflow calculated : 2824
1689921911:[BUOY  ,0089]need to transfer +30mL (pump during 42343ms)
1689921912:[PUMP  ,0016]pump during 42343ms
1689921954:[PUMP  ,0212]battery 14922mV,  225578uA (steady state), P +12886mbar
1689922213:[PRESS ,0038]P  +9576mbar,T+32767mdegC
1689922562:[BUOY  ,0087]from -9mbar/s to -10mbar/s
1689922562:[PUMP  ,0378]Outflow calculated : 2828
1689922562:[BUOY  ,0089]need to transfer +30mL (pump during 42199ms)
1689922564:[PUMP  ,0016]pump during 42199ms
1689922606:[PUMP  ,0212]battery 14972mV,  193004uA (steady state), P  +6226mbar
1689922864:[PRESS ,0038]P  +3496mbar,T+32767mdegC
1689922889:[BUOY  ,0087]from -8mbar/s to -10mbar/s
1689922889:[PUMP  ,0378]Outflow calculated : 2830
1689922889:[BUOY  ,0089]need to transfer +58mL (pump during 81575ms)
1689922890:[PUMP  ,0016]pump during 60000ms
1689922949:[PUMP  ,0212]battery 14963mV,  192760uA (steady state), P  +3306mbar
1689923215:[STAGE ,0214]406mbar (500) reached at 1689923215s, ascending from 300386mbar
1689923215:[STAGE ,0342]The float reached the surface : OK
1689923215:[MAIN  ,0140]stage[3] complete 6483s after mission start
1689923216:[SBE   ,0391]Mode changed from PROFILING to SLEEP
1689923217:[SBE   ,0391]Mode changed from SLEEP to STOP
1689923396:[SBE   ,0391]Mode changed from STOP to SLEEP
1689923397:[SBE   ,0391]Mode changed from SLEEP to DUMP
1689923398:[SBE   ,0343]SBE dump : 503 stored samples in hexa format
1689923414:[SBE   ,0338]Dump finished
1689923414:[SBE   ,0388]503 samples in 0100/64B9B859.S61
1689923414:[SBE   ,0391]Mode changed from DUMP to SLEEP
1689923414:[MRMAID,0188]acq already stopped
1689923414:[MSSION,0192]mission stopped, 4 stage(s) done
1689923414:[MAIN  ,0065]surfacing
1689923416:[SURFIN,0036]P   -214mbar
1689923418:[SURFIN,0020]filling external bladder
1689923419:[PUMP  ,0016]pump during 30000ms
1689923448:[PUMP  ,0212]battery 14570mV, 1377380uA (steady state), P   -194mbar
1689923466:[PUMP  ,0016]pump during 30000ms
1689923495:[PUMP  ,0212]battery 14853mV,   13054uA (steady state), P   -194mbar
1689923512:[PUMP  ,0016]pump during 30000ms
1689923541:[PUMP  ,0212]battery 14712mV,   13176uA (steady state), P   -194mbar
1689923558:[PUMP  ,0019]external bladder full
1689923621:[MAIN  ,0272]Vbat 14787mV (min 14392mV)
1689923623:[MAIN  ,0024]internal pressure 75303Pa
1689923623:[MAIN  ,0043]Pext 283mbar (rng 30mbar)
1689923623:[MAIN  ,0064]surface
1689923634:[SURF  ,0022]GPS fix...
1689923696:[SURF  ,0015]10 PPS detected...
1689923698:[MRMAID,0052]$GPSACK:+0,+0,+0,+0,+0,-1,-233154;
1689923708:[MRMAID,0052]$GPSOFF:3686332;
1689923710:[GPSFIX,0179]-12s diff
1689923722:[SURF  ,0222]2023-07-21T07:15:22
1689923722:[SURF  ,0082]N29deg32.473mn, E142deg03.328mn
1689923722:[SURF  ,0084]hdop 2.510, vdop 2.060
1689923732:[SURF  ,0274]last almanac : 8536404
1689924911:[MRMAID,0026]107828 bytes in 0100/64BA341B.MER
1689924917:[MAIN  ,0320]New pressure offset: 283mbar
1689924918:[SBE   ,0391]Mode changed from SLEEP to RESETOFFSET
1689924979:[SBE   ,0339]new offset = -2.13 received after 63s
1689924979:[SBE   ,0391]Mode changed from RESETOFFSET to SLEEP
1689924980:[MAIN  ,0078]*** switching to 0100/64BA3574 ***
