1687337975:[MAIN  ,0007]buoy 467.174-T-0100
1687337975:[MAIN  ,0055]soft pilotage 467.174.300_V2.67-20230503
1687337975:[MAIN  ,0010]cycle 2
1687337975:[SURF  ,0225]surface2
1687337988:[SURF  ,0022]GPS fix...
1687338008:[SURF  ,0015]10 PPS detected...
1687338009:[MRMAID,0052]$GPSACK:+0,+0,+0,+0,+0,+0,+0;
1687338019:[MRMAID,0052]$GPSOFF:3686333;
1687338021:[GPSFIX,0179]-1s diff
1687338022:[SURF  ,0222]2023-06-21T09:00:22
1687338022:[SURF  ,0082]N29deg38.092mn, E141deg35.859mn
1687338022:[SURF  ,0084]hdop 0.710, vdop 1.720
1687338032:[SURF  ,0025]Iridium...
1687338033:[MODEM ,0347]<ERR>ping error
1687338033:[SURF  ,0023]<WARN>failed to connect #1, code -1, net -1, qual -1, dial -1
1687338251:[SURF  ,0023]<WARN>failed to connect #2, code -8, net 1, qual 4, dial 1
1687338336:[SURF  ,0009]connected in 304s, signal quality 2
1687338468:[SURF  ,0218]prompt received, remote cmd end
1687338468:[SURF  ,0012]21 cmd(s) received
1687338487:[UPLOAD,0248]Upload data files...
1687338547:[UPLOAD,0231]"0100/64921D78.S61" uploaded at 64bytes/s
1687338562:[UPLOAD,0231]"0100/6492BBAB.MER" uploaded at 129bytes/s
1687338801:[UPLOAD,0231]"0100/6491453E.BIN" uploaded at 54bytes/s
1687338921:[ZIO   ,0240]"NO CARRIER" received, aborting
1687338942:[SURF  ,0014]disconnected after 910s
1687338947:[SURFIN,0020]filling external bladder
1687338948:[PUMP  ,0016]pump during 30000ms
1687338949:[PUMP  ,0019]external bladder full
1687338949:[SURF  ,0069]transfer interrupted , retry
1687338960:[SURF  ,0022]GPS fix...
1687338980:[SURF  ,0015]10 PPS detected...
1687338981:[MRMAID,0052]$GPSACK:+0,+0,+0,+0,+0,+1,-999816;
1687338991:[MRMAID,0052]$GPSOFF:3686332;
1687338993:[GPSFIX,0179]-1s diff
1687338994:[SURF  ,0222]2023-06-21T09:16:34
1687338994:[SURF  ,0082]N29deg38.035mn, E141deg35.535mn
1687338994:[SURF  ,0084]hdop 0.570, vdop 0.970
1687339004:[SURF  ,0025]Iridium...
1687339039:[SURF  ,0009]connected in 35s, signal quality 5
1687339142:[SURF  ,0218]prompt received, remote cmd end
1687339142:[SURF  ,0012]20 cmd(s) received
1687339165:[UPLOAD,0248]Upload data files...
1687339638:[SURF  ,0014]disconnected after 634s
1687339644:[SURFIN,0020]filling external bladder
1687339645:[PUMP  ,0019]external bladder full
1687339645:[SURF  ,0069]transfer interrupted , retry
1687339656:[SURF  ,0022]GPS fix...
1687339676:[SURF  ,0015]10 PPS detected...
1687339677:[MRMAID,0052]$GPSACK:+0,+0,+0,+0,+0,+1,-999908;
1687339687:[MRMAID,0052]$GPSOFF:3686331;
1687339689:[GPSFIX,0179]-1s diff
1687339690:[SURF  ,0222]2023-06-21T09:28:10
1687339690:[SURF  ,0082]N29deg38.003mn, E141deg35.311mn
1687339690:[SURF  ,0084]hdop 0.540, vdop 0.960
1687339700:[SURF  ,0025]Iridium...
1687339750:[SURF  ,0009]connected in 50s, signal quality 5
1687339849:[SURF  ,0218]prompt received, remote cmd end
1687339849:[SURF  ,0012]20 cmd(s) received
1687339876:[UPLOAD,0248]Upload data files...
1687339967:[UPLOAD,0231]"0100/647846C1.MER" uploaded at 61bytes/s
1687339979:[UPLOAD,0231]"0100/64784930.BIN" uploaded at 57bytes/s
1687340004:[UPLOAD,0231]"0100/64816536.BIN" uploaded at 104bytes/s
1687340415:[SURF  ,0014]disconnected after 715s
1687340420:[SURFIN,0020]filling external bladder
1687340421:[PUMP  ,0016]pump during 30000ms
1687340422:[PUMP  ,0019]external bladder full
1687340422:[SURF  ,0069]transfer interrupted , retry
1687340433:[SURF  ,0022]GPS fix...
1687340453:[SURF  ,0015]10 PPS detected...
1687340454:[MRMAID,0052]$GPSACK:+0,+0,+0,+0,+0,+0,+0;
1687340464:[MRMAID,0052]$GPSOFF:3686331;
1687340466:[GPSFIX,0179]-1s diff
1687340467:[SURF  ,0222]2023-06-21T09:41:07
1687340467:[SURF  ,0082]N29deg37.978mn, E141deg35.077mn
1687340467:[SURF  ,0084]hdop 0.530, vdop 1.010
1687340477:[SURF  ,0025]Iridium...
1687340513:[SURF  ,0009]connected in 36s, signal quality 5
1687340609:[SURF  ,0218]prompt received, remote cmd end
1687340609:[SURF  ,0012]20 cmd(s) received
1687340633:[UPLOAD,0248]Upload data files...
1687340677:[UPLOAD,0231]"0100/6481688A.BIN" uploaded at 56bytes/s
1687340701:[UPLOAD,0231]"0100/64816969.MER" uploaded at 74bytes/s
1687340744:[UPLOAD,0231]"0100/648169B4.BIN" uploaded at 129bytes/s
1687340758:[MAIN  ,0013]3 file(s) uploaded
1687340789:[SURF  ,0014]disconnected after 312s
1687340794:[SURF  ,0227]1st complete transfer
1687340794:[SURF  ,0226]Go dive
1687340805:[SURF  ,0022]GPS fix...
1687340825:[SURF  ,0015]10 PPS detected...
1687340826:[MRMAID,0052]$GPSACK:+0,+0,+0,+0,+0,+1,-999969;
1687340836:[MRMAID,0052]$GPSOFF:3686331;
1687340838:[GPSFIX,0179]-1s diff
1687340839:[SURF  ,0222]2023-06-21T09:47:19
1687340839:[SURF  ,0082]N29deg37.970mn, E141deg34.961mn
1687340839:[SURF  ,0084]hdop 0.490, vdop 0.900
1687340856:[MAIN  ,0024]internal pressure 77809Pa
1687340857:[BYCMD ,0120]    bypass 20000ms 120000ms (20000ms 60000ms stored)
1687340857:[BYCMD ,0121]    valve 60000ms 12750 (60000ms 12750 stored)
1687340857:[BYCMD ,0376]    pump 60000ms 2832 8320 418 (60000ms 2832 8320 418 stored)
1687340857:[BYCMD ,0123]    rate 2mbar/s (2mbar/s stored)
1687340857:[BYCMD ,0124]    surface 500mbar (500mbar stored)
1687340857:[BYCMD ,0173]    near 7000mbar 2:2:3mbar/s (15000mbar 2:2:3mbar/s stored)
1687340857:[BYCMD ,0380]    middle 6mbar/s (6mbar/s stored)
1687340857:[BYCMD ,0126]    far 25000mbar 9mbar/s (25000mbar 9mbar/s stored)
1687340857:[BYCMD ,0127]    ascent 10mbar/s (10mbar/s stored)
1687340857:[BYCMD ,0128]    dead 300s (300s stored)
1687340857:[BYCMD ,0129]    coeff 16/10 (16/10 stored)
1687340857:[BYCMD ,0130]    stab 10 (10 stored)
1687340857:[BYCMD ,0131]    delay 900s 3600s (900s 3600s stored)
1687340857:[BYCMD ,0132]    mmtime 14400min (2880min stored)
1687340857:[BYCMD ,0133]    dv_landing 100ml (100ml stored)
1687340857:[BYCMD ,0381]    landing confirmation 5 (5 stored)
1687340857:[BYCMD ,0379]    cycle nb 1 (1 stored)
1687340857:[P2TCMD,0150]    p2t37: 15x2000ms, offset 262mbar
1687340858:[P2TCMD,0151]    p2t37: dp 5000mbar, dt 1000000mdegC
1687340858:[STAGE ,0080]Stage [0] 200000mbar (+/-5000mbar) 25200s (<25200s) 
1687340858:[STAGE ,0080]Stage [1] 200000mbar (+/-5000mbar) 770400s (<795600s) MERMAID SBE61 
1687340858:[PROFIL,0302]    manual_profil=1
1687340858:[PROFIL,0303]    manual_profil_rate=1 hours
1687340858:[STAGE ,0080]Stage [2] 400000mbar (+/-5000mbar) 25200s (<820800s) 
1687340858:[STAGE ,0091]Stage [3] surfacing 43200s (<864000s) SBE61 
1687340858:[PROFIL,0284]    speed_detection=1
1687340858:[PROFIL,0285]    bin_average_output=1
1687340858:[PROFIL,0287]    include_transition_bin=1
1687340858:[PROFIL,0304]    include_nbin=1
1687340858:[PROFIL,0301]    load_test_sample=0
1687340858:[PROFIL,0288]    p_cut_off=2dbar
1687340858:[PROFIL,0289]    top_bin_interval=2dbar
1687340858:[PROFIL,0290]    top_bin_size=2dbar
1687340858:[PROFIL,0291]    top_bin_max=100dbar
1687340858:[PROFIL,0292]    middle_bin_interval=10dbar
1687340858:[PROFIL,0293]    middle_bin_size=10dbar
1687340858:[PROFIL,0294]    middle_bin_max=4000dbar
1687340858:[PROFIL,0295]    bottom_bin_interval=50dbar
1687340858:[PROFIL,0296]    bottom_bin_size=50dbar
1687340858:[PROFIL,0297]    pump_time=0s
1687340858:[PROFIL,0298]    speed_start=2mbar/s
1687340858:[PROFIL,0299]    speed_control=10mbar/s
1687340858:[MAIN  ,0070]turn off bluetooth
1687340886:[DIVING,0141]diving from -42mbar, +0mbar/s
1687340886:[BYPASS,0035]bypass opening 120000ms
1687340891:[BYPASS,0104]battery 14713mV,  264862uA (bypass opening), P    -42mbar
1687341016:[BYPASS,0106]battery 14778mV,  302072uA (bypass closing), P    -42mbar
1687341042:[BYPASS,0035]bypass opening 20000ms
1687341048:[BYPASS,0104]battery 14800mV,  261324uA (bypass opening), P   -192mbar
1687341073:[BYPASS,0106]battery 14788mV,  300974uA (bypass closing), P   -192mbar
1687341099:[BYPASS,0035]bypass opening 20000ms
1687341104:[BYPASS,0104]battery 14808mV,  261934uA (bypass opening), P   -192mbar
1687341129:[BYPASS,0106]battery 14797mV,  300120uA (bypass closing), P   -192mbar
1687341156:[BYPASS,0035]bypass opening 20000ms
1687341161:[BYPASS,0104]battery 14818mV,  259616uA (bypass opening), P   -182mbar
1687341186:[BYPASS,0106]battery 14806mV,  299388uA (bypass closing), P   -182mbar
1687341300:[DIVING,0028]528mbar reached (+7mbar/s), 4 bypass done
1687341300:[MAIN  ,0056]stage[0]
1687341303:[MAIN  ,0024]internal pressure 81621Pa
1687341303:[BUOY  ,0037]P   +568mbar
1687341630:[BUOY  ,0087]from +6mbar/s to +9mbar/s
1687341630:[BUOY  ,0090]need to transfer -72mL (valve during 17000ms)
1687341630:[VALVE ,0034]valve opening 17000ms
1687341647:[VALVE ,0234]battery 14887mV,  499590uA, P  +2968mbar
1687342255:[PRESS ,0038]P  +8038mbar,T+32767mdegC
1687342280:[BUOY  ,0087]from +7mbar/s to +9mbar/s
1687342280:[BUOY  ,0090]need to transfer -52mL (valve during 7367ms)
1687342280:[VALVE ,0034]valve opening 7367ms
1687342288:[VALVE ,0234]battery 14966mV,  502152uA, P  +8208mbar
1687342905:[PRESS ,0038]P +13548mbar,T+32767mdegC
1687343555:[PRESS ,0038]P +18848mbar,T+32767mdegC
1687344205:[PRESS ,0038]P +24058mbar,T+32767mdegC
1687344855:[PRESS ,0038]P +29118mbar,T+32767mdegC
1687345204:[BUOY  ,0087]from +7mbar/s to +9mbar/s
1687345204:[BUOY  ,0090]need to transfer -52mL (valve during 3725ms)
1687345204:[VALVE ,0034]valve opening 3725ms
1687345208:[VALVE ,0234]battery 15131mV,  507764uA, P +31918mbar
1687345505:[PRESS ,0038]P +34608mbar,T+32767mdegC
1687346155:[PRESS ,0038]P +40218mbar,T+32767mdegC
1687346804:[PRESS ,0038]P +45518mbar,T+32767mdegC
1687347454:[PRESS ,0038]P +50878mbar,T+32767mdegC
1687347479:[BUOY  ,0087]from +7mbar/s to +9mbar/s
1687347479:[BUOY  ,0090]need to transfer -52mL (valve during 2947ms)
1687347479:[VALVE ,0034]valve opening 2947ms
1687347482:[VALVE ,0234]battery 15162mV,  510082uA, P +51048mbar
1687348104:[PRESS ,0038]P +56748mbar,T+32767mdegC
1687348754:[PRESS ,0038]P +62458mbar,T+32767mdegC
1687349404:[PRESS ,0038]P +68588mbar,T+32767mdegC
1687350053:[PRESS ,0038]P +74468mbar,T+32767mdegC
1687350703:[PRESS ,0038]P +80058mbar,T+32767mdegC
1687351353:[PRESS ,0038]P +85418mbar,T+32767mdegC
1687352003:[PRESS ,0038]P +90548mbar,T+32767mdegC
1687352653:[PRESS ,0038]P +96048mbar,T+32767mdegC
1687352677:[BUOY  ,0087]from +7mbar/s to +9mbar/s
1687352677:[BUOY  ,0090]need to transfer -52mL (valve during 2139ms)
1687352677:[VALVE ,0034]valve opening 2139ms
1687352680:[VALVE ,0234]battery 15158mV,  518866uA, P +96208mbar
1687353303:[PRESS ,0038]P+101778mbar,T+32767mdegC
1687353952:[PRESS ,0038]P+107438mbar,T+32767mdegC
1687354602:[PRESS ,0038]P+112688mbar,T+32767mdegC
1687355252:[PRESS ,0038]P+117718mbar,T+32767mdegC
1687355277:[BUOY  ,0087]from +7mbar/s to +9mbar/s
1687355277:[BUOY  ,0090]need to transfer -52mL (valve during 1933ms)
1687355277:[VALVE ,0034]valve opening 1933ms
1687355279:[VALVE ,0234]battery 15130mV,  522404uA, P+117888mbar
1687355902:[PRESS ,0038]P+123468mbar,T+32767mdegC
1687356552:[PRESS ,0038]P+129328mbar,T+32767mdegC
1687357202:[PRESS ,0038]P+135568mbar,T+32767mdegC
1687357851:[PRESS ,0038]P+142098mbar,T+32767mdegC
1687358501:[PRESS ,0038]P+148418mbar,T+32767mdegC
1687359151:[PRESS ,0038]P+154338mbar,T+32767mdegC
1687359801:[PRESS ,0038]P+160198mbar,T+32767mdegC
1687360451:[PRESS ,0038]P+165718mbar,T+32767mdegC
1687361100:[PRESS ,0038]P+170978mbar,T+32767mdegC
1687362075:[PRESS ,0038]P+178198mbar,T+32767mdegC
1687362100:[BUOY  ,0087]from +8mbar/s to +6mbar/s
1687362100:[PUMP  ,0378]Outflow calculated : 2727
1687362100:[BUOY  ,0089]need to transfer +44mL (pump during 63037ms)
1687362101:[PUMP  ,0016]pump during 60000ms
1687362160:[PUMP  ,0212]battery 14945mV,  809104uA (steady state), P+178388mbar
1687363051:[PRESS ,0038]P+185378mbar,T+32767mdegC
1687363401:[BUOY  ,0087]from +8mbar/s to +6mbar/s
1687363401:[PUMP  ,0378]Outflow calculated : 2720
1687363401:[BUOY  ,0089]need to transfer +44mL (pump during 64047ms)
1687363402:[PUMP  ,0016]pump during 60000ms
1687363461:[PUMP  ,0212]battery 14771mV,  848998uA (steady state), P+187898mbar
1687364027:[PRESS ,0038]P+191768mbar,T+32767mdegC
1687364377:[BUOY  ,0087]from +6mbar/s to +2mbar/s
1687364377:[PUMP  ,0378]Outflow calculated : 2716
1687364377:[BUOY  ,0089]need to transfer +52mL (pump during 76135ms)
1687364378:[PUMP  ,0016]pump during 60000ms
1687364437:[PUMP  ,0212]battery 14683mV,  869738uA (steady state), P+193908mbar
1687364703:[STAGE ,0213]195418mbar reached at 1687364703s, ref 200000mbar +/-5000mbar
1687364703:[BUOY  ,0087]from +5mbar/s to +0mbar/s
1687364703:[PUMP  ,0378]Outflow calculated : 2715
1687364703:[BUOY  ,0089]need to transfer +40mL (pump during 58565ms)
1687364705:[PUMP  ,0016]pump during 58565ms
1687364763:[PUMP  ,0212]battery 14507mV,  871812uA (steady state), P+195418mbar
1687365330:[PRESS ,0038]P+196808mbar,T+32767mdegC
1687366531:[MAIN  ,0140]stage[0] complete 25231s after mission start
1687366531:[MAIN  ,0056]stage[1]
1687366533:[MAIN  ,0024]internal pressure 78106Pa
1687366534:[MRMAID,0002]acq started
1687366535:[SBE   ,0391]Mode changed from SLEEP to UPDATE
1687366535:[BUOY  ,0037]P+198578mbar
1687366537:[STAGE ,0213]198578mbar reached at 1687366537s, ref 200000mbar +/-5000mbar
1687366539:[SBE   ,0391]Mode changed from UPDATE to START
1687366539:[SBE   ,0385]Start manual acquisitions
1687366539:[SBE   ,0391]Mode changed from START to PROFILING
1687366574:[SBE61 ,0396]P +19886,T +19972,S +34578
1687366584:[MRMAID,0184]acq already started
1687366587:[MRMAID,0059]stop canceled
1687367738:[BUOY  ,0087]from +1mbar/s to +0mbar/s
1687367738:[PUMP  ,0378]Outflow calculated : 2713
1687367738:[BUOY  ,0089]need to transfer +2mL (pump during 2910ms)
1687367738:[MRMAID,0052]$STO$MEASFS,46060,1151.091919,40.014181;
1687367739:[PUMP  ,0016]pump during 2910ms
1687367741:[MRMAID,0185]8 spurious byte(s) received
1687367744:[MRMAID,0002]acq started
1687368065:[BUOY  ,0087]from +2mbar/s to +0mbar/s
1687368065:[PUMP  ,0378]Outflow calculated : 2713
1687368065:[BUOY  ,0089]need to transfer +6mL (pump during 8726ms)
1687368065:[MRMAID,0003]acq stopped
1687368067:[PUMP  ,0016]pump during 8726ms
1687368075:[PUMP  ,0212]battery 14782mV,  838994uA (steady state), P+200618mbar
1687368077:[MRMAID,0002]acq started
1687370147:[MRMAID,0052]$STO$MEASFS,80751,2018.058960,40.014193;
1687370149:[MRMAID,0185]8 spurious byte(s) received
1687370183:[SBE61 ,0396]P +20112,T +19725,S +34583
1687370184:[MRMAID,0002]acq started
1687373747:[MRMAID,0003]acq stopped
1687373747:[MRMAID,0052]$MEASFS,140458,3510.203247,40.014207;
1687373783:[SBE61 ,0396]P +20032,T +19323,S +34589
1687373784:[MRMAID,0002]acq started
1687376319:[MRMAID,0027]2014dbar, 33degC
1687376496:[BUOY  ,0087]from +1mbar/s to +0mbar/s
1687376496:[PUMP  ,0378]Outflow calculated : 2713
1687376496:[BUOY  ,0089]need to transfer +2mL (pump during 2898ms)
1687376496:[MRMAID,0003]acq stopped
1687376496:[MRMAID,0052]$MEASFS,106430,2659.804382,40.014221;
1687376498:[PUMP  ,0016]pump during 2898ms
1687376502:[MRMAID,0002]acq started
1687377347:[MRMAID,0052]$$MEASFS,31680,791.718414,40.014227;
1687377348:[MRMAID,0185]11 spurious byte(s) received
1687377382:[SBE61 ,0396]P +20149,T +19202,S +34590
1687377383:[MRMAID,0002]acq started
1687380956:[MRMAID,0003]acq stopped
1687380956:[MRMAID,0052]$MEASFS,140858,3520.197388,40.014233;
1687380992:[SBE61 ,0396]P +20182,T +19209,S +34590
1687380993:[MRMAID,0002]acq started
1687384556:[MRMAID,0003]acq stopped
1687384556:[MRMAID,0052]$MEASFS,140455,3510.125244,40.014242;
1687384591:[SBE61 ,0396]P +20126,T +19171,S +34592
1687384593:[MRMAID,0002]acq started
1687386428:[PRESS ,0038]P+201858mbar,T+32767mdegC
1687388156:[MRMAID,0003]acq stopped
1687388156:[MRMAID,0052]$MEASFS,140458,3510.199646,40.014248;
1687388191:[SBE61 ,0396]P +20245,T +19149,S +34591
1687388192:[MRMAID,0002]acq started
1687391765:[MRMAID,0003]acq stopped
1687391765:[MRMAID,0052]$MEASFS,140857,3520.170654,40.014253;
1687391801:[SBE61 ,0396]P +20205,T +19130,S +34592
1687391802:[MRMAID,0002]acq started
1687395365:[MRMAID,0003]acq stopped
1687395365:[MRMAID,0052]$MEASFS,140449,3509.973938,40.014257;
1687395400:[SBE61 ,0396]P +20342,T +19113,S +34593
1687395402:[MRMAID,0002]acq started
1687397986:[MRMAID,0027]2029dbar, 33degC
1687398974:[MRMAID,0003]acq stopped
1687398975:[MRMAID,0052]$MEASFS,140860,3520.244995,40.014260;
1687399010:[SBE61 ,0396]P +20371,T +19156,S +34592
1687399011:[MRMAID,0002]acq started
1687402574:[MRMAID,0003]acq stopped
1687402574:[MRMAID,0052]$MEASFS,140470,3510.498291,40.014262;
1687402610:[SBE61 ,0396]P +20326,T +19210,S +34591
1687402611:[MRMAID,0002]acq started
1687406174:[MRMAID,0003]acq stopped
1687406174:[MRMAID,0052]$MEASFS,140460,3510.248200,40.014265;
1687406209:[SBE61 ,0396]P +20356,T +19207,S +34591
1687406210:[MRMAID,0002]acq started
1687407843:[MRMAID,0027]2038dbar, 33degC
1687409783:[MRMAID,0052]$MEASFS,140856,3520.144531,40.014266;
1687409785:[MRMAID,0003]acq stopped
1687409819:[SBE61 ,0396]P +20436,T +19213,S +34591
1687409820:[MRMAID,0002]acq started
1687413383:[MRMAID,0003]acq stopped
1687413383:[MRMAID,0052]$MEASFS,140459,3510.222992,40.014267;
1687413418:[SBE61 ,0396]P +20341,T +19208,S +34591
1687413420:[MRMAID,0002]acq started
1687416983:[MRMAID,0003]acq stopped
1687416983:[MRMAID,0052]$MEASFS,140455,3510.123016,40.014267;
1687417018:[SBE61 ,0396]P +20442,T +19208,S +34590
1687417019:[MRMAID,0002]acq started
1687420592:[MRMAID,0003]acq stopped
1687420592:[MRMAID,0052]$MEASFS,140857,3520.169281,40.014269;
1687420628:[SBE61 ,0396]P +20412,T +19232,S +34588
1687420629:[MRMAID,0002]acq started
1687424192:[MRMAID,0003]acq stopped
1687424192:[MRMAID,0052]$MEASFS,140458,3510.197785,40.014269;
1687424227:[SBE61 ,0396]P +20521,T +19223,S +34590
1687424229:[MRMAID,0002]acq started
1687427802:[MRMAID,0003]acq stopped
1687427802:[MRMAID,0052]$MEASFS,140857,3520.169220,40.014270;
1687427837:[SBE61 ,0396]P +20415,T +19212,S +34590
1687427838:[MRMAID,0002]acq started
1687431401:[MRMAID,0003]acq stopped
1687431401:[MRMAID,0052]$MEASFS,140461,3510.272674,40.014270;
1687431437:[SBE61 ,0396]P +20318,T +19103,S +34591
1687431438:[MRMAID,0002]acq started
1687435001:[MRMAID,0003]acq stopped
1687435001:[MRMAID,0052]$MEASFS,140456,3510.147705,40.014271;
1687435036:[SBE61 ,0396]P +20476,T +18834,S +34596
1687435037:[MRMAID,0002]acq started
1687438610:[MRMAID,0003]acq stopped
1687438610:[MRMAID,0052]$MEASFS,140859,3520.219086,40.014271;
1687438646:[SBE61 ,0396]P +20472,T +18806,S +34597
1687438647:[MRMAID,0002]acq started
1687441903:[MRMAID,0027]2044dbar, 33degC
1687442210:[MRMAID,0003]acq stopped
1687442210:[MRMAID,0052]$MEASFS,140456,3510.147645,40.014271;
1687442245:[SBE61 ,0396]P +20502,T +18802,S +34596
1687442247:[MRMAID,0002]acq started
1687442856:[BUOY  ,0087]from +0mbar/s to -2mbar/s
1687442856:[PUMP  ,0378]Outflow calculated : 2710
1687442856:[BUOY  ,0089]need to transfer +6mL (pump during 8745ms)
1687442856:[MRMAID,0003]acq stopped
1687442857:[PUMP  ,0016]pump during 8745ms
1687442866:[PUMP  ,0212]battery 14632mV,  926224uA (steady state), P+205108mbar
1687442868:[MRMAID,0002]acq started
1687443183:[BUOY  ,0087]from -1mbar/s to -2mbar/s
1687443183:[PUMP  ,0378]Outflow calculated : 2710
1687443183:[BUOY  ,0089]need to transfer +4mL (pump during 5851ms)
1687443183:[MRMAID,0003]acq stopped
1687443185:[PUMP  ,0016]pump during 5851ms
1687443190:[PUMP  ,0212]battery 14597mV,  942816uA (steady state), P+205028mbar
1687443192:[MRMAID,0002]acq started
1687445810:[MRMAID,0003]acq stopped
1687445810:[MRMAID,0052]$MEASFS,102642,2565.134796,40.014271;
1687445845:[SBE61 ,0396]P +20327,T +19213,S +34590
1687445846:[MRMAID,0002]acq started
1687449419:[MRMAID,0003]acq stopped
1687449419:[MRMAID,0052]$MEASFS,140858,3520.194031,40.014272;
1687449455:[SBE61 ,0396]P +20125,T +19454,S +34586
1687449456:[MRMAID,0002]acq started
1687453019:[MRMAID,0003]acq stopped
1687453019:[MRMAID,0052]$MEASFS,140459,3510.222595,40.014272;
1687453054:[SBE61 ,0396]P +20037,T +19756,S +34581
1687453056:[MRMAID,0002]acq started
1687456629:[MRMAID,0003]acq stopped
1687456629:[MRMAID,0052]$MEASFS,140858,3520.194062,40.014271;
1687456664:[SBE61 ,0396]P +19966,T +19700,S +34582
1687456665:[MRMAID,0002]acq started
1687460228:[MRMAID,0003]acq stopped
1687460228:[MRMAID,0052]$MEASFS,140458,3510.197662,40.014271;
1687460264:[SBE61 ,0396]P +19946,T +19650,S +34583
1687460265:[MRMAID,0002]acq started
1687463828:[MRMAID,0003]acq stopped
1687463828:[MRMAID,0052]$MEASFS,140457,3510.172668,40.014271;
1687463863:[SBE61 ,0396]P +19933,T +19596,S +34583
1687463864:[MRMAID,0002]acq started
1687465721:[BUOY  ,0087]from -1mbar/s to +0mbar/s
1687465721:[BUOY  ,0090]need to transfer -2mL (valve during 57ms)
1687465721:[MRMAID,0003]acq stopped
1687465721:[MRMAID,0052]$MEASFS,72191,1804.131317,40.014271;
1687465722:[VALVE ,0034]valve opening 57ms
1687465734:[MRMAID,0002]acq started
1687466958:[BUOY  ,0087]from +2mbar/s to +0mbar/s
1687466958:[PUMP  ,0378]Outflow calculated : 2713
1687466958:[BUOY  ,0089]need to transfer +6mL (pump during 8730ms)
1687466958:[MRMAID,0003]acq stopped
1687466958:[MRMAID,0185]28 spurious byte(s) received
1687466960:[PUMP  ,0016]pump during 8730ms
1687466968:[PUMP  ,0212]battery 14640mV,  917318uA (steady state), P+200588mbar
1687466970:[MRMAID,0002]acq started
1687467285:[BUOY  ,0087]from +2mbar/s to +0mbar/s
1687467286:[PUMP  ,0378]Outflow calculated : 2712
1687467286:[BUOY  ,0089]need to transfer +6mL (pump during 8767ms)
1687467286:[MRMAID,0003]acq stopped
1687467287:[PUMP  ,0016]pump during 8767ms
1687467295:[PUMP  ,0212]battery 14611mV,  917806uA (steady state), P+201158mbar
1687467297:[MRMAID,0002]acq started
1687467437:[MRMAID,0003]acq stopped
1687467473:[SBE61 ,0396]P +20147,T +19316,S +34588
1687467474:[MRMAID,0002]acq started
1687469714:[BUOY  ,0087]from -1mbar/s to +0mbar/s
1687469714:[BUOY  ,0090]need to transfer -2mL (valve during 57ms)
1687469714:[MRMAID,0003]acq stopped
1687469714:[MRMAID,0052]$MEASFS,87525,2187.344635,40.014271;
1687469714:[VALVE ,0034]valve opening 57ms
1687469726:[MRMAID,0002]acq started
1687470050:[BUOY  ,0087]from +1mbar/s to +0mbar/s
1687470050:[PUMP  ,0378]Outflow calculated : 2713
1687470050:[BUOY  ,0089]need to transfer +2mL (pump during 2918ms)
1687470050:[MRMAID,0003]acq stopped
1687470052:[PUMP  ,0016]pump during 2918ms
1687470056:[MRMAID,0002]acq started
1687470378:[BUOY  ,0087]from +1mbar/s to +0mbar/s
1687470378:[PUMP  ,0378]Outflow calculated : 2713
1687470378:[BUOY  ,0089]need to transfer +2mL (pump during 2920ms)
1687470378:[MRMAID,0003]acq stopped
1687470379:[PUMP  ,0016]pump during 2920ms
1687470384:[MRMAID,0002]acq started
1687471037:[MRMAID,0003]acq stopped
1687471037:[MRMAID,0185]19 spurious byte(s) received
1687471072:[SBE61 ,0396]P +20057,T +19295,S +34588
1687471074:[MRMAID,0002]acq started
1687471905:[BUOY  ,0087]from +1mbar/s to +0mbar/s
1687471906:[PUMP  ,0378]Outflow calculated : 2712
1687471906:[BUOY  ,0089]need to transfer +2mL (pump during 2919ms)
1687471906:[MRMAID,0003]acq stopped
1687471906:[MRMAID,0185]19 spurious byte(s) received
1687471907:[PUMP  ,0016]pump during 2919ms
1687471911:[MRMAID,0002]acq started
1687472233:[BUOY  ,0087]from +1mbar/s to +0mbar/s
1687472233:[PUMP  ,0378]Outflow calculated : 2712
1687472233:[BUOY  ,0089]need to transfer +2mL (pump during 2919ms)
1687472233:[MRMAID,0003]acq stopped
1687472235:[PUMP  ,0016]pump during 2919ms
1687472239:[MRMAID,0002]acq started
1687472560:[BUOY  ,0087]from +1mbar/s to +0mbar/s
1687472560:[PUMP  ,0378]Outflow calculated : 2712
1687472560:[BUOY  ,0089]need to transfer +2mL (pump during 2924ms)
1687472560:[MRMAID,0003]acq stopped
1687472562:[PUMP  ,0016]pump during 2924ms
1687472566:[MRMAID,0002]acq started
1687472887:[BUOY  ,0101]stage[1] 10 stab done
1687472887:[BUOY  ,0087]from +1mbar/s to +0mbar/s
1687472887:[PUMP  ,0378]Outflow calculated : 2712
1687472887:[BUOY  ,0089]need to transfer +2mL (pump during 2924ms)
1687472888:[MRMAID,0003]acq stopped
1687472889:[PUMP  ,0016]pump during 2924ms
1687472893:[MRMAID,0002]acq started
1687474637:[MRMAID,0003]acq stopped
1687474637:[MRMAID,0185]28 spurious byte(s) received
1687474672:[SBE61 ,0396]P +20154,T +19394,S +34587
1687474673:[MRMAID,0002]acq started
1687478246:[MRMAID,0003]acq stopped
1687478246:[MRMAID,0052]$MEASFS,140858,3520.194122,40.014271;
1687478282:[SBE61 ,0396]P +19858,T +19369,S +34586
1687478283:[MRMAID,0002]acq started
1687481846:[MRMAID,0003]acq stopped
1687481846:[MRMAID,0052]$MEASFS,140459,3510.222656,40.014271;
1687481881:[SBE61 ,0396]P +19890,T +19343,S +34587
1687481883:[MRMAID,0002]acq started
1687485456:[MRMAID,0003]acq stopped
1687485456:[MRMAID,0052]$MEASFS,140858,3520.194092,40.014271;
1687485491:[SBE61 ,0396]P +19850,T +19325,S +34587
1687485492:[MRMAID,0002]acq started
1687489055:[MRMAID,0003]acq stopped
1687489055:[MRMAID,0052]$MEASFS,140465,3510.372589,40.014271;
1687489091:[SBE61 ,0396]P +19888,T +19290,S +34587
1687489092:[MRMAID,0002]acq started
1687492655:[MRMAID,0003]acq stopped
1687492655:[MRMAID,0052]$MEASFS,140458,3510.197632,40.014271;
1687492690:[SBE61 ,0396]P +19945,T +19237,S +34589
1687492691:[MRMAID,0002]acq started
1687496265:[MRMAID,0003]acq stopped
1687496300:[SBE61 ,0396]P +19956,T +19376,S +34587
1687496301:[MRMAID,0002]acq started
1687499864:[MRMAID,0003]acq stopped
1687499864:[MRMAID,0052]$MEASFS,140460,3510.247589,40.014271;
1687499899:[SBE61 ,0396]P +19912,T +19334,S +34588
1687499901:[MRMAID,0002]acq started
1687503464:[MRMAID,0003]acq stopped
1687503464:[MRMAID,0052]$MEASFS,140460,3510.247620,40.014271;
1687503499:[SBE61 ,0396]P +19972,T +19557,S +34584
1687503500:[MRMAID,0002]acq started
1687503914:[MRMAID,0027]1994dbar, 33degC
1687507073:[MRMAID,0003]acq stopped
1687507073:[MRMAID,0052]$MEASFS,140860,3520.244049,40.014271;
1687507109:[SBE61 ,0396]P +20028,T +19616,S +34583
1687507110:[MRMAID,0002]acq started
1687510673:[MRMAID,0003]acq stopped
1687510673:[MRMAID,0052]$MEASFS,140459,3510.222625,40.014271;
1687510708:[SBE61 ,0396]P +19943,T +19774,S +34580
1687510710:[MRMAID,0002]acq started
1687514283:[MRMAID,0003]acq stopped
1687514283:[MRMAID,0052]$MEASFS,140858,3520.194092,40.014271;
1687514318:[SBE61 ,0396]P +20028,T +19776,S +34580
1687514319:[MRMAID,0002]acq started
1687517882:[MRMAID,0003]acq stopped
1687517882:[MRMAID,0052]$MEASFS,140459,3510.222656,40.014271;
1687517918:[SBE61 ,0396]P +19980,T +19762,S +34581
1687517919:[MRMAID,0002]acq started
1687521482:[MRMAID,0003]acq stopped
1687521482:[MRMAID,0052]$MEASFS,140455,3510.122711,40.014271;
1687521517:[SBE61 ,0396]P +19871,T +19625,S +34582
1687521519:[MRMAID,0002]acq started
1687525091:[MRMAID,0003]acq stopped
1687525092:[MRMAID,0052]$MEASFS,140858,3520.194122,40.014271;
1687525127:[SBE61 ,0396]P +19933,T +19377,S +34587
1687525128:[MRMAID,0002]acq started
1687528691:[MRMAID,0003]acq stopped
1687528691:[MRMAID,0052]$MEASFS,140454,3510.097687,40.014271;
1687528727:[SBE61 ,0396]P +20017,T +19417,S +34586
1687528728:[MRMAID,0002]acq started
1687532291:[MRMAID,0003]acq stopped
1687532291:[MRMAID,0052]$MEASFS,140457,3510.172638,40.014271;
1687532326:[SBE61 ,0396]P +19935,T +19370,S +34586
1687532327:[MRMAID,0002]acq started
1687535072:[MRMAID,0027]2002dbar, 33degC
1687535900:[MRMAID,0003]acq stopped
1687535900:[MRMAID,0052]$MEASFS,140863,3520.319030,40.014271;
1687535936:[SBE61 ,0396]P +20017,T +19392,S +34586
1687535937:[MRMAID,0002]acq started
1687539500:[MRMAID,0003]acq stopped
1687539500:[MRMAID,0052]$MEASFS,140460,3510.247619,40.014271;
1687539535:[SBE61 ,0396]P +19982,T +19362,S +34587
1687539537:[MRMAID,0002]acq started
1687542166:[MRMAID,0027]2000dbar, 33degC
1687542314:[MRMAID,0005]ascent request rejected
1687542987:[MRMAID,0027]2002dbar, 33degC
1687543131:[MRMAID,0003]acq stopped
1687543131:[MRMAID,0052]$MEASFS,141701,3541.261536,40.014271;
1687543135:[SBE61 ,0396]P +20047,T +19363,S +34587
1687543136:[MRMAID,0002]acq started
1687546709:[MRMAID,0003]acq stopped
1687546709:[MRMAID,0052]$MEASFS,140858,3520.194061,40.014271;
1687546745:[SBE61 ,0396]P +20047,T +19426,S +34586
1687546746:[MRMAID,0002]acq started
1687550309:[MRMAID,0003]acq stopped
1687550309:[MRMAID,0052]$MEASFS,140459,3510.222626,40.014271;
1687550344:[SBE61 ,0396]P +20059,T +19383,S +34587
1687550345:[MRMAID,0002]acq started
1687553918:[MRMAID,0003]acq stopped
1687553919:[MRMAID,0052]$MEASFS,140862,3520.294006,40.014271;
1687553954:[SBE61 ,0396]P +19938,T +19390,S +34587
1687553955:[MRMAID,0002]acq started
1687557518:[MRMAID,0003]acq stopped
1687557518:[MRMAID,0052]$MEASFS,140459,3510.222625,40.014271;
1687557554:[SBE61 ,0396]P +20071,T +19394,S +34586
1687557555:[MRMAID,0002]acq started
1687561118:[MRMAID,0003]acq stopped
1687561118:[MRMAID,0052]$MEASFS,140459,3510.222595,40.014272;
1687561153:[SBE61 ,0396]P +19974,T +19485,S +34584
1687561154:[MRMAID,0002]acq started
1687564727:[MRMAID,0003]acq stopped
1687564727:[MRMAID,0052]$MEASFS,140857,3520.169037,40.014272;
1687564763:[SBE61 ,0396]P +19982,T +19257,S +34589
1687564764:[MRMAID,0002]acq started
1687568327:[MRMAID,0003]acq stopped
1687568327:[MRMAID,0052]$MEASFS,140458,3510.197632,40.014271;
1687568362:[SBE61 ,0396]P +20046,T +19395,S +34586
1687568364:[MRMAID,0002]acq started
1687568806:[MRMAID,0027]2001dbar, 33degC
1687568953:[MRMAID,0005]ascent request rejected
1687571927:[MRMAID,0003]acq stopped
1687571927:[MRMAID,0052]$MEASFS,140470,3510.497497,40.014272;
1687571962:[SBE61 ,0396]P +19885,T +19181,S +34590
1687571963:[MRMAID,0002]acq started
1687575536:[MRMAID,0003]acq stopped
1687575536:[MRMAID,0052]$MEASFS,140859,3520.219024,40.014272;
1687575572:[SBE61 ,0396]P +19996,T +19184,S +34589
1687575573:[MRMAID,0002]acq started
1687579136:[MRMAID,0003]acq stopped
1687579136:[MRMAID,0052]$MEASFS,140464,3510.347534,40.014272;
1687579171:[SBE61 ,0396]P +20053,T +19154,S +34590
1687579173:[MRMAID,0002]acq started
1687582745:[MRMAID,0003]acq stopped
1687582746:[MRMAID,0052]$MEASFS,140858,3520.194001,40.014272;
1687582781:[SBE61 ,0396]P +20056,T +19201,S +34589
1687582782:[MRMAID,0002]acq started
1687586345:[MRMAID,0003]acq stopped
1687586345:[MRMAID,0052]$MEASFS,140459,3510.222564,40.014272;
1687586381:[SBE61 ,0396]P +20089,T +19220,S +34589
1687586382:[MRMAID,0002]acq started
1687589945:[MRMAID,0003]acq stopped
1687589945:[MRMAID,0052]$MEASFS,140459,3510.222565,40.014272;
1687589980:[SBE61 ,0396]P +20082,T +19249,S +34589
1687589981:[MRMAID,0002]acq started
1687593554:[MRMAID,0003]acq stopped
1687593554:[MRMAID,0052]$MEASFS,140858,3520.194000,40.014272;
1687593590:[SBE61 ,0396]P +20096,T +19444,S +34586
1687593591:[MRMAID,0002]acq started
1687597154:[MRMAID,0003]acq stopped
1687597154:[MRMAID,0052]$MEASFS,140459,3510.222564,40.014272;
1687597189:[SBE61 ,0396]P +20122,T +19515,S +34584
1687597191:[MRMAID,0002]acq started
1687600754:[MRMAID,0003]acq stopped
1687600754:[MRMAID,0052]$MEASFS,140458,3510.197571,40.014272;
1687600789:[SBE61 ,0396]P +20173,T +19661,S +34582
1687600790:[MRMAID,0002]acq started
1687604363:[MRMAID,0003]acq stopped
1687604365:[MRMAID,0185]1 spurious byte(s) received
1687604399:[SBE61 ,0396]P +20052,T +19536,S +34584
1687604400:[MRMAID,0002]acq started
1687607963:[MRMAID,0003]acq stopped
1687607963:[MRMAID,0052]$MEASFS,140460,3510.247589,40.014271;
1687607998:[SBE61 ,0396]P +20124,T +19549,S +34584
1687608000:[MRMAID,0002]acq started
1687611573:[MRMAID,0003]acq stopped
1687611573:[MRMAID,0052]$MEASFS,140859,3520.219025,40.014272;
1687611608:[SBE61 ,0396]P +20089,T +19449,S +34586
1687611609:[MRMAID,0002]acq started
1687615172:[MRMAID,0003]acq stopped
1687615172:[MRMAID,0052]$MEASFS,140464,3510.347534,40.014272;
1687615208:[SBE61 ,0396]P +20093,T +19337,S +34587
1687615209:[MRMAID,0002]acq started
1687618772:[MRMAID,0003]acq stopped
1687618772:[MRMAID,0052]$MEASFS,140459,3510.222595,40.014272;
1687618807:[SBE61 ,0396]P +20060,T +19493,S +34585
1687618808:[MRMAID,0002]acq started
1687619920:[MRMAID,0027]1996dbar, 33degC
1687622059:[MRMAID,0027]2002dbar, 33degC
1687622381:[MRMAID,0003]acq stopped
1687622381:[MRMAID,0052]$MEASFS,140857,3520.169067,40.014271;
1687622417:[SBE61 ,0396]P +20074,T +19277,S +34588
1687622418:[MRMAID,0002]acq started
1687625981:[MRMAID,0003]acq stopped
1687625981:[MRMAID,0052]$MEASFS,140459,3510.222595,40.014272;
1687626016:[SBE61 ,0396]P +20133,T +19148,S +34590
1687626018:[MRMAID,0002]acq started
1687629581:[MRMAID,0003]acq stopped
1687629581:[MRMAID,0052]$MEASFS,140459,3510.222564,40.014272;
1687629616:[SBE61 ,0396]P +20228,T +19345,S +34587
1687629617:[MRMAID,0002]acq started
1687633190:[MRMAID,0003]acq stopped
1687633190:[MRMAID,0052]$MEASFS,140858,3520.194001,40.014272;
1687633226:[SBE61 ,0396]P +20009,T +19324,S +34587
1687633227:[MRMAID,0002]acq started
1687636790:[MRMAID,0003]acq stopped
1687636790:[MRMAID,0052]$MEASFS,140458,3510.197571,40.014272;
1687636825:[SBE61 ,0396]P +20110,T +19289,S +34588
1687636827:[MRMAID,0002]acq started
1687640400:[MRMAID,0003]acq stopped
1687640400:[MRMAID,0052]$MEASFS,140857,3520.169037,40.014272;
1687640435:[SBE61 ,0396]P +20077,T +19331,S +34587
1687640436:[MRMAID,0002]acq started
1687643999:[MRMAID,0003]acq stopped
1687643999:[MRMAID,0052]$MEASFS,140464,3510.347534,40.014272;
1687644035:[SBE61 ,0396]P +20103,T +19319,S +34587
1687644036:[MRMAID,0002]acq started
1687647599:[MRMAID,0003]acq stopped
1687647599:[MRMAID,0052]$MEASFS,140459,3510.222565,40.014272;
1687647634:[SBE61 ,0396]P +20126,T +19173,S +34590
1687647635:[MRMAID,0002]acq started
1687648067:[MRMAID,0027]2010dbar, 33degC
1687651156:[MRMAID,0027]2009dbar, 33degC
1687651244:[SBE61 ,0396]P +20125,T +19156,S +34590
1687651254:[MRMAID,0184]acq already started
1687651340:[MRMAID,0059]stop canceled
1687651894:[MRMAID,0027]2011dbar, 33degC
1687652057:[MRMAID,0005]ascent request rejected
1687652926:[MRMAID,0027]2014dbar, 33degC
1687653890:[MRMAID,0027]2018dbar, 33degC
1687654818:[MRMAID,0003]acq stopped
1687654818:[MRMAID,0052]$MEASFS,285280,7129.456207,40.014272;
1687654853:[SBE61 ,0396]P +20140,T +19298,S +34588
1687654854:[MRMAID,0002]acq started
1687655594:[MRMAID,0027]2008dbar, 33degC
1687655868:[MRMAID,0027]2007dbar, 33degC
1687656030:[MRMAID,0005]ascent request rejected
1687658042:[MRMAID,0027]2012dbar, 33degC
1687658215:[MRMAID,0005]ascent request rejected
1687658417:[MRMAID,0003]acq stopped
1687658417:[MRMAID,0052]$MEASFS,140457,3510.172577,40.014272;
1687658453:[SBE61 ,0396]P +20129,T +19258,S +34588
1687658454:[MRMAID,0002]acq started
1687658908:[MRMAID,0027]2009dbar, 33degC
1687659873:[MRMAID,0027]2006dbar, 33degC
1687660035:[MRMAID,0005]ascent request rejected
1687660300:[MRMAID,0027]2005dbar, 33degC
1687660771:[MRMAID,0027]2006dbar, 33degC
1687661701:[MRMAID,0027]2010dbar, 33degC
1687662017:[MRMAID,0052]$STOPACK$MEASFS,140470,3510.497436,40.014272;
1687662018:[MRMAID,0185]4 spurious byte(s) received
1687662052:[SBE61 ,0396]P +20151,T +19174,S +34589
1687662053:[MRMAID,0002]acq started
1687665626:[MRMAID,0003]acq stopped
1687665626:[MRMAID,0052]$MEASFS,140857,3520.169006,40.014272;
1687665662:[SBE61 ,0396]P +20181,T +19187,S +34589
1687665663:[MRMAID,0002]acq started
1687666107:[MRMAID,0027]2017dbar, 33degC
1687666403:[MRMAID,0027]2018dbar, 33degC
1687669226:[MRMAID,0003]acq stopped
1687669226:[MRMAID,0052]$MEASFS,140458,3510.197540,40.014272;
1687669261:[SBE61 ,0396]P +20115,T +19250,S +34588
1687669263:[MRMAID,0002]acq started
1687669416:[MRMAID,0027]2009dbar, 33degC
1687671837:[MRMAID,0027]2015dbar, 33degC
1687672106:[MRMAID,0027]2015dbar, 33degC
1687672261:[MRMAID,0005]ascent request rejected
1687672826:[MRMAID,0003]acq stopped
1687672826:[MRMAID,0052]$MEASFS,140457,3510.172546,40.014272;
1687672861:[SBE61 ,0396]P +20231,T +19330,S +34587
1687672862:[MRMAID,0002]acq started
1687676435:[MRMAID,0052]$STOPACK$MEASFS,140860,3520.243958,40.014272;
1687676437:[MRMAID,0185]4 spurious byte(s) received
1687676471:[SBE61 ,0396]P +20145,T +19495,S +34584
1687676472:[MRMAID,0002]acq started
1687677438:[MRMAID,0027]2012dbar, 33degC
1687678097:[MRMAID,0027]2010dbar, 33degC
1687679259:[MRMAID,0027]2008dbar, 33degC
1687680035:[MRMAID,0003]acq stopped
1687680035:[MRMAID,0052]$MEASFS,140463,3510.322510,40.014272;
1687680070:[SBE61 ,0396]P +20110,T +19345,S +34587
1687680072:[MRMAID,0002]acq started
1687680572:[MRMAID,0027]2009dbar, 33degC
1687681780:[MRMAID,0027]2014dbar, 33degC
1687682287:[MRMAID,0027]2016dbar, 33degC
1687683645:[MRMAID,0003]acq stopped
1687683645:[MRMAID,0052]$MEASFS,140861,3520.268982,40.014272;
1687683680:[SBE61 ,0396]P +20246,T +19374,S +34587
1687683681:[MRMAID,0002]acq started
1687685139:[MRMAID,0027]2014dbar, 33degC
1687687244:[MRMAID,0003]acq stopped
1687687244:[MRMAID,0052]$MEASFS,140458,3510.197571,40.014272;
1687687280:[SBE61 ,0396]P +20154,T +19383,S +34586
1687687281:[MRMAID,0002]acq started
1687687434:[MRMAID,0027]2013dbar, 33degC
1687687889:[MRMAID,0027]2011dbar, 33degC
1687688260:[MRMAID,0027]2010dbar, 33degC
1687688664:[MRMAID,0027]2009dbar, 33degC
1687689769:[MRMAID,0027]2005dbar, 33degC
1687690513:[MRMAID,0027]2005dbar, 33degC
1687690844:[MRMAID,0003]acq stopped
1687690844:[MRMAID,0052]$MEASFS,140460,3510.247528,40.014272;
1687690879:[SBE61 ,0396]P +20120,T +19224,S +34589
1687690880:[MRMAID,0002]acq started
1687693584:[MRMAID,0027]2015dbar, 33degC
1687694453:[MRMAID,0003]acq stopped
1687694454:[MRMAID,0052]$MEASFS,140862,3520.293945,40.014272;
1687694489:[SBE61 ,0396]P +20134,T +19310,S +34588
1687694490:[MRMAID,0002]acq started
1687698053:[MRMAID,0003]acq stopped
1687698053:[MRMAID,0052]$MEASFS,140459,3510.222565,40.014272;
1687698088:[SBE61 ,0396]P +20167,T +19188,S +34590
1687698090:[MRMAID,0002]acq started
1687701653:[MRMAID,0003]acq stopped
1687701653:[MRMAID,0052]$MEASFS,140459,3510.222565,40.014272;
1687701688:[SBE61 ,0396]P +20148,T +19173,S +34589
1687701689:[MRMAID,0002]acq started
1687702079:[MRMAID,0027]2012dbar, 33degC
1687705262:[MRMAID,0052]$S$MEASFS,140857,3520.169006,40.014272;
1687705264:[MRMAID,0185]10 spurious byte(s) received
1687705298:[SBE61 ,0396]P +20205,T +19160,S +34590
1687705299:[MRMAID,0002]acq started
1687708862:[MRMAID,0003]acq stopped
1687708862:[MRMAID,0052]$MEASFS,140458,3510.197541,40.014272;
1687708897:[SBE61 ,0396]P +20125,T +19202,S +34589
1687708899:[MRMAID,0002]acq started
1687709129:[MRMAID,0027]2010dbar, 33degC
1687709551:[MRMAID,0027]2010dbar, 33degC
1687712472:[MRMAID,0003]acq stopped
1687712472:[MRMAID,0052]$MEASFS,140860,3520.243957,40.014272;
1687712507:[SBE61 ,0396]P +20221,T +19212,S +34589
1687712508:[MRMAID,0002]acq started
1687715746:[MRMAID,0027]2016dbar, 33degC
1687716071:[MRMAID,0003]acq stopped
1687716071:[MRMAID,0052]$MEASFS,140464,3510.347473,40.014272;
1687716107:[SBE61 ,0396]P +20188,T +19213,S +34589
1687716108:[MRMAID,0002]acq started
1687719671:[MRMAID,0003]acq stopped
1687719671:[MRMAID,0052]$MEASFS,140460,3510.247528,40.014272;
1687719706:[SBE61 ,0396]P +20186,T +19209,S +34589
1687719707:[MRMAID,0002]acq started
1687723280:[MRMAID,0003]acq stopped
1687723281:[MRMAID,0052]$MEASFS,140859,3520.218964,40.014272;
1687723316:[SBE61 ,0396]P +20174,T +19202,S +34590
1687723317:[MRMAID,0002]acq started
1687726880:[MRMAID,0003]acq stopped
1687726880:[MRMAID,0052]$MEASFS,140459,3510.222534,40.014272;
1687726915:[SBE61 ,0396]P +20297,T +19206,S +34589
1687726917:[MRMAID,0002]acq started
1687728889:[MRMAID,0027]2031dbar, 33degC
1687730129:[MRMAID,0027]2023dbar, 33degC
1687730480:[MRMAID,0003]acq stopped
1687730480:[MRMAID,0052]$MEASFS,140460,3510.247497,40.014273;
1687730515:[SBE61 ,0396]P +20233,T +19320,S +34587
1687730516:[MRMAID,0002]acq started
1687734089:[MRMAID,0003]acq stopped
1687734089:[MRMAID,0052]$MEASFS,140859,3520.218963,40.014272;
1687734125:[SBE61 ,0396]P +20216,T +19322,S +34587
1687734126:[MRMAID,0002]acq started
1687737689:[MRMAID,0003]acq stopped
1687737689:[MRMAID,0052]$MEASFS,140458,3510.197540,40.014272;
1687737724:[SBE61 ,0396]P +20188,T +19333,S +34587
1687737726:[MRMAID,0002]acq started
1687739081:[MRMAID,0027]2014dbar, 33degC
1687741299:[MRMAID,0052]$STOP$MEASFS,140857,3520.168976,40.014272;
1687741301:[MRMAID,0185]7 spurious byte(s) received
1687741334:[SBE61 ,0396]P +20091,T +19306,S +34588
1687741335:[MRMAID,0002]acq started
1687744898:[MRMAID,0003]acq stopped
1687744898:[MRMAID,0052]$MEASFS,140468,3510.447449,40.014272;
1687744934:[SBE61 ,0396]P +20219,T +19170,S +34589
1687744935:[MRMAID,0002]acq started
1687748498:[MRMAID,0003]acq stopped
1687748498:[MRMAID,0052]$MEASFS,140460,3510.247528,40.014272;
1687748533:[SBE61 ,0396]P +20210,T +19180,S +34589
1687748534:[MRMAID,0002]acq started
1687752107:[MRMAID,0003]acq stopped
1687752108:[MRMAID,0052]$MEASFS,140863,3520.318908,40.014272;
1687752143:[SBE61 ,0396]P +20208,T +19140,S +34590
1687752144:[MRMAID,0002]acq started
1687755707:[MRMAID,0003]acq stopped
1687755707:[MRMAID,0052]$MEASFS,140460,3510.247497,40.014273;
1687755742:[SBE61 ,0396]P +20230,T +19325,S +34587
1687755744:[MRMAID,0002]acq started
1687759307:[MRMAID,0003]acq stopped
1687759307:[MRMAID,0052]$MEASFS,140459,3510.222504,40.014273;
1687759342:[SBE61 ,0396]P +20198,T +19148,S +34590
1687759343:[MRMAID,0002]acq started
1687762916:[MRMAID,0003]acq stopped
1687762916:[MRMAID,0052]$MEASFS,140858,3520.193969,40.014272;
1687762952:[SBE61 ,0396]P +20158,T +19151,S +34590
1687762953:[MRMAID,0002]acq started
1687764446:[MRMAID,0027]2014dbar, 33degC
1687766516:[MRMAID,0052]$STOPACK:$MEASFS,140459,3510.222504,40.014273;
1687766517:[MRMAID,0185]3 spurious byte(s) received
1687766551:[SBE61 ,0396]P +20217,T +19093,S +34590
1687766553:[MRMAID,0002]acq started
1687767743:[MRMAID,0027]2023dbar, 33degC
1687770116:[MRMAID,0003]acq stopped
1687770116:[MRMAID,0052]$MEASFS,140461,3510.272492,40.014272;
1687770151:[SBE61 ,0396]P +20225,T +19141,S +34590
1687770152:[MRMAID,0002]acq started
1687773725:[MRMAID,0003]acq stopped
1687773725:[MRMAID,0052]$MEASFS,140862,3520.293915,40.014273;
1687773761:[SBE61 ,0396]P +20220,T +19210,S +34588
1687773762:[MRMAID,0002]acq started
1687774874:[MRMAID,0027]2025dbar, 33degC
1687775010:[MRMAID,0005]ascent request rejected
1687777325:[MRMAID,0052]$MEASFS,140458,3510.197509,40.014273;
1687777326:[MRMAID,0003]acq stopped
1687777360:[SBE61 ,0396]P +20258,T +19340,S +34587
1687777361:[MRMAID,0002]acq started
1687780934:[MRMAID,0003]acq stopped
1687780935:[MRMAID,0052]$MEASFS,140861,3520.268920,40.014273;
1687780970:[SBE61 ,0396]P +20209,T +19321,S +34587
1687780971:[MRMAID,0002]acq started
1687784534:[MRMAID,0003]acq stopped
1687784534:[MRMAID,0052]$MEASFS,140460,3510.247497,40.014273;
1687784570:[SBE61 ,0396]P +20325,T +19340,S +34587
1687784571:[MRMAID,0002]acq started
1687788134:[MRMAID,0003]acq stopped
1687788134:[MRMAID,0052]$MEASFS,140460,3510.247498,40.014273;
1687788169:[SBE61 ,0396]P +20251,T +19296,S +34588
1687788170:[MRMAID,0002]acq started
1687791743:[MRMAID,0003]acq stopped
1687791743:[MRMAID,0052]$MEASFS,140859,3520.218963,40.014272;
1687791779:[SBE61 ,0396]P +20250,T +19362,S +34586
1687791780:[MRMAID,0002]acq started
1687795343:[MRMAID,0003]acq stopped
1687795343:[MRMAID,0052]$MEASFS,140459,3510.222534,40.014272;
1687795378:[SBE61 ,0396]P +20234,T +19358,S +34587
1687795380:[MRMAID,0002]acq started
1687798943:[MRMAID,0003]acq stopped
1687798943:[MRMAID,0052]$MEASFS,140463,3510.322480,40.014272;
1687798978:[SBE61 ,0396]P +20284,T +19354,S +34587
1687798979:[MRMAID,0002]acq started
1687802552:[MRMAID,0003]acq stopped
1687802552:[MRMAID,0052]$MEASFS,140858,3520.193970,40.014272;
1687802588:[SBE61 ,0396]P +20141,T +19336,S +34586
1687802589:[MRMAID,0002]acq started
1687806152:[MRMAID,0003]acq stopped
1687806152:[MRMAID,0052]$MEASFS,140459,3510.222504,40.014273;
1687806187:[SBE61 ,0396]P +20239,T +19155,S +34589
1687806189:[MRMAID,0002]acq started
1687809761:[MRMAID,0003]acq stopped
1687809762:[MRMAID,0052]$MEASFS,140858,3520.193970,40.014272;
1687809797:[SBE61 ,0396]P +20175,T +19150,S +34589
1687809798:[MRMAID,0002]acq started
1687812872:[MRMAID,0027]2023dbar, 33degC
1687813361:[MRMAID,0003]acq stopped
1687813361:[MRMAID,0052]$MEASFS,140457,3510.172546,40.014272;
1687813397:[SBE61 ,0396]P +20262,T +19156,S +34590
1687813398:[MRMAID,0002]acq started
1687816961:[MRMAID,0003]acq stopped
1687816961:[MRMAID,0052]$MEASFS,140458,3510.197510,40.014273;
1687816996:[SBE61 ,0396]P +20231,T +19160,S +34590
1687816997:[MRMAID,0002]acq started
1687820570:[MRMAID,0003]acq stopped
1687820570:[MRMAID,0052]$MEASFS,140859,3520.218933,40.014273;
1687820606:[SBE61 ,0396]P +20263,T +19225,S +34588
1687820607:[MRMAID,0002]acq started
1687824170:[MRMAID,0003]acq stopped
1687824170:[MRMAID,0052]$MEASFS,140460,3510.247498,40.014273;
1687824205:[SBE61 ,0396]P +20262,T +19155,S +34591
1687824207:[MRMAID,0002]acq started
1687827770:[MRMAID,0003]acq stopped
1687827770:[MRMAID,0052]$MEASFS,140460,3510.247498,40.014273;
1687827805:[SBE61 ,0396]P +20284,T +19222,S +34588
1687827806:[MRMAID,0002]acq started
1687831379:[MRMAID,0052]$STO$MEASFS,140868,3520.443847,40.014273;
1687831381:[MRMAID,0185]8 spurious byte(s) received
1687831415:[SBE61 ,0396]P +20310,T +19360,S +34586
1687831416:[MRMAID,0002]acq started
1687834979:[MRMAID,0003]acq stopped
1687834979:[MRMAID,0052]$MEASFS,140459,3510.222535,40.014272;
1687835014:[SBE61 ,0396]P +20128,T +19211,S +34588
1687835015:[MRMAID,0002]acq started
1687838589:[MRMAID,0003]acq stopped
1687838589:[MRMAID,0052]$MEASFS,140862,3520.293915,40.014273;
1687838624:[SBE61 ,0396]P +20364,T +19188,S +34589
1687838625:[MRMAID,0002]acq started
1687842188:[MRMAID,0003]acq stopped
1687842188:[MRMAID,0052]$MEASFS,140458,3510.197510,40.014273;
1687842224:[SBE61 ,0396]P +20220,T +19241,S +34588
1687842225:[MRMAID,0002]acq started
1687845788:[MRMAID,0003]acq stopped
1687845788:[MRMAID,0052]$MEASFS,140459,3510.222503,40.014273;
1687845823:[SBE61 ,0396]P +20282,T +19209,S +34589
1687845824:[MRMAID,0002]acq started
1687846576:[MRMAID,0027]2026dbar, 33degC
1687849303:[MRMAID,0027]2021dbar, 33degC
1687849433:[SBE61 ,0396]P +20238,T +19177,S +34589
1687849435:[MRMAID,0059]stop canceled
1687849443:[MRMAID,0184]acq already started
1687853006:[MRMAID,0003]acq stopped
1687853007:[MRMAID,0052]$MEASFS,285275,7129.331146,40.014273;
1687853042:[SBE61 ,0396]P +20262,T +19188,S +34589
1687853043:[MRMAID,0002]acq started
1687853949:[MRMAID,0027]2023dbar, 33degC
1687856606:[MRMAID,0003]acq stopped
1687856606:[MRMAID,0052]$MEASFS,140460,3510.247497,40.014273;
1687856642:[SBE61 ,0396]P +20333,T +19179,S +34589
1687856643:[MRMAID,0002]acq started
1687858582:[MRMAID,0027]2030dbar, 33degC
1687860206:[MRMAID,0003]acq stopped
1687860206:[MRMAID,0052]$MEASFS,140461,3510.272491,40.014272;
1687860241:[SBE61 ,0396]P +20209,T +19174,S +34589
1687860242:[MRMAID,0002]acq started
1687863815:[MRMAID,0003]acq stopped
1687863815:[MRMAID,0052]$MEASFS,140859,3520.218902,40.014273;
1687863851:[SBE61 ,0396]P +20330,T +19213,S +34588
1687863852:[MRMAID,0002]acq started
1687867415:[MRMAID,0003]acq stopped
1687867415:[MRMAID,0052]$MEASFS,140459,3510.222504,40.014273;
1687867450:[SBE61 ,0396]P +20362,T +19444,S +34585
1687867452:[MRMAID,0002]acq started
1687871015:[MRMAID,0003]acq stopped
1687871015:[MRMAID,0052]$MEASFS,140459,3510.222503,40.014273;
1687871050:[SBE61 ,0396]P +20282,T +19420,S +34585
1687871051:[MRMAID,0002]acq started
1687874624:[MRMAID,0052]$STOPACK$MEASFS,140858,3520.193939,40.014273;
1687874626:[MRMAID,0185]4 spurious byte(s) received
1687874660:[SBE61 ,0396]P +20274,T +19292,S +34586
1687874661:[MRMAID,0002]acq started
1687878224:[MRMAID,0003]acq stopped
1687878224:[MRMAID,0052]$MEASFS,140459,3510.222503,40.014273;
1687878259:[SBE61 ,0396]P +20244,T +19173,S +34589
1687878261:[MRMAID,0002]acq started
1687881807:[MRMAID,0027]2024dbar, 33degC
1687881869:[SBE61 ,0396]P +20286,T +19053,S +34591
1687881879:[MRMAID,0184]acq already started
1687881933:[MRMAID,0059]stop canceled
1687885433:[MRMAID,0003]acq stopped
1687885433:[MRMAID,0052]$MEASFS,284878,7119.409699,40.014273;
1687885468:[SBE61 ,0396]P +20327,T +19194,S +34589
1687885469:[MRMAID,0002]acq started
1687889042:[MRMAID,0003]acq stopped
1687889042:[MRMAID,0052]$MEASFS,140856,3520.143951,40.014273;
1687889078:[SBE61 ,0396]P +20378,T +19314,S +34587
1687889079:[MRMAID,0002]acq started
1687889656:[MRMAID,0027]2035dbar, 33degC
1687892642:[MRMAID,0003]acq stopped
1687892642:[MRMAID,0052]$MEASFS,140459,3510.222504,40.014273;
1687892677:[SBE61 ,0396]P +20295,T +19287,S +34589
1687892679:[MRMAID,0002]acq started
1687896252:[MRMAID,0003]acq stopped
1687896252:[MRMAID,0052]$MEASFS,140859,3520.218933,40.014273;
1687896287:[SBE61 ,0396]P +20293,T +19284,S +34588
1687896288:[MRMAID,0002]acq started
1687899851:[MRMAID,0003]acq stopped
1687899851:[MRMAID,0052]$MEASFS,140460,3510.247497,40.014273;
1687899887:[SBE61 ,0396]P +20376,T +19196,S +34589
1687899888:[MRMAID,0002]acq started
1687903451:[MRMAID,0003]acq stopped
1687903451:[MRMAID,0052]$MEASFS,140459,3510.222504,40.014273;
1687903486:[SBE61 ,0396]P +20211,T +19233,S +34588
1687903487:[MRMAID,0002]acq started
1687907060:[MRMAID,0003]acq stopped
1687907060:[MRMAID,0052]$MEASFS,140858,3520.193940,40.014273;
1687907096:[SBE61 ,0396]P +20288,T +19151,S +34590
1687907097:[MRMAID,0002]acq started
1687909276:[MRMAID,0027]2020dbar, 33degC
1687909438:[MRMAID,0005]ascent request rejected
1687910660:[MRMAID,0003]acq stopped
1687910660:[MRMAID,0052]$MEASFS,140460,3510.247497,40.014273;
1687910695:[SBE61 ,0396]P +20303,T +19051,S +34591
1687910697:[MRMAID,0002]acq started
1687914260:[MRMAID,0003]acq stopped
1687914260:[MRMAID,0052]$MEASFS,140459,3510.222504,40.014273;
1687914295:[SBE61 ,0396]P +20300,T +19067,S +34591
1687914296:[MRMAID,0002]acq started
1687917869:[MRMAID,0003]acq stopped
1687917869:[MRMAID,0052]$MEASFS,140867,3520.419006,40.014271;
1687917905:[SBE61 ,0396]P +20360,T +19175,S +34589
1687917906:[MRMAID,0002]acq started
1687921469:[MRMAID,0003]acq stopped
1687921469:[MRMAID,0052]$MEASFS,140458,3510.197479,40.014273;
1687921504:[SBE61 ,0396]P +20326,T +19297,S +34589
1687921506:[MRMAID,0002]acq started
1687921776:[MRMAID,0027]2030dbar, 33degC
1687921935:[MRMAID,0005]ascent request rejected
1687922120:[MRMAID,0027]2030dbar, 33degC
1687924677:[MRMAID,0027]2025dbar, 33degC
1687924839:[MRMAID,0005]ascent request rejected
1687925078:[MRMAID,0003]acq stopped
1687925079:[MRMAID,0052]$MEASFS,140849,3519.968994,40.014273;
1687925114:[SBE61 ,0396]P +20245,T +19177,S +34589
1687925115:[MRMAID,0002]acq started
1687926862:[MRMAID,0027]2025dbar, 33degC
1687928678:[MRMAID,0003]acq stopped
1687928678:[MRMAID,0052]$MEASFS,140461,3510.272461,40.014273;
1687928714:[SBE61 ,0396]P +20396,T +19186,S +34589
1687928715:[MRMAID,0002]acq started
1687932278:[MRMAID,0003]acq stopped
1687932278:[MRMAID,0052]$MEASFS,140460,3510.247467,40.014273;
1687932313:[SBE61 ,0396]P +20316,T +19180,S +34589
1687932314:[MRMAID,0002]acq started
1687935887:[MRMAID,0003]acq stopped
1687935887:[MRMAID,0052]$MEASFS,140858,3520.193909,40.014273;
1687935923:[SBE61 ,0396]P +20283,T +19176,S +34589
1687935924:[MRMAID,0002]acq started
1687939487:[MRMAID,0003]acq stopped
1687939487:[MRMAID,0052]$MEASFS,140459,3510.222504,40.014273;
1687939522:[SBE61 ,0396]P +20304,T +19177,S +34589
1687939524:[MRMAID,0002]acq started
1687943087:[MRMAID,0003]acq stopped
1687943087:[MRMAID,0052]$MEASFS,140459,3510.222504,40.014273;
1687943122:[SBE61 ,0396]P +20420,T +19250,S +34588
1687943123:[MRMAID,0002]acq started
1687943839:[MRMAID,0027]2035dbar, 33degC
1687946059:[MRMAID,0027]2025dbar, 33degC
1687946696:[MRMAID,0003]acq stopped
1687946696:[MRMAID,0052]$MEASFS,140862,3520.293884,40.014273;
1687946732:[SBE61 ,0396]P +20328,T +19189,S +34589
1687946733:[MRMAID,0002]acq started
1687950296:[MRMAID,0003]acq stopped
1687950296:[MRMAID,0052]$MEASFS,140458,3510.197479,40.014273;
1687950331:[SBE61 ,0396]P +20334,T +19246,S +34588
1687950333:[MRMAID,0002]acq started
1687951573:[MRMAID,0027]2031dbar, 33degC
1687953906:[MRMAID,0003]acq stopped
1687953906:[MRMAID,0052]$MEASFS,140859,3520.218934,40.014273;
1687953941:[SBE61 ,0396]P +20349,T +19251,S +34588
1687953942:[MRMAID,0002]acq started
1687956935:[MRMAID,0027]2032dbar, 33degC
1687957505:[MRMAID,0003]acq stopped
1687957505:[MRMAID,0052]$MEASFS,140461,3510.272492,40.014272;
1687957541:[SBE61 ,0396]P +20312,T +19213,S +34589
1687957542:[MRMAID,0002]acq started
1687960495:[MRMAID,0027]2035dbar, 33degC
1687961105:[MRMAID,0003]acq stopped
1687961105:[MRMAID,0052]$MEASFS,140463,3510.322449,40.014273;
1687961140:[SBE61 ,0396]P +20353,T +19233,S +34588
1687961141:[MRMAID,0002]acq started
1687964714:[MRMAID,0052]$STOPACK:$MEASFS,140859,3520.218933,40.014273;
1687964716:[MRMAID,0185]3 spurious byte(s) received
1687964750:[SBE61 ,0396]P +20349,T +19178,S +34589
1687964751:[MRMAID,0002]acq started
1687968314:[MRMAID,0003]acq stopped
1687968314:[MRMAID,0052]$MEASFS,140464,3510.347442,40.014273;
1687968349:[SBE61 ,0396]P +20340,T +19169,S +34590
1687968351:[MRMAID,0002]acq started
1687971914:[MRMAID,0003]acq stopped
1687971914:[MRMAID,0052]$MEASFS,140460,3510.247467,40.014273;
1687971949:[SBE61 ,0396]P +20369,T +19181,S +34589
1687971950:[MRMAID,0002]acq started
1687972874:[MRMAID,0027]2033dbar, 33degC
1687973021:[MRMAID,0005]ascent request rejected
1687975523:[MRMAID,0052]$$MEASFS,140858,3520.193940,40.014273;
1687975525:[MRMAID,0185]11 spurious byte(s) received
1687975559:[SBE61 ,0396]P +20371,T +19176,S +34589
1687975560:[MRMAID,0002]acq started
1687979123:[MRMAID,0003]acq stopped
1687979123:[MRMAID,0052]$MEASFS,140459,3510.222504,40.014273;
1687979158:[SBE61 ,0396]P +20305,T +19196,S +34589
1687979160:[MRMAID,0002]acq started
1687982733:[MRMAID,0003]acq stopped
1687982733:[MRMAID,0052]$MEASFS,140858,3520.193939,40.014273;
1687982768:[SBE61 ,0396]P +20408,T +19185,S +34589
1687982769:[MRMAID,0002]acq started
1687986332:[MRMAID,0003]acq stopped
1687986332:[MRMAID,0052]$MEASFS,140459,3510.222504,40.014273;
1687986368:[SBE61 ,0396]P +20356,T +19183,S +34589
1687986369:[MRMAID,0002]acq started
1687989932:[MRMAID,0003]acq stopped
1687989932:[MRMAID,0052]$MEASFS,140458,3510.197479,40.014273;
1687989967:[SBE61 ,0396]P +20355,T +19298,S +34587
1687989968:[MRMAID,0002]acq started
1687993541:[MRMAID,0003]acq stopped
1687993541:[MRMAID,0052]$MEASFS,140857,3520.168946,40.014273;
1687993577:[SBE61 ,0396]P +20324,T +19286,S +34585
1687993578:[MRMAID,0002]acq started
1687997141:[MRMAID,0003]acq stopped
1687997141:[MRMAID,0052]$MEASFS,140460,3510.247467,40.014273;
1687997176:[SBE61 ,0396]P +20365,T +19298,S +34587
1687997178:[MRMAID,0002]acq started
1688000741:[MRMAID,0003]acq stopped
1688000741:[MRMAID,0052]$MEASFS,140460,3510.247467,40.014273;
1688000776:[SBE61 ,0396]P +20352,T +19257,S +34589
1688000777:[MRMAID,0002]acq started
1688004350:[MRMAID,0003]acq stopped
1688004350:[MRMAID,0052]$MEASFS,140868,3520.443817,40.014273;
1688004386:[SBE61 ,0396]P +20261,T +19238,S +34587
1688004387:[MRMAID,0002]acq started
1688007950:[MRMAID,0003]acq stopped
1688007950:[MRMAID,0052]$MEASFS,140463,3510.322449,40.014273;
1688007985:[SBE61 ,0396]P +20273,T +19181,S +34589
1688007987:[MRMAID,0002]acq started
1688011560:[MRMAID,0052]$STOP$MEASFS,140858,3520.193939,40.014273;
1688011561:[MRMAID,0185]7 spurious byte(s) received
1688011595:[SBE61 ,0396]P +20450,T +19176,S +34589
1688011596:[MRMAID,0002]acq started
1688015159:[MRMAID,0003]acq stopped
1688015159:[MRMAID,0052]$MEASFS,140463,3510.322448,40.014273;
1688015195:[SBE61 ,0396]P +20329,T +19182,S +34589
1688015196:[MRMAID,0002]acq started
1688017668:[MRMAID,0027]2031dbar, 33degC
1688017812:[MRMAID,0005]ascent request rejected
1688018759:[MRMAID,0003]acq stopped
1688018759:[MRMAID,0052]$MEASFS,140460,3510.247467,40.014273;
1688018794:[SBE61 ,0396]P +20329,T +19107,S +34590
1688018795:[MRMAID,0002]acq started
1688022368:[MRMAID,0003]acq stopped
1688022369:[MRMAID,0052]$MEASFS,140862,3520.293884,40.014273;
1688022404:[SBE61 ,0396]P +20352,T +19101,S +34591
1688022405:[MRMAID,0002]acq started
1688025968:[MRMAID,0003]acq stopped
1688025968:[MRMAID,0052]$MEASFS,140458,3510.197479,40.014273;
1688026003:[SBE61 ,0396]P +20415,T +19138,S +34591
1688026005:[MRMAID,0002]acq started
1688029568:[MRMAID,0003]acq stopped
1688029568:[MRMAID,0052]$MEASFS,140458,3510.197480,40.014273;
1688029603:[SBE61 ,0396]P +20438,T +19198,S +34589
1688029604:[MRMAID,0002]acq started
1688033177:[MRMAID,0003]acq stopped
1688033177:[MRMAID,0052]$MEASFS,140859,3520.218903,40.014273;
1688033213:[SBE61 ,0396]P +20382,T +19219,S +34589
1688033214:[MRMAID,0002]acq started
1688036777:[MRMAID,0003]acq stopped
1688036777:[MRMAID,0052]$MEASFS,140460,3510.247436,40.014273;
1688036812:[SBE61 ,0396]P +20360,T +19209,S +34588
1688036814:[MRMAID,0002]acq started
1688040387:[MRMAID,0003]acq stopped
1688040387:[MRMAID,0052]$MEASFS,140859,3520.218933,40.014273;
1688040422:[SBE61 ,0396]P +20348,T +19190,S +34589
1688040423:[MRMAID,0002]acq started
1688043986:[MRMAID,0003]acq stopped
1688043986:[MRMAID,0052]$MEASFS,140459,3510.222473,40.014273;
1688044022:[SBE61 ,0396]P +20375,T +19091,S +34590
1688044023:[MRMAID,0002]acq started
1688047586:[MRMAID,0003]acq stopped
1688047586:[MRMAID,0052]$MEASFS,140459,3510.222473,40.014273;
1688047621:[SBE61 ,0396]P +20385,T +19131,S +34590
1688047622:[MRMAID,0002]acq started
1688051195:[MRMAID,0003]acq stopped
1688051195:[MRMAID,0052]$MEASFS,140858,3520.193909,40.014273;
1688051231:[SBE61 ,0396]P +20407,T +19187,S +34589
1688051232:[MRMAID,0002]acq started
1688054795:[MRMAID,0003]acq stopped
1688054795:[MRMAID,0052]$MEASFS,140458,3510.197479,40.014273;
1688054830:[SBE61 ,0396]P +20443,T +19300,S +34587
1688054832:[MRMAID,0002]acq started
1688058395:[MRMAID,0003]acq stopped
1688058395:[MRMAID,0052]$MEASFS,140459,3510.222473,40.014273;
1688058430:[SBE61 ,0396]P +20370,T +19233,S +34590
1688058431:[MRMAID,0002]acq started
1688062004:[MRMAID,0003]acq stopped
1688062004:[MRMAID,0052]$MEASFS,140861,3520.268890,40.014273;
1688062040:[SBE61 ,0396]P +20396,T +19279,S +34587
1688062041:[MRMAID,0002]acq started
1688065604:[MRMAID,0003]acq stopped
1688065604:[MRMAID,0052]$MEASFS,140458,3510.197480,40.014273;
1688065639:[SBE61 ,0396]P +20383,T +19238,S +34588
1688065641:[MRMAID,0002]acq started
1688069204:[MRMAID,0003]acq stopped
1688069204:[MRMAID,0052]$MEASFS,140460,3510.247467,40.014273;
1688069239:[SBE61 ,0396]P +20308,T +19057,S +34591
1688069240:[MRMAID,0002]acq started
1688072813:[MRMAID,0052]$STOPACK:+$MEASFS,140859,3520.218903,40.014273;
1688072815:[MRMAID,0185]2 spurious byte(s) received
1688072849:[SBE61 ,0396]P +20388,T +19057,S +34591
1688072850:[MRMAID,0002]acq started
1688076413:[MRMAID,0003]acq stopped
1688076413:[MRMAID,0052]$MEASFS,140460,3510.247467,40.014273;
1688076448:[SBE61 ,0396]P +20361,T +19065,S +34591
1688076450:[MRMAID,0002]acq started
1688080022:[MRMAID,0003]acq stopped
1688080023:[MRMAID,0052]$MEASFS,140858,3520.193909,40.014273;
1688080058:[SBE61 ,0396]P +20377,T +19043,S +34592
1688080059:[MRMAID,0002]acq started
1688083622:[MRMAID,0003]acq stopped
1688083622:[MRMAID,0052]$MEASFS,140459,3510.222443,40.014273;
1688083658:[SBE61 ,0396]P +20359,T +19023,S +34592
1688083659:[MRMAID,0002]acq started
1688087222:[MRMAID,0003]acq stopped
1688087222:[MRMAID,0052]$MEASFS,140463,3510.322419,40.014273;
1688087257:[SBE61 ,0396]P +20399,T +19058,S +34592
1688087258:[MRMAID,0002]acq started
1688090831:[MRMAID,0003]acq stopped
1688090867:[SBE61 ,0396]P +20419,T +19097,S +34591
1688090868:[MRMAID,0002]acq started
1688094217:[BUOY  ,0087]from +0mbar/s to -2mbar/s
1688094217:[PUMP  ,0378]Outflow calculated : 2710
1688094217:[BUOY  ,0089]need to transfer +6mL (pump during 8736ms)
1688094217:[MRMAID,0003]acq stopped
1688094219:[PUMP  ,0016]pump during 8736ms
1688094227:[PUMP  ,0212]battery 14433mV,  954162uA (steady state), P+205028mbar
1688094229:[MRMAID,0002]acq started
1688094431:[MRMAID,0003]acq stopped
1688094466:[SBE61 ,0396]P +20529,T +19160,S +34590
1688094468:[MRMAID,0002]acq started
1688098031:[MRMAID,0003]acq stopped
1688098031:[MRMAID,0052]$MEASFS,140468,3510.447387,40.014273;
1688098066:[SBE61 ,0396]P +20151,T +19377,S +34586
1688098067:[MRMAID,0002]acq started
1688101640:[MRMAID,0003]acq stopped
1688101640:[MRMAID,0052]$MEASFS,140861,3520.268890,40.014273;
1688101676:[SBE61 ,0396]P +20142,T +19564,S +34583
1688101677:[MRMAID,0002]acq started
1688105224:[MRMAID,0027]2005dbar, 33degC
1688105275:[SBE61 ,0396]P +20092,T +19497,S +34584
1688105286:[MRMAID,0184]acq already started
1688105382:[MRMAID,0059]stop canceled
1688105387:[MRMAID,0005]ascent request rejected
1688108849:[MRMAID,0052]$STOPACK:+
1688108849:[MRMAID,0185]29 spurious byte(s) received
1688108851:[MRMAID,0185]2 spurious byte(s) received
1688108884:[SBE61 ,0396]P +20098,T +19536,S +34581
1688108886:[MRMAID,0002]acq started
1688112449:[MRMAID,0003]acq stopped
1688112449:[MRMAID,0052]$MEASFS,140459,3510.222504,40.014273;
1688112484:[SBE61 ,0396]P +20082,T +19475,S +34584
1688112485:[MRMAID,0002]acq started
1688116058:[MRMAID,0003]acq stopped
1688116058:[MRMAID,0052]$MEASFS,140858,3520.193970,40.014272;
1688116094:[SBE61 ,0396]P +20076,T +19292,S +34587
1688116095:[MRMAID,0002]acq started
1688118556:[BUOY  ,0087]from +1mbar/s to +0mbar/s
1688118556:[PUMP  ,0378]Outflow calculated : 2712
1688118556:[BUOY  ,0089]need to transfer +2mL (pump during 2910ms)
1688118556:[MRMAID,0003]acq stopped
1688118556:[MRMAID,0052]$MEASFS,96382,2408.690552,40.014272;
1688118558:[PUMP  ,0016]pump during 2910ms
1688118562:[MRMAID,0002]acq started
1688119658:[MRMAID,0052]$STOPACK:+$MEASFS,41727,1042.802917,40.014272;
1688119660:[MRMAID,0185]2 spurious byte(s) received
1688119693:[SBE61 ,0396]P +20144,T +19450,S +34585
1688119695:[MRMAID,0002]acq started
1688121585:[BUOY  ,0087]from -1mbar/s to +0mbar/s
1688121585:[BUOY  ,0090]need to transfer -2mL (valve during 57ms)
1688121585:[MRMAID,0003]acq stopped
1688121585:[MRMAID,0052]$MEASFS,73533,1837.669311,40.014272;
1688121585:[VALVE ,0034]valve opening 57ms
1688121597:[MRMAID,0002]acq started
1688121921:[BUOY  ,0087]from +2mbar/s to +0mbar/s
1688121921:[PUMP  ,0378]Outflow calculated : 2713
1688121921:[BUOY  ,0089]need to transfer +6mL (pump during 8729ms)
1688121921:[MRMAID,0003]acq stopped
1688121923:[PUMP  ,0016]pump during 8729ms
1688121931:[PUMP  ,0212]battery 14542mV,  930250uA (steady state), P+200348mbar
1688121933:[MRMAID,0002]acq started
1688122249:[BUOY  ,0087]from +1mbar/s to +0mbar/s
1688122249:[PUMP  ,0378]Outflow calculated : 2712
1688122249:[BUOY  ,0089]need to transfer +2mL (pump during 2922ms)
1688122249:[MRMAID,0003]acq stopped
1688122251:[PUMP  ,0016]pump during 2922ms
1688122255:[MRMAID,0002]acq started
1688122576:[BUOY  ,0087]from +1mbar/s to +0mbar/s
1688122576:[PUMP  ,0378]Outflow calculated : 2712
1688122576:[BUOY  ,0089]need to transfer +2mL (pump during 2922ms)
1688122576:[MRMAID,0003]acq stopped
1688122578:[PUMP  ,0016]pump during 2922ms
1688122582:[MRMAID,0002]acq started
1688123267:[MRMAID,0003]acq stopped
1688123267:[MRMAID,0185]3 spurious byte(s) received
1688123303:[SBE61 ,0396]P +20060,T +19431,S +34585
1688123304:[MRMAID,0002]acq started
1688126867:[MRMAID,0003]acq stopped
1688126867:[MRMAID,0052]$MEASFS,140458,3510.197540,40.014272;
1688126903:[SBE61 ,0396]P +20048,T +19397,S +34586
1688126904:[MRMAID,0002]acq started
1688130368:[MRMAID,0027]2004dbar, 33degC
1688130502:[SBE61 ,0396]P +20051,T +19384,S +34584
1688130512:[MRMAID,0059]stop canceled
1688130517:[MRMAID,0005]ascent request rejected
1688130523:[MRMAID,0184]acq already started
1688134076:[MRMAID,0003]acq stopped
1688134077:[MRMAID,0052]$MEASFS,284899,7119.934570,40.014272;
1688134112:[SBE61 ,0396]P +20037,T +19359,S +34587
1688134113:[MRMAID,0002]acq started
1688137010:[MAIN  ,0140]stage[1] complete 9278s after mission start
1688137017:[SBE   ,0391]Mode changed from PROFILING to SLEEP
1688137018:[MRMAID,0003]acq stopped
1688137018:[MRMAID,0052]$MEASFS,114138,2852.432220,40.014272;
1688137019:[MAIN  ,0056]stage[2]
1688137021:[MAIN  ,0024]internal pressure 77182Pa
1688137022:[BUOY  ,0037]P+199888mbar
1688137023:[BUOY  ,0087]from +0mbar/s to +9mbar/s
1688137024:[BUOY  ,0090]need to transfer -130mL (valve during 3708ms)
1688137024:[VALVE ,0034]valve opening 3708ms
1688137027:[VALVE ,0234]battery 14641mV,  525576uA, P+199868mbar
1688137349:[BUOY  ,0087]from +7mbar/s to +9mbar/s
1688137349:[BUOY  ,0090]need to transfer -52mL (valve during 1477ms)
1688137349:[VALVE ,0034]valve opening 1477ms
1688137350:[VALVE ,0234]battery 14666mV,  526308uA, P+202258mbar
1688137974:[PRESS ,0038]P+207928mbar,T+32767mdegC
1688138624:[PRESS ,0038]P+213528mbar,T+32767mdegC
1688139273:[PRESS ,0038]P+219218mbar,T+32767mdegC
1688139923:[PRESS ,0038]P+224898mbar,T+32767mdegC
1688140573:[PRESS ,0038]P+230728mbar,T+32767mdegC
1688141223:[PRESS ,0038]P+236138mbar,T+32767mdegC
1688141572:[BUOY  ,0087]from +7mbar/s to +9mbar/s
1688141572:[BUOY  ,0090]need to transfer -52mL (valve during 1359ms)
1688141572:[VALVE ,0034]valve opening 1359ms
1688141574:[VALVE ,0234]battery 14667mV,  526552uA, P+238728mbar
1688141873:[PRESS ,0038]P+241308mbar,T+32767mdegC
1688142523:[PRESS ,0038]P+246688mbar,T+32767mdegC
1688143172:[PRESS ,0038]P+251818mbar,T+32767mdegC
1688143197:[BUOY  ,0087]from +7mbar/s to +9mbar/s
1688143197:[BUOY  ,0090]need to transfer -52mL (valve during 1323ms)
1688143197:[VALVE ,0034]valve opening 1323ms
1688143199:[VALVE ,0234]battery 14671mV,  526674uA, P+251988mbar
1688143822:[PRESS ,0038]P+257588mbar,T+32767mdegC
1688144472:[PRESS ,0038]P+263488mbar,T+32767mdegC
1688145122:[PRESS ,0038]P+269768mbar,T+32767mdegC
1688145772:[PRESS ,0038]P+276188mbar,T+32767mdegC
1688146421:[PRESS ,0038]P+282468mbar,T+32767mdegC
1688147071:[PRESS ,0038]P+288488mbar,T+32767mdegC
1688147721:[PRESS ,0038]P+294268mbar,T+32767mdegC
1688148371:[PRESS ,0038]P+299588mbar,T+32767mdegC
1688148396:[BUOY  ,0087]from +7mbar/s to +9mbar/s
1688148396:[BUOY  ,0090]need to transfer -52mL (valve during 1212ms)
1688148396:[VALVE ,0034]valve opening 1212ms
1688148397:[VALVE ,0234]battery 14666mV,  526674uA, P+299768mbar
1688149021:[PRESS ,0038]P+305828mbar,T+32767mdegC
1688149671:[PRESS ,0038]P+311908mbar,T+32767mdegC
1688150320:[PRESS ,0038]P+318148mbar,T+32767mdegC
1688150970:[PRESS ,0038]P+324188mbar,T+32767mdegC
1688151620:[PRESS ,0038]P+330038mbar,T+32767mdegC
1688152270:[PRESS ,0038]P+335898mbar,T+32767mdegC
1688152920:[PRESS ,0038]P+341738mbar,T+32767mdegC
1688153569:[PRESS ,0038]P+347758mbar,T+32767mdegC
1688154219:[PRESS ,0038]P+353918mbar,T+32767mdegC
1688154869:[PRESS ,0038]P+360048mbar,T+32767mdegC
1688155519:[PRESS ,0038]P+366038mbar,T+32767mdegC
1688156169:[PRESS ,0038]P+371888mbar,T+32767mdegC
1688156518:[BUOY  ,0087]from +9mbar/s to +6mbar/s
1688156518:[PUMP  ,0378]Outflow calculated : 2609
1688156518:[BUOY  ,0089]need to transfer +72mL (pump during 108761ms)
1688156520:[PUMP  ,0016]pump during 60000ms
1688156579:[PUMP  ,0212]battery 14372mV, 1530734uA (steady state), P+375078mbar
1688156820:[PRESS ,0038]P+377698mbar,T+32767mdegC
1688156845:[BUOY  ,0087]from +8mbar/s to +6mbar/s
1688156845:[PUMP  ,0378]Outflow calculated : 2608
1688156845:[BUOY  ,0089]need to transfer +44mL (pump during 66465ms)
1688156846:[PUMP  ,0016]pump during 60000ms
1688156905:[PUMP  ,0212]battery 14131mV, 1540738uA (steady state), P+377928mbar
1688157171:[BUOY  ,0087]from +9mbar/s to +6mbar/s
1688157171:[PUMP  ,0378]Outflow calculated : 2597
1688157171:[BUOY  ,0089]need to transfer +72mL (pump during 115016ms)
1688157172:[PUMP  ,0016]pump during 60000ms
1688157231:[PUMP  ,0212]battery 14112mV, 1557818uA (steady state), P+380548mbar
1688157478:[PRESS ,0038]P+382738mbar,T+32767mdegC
1688157822:[BUOY  ,0087]from +8mbar/s to +6mbar/s
1688157822:[PUMP  ,0378]Outflow calculated : 2598
1688157822:[BUOY  ,0089]need to transfer +44mL (pump during 68643ms)
1688157824:[PUMP  ,0016]pump during 60000ms
1688157883:[PUMP  ,0212]battery 14258mV, 1555866uA (steady state), P+385198mbar
1688158449:[PRESS ,0038]P+388958mbar,T+32767mdegC
1688159423:[PRESS ,0038]P+394638mbar,T+32767mdegC
1688159448:[BUOY  ,0087]from +5mbar/s to +2mbar/s
1688159448:[PUMP  ,0378]Outflow calculated : 2596
1688159448:[BUOY  ,0089]need to transfer +34mL (pump during 52121ms)
1688159450:[PUMP  ,0016]pump during 52121ms
1688159502:[PUMP  ,0212]battery 14407mV, 1617232uA (steady state), P+394758mbar
1688159775:[STAGE ,0213]396298mbar reached at 1688159775s, ref 400000mbar +/-5000mbar
1688159775:[BUOY  ,0087]from +7mbar/s to +0mbar/s
1688159775:[PUMP  ,0378]Outflow calculated : 2595
1688159775:[BUOY  ,0089]need to transfer +78mL (pump during 119632ms)
1688159776:[PUMP  ,0016]pump during 60000ms
1688159835:[PUMP  ,0212]battery 14177mV, 1610034uA (steady state), P+396298mbar
1688160101:[BUOY  ,0087]from +4mbar/s to +0mbar/s
1688160101:[PUMP  ,0378]Outflow calculated : 2588
1688160101:[BUOY  ,0089]need to transfer +26mL (pump during 41338ms)
1688160102:[PUMP  ,0016]pump during 41338ms
1688160143:[PUMP  ,0212]battery 14132mV, 1613572uA (steady state), P+397338mbar
1688161928:[PRESS ,0038]P+399698mbar,T+32767mdegC
1688162228:[MAIN  ,0140]stage[2] complete -31040s after mission start
1688162228:[MAIN  ,0056]stage[3]
1688162231:[MAIN  ,0024]internal pressure 78365Pa
1688162231:[SBE   ,0391]Mode changed from SLEEP to UPDATE
1688162231:[BUOY  ,0037]P+400018mbar
1688162233:[BUOY  ,0087]from +1mbar/s to -10mbar/s
1688162233:[PUMP  ,0378]Outflow calculated : 2593
1688162233:[BUOY  ,0089]need to transfer +162mL (pump during 248466ms)
1688162235:[PUMP  ,0016]pump during 60000ms
1688162235:[SBE   ,0391]Mode changed from UPDATE to START
1688162294:[PUMP  ,0212]battery 14460mV, 1616500uA (steady state), P+400038mbar
1688162560:[BUOY  ,0087]from -3mbar/s to -10mbar/s
1688162560:[PUMP  ,0378]Outflow calculated : 2586
1688162560:[BUOY  ,0089]need to transfer +146mL (pump during 233227ms)
1688162561:[PUMP  ,0016]pump during 60000ms
1688162562:[SBE   ,0384]Start profil acquisitions
1688162562:[SBE   ,0391]Mode changed from START to PROFILING
1688162620:[PUMP  ,0212]battery 14168mV, 1671888uA (steady state), P+399218mbar
1688162886:[BUOY  ,0087]from -4mbar/s to -10mbar/s
1688162886:[PUMP  ,0378]Outflow calculated : 2587
1688162886:[BUOY  ,0089]need to transfer +134mL (pump during 214058ms)
1688162887:[PUMP  ,0016]pump during 60000ms
1688162946:[PUMP  ,0212]battery 14128mV, 1620404uA (steady state), P+397728mbar
1688163212:[BUOY  ,0087]from -6mbar/s to -10mbar/s
1688163212:[PUMP  ,0378]Outflow calculated : 2588
1688163212:[BUOY  ,0089]need to transfer +102mL (pump during 162939ms)
1688163214:[PUMP  ,0016]pump during 60000ms
1688163273:[PUMP  ,0212]battery 14121mV, 1629310uA (steady state), P+395858mbar
1688163514:[PRESS ,0038]P+393848mbar,T+32767mdegC
1688163539:[BUOY  ,0087]from -6mbar/s to -10mbar/s
1688163539:[PUMP  ,0378]Outflow calculated : 2592
1688163539:[BUOY  ,0089]need to transfer +102mL (pump during 160883ms)
1688163540:[PUMP  ,0016]pump during 60000ms
1688163599:[PUMP  ,0212]battery 14116mV, 1604056uA (steady state), P+393718mbar
1688163865:[BUOY  ,0087]from -7mbar/s to -10mbar/s
1688163865:[PUMP  ,0378]Outflow calculated : 2593
1688163865:[BUOY  ,0089]need to transfer +82mL (pump during 129338ms)
1688163867:[PUMP  ,0016]pump during 60000ms
1688163925:[PUMP  ,0212]battery 14110mV, 1600518uA (steady state), P+391358mbar
1688164184:[PRESS ,0038]P+388828mbar,T+32767mdegC
1688164192:[BUOY  ,0087]from -7mbar/s to -10mbar/s
1688164192:[PUMP  ,0378]Outflow calculated : 2594
1688164192:[BUOY  ,0089]need to transfer +82mL (pump during 129747ms)
1688164193:[PUMP  ,0016]pump during 60000ms
1688164252:[PUMP  ,0212]battery 14103mV, 1592466uA (steady state), P+388818mbar
1688164518:[BUOY  ,0087]from -8mbar/s to -10mbar/s
1688164518:[PUMP  ,0378]Outflow calculated : 2596
1688164518:[BUOY  ,0089]need to transfer +58mL (pump during 91772ms)
1688164519:[PUMP  ,0016]pump during 60000ms
1688164578:[PUMP  ,0212]battery 14097mV, 1595394uA (steady state), P+386018mbar
1688164820:[PRESS ,0038]P+383238mbar,T+32767mdegC
1688164844:[BUOY  ,0087]from -9mbar/s to -10mbar/s
1688164844:[PUMP  ,0378]Outflow calculated : 2597
1688164844:[BUOY  ,0089]need to transfer +30mL (pump during 47686ms)
1688164846:[PUMP  ,0016]pump during 47686ms
1688164893:[PUMP  ,0212]battery 14100mV, 1570750uA (steady state), P+383008mbar
1688165471:[PRESS ,0038]P+376908mbar,T+32767mdegC
1688165821:[BUOY  ,0087]from -8mbar/s to -10mbar/s
1688165821:[PUMP  ,0378]Outflow calculated : 2605
1688165821:[BUOY  ,0089]need to transfer +58mL (pump during 90625ms)
1688165822:[PUMP  ,0016]pump during 60000ms
1688165881:[PUMP  ,0212]battery 14312mV, 1531710uA (steady state), P+373498mbar
1688166122:[PRESS ,0038]P+370408mbar,T+32767mdegC
1688166472:[BUOY  ,0087]from -9mbar/s to -10mbar/s
1688166472:[PUMP  ,0378]Outflow calculated : 2605
1688166472:[BUOY  ,0089]need to transfer +30mL (pump during 48012ms)
1688166473:[PUMP  ,0016]pump during 48012ms
1688166521:[PUMP  ,0212]battery 14272mV, 1513288uA (steady state), P+366758mbar
1688166774:[PRESS ,0038]P+363638mbar,T+32767mdegC
1688167423:[PRESS ,0038]P+356978mbar,T+32767mdegC
1688168073:[PRESS ,0038]P+350278mbar,T+32767mdegC
1688168723:[PRESS ,0038]P+343778mbar,T+32767mdegC
1688169073:[BUOY  ,0087]from -9mbar/s to -10mbar/s
1688169073:[PUMP  ,0378]Outflow calculated : 2628
1688169073:[BUOY  ,0089]need to transfer +30mL (pump during 45671ms)
1688169074:[PUMP  ,0016]pump during 45671ms
1688169119:[PUMP  ,0212]battery 14445mV, 1422642uA (steady state), P+340398mbar
1688169374:[PRESS ,0038]P+337368mbar,T+32767mdegC
1688169399:[BUOY  ,0087]from -9mbar/s to -10mbar/s
1688169399:[PUMP  ,0378]Outflow calculated : 2630
1688169399:[BUOY  ,0089]need to transfer +30mL (pump during 45637ms)
1688169400:[PUMP  ,0016]pump during 45637ms
1688169445:[PUMP  ,0212]battery 14265mV, 1414468uA (steady state), P+337118mbar
1688170026:[PRESS ,0038]P+330658mbar,T+32767mdegC
1688170675:[PRESS ,0038]P+324088mbar,T+32767mdegC
1688171325:[PRESS ,0038]P+317788mbar,T+32767mdegC
1688171350:[BUOY  ,0087]from -9mbar/s to -10mbar/s
1688171350:[PUMP  ,0378]Outflow calculated : 2641
1688171350:[BUOY  ,0089]need to transfer +30mL (pump during 45489ms)
1688171351:[PUMP  ,0016]pump during 45489ms
1688171396:[PUMP  ,0212]battery 14456mV, 1343586uA (steady state), P+317558mbar
1688171676:[BUOY  ,0087]from -9mbar/s to -10mbar/s
1688171676:[PUMP  ,0378]Outflow calculated : 2643
1688171676:[BUOY  ,0089]need to transfer +30mL (pump during 45455ms)
1688171678:[PUMP  ,0016]pump during 45455ms
1688171723:[PUMP  ,0212]battery 14276mV, 1353102uA (steady state), P+314348mbar
1688171978:[PRESS ,0038]P+311238mbar,T+32767mdegC
1688172628:[PRESS ,0038]P+304428mbar,T+32767mdegC
1688173278:[PRESS ,0038]P+297478mbar,T+32767mdegC
1688173927:[PRESS ,0038]P+290428mbar,T+32767mdegC
1688174577:[PRESS ,0038]P+282978mbar,T+32767mdegC
1688175227:[PRESS ,0038]P+275798mbar,T+32767mdegC
1688175877:[PRESS ,0038]P+268918mbar,T+32767mdegC
1688176527:[PRESS ,0038]P+262218mbar,T+32767mdegC
1688177176:[PRESS ,0038]P+255528mbar,T+32767mdegC
1688177826:[PRESS ,0038]P+249198mbar,T+32767mdegC
1688177851:[BUOY  ,0087]from -9mbar/s to -10mbar/s
1688177851:[PUMP  ,0378]Outflow calculated : 2683
1688177851:[BUOY  ,0089]need to transfer +30mL (pump during 44643ms)
1688177852:[PUMP  ,0016]pump during 44643ms
1688177896:[PUMP  ,0212]battery 14545mV, 1089582uA (steady state), P+248958mbar
1688178477:[PRESS ,0038]P+242778mbar,T+32767mdegC
1688178502:[BUOY  ,0087]from -9mbar/s to -10mbar/s
1688178502:[PUMP  ,0378]Outflow calculated : 2686
1688178502:[BUOY  ,0089]need to transfer +30mL (pump during 44982ms)
1688178504:[PUMP  ,0016]pump during 44982ms
1688178548:[PUMP  ,0212]battery 14446mV, 1073966uA (steady state), P+242528mbar
1688179129:[PRESS ,0038]P+236398mbar,T+32767mdegC
1688179478:[BUOY  ,0087]from -9mbar/s to -10mbar/s
1688179478:[PUMP  ,0378]Outflow calculated : 2691
1688179479:[BUOY  ,0089]need to transfer +30mL (pump during 45023ms)
1688179480:[PUMP  ,0016]pump during 45023ms
1688179525:[PUMP  ,0212]battery 14471mV, 1051396uA (steady state), P+233088mbar
1688179780:[PRESS ,0038]P+229988mbar,T+32767mdegC
1688180430:[PRESS ,0038]P+223208mbar,T+32767mdegC
1688181080:[PRESS ,0038]P+216118mbar,T+32767mdegC
1688181730:[PRESS ,0038]P+209188mbar,T+32767mdegC
1688182379:[PRESS ,0038]P+202508mbar,T+32767mdegC
1688183029:[PRESS ,0038]P+196288mbar,T+32767mdegC
1688183054:[BUOY  ,0087]from -9mbar/s to -10mbar/s
1688183054:[PUMP  ,0378]Outflow calculated : 2714
1688183054:[BUOY  ,0089]need to transfer +30mL (pump during 44183ms)
1688183055:[PUMP  ,0016]pump during 44183ms
1688183099:[PUMP  ,0212]battery 14600mV,  908900uA (steady state), P+196058mbar
1688183680:[PRESS ,0038]P+189808mbar,T+32767mdegC
1688184330:[PRESS ,0038]P+183408mbar,T+32767mdegC
1688184980:[PRESS ,0038]P+177088mbar,T+32767mdegC
1688185630:[PRESS ,0038]P+170788mbar,T+32767mdegC
1688185655:[BUOY  ,0087]from -9mbar/s to -10mbar/s
1688185655:[PUMP  ,0378]Outflow calculated : 2730
1688185655:[BUOY  ,0089]need to transfer +30mL (pump during 43971ms)
1688185656:[PUMP  ,0016]pump during 43971ms
1688185699:[PUMP  ,0212]battery 14620mV,  824232uA (steady state), P+170568mbar
1688186281:[PRESS ,0038]P+164548mbar,T+32767mdegC
1688186931:[PRESS ,0038]P+158028mbar,T+32767mdegC
1688187281:[BUOY  ,0087]from -9mbar/s to -10mbar/s
1688187281:[PUMP  ,0378]Outflow calculated : 2739
1688187281:[BUOY  ,0089]need to transfer +30mL (pump during 43926ms)
1688187282:[PUMP  ,0016]pump during 43926ms
1688187325:[PUMP  ,0212]battery 14612mV,  773724uA (steady state), P+154738mbar
1688187582:[PRESS ,0038]P+151878mbar,T+32767mdegC
1688187932:[BUOY  ,0087]from -9mbar/s to -10mbar/s
1688187932:[PUMP  ,0378]Outflow calculated : 2742
1688187932:[BUOY  ,0089]need to transfer +30mL (pump during 44382ms)
1688187933:[PUMP  ,0016]pump during 44382ms
1688187977:[PUMP  ,0212]battery 14548mV,  747494uA (steady state), P+148678mbar
1688188234:[PRESS ,0038]P+145718mbar,T+32767mdegC
1688188883:[PRESS ,0038]P+139148mbar,T+32767mdegC
1688189533:[PRESS ,0038]P+132458mbar,T+32767mdegC
1688189883:[BUOY  ,0087]from -9mbar/s to -10mbar/s
1688189883:[PUMP  ,0378]Outflow calculated : 2755
1688189883:[BUOY  ,0089]need to transfer +30mL (pump during 43600ms)
1688189884:[PUMP  ,0016]pump during 43600ms
1688189927:[PUMP  ,0212]battery 14652mV,  673562uA (steady state), P+128948mbar
1688190184:[PRESS ,0038]P+125698mbar,T+32767mdegC
1688190834:[PRESS ,0038]P+119188mbar,T+32767mdegC
1688191184:[BUOY  ,0087]from -9mbar/s to -10mbar/s
1688191184:[PUMP  ,0378]Outflow calculated : 2762
1688191184:[BUOY  ,0089]need to transfer +30mL (pump during 43560ms)
1688191185:[PUMP  ,0016]pump during 43560ms
1688191228:[PUMP  ,0212]battery 14655mV,  621590uA (steady state), P+115958mbar
1688191486:[PRESS ,0038]P+112988mbar,T+32767mdegC
1688191510:[BUOY  ,0087]from -9mbar/s to -10mbar/s
1688191510:[PUMP  ,0378]Outflow calculated : 2764
1688191510:[BUOY  ,0089]need to transfer +30mL (pump during 43529ms)
1688191512:[PUMP  ,0016]pump during 43529ms
1688191555:[PUMP  ,0212]battery 14555mV,  609268uA (steady state), P+112778mbar
1688192137:[PRESS ,0038]P+105958mbar,T+32767mdegC
1688192787:[PRESS ,0038]P +98808mbar,T+32767mdegC
1688193136:[BUOY  ,0087]from -9mbar/s to -10mbar/s
1688193136:[PUMP  ,0378]Outflow calculated : 2775
1688193136:[BUOY  ,0089]need to transfer +30mL (pump during 43356ms)
1688193138:[PUMP  ,0016]pump during 43356ms
1688193181:[PUMP  ,0212]battery 14696mV,  538020uA (steady state), P +95438mbar
1688193438:[PRESS ,0038]P +92598mbar,T+32767mdegC
1688194088:[PRESS ,0038]P +86058mbar,T+32767mdegC
1688194738:[PRESS ,0038]P +79348mbar,T+32767mdegC
1688195387:[PRESS ,0038]P +73148mbar,T+32767mdegC
1688196037:[PRESS ,0038]P +67348mbar,T+32767mdegC
1688196062:[BUOY  ,0087]from -9mbar/s to -10mbar/s
1688196062:[PUMP  ,0378]Outflow calculated : 2792
1688196062:[BUOY  ,0089]need to transfer +30mL (pump during 42923ms)
1688196063:[PUMP  ,0016]pump during 42923ms
1688196105:[PUMP  ,0212]battery 14785mV,  431880uA (steady state), P +67098mbar
1688196388:[BUOY  ,0087]from -9mbar/s to -10mbar/s
1688196388:[PUMP  ,0378]Outflow calculated : 2794
1688196388:[BUOY  ,0089]need to transfer +30mL (pump during 42892ms)
1688196390:[PUMP  ,0016]pump during 42892ms
1688196432:[PUMP  ,0212]battery 14700mV,  429684uA (steady state), P +63938mbar
1688196690:[PRESS ,0038]P +60988mbar,T+32767mdegC
1688197340:[PRESS ,0038]P +54348mbar,T+32767mdegC
1688197689:[BUOY  ,0087]from -8mbar/s to -10mbar/s
1688197689:[PUMP  ,0378]Outflow calculated : 2801
1688197689:[BUOY  ,0089]need to transfer +58mL (pump during 82857ms)
1688197691:[PUMP  ,0016]pump during 60000ms
1688197750:[PUMP  ,0212]battery 14782mV,  377224uA (steady state), P +51108mbar
1688197991:[PRESS ,0038]P +47888mbar,T+32767mdegC
1688198641:[PRESS ,0038]P +41028mbar,T+32767mdegC
1688199291:[PRESS ,0038]P +34358mbar,T+32767mdegC
1688199640:[BUOY  ,0087]from -9mbar/s to -10mbar/s
1688199640:[PUMP  ,0378]Outflow calculated : 2814
1688199640:[BUOY  ,0089]need to transfer +30mL (pump during 42556ms)
1688199642:[PUMP  ,0016]pump during 42556ms
1688199684:[PUMP  ,0212]battery 14866mV,  297070uA (steady state), P +30808mbar
1688199942:[PRESS ,0038]P +27768mbar,T+32767mdegC
1688199967:[BUOY  ,0087]from -9mbar/s to -10mbar/s
1688199967:[PUMP  ,0378]Outflow calculated : 2815
1688199967:[BUOY  ,0089]need to transfer +30mL (pump during 42541ms)
1688199968:[PUMP  ,0016]pump during 42541ms
1688200010:[PUMP  ,0212]battery 14823mV,  283284uA (steady state), P +27548mbar
1688200593:[PRESS ,0038]P +20838mbar,T+32767mdegC
1688201243:[PRESS ,0038]P +14018mbar,T+32767mdegC
1688201893:[PRESS ,0038]P  +7728mbar,T+32767mdegC
1688201918:[BUOY  ,0087]from -8mbar/s to -10mbar/s
1688201918:[PUMP  ,0378]Outflow calculated : 2828
1688201918:[BUOY  ,0089]need to transfer +58mL (pump during 81575ms)
1688201919:[PUMP  ,0016]pump during 60000ms
1688201978:[PUMP  ,0212]battery 14960mV,  200690uA (steady state), P  +7508mbar
1688202244:[BUOY  ,0087]from -9mbar/s to -10mbar/s
1688202244:[PUMP  ,0378]Outflow calculated : 2829
1688202244:[BUOY  ,0089]need to transfer +30mL (pump during 42190ms)
1688202245:[PUMP  ,0016]pump during 42190ms
1688202287:[PUMP  ,0212]battery 14921mV,  188856uA (steady state), P  +4228mbar
1688202546:[PRESS ,0038]P  +1308mbar,T+32767mdegC
1688202895:[STAGE ,0214]-172mbar (500) reached at 1688202895s, ascending from 400018mbar
1688202895:[STAGE ,0342]The float reached the surface : OK
1688202895:[MAIN  ,0140]stage[3] complete 9627s after mission start
1688202897:[SBE   ,0391]Mode changed from PROFILING to SLEEP
1688202898:[SBE   ,0391]Mode changed from SLEEP to STOP
1688203123:[SBE   ,0391]Mode changed from STOP to SLEEP
1688203124:[SBE   ,0391]Mode changed from SLEEP to DUMP
1688203124:[SBE   ,0343]SBE dump : 443 stored samples in hexa format
1688203138:[SBE   ,0338]Dump finished
1688203138:[SBE   ,0388]443 samples in 0100/649F4FB7.S61
1688203139:[SBE   ,0391]Mode changed from DUMP to SLEEP
1688203139:[MRMAID,0188]acq already stopped
1688203139:[MSSION,0192]mission stopped, 4 stage(s) done
1688203139:[MAIN  ,0065]surfacing
1688203141:[SURFIN,0036]P   -172mbar
1688203143:[SURFIN,0020]filling external bladder
1688203144:[PUMP  ,0016]pump during 30000ms
1688203173:[PUMP  ,0212]battery 14590mV, 1417884uA (steady state), P   -172mbar
1688203191:[PUMP  ,0016]pump during 30000ms
1688203220:[PUMP  ,0212]battery 14840mV,   13054uA (steady state), P   -172mbar
1688203237:[PUMP  ,0016]pump during 30000ms
1688203266:[PUMP  ,0212]battery 14672mV,   13298uA (steady state), P   -172mbar
1688203283:[PUMP  ,0016]pump during 30000ms
1688203292:[PUMP  ,0212]battery 14615mV,    7076uA (steady state), P   -172mbar
1688203292:[PUMP  ,0019]external bladder full
1688203354:[MAIN  ,0272]Vbat 14709mV (min 14392mV)
1688203356:[MAIN  ,0024]internal pressure 75215Pa
1688203356:[MAIN  ,0043]Pext 309mbar (rng 60mbar)
1688203356:[MAIN  ,0064]surface
1688203368:[SURF  ,0022]GPS fix...
1688203459:[SURF  ,0015]10 PPS detected...
1688203460:[MRMAID,0052]$GPSACK:+0,+0,+0,+0,+0,+0,-803680;
1688203470:[MRMAID,0052]$GPSOFF:3686332;
1688203472:[GPSFIX,0179]-13s diff
1688203485:[SURF  ,0222]2023-07-01T09:24:45
1688203485:[SURF  ,0082]N29deg38.368mn, E141deg56.335mn
1688203485:[SURF  ,0084]hdop 0.990, vdop 1.950
1688203495:[SURF  ,0274]last almanac : 6816167
1688203802:[MRMAID,0026]118339 bytes in 0100/649FF0EC.MER
1688203807:[MAIN  ,0320]New pressure offset: 309mbar
1688203807:[SBE   ,0391]Mode changed from SLEEP to RESETOFFSET
1688203869:[SBE   ,0339]new offset = -2.41 received after 63s
1688203869:[SBE   ,0391]Mode changed from RESETOFFSET to SLEEP
1688203870:[MAIN  ,0078]*** switching to 0100/649FF25E ***
