1705617177:[MAIN  ,0007]buoy 467.174-T-0100
1705617177:[MAIN  ,0055]soft pilotage 467.174.300_V2.67-20230503
1705617177:[MAIN  ,0010]cycle 23
1705617177:[SURF  ,0225]surface2
1705617191:[SURF  ,0022]GPS fix...
1705617211:[SURF  ,0015]10 PPS detected...
1705617212:[MRMAID,0052]$GPSACK:+0,+0,+0,+0,+0,+0,-30;
1705617222:[MRMAID,0052]$GPSOFF:3686332;
1705617224:[GPSFIX,0179]-1s diff
1705617225:[SURF  ,0222]2024-01-18T22:33:45
1705617225:[SURF  ,0082]N28deg49.531mn, E139deg25.593mn
1705617225:[SURF  ,0084]hdop 0.710, vdop 1.350
1705617235:[SURF  ,0025]Iridium...
1705617266:[SURF  ,0009]connected in 31s, signal quality 5
1705617368:[MRMAID,0149]<ERR>read 0,-2
1705617368:[MRMAID,0185]2 spurious byte(s) received
1705617368:[MRMAID,0185]2 spurious byte(s) received
1705617411:[MRMAID,0052]$BOARD:452116600-A0;
1705617411:[MRMAID,0185]5 spurious byte(s) received
1705617459:[SURF  ,0218]prompt received, remote cmd end
1705617459:[SURF  ,0012]65 cmd(s) received
1705617490:[UPLOAD,0248]Upload data files...
1705617531:[UPLOAD,0231]"0100/65A92A2A.S61" uploaded at 110bytes/s
1705618005:[SURF  ,0014]disconnected after 770s
1705618010:[SURFIN,0020]filling external bladder
1705618011:[PUMP  ,0016]pump during 30000ms
1705618024:[PUMP  ,0212]battery 14257mV, 1077748uA (steady state), P   +200mbar
1705618024:[PUMP  ,0019]external bladder full
1705618024:[SURF  ,0069]transfer interrupted , retry
1705618035:[SURF  ,0022]GPS fix...
1705618055:[SURF  ,0015]10 PPS detected...
1705618056:[MRMAID,0052]$GPSACK:+54,+0,+17,+22,+36,+10,-12084;
1705618066:[MRMAID,0052]$GPSOFF:3686331;
1705618068:[GPSFIX,0179]-1s diff
1705618069:[SURF  ,0222]2024-01-18T22:47:49
1705618069:[SURF  ,0082]N28deg49.573mn, E139deg25.959mn
1705618069:[SURF  ,0084]hdop 0.590, vdop 1.020
1705618079:[SURF  ,0025]Iridium...
1705618113:[SURF  ,0009]connected in 34s, signal quality 2
1705618190:[MRMAID,0149]<ERR>read 0,-2
1705618190:[MRMAID,0185]2 spurious byte(s) received
1705618190:[MRMAID,0185]2 spurious byte(s) received
1705618225:[MRMAID,0052]$BOARD:452116600-A0;
1705618225:[MRMAID,0185]5 spurious byte(s) received
1705618258:[SURF  ,0218]prompt received, remote cmd end
1705618258:[SURF  ,0012]50 cmd(s) received
1705618278:[UPLOAD,0248]Upload data files...
1705618884:[UPLOAD,0231]"0100/65A9A5CB.MER" uploaded at 123bytes/s
1705619563:[SURF  ,0014]disconnected after 1484s
1705619568:[SURFIN,0020]filling external bladder
1705619569:[PUMP  ,0016]pump during 30000ms
1705619572:[PUMP  ,0019]external bladder full
1705619572:[SURF  ,0069]transfer interrupted , retry
1705619583:[SURF  ,0022]GPS fix...
1705619603:[SURF  ,0015]10 PPS detected...
1705619604:[MRMAID,0052]$GPSACK:+54,+0,+17,+23,-10,-8,-119720;
1705619614:[MRMAID,0052]$GPSOFF:3686330;
1705619616:[GPSFIX,0179]-1s diff
1705619617:[SURF  ,0222]2024-01-18T23:13:37
1705619617:[SURF  ,0082]N28deg49.674mn, E139deg26.647mn
1705619617:[SURF  ,0084]hdop 0.580, vdop 0.860
1705619627:[SURF  ,0025]Iridium...
1705619828:[SURF  ,0023]<WARN>failed to connect #1, code -8, net 1, qual 5, dial 1
1705620046:[SURF  ,0023]<WARN>failed to connect #2, code -8, net 1, qual 5, dial 1
1705620099:[SURF  ,0009]connected in 472s, signal quality 5
1705620182:[MRMAID,0149]<ERR>read 0,-2
1705620182:[MRMAID,0185]1 spurious byte(s) received
1705620182:[MRMAID,0185]2 spurious byte(s) received
1705620214:[SURF  ,0218]prompt received, remote cmd end
1705620214:[SURF  ,0012]22 cmd(s) received
1705620216:[MRMAID,0052]$BOARD:452116600-A0;
1705620217:[MRMAID,0185]5 spurious byte(s) received
1705620231:[UPLOAD,0248]Upload data files...
1705620466:[UPLOAD,0231]"0100/659C54A6.BIN" uploaded at 153bytes/s
1705620483:[MAIN  ,0013]1 file(s) uploaded
1705620519:[SURF  ,0014]disconnected after 892s
1705620524:[SURF  ,0227]1st complete transfer
1705620524:[SURF  ,0226]Go dive
1705620535:[SURF  ,0022]GPS fix...
1705620555:[SURF  ,0015]10 PPS detected...
1705620556:[MRMAID,0052]$GPSACK:+54,+0,+17,+23,+23,+4,-227294;
1705620566:[MRMAID,0052]$GPSOFF:3686330;
1705620568:[GPSFIX,0179]-1s diff
1705620569:[SURF  ,0222]2024-01-18T23:29:29
1705620569:[SURF  ,0082]N28deg49.743mn, E139deg27.100mn
1705620569:[SURF  ,0084]hdop 0.620, vdop 0.910
1705620586:[MAIN  ,0024]internal pressure 76450Pa
1705620587:[BYCMD ,0120]    bypass 20000ms 120000ms (20000ms 60000ms stored)
1705620587:[BYCMD ,0121]    valve 60000ms 12750 (60000ms 12750 stored)
1705620587:[BYCMD ,0376]    pump 60000ms 2832 8320 418 (60000ms 2832 8320 418 stored)
1705620587:[BYCMD ,0123]    rate 2mbar/s (2mbar/s stored)
1705620587:[BYCMD ,0124]    surface 500mbar (500mbar stored)
1705620587:[BYCMD ,0173]    near 7000mbar 2:2:3mbar/s (15000mbar 2:2:3mbar/s stored)
1705620587:[BYCMD ,0380]    middle 6mbar/s (6mbar/s stored)
1705620587:[BYCMD ,0126]    far 25000mbar 9mbar/s (25000mbar 9mbar/s stored)
1705620587:[BYCMD ,0127]    ascent 10mbar/s (10mbar/s stored)
1705620587:[BYCMD ,0128]    dead 300s (300s stored)
1705620587:[BYCMD ,0129]    coeff 16/10 (16/10 stored)
1705620587:[BYCMD ,0130]    stab 10 (10 stored)
1705620587:[BYCMD ,0131]    delay 900s 18000s (900s 3600s stored)
1705620587:[BYCMD ,0132]    mmtime 14400min (2880min stored)
1705620587:[BYCMD ,0133]    dv_landing 100ml (100ml stored)
1705620587:[BYCMD ,0381]    landing confirmation 5 (5 stored)
1705620587:[BYCMD ,0379]    cycle nb 1 (1 stored)
1705620587:[P2TCMD,0150]    p2t37: 15x2000ms, offset 227mbar
1705620588:[P2TCMD,0151]    p2t37: dp 5000mbar, dt 1000000mdegC
1705620588:[STAGE ,0080]Stage [0] 200000mbar (+/-5000mbar) 25200s (<25200s) 
1705620588:[STAGE ,0080]Stage [1] 200000mbar (+/-5000mbar) 788400s (<813600s) MERMAID SBE61 
1705620588:[PROFIL,0302]    manual_profil=1
1705620588:[PROFIL,0303]    manual_profil_rate=1 hours
1705620588:[STAGE ,0080]Stage [2] 300000mbar (+/-5000mbar) 14400s (<828000s) 
1705620588:[STAGE ,0091]Stage [3] surfacing 36000s (<864000s) SBE61 
1705620588:[PROFIL,0284]    speed_detection=1
1705620588:[PROFIL,0285]    bin_average_output=1
1705620588:[PROFIL,0287]    include_transition_bin=1
1705620588:[PROFIL,0304]    include_nbin=1
1705620588:[PROFIL,0301]    load_test_sample=0
1705620588:[PROFIL,0288]    p_cut_off=2dbar
1705620588:[PROFIL,0289]    top_bin_interval=2dbar
1705620588:[PROFIL,0290]    top_bin_size=2dbar
1705620588:[PROFIL,0291]    top_bin_max=500dbar
1705620588:[PROFIL,0292]    middle_bin_interval=10dbar
1705620588:[PROFIL,0293]    middle_bin_size=10dbar
1705620588:[PROFIL,0294]    middle_bin_max=3000dbar
1705620588:[PROFIL,0295]    bottom_bin_interval=50dbar
1705620588:[PROFIL,0296]    bottom_bin_size=50dbar
1705620588:[PROFIL,0297]    pump_time=0s
1705620588:[PROFIL,0298]    speed_start=2mbar/s
1705620588:[PROFIL,0299]    speed_control=10mbar/s
1705620588:[MAIN  ,0070]turn off bluetooth
1705620616:[DIVING,0141]diving from 3mbar, +1mbar/s
1705620616:[BYPASS,0035]bypass opening 120000ms
1705620621:[BYPASS,0104]battery 14712mV,  265594uA (bypass opening), P     +3mbar
1705620746:[BYPASS,0106]battery 14708mV,  301706uA (bypass closing), P     +3mbar
1705620772:[BYPASS,0035]bypass opening 20000ms
1705620778:[BYPASS,0104]battery 14768mV,  260958uA (bypass opening), P   -197mbar
1705620803:[BYPASS,0106]battery 14720mV,  300608uA (bypass closing), P   -197mbar
1705620829:[BYPASS,0035]bypass opening 20000ms
1705620834:[BYPASS,0104]battery 14776mV,  259006uA (bypass opening), P   -197mbar
1705620859:[BYPASS,0106]battery 14725mV,  299754uA (bypass closing), P   -197mbar
1705620886:[BYPASS,0035]bypass opening 20000ms
1705620891:[BYPASS,0104]battery 14775mV,  261568uA (bypass opening), P   -177mbar
1705620916:[BYPASS,0106]battery 14726mV,  298900uA (bypass closing), P   -177mbar
1705621030:[DIVING,0028]523mbar reached (+7mbar/s), 4 bypass done
1705621030:[MAIN  ,0056]stage[0]
1705621033:[MAIN  ,0024]internal pressure 80536Pa
1705621033:[BUOY  ,0037]P   +543mbar
1705621035:[BUOY  ,0087]from +7mbar/s to +9mbar/s
1705621035:[BUOY  ,0090]need to transfer -52mL (valve during 28826ms)
1705621035:[VALVE ,0034]valve opening 28826ms
1705621064:[VALVE ,0234]battery 14508mV,  488366uA, P   +563mbar
1705621685:[BUOY  ,0087]from +7mbar/s to +9mbar/s
1705621685:[BUOY  ,0090]need to transfer -52mL (valve during 8724ms)
1705621685:[VALVE ,0034]valve opening 8724ms
1705621694:[VALVE ,0234]battery 14548mV,  489586uA, P  +5843mbar
1705621986:[PRESS ,0038]P  +8233mbar,T+32767mdegC
1705622635:[PRESS ,0038]P +13653mbar,T+32767mdegC
1705622985:[BUOY  ,0087]from +7mbar/s to +9mbar/s
1705622985:[BUOY  ,0090]need to transfer -52mL (valve during 5220ms)
1705622985:[VALVE ,0034]valve opening 5220ms
1705622990:[VALVE ,0234]battery 14508mV,  487512uA, P +16263mbar
1705623285:[PRESS ,0038]P +18963mbar,T+32767mdegC
1705623635:[BUOY  ,0087]from +7mbar/s to +9mbar/s
1705623635:[BUOY  ,0090]need to transfer -52mL (valve during 4480ms)
1705623635:[VALVE ,0034]valve opening 4480ms
1705623640:[VALVE ,0234]battery 14490mV,  486536uA, P +21953mbar
1705623935:[PRESS ,0038]P +24393mbar,T+32767mdegC
1705624585:[PRESS ,0038]P +30063mbar,T+32767mdegC
1705625235:[PRESS ,0038]P +35923mbar,T+32767mdegC
1705625885:[PRESS ,0038]P +42093mbar,T+32767mdegC
1705626234:[BUOY  ,0087]from +7mbar/s to +9mbar/s
1705626234:[BUOY  ,0090]need to transfer -52mL (valve during 3142ms)
1705626234:[VALVE ,0034]valve opening 3142ms
1705626238:[VALVE ,0234]battery 14411mV,  484096uA, P +44873mbar
1705626535:[PRESS ,0038]P +47433mbar,T+32767mdegC
1705627184:[PRESS ,0038]P +53643mbar,T+32767mdegC
1705627834:[PRESS ,0038]P +60083mbar,T+32767mdegC
1705628484:[PRESS ,0038]P +66543mbar,T+32767mdegC
1705629134:[PRESS ,0038]P +72033mbar,T+32767mdegC
1705629784:[PRESS ,0038]P +78723mbar,T+32767mdegC
1705630433:[PRESS ,0038]P +84023mbar,T+32767mdegC
1705631083:[PRESS ,0038]P +89923mbar,T+32767mdegC
1705631733:[PRESS ,0038]P +95983mbar,T+32767mdegC
1705632408:[BUOY  ,0087]from +7mbar/s to +9mbar/s
1705632408:[BUOY  ,0090]need to transfer -52mL (valve during 2091ms)
1705632408:[VALVE ,0034]valve opening 2091ms
1705632410:[VALVE ,0234]battery 14076mV,  482998uA, P+100903mbar
1705632708:[PRESS ,0038]P+103493mbar,T+32767mdegC
1705633358:[PRESS ,0038]P+109873mbar,T+32767mdegC
1705634007:[PRESS ,0038]P+115723mbar,T+32767mdegC
1705634663:[PRESS ,0038]P+120733mbar,T+32767mdegC
1705635307:[PRESS ,0038]P+126393mbar,T+32767mdegC
1705635957:[PRESS ,0038]P+132093mbar,T+32767mdegC
1705636306:[BUOY  ,0087]from +7mbar/s to +9mbar/s
1705636307:[BUOY  ,0090]need to transfer -52mL (valve during 1807ms)
1705636307:[VALVE ,0034]valve opening 1807ms
1705636308:[VALVE ,0234]battery 13890mV,  486414uA, P+134723mbar
1705636607:[PRESS ,0038]P+137223mbar,T+32767mdegC
1705637257:[PRESS ,0038]P+142773mbar,T+32767mdegC
1705637606:[BUOY  ,0087]from +7mbar/s to +9mbar/s
1705637606:[BUOY  ,0090]need to transfer -52mL (valve during 1740ms)
1705637606:[VALVE ,0034]valve opening 1740ms
1705637608:[VALVE ,0234]battery 13966mV,  493612uA, P+145523mbar
1705637907:[PRESS ,0038]P+148273mbar,T+32767mdegC
1705638556:[PRESS ,0038]P+154513mbar,T+32767mdegC
1705639206:[PRESS ,0038]P+161293mbar,T+32767mdegC
1705639856:[PRESS ,0038]P+168283mbar,T+32767mdegC
1705640506:[PRESS ,0038]P+175153mbar,T+32767mdegC
1705640531:[BUOY  ,0087]from +10mbar/s to +6mbar/s
1705640531:[PUMP  ,0378]Outflow calculated : 2728
1705640531:[BUOY  ,0089]need to transfer +102mL (pump during 146341ms)
1705640532:[PUMP  ,0016]pump during 60000ms
1705640591:[PUMP  ,0212]battery 13850mV,  798002uA (steady state), P+175403mbar
1705640857:[BUOY  ,0087]from +10mbar/s to +6mbar/s
1705640857:[PUMP  ,0378]Outflow calculated : 2727
1705640857:[BUOY  ,0089]need to transfer +102mL (pump during 146341ms)
1705640858:[PUMP  ,0016]pump during 60000ms
1705640917:[PUMP  ,0212]battery 14278mV,  821914uA (steady state), P+178643mbar
1705641159:[PRESS ,0038]P+181603mbar,T+32767mdegC
1705641183:[BUOY  ,0087]from +10mbar/s to +6mbar/s
1705641183:[PUMP  ,0378]Outflow calculated : 2722
1705641183:[BUOY  ,0089]need to transfer +102mL (pump during 151111ms)
1705641185:[PUMP  ,0016]pump during 60000ms
1705641244:[PUMP  ,0212]battery 14291mV,  815448uA (steady state), P+181843mbar
1705641510:[BUOY  ,0087]from +8mbar/s to +6mbar/s
1705641510:[PUMP  ,0378]Outflow calculated : 2721
1705641510:[BUOY  ,0089]need to transfer +44mL (pump during 65185ms)
1705641511:[PUMP  ,0016]pump during 60000ms
1705641570:[PUMP  ,0212]battery 14301mV,  825208uA (steady state), P+184593mbar
1705641811:[PRESS ,0038]P+186793mbar,T+32767mdegC
1705641836:[BUOY  ,0087]from +8mbar/s to +6mbar/s
1705641836:[PUMP  ,0378]Outflow calculated : 2719
1705641836:[BUOY  ,0089]need to transfer +44mL (pump during 65282ms)
1705641837:[PUMP  ,0016]pump during 60000ms
1705641896:[PUMP  ,0212]battery 14306mV,  828502uA (steady state), P+186973mbar
1705642788:[PRESS ,0038]P+191853mbar,T+32767mdegC
1705642812:[BUOY  ,0087]from +4mbar/s to +6mbar/s
1705642812:[BUOY  ,0090]need to transfer -32mL (valve during 932ms)
1705642812:[VALVE ,0034]valve opening 932ms
1705642813:[VALVE ,0234]battery 14330mV,  513010uA, P+191943mbar
1705643137:[BUOY  ,0087]from +5mbar/s to +2mbar/s
1705643137:[PUMP  ,0378]Outflow calculated : 2717
1705643137:[BUOY  ,0089]need to transfer +34mL (pump during 49215ms)
1705643139:[PUMP  ,0016]pump during 49215ms
1705643188:[PUMP  ,0212]battery 14433mV,  856440uA (steady state), P+193723mbar
1705643464:[STAGE ,0213]195163mbar reached at 1705643464s, ref 200000mbar +/-5000mbar
1705643464:[BUOY  ,0087]from +4mbar/s to +0mbar/s
1705643464:[PUMP  ,0378]Outflow calculated : 2715
1705643464:[BUOY  ,0089]need to transfer +26mL (pump during 38052ms)
1705643465:[PUMP  ,0016]pump during 38052ms
1705643503:[PUMP  ,0212]battery 14338mV,  861198uA (steady state), P+195163mbar
1705643790:[BUOY  ,0087]from +4mbar/s to +0mbar/s
1705643790:[PUMP  ,0378]Outflow calculated : 2715
1705643790:[BUOY  ,0089]need to transfer +26mL (pump during 38052ms)
1705643792:[PUMP  ,0016]pump during 38052ms
1705643830:[PUMP  ,0212]battery 14331mV,  864614uA (steady state), P+196273mbar
1705644092:[PRESS ,0038]P+196923mbar,T+32767mdegC
1705645617:[BUOY  ,0087]from +2mbar/s to +0mbar/s
1705645617:[PUMP  ,0378]Outflow calculated : 2713
1705645617:[BUOY  ,0089]need to transfer +6mL (pump during 8677ms)
1705645619:[PUMP  ,0016]pump during 8677ms
1705645627:[PUMP  ,0212]battery 14440mV,  875106uA (steady state), P+200443mbar
1705645944:[BUOY  ,0087]from +1mbar/s to +0mbar/s
1705645944:[PUMP  ,0378]Outflow calculated : 2713
1705645944:[BUOY  ,0089]need to transfer +2mL (pump during 2897ms)
1705645945:[PUMP  ,0016]pump during 2897ms
1705646270:[MAIN  ,0140]stage[0] complete 25240s after mission start
1705646270:[MAIN  ,0056]stage[1]
1705646272:[MAIN  ,0024]internal pressure 77563Pa
1705646274:[MRMAID,0002]acq started
1705646274:[SBE   ,0391]Mode changed from SLEEP to UPDATE
1705646275:[BUOY  ,0037]P+200833mbar
1705646276:[STAGE ,0213]200833mbar reached at 1705646276s, ref 200000mbar +/-5000mbar
1705646278:[SBE   ,0391]Mode changed from UPDATE to START
1705646278:[SBE   ,0385]Start manual acquisitions
1705646278:[SBE   ,0391]Mode changed from START to PROFILING
1705646313:[SBE61 ,0396]P +20119,T +19024,S +34591
1705646323:[MRMAID,0184]acq already started
1705646328:[MRMAID,0059]stop canceled
1705649878:[PRESS ,0038]P+202043mbar,T+32767mdegC
1705649886:[MRMAID,0003]acq stopped
1705649887:[MRMAID,0052]$MEASFS,142449,3559.962006,40.014191;
1705649922:[SBE61 ,0396]P +20244,T +18864,S +34592
1705649923:[MRMAID,0002]acq started
1705650779:[BUOY  ,0087]from +1mbar/s to +0mbar/s
1705650779:[PUMP  ,0378]Outflow calculated : 2712
1705650779:[BUOY  ,0089]need to transfer +2mL (pump during 2892ms)
1705650779:[MRMAID,0003]acq stopped
1705650779:[MRMAID,0185]27 spurious byte(s) received
1705650780:[PUMP  ,0016]pump during 2892ms
1705650785:[MRMAID,0002]acq started
1705653486:[MRMAID,0003]acq stopped
1705653486:[MRMAID,0052]$MEASFS,105978,2648.509064,40.014211;
1705653522:[SBE61 ,0396]P +20226,T +18885,S +34591
1705653523:[MRMAID,0002]acq started
1705657086:[MRMAID,0003]acq stopped
1705657086:[MRMAID,0052]$MEASFS,140447,3509.927002,40.014222;
1705657121:[SBE61 ,0396]P +20264,T +18802,S +34593
1705657122:[MRMAID,0002]acq started
1705660695:[MRMAID,0003]acq stopped
1705660696:[MRMAID,0052]$MEASFS,140849,3519.972534,40.014233;
1705660731:[SBE61 ,0396]P +20241,T +18804,S +34589
1705660732:[MRMAID,0002]acq started
1705664295:[MRMAID,0003]acq stopped
1705664295:[MRMAID,0052]$MEASFS,140446,3509.900421,40.014241;
1705664330:[SBE61 ,0396]P +20328,T +18646,S +34594
1705664332:[MRMAID,0002]acq started
1705666113:[BUOY  ,0087]from +1mbar/s to +0mbar/s
1705666113:[PUMP  ,0378]Outflow calculated : 2711
1705666113:[BUOY  ,0089]need to transfer +2mL (pump during 2901ms)
1705666113:[MRMAID,0003]acq stopped
1705666113:[MRMAID,0052]$MEASFS,69169,1728.609375,40.014246;
1705666115:[PUMP  ,0016]pump during 2901ms
1705666119:[MRMAID,0002]acq started
1705667895:[MRMAID,0003]acq stopped
1705667895:[MRMAID,0185]28 spurious byte(s) received
1705667930:[SBE61 ,0396]P +20420,T +18823,S +34592
1705667931:[MRMAID,0002]acq started
1705670898:[MRMAID,0027]2025dbar, 33degC
1705671504:[MRMAID,0003]acq stopped
1705671504:[MRMAID,0052]$MEASFS,140846,3519.895965,40.014251;
1705671540:[SBE61 ,0396]P +20337,T +18864,S +34591
1705671541:[MRMAID,0002]acq started
1705675104:[MRMAID,0003]acq stopped
1705675104:[MRMAID,0052]$MEASFS,140449,3509.974182,40.014254;
1705675139:[SBE61 ,0396]P +20250,T +18879,S +34592
1705675141:[MRMAID,0002]acq started
1705678714:[MRMAID,0003]acq stopped
1705678714:[MRMAID,0052]$MEASFS,140848,3519.945404,40.014257;
1705678749:[SBE61 ,0396]P +20207,T +18643,S +34594
1705678750:[MRMAID,0002]acq started
1705681748:[BUOY  ,0087]from +1mbar/s to +0mbar/s
1705681748:[PUMP  ,0378]Outflow calculated : 2711
1705681748:[BUOY  ,0089]need to transfer +2mL (pump during 2902ms)
1705681748:[MRMAID,0003]acq stopped
1705681748:[MRMAID,0052]$MEASFS,117834,2944.800263,40.014259;
1705681750:[PUMP  ,0016]pump during 2902ms
1705681754:[MRMAID,0002]acq started
1705682313:[MRMAID,0003]acq stopped
1705682349:[SBE61 ,0396]P +20322,T +18683,S +34593
1705682350:[MRMAID,0002]acq started
1705685913:[MRMAID,0003]acq stopped
1705685913:[MRMAID,0052]$MEASFS,140454,3510.098572,40.014261;
1705685948:[SBE61 ,0396]P +20269,T +18704,S +34594
1705685950:[MRMAID,0002]acq started
1705689522:[MRMAID,0003]acq stopped
1705689523:[MRMAID,0052]$MEASFS,140847,3519.919952,40.014262;
1705689558:[SBE61 ,0396]P +20251,T +18785,S +34593
1705689559:[MRMAID,0002]acq started
1705693122:[MRMAID,0003]acq stopped
1705693122:[MRMAID,0052]$MEASFS,140451,3510.023377,40.014263;
1705693157:[SBE61 ,0396]P +20188,T +18669,S +34593
1705693159:[MRMAID,0002]acq started
1705696722:[MRMAID,0003]acq stopped
1705696722:[MRMAID,0052]$MEASFS,140450,3509.998291,40.014264;
1705696757:[SBE61 ,0396]P +20297,T +18642,S +34594
1705696758:[MRMAID,0002]acq started
1705700331:[MRMAID,0003]acq stopped
1705700334:[MRMAID,0185]1 spurious byte(s) received
1705700367:[SBE61 ,0396]P +20394,T +18747,S +34593
1705700368:[MRMAID,0002]acq started
1705702185:[BUOY  ,0087]from +0mbar/s to -2mbar/s
1705702185:[PUMP  ,0378]Outflow calculated : 2710
1705702185:[BUOY  ,0089]need to transfer +6mL (pump during 8718ms)
1705702185:[MRMAID,0003]acq stopped
1705702185:[MRMAID,0185]28 spurious byte(s) received
1705702187:[PUMP  ,0016]pump during 8718ms
1705702195:[PUMP  ,0212]battery 14228mV,  907436uA (steady state), P+205043mbar
1705702197:[MRMAID,0002]acq started
1705702512:[BUOY  ,0087]from +0mbar/s to -2mbar/s
1705702512:[PUMP  ,0378]Outflow calculated : 2710
1705702512:[BUOY  ,0089]need to transfer +6mL (pump during 8718ms)
1705702513:[MRMAID,0052]$STOPACK:
1705702514:[MRMAID,0185]3 spurious byte(s) received
1705702514:[PUMP  ,0016]pump during 8718ms
1705702522:[PUMP  ,0212]battery 14267mV,  902556uA (steady state), P+205013mbar
1705702524:[MRMAID,0002]acq started
1705703440:[BUOY  ,0087]from -3mbar/s to +0mbar/s
1705703440:[BUOY  ,0090]need to transfer -14mL (valve during 397ms)
1705703440:[MRMAID,0003]acq stopped
1705703440:[MRMAID,0185]19 spurious byte(s) received
1705703441:[VALVE ,0034]valve opening 397ms
1705703453:[MRMAID,0002]acq started
1705703776:[BUOY  ,0087]from +1mbar/s to +0mbar/s
1705703776:[PUMP  ,0378]Outflow calculated : 2712
1705703777:[BUOY  ,0089]need to transfer +2mL (pump during 2904ms)
1705703777:[MRMAID,0003]acq stopped
1705703778:[PUMP  ,0016]pump during 2904ms
1705703782:[MRMAID,0002]acq started
1705703931:[MRMAID,0003]acq stopped
1705703966:[SBE61 ,0396]P +20329,T +19064,S +34589
1705703968:[MRMAID,0002]acq started
1705704704:[BUOY  ,0087]from +1mbar/s to +0mbar/s
1705704704:[PUMP  ,0378]Outflow calculated : 2711
1705704704:[BUOY  ,0089]need to transfer +2mL (pump during 2906ms)
1705704704:[MRMAID,0003]acq stopped
1705704704:[MRMAID,0185]11 spurious byte(s) received
1705704706:[PUMP  ,0016]pump during 2906ms
1705704710:[MRMAID,0002]acq started
1705705031:[BUOY  ,0087]from +1mbar/s to +0mbar/s
1705705031:[PUMP  ,0378]Outflow calculated : 2711
1705705031:[BUOY  ,0089]need to transfer +2mL (pump during 2905ms)
1705705031:[MRMAID,0003]acq stopped
1705705033:[PUMP  ,0016]pump during 2905ms
1705705037:[MRMAID,0002]acq started
1705705359:[BUOY  ,0087]from +2mbar/s to +0mbar/s
1705705359:[PUMP  ,0378]Outflow calculated : 2711
1705705359:[BUOY  ,0089]need to transfer +6mL (pump during 8715ms)
1705705359:[MRMAID,0003]acq stopped
1705705360:[PUMP  ,0016]pump during 8715ms
1705705369:[PUMP  ,0212]battery 14322mV,  894870uA (steady state), P+204163mbar
1705705371:[MRMAID,0002]acq started
1705705686:[BUOY  ,0087]from +2mbar/s to +0mbar/s
1705705686:[PUMP  ,0378]Outflow calculated : 2710
1705705686:[BUOY  ,0089]need to transfer +6mL (pump during 8739ms)
1705705686:[MRMAID,0003]acq stopped
1705705688:[PUMP  ,0016]pump during 8739ms
1705705696:[PUMP  ,0212]battery 14295mV,  904874uA (steady state), P+204573mbar
1705705698:[MRMAID,0002]acq started
1705706013:[BUOY  ,0087]from +1mbar/s to +0mbar/s
1705706013:[PUMP  ,0378]Outflow calculated : 2710
1705706013:[BUOY  ,0089]need to transfer +2mL (pump during 2913ms)
1705706014:[MRMAID,0003]acq stopped
1705706015:[PUMP  ,0016]pump during 2913ms
1705706019:[MRMAID,0002]acq started
1705706341:[BUOY  ,0087]from +0mbar/s to -2mbar/s
1705706341:[PUMP  ,0378]Outflow calculated : 2710
1705706341:[BUOY  ,0089]need to transfer +6mL (pump during 8745ms)
1705706341:[MRMAID,0003]acq stopped
1705706342:[PUMP  ,0016]pump during 8745ms
1705706351:[PUMP  ,0212]battery 14301mV,  903776uA (steady state), P+205343mbar
1705706353:[MRMAID,0002]acq started
1705706668:[BUOY  ,0087]from -1mbar/s to -2mbar/s
1705706668:[PUMP  ,0378]Outflow calculated : 2710
1705706668:[BUOY  ,0089]need to transfer +4mL (pump during 5830ms)
1705706668:[MRMAID,0052]$STO
1705706670:[PUMP  ,0016]pump during 5830ms
1705706670:[MRMAID,0185]8 spurious byte(s) received
1705706675:[PUMP  ,0212]battery 14295mV,  901946uA (steady state), P+205313mbar
1705706677:[MRMAID,0002]acq started
1705706995:[BUOY  ,0087]from -1mbar/s to -2mbar/s
1705706995:[PUMP  ,0378]Outflow calculated : 2710
1705706995:[BUOY  ,0089]need to transfer +4mL (pump during 5841ms)
1705706996:[MRMAID,0003]acq stopped
1705706997:[PUMP  ,0016]pump during 5841ms
1705707002:[PUMP  ,0212]battery 14297mV,  904752uA (steady state), P+205083mbar
1705707004:[MRMAID,0002]acq started
1705707531:[MRMAID,0052]$STOP
1705707532:[MRMAID,0185]7 spurious byte(s) received
1705707566:[SBE61 ,0396]P +20466,T +18834,S +34592
1705707567:[MRMAID,0002]acq started
1705709724:[BUOY  ,0087]from -2mbar/s to +0mbar/s
1705709724:[BUOY  ,0090]need to transfer -6mL (valve during 172ms)
1705709724:[MRMAID,0003]acq stopped
1705709724:[MRMAID,0052]$MEASFS,84192,2104.049652,40.014265;
1705709725:[VALVE ,0034]valve opening 172ms
1705709736:[MRMAID,0002]acq started
1705710060:[BUOY  ,0087]from +2mbar/s to +0mbar/s
1705710060:[PUMP  ,0378]Outflow calculated : 2713
1705710060:[BUOY  ,0089]need to transfer +6mL (pump during 8694ms)
1705710061:[MRMAID,0003]acq stopped
1705710062:[PUMP  ,0016]pump during 8694ms
1705710070:[PUMP  ,0212]battery 14346mV,  879132uA (steady state), P+200073mbar
1705710072:[MRMAID,0002]acq started
1705710388:[BUOY  ,0087]from +1mbar/s to +0mbar/s
1705710388:[PUMP  ,0378]Outflow calculated : 2713
1705710388:[BUOY  ,0089]need to transfer +2mL (pump during 2905ms)
1705710388:[MRMAID,0003]acq stopped
1705710390:[PUMP  ,0016]pump during 2905ms
1705710394:[MRMAID,0002]acq started
1705710715:[BUOY  ,0087]from +2mbar/s to +0mbar/s
1705710715:[PUMP  ,0378]Outflow calculated : 2713
1705710715:[BUOY  ,0089]need to transfer +6mL (pump during 8714ms)
1705710715:[MRMAID,0003]acq stopped
1705710717:[PUMP  ,0016]pump during 8714ms
1705710725:[PUMP  ,0212]battery 14340mV,  887916uA (steady state), P+201113mbar
1705710727:[MRMAID,0002]acq started
1705711140:[MRMAID,0003]acq stopped
1705711176:[SBE61 ,0396]P +20185,T +18992,S +34590
1705711177:[MRMAID,0002]acq started
1705711343:[BUOY  ,0087]from +1mbar/s to +0mbar/s
1705711343:[PUMP  ,0378]Outflow calculated : 2712
1705711343:[BUOY  ,0089]need to transfer +2mL (pump during 2911ms)
1705711343:[MRMAID,0003]acq stopped
1705711344:[PUMP  ,0016]pump during 2911ms
1705711349:[MRMAID,0002]acq started
1705711970:[BUOY  ,0087]from +1mbar/s to +0mbar/s
1705711970:[PUMP  ,0378]Outflow calculated : 2712
1705711970:[BUOY  ,0089]need to transfer +2mL (pump during 2908ms)
1705711970:[MRMAID,0003]acq stopped
1705711972:[PUMP  ,0016]pump during 2908ms
1705711976:[MRMAID,0002]acq started
1705714098:[BUOY  ,0087]from -1mbar/s to +0mbar/s
1705714098:[BUOY  ,0090]need to transfer -2mL (valve during 57ms)
1705714098:[MRMAID,0003]acq stopped
1705714098:[MRMAID,0052]$MEASFS,82807,2069.436981,40.014265;
1705714099:[VALVE ,0034]valve opening 57ms
1705714111:[MRMAID,0002]acq started
1705714735:[BUOY  ,0087]from +1mbar/s to +0mbar/s
1705714735:[PUMP  ,0378]Outflow calculated : 2713
1705714735:[BUOY  ,0089]need to transfer +2mL (pump during 2897ms)
1705714735:[MRMAID,0003]acq stopped
1705714737:[PUMP  ,0016]pump during 2897ms
1705714741:[MRMAID,0002]acq started
1705714777:[SBE61 ,0396]P +20046,T +19162,S +34587
1705714787:[MRMAID,0184]acq already started
1705714794:[MRMAID,0059]stop canceled
1705715062:[BUOY  ,0087]from +1mbar/s to +0mbar/s
1705715062:[PUMP  ,0378]Outflow calculated : 2713
1705715062:[BUOY  ,0089]need to transfer +2mL (pump during 2897ms)
1705715062:[MRMAID,0003]acq stopped
1705715064:[PUMP  ,0016]pump during 2897ms
1705715068:[MRMAID,0002]acq started
1705715389:[BUOY  ,0101]stage[1] 10 stab done
1705715389:[BUOY  ,0087]from +2mbar/s to +0mbar/s
1705715389:[PUMP  ,0378]Outflow calculated : 2713
1705715389:[BUOY  ,0089]need to transfer +6mL (pump during 8701ms)
1705715389:[MRMAID,0003]acq stopped
1705715391:[PUMP  ,0016]pump during 8701ms
1705715399:[PUMP  ,0212]battery 14353mV,  891698uA (steady state), P+200933mbar
1705715401:[MRMAID,0002]acq started
1705718340:[MRMAID,0003]acq stopped
1705718340:[MRMAID,0052]$MEASFS,115493,2886.295685,40.014265;
1705718376:[SBE61 ,0396]P +20067,T +19029,S +34589
1705718377:[MRMAID,0002]acq started
1705721940:[MRMAID,0003]acq stopped
1705721940:[MRMAID,0052]$MEASFS,140444,3509.848236,40.014266;
1705721975:[SBE61 ,0396]P +20330,T +18966,S +34590
1705721977:[MRMAID,0002]acq started
1705725550:[MRMAID,0003]acq stopped
1705725550:[MRMAID,0052]$MEASFS,140849,3519.969604,40.014266;
1705725585:[SBE61 ,0396]P +20045,T +18929,S +34590
1705725586:[MRMAID,0002]acq started
1705729149:[MRMAID,0003]acq stopped
1705729149:[MRMAID,0052]$MEASFS,140446,3509.898194,40.014266;
1705729185:[SBE61 ,0396]P +20058,T +18862,S +34591
1705729186:[MRMAID,0002]acq started
1705732749:[MRMAID,0003]acq stopped
1705732749:[MRMAID,0052]$MEASFS,140450,3509.998139,40.014266;
1705732784:[SBE61 ,0396]P +20167,T +18646,S +34594
1705732785:[MRMAID,0002]acq started
1705736358:[MRMAID,0003]acq stopped
1705736358:[MRMAID,0052]$MEASFS,140848,3519.944550,40.014267;
1705736394:[SBE61 ,0396]P +20321,T +18729,S +34592
1705736395:[MRMAID,0002]acq started
1705739958:[MRMAID,0003]acq stopped
1705739958:[MRMAID,0052]$MEASFS,140449,3509.973084,40.014267;
1705739993:[SBE61 ,0396]P +20341,T +18843,S +34592
1705739995:[MRMAID,0002]acq started
1705743558:[MRMAID,0003]acq stopped
1705743558:[MRMAID,0052]$MEASFS,140449,3509.973084,40.014267;
1705743593:[SBE61 ,0396]P +20138,T +18824,S +34592
1705743594:[MRMAID,0002]acq started
1705747167:[MRMAID,0003]acq stopped
1705747167:[MRMAID,0052]$MEASFS,140844,3519.844543,40.014267;
1705747203:[SBE61 ,0396]P +20239,T +18834,S +34591
1705747204:[MRMAID,0002]acq started
1705750767:[MRMAID,0003]acq stopped
1705750767:[MRMAID,0052]$MEASFS,140449,3509.973084,40.014267;
1705750802:[SBE61 ,0396]P +20295,T +18845,S +34591
1705750804:[MRMAID,0002]acq started
1705754376:[MRMAID,0003]acq stopped
1705754377:[MRMAID,0052]$MEASFS,140848,3519.944519,40.014267;
1705754412:[SBE61 ,0396]P +20237,T +18845,S +34591
1705754413:[MRMAID,0002]acq started
1705757976:[MRMAID,0003]acq stopped
1705757976:[MRMAID,0052]$MEASFS,140448,3509.948059,40.014267;
1705758012:[SBE61 ,0396]P +20247,T +18844,S +34591
1705758013:[MRMAID,0002]acq started
1705761576:[MRMAID,0003]acq stopped
1705761576:[MRMAID,0052]$MEASFS,140450,3509.998078,40.014267;
1705761611:[SBE61 ,0396]P +20066,T +18755,S +34591
1705761613:[MRMAID,0002]acq started
1705765185:[MRMAID,0003]acq stopped
1705765185:[MRMAID,0052]$MEASFS,140846,3519.894532,40.014267;
1705765221:[SBE61 ,0396]P +20238,T +18544,S +34595
1705765222:[MRMAID,0002]acq started
1705765886:[MRMAID,0027]2021dbar, 33degC
1705766070:[MRMAID,0005]ascent request rejected
1705768785:[MRMAID,0003]acq stopped
1705768785:[MRMAID,0052]$MEASFS,140447,3509.923034,40.014268;
1705768820:[SBE61 ,0396]P +20341,T +18587,S +34594
1705768822:[MRMAID,0002]acq started
1705772385:[MRMAID,0003]acq stopped
1705772385:[MRMAID,0052]$MEASFS,140449,3509.973023,40.014268;
1705772420:[SBE61 ,0396]P +20304,T +18763,S +34592
1705772421:[MRMAID,0002]acq started
1705775994:[MRMAID,0003]acq stopped
1705775994:[MRMAID,0052]$MEASFS,140848,3519.944488,40.014267;
1705776030:[SBE61 ,0396]P +20293,T +18771,S +34592
1705776031:[MRMAID,0002]acq started
1705779594:[MRMAID,0003]acq stopped
1705779594:[MRMAID,0052]$MEASFS,140453,3510.072967,40.014268;
1705779629:[SBE61 ,0396]P +20333,T +18774,S +34592
1705779631:[MRMAID,0002]acq started
1705783203:[MRMAID,0003]acq stopped
1705783204:[MRMAID,0052]$MEASFS,140848,3519.944488,40.014267;
1705783239:[SBE61 ,0396]P +20326,T +18893,S +34590
1705783240:[MRMAID,0002]acq started
1705786803:[MRMAID,0003]acq stopped
1705786803:[MRMAID,0052]$MEASFS,140449,3509.973053,40.014267;
1705786839:[SBE61 ,0396]P +20283,T +18873,S +34591
1705786840:[MRMAID,0002]acq started
1705787371:[MRMAID,0027]2026dbar, 33degC
1705790403:[MRMAID,0003]acq stopped
1705790403:[MRMAID,0052]$MEASFS,140447,3509.923066,40.014267;
1705790438:[SBE61 ,0396]P +20539,T +18958,S +34590
1705790439:[MRMAID,0002]acq started
1705790453:[BUOY  ,0087]from +1mbar/s to -2mbar/s
1705790453:[PUMP  ,0378]Outflow calculated : 2710
1705790453:[BUOY  ,0089]need to transfer +8mL (pump during 11626ms)
1705790455:[PUMP  ,0016]pump during 11626ms
1705790466:[PUMP  ,0212]battery 14227mV,  909144uA (steady state), P+205053mbar
1705790477:[MRMAID,0184]acq already started
1705790493:[MRMAID,0059]stop canceled
1705793791:[BUOY  ,0087]from -2mbar/s to +0mbar/s
1705793791:[BUOY  ,0090]need to transfer -6mL (valve during 172ms)
1705793791:[MRMAID,0003]acq stopped
1705793792:[MRMAID,0052]$MEASFS,132006,3298.973328,40.014267;
1705793792:[VALVE ,0034]valve opening 172ms
1705793804:[MRMAID,0002]acq started
1705794012:[MRMAID,0003]acq stopped
1705794048:[SBE61 ,0396]P +19973,T +19290,S +34585
1705794049:[MRMAID,0002]acq started
1705795028:[BUOY  ,0087]from +1mbar/s to +0mbar/s
1705795028:[PUMP  ,0378]Outflow calculated : 2713
1705795028:[BUOY  ,0089]need to transfer +2mL (pump during 2903ms)
1705795028:[MRMAID,0003]acq stopped
1705795028:[MRMAID,0185]27 spurious byte(s) received
1705795030:[PUMP  ,0016]pump during 2903ms
1705795034:[MRMAID,0002]acq started
1705795356:[BUOY  ,0087]from +1mbar/s to +0mbar/s
1705795356:[PUMP  ,0378]Outflow calculated : 2713
1705795356:[BUOY  ,0089]need to transfer +2mL (pump during 2902ms)
1705795356:[MRMAID,0003]acq stopped
1705795357:[PUMP  ,0016]pump during 2902ms
1705795361:[MRMAID,0002]acq started
1705795683:[BUOY  ,0087]from +2mbar/s to +0mbar/s
1705795683:[PUMP  ,0378]Outflow calculated : 2713
1705795683:[BUOY  ,0089]need to transfer +6mL (pump during 8707ms)
1705795683:[MRMAID,0003]acq stopped
1705795685:[PUMP  ,0016]pump during 8707ms
1705795693:[PUMP  ,0212]battery 14316mV,  891820uA (steady state), P+200853mbar
1705795695:[MRMAID,0002]acq started
1705796010:[BUOY  ,0087]from +2mbar/s to +0mbar/s
1705796010:[PUMP  ,0378]Outflow calculated : 2712
1705796010:[BUOY  ,0089]need to transfer +6mL (pump during 8730ms)
1705796010:[MRMAID,0003]acq stopped
1705796012:[PUMP  ,0016]pump during 8730ms
1705796020:[PUMP  ,0212]battery 14298mV,  890966uA (steady state), P+201243mbar
1705796022:[MRMAID,0002]acq started
1705797612:[MRMAID,0003]acq stopped
1705797612:[MRMAID,0052]$MEASFS,61511,1537.226715,40.014267;
1705797647:[SBE61 ,0396]P +20086,T +19044,S +34588
1705797649:[MRMAID,0002]acq started
1705801212:[MRMAID,0003]acq stopped
1705801212:[MRMAID,0052]$MEASFS,140464,3510.347992,40.014266;
1705801247:[SBE61 ,0396]P +20128,T +19174,S +34587
1705801248:[MRMAID,0002]acq started
1705804821:[MRMAID,0003]acq stopped
1705804821:[MRMAID,0052]$MEASFS,140849,3519.969543,40.014267;
1705804857:[SBE61 ,0396]P +20095,T +19079,S +34588
1705804858:[MRMAID,0002]acq started
1705808421:[MRMAID,0003]acq stopped
1705808421:[MRMAID,0052]$MEASFS,140449,3509.973114,40.014267;
1705808456:[SBE61 ,0396]P +20022,T +19073,S +34589
1705808458:[MRMAID,0002]acq started
1705812031:[MRMAID,0003]acq stopped
1705812031:[MRMAID,0052]$MEASFS,140848,3519.944580,40.014266;
1705812066:[SBE61 ,0396]P +20083,T +18973,S +34590
1705812067:[MRMAID,0002]acq started
1705815630:[MRMAID,0003]acq stopped
1705815630:[MRMAID,0052]$MEASFS,140453,3510.073059,40.014267;
1705815666:[SBE61 ,0396]P +20087,T +18946,S +34589
1705815667:[MRMAID,0002]acq started
1705819230:[MRMAID,0003]acq stopped
1705819230:[MRMAID,0052]$MEASFS,140449,3509.973083,40.014267;
1705819265:[SBE61 ,0396]P +20072,T +18937,S +34590
1705819267:[MRMAID,0002]acq started
1705822840:[MRMAID,0003]acq stopped
1705822842:[MRMAID,0185]1 spurious byte(s) received
1705822875:[SBE61 ,0396]P +19905,T +18835,S +34591
1705822876:[MRMAID,0002]acq started
1705823351:[BUOY  ,0087]from -1mbar/s to +0mbar/s
1705823351:[BUOY  ,0090]need to transfer -2mL (valve during 57ms)
1705823351:[MRMAID,0003]acq stopped
1705823351:[VALVE ,0034]valve opening 57ms
1705823363:[MRMAID,0002]acq started
1705823987:[BUOY  ,0087]from +2mbar/s to +0mbar/s
1705823987:[PUMP  ,0378]Outflow calculated : 2713
1705823987:[BUOY  ,0089]need to transfer +6mL (pump during 8705ms)
1705823987:[MRMAID,0003]acq stopped
1705823989:[PUMP  ,0016]pump during 8705ms
1705823997:[PUMP  ,0212]battery 14237mV,  884134uA (steady state), P+200053mbar
1705823999:[MRMAID,0002]acq started
1705824315:[BUOY  ,0087]from +1mbar/s to +0mbar/s
1705824315:[PUMP  ,0378]Outflow calculated : 2713
1705824315:[BUOY  ,0089]need to transfer +2mL (pump during 2904ms)
1705824315:[MRMAID,0003]acq stopped
1705824317:[PUMP  ,0016]pump during 2904ms
1705824321:[MRMAID,0002]acq started
1705824642:[BUOY  ,0087]from +2mbar/s to +0mbar/s
1705824642:[PUMP  ,0378]Outflow calculated : 2713
1705824642:[BUOY  ,0089]need to transfer +6mL (pump during 8718ms)
1705824642:[MRMAID,0003]acq stopped
1705824644:[PUMP  ,0016]pump during 8718ms
1705824652:[PUMP  ,0212]battery 14291mV,  894504uA (steady state), P+201063mbar
1705824654:[MRMAID,0002]acq started
1705826170:[BUOY  ,0101]stage[1] 10 stab done
1705826170:[BUOY  ,0087]from -1mbar/s to +0mbar/s
1705826170:[BUOY  ,0090]need to transfer -2mL (valve during 57ms)
1705826170:[MRMAID,0003]acq stopped
1705826170:[MRMAID,0185]20 spurious byte(s) received
1705826171:[VALVE ,0034]valve opening 57ms
1705826182:[MRMAID,0002]acq started
1705826439:[MRMAID,0003]acq stopped
1705826474:[SBE61 ,0396]P +20062,T +18549,S +34594
1705826476:[MRMAID,0002]acq started
1705828607:[BUOY  ,0087]from +2mbar/s to -2mbar/s
1705828608:[PUMP  ,0378]Outflow calculated : 2710
1705828608:[BUOY  ,0089]need to transfer +12mL (pump during 17425ms)
1705828608:[MRMAID,0003]acq stopped
1705828608:[MRMAID,0052]$MEASFS,83195,2079.133453,40.014266;
1705828609:[PUMP  ,0016]pump during 17425ms
1705828626:[PUMP  ,0212]battery 14321mV,  901458uA (steady state), P+205193mbar
1705828628:[MRMAID,0002]acq started
1705828935:[BUOY  ,0087]from -1mbar/s to -2mbar/s
1705828935:[PUMP  ,0378]Outflow calculated : 2710
1705828935:[BUOY  ,0089]need to transfer +4mL (pump during 5836ms)
1705828935:[MRMAID,0003]acq stopped
1705828937:[PUMP  ,0016]pump during 5836ms
1705828942:[PUMP  ,0212]battery 14277mV,  901336uA (steady state), P+205093mbar
1705828944:[MRMAID,0002]acq started
1705830039:[MRMAID,0003]acq stopped
1705830039:[MRMAID,0185]28 spurious byte(s) received
1705830074:[SBE61 ,0396]P +20378,T +18480,S +34596
1705830075:[MRMAID,0002]acq started
1705833648:[MRMAID,0052]$STOPA$MEASFS,140849,3519.969513,40.014267;
1705833651:[MRMAID,0185]6 spurious byte(s) received
1705833684:[SBE61 ,0396]P +20063,T +18848,S +34591
1705833685:[MRMAID,0002]acq started
1705834065:[BUOY  ,0087]from -1mbar/s to +0mbar/s
1705834065:[BUOY  ,0090]need to transfer -2mL (valve during 57ms)
1705834065:[MRMAID,0003]acq stopped
1705834065:[VALVE ,0034]valve opening 57ms
1705834077:[MRMAID,0002]acq started
1705834401:[BUOY  ,0087]from +2mbar/s to +0mbar/s
1705834401:[PUMP  ,0378]Outflow calculated : 2713
1705834401:[BUOY  ,0089]need to transfer +6mL (pump during 8701ms)
1705834401:[MRMAID,0003]acq stopped
1705834403:[PUMP  ,0016]pump during 8701ms
1705834411:[PUMP  ,0212]battery 14316mV,  888282uA (steady state), P+200503mbar
1705834413:[MRMAID,0002]acq started
1705834728:[BUOY  ,0087]from +1mbar/s to +0mbar/s
1705834728:[PUMP  ,0378]Outflow calculated : 2713
1705834728:[BUOY  ,0089]need to transfer +2mL (pump during 2900ms)
1705834729:[MRMAID,0003]acq stopped
1705834730:[PUMP  ,0016]pump during 2900ms
1705834734:[MRMAID,0002]acq started
1705835056:[BUOY  ,0087]from +1mbar/s to +0mbar/s
1705835056:[PUMP  ,0378]Outflow calculated : 2712
1705835056:[BUOY  ,0089]need to transfer +2mL (pump during 2906ms)
1705835056:[MRMAID,0052]$STOP
1705835057:[MRMAID,0185]7 spurious byte(s) received
1705835058:[PUMP  ,0016]pump during 2906ms
1705835062:[MRMAID,0002]acq started
1705835383:[BUOY  ,0087]from +2mbar/s to +0mbar/s
1705835383:[PUMP  ,0378]Outflow calculated : 2712
1705835383:[BUOY  ,0089]need to transfer +6mL (pump during 8725ms)
1705835383:[MRMAID,0003]acq stopped
1705835385:[PUMP  ,0016]pump during 8725ms
1705835393:[PUMP  ,0212]battery 14323mV,  890356uA (steady state), P+201923mbar
1705835395:[MRMAID,0002]acq started
1705837248:[MRMAID,0003]acq stopped
1705837248:[MRMAID,0052]$MEASFS,72036,1800.257904,40.014267;
1705837283:[SBE61 ,0396]P +20161,T +18861,S +34591
1705837285:[MRMAID,0002]acq started
1705839312:[BUOY  ,0087]from -1mbar/s to +0mbar/s
1705839312:[BUOY  ,0090]need to transfer -2mL (valve during 57ms)
1705839312:[MRMAID,0003]acq stopped
1705839312:[MRMAID,0052]$MEASFS,79012,1974.595703,40.014267;
1705839313:[VALVE ,0034]valve opening 57ms
1705839324:[MRMAID,0002]acq started
1705839649:[BUOY  ,0087]from +2mbar/s to +0mbar/s
1705839649:[PUMP  ,0378]Outflow calculated : 2713
1705839649:[BUOY  ,0089]need to transfer +6mL (pump during 8700ms)
1705839649:[MRMAID,0003]acq stopped
1705839650:[PUMP  ,0016]pump during 8700ms
1705839658:[PUMP  ,0212]battery 14336mV,  886940uA (steady state), P+200113mbar
1705839660:[MRMAID,0002]acq started
1705839976:[BUOY  ,0087]from +1mbar/s to +0mbar/s
1705839976:[PUMP  ,0378]Outflow calculated : 2713
1705839976:[BUOY  ,0089]need to transfer +2mL (pump during 2900ms)
1705839976:[MRMAID,0003]acq stopped
1705839978:[PUMP  ,0016]pump during 2900ms
1705839982:[MRMAID,0002]acq started
1705840303:[BUOY  ,0087]from +2mbar/s to +0mbar/s
1705840303:[PUMP  ,0378]Outflow calculated : 2713
1705840303:[BUOY  ,0089]need to transfer +6mL (pump during 8714ms)
1705840303:[MRMAID,0003]acq stopped
1705840305:[PUMP  ,0016]pump during 8714ms
1705840313:[PUMP  ,0212]battery 14332mV,  886574uA (steady state), P+200883mbar
1705840315:[MRMAID,0002]acq started
1705840631:[BUOY  ,0101]stage[1] 10 stab done
1705840631:[BUOY  ,0087]from +1mbar/s to +0mbar/s
1705840631:[PUMP  ,0378]Outflow calculated : 2713
1705840631:[BUOY  ,0089]need to transfer +2mL (pump during 2905ms)
1705840631:[MRMAID,0003]acq stopped
1705840632:[PUMP  ,0016]pump during 2905ms
1705840637:[MRMAID,0002]acq started
1705840848:[MRMAID,0003]acq stopped
1705840883:[SBE61 ,0396]P +20104,T +18881,S +34590
1705840884:[MRMAID,0002]acq started
1705844457:[MRMAID,0052]$ST$MEASFS,140858,3520.194458,40.014267;
1705844460:[MRMAID,0185]9 spurious byte(s) received
1705844493:[SBE61 ,0396]P +19874,T +18937,S +34590
1705844494:[MRMAID,0002]acq started
1705848057:[MRMAID,0003]acq stopped
1705848057:[MRMAID,0052]$MEASFS,140449,3509.973114,40.014267;
1705848092:[SBE61 ,0396]P +20014,T +19310,S +34587
1705848093:[MRMAID,0002]acq started
1705851666:[MRMAID,0003]acq stopped
1705851666:[MRMAID,0052]$MEASFS,140847,3519.919555,40.014267;
1705851702:[SBE61 ,0396]P +19851,T +18999,S +34589
1705851703:[MRMAID,0002]acq started
1705855266:[MRMAID,0003]acq stopped
1705855266:[MRMAID,0052]$MEASFS,140449,3509.973114,40.014267;
1705855302:[SBE61 ,0396]P +19840,T +18951,S +34589
1705855303:[MRMAID,0002]acq started
1705858866:[MRMAID,0003]acq stopped
1705858866:[MRMAID,0052]$MEASFS,140448,3509.948090,40.014267;
1705858901:[SBE61 ,0396]P +19854,T +18869,S +34591
1705858902:[MRMAID,0002]acq started
1705862475:[MRMAID,0003]acq stopped
1705862475:[MRMAID,0052]$MEASFS,140850,3519.994538,40.014267;
1705862511:[SBE61 ,0396]P +19928,T +18855,S +34591
1705862512:[MRMAID,0002]acq started
1705866075:[MRMAID,0003]acq stopped
1705866075:[MRMAID,0052]$MEASFS,140450,3509.998077,40.014267;
1705866110:[SBE61 ,0396]P +20033,T +18878,S +34590
1705866112:[MRMAID,0002]acq started
1705869675:[MRMAID,0003]acq stopped
1705869675:[MRMAID,0052]$MEASFS,140450,3509.998077,40.014267;
1705869710:[SBE61 ,0396]P +20002,T +19073,S +34588
1705869711:[MRMAID,0002]acq started
1705873284:[MRMAID,0003]acq stopped
1705873284:[MRMAID,0052]$MEASFS,140849,3519.969483,40.014267;
1705873320:[SBE61 ,0396]P +19957,T +19235,S +34586
1705873321:[MRMAID,0002]acq started
1705876884:[MRMAID,0003]acq stopped
1705876884:[MRMAID,0052]$MEASFS,140449,3509.973083,40.014267;
1705876919:[SBE61 ,0396]P +19988,T +19168,S +34587
1705876920:[MRMAID,0002]acq started
1705880493:[MRMAID,0003]acq stopped
1705880494:[MRMAID,0052]$MEASFS,140848,3519.944550,40.014267;
1705880529:[SBE61 ,0396]P +20045,T +19346,S +34586
1705880530:[MRMAID,0002]acq started
1705884093:[MRMAID,0003]acq stopped
1705884093:[MRMAID,0052]$MEASFS,140449,3509.973114,40.014267;
1705884129:[SBE61 ,0396]P +19942,T +19222,S +34587
1705884130:[MRMAID,0002]acq started
1705887693:[MRMAID,0003]acq stopped
1705887693:[MRMAID,0052]$MEASFS,140449,3509.973114,40.014267;
1705887728:[SBE61 ,0396]P +19971,T +19414,S +34585
1705887729:[MRMAID,0002]acq started
1705891302:[MRMAID,0003]acq stopped
1705891302:[MRMAID,0052]$MEASFS,140857,3520.169494,40.014266;
1705891338:[SBE61 ,0396]P +19921,T +19474,S +34584
1705891339:[MRMAID,0002]acq started
1705894902:[MRMAID,0003]acq stopped
1705894902:[MRMAID,0052]$MEASFS,140448,3509.948150,40.014266;
1705894937:[SBE61 ,0396]P +19953,T +19371,S +34585
1705894939:[MRMAID,0002]acq started
1705898502:[MRMAID,0003]acq stopped
1705898502:[MRMAID,0052]$MEASFS,140451,3510.023133,40.014266;
1705898537:[SBE61 ,0396]P +19898,T +19158,S +34588
1705898538:[MRMAID,0002]acq started
1705902111:[MRMAID,0003]acq stopped
1705902111:[MRMAID,0052]$MEASFS,140849,3519.969574,40.014266;
1705902147:[SBE61 ,0396]P +19896,T +18978,S +34588
1705902148:[MRMAID,0002]acq started
1705905711:[MRMAID,0003]acq stopped
1705905711:[MRMAID,0052]$MEASFS,140450,3509.998108,40.014267;
1705905746:[SBE61 ,0396]P +19950,T +19034,S +34588
1705905748:[MRMAID,0002]acq started
1705909320:[MRMAID,0003]acq stopped
1705909321:[MRMAID,0052]$MEASFS,140849,3519.969544,40.014267;
1705909356:[SBE61 ,0396]P +19990,T +19052,S +34588
1705909357:[MRMAID,0002]acq started
1705912920:[MRMAID,0003]acq stopped
1705912920:[MRMAID,0052]$MEASFS,140449,3509.973114,40.014267;
1705912956:[SBE61 ,0396]P +19858,T +19027,S +34590
1705912957:[MRMAID,0002]acq started
1705916520:[MRMAID,0003]acq stopped
1705916520:[MRMAID,0052]$MEASFS,140449,3509.973114,40.014267;
1705916555:[SBE61 ,0396]P +20007,T +18993,S +34589
1705916556:[MRMAID,0002]acq started
1705920129:[MRMAID,0003]acq stopped
1705920129:[MRMAID,0052]$MEASFS,140848,3519.944549,40.014267;
1705920165:[SBE61 ,0396]P +19954,T +18935,S +34590
1705920166:[MRMAID,0002]acq started
1705923729:[MRMAID,0003]acq stopped
1705923729:[MRMAID,0052]$MEASFS,140449,3509.973083,40.014267;
1705923764:[SBE61 ,0396]P +20162,T +18993,S +34589
1705923766:[MRMAID,0002]acq started
1705927329:[MRMAID,0003]acq stopped
1705927329:[MRMAID,0052]$MEASFS,140448,3509.948089,40.014267;
1705927364:[SBE61 ,0396]P +19905,T +19014,S +34589
1705927365:[MRMAID,0002]acq started
1705930938:[MRMAID,0003]acq stopped
1705930938:[MRMAID,0052]$MEASFS,140847,3519.919525,40.014267;
1705930974:[SBE61 ,0396]P +19916,T +18913,S +34590
1705930975:[MRMAID,0002]acq started
1705934538:[MRMAID,0003]acq stopped
1705934538:[MRMAID,0052]$MEASFS,140450,3509.998078,40.014267;
1705934573:[SBE61 ,0396]P +20005,T +18841,S +34591
1705934575:[MRMAID,0002]acq started
1705938147:[MRMAID,0003]acq stopped
1705938148:[MRMAID,0052]$MEASFS,140849,3519.969513,40.014267;
1705938183:[SBE61 ,0396]P +19991,T +18848,S +34591
1705938184:[MRMAID,0002]acq started
1705941747:[MRMAID,0003]acq stopped
1705941747:[MRMAID,0052]$MEASFS,140450,3509.998047,40.014267;
1705941783:[SBE61 ,0396]P +19952,T +18928,S +34591
1705941784:[MRMAID,0002]acq started
1705945347:[MRMAID,0003]acq stopped
1705945347:[MRMAID,0052]$MEASFS,140449,3509.973083,40.014267;
1705945382:[SBE61 ,0396]P +20158,T +18978,S +34589
1705945383:[MRMAID,0002]acq started
1705947484:[MRMAID,0027]2001dbar, 33degC
1705947661:[MRMAID,0005]ascent request rejected
1705948956:[MRMAID,0003]acq stopped
1705948956:[MRMAID,0052]$MEASFS,140849,3519.969513,40.014267;
1705948992:[SBE61 ,0396]P +20114,T +19055,S +34589
1705948993:[MRMAID,0002]acq started
1705952556:[MRMAID,0003]acq stopped
1705952556:[MRMAID,0052]$MEASFS,140449,3509.973084,40.014267;
1705952591:[SBE61 ,0396]P +20131,T +19309,S +34585
1705952593:[MRMAID,0002]acq started
1705956156:[MRMAID,0003]acq stopped
1705956156:[MRMAID,0052]$MEASFS,140449,3509.973083,40.014267;
1705956191:[SBE61 ,0396]P +20030,T +19205,S +34586
1705956192:[MRMAID,0002]acq started
1705959765:[MRMAID,0003]acq stopped
1705959765:[MRMAID,0052]$MEASFS,140848,3519.944519,40.014267;
1705959801:[SBE61 ,0396]P +19922,T +19258,S +34586
1705959802:[MRMAID,0002]acq started
1705963365:[MRMAID,0003]acq stopped
1705963365:[MRMAID,0052]$MEASFS,140448,3509.948120,40.014267;
1705963400:[SBE61 ,0396]P +20001,T +19167,S +34587
1705963401:[MRMAID,0002]acq started
1705966975:[MRMAID,0003]acq stopped
1705966975:[MRMAID,0052]$MEASFS,140851,3520.019531,40.014267;
1705967010:[SBE61 ,0396]P +20111,T +19177,S +34587
1705967011:[MRMAID,0002]acq started
1705970574:[MRMAID,0003]acq stopped
1705970574:[MRMAID,0052]$MEASFS,140450,3509.998107,40.014267;
1705970610:[SBE61 ,0396]P +19931,T +19073,S +34586
1705970611:[MRMAID,0002]acq started
1705974174:[MRMAID,0003]acq stopped
1705974174:[MRMAID,0052]$MEASFS,140450,3509.998108,40.014267;
1705974209:[SBE61 ,0396]P +20123,T +19261,S +34587
1705974210:[MRMAID,0002]acq started
1705977783:[MRMAID,0003]acq stopped
1705977783:[MRMAID,0052]$MEASFS,140859,3520.219452,40.014267;
1705977819:[SBE61 ,0396]P +20094,T +19427,S +34584
1705977820:[MRMAID,0002]acq started
1705981383:[MRMAID,0003]acq stopped
1705981383:[MRMAID,0052]$MEASFS,140449,3509.973114,40.014267;
1705981418:[SBE61 ,0396]P +19944,T +19425,S +34583
1705981420:[MRMAID,0002]acq started
1705984983:[MRMAID,0003]acq stopped
1705984983:[MRMAID,0052]$MEASFS,140449,3509.973114,40.014267;
1705985018:[SBE61 ,0396]P +20035,T +19169,S +34587
1705985019:[MRMAID,0002]acq started
1705988592:[MRMAID,0003]acq stopped
1705988592:[MRMAID,0052]$MEASFS,140848,3519.944580,40.014266;
1705988628:[SBE61 ,0396]P +20043,T +19277,S +34586
1705988629:[MRMAID,0002]acq started
1705992192:[MRMAID,0003]acq stopped
1705992192:[MRMAID,0052]$MEASFS,140448,3509.948120,40.014267;
1705992227:[SBE61 ,0396]P +19938,T +19145,S +34587
1705992229:[MRMAID,0002]acq started
1705995802:[MRMAID,0003]acq stopped
1705995802:[MRMAID,0052]$MEASFS,140848,3519.944550,40.014267;
1705995837:[SBE61 ,0396]P +20061,T +19082,S +34588
1705995838:[MRMAID,0002]acq started
1705999401:[MRMAID,0003]acq stopped
1705999401:[MRMAID,0052]$MEASFS,140452,3510.048065,40.014267;
1705999437:[SBE61 ,0396]P +20025,T +19058,S +34588
1705999438:[MRMAID,0002]acq started
1706003001:[MRMAID,0003]acq stopped
1706003001:[MRMAID,0052]$MEASFS,140448,3509.948120,40.014267;
1706003036:[SBE61 ,0396]P +19887,T +18868,S +34591
1706003037:[MRMAID,0002]acq started
1706006611:[MRMAID,0003]acq stopped
1706006646:[SBE61 ,0396]P +20060,T +18863,S +34592
1706006647:[MRMAID,0002]acq started
1706010210:[MRMAID,0003]acq stopped
1706010210:[MRMAID,0052]$MEASFS,140449,3509.973083,40.014267;
1706010245:[SBE61 ,0396]P +19980,T +18857,S +34592
1706010247:[MRMAID,0002]acq started
1706013810:[MRMAID,0003]acq stopped
1706013810:[MRMAID,0052]$MEASFS,140454,3510.098022,40.014267;
1706013845:[SBE61 ,0396]P +20186,T +18960,S +34590
1706013846:[MRMAID,0002]acq started
1706017419:[MRMAID,0052]$STOPA$MEASFS,140848,3519.944520,40.014267;
1706017422:[MRMAID,0185]6 spurious byte(s) received
1706017455:[SBE61 ,0396]P +20030,T +19005,S +34589
1706017456:[MRMAID,0002]acq started
1706021019:[MRMAID,0003]acq stopped
1706021019:[MRMAID,0052]$MEASFS,140449,3509.973114,40.014267;
1706021054:[SBE61 ,0396]P +20069,T +18975,S +34589
1706021056:[MRMAID,0002]acq started
1706023402:[MRMAID,0027]2012dbar, 33degC
1706023562:[MRMAID,0005]ascent request rejected
1706024629:[MRMAID,0052]$MEASFS,140849,3519.969482,40.014267;
1706024631:[MRMAID,0003]acq stopped
1706024664:[SBE61 ,0396]P +20031,T +19113,S +34587
1706024665:[MRMAID,0002]acq started
1706028228:[MRMAID,0003]acq stopped
1706028228:[MRMAID,0052]$MEASFS,140449,3509.973084,40.014267;
1706028264:[SBE61 ,0396]P +20098,T +19058,S +34588
1706028265:[MRMAID,0002]acq started
1706031828:[MRMAID,0003]acq stopped
1706031828:[MRMAID,0052]$MEASFS,140448,3509.948089,40.014267;
1706031863:[SBE61 ,0396]P +19813,T +18992,S +34590
1706031865:[MRMAID,0002]acq started
1706035437:[MRMAID,0003]acq stopped
1706035438:[MRMAID,0052]$MEASFS,140847,3519.919525,40.014267;
1706035473:[SBE61 ,0396]P +20205,T +18950,S +34590
1706035474:[MRMAID,0002]acq started
1706039037:[MRMAID,0003]acq stopped
1706039037:[MRMAID,0052]$MEASFS,140448,3509.948089,40.014267;
1706039072:[SBE61 ,0396]P +20292,T +19203,S +34587
1706039074:[MRMAID,0002]acq started
1706042637:[MRMAID,0003]acq stopped
1706042637:[MRMAID,0052]$MEASFS,140450,3509.998078,40.014267;
1706042672:[SBE61 ,0396]P +20084,T +19216,S +34587
1706042673:[MRMAID,0002]acq started
1706046246:[MRMAID,0003]acq stopped
1706046246:[MRMAID,0052]$MEASFS,140849,3519.969513,40.014267;
1706046282:[SBE61 ,0396]P +20112,T +19203,S +34587
1706046283:[MRMAID,0002]acq started
1706049846:[MRMAID,0003]acq stopped
1706049846:[MRMAID,0052]$MEASFS,140449,3509.973083,40.014267;
1706049881:[SBE61 ,0396]P +20041,T +19277,S +34586
1706049883:[MRMAID,0002]acq started
1706053456:[MRMAID,0003]acq stopped
1706053456:[MRMAID,0052]$MEASFS,140852,3520.044495,40.014267;
1706053491:[SBE61 ,0396]P +20064,T +19138,S +34588
1706053492:[MRMAID,0002]acq started
1706057055:[MRMAID,0003]acq stopped
1706057055:[MRMAID,0052]$MEASFS,140449,3509.973114,40.014267;
1706057091:[SBE61 ,0396]P +20106,T +19304,S +34585
1706057092:[MRMAID,0002]acq started
1706060655:[MRMAID,0003]acq stopped
1706060655:[MRMAID,0052]$MEASFS,140449,3509.973114,40.014267;
1706060690:[SBE61 ,0396]P +20010,T +19210,S +34587
1706060692:[MRMAID,0002]acq started
1706064264:[MRMAID,0003]acq stopped
1706064265:[MRMAID,0052]$MEASFS,140858,3520.194458,40.014267;
1706064300:[SBE61 ,0396]P +20105,T +19214,S +34587
1706064301:[MRMAID,0002]acq started
1706067864:[MRMAID,0003]acq stopped
1706067864:[MRMAID,0052]$MEASFS,140448,3509.948120,40.014267;
1706067899:[SBE61 ,0396]P +20094,T +19221,S +34587
1706067901:[MRMAID,0002]acq started
1706071464:[MRMAID,0003]acq stopped
1706071464:[MRMAID,0052]$MEASFS,140448,3509.948120,40.014267;
1706071499:[SBE61 ,0396]P +20160,T +19224,S +34587
1706071500:[MRMAID,0002]acq started
1706075073:[MRMAID,0003]acq stopped
1706075073:[MRMAID,0052]$MEASFS,140850,3519.994538,40.014267;
1706075109:[SBE61 ,0396]P +20005,T +19357,S +34585
1706075110:[MRMAID,0002]acq started
1706078673:[MRMAID,0003]acq stopped
1706078673:[MRMAID,0052]$MEASFS,140450,3509.998108,40.014267;
1706078708:[SBE61 ,0396]P +20004,T +19023,S +34590
1706078710:[MRMAID,0002]acq started
1706082283:[MRMAID,0003]acq stopped
1706082283:[MRMAID,0052]$MEASFS,140849,3519.969543,40.014267;
1706082318:[SBE61 ,0396]P +20095,T +18775,S +34592
1706082319:[MRMAID,0002]acq started
1706085882:[MRMAID,0003]acq stopped
1706085882:[MRMAID,0052]$MEASFS,140449,3509.973084,40.014267;
1706085918:[SBE61 ,0396]P +20099,T +18858,S +34591
1706085919:[MRMAID,0002]acq started
1706089482:[MRMAID,0003]acq stopped
1706089482:[MRMAID,0052]$MEASFS,140449,3509.973083,40.014267;
1706089517:[SBE61 ,0396]P +20075,T +18936,S +34590
1706089518:[MRMAID,0002]acq started
1706093091:[MRMAID,0003]acq stopped
1706093092:[MRMAID,0052]$MEASFS,140852,3520.044464,40.014267;
1706093127:[SBE61 ,0396]P +20099,T +19077,S +34588
1706093128:[MRMAID,0002]acq started
1706096691:[MRMAID,0003]acq stopped
1706096691:[MRMAID,0052]$MEASFS,140449,3509.973083,40.014267;
1706096726:[SBE61 ,0396]P +20097,T +19037,S +34589
1706096728:[MRMAID,0002]acq started
1706100291:[MRMAID,0003]acq stopped
1706100291:[MRMAID,0052]$MEASFS,140449,3509.973083,40.014267;
1706100326:[SBE61 ,0396]P +19975,T +19060,S +34588
1706100327:[MRMAID,0002]acq started
1706103900:[MRMAID,0003]acq stopped
1706103900:[MRMAID,0052]$MEASFS,140847,3519.919525,40.014267;
1706103936:[SBE61 ,0396]P +20108,T +19078,S +34588
1706103937:[MRMAID,0002]acq started
1706107500:[MRMAID,0003]acq stopped
1706107500:[MRMAID,0052]$MEASFS,140448,3509.948089,40.014267;
1706107535:[SBE61 ,0396]P +20129,T +19016,S +34590
1706107537:[MRMAID,0002]acq started
1706111100:[MRMAID,0003]acq stopped
1706111100:[MRMAID,0052]$MEASFS,140451,3510.023072,40.014267;
1706111135:[SBE61 ,0396]P +20108,T +18935,S +34591
1706111136:[MRMAID,0002]acq started
1706114709:[MRMAID,0003]acq stopped
1706114709:[MRMAID,0052]$MEASFS,140849,3519.969513,40.014267;
1706114745:[SBE61 ,0396]P +20103,T +19165,S +34587
1706114746:[MRMAID,0002]acq started
1706118309:[MRMAID,0003]acq stopped
1706118309:[MRMAID,0052]$MEASFS,140450,3509.998077,40.014267;
1706118344:[SBE61 ,0396]P +20104,T +19117,S +34588
1706118345:[MRMAID,0002]acq started
1706121919:[MRMAID,0003]acq stopped
1706121954:[SBE61 ,0396]P +20070,T +19078,S +34589
1706121955:[MRMAID,0002]acq started
1706125518:[MRMAID,0003]acq stopped
1706125518:[MRMAID,0052]$MEASFS,140453,3510.073029,40.014267;
1706125554:[SBE61 ,0396]P +20190,T +19148,S +34588
1706125555:[MRMAID,0002]acq started
1706129118:[MRMAID,0003]acq stopped
1706129118:[MRMAID,0052]$MEASFS,140449,3509.973083,40.014267;
1706129153:[SBE61 ,0396]P +20135,T +19268,S +34586
1706129154:[MRMAID,0002]acq started
1706132727:[MRMAID,0003]acq stopped
1706132730:[MRMAID,0185]1 spurious byte(s) received
1706132763:[SBE61 ,0396]P +20161,T +19264,S +34587
1706132764:[MRMAID,0002]acq started
1706136327:[MRMAID,0003]acq stopped
1706136327:[MRMAID,0052]$MEASFS,140453,3510.073090,40.014266;
1706136362:[SBE61 ,0396]P +20165,T +19367,S +34585
1706136364:[MRMAID,0002]acq started
1706139927:[MRMAID,0003]acq stopped
1706139927:[MRMAID,0052]$MEASFS,140448,3509.948090,40.014267;
1706139962:[SBE61 ,0396]P +20144,T +19266,S +34587
1706139963:[MRMAID,0002]acq started
1706143536:[MRMAID,0003]acq stopped
1706143536:[MRMAID,0052]$MEASFS,140847,3519.919587,40.014266;
1706143572:[SBE61 ,0396]P +20113,T +19252,S +34587
1706143573:[MRMAID,0002]acq started
1706147136:[MRMAID,0003]acq stopped
1706147136:[MRMAID,0052]$MEASFS,140451,3510.023102,40.014267;
1706147171:[SBE61 ,0396]P +20154,T +19267,S +34586
1706147172:[MRMAID,0002]acq started
1706150746:[MRMAID,0003]acq stopped
1706150746:[MRMAID,0052]$MEASFS,140863,3520.319427,40.014267;
1706150781:[SBE61 ,0396]P +20049,T +19247,S +34587
1706150782:[MRMAID,0002]acq started
1706154345:[MRMAID,0003]acq stopped
1706154345:[MRMAID,0052]$MEASFS,140450,3509.998108,40.014267;
1706154381:[SBE61 ,0396]P +19978,T +19019,S +34589
1706154382:[MRMAID,0002]acq started
1706157945:[MRMAID,0003]acq stopped
1706157945:[MRMAID,0052]$MEASFS,140449,3509.973083,40.014267;
1706157980:[SBE61 ,0396]P +20177,T +19008,S +34589
1706157981:[MRMAID,0002]acq started
1706161554:[MRMAID,0003]acq stopped
1706161554:[MRMAID,0052]$MEASFS,140848,3519.944519,40.014267;
1706161590:[SBE61 ,0396]P +20265,T +19228,S +34587
1706161591:[MRMAID,0002]acq started
1706165154:[MRMAID,0003]acq stopped
1706165154:[MRMAID,0052]$MEASFS,140449,3509.973083,40.014267;
1706165189:[SBE61 ,0396]P +20101,T +19233,S +34586
1706165191:[MRMAID,0002]acq started
1706168754:[MRMAID,0003]acq stopped
1706168754:[MRMAID,0052]$MEASFS,140449,3509.973114,40.014267;
1706168789:[SBE61 ,0396]P +20108,T +19094,S +34589
1706168790:[MRMAID,0002]acq started
1706172363:[MRMAID,0003]acq stopped
1706172363:[MRMAID,0052]$MEASFS,140847,3519.919556,40.014267;
1706172399:[SBE61 ,0396]P +20059,T +18873,S +34591
1706172400:[MRMAID,0002]acq started
1706175963:[MRMAID,0003]acq stopped
1706175963:[MRMAID,0052]$MEASFS,140448,3509.948120,40.014267;
1706175998:[SBE61 ,0396]P +20018,T +18865,S +34591
1706175999:[MRMAID,0002]acq started
1706179573:[MRMAID,0003]acq stopped
1706179573:[MRMAID,0052]$MEASFS,140851,3520.019501,40.014267;
1706179608:[SBE61 ,0396]P +20266,T +18849,S +34592
1706179609:[MRMAID,0002]acq started
1706183172:[MRMAID,0003]acq stopped
1706183172:[MRMAID,0052]$MEASFS,140450,3509.998047,40.014267;
1706183208:[SBE61 ,0396]P +20127,T +19082,S +34588
1706183209:[MRMAID,0002]acq started
1706186772:[MRMAID,0003]acq stopped
1706186772:[MRMAID,0052]$MEASFS,140450,3509.998047,40.014267;
1706186807:[SBE61 ,0396]P +20123,T +19062,S +34588
1706186808:[MRMAID,0002]acq started
1706190381:[MRMAID,0003]acq stopped
1706190382:[MRMAID,0052]$MEASFS,140849,3519.969513,40.014267;
1706190417:[SBE61 ,0396]P +20152,T +19062,S +34588
1706190418:[MRMAID,0002]acq started
1706193981:[MRMAID,0003]acq stopped
1706193981:[MRMAID,0052]$MEASFS,140449,3509.973084,40.014267;
1706194016:[SBE61 ,0396]P +20177,T +19022,S +34589
1706194018:[MRMAID,0002]acq started
1706197581:[MRMAID,0003]acq stopped
1706197581:[MRMAID,0052]$MEASFS,140449,3509.973083,40.014267;
1706197616:[SBE61 ,0396]P +20170,T +19225,S +34585
1706197617:[MRMAID,0002]acq started
1706201190:[MRMAID,0003]acq stopped
1706201190:[MRMAID,0052]$MEASFS,140848,3519.944519,40.014267;
1706201226:[SBE61 ,0396]P +20216,T +19362,S +34584
1706201227:[MRMAID,0002]acq started
1706204790:[MRMAID,0003]acq stopped
1706204790:[MRMAID,0052]$MEASFS,140449,3509.973114,40.014267;
1706204825:[SBE61 ,0396]P +20042,T +19322,S +34584
1706204827:[MRMAID,0002]acq started
1706208399:[MRMAID,0003]acq stopped
1706208400:[MRMAID,0052]$MEASFS,140849,3519.969513,40.014267;
1706208435:[SBE61 ,0396]P +20193,T +19199,S +34586
1706208436:[MRMAID,0002]acq started
1706211999:[MRMAID,0003]acq stopped
1706211999:[MRMAID,0052]$MEASFS,140448,3509.948120,40.014267;
1706212035:[SBE61 ,0396]P +19938,T +19173,S +34587
1706212036:[MRMAID,0002]acq started
1706215599:[MRMAID,0003]acq stopped
1706215599:[MRMAID,0052]$MEASFS,140448,3509.948120,40.014267;
1706215634:[SBE61 ,0396]P +20126,T +19065,S +34588
1706215635:[MRMAID,0002]acq started
1706219208:[MRMAID,0003]acq stopped
1706219208:[MRMAID,0052]$MEASFS,140850,3519.994507,40.014267;
1706219244:[SBE61 ,0396]P +20114,T +18999,S +34589
1706219245:[MRMAID,0002]acq started
1706222808:[MRMAID,0003]acq stopped
1706222808:[MRMAID,0052]$MEASFS,140449,3509.973083,40.014267;
1706222843:[SBE61 ,0396]P +20077,T +19041,S +34588
1706222845:[MRMAID,0002]acq started
1706226408:[MRMAID,0003]acq stopped
1706226408:[MRMAID,0052]$MEASFS,140450,3509.998078,40.014267;
1706226443:[SBE61 ,0396]P +20252,T +19131,S +34587
1706226444:[MRMAID,0002]acq started
1706230017:[MRMAID,0003]acq stopped
1706230017:[MRMAID,0052]$MEASFS,140849,3519.969513,40.014267;
1706230053:[SBE61 ,0396]P +20186,T +19206,S +34586
1706230054:[MRMAID,0002]acq started
1706233617:[MRMAID,0003]acq stopped
1706233617:[MRMAID,0052]$MEASFS,140453,3510.073059,40.014267;
1706233652:[SBE61 ,0396]P +20131,T +19231,S +34586
1706233654:[MRMAID,0002]acq started
1706237227:[MRMAID,0003]acq stopped
1706237262:[SBE61 ,0396]P +20182,T +19125,S +34587
1706237263:[MRMAID,0002]acq started
1706240826:[MRMAID,0003]acq stopped
1706240826:[MRMAID,0052]$MEASFS,140448,3509.948089,40.014267;
1706240862:[SBE61 ,0396]P +20241,T +19242,S +34586
1706240863:[MRMAID,0002]acq started
1706244426:[MRMAID,0003]acq stopped
1706244426:[MRMAID,0052]$MEASFS,140452,3510.048065,40.014267;
1706244461:[SBE61 ,0396]P +20155,T +19318,S +34586
1706244462:[MRMAID,0002]acq started
1706248035:[MRMAID,0052]$STOPACK:$MEASFS,140847,3519.919525,40.014267;
1706248038:[MRMAID,0185]3 spurious byte(s) received
1706248071:[SBE61 ,0396]P +20085,T +19251,S +34586
1706248072:[MRMAID,0002]acq started
1706251635:[MRMAID,0003]acq stopped
1706251635:[MRMAID,0052]$MEASFS,140452,3510.048065,40.014267;
1706251670:[SBE61 ,0396]P +20166,T +19069,S +34588
1706251672:[MRMAID,0002]acq started
1706255235:[MRMAID,0003]acq stopped
1706255235:[MRMAID,0052]$MEASFS,140450,3509.998108,40.014267;
1706255270:[SBE61 ,0396]P +20260,T +19244,S +34586
1706255271:[MRMAID,0002]acq started
1706258844:[MRMAID,0052]$STOPACK:$MEASFS,140849,3519.969544,40.014267;
1706258847:[MRMAID,0185]3 spurious byte(s) received
1706258880:[SBE61 ,0396]P +20096,T +19230,S +34586
1706258881:[MRMAID,0002]acq started
1706262444:[MRMAID,0003]acq stopped
1706262444:[MRMAID,0052]$MEASFS,140450,3509.998108,40.014267;
1706262479:[SBE61 ,0396]P +19917,T +18963,S +34589
1706262481:[MRMAID,0002]acq started
1706266054:[MRMAID,0003]acq stopped
1706266054:[MRMAID,0052]$MEASFS,140848,3519.944519,40.014267;
1706266089:[SBE61 ,0396]P +20173,T +18960,S +34590
1706266090:[MRMAID,0002]acq started
1706269653:[MRMAID,0003]acq stopped
1706269653:[MRMAID,0052]$MEASFS,140449,3509.973084,40.014267;
1706269689:[SBE61 ,0396]P +20093,T +18870,S +34592
1706269690:[MRMAID,0002]acq started
1706273204:[MRMAID,0027]2012dbar, 33degC
1706273288:[SBE61 ,0396]P +20156,T +18845,S +34591
1706273299:[MRMAID,0184]acq already started
1706273390:[MRMAID,0059]stop canceled
1706276862:[MRMAID,0003]acq stopped
1706276862:[MRMAID,0052]$MEASFS,284871,7119.235718,40.014267;
1706276897:[SBE61 ,0396]P +20188,T +18873,S +34591
1706276899:[MRMAID,0002]acq started
1706280472:[MRMAID,0003]acq stopped
1706280472:[MRMAID,0052]$MEASFS,140852,3520.044464,40.014267;
1706280507:[SBE61 ,0396]P +20287,T +19147,S +34587
1706280508:[MRMAID,0002]acq started
1706284071:[MRMAID,0003]acq stopped
1706284071:[MRMAID,0052]$MEASFS,140448,3509.948059,40.014267;
1706284107:[SBE61 ,0396]P +20212,T +19253,S +34585
1706284108:[MRMAID,0002]acq started
1706287671:[MRMAID,0003]acq stopped
1706287671:[MRMAID,0052]$MEASFS,140448,3509.948090,40.014267;
1706287706:[SBE61 ,0396]P +20265,T +19343,S +34584
1706287707:[MRMAID,0002]acq started
1706291280:[MRMAID,0003]acq stopped
1706291281:[MRMAID,0052]$MEASFS,140849,3519.969513,40.014267;
1706291316:[SBE61 ,0396]P +20260,T +19526,S +34581
1706291317:[MRMAID,0002]acq started
1706294880:[MRMAID,0003]acq stopped
1706294880:[MRMAID,0052]$MEASFS,140454,3510.098053,40.014267;
1706294915:[SBE61 ,0396]P +20091,T +19425,S +34582
1706294917:[MRMAID,0002]acq started
1706298480:[MRMAID,0003]acq stopped
1706298480:[MRMAID,0052]$MEASFS,140450,3509.998108,40.014267;
1706298515:[SBE61 ,0396]P +20193,T +19256,S +34586
1706298516:[MRMAID,0002]acq started
1706302089:[MRMAID,0003]acq stopped
1706302089:[MRMAID,0052]$MEASFS,140848,3519.944549,40.014267;
1706302125:[SBE61 ,0396]P +20100,T +19101,S +34587
1706302126:[MRMAID,0002]acq started
1706305689:[MRMAID,0003]acq stopped
1706305689:[MRMAID,0052]$MEASFS,140449,3509.973114,40.014267;
1706305724:[SBE61 ,0396]P +20173,T +19083,S +34588
1706305726:[MRMAID,0002]acq started
1706309298:[MRMAID,0003]acq stopped
1706309299:[MRMAID,0052]$MEASFS,140848,3519.944763,40.014264;
1706309334:[SBE61 ,0396]P +20131,T +18965,S +34590
1706309335:[MRMAID,0002]acq started
1706312898:[MRMAID,0003]acq stopped
1706312898:[MRMAID,0052]$MEASFS,140448,3509.948120,40.014267;
1706312934:[SBE61 ,0396]P +20156,T +19030,S +34588
1706312935:[MRMAID,0002]acq started
1706316498:[MRMAID,0003]acq stopped
1706316498:[MRMAID,0052]$MEASFS,140448,3509.948090,40.014267;
1706316533:[SBE61 ,0396]P +20316,T +19105,S +34588
1706316534:[MRMAID,0002]acq started
1706320108:[MRMAID,0003]acq stopped
1706320143:[SBE61 ,0396]P +20239,T +19096,S +34588
1706320144:[MRMAID,0002]acq started
1706323707:[MRMAID,0003]acq stopped
1706323707:[MRMAID,0052]$MEASFS,140461,3510.272980,40.014267;
1706323742:[SBE61 ,0396]P +20062,T +19106,S +34587
1706323744:[MRMAID,0002]acq started
1706327307:[MRMAID,0003]acq stopped
1706327307:[MRMAID,0052]$MEASFS,140450,3509.998078,40.014267;
1706327342:[SBE61 ,0396]P +20275,T +18992,S +34589
1706327343:[MRMAID,0002]acq started
1706330916:[MRMAID,0052]$STOPACK$MEASFS,140848,3519.944519,40.014267;
1706330919:[MRMAID,0185]4 spurious byte(s) received
1706330952:[SBE61 ,0396]P +20254,T +19194,S +34586
1706330953:[MRMAID,0002]acq started
1706334516:[MRMAID,0003]acq stopped
1706334516:[MRMAID,0052]$MEASFS,140450,3509.998077,40.014267;
1706334551:[SBE61 ,0396]P +20235,T +19204,S +34587
1706334553:[MRMAID,0002]acq started
1706338126:[MRMAID,0003]acq stopped
1706338126:[MRMAID,0052]$MEASFS,140848,3519.944519,40.014267;
1706338161:[SBE61 ,0396]P +20353,T +19371,S +34583
1706338162:[MRMAID,0002]acq started
1706341725:[MRMAID,0003]acq stopped
1706341725:[MRMAID,0052]$MEASFS,140449,3509.973114,40.014267;
1706341761:[SBE61 ,0396]P +20221,T +19410,S +34583
1706341762:[MRMAID,0002]acq started
1706345325:[MRMAID,0003]acq stopped
1706345325:[MRMAID,0052]$MEASFS,140449,3509.973114,40.014267;
1706345360:[SBE61 ,0396]P +20219,T +19225,S +34587
1706345361:[MRMAID,0002]acq started
1706348934:[MRMAID,0003]acq stopped
1706348935:[MRMAID,0052]$MEASFS,140847,3519.919556,40.014267;
1706348970:[SBE61 ,0396]P +20134,T +19173,S +34587
1706348971:[MRMAID,0002]acq started
1706352534:[MRMAID,0003]acq stopped
1706352534:[MRMAID,0052]$MEASFS,140448,3509.948120,40.014267;
1706352569:[SBE61 ,0396]P +20170,T +19080,S +34588
1706352571:[MRMAID,0002]acq started
1706356134:[MRMAID,0003]acq stopped
1706356134:[MRMAID,0052]$MEASFS,140452,3510.048065,40.014267;
1706356169:[SBE61 ,0396]P +20125,T +18946,S +34590
1706356170:[MRMAID,0002]acq started
1706359743:[MRMAID,0003]acq stopped
1706359743:[MRMAID,0052]$MEASFS,140850,3519.994507,40.014267;
1706359779:[SBE61 ,0396]P +20258,T +18948,S +34590
1706359780:[MRMAID,0002]acq started
1706363343:[MRMAID,0003]acq stopped
1706363343:[MRMAID,0052]$MEASFS,140450,3509.998077,40.014267;
1706363378:[SBE61 ,0396]P +20183,T +19044,S +34589
1706363380:[MRMAID,0002]acq started
1706366943:[MRMAID,0003]acq stopped
1706366943:[MRMAID,0052]$MEASFS,140450,3509.998047,40.014267;
1706366978:[SBE61 ,0396]P +20311,T +18978,S +34590
1706366979:[MRMAID,0002]acq started
1706370552:[MRMAID,0003]acq stopped
1706370552:[MRMAID,0052]$MEASFS,140848,3519.944489,40.014267;
1706370588:[SBE61 ,0396]P +20210,T +19175,S +34587
1706370589:[MRMAID,0002]acq started
1706374152:[MRMAID,0003]acq stopped
1706374152:[MRMAID,0052]$MEASFS,140449,3509.973053,40.014267;
1706374187:[SBE61 ,0396]P +20224,T +18984,S +34590
1706374189:[MRMAID,0002]acq started
1706377761:[MRMAID,0003]acq stopped
1706377762:[MRMAID,0052]$MEASFS,140848,3519.944519,40.014267;
1706377797:[SBE61 ,0396]P +20271,T +19210,S +34586
1706377798:[MRMAID,0002]acq started
1706381361:[MRMAID,0003]acq stopped
1706381361:[MRMAID,0052]$MEASFS,140449,3509.973083,40.014267;
1706381397:[SBE61 ,0396]P +20257,T +19292,S +34585
1706381398:[MRMAID,0002]acq started
1706384961:[MRMAID,0003]acq stopped
1706384961:[MRMAID,0052]$MEASFS,140449,3509.973083,40.014267;
1706384996:[SBE61 ,0396]P +20171,T +19233,S +34585
1706384997:[MRMAID,0002]acq started
1706388570:[MRMAID,0003]acq stopped
1706388570:[MRMAID,0052]$MEASFS,140847,3519.919556,40.014267;
1706388606:[SBE61 ,0396]P +20269,T +19208,S +34586
1706388607:[MRMAID,0002]acq started
1706392170:[MRMAID,0003]acq stopped
1706392170:[MRMAID,0052]$MEASFS,140448,3509.948090,40.014267;
1706392205:[SBE61 ,0396]P +20172,T +19211,S +34586
1706392207:[MRMAID,0002]acq started
1706395770:[MRMAID,0003]acq stopped
1706395770:[MRMAID,0052]$MEASFS,140450,3509.998077,40.014267;
1706395805:[SBE61 ,0396]P +20262,T +19242,S +34585
1706395806:[MRMAID,0002]acq started
1706399379:[MRMAID,0003]acq stopped
1706399379:[MRMAID,0052]$MEASFS,140849,3519.969543,40.014267;
1706399415:[SBE61 ,0396]P +20118,T +19165,S +34586
1706399416:[MRMAID,0002]acq started
1706402979:[MRMAID,0003]acq stopped
1706402979:[MRMAID,0052]$MEASFS,140450,3509.998077,40.014267;
1706403014:[SBE61 ,0396]P +20216,T +18984,S +34589
1706403015:[MRMAID,0002]acq started
1706406588:[MRMAID,0003]acq stopped
1706406589:[MRMAID,0052]$MEASFS,140848,3519.944550,40.014267;
1706406624:[SBE61 ,0396]P +20131,T +19075,S +34585
1706406625:[MRMAID,0002]acq started
1706410188:[MRMAID,0003]acq stopped
1706410188:[MRMAID,0052]$MEASFS,140459,3510.222992,40.014267;
1706410224:[SBE61 ,0396]P +20264,T +19030,S +34589
1706410225:[MRMAID,0002]acq started
1706413788:[MRMAID,0003]acq stopped
1706413788:[MRMAID,0052]$MEASFS,140449,3509.973084,40.014267;
1706413823:[SBE61 ,0396]P +20221,T +18998,S +34589
1706413824:[MRMAID,0002]acq started
1706417397:[MRMAID,0003]acq stopped
1706417397:[MRMAID,0052]$MEASFS,140852,3520.044494,40.014267;
1706417433:[SBE61 ,0396]P +20230,T +18935,S +34590
1706417434:[MRMAID,0002]acq started
1706420997:[MRMAID,0003]acq stopped
1706420997:[MRMAID,0052]$MEASFS,140449,3509.973053,40.014267;
1706421032:[SBE61 ,0396]P +20271,T +19058,S +34589
1706421034:[MRMAID,0002]acq started
1706424597:[MRMAID,0003]acq stopped
1706424597:[MRMAID,0052]$MEASFS,140448,3509.948059,40.014267;
1706424632:[SBE61 ,0396]P +20307,T +19099,S +34588
1706424633:[MRMAID,0002]acq started
1706428206:[MRMAID,0003]acq stopped
1706428206:[MRMAID,0052]$MEASFS,140846,3519.894531,40.014267;
1706428242:[SBE61 ,0396]P +20173,T +19202,S +34586
1706428243:[MRMAID,0002]acq started
1706431806:[MRMAID,0003]acq stopped
1706431806:[MRMAID,0052]$MEASFS,140454,3510.098053,40.014267;
1706431841:[SBE61 ,0396]P +20299,T +19147,S +34587
1706431843:[MRMAID,0002]acq started
1706434648:[MAIN  ,0140]stage[1] complete 27186s after mission start
1706434657:[SBE   ,0391]Mode changed from PROFILING to SLEEP
1706434658:[MRMAID,0003]acq stopped
1706434658:[MRMAID,0052]$MEASFS,110530,2762.264770,40.014267;
1706434658:[MAIN  ,0056]stage[2]
1706434660:[MAIN  ,0024]internal pressure 76775Pa
1706434661:[BUOY  ,0037]P+201893mbar
1706434663:[BUOY  ,0087]from +0mbar/s to +9mbar/s
1706434663:[BUOY  ,0090]need to transfer -130mL (valve during 3692ms)
1706434663:[VALVE ,0034]valve opening 3692ms
1706434667:[VALVE ,0234]battery 13723mV,  506788uA, P+201903mbar
1706435311:[PRESS ,0038]P+207073mbar,T+32767mdegC
1706435938:[PRESS ,0038]P+212153mbar,T+32767mdegC
1706436588:[PRESS ,0038]P+217213mbar,T+32767mdegC
1706436938:[BUOY  ,0087]from +7mbar/s to +9mbar/s
1706436938:[BUOY  ,0090]need to transfer -52mL (valve during 1417ms)
1706436938:[VALVE ,0034]valve opening 1417ms
1706436939:[VALVE ,0234]battery 14038mV,  506910uA, P+219713mbar
1706437243:[PRESS ,0038]P+222253mbar,T+32767mdegC
1706437888:[PRESS ,0038]P+227693mbar,T+32767mdegC
1706438537:[PRESS ,0038]P+233283mbar,T+32767mdegC
1706439187:[PRESS ,0038]P+239023mbar,T+32767mdegC
1706439837:[PRESS ,0038]P+244823mbar,T+32767mdegC
1706440487:[PRESS ,0038]P+250533mbar,T+32767mdegC
1706441137:[PRESS ,0038]P+255663mbar,T+32767mdegC
1706441486:[BUOY  ,0087]from +7mbar/s to +9mbar/s
1706441486:[BUOY  ,0090]need to transfer -52mL (valve during 1305ms)
1706441486:[VALVE ,0034]valve opening 1305ms
1706441488:[VALVE ,0234]battery 14060mV,  509716uA, P+258293mbar
1706441787:[PRESS ,0038]P+261123mbar,T+32767mdegC
1706442436:[PRESS ,0038]P+267253mbar,T+32767mdegC
1706443086:[PRESS ,0038]P+273433mbar,T+32767mdegC
1706443436:[BUOY  ,0087]from +9mbar/s to +6mbar/s
1706443436:[PUMP  ,0378]Outflow calculated : 2668
1706443436:[BUOY  ,0089]need to transfer +72mL (pump during 106195ms)
1706443437:[PUMP  ,0016]pump during 60000ms
1706443496:[PUMP  ,0212]battery 13762mV, 1151680uA (steady state), P+276543mbar
1706443738:[PRESS ,0038]P+278973mbar,T+32767mdegC
1706443762:[BUOY  ,0087]from +8mbar/s to +6mbar/s
1706443762:[PUMP  ,0378]Outflow calculated : 2667
1706443762:[BUOY  ,0089]need to transfer +44mL (pump during 64897ms)
1706443764:[PUMP  ,0016]pump during 60000ms
1706443823:[PUMP  ,0212]battery 13927mV, 1161562uA (steady state), P+279153mbar
1706444714:[PRESS ,0038]P+285673mbar,T+32767mdegC
1706445688:[PRESS ,0038]P+292233mbar,T+32767mdegC
1706446038:[BUOY  ,0087]from +7mbar/s to +2mbar/s
1706446038:[PUMP  ,0378]Outflow calculated : 2657
1706446038:[BUOY  ,0089]need to transfer +72mL (pump during 106825ms)
1706446039:[PUMP  ,0016]pump during 60000ms
1706446098:[PUMP  ,0212]battery 14142mV, 1213656uA (steady state), P+294703mbar
1706446364:[STAGE ,0213]296823mbar reached at 1706446364s, ref 300000mbar +/-5000mbar
1706446364:[BUOY  ,0087]from +6mbar/s to +0mbar/s
1706446364:[PUMP  ,0378]Outflow calculated : 2653
1706446365:[BUOY  ,0089]need to transfer +58mL (pump during 87746ms)
1706446366:[PUMP  ,0016]pump during 60000ms
1706446425:[PUMP  ,0212]battery 13983mV, 1214388uA (steady state), P+296823mbar
1706446666:[PRESS ,0038]P+298433mbar,T+32767mdegC
1706446691:[BUOY  ,0087]from +6mbar/s to +0mbar/s
1706446691:[PUMP  ,0378]Outflow calculated : 2652
1706446691:[BUOY  ,0089]need to transfer +58mL (pump during 87879ms)
1706446693:[PUMP  ,0016]pump during 60000ms
1706446751:[PUMP  ,0212]battery 13958mV, 1224514uA (steady state), P+298593mbar
1706447018:[BUOY  ,0087]from +4mbar/s to +0mbar/s
1706447018:[PUMP  ,0378]Outflow calculated : 2650
1706447018:[BUOY  ,0089]need to transfer +26mL (pump during 39746ms)
1706447019:[PUMP  ,0016]pump during 39746ms
1706447058:[PUMP  ,0212]battery 13967mV, 1216340uA (steady state), P+299903mbar
1706447344:[BUOY  ,0087]from +2mbar/s to +0mbar/s
1706447344:[PUMP  ,0378]Outflow calculated : 2650
1706447344:[BUOY  ,0089]need to transfer +6mL (pump during 9172ms)
1706447345:[PUMP  ,0016]pump during 9172ms
1706447355:[PUMP  ,0212]battery 13998mV, 1239520uA (steady state), P+300773mbar
1706447670:[BUOY  ,0087]from +3mbar/s to +0mbar/s
1706447671:[PUMP  ,0378]Outflow calculated : 2651
1706447671:[BUOY  ,0089]need to transfer +14mL (pump during 21130ms)
1706447672:[PUMP  ,0016]pump during 21130ms
1706447693:[PUMP  ,0212]battery 14073mV, 1235250uA (steady state), P+301463mbar
1706449197:[MAIN  ,0140]stage[2] complete -23801s after mission start
1706449197:[MAIN  ,0056]stage[3]
1706449200:[MAIN  ,0024]internal pressure 77365Pa
1706449200:[SBE   ,0391]Mode changed from SLEEP to UPDATE
1706449201:[BUOY  ,0037]P+300723mbar
1706449202:[BUOY  ,0087]from -1mbar/s to -10mbar/s
1706449202:[PUMP  ,0378]Outflow calculated : 2653
1706449202:[BUOY  ,0089]need to transfer +158mL (pump during 235119ms)
1706449204:[PUMP  ,0016]pump during 60000ms
1706449204:[SBE   ,0391]Mode changed from UPDATE to START
1706449263:[PUMP  ,0212]battery 14193mV, 1245498uA (steady state), P+300723mbar
1706449529:[BUOY  ,0087]from -4mbar/s to -10mbar/s
1706449529:[PUMP  ,0378]Outflow calculated : 2654
1706449529:[BUOY  ,0089]need to transfer +134mL (pump during 199405ms)
1706449530:[PUMP  ,0016]pump during 60000ms
1706449531:[SBE   ,0384]Start profil acquisitions
1706449531:[SBE   ,0391]Mode changed from START to PROFILING
1706449589:[PUMP  ,0212]battery 14001mV, 1276974uA (steady state), P+299543mbar
1706449855:[BUOY  ,0087]from -6mbar/s to -10mbar/s
1706449855:[PUMP  ,0378]Outflow calculated : 2652
1706449855:[BUOY  ,0089]need to transfer +102mL (pump during 155015ms)
1706449856:[PUMP  ,0016]pump during 60000ms
1706449915:[PUMP  ,0212]battery 13967mV, 1239520uA (steady state), P+297823mbar
1706450181:[BUOY  ,0087]from -6mbar/s to -10mbar/s
1706450182:[PUMP  ,0378]Outflow calculated : 2653
1706450182:[BUOY  ,0089]need to transfer +102mL (pump during 155015ms)
1706450183:[PUMP  ,0016]pump during 60000ms
1706450242:[PUMP  ,0212]battery 13962mV, 1239398uA (steady state), P+295703mbar
1706450483:[PRESS ,0038]P+293393mbar,T+32767mdegC
1706450508:[BUOY  ,0087]from -8mbar/s to -10mbar/s
1706450508:[PUMP  ,0378]Outflow calculated : 2655
1706450508:[BUOY  ,0089]need to transfer +58mL (pump during 88280ms)
1706450509:[PUMP  ,0016]pump during 60000ms
1706450568:[PUMP  ,0212]battery 13972mV, 1216584uA (steady state), P+293183mbar
1706450834:[BUOY  ,0087]from -9mbar/s to -10mbar/s
1706450834:[PUMP  ,0378]Outflow calculated : 2656
1706450834:[BUOY  ,0089]need to transfer +30mL (pump during 45664ms)
1706450836:[PUMP  ,0016]pump during 45664ms
1706450881:[PUMP  ,0212]battery 13976mV, 1215120uA (steady state), P+290423mbar
1706451136:[PRESS ,0038]P+287693mbar,T+32767mdegC
1706451161:[BUOY  ,0087]from -9mbar/s to -10mbar/s
1706451161:[PUMP  ,0378]Outflow calculated : 2658
1706451161:[BUOY  ,0089]need to transfer +30mL (pump during 45646ms)
1706451162:[PUMP  ,0016]pump during 45646ms
1706451207:[PUMP  ,0212]battery 14002mV, 1203408uA (steady state), P+287443mbar
1706451787:[PRESS ,0038]P+281353mbar,T+32767mdegC
1706452137:[BUOY  ,0087]from -9mbar/s to -10mbar/s
1706452137:[PUMP  ,0378]Outflow calculated : 2665
1706452137:[BUOY  ,0089]need to transfer +30mL (pump during 45088ms)
1706452138:[PUMP  ,0016]pump during 45088ms
1706452183:[PUMP  ,0212]battery 14128mV, 1184010uA (steady state), P+278103mbar
1706452439:[PRESS ,0038]P+275273mbar,T+32767mdegC
1706452788:[BUOY  ,0087]from -8mbar/s to -10mbar/s
1706452788:[PUMP  ,0378]Outflow calculated : 2667
1706452788:[BUOY  ,0089]need to transfer +58mL (pump during 88146ms)
1706452790:[PUMP  ,0016]pump during 60000ms
1706452849:[PUMP  ,0212]battery 14118mV, 1157902uA (steady state), P+272003mbar
1706453090:[PRESS ,0038]P+269123mbar,T+32767mdegC
1706453740:[PRESS ,0038]P+262843mbar,T+32767mdegC
1706454389:[PRESS ,0038]P+256373mbar,T+32767mdegC
1706454414:[BUOY  ,0087]from -9mbar/s to -10mbar/s
1706454414:[PUMP  ,0378]Outflow calculated : 2679
1706454414:[BUOY  ,0089]need to transfer +30mL (pump during 44570ms)
1706454416:[PUMP  ,0016]pump during 44570ms
1706454460:[PUMP  ,0212]battery 14182mV, 1090070uA (steady state), P+256163mbar
1706454741:[BUOY  ,0087]from -9mbar/s to -10mbar/s
1706454741:[PUMP  ,0378]Outflow calculated : 2680
1706454741:[BUOY  ,0089]need to transfer +30mL (pump during 45028ms)
1706454742:[PUMP  ,0016]pump during 45028ms
1706454787:[PUMP  ,0212]battery 14092mV, 1078724uA (steady state), P+252793mbar
1706455042:[PRESS ,0038]P+249623mbar,T+32767mdegC
1706455692:[PRESS ,0038]P+242483mbar,T+32767mdegC
1706456342:[PRESS ,0038]P+235523mbar,T+32767mdegC
1706456992:[PRESS ,0038]P+228943mbar,T+32767mdegC
1706457642:[PRESS ,0038]P+222273mbar,T+32767mdegC
1706458291:[PRESS ,0038]P+215773mbar,T+32767mdegC
1706458641:[BUOY  ,0087]from -9mbar/s to -10mbar/s
1706458641:[PUMP  ,0378]Outflow calculated : 2705
1706458641:[BUOY  ,0089]need to transfer +30mL (pump during 44092ms)
1706458642:[PUMP  ,0016]pump during 44092ms
1706458686:[PUMP  ,0212]battery 14208mV,  941962uA (steady state), P+212393mbar
1706458943:[PRESS ,0038]P+209373mbar,T+32767mdegC
1706459592:[PRESS ,0038]P+203013mbar,T+32767mdegC
1706459617:[BUOY  ,0087]from -9mbar/s to -10mbar/s
1706459617:[PUMP  ,0378]Outflow calculated : 2711
1706459617:[BUOY  ,0089]need to transfer +30mL (pump during 44137ms)
1706459619:[PUMP  ,0016]pump during 44137ms
1706459663:[PUMP  ,0212]battery 14221mV,  912682uA (steady state), P+202753mbar
1706460244:[PRESS ,0038]P+196473mbar,T+32767mdegC
1706460269:[BUOY  ,0087]from -9mbar/s to -10mbar/s
1706460269:[PUMP  ,0378]Outflow calculated : 2714
1706460269:[BUOY  ,0089]need to transfer +30mL (pump during 44256ms)
1706460270:[PUMP  ,0016]pump during 44256ms
1706460314:[PUMP  ,0212]battery 14213mV,  882792uA (steady state), P+196243mbar
1706460595:[BUOY  ,0087]from -9mbar/s to -10mbar/s
1706460595:[PUMP  ,0378]Outflow calculated : 2716
1706460595:[BUOY  ,0089]need to transfer +30mL (pump during 44224ms)
1706460596:[PUMP  ,0016]pump during 44224ms
1706460640:[PUMP  ,0212]battery 14158mV,  874740uA (steady state), P+192963mbar
1706460897:[PRESS ,0038]P+189963mbar,T+32767mdegC
1706461246:[BUOY  ,0087]from -9mbar/s to -10mbar/s
1706461246:[PUMP  ,0378]Outflow calculated : 2720
1706461246:[BUOY  ,0089]need to transfer +30mL (pump during 44056ms)
1706461248:[PUMP  ,0016]pump during 44056ms
1706461292:[PUMP  ,0212]battery 14215mV,  856684uA (steady state), P+186633mbar
1706461548:[PRESS ,0038]P+183643mbar,T+32767mdegC
1706462198:[PRESS ,0038]P+177053mbar,T+32767mdegC
1706462847:[PRESS ,0038]P+170153mbar,T+32767mdegC
1706463497:[PRESS ,0038]P+163353mbar,T+32767mdegC
1706464147:[PRESS ,0038]P+156553mbar,T+32767mdegC
1706464797:[PRESS ,0038]P+150433mbar,T+32767mdegC
1706464822:[BUOY  ,0087]from -9mbar/s to -10mbar/s
1706464822:[PUMP  ,0378]Outflow calculated : 2742
1706464822:[BUOY  ,0089]need to transfer +30mL (pump during 43509ms)
1706464823:[PUMP  ,0016]pump during 43509ms
1706464866:[PUMP  ,0212]battery 14272mV,  730780uA (steady state), P+150193mbar
1706465448:[PRESS ,0038]P+144653mbar,T+32767mdegC
1706465473:[BUOY  ,0087]from -9mbar/s to -10mbar/s
1706465473:[PUMP  ,0378]Outflow calculated : 2745
1706465473:[BUOY  ,0089]need to transfer +30mL (pump during 43623ms)
1706465474:[PUMP  ,0016]pump during 43623ms
1706465517:[PUMP  ,0212]battery 14286mV,  708576uA (steady state), P+144413mbar
1706465799:[BUOY  ,0087]from -9mbar/s to -10mbar/s
1706465799:[PUMP  ,0378]Outflow calculated : 2747
1706465799:[BUOY  ,0089]need to transfer +30mL (pump during 43591ms)
1706465801:[PUMP  ,0016]pump during 43591ms
1706465844:[PUMP  ,0212]battery 14242mV,  698694uA (steady state), P+141413mbar
1706466101:[PRESS ,0038]P+138303mbar,T+32767mdegC
1706466751:[PRESS ,0038]P+131003mbar,T+32767mdegC
1706467401:[PRESS ,0038]P+123373mbar,T+32767mdegC
1706468050:[PRESS ,0038]P+116553mbar,T+32767mdegC
1706468075:[BUOY  ,0087]from -9mbar/s to -10mbar/s
1706468075:[PUMP  ,0378]Outflow calculated : 2762
1706468075:[BUOY  ,0089]need to transfer +30mL (pump during 43197ms)
1706468077:[PUMP  ,0016]pump during 43197ms
1706468120:[PUMP  ,0212]battery 14337mV,  610854uA (steady state), P+116313mbar
1706468702:[PRESS ,0038]P+109573mbar,T+32767mdegC
1706469351:[PRESS ,0038]P+102073mbar,T+32767mdegC
1706470001:[PRESS ,0038]P +95543mbar,T+32767mdegC
1706470651:[PRESS ,0038]P +89283mbar,T+32767mdegC
1706470676:[BUOY  ,0087]from -9mbar/s to -10mbar/s
1706470676:[PUMP  ,0378]Outflow calculated : 2779
1706470676:[BUOY  ,0089]need to transfer +30mL (pump during 42929ms)
1706470677:[PUMP  ,0016]pump during 42929ms
1706470719:[PUMP  ,0212]battery 14381mV,  511546uA (steady state), P +89023mbar
1706471302:[PRESS ,0038]P +82273mbar,T+32767mdegC
1706471952:[PRESS ,0038]P +74893mbar,T+32767mdegC
1706472302:[BUOY  ,0087]from -9mbar/s to -10mbar/s
1706472302:[PUMP  ,0378]Outflow calculated : 2789
1706472302:[BUOY  ,0089]need to transfer +30mL (pump during 42812ms)
1706472303:[PUMP  ,0016]pump during 42812ms
1706472345:[PUMP  ,0212]battery 14438mV,  444568uA (steady state), P +71293mbar
1706472603:[PRESS ,0038]P +68263mbar,T+32767mdegC
1706473253:[PRESS ,0038]P +61153mbar,T+32767mdegC
1706473903:[PRESS ,0038]P +54353mbar,T+32767mdegC
1706474253:[BUOY  ,0087]from -9mbar/s to -10mbar/s
1706474253:[PUMP  ,0378]Outflow calculated : 2801
1706474253:[BUOY  ,0089]need to transfer +30mL (pump during 42586ms)
1706474254:[PUMP  ,0016]pump during 42586ms
1706474296:[PUMP  ,0212]battery 14491mV,  370758uA (steady state), P +51243mbar
1706474554:[PRESS ,0038]P +48713mbar,T+32767mdegC
1706474579:[BUOY  ,0087]from -7mbar/s to -10mbar/s
1706474579:[PUMP  ,0378]Outflow calculated : 2803
1706474579:[BUOY  ,0089]need to transfer +82mL (pump during 116809ms)
1706474581:[PUMP  ,0016]pump during 60000ms
1706474640:[PUMP  ,0212]battery 14490mV,  357094uA (steady state), P +48533mbar
1706475206:[PRESS ,0038]P +42183mbar,T+32767mdegC
1706475855:[PRESS ,0038]P +35343mbar,T+32767mdegC
1706476505:[PRESS ,0038]P +28083mbar,T+32767mdegC
1706477155:[PRESS ,0038]P +20973mbar,T+32767mdegC
1706477805:[PRESS ,0038]P +14843mbar,T+32767mdegC
1706477830:[BUOY  ,0087]from -8mbar/s to -10mbar/s
1706477830:[PUMP  ,0378]Outflow calculated : 2823
1706477830:[BUOY  ,0089]need to transfer +58mL (pump during 81461ms)
1706477831:[PUMP  ,0016]pump during 60000ms
1706477890:[PUMP  ,0212]battery 14663mV,  223748uA (steady state), P +14653mbar
1706478156:[BUOY  ,0087]from -9mbar/s to -10mbar/s
1706478156:[PUMP  ,0378]Outflow calculated : 2825
1706478156:[BUOY  ,0089]need to transfer +30mL (pump during 42230ms)
1706478157:[PUMP  ,0016]pump during 42230ms
1706478199:[PUMP  ,0212]battery 14692mV,  211670uA (steady state), P +11693mbar
1706478458:[PRESS ,0038]P  +8623mbar,T+32767mdegC
1706479107:[PRESS ,0038]P  +1513mbar,T+32767mdegC
1706479457:[STAGE ,0214]-177mbar (500) reached at 1706479457s, ascending from 300723mbar
1706479457:[STAGE ,0342]The float reached the surface : OK
1706479457:[MAIN  ,0140]stage[3] complete 6459s after mission start
1706479459:[SBE   ,0391]Mode changed from PROFILING to SLEEP
1706479460:[SBE   ,0391]Mode changed from SLEEP to STOP
1706479638:[SBE   ,0391]Mode changed from STOP to SLEEP
1706479639:[SBE   ,0391]Mode changed from SLEEP to DUMP
1706479640:[SBE   ,0343]SBE dump : 503 stored samples in hexa format
1706479656:[SBE   ,0338]Dump finished
1706479656:[SBE   ,0388]503 samples in 0100/65B65930.S61
1706479656:[SBE   ,0391]Mode changed from DUMP to SLEEP
1706479656:[MRMAID,0188]acq already stopped
1706479656:[MSSION,0192]mission stopped, 4 stage(s) done
1706479656:[MAIN  ,0065]surfacing
1706479658:[SURFIN,0036]P   -197mbar
1706479660:[SURFIN,0020]filling external bladder
1706479661:[PUMP  ,0016]pump during 30000ms
1706479690:[PUMP  ,0212]battery 14231mV, 1341390uA (steady state), P   -197mbar
1706479708:[PUMP  ,0016]pump during 30000ms
1706479737:[PUMP  ,0212]battery 14988mV,   13054uA (steady state), P   -197mbar
1706479754:[PUMP  ,0016]pump during 30000ms
1706479783:[PUMP  ,0212]battery 14843mV,   13176uA (steady state), P   -197mbar
1706479800:[PUMP  ,0016]pump during 30000ms
1706479807:[PUMP  ,0212]battery 14806mV,    7076uA (steady state), P   -197mbar
1706479807:[PUMP  ,0019]external bladder full
1706479869:[MAIN  ,0272]Vbat 14908mV (min 14392mV)
1706479871:[MAIN  ,0024]internal pressure 74482Pa
1706479871:[MAIN  ,0043]Pext 258mbar (rng 30mbar)
1706479871:[MAIN  ,0064]surface
1706479882:[SURF  ,0022]GPS fix...
1706479885:[GPSFIX,0123]<WARN>GPRMC ms=660 #1
1706480009:[SURF  ,0015]10 PPS detected...
1706480010:[MRMAID,0052]$GPSACK:+0,+0,+0,+0,+0,+0,-885589;
1706480020:[MRMAID,0052]$GPSOFF:3686333;
1706480022:[GPSFIX,0179]-13s diff
1706480035:[SURF  ,0222]2024-01-28T22:13:55
1706480035:[SURF  ,0082]N28deg41.708mn, E139deg09.614mn
1706480035:[SURF  ,0084]hdop 1.040, vdop 1.960
1706480045:[SURF  ,0274]last almanac : 863207
1706480304:[MRMAID,0026]99041 bytes in 0100/65B6D1B2.MER
1706480309:[MAIN  ,0320]New pressure offset: 258mbar
1706480309:[SBE   ,0391]Mode changed from SLEEP to RESETOFFSET
1706480371:[SBE   ,0339]new offset = -2.15 received after 63s
1706480371:[SBE   ,0391]Mode changed from RESETOFFSET to SLEEP
1706480372:[MAIN  ,0078]*** switching to 0100/65B6D2F4 ***
