1728161885:[MAIN  ,0007]buoy 467.174-T-0100
1728161885:[MAIN  ,0055]soft pilotage 467.174.300_V2.67-20230503
1728161885:[MAIN  ,0010]cycle 49
1728161885:[SURF  ,0225]surface2
1728161899:[SURF  ,0022]GPS fix...
1728161899:[GPSFIX,0123]<WARN>GPRMC ms=500 #1
1728161920:[SURF  ,0015]10 PPS detected...
1728161921:[MRMAID,0052]$GPSACK:+0,+0,+0,+0,+0,+1,-999969;
1728161931:[MRMAID,0052]$GPSOFF:3686330;
1728161933:[GPSFIX,0179]-1s diff
1728161934:[SURF  ,0222]2024-10-05T20:58:54
1728161934:[SURF  ,0082]N29deg12.288mn, E137deg37.241mn
1728161934:[SURF  ,0084]hdop 1.350, vdop 2.010
1728161944:[SURF  ,0025]Iridium...
1728161979:[SURF  ,0009]connected in 35s, signal quality 5
1728162109:[SURF  ,0218]prompt received, remote cmd end
1728162109:[SURF  ,0012]22 cmd(s) received
1728162129:[UPLOAD,0248]Upload data files...
1728162175:[UPLOAD,0231]"0100/67013FDD.S61" uploaded at 82bytes/s
1728162803:[SURF  ,0014]disconnected after 859s
1728162808:[SURFIN,0020]filling external bladder
1728162810:[PUMP  ,0016]pump during 30000ms
1728162811:[PUMP  ,0019]external bladder full
1728162811:[SURF  ,0069]transfer interrupted , retry
1728162822:[SURF  ,0022]GPS fix...
1728162842:[SURF  ,0015]10 PPS detected...
1728162843:[MRMAID,0052]$GPSACK:+0,+0,+0,+0,+0,+0,+0;
1728162853:[MRMAID,0052]$GPSOFF:3686329;
1728162856:[GPSFIX,0179]+0s diff
1728162856:[SURF  ,0222]2024-10-05T21:14:16
1728162856:[SURF  ,0082]N29deg12.260mn, E137deg37.337mn
1728162856:[SURF  ,0084]hdop 0.810, vdop 1.210
1728162866:[SURF  ,0025]Iridium...
1728162898:[SURF  ,0009]connected in 32s, signal quality 5
1728163004:[SURF  ,0218]prompt received, remote cmd end
1728163004:[SURF  ,0012]21 cmd(s) received
1728163026:[UPLOAD,0248]Upload data files...
1728163711:[UPLOAD,0231]"0100/6701A77E.MER" uploaded at 60bytes/s
1728163787:[ZIO   ,0240]"NO CARRIER" received, aborting
1728163807:[SURF  ,0014]disconnected after 941s
1728163812:[SURFIN,0020]filling external bladder
1728163813:[PUMP  ,0019]external bladder full
1728163814:[SURF  ,0069]transfer interrupted , retry
1728163825:[SURF  ,0022]GPS fix...
1728163846:[SURF  ,0015]10 PPS detected...
1728163847:[MRMAID,0052]$GPSACK:+0,+0,+0,+0,+0,+1,-999938;
1728163857:[MRMAID,0052]$GPSOFF:3686328;
1728163859:[GPSFIX,0179]-1s diff
1728163860:[SURF  ,0222]2024-10-05T21:31:00
1728163860:[SURF  ,0082]N29deg12.223mn, E137deg37.458mn
1728163860:[SURF  ,0084]hdop 0.680, vdop 1.080
1728163870:[SURF  ,0025]Iridium...
1728163907:[SURF  ,0009]connected in 37s, signal quality 5
1728164025:[SURF  ,0218]prompt received, remote cmd end
1728164025:[SURF  ,0012]21 cmd(s) received
1728164045:[UPLOAD,0248]Upload data files...
1728164085:[UPLOAD,0131]<ERR>opening upload
1728164085:[UPLOAD,0132]<ERR>opening upload "0100"
1728164101:[SURF  ,0014]disconnected after 231s
1728164106:[SURFIN,0020]filling external bladder
1728164107:[PUMP  ,0016]pump during 30000ms
1728164111:[PUMP  ,0212]battery 13783mV, 1040050uA (steady state), P   +210mbar
1728164111:[PUMP  ,0019]external bladder full
1728164111:[SURF  ,0069]transfer interrupted , retry
1728164123:[SURF  ,0022]GPS fix...
1728164162:[SURF  ,0015]10 PPS detected...
1728164163:[MRMAID,0052]$GPSACK:+0,+0,+0,+0,+0,+0,-30;
1728164173:[MRMAID,0052]$GPSOFF:3686328;
1728164175:[GPSFIX,0179]-1s diff
1728164176:[SURF  ,0222]2024-10-05T21:36:16
1728164176:[SURF  ,0082]N29deg12.222mn, E137deg37.495mn
1728164176:[SURF  ,0084]hdop 0.620, vdop 1.080
1728164186:[SURF  ,0025]Iridium...
1728164216:[SURF  ,0009]connected in 30s, signal quality 5
1728164324:[SURF  ,0218]prompt received, remote cmd end
1728164324:[SURF  ,0012]21 cmd(s) received
1728164347:[UPLOAD,0248]Upload data files...
1728164904:[ZIO   ,0240]"NO CARRIER" received, aborting
1728164924:[SURF  ,0014]disconnected after 738s
1728164929:[SURFIN,0020]filling external bladder
1728164931:[PUMP  ,0019]external bladder full
1728164931:[SURF  ,0069]transfer interrupted , retry
1728164942:[SURF  ,0022]GPS fix...
1728164962:[SURF  ,0015]10 PPS detected...
1728164963:[MRMAID,0052]$GPSACK:+0,+0,+0,+0,+0,+0,+0;
1728164973:[MRMAID,0052]$GPSOFF:3686328;
1728164975:[GPSFIX,0179]-1s diff
1728164976:[SURF  ,0222]2024-10-05T21:49:36
1728164976:[SURF  ,0082]N29deg12.203mn, E137deg37.584mn
1728164976:[SURF  ,0084]hdop 0.730, vdop 1.150
1728164986:[SURF  ,0025]Iridium...
1728164987:[MODEM ,0347]<ERR>ping error
1728164987:[SURF  ,0023]<WARN>failed to connect #1, code -1, net -1, qual -1, dial -1
1728165051:[SURF  ,0009]connected in 65s, signal quality 3
1728165162:[SURF  ,0218]prompt received, remote cmd end
1728165162:[SURF  ,0012]21 cmd(s) received
1728165187:[UPLOAD,0248]Upload data files...
1728165455:[SURF  ,0014]disconnected after 469s
1728165460:[SURFIN,0020]filling external bladder
1728165461:[PUMP  ,0019]external bladder full
1728165461:[SURF  ,0069]transfer interrupted , retry
1728165473:[SURF  ,0022]GPS fix...
1728165493:[SURF  ,0015]10 PPS detected...
1728165494:[MRMAID,0052]$GPSACK:+0,+0,+0,+0,+0,+1,-999938;
1728165504:[MRMAID,0052]$GPSOFF:3686327;
1728165506:[GPSFIX,0179]-1s diff
1728165507:[SURF  ,0222]2024-10-05T21:58:27
1728165507:[SURF  ,0082]N29deg12.178mn, E137deg37.648mn
1728165507:[SURF  ,0084]hdop 0.690, vdop 1.160
1728165517:[SURF  ,0025]Iridium...
1728165830:[SURF  ,0023]<WARN>failed to connect #1, code -8, net 1, qual 4, dial 1
1728165837:[MODEM ,0347]<ERR>ping error
1728165837:[SURF  ,0023]<WARN>failed to connect #2, code -1, net -1, qual -1, dial -1
1728165845:[MODEM ,0347]<ERR>ping error
1728165845:[SURF  ,0023]<WARN>failed to connect #3, code -1, net -1, qual -1, dial -1
1728165873:[SURF  ,0023]<WARN>failed to connect #4, code -5, net 4, qual -1, dial -1
1728165926:[SURF  ,0009]connected in 409s, signal quality 5
1728166055:[SURF  ,0218]prompt received, remote cmd end
1728166055:[SURF  ,0012]50 cmd(s) received
1728166083:[UPLOAD,0248]Upload data files...
1728166324:[SURF  ,0014]disconnected after 807s
1728166329:[SURFIN,0020]filling external bladder
1728166330:[PUMP  ,0019]external bladder full
1728166330:[SURF  ,0069]transfer interrupted , retry
1728166342:[SURF  ,0022]GPS fix...
1728166351:[GPSFIX,0123]<WARN>GPRMC ms=500 #1
1728166371:[SURF  ,0015]10 PPS detected...
1728166372:[MRMAID,0052]$GPSACK:+0,+0,+0,+0,+0,+0,-30;
1728166382:[MRMAID,0052]$GPSOFF:3686327;
1728166384:[GPSFIX,0179]-1s diff
1728166385:[SURF  ,0222]2024-10-05T22:13:05
1728166385:[SURF  ,0082]N29deg12.112mn, E137deg37.776mn
1728166385:[SURF  ,0084]hdop 0.610, vdop 0.900
1728166395:[SURF  ,0025]Iridium...
1728166454:[SURF  ,0009]connected in 59s, signal quality 5
1728167092:[SURF  ,0197]<ERR>Timeout when receive cmds
1728167092:[SURF  ,0012]30 cmd(s) received
1728167116:[UPLOAD,0248]Upload data files...
1728167168:[ZIO   ,0236]5 consecutive CAN received, aborting
1728167196:[SURF  ,0014]disconnected after 801s
1728167201:[SURFIN,0020]filling external bladder
1728167202:[PUMP  ,0016]pump during 30000ms
1728167208:[PUMP  ,0212]battery 13835mV, 1017724uA (steady state), P   +210mbar
1728167208:[PUMP  ,0019]external bladder full
1728167208:[SURF  ,0069]transfer interrupted , retry
1728167220:[SURF  ,0022]GPS fix...
1728167240:[SURF  ,0015]10 PPS detected...
1728167241:[MRMAID,0052]$GPSACK:+0,+0,+0,+0,+0,+1,-999938;
1728167251:[MRMAID,0052]$GPSOFF:3686326;
1728167253:[GPSFIX,0179]-1s diff
1728167254:[SURF  ,0222]2024-10-05T22:27:34
1728167254:[SURF  ,0082]N29deg12.042mn, E137deg37.885mn
1728167254:[SURF  ,0084]hdop 0.640, vdop 1.120
1728167264:[SURF  ,0025]Iridium...
1728167294:[SURF  ,0009]connected in 30s, signal quality 5
1728167491:[SURF  ,0218]prompt received, remote cmd end
1728167491:[SURF  ,0012]53 cmd(s) received
1728167516:[UPLOAD,0248]Upload data files...
1728168049:[SURF  ,0014]disconnected after 785s
1728168054:[SURFIN,0020]filling external bladder
1728168055:[PUMP  ,0019]external bladder full
1728168055:[SURF  ,0069]transfer interrupted , retry
1728168067:[SURF  ,0022]GPS fix...
1728168089:[SURF  ,0015]10 PPS detected...
1728168090:[MRMAID,0052]$GPSACK:+0,+0,+0,+0,+0,+0,-91;
1728168100:[MRMAID,0052]$GPSOFF:3686326;
1728168102:[GPSFIX,0179]-1s diff
1728168103:[SURF  ,0222]2024-10-05T22:41:43
1728168103:[SURF  ,0082]N29deg11.971mn, E137deg37.972mn
1728168103:[SURF  ,0084]hdop 0.710, vdop 1.090
1728168113:[SURF  ,0025]Iridium...
1728168160:[SURF  ,0009]connected in 47s, signal quality 5
1728168539:[SURF  ,0218]prompt received, remote cmd end
1728168539:[SURF  ,0012]138 cmd(s) received
1728168561:[UPLOAD,0248]Upload data files...
1728168720:[UPLOAD,0231]"0100/66F47A44.BIN" uploaded at 121bytes/s
1728168738:[MAIN  ,0013]1 file(s) uploaded
1728168768:[SURF  ,0014]disconnected after 655s
1728168773:[SURF  ,0227]1st complete transfer
1728168773:[SURF  ,0226]Go dive
1728168785:[SURF  ,0022]GPS fix...
1728168809:[SURF  ,0015]10 PPS detected...
1728168810:[MRMAID,0052]$GPSACK:+0,+0,+0,+0,+0,+0,+0;
1728168820:[MRMAID,0052]$GPSOFF:3686326;
1728168821:[GPSFIX,0179]-1s diff
1728168822:[SURF  ,0222]2024-10-05T22:53:42
1728168822:[SURF  ,0082]N29deg11.915mn, E137deg38.038mn
1728168822:[SURF  ,0084]hdop 0.690, vdop 1.080
1728168839:[MAIN  ,0024]internal pressure 77936Pa
1728168840:[BYCMD ,0120]    bypass 20000ms 120000ms (20000ms 60000ms stored)
1728168840:[BYCMD ,0121]    valve 60000ms 12750 (60000ms 12750 stored)
1728168840:[BYCMD ,0376]    pump 60000ms 2832 8320 418 (60000ms 2832 8320 418 stored)
1728168840:[BYCMD ,0123]    rate 2mbar/s (2mbar/s stored)
1728168840:[BYCMD ,0124]    surface 500mbar (500mbar stored)
1728168840:[BYCMD ,0173]    near 7000mbar 2:2:3mbar/s (15000mbar 2:2:3mbar/s stored)
1728168840:[BYCMD ,0380]    middle 6mbar/s (6mbar/s stored)
1728168840:[BYCMD ,0126]    far 25000mbar 9mbar/s (25000mbar 9mbar/s stored)
1728168840:[BYCMD ,0127]    ascent 10mbar/s (10mbar/s stored)
1728168840:[BYCMD ,0128]    dead 300s (300s stored)
1728168840:[BYCMD ,0129]    coeff 16/10 (16/10 stored)
1728168840:[BYCMD ,0130]    stab 10 (10 stored)
1728168840:[BYCMD ,0131]    delay 900s 18000s (900s 3600s stored)
1728168840:[BYCMD ,0132]    mmtime 14400min (2880min stored)
1728168840:[BYCMD ,0133]    dv_landing 100ml (100ml stored)
1728168840:[BYCMD ,0381]    landing confirmation 5 (5 stored)
1728168840:[BYCMD ,0379]    cycle nb 1 (1 stored)
1728168840:[P2TCMD,0150]    p2t37: 15x2000ms, offset 210mbar
1728168841:[P2TCMD,0151]    p2t37: dp 5000mbar, dt 1000000mdegC
1728168841:[STAGE ,0080]Stage [0] 200000mbar (+/-5000mbar) 25200s (<25200s) 
1728168841:[STAGE ,0080]Stage [1] 200000mbar (+/-5000mbar) 788400s (<813600s) MERMAID SBE61 
1728168841:[PROFIL,0302]    manual_profil=1
1728168841:[PROFIL,0303]    manual_profil_rate=1 hours
1728168841:[STAGE ,0080]Stage [2] 250000mbar (+/-5000mbar) 14400s (<828000s) 
1728168841:[STAGE ,0091]Stage [3] surfacing 36000s (<864000s) SBE61 
1728168841:[PROFIL,0284]    speed_detection=1
1728168841:[PROFIL,0285]    bin_average_output=1
1728168841:[PROFIL,0287]    include_transition_bin=1
1728168841:[PROFIL,0304]    include_nbin=1
1728168841:[PROFIL,0301]    load_test_sample=0
1728168841:[PROFIL,0288]    p_cut_off=2dbar
1728168841:[PROFIL,0289]    top_bin_interval=2dbar
1728168841:[PROFIL,0290]    top_bin_size=2dbar
1728168841:[PROFIL,0291]    top_bin_max=500dbar
1728168841:[PROFIL,0292]    middle_bin_interval=10dbar
1728168841:[PROFIL,0293]    middle_bin_size=10dbar
1728168841:[PROFIL,0294]    middle_bin_max=2500dbar
1728168841:[PROFIL,0295]    bottom_bin_interval=50dbar
1728168841:[PROFIL,0296]    bottom_bin_size=50dbar
1728168841:[PROFIL,0297]    pump_time=0s
1728168841:[PROFIL,0298]    speed_start=2mbar/s
1728168841:[PROFIL,0299]    speed_control=10mbar/s
1728168841:[MAIN  ,0070]turn off bluetooth
1728168869:[DIVING,0141]diving from -30mbar, +0mbar/s
1728168869:[BYPASS,0035]bypass opening 120000ms
1728168874:[BYPASS,0104]battery 14517mV,  256810uA (bypass opening), P    -30mbar
1728168999:[BYPASS,0106]battery 14477mV,  288774uA (bypass closing), P    -30mbar
1728169025:[BYPASS,0035]bypass opening 20000ms
1728169031:[BYPASS,0104]battery 14556mV,  250466uA (bypass opening), P   -210mbar
1728169056:[BYPASS,0106]battery 14478mV,  287676uA (bypass closing), P   -210mbar
1728169082:[BYPASS,0035]bypass opening 20000ms
1728169087:[BYPASS,0104]battery 14558mV,  251686uA (bypass opening), P   -190mbar
1728169112:[BYPASS,0106]battery 14478mV,  286822uA (bypass closing), P   -190mbar
1728169193:[DIVING,0028]540mbar reached (+10mbar/s), 3 bypass done
1728169194:[MAIN  ,0056]stage[0]
1728169196:[MAIN  ,0024]internal pressure 82439Pa
1728169197:[BUOY  ,0037]P   +570mbar
1728169848:[BUOY  ,0087]from +5mbar/s to +9mbar/s
1728169848:[BUOY  ,0090]need to transfer -90mL (valve during 15300ms)
1728169848:[VALVE ,0034]valve opening 15300ms
1728169864:[VALVE ,0234]battery 14197mV,  461892uA, P  +5630mbar
1728170473:[PRESS ,0038]P +10640mbar,T+32767mdegC
1728170498:[BUOY  ,0087]from +7mbar/s to +9mbar/s
1728170498:[BUOY  ,0090]need to transfer -52mL (valve during 6437ms)
1728170498:[VALVE ,0034]valve opening 6437ms
1728170505:[VALVE ,0234]battery 14181mV,  461038uA, P +10810mbar
1728170823:[BUOY  ,0087]from +7mbar/s to +9mbar/s
1728170823:[BUOY  ,0090]need to transfer -52mL (valve during 5765ms)
1728170823:[VALVE ,0034]valve opening 5765ms
1728170829:[VALVE ,0234]battery 14170mV,  460306uA, P +13270mbar
1728171124:[PRESS ,0038]P +16000mbar,T+32767mdegC
1728171773:[PRESS ,0038]P +21950mbar,T+32767mdegC
1728172423:[PRESS ,0038]P +27840mbar,T+32767mdegC
1728172773:[BUOY  ,0087]from +7mbar/s to +9mbar/s
1728172773:[BUOY  ,0090]need to transfer -52mL (valve during 3810ms)
1728172773:[VALVE ,0034]valve opening 3810ms
1728172777:[VALVE ,0234]battery 14100mV,  458598uA, P +30450mbar
1728173073:[PRESS ,0038]P +33150mbar,T+32767mdegC
1728173723:[PRESS ,0038]P +38910mbar,T+32767mdegC
1728174373:[PRESS ,0038]P +44520mbar,T+32767mdegC
1728175023:[PRESS ,0038]P +49740mbar,T+32767mdegC
1728175672:[PRESS ,0038]P +54930mbar,T+32767mdegC
1728176022:[BUOY  ,0087]from +7mbar/s to +9mbar/s
1728176022:[BUOY  ,0090]need to transfer -52mL (valve during 2763ms)
1728176022:[VALVE ,0034]valve opening 2763ms
1728176025:[VALVE ,0234]battery 13912mV,  456158uA, P +57750mbar
1728176322:[PRESS ,0038]P +60430mbar,T+32767mdegC
1728176972:[PRESS ,0038]P +66360mbar,T+32767mdegC
1728177622:[PRESS ,0038]P +71760mbar,T+32767mdegC
1728178272:[PRESS ,0038]P +77180mbar,T+32767mdegC
1728178922:[PRESS ,0038]P +82620mbar,T+32767mdegC
1728178946:[BUOY  ,0087]from +7mbar/s to +9mbar/s
1728178946:[BUOY  ,0090]need to transfer -52mL (valve during 2310ms)
1728178946:[VALVE ,0034]valve opening 2310ms
1728178949:[VALVE ,0234]battery 13646mV,  451522uA, P +82800mbar
1728179572:[PRESS ,0038]P +88450mbar,T+32767mdegC
1728180221:[PRESS ,0038]P +95000mbar,T+32767mdegC
1728180871:[PRESS ,0038]P+101930mbar,T+32767mdegC
1728181521:[PRESS ,0038]P+108380mbar,T+32767mdegC
1728182171:[PRESS ,0038]P+113850mbar,T+32767mdegC
1728182820:[PRESS ,0038]P+119160mbar,T+32767mdegC
1728183470:[PRESS ,0038]P+124530mbar,T+32767mdegC
1728183495:[BUOY  ,0087]from +7mbar/s to +9mbar/s
1728183495:[BUOY  ,0090]need to transfer -52mL (valve during 1878ms)
1728183495:[VALVE ,0034]valve opening 1878ms
1728183497:[VALVE ,0234]battery 13148mV,  437614uA, P+124720mbar
1728184120:[PRESS ,0038]P+130520mbar,T+32767mdegC
1728184770:[PRESS ,0038]P+136560mbar,T+32767mdegC
1728185420:[PRESS ,0038]P+142640mbar,T+32767mdegC
1728186070:[PRESS ,0038]P+148660mbar,T+32767mdegC
1728186719:[PRESS ,0038]P+154600mbar,T+32767mdegC
1728187369:[PRESS ,0038]P+160070mbar,T+32767mdegC
1728188019:[PRESS ,0038]P+165290mbar,T+32767mdegC
1728188669:[PRESS ,0038]P+170890mbar,T+32767mdegC
1728189319:[PRESS ,0038]P+176560mbar,T+32767mdegC
1728189343:[BUOY  ,0087]from +8mbar/s to +6mbar/s
1728189343:[PUMP  ,0378]Outflow calculated : 2727
1728189343:[BUOY  ,0089]need to transfer +44mL (pump during 63492ms)
1728189345:[PUMP  ,0016]pump during 60000ms
1728189404:[PUMP  ,0212]battery 13162mV,  791292uA (steady state), P+176760mbar
1728190295:[PRESS ,0038]P+183350mbar,T+32767mdegC
1728191269:[PRESS ,0038]P+189050mbar,T+32767mdegC
1728192244:[PRESS ,0038]P+194740mbar,T+32767mdegC
1728192269:[BUOY  ,0087]from +7mbar/s to +2mbar/s
1728192269:[PUMP  ,0378]Outflow calculated : 2716
1728192269:[BUOY  ,0089]need to transfer +72mL (pump during 104348ms)
1728192270:[PUMP  ,0016]pump during 60000ms
1728192329:[PUMP  ,0212]battery 13826mV,  859734uA (steady state), P+194920mbar
1728192595:[STAGE ,0213]196750mbar reached at 1728192595s, ref 200000mbar +/-5000mbar
1728192595:[BUOY  ,0087]from +6mbar/s to +0mbar/s
1728192595:[PUMP  ,0378]Outflow calculated : 2715
1728192595:[BUOY  ,0089]need to transfer +58mL (pump during 84180ms)
1728192597:[PUMP  ,0016]pump during 60000ms
1728192656:[PUMP  ,0212]battery 13648mV,  861564uA (steady state), P+196750mbar
1728192922:[BUOY  ,0087]from +5mbar/s to +0mbar/s
1728192922:[PUMP  ,0378]Outflow calculated : 2713
1728192922:[BUOY  ,0089]need to transfer +40mL (pump during 59172ms)
1728192923:[PUMP  ,0016]pump during 59172ms
1728192982:[PUMP  ,0212]battery 13645mV,  861930uA (steady state), P+198270mbar
1728193248:[BUOY  ,0087]from +4mbar/s to +0mbar/s
1728193248:[PUMP  ,0378]Outflow calculated : 2712
1728193248:[BUOY  ,0089]need to transfer +26mL (pump during 38489ms)
1728193249:[PUMP  ,0016]pump during 38489ms
1728193287:[PUMP  ,0212]battery 13647mV,  866322uA (steady state), P+199420mbar
1728193550:[PRESS ,0038]P+199880mbar,T+32767mdegC
1728193875:[BUOY  ,0087]from +1mbar/s to +0mbar/s
1728193875:[PUMP  ,0378]Outflow calculated : 2712
1728193875:[BUOY  ,0089]need to transfer +2mL (pump during 2963ms)
1728193876:[PUMP  ,0016]pump during 2963ms
1728194501:[MAIN  ,0140]stage[0] complete 25308s after mission start
1728194501:[MAIN  ,0056]stage[1]
1728194503:[MAIN  ,0024]internal pressure 77329Pa
1728194505:[MRMAID,0002]acq started
1728194505:[SBE   ,0391]Mode changed from SLEEP to UPDATE
1728194506:[BUOY  ,0037]P+200040mbar
1728194507:[STAGE ,0213]200020mbar reached at 1728194507s, ref 200000mbar +/-5000mbar
1728194509:[SBE   ,0391]Mode changed from UPDATE to START
1728194509:[SBE   ,0385]Start manual acquisitions
1728194509:[SBE   ,0391]Mode changed from START to PROFILING
1728194544:[SBE61 ,0396]P +20031,T +19522,S +34586
1728194593:[MRMAID,0184]acq already started
1728194593:[MRMAID,0185]11 spurious byte(s) received
1728194645:[MRMAID,0059]stop canceled
1728195298:[MRMAID,0027]1998dbar, 33degC
1728198116:[MRMAID,0003]acq stopped
1728198116:[MRMAID,0052]$MEASFS,138915,3471.648651,40.014130;
1728198151:[SBE61 ,0396]P +20075,T +19500,S +34587
1728198153:[MRMAID,0002]acq started
1728199910:[BUOY  ,0087]from +1mbar/s to +0mbar/s
1728199910:[PUMP  ,0378]Outflow calculated : 2712
1728199910:[BUOY  ,0089]need to transfer +2mL (pump during 2915ms)
1728199910:[MRMAID,0003]acq stopped
1728199910:[MRMAID,0052]$MEASFS,68220,1704.896972,40.014148;
1728199912:[PUMP  ,0016]pump during 2915ms
1728199916:[MRMAID,0002]acq started
1728201726:[MRMAID,0003]acq stopped
1728201726:[MRMAID,0185]20 spurious byte(s) received
1728201761:[SBE61 ,0396]P +20121,T +19801,S +34584
1728201762:[MRMAID,0002]acq started
1728205325:[MRMAID,0003]acq stopped
1728205325:[MRMAID,0052]$MEASFS,140440,3509.756714,40.014169;
1728205361:[SBE61 ,0396]P +20275,T +19887,S +34584
1728205362:[MRMAID,0002]acq started
1728205940:[BUOY  ,0087]from +1mbar/s to +0mbar/s
1728205940:[PUMP  ,0378]Outflow calculated : 2711
1728205940:[BUOY  ,0089]need to transfer +2mL (pump during 2922ms)
1728205940:[MRMAID,0003]acq stopped
1728205942:[PUMP  ,0016]pump during 2922ms
1728205946:[MRMAID,0002]acq started
1728208925:[MRMAID,0052]$STOPAC$MEASFS,117074,2925.812592,40.014183;
1728208927:[MRMAID,0185]5 spurious byte(s) received
1728208960:[SBE61 ,0396]P +20097,T +20004,S +34581
1728208961:[MRMAID,0002]acq started
1728212534:[MRMAID,0003]acq stopped
1728212535:[MRMAID,0052]$MEASFS,140839,3519.726258,40.014191;
1728212570:[SBE61 ,0396]P +20162,T +19970,S +34581
1728212571:[MRMAID,0002]acq started
1728216134:[MRMAID,0003]acq stopped
1728216134:[MRMAID,0052]$MEASFS,140444,3509.854126,40.014199;
1728216169:[SBE61 ,0396]P +20181,T +19964,S +34581
1728216171:[MRMAID,0002]acq started
1728219734:[MRMAID,0003]acq stopped
1728219734:[MRMAID,0052]$MEASFS,140440,3509.753693,40.014204;
1728219769:[SBE61 ,0396]P +20171,T +20060,S +34581
1728219770:[MRMAID,0002]acq started
1728223343:[MRMAID,0003]acq stopped
1728223343:[MRMAID,0052]$MEASFS,140841,3519.774750,40.014208;
1728223379:[SBE61 ,0396]P +20155,T +19941,S +34582
1728223380:[MRMAID,0002]acq started
1728226943:[MRMAID,0003]acq stopped
1728226943:[MRMAID,0052]$MEASFS,140442,3509.802979,40.014212;
1728226978:[SBE61 ,0396]P +20250,T +19923,S +34583
1728226980:[MRMAID,0002]acq started
1728230552:[MRMAID,0003]acq stopped
1728230553:[MRMAID,0052]$MEASFS,140841,3519.774231,40.014214;
1728230588:[SBE61 ,0396]P +20089,T +19844,S +34584
1728230589:[MRMAID,0002]acq started
1728234152:[MRMAID,0003]acq stopped
1728234152:[MRMAID,0052]$MEASFS,140441,3509.777587,40.014216;
1728234188:[SBE61 ,0396]P +20228,T +19595,S +34587
1728234189:[MRMAID,0002]acq started
1728234781:[BUOY  ,0087]from +1mbar/s to +0mbar/s
1728234781:[PUMP  ,0378]Outflow calculated : 2711
1728234781:[BUOY  ,0089]need to transfer +2mL (pump during 2935ms)
1728234781:[MRMAID,0003]acq stopped
1728234783:[PUMP  ,0016]pump during 2935ms
1728234787:[MRMAID,0002]acq started
1728237752:[MRMAID,0003]acq stopped
1728237752:[MRMAID,0052]$MEASFS,116512,2911.764985,40.014218;
1728237787:[SBE61 ,0396]P +20193,T +19659,S +34586
1728237788:[MRMAID,0002]acq started
1728241361:[MRMAID,0003]acq stopped
1728241361:[MRMAID,0052]$MEASFS,140840,3519.748748,40.014220;
1728241397:[SBE61 ,0396]P +20198,T +19661,S +34586
1728241398:[MRMAID,0002]acq started
1728244961:[MRMAID,0003]acq stopped
1728244961:[MRMAID,0052]$MEASFS,140440,3509.752228,40.014221;
1728244996:[SBE61 ,0396]P +20378,T +19786,S +34585
1728244998:[MRMAID,0002]acq started
1728245314:[BUOY  ,0087]from +1mbar/s to +0mbar/s
1728245314:[PUMP  ,0378]Outflow calculated : 2710
1728245314:[BUOY  ,0089]need to transfer +2mL (pump during 2937ms)
1728245314:[MRMAID,0003]acq stopped
1728245315:[PUMP  ,0016]pump during 2937ms
1728245320:[MRMAID,0002]acq started
1728248561:[MRMAID,0003]acq stopped
1728248561:[MRMAID,0052]$MEASFS,127581,3188.391419,40.014221;
1728248596:[SBE61 ,0396]P +20170,T +19956,S +34583
1728248597:[MRMAID,0002]acq started
1728252170:[MRMAID,0003]acq stopped
1728252170:[MRMAID,0052]$MEASFS,140839,3519.723571,40.014222;
1728252206:[SBE61 ,0396]P +20279,T +20072,S +34580
1728252207:[MRMAID,0002]acq started
1728255770:[MRMAID,0003]acq stopped
1728255770:[MRMAID,0052]$MEASFS,140439,3509.727081,40.014222;
1728255805:[SBE61 ,0396]P +20223,T +20089,S +34579
1728255807:[MRMAID,0002]acq started
1728259380:[MRMAID,0003]acq stopped
1728259380:[MRMAID,0052]$MEASFS,140841,3519.773499,40.014223;
1728259415:[SBE61 ,0396]P +20179,T +19990,S +34580
1728259416:[MRMAID,0002]acq started
1728262979:[MRMAID,0003]acq stopped
1728262979:[MRMAID,0185]21 spurious byte(s) received
1728263015:[SBE61 ,0396]P +20177,T +19976,S +34582
1728263016:[MRMAID,0002]acq started
1728266579:[MRMAID,0003]acq stopped
1728266614:[SBE61 ,0396]P +20229,T +19788,S +34585
1728266616:[MRMAID,0002]acq started
1728270189:[MRMAID,0003]acq stopped
1728270189:[MRMAID,0185]29 spurious byte(s) received
1728270224:[SBE61 ,0396]P +20228,T +19659,S +34586
1728270225:[MRMAID,0002]acq started
1728273788:[MRMAID,0003]acq stopped
1728273788:[MRMAID,0052]$MEASFS,140441,3509.776947,40.014224;
1728273824:[SBE61 ,0396]P +20214,T +19744,S +34586
1728273825:[MRMAID,0002]acq started
1728277388:[MRMAID,0003]acq stopped
1728277388:[MRMAID,0052]$MEASFS,140441,3509.776947,40.014224;
1728277423:[SBE61 ,0396]P +20290,T +19780,S +34585
1728277425:[MRMAID,0002]acq started
1728280997:[MRMAID,0003]acq stopped
1728280998:[MRMAID,0052]$MEASFS,140839,3519.723389,40.014224;
1728281033:[SBE61 ,0396]P +20176,T +19769,S +34585
1728281034:[MRMAID,0002]acq started
1728284597:[MRMAID,0003]acq stopped
1728284597:[MRMAID,0052]$MEASFS,140440,3509.751922,40.014224;
1728284633:[SBE61 ,0396]P +20288,T +19773,S +34585
1728284634:[MRMAID,0002]acq started
1728288197:[MRMAID,0003]acq stopped
1728288197:[MRMAID,0052]$MEASFS,140440,3509.751923,40.014224;
1728288232:[SBE61 ,0396]P +20265,T +19817,S +34585
1728288233:[MRMAID,0002]acq started
1728291806:[MRMAID,0003]acq stopped
1728291806:[MRMAID,0052]$MEASFS,140839,3519.723358,40.014224;
1728291842:[SBE61 ,0396]P +20279,T +19823,S +34585
1728291843:[MRMAID,0002]acq started
1728295406:[MRMAID,0003]acq stopped
1728295406:[MRMAID,0052]$MEASFS,140442,3509.801880,40.014224;
1728295441:[SBE61 ,0396]P +20284,T +19796,S +34585
1728295443:[MRMAID,0002]acq started
1728299006:[MRMAID,0003]acq stopped
1728299006:[MRMAID,0052]$MEASFS,140446,3509.901825,40.014225;
1728299041:[SBE61 ,0396]P +20356,T +19824,S +34585
1728299042:[MRMAID,0002]acq started
1728302615:[MRMAID,0003]acq stopped
1728302615:[MRMAID,0052]$MEASFS,140840,3519.748352,40.014224;
1728302651:[SBE61 ,0396]P +20326,T +19788,S +34585
1728302652:[MRMAID,0002]acq started
1728304469:[BUOY  ,0087]from +1mbar/s to +0mbar/s
1728304469:[PUMP  ,0378]Outflow calculated : 2710
1728304470:[BUOY  ,0089]need to transfer +2mL (pump during 2941ms)
1728304470:[MRMAID,0003]acq stopped
1728304470:[MRMAID,0052]$MEASFS,70606,1764.522492,40.014225;
1728304471:[PUMP  ,0016]pump during 2941ms
1728304475:[MRMAID,0002]acq started
1728306215:[MRMAID,0052]$STOPA$MEASFS,67469,1686.125397,40.014224;
1728306217:[MRMAID,0185]6 spurious byte(s) received
1728306250:[SBE61 ,0396]P +20376,T +19984,S +34581
1728306251:[MRMAID,0002]acq started
1728309824:[MRMAID,0003]acq stopped
1728309825:[MRMAID,0052]$MEASFS,140840,3519.748352,40.014224;
1728309860:[SBE61 ,0396]P +20300,T +20108,S +34579
1728309861:[MRMAID,0002]acq started
1728313424:[MRMAID,0003]acq stopped
1728313424:[MRMAID,0052]$MEASFS,140441,3509.776917,40.014224;
1728313460:[SBE61 ,0396]P +20246,T +20057,S +34581
1728313461:[MRMAID,0002]acq started
1728317024:[MRMAID,0003]acq stopped
1728317024:[MRMAID,0052]$MEASFS,140440,3509.751923,40.014224;
1728317059:[SBE61 ,0396]P +20186,T +19946,S +34582
1728317060:[MRMAID,0002]acq started
1728320633:[MRMAID,0003]acq stopped
1728320633:[MRMAID,0052]$MEASFS,140839,3519.723388,40.014224;
1728320669:[SBE61 ,0396]P +20254,T +19945,S +34582
1728320670:[MRMAID,0002]acq started
1728324233:[MRMAID,0003]acq stopped
1728324233:[MRMAID,0052]$MEASFS,140440,3509.751923,40.014224;
1728324268:[SBE61 ,0396]P +20288,T +19930,S +34583
1728324270:[MRMAID,0002]acq started
1728327833:[MRMAID,0003]acq stopped
1728327833:[MRMAID,0052]$MEASFS,140439,3509.726929,40.014224;
1728327868:[SBE61 ,0396]P +20220,T +19880,S +34584
1728327869:[MRMAID,0002]acq started
1728331442:[MRMAID,0003]acq stopped
1728331442:[MRMAID,0052]$MEASFS,140841,3519.773346,40.014224;
1728331478:[SBE61 ,0396]P +20280,T +19832,S +34585
1728331479:[MRMAID,0002]acq started
1728335042:[MRMAID,0003]acq stopped
1728335042:[MRMAID,0052]$MEASFS,140445,3509.876861,40.014224;
1728335077:[SBE61 ,0396]P +20238,T +19786,S +34585
1728335078:[MRMAID,0002]acq started
1728338651:[MRMAID,0003]acq stopped
1728338652:[MRMAID,0052]$MEASFS,140841,3519.773346,40.014224;
1728338687:[SBE61 ,0396]P +20359,T +19803,S +34585
1728338688:[MRMAID,0002]acq started
1728342251:[MRMAID,0003]acq stopped
1728342251:[MRMAID,0052]$MEASFS,140441,3509.776886,40.014224;
1728342287:[SBE61 ,0396]P +20327,T +19887,S +34584
1728342288:[MRMAID,0002]acq started
1728345851:[MRMAID,0003]acq stopped
1728345851:[MRMAID,0052]$MEASFS,140441,3509.776886,40.014224;
1728345886:[SBE61 ,0396]P +20381,T +19974,S +34582
1728345887:[MRMAID,0002]acq started
1728349460:[MRMAID,0003]acq stopped
1728349460:[MRMAID,0052]$MEASFS,140840,3519.748352,40.014224;
1728349496:[SBE61 ,0396]P +20312,T +19970,S +34582
1728349497:[MRMAID,0002]acq started
1728353060:[MRMAID,0003]acq stopped
1728353060:[MRMAID,0052]$MEASFS,140459,3510.226776,40.014224;
1728353095:[SBE61 ,0396]P +20234,T +19947,S +34582
1728353097:[MRMAID,0002]acq started
1728356660:[MRMAID,0003]acq stopped
1728356660:[MRMAID,0052]$MEASFS,140439,3509.726929,40.014224;
1728356695:[SBE61 ,0396]P +20303,T +19884,S +34584
1728356696:[MRMAID,0002]acq started
1728360269:[MRMAID,0003]acq stopped
1728360269:[MRMAID,0052]$MEASFS,140839,3519.723358,40.014224;
1728360305:[SBE61 ,0396]P +20332,T +19702,S +34586
1728360306:[MRMAID,0002]acq started
1728363869:[MRMAID,0003]acq stopped
1728363869:[MRMAID,0052]$MEASFS,140442,3509.801880,40.014224;
1728363904:[SBE61 ,0396]P +20339,T +19811,S +34585
1728363905:[MRMAID,0002]acq started
1728367478:[MRMAID,0003]acq stopped
1728367479:[MRMAID,0052]$MEASFS,140841,3519.773376,40.014224;
1728367514:[SBE61 ,0396]P +20243,T +19686,S +34587
1728367515:[MRMAID,0002]acq started
1728371078:[MRMAID,0003]acq stopped
1728371078:[MRMAID,0052]$MEASFS,140441,3509.776886,40.014224;
1728371114:[SBE61 ,0396]P +20376,T +19563,S +34587
1728371115:[MRMAID,0002]acq started
1728372630:[BUOY  ,0087]from +1mbar/s to +0mbar/s
1728372630:[PUMP  ,0378]Outflow calculated : 2710
1728372630:[BUOY  ,0089]need to transfer +2mL (pump during 2943ms)
1728372630:[MRMAID,0003]acq stopped
1728372630:[MRMAID,0185]28 spurious byte(s) received
1728372632:[PUMP  ,0016]pump during 2943ms
1728372636:[MRMAID,0002]acq started
1728374678:[MRMAID,0003]acq stopped
1728374678:[MRMAID,0052]$MEASFS,79581,1988.817749,40.014225;
1728374713:[SBE61 ,0396]P +20326,T +19856,S +34584
1728374714:[MRMAID,0002]acq started
1728378287:[MRMAID,0003]acq stopped
1728378287:[MRMAID,0052]$MEASFS,140840,3519.748322,40.014225;
1728378323:[SBE61 ,0396]P +20333,T +19820,S +34585
1728378324:[MRMAID,0002]acq started
1728381887:[MRMAID,0003]acq stopped
1728381887:[MRMAID,0052]$MEASFS,140445,3509.876801,40.014225;
1728381922:[SBE61 ,0396]P +20384,T +19965,S +34582
1728381924:[MRMAID,0002]acq started
1728385487:[MRMAID,0003]acq stopped
1728385487:[MRMAID,0052]$MEASFS,140441,3509.776856,40.014225;
1728385522:[SBE61 ,0396]P +20255,T +20038,S +34580
1728385523:[MRMAID,0002]acq started
1728389096:[MRMAID,0003]acq stopped
1728389096:[MRMAID,0052]$MEASFS,140839,3519.723328,40.014225;
1728389132:[SBE61 ,0396]P +20263,T +19995,S +34581
1728389133:[MRMAID,0002]acq started
1728392696:[MRMAID,0003]acq stopped
1728392696:[MRMAID,0052]$MEASFS,140440,3509.751892,40.014224;
1728392731:[SBE61 ,0396]P +20337,T +19950,S +34583
1728392732:[MRMAID,0002]acq started
1728396306:[MRMAID,0003]acq stopped
1728396306:[MRMAID,0052]$MEASFS,140842,3519.798340,40.014224;
1728396341:[SBE61 ,0396]P +20464,T +20099,S +34580
1728396342:[MRMAID,0002]acq started
1728399905:[MRMAID,0003]acq stopped
1728399905:[MRMAID,0052]$MEASFS,140442,3509.801880,40.014224;
1728399941:[SBE61 ,0396]P +20290,T +20183,S +34579
1728399942:[MRMAID,0002]acq started
1728403505:[MRMAID,0003]acq stopped
1728403505:[MRMAID,0052]$MEASFS,140442,3509.801879,40.014224;
1728403540:[SBE61 ,0396]P +20268,T +20038,S +34578
1728403541:[MRMAID,0002]acq started
1728407114:[MRMAID,0003]acq stopped
1728407114:[MRMAID,0052]$MEASFS,140841,3519.773346,40.014224;
1728407150:[SBE61 ,0396]P +20348,T +19865,S +34584
1728407151:[MRMAID,0002]acq started
1728408074:[BUOY  ,0087]from +1mbar/s to +0mbar/s
1728408074:[PUMP  ,0378]Outflow calculated : 2710
1728408074:[BUOY  ,0089]need to transfer +2mL (pump during 2944ms)
1728408074:[MRMAID,0003]acq stopped
1728408074:[MRMAID,0185]19 spurious byte(s) received
1728408076:[PUMP  ,0016]pump during 2944ms
1728408080:[MRMAID,0002]acq started
1728408401:[BUOY  ,0087]from +1mbar/s to +0mbar/s
1728408401:[PUMP  ,0378]Outflow calculated : 2710
1728408401:[BUOY  ,0089]need to transfer +2mL (pump during 2940ms)
1728408401:[MRMAID,0003]acq stopped
1728408403:[PUMP  ,0016]pump during 2940ms
1728408407:[MRMAID,0002]acq started
1728410714:[MRMAID,0003]acq stopped
1728410714:[MRMAID,0052]$MEASFS,90189,2253.923492,40.014224;
1728410749:[SBE61 ,0396]P +20239,T +20107,S +34580
1728410751:[MRMAID,0002]acq started
1728414314:[MRMAID,0003]acq stopped
1728414314:[MRMAID,0052]$MEASFS,140445,3509.876861,40.014224;
1728414349:[SBE61 ,0396]P +20156,T +20144,S +34580
1728414350:[MRMAID,0002]acq started
1728417923:[MRMAID,0003]acq stopped
1728417923:[MRMAID,0052]$MEASFS,140840,3519.748352,40.014224;
1728417959:[SBE61 ,0396]P +20082,T +20068,S +34580
1728417960:[MRMAID,0002]acq started
1728421523:[MRMAID,0003]acq stopped
1728421523:[MRMAID,0052]$MEASFS,140440,3509.751923,40.014224;
1728421558:[SBE61 ,0396]P +20177,T +19943,S +34582
1728421560:[MRMAID,0002]acq started
1728425133:[MRMAID,0003]acq stopped
1728425133:[MRMAID,0052]$MEASFS,140839,3519.723358,40.014224;
1728425168:[SBE61 ,0396]P +20105,T +19928,S +34583
1728425169:[MRMAID,0002]acq started
1728428732:[MRMAID,0003]acq stopped
1728428732:[MRMAID,0052]$MEASFS,140444,3509.851868,40.014224;
1728428768:[SBE61 ,0396]P +20117,T +19951,S +34581
1728428769:[MRMAID,0002]acq started
1728432332:[MRMAID,0003]acq stopped
1728432332:[MRMAID,0052]$MEASFS,140440,3509.751892,40.014224;
1728432367:[SBE61 ,0396]P +20216,T +19964,S +34581
1728432368:[MRMAID,0002]acq started
1728435941:[MRMAID,0003]acq stopped
1728435941:[MRMAID,0052]$MEASFS,140841,3519.773346,40.014224;
1728435977:[SBE61 ,0396]P +20188,T +19962,S +34581
1728435978:[MRMAID,0002]acq started
1728439541:[MRMAID,0003]acq stopped
1728439541:[MRMAID,0052]$MEASFS,140460,3510.251709,40.014225;
1728439576:[SBE61 ,0396]P +20195,T +20017,S +34581
1728439578:[MRMAID,0002]acq started
1728443141:[MRMAID,0003]acq stopped
1728443141:[MRMAID,0052]$MEASFS,140441,3509.776917,40.014224;
1728443176:[SBE61 ,0396]P +20208,T +20293,S +34578
1728443177:[MRMAID,0002]acq started
1728445647:[BUOY  ,0087]from -1mbar/s to +0mbar/s
1728445647:[BUOY  ,0090]need to transfer -2mL (valve during 57ms)
1728445647:[MRMAID,0003]acq stopped
1728445647:[MRMAID,0052]$MEASFS,96682,2416.190796,40.014224;
1728445647:[VALVE ,0034]valve opening 57ms
1728445659:[MRMAID,0002]acq started
1728445983:[BUOY  ,0101]stage[1] 10 stab done
1728445983:[BUOY  ,0087]from +1mbar/s to +0mbar/s
1728445983:[PUMP  ,0378]Outflow calculated : 2712
1728445983:[BUOY  ,0089]need to transfer +2mL (pump during 2941ms)
1728445983:[MRMAID,0003]acq stopped
1728445985:[PUMP  ,0016]pump during 2941ms
1728445989:[MRMAID,0002]acq started
1728446750:[MRMAID,0003]acq stopped
1728446750:[MRMAID,0185]27 spurious byte(s) received
1728446786:[SBE61 ,0396]P +20117,T +19899,S +34584
1728446787:[MRMAID,0002]acq started
1728450350:[MRMAID,0003]acq stopped
1728450350:[MRMAID,0052]$MEASFS,140441,3509.776886,40.014224;
1728450385:[SBE61 ,0396]P +20502,T +19589,S +34586
1728450387:[MRMAID,0002]acq started
1728451413:[PRESS ,0038]P+205020mbar,T+32767mdegC
1728451413:[BUOY  ,0087]from +1mbar/s to -2mbar/s
1728451413:[PUMP  ,0378]Outflow calculated : 2709
1728451413:[BUOY  ,0089]need to transfer +8mL (pump during 11783ms)
1728451413:[MRMAID,0003]acq stopped
1728451413:[MRMAID,0185]27 spurious byte(s) received
1728451415:[PUMP  ,0016]pump during 11783ms
1728451426:[PUMP  ,0212]battery 13532mV,  906826uA (steady state), P+205020mbar
1728451428:[MRMAID,0002]acq started
1728453960:[MRMAID,0003]acq stopped
1728453960:[MRMAID,0052]$MEASFS,99175,2478.493653,40.014224;
1728453995:[SBE61 ,0396]P +20372,T +19790,S +34585
1728453996:[MRMAID,0002]acq started
1728457559:[MRMAID,0003]acq stopped
1728457559:[MRMAID,0052]$MEASFS,140440,3509.751892,40.014224;
1728457595:[SBE61 ,0396]P +20242,T +19944,S +34583
1728457596:[MRMAID,0002]acq started
1728461159:[MRMAID,0003]acq stopped
1728461159:[MRMAID,0052]$MEASFS,140440,3509.751862,40.014225;
1728461194:[SBE61 ,0396]P +20283,T +20043,S +34580
1728461195:[MRMAID,0002]acq started
1728464768:[MRMAID,0003]acq stopped
1728464804:[SBE61 ,0396]P +20203,T +19983,S +34581
1728464805:[MRMAID,0002]acq started
1728468368:[MRMAID,0003]acq stopped
1728468368:[MRMAID,0052]$MEASFS,140442,3509.801879,40.014224;
1728468403:[SBE61 ,0396]P +20244,T +19988,S +34580
1728468405:[MRMAID,0002]acq started
1728471968:[MRMAID,0003]acq stopped
1728471968:[MRMAID,0052]$MEASFS,140446,3509.901856,40.014224;
1728472003:[SBE61 ,0396]P +20203,T +19945,S +34583
1728472004:[MRMAID,0002]acq started
1728475577:[MRMAID,0003]acq stopped
1728475577:[MRMAID,0052]$MEASFS,140841,3519.773346,40.014224;
1728475613:[SBE61 ,0396]P +20356,T +20058,S +34580
1728475614:[MRMAID,0002]acq started
1728479177:[MRMAID,0003]acq stopped
1728479177:[MRMAID,0052]$MEASFS,140442,3509.801880,40.014224;
1728479212:[SBE61 ,0396]P +20221,T +20150,S +34580
1728479214:[MRMAID,0002]acq started
1728482787:[MRMAID,0003]acq stopped
1728482787:[MRMAID,0052]$MEASFS,140841,3519.773346,40.014224;
1728482822:[SBE61 ,0396]P +20348,T +20264,S +34578
1728482823:[MRMAID,0002]acq started
1728486386:[MRMAID,0003]acq stopped
1728486386:[MRMAID,0052]$MEASFS,140441,3509.776917,40.014224;
1728486422:[SBE61 ,0396]P +20238,T +20215,S +34579
1728486423:[MRMAID,0002]acq started
1728489986:[MRMAID,0003]acq stopped
1728489986:[MRMAID,0052]$MEASFS,140441,3509.776916,40.014224;
1728490021:[SBE61 ,0396]P +20268,T +20210,S +34579
1728490022:[MRMAID,0002]acq started
1728493596:[MRMAID,0052]$S$MEASFS,140839,3519.723388,40.014224;
1728493598:[MRMAID,0185]10 spurious byte(s) received
1728493631:[SBE61 ,0396]P +20274,T +20167,S +34579
1728493632:[MRMAID,0002]acq started
1728497195:[MRMAID,0003]acq stopped
1728497195:[MRMAID,0052]$MEASFS,140440,3509.751922,40.014224;
1728497230:[SBE61 ,0396]P +20238,T +20079,S +34581
1728497232:[MRMAID,0002]acq started
1728500795:[MRMAID,0003]acq stopped
1728500795:[MRMAID,0052]$MEASFS,140440,3509.751953,40.014224;
1728500830:[SBE61 ,0396]P +20239,T +19993,S +34582
1728500831:[MRMAID,0002]acq started
1728504404:[MRMAID,0003]acq stopped
1728504404:[MRMAID,0052]$MEASFS,140845,3519.873352,40.014224;
1728504440:[SBE61 ,0396]P +20257,T +19956,S +34582
1728504441:[MRMAID,0002]acq started
1728507314:[MRMAID,0027]2017dbar, 33degC
1728508004:[MRMAID,0003]acq stopped
1728508004:[MRMAID,0052]$MEASFS,140442,3509.801910,40.014224;
1728508039:[SBE61 ,0396]P +20148,T +19977,S +34581
1728508041:[MRMAID,0002]acq started
1728511614:[MRMAID,0003]acq stopped
1728511614:[MRMAID,0052]$MEASFS,140840,3519.748383,40.014224;
1728511649:[SBE61 ,0396]P +20282,T +19891,S +34584
1728511650:[MRMAID,0002]acq started
1728512670:[BUOY  ,0087]from +1mbar/s to +0mbar/s
1728512670:[PUMP  ,0378]Outflow calculated : 2710
1728512670:[BUOY  ,0089]need to transfer +2mL (pump during 2946ms)
1728512670:[MRMAID,0003]acq stopped
1728512670:[MRMAID,0185]11 spurious byte(s) received
1728512672:[PUMP  ,0016]pump during 2946ms
1728512676:[MRMAID,0002]acq started
1728515213:[MRMAID,0003]acq stopped
1728515213:[MRMAID,0052]$MEASFS,99399,2484.091645,40.014224;
1728515249:[SBE61 ,0396]P +20230,T +19965,S +34582
1728515250:[MRMAID,0002]acq started
1728518813:[MRMAID,0003]acq stopped
1728518813:[MRMAID,0052]$MEASFS,140441,3509.776916,40.014224;
1728518848:[SBE61 ,0396]P +20179,T +19991,S +34582
1728518849:[MRMAID,0002]acq started
1728522422:[MRMAID,0003]acq stopped
1728522423:[MRMAID,0052]$MEASFS,140844,3519.848327,40.014224;
1728522458:[SBE61 ,0396]P +20196,T +19958,S +34582
1728522459:[MRMAID,0002]acq started
1728526022:[MRMAID,0003]acq stopped
1728526022:[MRMAID,0052]$MEASFS,140459,3510.226715,40.014225;
1728526057:[SBE61 ,0396]P +20178,T +20050,S +34581
1728526059:[MRMAID,0002]acq started
1728529622:[MRMAID,0003]acq stopped
1728529622:[MRMAID,0052]$MEASFS,140440,3509.751922,40.014224;
1728529657:[SBE61 ,0396]P +20198,T +20100,S +34581
1728529658:[MRMAID,0002]acq started
1728533231:[MRMAID,0003]acq stopped
1728533231:[MRMAID,0052]$MEASFS,140839,3519.723358,40.014224;
1728533267:[SBE61 ,0396]P +20139,T +19972,S +34582
1728533268:[MRMAID,0002]acq started
1728536831:[MRMAID,0003]acq stopped
1728536831:[MRMAID,0052]$MEASFS,140444,3509.851898,40.014224;
1728536866:[SBE61 ,0396]P +20271,T +20057,S +34581
1728536868:[MRMAID,0002]acq started
1728540431:[MRMAID,0003]acq stopped
1728540431:[MRMAID,0052]$MEASFS,140442,3509.801910,40.014224;
1728540466:[SBE61 ,0396]P +20207,T +20121,S +34581
1728540467:[MRMAID,0002]acq started
1728544040:[MRMAID,0003]acq stopped
1728544040:[MRMAID,0052]$MEASFS,140841,3519.773529,40.014222;
1728544076:[SBE61 ,0396]P +20164,T +20025,S +34582
1728544077:[MRMAID,0002]acq started
1728547640:[MRMAID,0003]acq stopped
1728547640:[MRMAID,0052]$MEASFS,140442,3509.801911,40.014224;
1728547675:[SBE61 ,0396]P +20278,T +20126,S +34581
1728547677:[MRMAID,0002]acq started
1728551249:[MRMAID,0003]acq stopped
1728551250:[MRMAID,0052]$MEASFS,140840,3519.748382,40.014224;
1728551285:[SBE61 ,0396]P +20213,T +20131,S +34581
1728551286:[MRMAID,0002]acq started
1728554849:[MRMAID,0003]acq stopped
1728554849:[MRMAID,0052]$MEASFS,140441,3509.776917,40.014224;
1728554885:[SBE61 ,0396]P +20222,T +20140,S +34580
1728554886:[MRMAID,0002]acq started
1728558449:[MRMAID,0003]acq stopped
1728558449:[MRMAID,0052]$MEASFS,140441,3509.776917,40.014224;
1728558484:[SBE61 ,0396]P +20246,T +20026,S +34582
1728558485:[MRMAID,0002]acq started
1728562058:[MRMAID,0003]acq stopped
1728562058:[MRMAID,0052]$MEASFS,140839,3519.723358,40.014224;
1728562094:[SBE61 ,0396]P +20328,T +20221,S +34579
1728562095:[MRMAID,0002]acq started
1728565658:[MRMAID,0003]acq stopped
1728565658:[MRMAID,0052]$MEASFS,140440,3509.751923,40.014224;
1728565693:[SBE61 ,0396]P +20236,T +20307,S +34578
1728565695:[MRMAID,0002]acq started
1728569258:[MRMAID,0003]acq stopped
1728569258:[MRMAID,0052]$MEASFS,140440,3509.751922,40.014224;
1728569293:[SBE61 ,0396]P +20315,T +20343,S +34577
1728569294:[MRMAID,0002]acq started
1728572867:[MRMAID,0003]acq stopped
1728572903:[SBE61 ,0396]P +20202,T +20299,S +34578
1728572904:[MRMAID,0002]acq started
1728576467:[MRMAID,0003]acq stopped
1728576467:[MRMAID,0052]$MEASFS,140442,3509.801941,40.014224;
1728576502:[SBE61 ,0396]P +20150,T +20229,S +34578
1728576504:[MRMAID,0002]acq started
1728580076:[MRMAID,0003]acq stopped
1728580077:[MRMAID,0052]$MEASFS,140841,3519.773377,40.014224;
1728580112:[SBE61 ,0396]P +20249,T +20147,S +34580
1728580113:[MRMAID,0002]acq started
1728583676:[MRMAID,0003]acq stopped
1728583676:[MRMAID,0052]$MEASFS,140442,3509.801941,40.014224;
1728583712:[SBE61 ,0396]P +20185,T +20120,S +34581
1728583713:[MRMAID,0002]acq started
1728587276:[MRMAID,0003]acq stopped
1728587276:[MRMAID,0052]$MEASFS,140445,3509.876892,40.014224;
1728587311:[SBE61 ,0396]P +20146,T +19980,S +34583
1728587312:[MRMAID,0002]acq started
1728590885:[MRMAID,0003]acq stopped
1728590885:[MRMAID,0052]$MEASFS,140840,3519.748383,40.014224;
1728590921:[SBE61 ,0396]P +20240,T +20032,S +34582
1728590922:[MRMAID,0002]acq started
1728594485:[MRMAID,0003]acq stopped
1728594485:[MRMAID,0052]$MEASFS,140441,3509.776917,40.014224;
1728594520:[SBE61 ,0396]P +20191,T +19989,S +34583
1728594522:[MRMAID,0002]acq started
1728598085:[MRMAID,0003]acq stopped
1728598085:[MRMAID,0052]$MEASFS,140440,3509.751923,40.014224;
1728598120:[SBE61 ,0396]P +20200,T +19952,S +34583
1728598121:[MRMAID,0002]acq started
1728601694:[MRMAID,0003]acq stopped
1728601697:[MRMAID,0185]1 spurious byte(s) received
1728601730:[SBE61 ,0396]P +20311,T +20032,S +34582
1728601731:[MRMAID,0002]acq started
1728605294:[MRMAID,0003]acq stopped
1728605294:[MRMAID,0052]$MEASFS,140440,3509.751893,40.014224;
1728605329:[SBE61 ,0396]P +20244,T +20002,S +34583
1728605331:[MRMAID,0002]acq started
1728608903:[MRMAID,0003]acq stopped
1728608904:[MRMAID,0052]$MEASFS,140838,3519.698394,40.014224;
1728608939:[SBE61 ,0396]P +20250,T +20088,S +34581
1728608940:[MRMAID,0002]acq started
1728612503:[MRMAID,0003]acq stopped
1728612503:[MRMAID,0052]$MEASFS,140460,3510.251740,40.014224;
1728612539:[SBE61 ,0396]P +20268,T +20067,S +34582
1728612540:[MRMAID,0002]acq started
1728616103:[MRMAID,0003]acq stopped
1728616103:[MRMAID,0052]$MEASFS,140445,3509.876861,40.014224;
1728616138:[SBE61 ,0396]P +20255,T +20079,S +34581
1728616139:[MRMAID,0002]acq started
1728619712:[MRMAID,0003]acq stopped
1728619712:[MRMAID,0052]$MEASFS,140840,3519.748352,40.014224;
1728619748:[SBE61 ,0396]P +20248,T +20061,S +34582
1728619749:[MRMAID,0002]acq started
1728623312:[MRMAID,0003]acq stopped
1728623312:[MRMAID,0052]$MEASFS,140441,3509.776917,40.014224;
1728623347:[SBE61 ,0396]P +20221,T +20066,S +34581
1728623349:[MRMAID,0002]acq started
1728626912:[MRMAID,0003]acq stopped
1728626912:[MRMAID,0052]$MEASFS,140441,3509.776886,40.014224;
1728626947:[SBE61 ,0396]P +20235,T +20053,S +34582
1728626948:[MRMAID,0002]acq started
1728630521:[MRMAID,0003]acq stopped
1728630557:[SBE61 ,0396]P +20340,T +20102,S +34580
1728630558:[MRMAID,0002]acq started
1728634121:[MRMAID,0003]acq stopped
1728634121:[MRMAID,0052]$MEASFS,140444,3509.851867,40.014224;
1728634156:[SBE61 ,0396]P +20215,T +20083,S +34581
1728634158:[MRMAID,0002]acq started
1728637730:[MRMAID,0003]acq stopped
1728637731:[MRMAID,0052]$MEASFS,140839,3519.723358,40.014224;
1728637766:[SBE61 ,0396]P +20265,T +20060,S +34582
1728637767:[MRMAID,0002]acq started
1728641330:[MRMAID,0003]acq stopped
1728641330:[MRMAID,0052]$MEASFS,140440,3509.751892,40.014224;
1728641366:[SBE61 ,0396]P +20365,T +20109,S +34581
1728641367:[MRMAID,0002]acq started
1728644930:[MRMAID,0003]acq stopped
1728644930:[MRMAID,0052]$MEASFS,140439,3509.726929,40.014224;
1728644965:[SBE61 ,0396]P +20235,T +20130,S +34581
1728644966:[MRMAID,0002]acq started
1728648539:[MRMAID,0003]acq stopped
1728648540:[MRMAID,0052]$MEASFS,140845,3519.873321,40.014224;
1728648575:[SBE61 ,0396]P +20326,T +20091,S +34582
1728648576:[MRMAID,0002]acq started
1728652139:[MRMAID,0003]acq stopped
1728652139:[MRMAID,0052]$MEASFS,140442,3509.801911,40.014224;
1728652174:[SBE61 ,0396]P +20313,T +20260,S +34579
1728652176:[MRMAID,0002]acq started
1728655739:[MRMAID,0003]acq stopped
1728655739:[MRMAID,0052]$MEASFS,140441,3509.776917,40.014224;
1728655774:[SBE61 ,0396]P +20295,T +20159,S +34581
1728655775:[MRMAID,0002]acq started
1728659348:[MRMAID,0003]acq stopped
1728659348:[MRMAID,0052]$MEASFS,140840,3519.748382,40.014224;
1728659384:[SBE61 ,0396]P +20260,T +20190,S +34579
1728659385:[MRMAID,0002]acq started
1728662948:[MRMAID,0003]acq stopped
1728662948:[MRMAID,0052]$MEASFS,140445,3509.876861,40.014224;
1728662983:[SBE61 ,0396]P +20320,T +20184,S +34579
1728662985:[MRMAID,0002]acq started
1728666557:[MRMAID,0003]acq stopped
1728666558:[MRMAID,0052]$MEASFS,140839,3519.723388,40.014224;
1728666593:[SBE61 ,0396]P +20212,T +20173,S +34579
1728666594:[MRMAID,0002]acq started
1728670157:[MRMAID,0003]acq stopped
1728670157:[MRMAID,0052]$MEASFS,140440,3509.751923,40.014224;
1728670193:[SBE61 ,0396]P +20282,T +20088,S +34581
1728670194:[MRMAID,0002]acq started
1728673757:[MRMAID,0003]acq stopped
1728673757:[MRMAID,0052]$MEASFS,140440,3509.751922,40.014224;
1728673792:[SBE61 ,0396]P +20330,T +20044,S +34582
1728673793:[MRMAID,0002]acq started
1728675076:[BUOY  ,0087]from +1mbar/s to +0mbar/s
1728675076:[PUMP  ,0378]Outflow calculated : 2710
1728675076:[BUOY  ,0089]need to transfer +2mL (pump during 2947ms)
1728675076:[MRMAID,0003]acq stopped
1728675078:[PUMP  ,0016]pump during 2947ms
1728675082:[MRMAID,0002]acq started
1728677366:[MRMAID,0003]acq stopped
1728677366:[MRMAID,0052]$MEASFS,89278,2231.156616,40.014224;
1728677402:[SBE61 ,0396]P +20236,T +20268,S +34579
1728677403:[MRMAID,0002]acq started
1728680966:[MRMAID,0003]acq stopped
1728680966:[MRMAID,0052]$MEASFS,140442,3509.801910,40.014224;
1728681001:[SBE61 ,0396]P +20268,T +20207,S +34579
1728681003:[MRMAID,0002]acq started
1728684566:[MRMAID,0003]acq stopped
1728684566:[MRMAID,0052]$MEASFS,140442,3509.801910,40.014224;
1728684601:[SBE61 ,0396]P +20169,T +20154,S +34580
1728684602:[MRMAID,0002]acq started
1728688175:[MRMAID,0003]acq stopped
1728688175:[MRMAID,0052]$MEASFS,140845,3519.873322,40.014224;
1728688211:[SBE61 ,0396]P +20105,T +20125,S +34579
1728688212:[MRMAID,0002]acq started
1728691775:[MRMAID,0003]acq stopped
1728691775:[MRMAID,0052]$MEASFS,140442,3509.801910,40.014224;
1728691810:[SBE61 ,0396]P +20212,T +19940,S +34583
1728691812:[MRMAID,0002]acq started
1728695385:[MRMAID,0003]acq stopped
1728695385:[MRMAID,0052]$MEASFS,140840,3519.748352,40.014224;
1728695420:[SBE61 ,0396]P +20154,T +19904,S +34584
1728695421:[MRMAID,0002]acq started
1728698815:[BUOY  ,0087]from +1mbar/s to +0mbar/s
1728698815:[PUMP  ,0378]Outflow calculated : 2710
1728698815:[BUOY  ,0089]need to transfer +2mL (pump during 2949ms)
1728698815:[MRMAID,0003]acq stopped
1728698815:[MRMAID,0052]$MEASFS,133678,3340.762023,40.014224;
1728698816:[PUMP  ,0016]pump during 2949ms
1728698821:[MRMAID,0002]acq started
1728698984:[MRMAID,0003]acq stopped
1728699020:[SBE61 ,0396]P +20341,T +20045,S +34582
1728699021:[MRMAID,0002]acq started
1728702584:[MRMAID,0003]acq stopped
1728702584:[MRMAID,0052]$MEASFS,140459,3510.226746,40.014224;
1728702619:[SBE61 ,0396]P +20093,T +20114,S +34579
1728702620:[MRMAID,0002]acq started
1728706193:[MRMAID,0003]acq stopped
1728706194:[MRMAID,0052]$MEASFS,140839,3519.723358,40.014224;
1728706229:[SBE61 ,0396]P +20158,T +20119,S +34581
1728706230:[MRMAID,0002]acq started
1728709793:[MRMAID,0003]acq stopped
1728709793:[MRMAID,0052]$MEASFS,140440,3509.751923,40.014224;
1728709828:[SBE61 ,0396]P +20084,T +20063,S +34581
1728709830:[MRMAID,0002]acq started
1728713393:[MRMAID,0003]acq stopped
1728713393:[MRMAID,0052]$MEASFS,140439,3509.726929,40.014224;
1728713428:[SBE61 ,0396]P +20220,T +20082,S +34581
1728713429:[MRMAID,0002]acq started
1728717002:[MRMAID,0003]acq stopped
1728717002:[MRMAID,0052]$MEASFS,140840,3519.748352,40.014224;
1728717038:[SBE61 ,0396]P +20181,T +20227,S +34578
1728717039:[MRMAID,0002]acq started
1728720602:[MRMAID,0003]acq stopped
1728720602:[MRMAID,0052]$MEASFS,140442,3509.801910,40.014224;
1728720637:[SBE61 ,0396]P +20191,T +20242,S +34577
1728720639:[MRMAID,0002]acq started
1728724212:[MRMAID,0003]acq stopped
1728724212:[MRMAID,0052]$MEASFS,140840,3519.748383,40.014224;
1728724247:[SBE61 ,0396]P +20173,T +20252,S +34577
1728724248:[MRMAID,0002]acq started
1728727811:[MRMAID,0003]acq stopped
1728727811:[MRMAID,0052]$MEASFS,140441,3509.776916,40.014224;
1728727847:[SBE61 ,0396]P +20158,T +20252,S +34576
1728727848:[MRMAID,0002]acq started
1728731411:[MRMAID,0003]acq stopped
1728731411:[MRMAID,0052]$MEASFS,140441,3509.776916,40.014224;
1728731446:[SBE61 ,0396]P +20186,T +20203,S +34577
1728731447:[MRMAID,0002]acq started
1728735020:[MRMAID,0003]acq stopped
1728735021:[MRMAID,0052]$MEASFS,140840,3519.748382,40.014224;
1728735056:[SBE61 ,0396]P +20170,T +20221,S +34577
1728735057:[MRMAID,0002]acq started
1728738620:[MRMAID,0003]acq stopped
1728738620:[MRMAID,0052]$MEASFS,140440,3509.751922,40.014224;
1728738655:[SBE61 ,0396]P +20249,T +20277,S +34577
1728738657:[MRMAID,0002]acq started
1728742220:[MRMAID,0003]acq stopped
1728742220:[MRMAID,0052]$MEASFS,140440,3509.751953,40.014224;
1728742255:[SBE61 ,0396]P +20098,T +20384,S +34576
1728742256:[MRMAID,0002]acq started
1728745829:[MRMAID,0003]acq stopped
1728745829:[MRMAID,0052]$MEASFS,140839,3519.723420,40.014224;
1728745865:[SBE61 ,0396]P +20184,T +20220,S +34577
1728745866:[MRMAID,0002]acq started
1728749429:[MRMAID,0003]acq stopped
1728749429:[MRMAID,0052]$MEASFS,140439,3509.726959,40.014224;
1728749464:[SBE61 ,0396]P +20042,T +20106,S +34580
1728749466:[MRMAID,0002]acq started
1728753039:[MRMAID,0003]acq stopped
1728753039:[MRMAID,0052]$MEASFS,140841,3519.773376,40.014224;
1728753074:[SBE61 ,0396]P +20110,T +20028,S +34581
1728753075:[MRMAID,0002]acq started
1728756638:[MRMAID,0003]acq stopped
1728756638:[MRMAID,0052]$MEASFS,140442,3509.801911,40.014224;
1728756674:[SBE61 ,0396]P +20193,T +19890,S +34582
1728756675:[MRMAID,0002]acq started
1728760238:[MRMAID,0003]acq stopped
1728760238:[MRMAID,0052]$MEASFS,140441,3509.776916,40.014224;
1728760273:[SBE61 ,0396]P +20232,T +20104,S +34581
1728760275:[MRMAID,0002]acq started
1728763847:[MRMAID,0003]acq stopped
1728763848:[MRMAID,0052]$MEASFS,140840,3519.748352,40.014224;
1728763883:[SBE61 ,0396]P +20136,T +20075,S +34581
1728763884:[MRMAID,0002]acq started
1728767447:[MRMAID,0003]acq stopped
1728767447:[MRMAID,0052]$MEASFS,140441,3509.776917,40.014224;
1728767483:[SBE61 ,0396]P +20186,T +20146,S +34580
1728767484:[MRMAID,0002]acq started
1728771047:[MRMAID,0003]acq stopped
1728771047:[MRMAID,0052]$MEASFS,140445,3509.876861,40.014224;
1728771082:[SBE61 ,0396]P +20164,T +20179,S +34578
1728771083:[MRMAID,0002]acq started
1728774656:[MRMAID,0003]acq stopped
1728774656:[MRMAID,0052]$MEASFS,140839,3519.723358,40.014224;
1728774692:[SBE61 ,0396]P +20223,T +20202,S +34577
1728774693:[MRMAID,0002]acq started
1728776279:[PRESS ,0038]P+199840mbar,T+32767mdegC
1728776580:[BUOY  ,0087]from -1mbar/s to +0mbar/s
1728776580:[BUOY  ,0090]need to transfer -2mL (valve during 57ms)
1728776580:[MRMAID,0003]acq stopped
1728776580:[MRMAID,0052]$MEASFS,73362,1833.398041,40.014224;
1728776580:[VALVE ,0034]valve opening 57ms
1728776592:[MRMAID,0002]acq started
1728777216:[BUOY  ,0087]from +1mbar/s to +0mbar/s
1728777216:[PUMP  ,0378]Outflow calculated : 2712
1728777216:[BUOY  ,0089]need to transfer +2mL (pump during 2946ms)
1728777216:[MRMAID,0003]acq stopped
1728777218:[PUMP  ,0016]pump during 2946ms
1728777222:[MRMAID,0002]acq started
1728777543:[BUOY  ,0087]from +1mbar/s to +0mbar/s
1728777543:[PUMP  ,0378]Outflow calculated : 2712
1728777543:[BUOY  ,0089]need to transfer +2mL (pump during 2940ms)
1728777544:[MRMAID,0003]acq stopped
1728777545:[PUMP  ,0016]pump during 2940ms
1728777549:[MRMAID,0002]acq started
1728777871:[BUOY  ,0087]from +2mbar/s to +0mbar/s
1728777871:[PUMP  ,0378]Outflow calculated : 2711
1728777871:[BUOY  ,0089]need to transfer +6mL (pump during 8823ms)
1728777871:[MRMAID,0003]acq stopped
1728777873:[PUMP  ,0016]pump during 8823ms
1728777881:[PUMP  ,0212]battery 13527mV,  895724uA (steady state), P+201520mbar
1728777883:[MRMAID,0002]acq started
1728778198:[BUOY  ,0087]from +1mbar/s to +0mbar/s
1728778198:[PUMP  ,0378]Outflow calculated : 2711
1728778198:[BUOY  ,0089]need to transfer +2mL (pump during 2937ms)
1728778198:[MRMAID,0003]acq stopped
1728778200:[PUMP  ,0016]pump during 2937ms
1728778204:[MRMAID,0002]acq started
1728778257:[MRMAID,0003]acq stopped
1728778291:[SBE61 ,0396]P +20240,T +20047,S +34582
1728778293:[MRMAID,0002]acq started
1728781856:[MRMAID,0003]acq stopped
1728781856:[MRMAID,0052]$MEASFS,140458,3510.201782,40.014224;
1728781891:[SBE61 ,0396]P +20176,T +20154,S +34580
1728781892:[MRMAID,0002]acq started
1728785465:[MRMAID,0003]acq stopped
1728785465:[MRMAID,0052]$MEASFS,140864,3520.348175,40.014224;
1728785501:[SBE61 ,0396]P +20154,T +20198,S +34579
1728785502:[MRMAID,0002]acq started
1728789065:[MRMAID,0003]acq stopped
1728789065:[MRMAID,0052]$MEASFS,140442,3509.801941,40.014224;
1728789100:[SBE61 ,0396]P +20159,T +20179,S +34579
1728789102:[MRMAID,0002]acq started
1728792674:[MRMAID,0003]acq stopped
1728792675:[MRMAID,0052]$MEASFS,140840,3519.748383,40.014224;
1728792710:[SBE61 ,0396]P +20174,T +20193,S +34578
1728792711:[MRMAID,0002]acq started
1728796274:[MRMAID,0003]acq stopped
1728796274:[MRMAID,0052]$MEASFS,140441,3509.776917,40.014224;
1728796310:[SBE61 ,0396]P +20187,T +20148,S +34580
1728796311:[MRMAID,0002]acq started
1728799874:[MRMAID,0003]acq stopped
1728799874:[MRMAID,0052]$MEASFS,140445,3509.876892,40.014224;
1728799909:[SBE61 ,0396]P +20160,T +20176,S +34579
1728799910:[MRMAID,0002]acq started
1728803483:[MRMAID,0003]acq stopped
1728803483:[MRMAID,0052]$MEASFS,140840,3519.748382,40.014224;
1728803519:[SBE61 ,0396]P +20191,T +20126,S +34580
1728803520:[MRMAID,0002]acq started
1728807083:[MRMAID,0003]acq stopped
1728807083:[MRMAID,0052]$MEASFS,140441,3509.776917,40.014224;
1728807118:[SBE61 ,0396]P +20177,T +20159,S +34579
1728807120:[MRMAID,0002]acq started
1728810683:[MRMAID,0003]acq stopped
1728810683:[MRMAID,0052]$MEASFS,140440,3509.751922,40.014224;
1728810718:[SBE61 ,0396]P +20181,T +20154,S +34579
1728810719:[MRMAID,0002]acq started
1728814292:[MRMAID,0003]acq stopped
1728814292:[MRMAID,0052]$MEASFS,140838,3519.698395,40.014224;
1728814328:[SBE61 ,0396]P +20212,T +20295,S +34577
1728814329:[MRMAID,0002]acq started
1728817892:[MRMAID,0003]acq stopped
1728817892:[MRMAID,0052]$MEASFS,140444,3509.851898,40.014224;
1728817927:[SBE61 ,0396]P +20207,T +20209,S +34579
1728817928:[MRMAID,0002]acq started
1728821501:[MRMAID,0003]acq stopped
1728821502:[MRMAID,0052]$MEASFS,140841,3519.773376,40.014224;
1728821537:[SBE61 ,0396]P +20122,T +20275,S +34578
1728821538:[MRMAID,0002]acq started
1728825101:[MRMAID,0003]acq stopped
1728825101:[MRMAID,0052]$MEASFS,140442,3509.801910,40.014224;
1728825137:[SBE61 ,0396]P +20152,T +20088,S +34580
1728825138:[MRMAID,0002]acq started
1728828701:[MRMAID,0003]acq stopped
1728828701:[MRMAID,0052]$MEASFS,140441,3509.776917,40.014224;
1728828736:[SBE61 ,0396]P +20157,T +20066,S +34581
1728828737:[MRMAID,0002]acq started
1728832310:[MRMAID,0003]acq stopped
1728832310:[MRMAID,0052]$MEASFS,140841,3519.773346,40.014224;
1728832346:[SBE61 ,0396]P +20142,T +20012,S +34582
1728832347:[MRMAID,0002]acq started
1728835910:[MRMAID,0003]acq stopped
1728835910:[MRMAID,0052]$MEASFS,140441,3509.776917,40.014224;
1728835945:[SBE61 ,0396]P +20261,T +20184,S +34579
1728835947:[MRMAID,0002]acq started
1728839510:[MRMAID,0003]acq stopped
1728839510:[MRMAID,0052]$MEASFS,140441,3509.776886,40.014224;
1728839545:[SBE61 ,0396]P +20263,T +20203,S +34578
1728839546:[MRMAID,0002]acq started
1728843119:[MRMAID,0003]acq stopped
1728843119:[MRMAID,0052]$MEASFS,140840,3519.748383,40.014224;
1728843155:[SBE61 ,0396]P +20179,T +20198,S +34578
1728843156:[MRMAID,0002]acq started
1728846719:[MRMAID,0003]acq stopped
1728846719:[MRMAID,0052]$MEASFS,140440,3509.751923,40.014224;
1728846754:[SBE61 ,0396]P +20148,T +20200,S +34577
1728846756:[MRMAID,0002]acq started
1728850328:[MRMAID,0003]acq stopped
1728850329:[MRMAID,0052]$MEASFS,140839,3519.723388,40.014224;
1728850364:[SBE61 ,0396]P +20136,T +20089,S +34579
1728850365:[MRMAID,0002]acq started
1728853262:[BUOY  ,0087]from +1mbar/s to +0mbar/s
1728853262:[PUMP  ,0378]Outflow calculated : 2710
1728853262:[BUOY  ,0089]need to transfer +2mL (pump during 2949ms)
1728853262:[MRMAID,0003]acq stopped
1728853262:[MRMAID,0052]$MEASFS,113777,2843.413880,40.014224;
1728853264:[PUMP  ,0016]pump during 2949ms
1728853268:[MRMAID,0002]acq started
1728853928:[MRMAID,0003]acq stopped
1728853928:[MRMAID,0185]11 spurious byte(s) received
1728853964:[SBE61 ,0396]P +20287,T +20190,S +34579
1728853965:[MRMAID,0002]acq started
1728857528:[MRMAID,0003]acq stopped
1728857528:[MRMAID,0052]$MEASFS,140442,3509.801911,40.014224;
1728857563:[SBE61 ,0396]P +20148,T +20305,S +34576
1728857564:[MRMAID,0002]acq started
1728861137:[MRMAID,0003]acq stopped
1728861138:[MRMAID,0052]$MEASFS,140845,3519.873321,40.014224;
1728861173:[SBE61 ,0396]P +20125,T +20216,S +34577
1728861174:[MRMAID,0002]acq started
1728864737:[MRMAID,0003]acq stopped
1728864737:[MRMAID,0052]$MEASFS,140441,3509.776917,40.014224;
1728864772:[SBE61 ,0396]P +20113,T +20182,S +34578
1728864774:[MRMAID,0002]acq started
1728868337:[MRMAID,0003]acq stopped
1728868337:[MRMAID,0052]$MEASFS,140440,3509.751923,40.014224;
1728868372:[SBE61 ,0396]P +20060,T +20158,S +34578
1728868373:[MRMAID,0002]acq started
1728871946:[MRMAID,0003]acq stopped
1728871946:[MRMAID,0052]$MEASFS,140858,3520.198242,40.014224;
1728871982:[SBE61 ,0396]P +20147,T +20183,S +34578
1728871983:[MRMAID,0002]acq started
1728875546:[MRMAID,0003]acq stopped
1728875546:[MRMAID,0052]$MEASFS,140445,3509.876892,40.014224;
1728875581:[SBE61 ,0396]P +20112,T +20187,S +34578
1728875583:[MRMAID,0002]acq started
1728879155:[MRMAID,0003]acq stopped
1728879156:[MRMAID,0052]$MEASFS,140840,3519.748352,40.014224;
1728879191:[SBE61 ,0396]P +20125,T +20175,S +34578
1728879192:[MRMAID,0002]acq started
1728882755:[MRMAID,0003]acq stopped
1728882755:[MRMAID,0052]$MEASFS,140440,3509.751922,40.014224;
1728882791:[SBE61 ,0396]P +20109,T +20190,S +34578
1728882792:[MRMAID,0002]acq started
1728886355:[MRMAID,0003]acq stopped
1728886355:[MRMAID,0052]$MEASFS,140440,3509.751953,40.014224;
1728886390:[SBE61 ,0396]P +20122,T +20171,S +34579
1728886391:[MRMAID,0002]acq started
1728889964:[MRMAID,0003]acq stopped
1728889965:[MRMAID,0052]$MEASFS,140840,3519.748352,40.014224;
1728890000:[SBE61 ,0396]P +20040,T +20101,S +34580
1728890001:[MRMAID,0002]acq started
1728893564:[MRMAID,0003]acq stopped
1728893564:[MRMAID,0052]$MEASFS,140442,3509.801910,40.014224;
1728893599:[SBE61 ,0396]P +20234,T +20106,S +34580
1728893601:[MRMAID,0002]acq started
1728893808:[BUOY  ,0101]stage[1] 10 stab done
1728893809:[BUOY  ,0087]from +1mbar/s to +0mbar/s
1728893809:[PUMP  ,0378]Outflow calculated : 2711
1728893809:[BUOY  ,0089]need to transfer +2mL (pump during 2949ms)
1728893809:[MRMAID,0052]$STOPACK:+
1728893810:[MRMAID,0185]2 spurious byte(s) received
1728893810:[PUMP  ,0016]pump during 2949ms
1728893815:[MRMAID,0002]acq started
1728897164:[MRMAID,0003]acq stopped
1728897164:[MRMAID,0052]$MEASFS,131903,3296.402771,40.014224;
1728897199:[SBE61 ,0396]P +20098,T +20191,S +34578
1728897200:[MRMAID,0002]acq started
1728900773:[MRMAID,0003]acq stopped
1728900773:[MRMAID,0052]$MEASFS,140841,3519.773376,40.014224;
1728900809:[SBE61 ,0396]P +20037,T +20316,S +34576
1728900810:[MRMAID,0002]acq started
1728904373:[MRMAID,0003]acq stopped
1728904373:[MRMAID,0052]$MEASFS,140441,3509.776917,40.014224;
1728904408:[SBE61 ,0396]P +20153,T +20545,S +34574
1728904410:[MRMAID,0002]acq started
1728907175:[MRMAID,0027]2001dbar, 33degC
1728907982:[MRMAID,0003]acq stopped
1728907983:[MRMAID,0052]$MEASFS,140839,3519.723389,40.014224;
1728908018:[SBE61 ,0396]P +20077,T +20464,S +34575
1728908019:[MRMAID,0002]acq started
1728911582:[MRMAID,0003]acq stopped
1728911582:[MRMAID,0052]$MEASFS,140441,3509.776947,40.014224;
1728911618:[SBE61 ,0396]P +19956,T +20447,S +34576
1728911619:[MRMAID,0002]acq started
1728915182:[MRMAID,0003]acq stopped
1728915182:[MRMAID,0052]$MEASFS,140440,3509.751983,40.014223;
1728915217:[SBE61 ,0396]P +20072,T +20390,S +34575
1728915218:[MRMAID,0002]acq started
1728918791:[MRMAID,0003]acq stopped
1728918791:[MRMAID,0052]$MEASFS,140839,3519.723419,40.014224;
1728918827:[SBE61 ,0396]P +20038,T +20300,S +34575
1728918828:[MRMAID,0002]acq started
1728922391:[MRMAID,0003]acq stopped
1728922391:[MRMAID,0052]$MEASFS,140440,3509.751953,40.014224;
1728922426:[SBE61 ,0396]P +20016,T +20287,S +34576
1728922428:[MRMAID,0002]acq started
1728925991:[MRMAID,0003]acq stopped
1728925991:[MRMAID,0052]$MEASFS,140440,3509.751984,40.014223;
1728926026:[SBE61 ,0396]P +20122,T +20291,S +34577
1728926027:[MRMAID,0002]acq started
1728929600:[MRMAID,0003]acq stopped
1728929600:[MRMAID,0052]$MEASFS,140841,3519.773407,40.014224;
1728929636:[SBE61 ,0396]P +20036,T +20319,S +34576
1728929637:[MRMAID,0002]acq started
1728933200:[MRMAID,0003]acq stopped
1728933200:[MRMAID,0052]$MEASFS,140445,3509.876922,40.014224;
1728933235:[SBE61 ,0396]P +20049,T +20299,S +34577
1728933237:[MRMAID,0002]acq started
1728936810:[MRMAID,0003]acq stopped
1728936810:[MRMAID,0052]$MEASFS,140841,3519.773407,40.014224;
1728936845:[SBE61 ,0396]P +20000,T +20301,S +34576
1728936846:[MRMAID,0002]acq started
1728940409:[MRMAID,0003]acq stopped
1728940409:[MRMAID,0052]$MEASFS,140441,3509.776978,40.014223;
1728940445:[SBE61 ,0396]P +20119,T +20193,S +34578
1728940446:[MRMAID,0002]acq started
1728944009:[MRMAID,0003]acq stopped
1728944009:[MRMAID,0052]$MEASFS,140441,3509.776947,40.014224;
1728944044:[SBE61 ,0396]P +20044,T +20230,S +34577
1728944045:[MRMAID,0002]acq started
1728947618:[MRMAID,0003]acq stopped
1728947619:[MRMAID,0052]$MEASFS,140844,3519.848358,40.014224;
1728947654:[SBE61 ,0396]P +20067,T +20133,S +34579
1728947655:[MRMAID,0002]acq started
1728951218:[MRMAID,0003]acq stopped
1728951218:[MRMAID,0052]$MEASFS,140440,3509.751953,40.014224;
1728951253:[SBE61 ,0396]P +20032,T +20254,S +34577
1728951255:[MRMAID,0002]acq started
1728954818:[MRMAID,0003]acq stopped
1728954818:[MRMAID,0052]$MEASFS,140440,3509.751953,40.014224;
1728954853:[SBE61 ,0396]P +20075,T +20140,S +34579
1728954854:[MRMAID,0002]acq started
1728958427:[MRMAID,0003]acq stopped
1728958427:[MRMAID,0052]$MEASFS,140857,3520.173248,40.014224;
1728958463:[SBE61 ,0396]P +19994,T +20185,S +34578
1728958464:[MRMAID,0002]acq started
1728962027:[MRMAID,0003]acq stopped
1728962027:[MRMAID,0052]$MEASFS,140443,3509.826934,40.014224;
1728962062:[SBE61 ,0396]P +20212,T +20294,S +34576
1728962064:[MRMAID,0002]acq started
1728965637:[MRMAID,0003]acq stopped
1728965637:[MRMAID,0052]$MEASFS,140841,3519.773376,40.014224;
1728965672:[SBE61 ,0396]P +20161,T +20385,S +34575
1728965673:[MRMAID,0002]acq started
1728969236:[MRMAID,0003]acq stopped
1728969236:[MRMAID,0052]$MEASFS,140442,3509.801910,40.014224;
1728969272:[SBE61 ,0396]P +20065,T +20284,S +34577
1728969273:[MRMAID,0002]acq started
1728972836:[MRMAID,0003]acq stopped
1728972836:[MRMAID,0052]$MEASFS,140442,3509.801910,40.014224;
1728972871:[SBE61 ,0396]P +20091,T +20350,S +34575
1728972872:[MRMAID,0002]acq started
1728976445:[MRMAID,0003]acq stopped
1728976446:[MRMAID,0052]$MEASFS,140844,3519.848358,40.014224;
1728976481:[SBE61 ,0396]P +19932,T +20248,S +34577
1728976482:[MRMAID,0002]acq started
1728980045:[MRMAID,0003]acq stopped
1728980045:[MRMAID,0052]$MEASFS,140441,3509.776947,40.014224;
1728980080:[SBE61 ,0396]P +20003,T +20102,S +34579
1728980082:[MRMAID,0002]acq started
1728982979:[MAIN  ,0140]stage[1] complete 27354s after mission start
1728982986:[SBE   ,0391]Mode changed from PROFILING to SLEEP
1728982986:[MRMAID,0003]acq stopped
1728982986:[MRMAID,0052]$MEASFS,114098,2851.436035,40.014224;
1728982987:[MAIN  ,0056]stage[2]
1728982989:[MAIN  ,0024]internal pressure 76334Pa
1728982990:[BUOY  ,0037]P+202150mbar
1728982992:[BUOY  ,0087]from +1mbar/s to +9mbar/s
1728982992:[BUOY  ,0090]need to transfer -128mL (valve during 3635ms)
1728982992:[VALVE ,0034]valve opening 3635ms
1728982995:[VALVE ,0234]battery 13366mV,  499224uA, P+202130mbar
1728983617:[PRESS ,0038]P+207010mbar,T+32767mdegC
1728983642:[BUOY  ,0087]from +7mbar/s to +9mbar/s
1728983642:[BUOY  ,0090]need to transfer -52mL (valve during 1457ms)
1728983642:[VALVE ,0034]valve opening 1457ms
1728983643:[VALVE ,0234]battery 13453mV,  490928uA, P+207180mbar
1728984267:[PRESS ,0038]P+212510mbar,T+32767mdegC
1728984917:[PRESS ,0038]P+217790mbar,T+32767mdegC
1728985586:[PRESS ,0038]P+222810mbar,T+32767mdegC
1728986541:[PRESS ,0038]P+229740mbar,T+32767mdegC
1728986891:[BUOY  ,0087]from +8mbar/s to +6mbar/s
1728986891:[PUMP  ,0378]Outflow calculated : 2693
1728986891:[BUOY  ,0089]need to transfer +44mL (pump during 65089ms)
1728986892:[PUMP  ,0016]pump during 60000ms
1728986951:[PUMP  ,0212]battery 13370mV, 1007110uA (steady state), P+232300mbar
1728987517:[PRESS ,0038]P+236390mbar,T+32767mdegC
1728988492:[PRESS ,0038]P+243000mbar,T+32767mdegC
1728988517:[BUOY  ,0087]from +8mbar/s to +2mbar/s
1728988517:[PUMP  ,0378]Outflow calculated : 2686
1728988517:[BUOY  ,0089]need to transfer +96mL (pump during 142645ms)
1728988518:[PUMP  ,0016]pump during 60000ms
1728988577:[PUMP  ,0212]battery 13562mV, 1025166uA (steady state), P+243180mbar
1728988843:[STAGE ,0213]245110mbar reached at 1728988843s, ref 250000mbar +/-5000mbar
1728988843:[BUOY  ,0087]from +6mbar/s to +0mbar/s
1728988843:[PUMP  ,0378]Outflow calculated : 2685
1728988843:[BUOY  ,0089]need to transfer +58mL (pump during 86181ms)
1728988845:[PUMP  ,0016]pump during 60000ms
1728988903:[PUMP  ,0212]battery 13418mV, 1029436uA (steady state), P+245110mbar
1728989170:[BUOY  ,0087]from +4mbar/s to +0mbar/s
1728989170:[PUMP  ,0378]Outflow calculated : 2683
1728989170:[BUOY  ,0089]need to transfer +26mL (pump during 39057ms)
1728989171:[PUMP  ,0016]pump during 39057ms
1728989210:[PUMP  ,0212]battery 13405mV, 1039074uA (steady state), P+246670mbar
1728989496:[BUOY  ,0087]from +3mbar/s to +0mbar/s
1728989496:[PUMP  ,0378]Outflow calculated : 2682
1728989496:[BUOY  ,0089]need to transfer +14mL (pump during 21038ms)
1728989497:[PUMP  ,0016]pump during 21038ms
1728989518:[PUMP  ,0212]battery 13436mV, 1037366uA (steady state), P+247890mbar
1728989798:[PRESS ,0038]P+248750mbar,T+32767mdegC
1728989822:[BUOY  ,0087]from +3mbar/s to +0mbar/s
1728989822:[PUMP  ,0378]Outflow calculated : 2682
1728989822:[BUOY  ,0089]need to transfer +14mL (pump during 20966ms)
1728989824:[PUMP  ,0016]pump during 20966ms
1728989844:[PUMP  ,0212]battery 13468mV, 1047004uA (steady state), P+248800mbar
1728990749:[BUOY  ,0087]from +1mbar/s to +0mbar/s
1728990749:[PUMP  ,0378]Outflow calculated : 2682
1728990749:[BUOY  ,0089]need to transfer +2mL (pump during 2978ms)
1728990750:[PUMP  ,0016]pump during 2978ms
1728991075:[BUOY  ,0087]from +1mbar/s to +0mbar/s
1728991075:[PUMP  ,0378]Outflow calculated : 2682
1728991075:[BUOY  ,0089]need to transfer +2mL (pump during 2966ms)
1728991077:[PUMP  ,0016]pump during 2966ms
1728991402:[BUOY  ,0087]from +1mbar/s to +0mbar/s
1728991402:[PUMP  ,0378]Outflow calculated : 2682
1728991402:[BUOY  ,0089]need to transfer +2mL (pump during 2966ms)
1728991403:[PUMP  ,0016]pump during 2966ms
1728991728:[BUOY  ,0087]from +1mbar/s to +0mbar/s
1728991728:[PUMP  ,0378]Outflow calculated : 2682
1728991728:[BUOY  ,0089]need to transfer +2mL (pump during 2963ms)
1728991729:[PUMP  ,0016]pump during 2963ms
1728992054:[BUOY  ,0087]from +1mbar/s to +0mbar/s
1728992054:[PUMP  ,0378]Outflow calculated : 2682
1728992054:[BUOY  ,0089]need to transfer +2mL (pump during 2963ms)
1728992055:[PUMP  ,0016]pump during 2963ms
1728997483:[MAIN  ,0140]stage[2] complete -23678s after mission start
1728997483:[MAIN  ,0056]stage[3]
1728997485:[MAIN  ,0024]internal pressure 76615Pa
1728997486:[BUOY  ,0037]P+250900mbar
1728997486:[SBE   ,0391]Mode changed from SLEEP to UPDATE
1728997488:[BUOY  ,0087]from +0mbar/s to -10mbar/s
1728997488:[PUMP  ,0378]Outflow calculated : 2682
1728997488:[BUOY  ,0089]need to transfer +160mL (pump during 236337ms)
1728997489:[PUMP  ,0016]pump during 60000ms
1728997490:[SBE   ,0391]Mode changed from UPDATE to START
1728997548:[PUMP  ,0212]battery 13647mV, 1067744uA (steady state), P+250920mbar
1728997814:[BUOY  ,0087]from -4mbar/s to -10mbar/s
1728997814:[PUMP  ,0378]Outflow calculated : 2683
1728997814:[BUOY  ,0089]need to transfer +134mL (pump during 197932ms)
1728997815:[PUMP  ,0016]pump during 60000ms
1728997816:[SBE   ,0384]Start profil acquisitions
1728997816:[SBE   ,0391]Mode changed from START to PROFILING
1728997874:[PUMP  ,0212]battery 13453mV, 1094096uA (steady state), P+249920mbar
1728998141:[BUOY  ,0087]from -5mbar/s to -10mbar/s
1728998141:[PUMP  ,0378]Outflow calculated : 2681
1728998141:[BUOY  ,0089]need to transfer +120mL (pump during 182094ms)
1728998142:[PUMP  ,0016]pump during 60000ms
1728998201:[PUMP  ,0212]battery 13430mV, 1064450uA (steady state), P+248280mbar
1728998467:[BUOY  ,0087]from -6mbar/s to -10mbar/s
1728998467:[PUMP  ,0378]Outflow calculated : 2682
1728998467:[BUOY  ,0089]need to transfer +102mL (pump during 154780ms)
1728998468:[PUMP  ,0016]pump during 60000ms
1728998527:[PUMP  ,0212]battery 13437mV, 1050420uA (steady state), P+246250mbar
1728998793:[BUOY  ,0087]from -8mbar/s to -10mbar/s
1728998793:[PUMP  ,0378]Outflow calculated : 2684
1728998793:[BUOY  ,0089]need to transfer +58mL (pump during 88012ms)
1728998795:[PUMP  ,0016]pump during 60000ms
1728998854:[PUMP  ,0212]battery 13443mV, 1042734uA (steady state), P+243840mbar
1728999095:[PRESS ,0038]P+241390mbar,T+32767mdegC
1728999120:[BUOY  ,0087]from -9mbar/s to -10mbar/s
1728999120:[PUMP  ,0378]Outflow calculated : 2685
1728999120:[BUOY  ,0089]need to transfer +30mL (pump during 45503ms)
1728999121:[PUMP  ,0016]pump during 45503ms
1728999166:[PUMP  ,0212]battery 13451mV, 1030656uA (steady state), P+241180mbar
1728999446:[BUOY  ,0087]from -9mbar/s to -10mbar/s
1728999446:[PUMP  ,0378]Outflow calculated : 2687
1728999446:[BUOY  ,0089]need to transfer +30mL (pump during 45490ms)
1728999447:[PUMP  ,0016]pump during 45490ms
1728999492:[PUMP  ,0212]battery 13468mV, 1020896uA (steady state), P+238240mbar
1728999748:[PRESS ,0038]P+235240mbar,T+32767mdegC
1728999772:[BUOY  ,0087]from -9mbar/s to -10mbar/s
1728999773:[PUMP  ,0378]Outflow calculated : 2689
1728999773:[BUOY  ,0089]need to transfer +30mL (pump during 45457ms)
1728999774:[PUMP  ,0016]pump during 45457ms
1728999819:[PUMP  ,0212]battery 13476mV, 1006866uA (steady state), P+235010mbar
1729000399:[PRESS ,0038]P+228490mbar,T+32767mdegC
1729001049:[PRESS ,0038]P+222050mbar,T+32767mdegC
1729001074:[BUOY  ,0087]from -9mbar/s to -10mbar/s
1729001074:[PUMP  ,0378]Outflow calculated : 2698
1729001074:[BUOY  ,0089]need to transfer +30mL (pump during 44812ms)
1729001075:[PUMP  ,0016]pump during 44812ms
1729001119:[PUMP  ,0212]battery 13586mV,  966850uA (steady state), P+221790mbar
1729001700:[PRESS ,0038]P+215480mbar,T+32767mdegC
1729002050:[BUOY  ,0087]from -9mbar/s to -10mbar/s
1729002050:[PUMP  ,0378]Outflow calculated : 2704
1729002050:[BUOY  ,0089]need to transfer +30mL (pump during 44757ms)
1729002051:[PUMP  ,0016]pump during 44757ms
1729002095:[PUMP  ,0212]battery 13597mV,  930738uA (steady state), P+212170mbar
1729002351:[PRESS ,0038]P+209140mbar,T+32767mdegC
1729003001:[PRESS ,0038]P+202720mbar,T+32767mdegC
1729003351:[BUOY  ,0087]from -9mbar/s to -10mbar/s
1729003351:[PUMP  ,0378]Outflow calculated : 2712
1729003351:[BUOY  ,0089]need to transfer +30mL (pump during 44581ms)
1729003352:[PUMP  ,0016]pump during 44581ms
1729003396:[PUMP  ,0212]battery 13625mV,  889136uA (steady state), P+199220mbar
1729003653:[PRESS ,0038]P+196050mbar,T+32767mdegC
1729004302:[PRESS ,0038]P+189330mbar,T+32767mdegC
1729004327:[BUOY  ,0087]from -9mbar/s to -10mbar/s
1729004327:[PUMP  ,0378]Outflow calculated : 2718
1729004327:[BUOY  ,0089]need to transfer +30mL (pump during 44515ms)
1729004328:[PUMP  ,0016]pump during 44515ms
1729004372:[PUMP  ,0212]battery 13631mV,  840336uA (steady state), P+189140mbar
1729004954:[PRESS ,0038]P+183060mbar,T+32767mdegC
1729004978:[BUOY  ,0087]from -9mbar/s to -10mbar/s
1729004978:[PUMP  ,0378]Outflow calculated : 2721
1729004979:[BUOY  ,0089]need to transfer +30mL (pump during 44598ms)
1729004980:[PUMP  ,0016]pump during 44598ms
1729005024:[PUMP  ,0212]battery 13625mV,  813130uA (steady state), P+182820mbar
1729005605:[PRESS ,0038]P+176980mbar,T+32767mdegC
1729006255:[PRESS ,0038]P+170690mbar,T+32767mdegC
1729006280:[BUOY  ,0087]from -9mbar/s to -10mbar/s
1729006280:[PUMP  ,0378]Outflow calculated : 2729
1729006280:[BUOY  ,0089]need to transfer +30mL (pump during 44288ms)
1729006281:[PUMP  ,0016]pump during 44288ms
1729006325:[PUMP  ,0212]battery 13661mV,  784704uA (steady state), P+170470mbar
1729006906:[PRESS ,0038]P+163830mbar,T+32767mdegC
1729007556:[PRESS ,0038]P+156890mbar,T+32767mdegC
1729008206:[PRESS ,0038]P+150130mbar,T+32767mdegC
1729008855:[PRESS ,0038]P+143400mbar,T+32767mdegC
1729009505:[PRESS ,0038]P+137050mbar,T+32767mdegC
1729009530:[BUOY  ,0087]from -9mbar/s to -10mbar/s
1729009530:[PUMP  ,0378]Outflow calculated : 2749
1729009530:[BUOY  ,0089]need to transfer +30mL (pump during 43960ms)
1729009531:[PUMP  ,0016]pump during 43960ms
1729009574:[PUMP  ,0212]battery 13710mV,  669048uA (steady state), P+136830mbar
1729010157:[PRESS ,0038]P+131210mbar,T+32767mdegC
1729010506:[BUOY  ,0087]from -9mbar/s to -10mbar/s
1729010506:[PUMP  ,0378]Outflow calculated : 2755
1729010506:[BUOY  ,0089]need to transfer +30mL (pump during 43968ms)
1729010508:[PUMP  ,0016]pump during 43968ms
1729010551:[PUMP  ,0212]battery 13720mV,  639280uA (steady state), P+128130mbar
1729010808:[PRESS ,0038]P+125410mbar,T+32767mdegC
1729010833:[BUOY  ,0087]from -9mbar/s to -10mbar/s
1729010833:[PUMP  ,0378]Outflow calculated : 2756
1729010833:[BUOY  ,0089]need to transfer +30mL (pump during 44121ms)
1729010834:[PUMP  ,0016]pump during 44121ms
1729010878:[PUMP  ,0212]battery 13683mV,  634400uA (steady state), P+125170mbar
1729011459:[PRESS ,0038]P+118850mbar,T+32767mdegC
1729012109:[PRESS ,0038]P+111650mbar,T+32767mdegC
1729012759:[PRESS ,0038]P+104650mbar,T+32767mdegC
1729013409:[PRESS ,0038]P +98480mbar,T+32767mdegC
1729013433:[BUOY  ,0087]from -7mbar/s to -10mbar/s
1729013433:[PUMP  ,0378]Outflow calculated : 2773
1729013433:[BUOY  ,0089]need to transfer +82mL (pump during 119013ms)
1729013435:[PUMP  ,0016]pump during 60000ms
1729013494:[PUMP  ,0212]battery 13772mV,  538020uA (steady state), P +98300mbar
1729013760:[BUOY  ,0087]from -8mbar/s to -10mbar/s
1729013760:[PUMP  ,0378]Outflow calculated : 2774
1729013760:[BUOY  ,0089]need to transfer +58mL (pump during 84672ms)
1729013761:[PUMP  ,0016]pump during 60000ms
1729013820:[PUMP  ,0212]battery 13757mV,  519842uA (steady state), P +95560mbar
1729014061:[PRESS ,0038]P +92770mbar,T+32767mdegC
1729014711:[PRESS ,0038]P +84870mbar,T+32767mdegC
1729015361:[PRESS ,0038]P +77470mbar,T+32767mdegC
1729015711:[BUOY  ,0087]from -9mbar/s to -10mbar/s
1729015711:[PUMP  ,0378]Outflow calculated : 2787
1729015711:[BUOY  ,0089]need to transfer +30mL (pump during 43337ms)
1729015712:[PUMP  ,0016]pump during 43337ms
1729015755:[PUMP  ,0212]battery 13827mV,  448228uA (steady state), P +74000mbar
1729016012:[PRESS ,0038]P +71050mbar,T+32767mdegC
1729016662:[PRESS ,0038]P +63890mbar,T+32767mdegC
1729017312:[PRESS ,0038]P +56720mbar,T+32767mdegC
1729017337:[BUOY  ,0087]from -6mbar/s to -10mbar/s
1729017337:[PUMP  ,0378]Outflow calculated : 2798
1729017337:[BUOY  ,0089]need to transfer +102mL (pump during 146763ms)
1729017338:[PUMP  ,0016]pump during 60000ms
1729017397:[PUMP  ,0212]battery 13890mV,  383934uA (steady state), P +56570mbar
1729017963:[PRESS ,0038]P +50710mbar,T+32767mdegC
1729018313:[BUOY  ,0087]from -9mbar/s to -10mbar/s
1729018313:[PUMP  ,0378]Outflow calculated : 2803
1729018313:[BUOY  ,0089]need to transfer +30mL (pump during 43148ms)
1729018314:[PUMP  ,0016]pump during 43148ms
1729018357:[PUMP  ,0212]battery 13937mV,  345016uA (steady state), P +47220mbar
1729018615:[PRESS ,0038]P +44380mbar,T+32767mdegC
1729019264:[PRESS ,0038]P +36870mbar,T+32767mdegC
1729019614:[BUOY  ,0087]from -9mbar/s to -10mbar/s
1729019614:[PUMP  ,0378]Outflow calculated : 2812
1729019614:[BUOY  ,0089]need to transfer +30mL (pump during 42911ms)
1729019615:[PUMP  ,0016]pump during 42911ms
1729019657:[PUMP  ,0212]battery 14013mV,  295118uA (steady state), P +33420mbar
1729019916:[PRESS ,0038]P +30340mbar,T+32767mdegC
1729020565:[PRESS ,0038]P +23800mbar,T+32767mdegC
1729020590:[BUOY  ,0087]from -9mbar/s to -10mbar/s
1729020590:[PUMP  ,0378]Outflow calculated : 2818
1729020590:[BUOY  ,0089]need to transfer +30mL (pump during 42751ms)
1729020592:[PUMP  ,0016]pump during 42751ms
1729020634:[PUMP  ,0212]battery 14088mV,  256932uA (steady state), P +23550mbar
1729021217:[PRESS ,0038]P +17100mbar,T+32767mdegC
1729021867:[PRESS ,0038]P +10890mbar,T+32767mdegC
1729021891:[BUOY  ,0087]from -8mbar/s to -10mbar/s
1729021891:[PUMP  ,0378]Outflow calculated : 2826
1729021891:[BUOY  ,0089]need to transfer +58mL (pump during 82270ms)
1729021893:[PUMP  ,0016]pump during 60000ms
1729021952:[PUMP  ,0212]battery 14215mV,  204960uA (steady state), P +10720mbar
1729022218:[BUOY  ,0087]from -9mbar/s to -10mbar/s
1729022218:[PUMP  ,0378]Outflow calculated : 2827
1729022218:[BUOY  ,0089]need to transfer +30mL (pump during 42553ms)
1729022219:[PUMP  ,0016]pump during 42553ms
1729022261:[PUMP  ,0212]battery 14258mV,  191296uA (steady state), P  +7670mbar
1729022519:[PRESS ,0038]P  +5060mbar,T+32767mdegC
1729022544:[BUOY  ,0087]from -9mbar/s to -10mbar/s
1729022544:[PUMP  ,0378]Outflow calculated : 2829
1729022544:[BUOY  ,0089]need to transfer +30mL (pump during 42523ms)
1729022545:[PUMP  ,0016]pump during 42523ms
1729022587:[PUMP  ,0212]battery 14280mV,  185318uA (steady state), P  +4850mbar
1729023171:[PRESS ,0038]P   -160mbar,T+32767mdegC
1729023195:[STAGE ,0214]-180mbar (500) reached at 1729023195s, ascending from 250900mbar
1729023195:[STAGE ,0342]The float reached the surface : OK
1729023195:[MAIN  ,0140]stage[3] complete 2034s after mission start
1729023196:[SBE   ,0391]Mode changed from PROFILING to SLEEP
1729023197:[SBE   ,0391]Mode changed from SLEEP to STOP
1729023352:[SBE   ,0391]Mode changed from STOP to SLEEP
1729023353:[SBE   ,0391]Mode changed from SLEEP to DUMP
1729023353:[SBE   ,0343]SBE dump : 453 stored samples in hexa format
1729023368:[SBE   ,0338]Dump finished
1729023368:[SBE   ,0388]453 samples in 0100/670E686D.S61
1729023368:[SBE   ,0391]Mode changed from DUMP to SLEEP
1729023368:[MRMAID,0188]acq already stopped
1729023369:[MSSION,0192]mission stopped, 4 stage(s) done
1729023369:[MAIN  ,0065]surfacing
1729023371:[SURFIN,0036]P   -170mbar
1729023372:[SURFIN,0020]filling external bladder
1729023374:[PUMP  ,0016]pump during 30000ms
1729023403:[PUMP  ,0212]battery 13720mV, 1257698uA (steady state), P   -170mbar
1729023420:[PUMP  ,0016]pump during 30000ms
1729023449:[PUMP  ,0212]battery 14903mV,   13054uA (steady state), P   -170mbar
1729023466:[PUMP  ,0016]pump during 30000ms
1729023495:[PUMP  ,0212]battery 14772mV,   13176uA (steady state), P   -170mbar
1729023512:[PUMP  ,0016]pump during 30000ms
1729023528:[PUMP  ,0212]battery 14748mV,    7076uA (steady state), P   -170mbar
1729023528:[PUMP  ,0019]external bladder full
1729023589:[MAIN  ,0272]Vbat 14840mV (min 14040mV)
1729023591:[MAIN  ,0024]internal pressure 74601Pa
1729023591:[MAIN  ,0043]Pext 237mbar (rng 40mbar)
1729023591:[MAIN  ,0064]surface
1729023603:[SURF  ,0022]GPS fix...
1729023708:[SURF  ,0015]10 PPS detected...
1729023710:[MRMAID,0052]$GPSACK:+0,+0,+0,+0,+0,-1,-689849;
1729023720:[MRMAID,0052]$GPSOFF:3686331;
1729023722:[GPSFIX,0179]-12s diff
1729023734:[SURF  ,0222]2024-10-15T20:22:14
1729023734:[SURF  ,0082]N29deg13.419mn, E137deg19.593mn
1729023734:[SURF  ,0084]hdop 1.730, vdop 2.660
1729023744:[SURF  ,0274]last almanac : 7778134
1729024699:[MRMAID,0026]17983 bytes in 0100/670ED287.MER
1729024704:[MAIN  ,0320]New pressure offset: 237mbar
1729024704:[SBE   ,0391]Mode changed from SLEEP to RESETOFFSET
1729024766:[SBE   ,0339]new offset = -2.02 received after 63s
1729024766:[SBE   ,0391]Mode changed from RESETOFFSET to SLEEP
1729024767:[MAIN  ,0078]*** switching to 0100/670ED2FF ***
