1721246023:[MAIN  ,0007]buoy 467.174-T-0100
1721246023:[MAIN  ,0055]soft pilotage 467.174.300_V2.67-20230503
1721246023:[MAIN  ,0010]cycle 41
1721246023:[SURF  ,0225]surface2
1721246037:[SURF  ,0022]GPS fix...
1721246057:[SURF  ,0015]10 PPS detected...
1721246058:[MRMAID,0052]$GPSACK:+0,+0,+0,+0,+0,+1,-999816;
1721246068:[MRMAID,0052]$GPSOFF:3686330;
1721246071:[GPSFIX,0179]+0s diff
1721246071:[SURF  ,0222]2024-07-17T19:54:31
1721246071:[SURF  ,0082]N29deg08.707mn, E138deg12.155mn
1721246071:[SURF  ,0084]hdop 0.660, vdop 1.040
1721246081:[SURF  ,0025]Iridium...
1721246281:[SURF  ,0023]<WARN>failed to connect #1, code -8, net 1, qual 5, dial 1
1721246332:[SURF  ,0009]connected in 251s, signal quality 4
1721246808:[SURF  ,0218]prompt received, remote cmd end
1721246808:[SURF  ,0012]138 cmd(s) received
1721246830:[UPLOAD,0248]Upload data files...
1721246879:[UPLOAD,0231]"0100/6697B74F.S61" uploaded at 76bytes/s
1721247233:[SURF  ,0014]disconnected after 1152s
1721247238:[SURFIN,0020]filling external bladder
1721247240:[PUMP  ,0016]pump during 30000ms
1721247242:[PUMP  ,0019]external bladder full
1721247242:[SURF  ,0069]transfer interrupted , retry
1721247253:[SURF  ,0022]GPS fix...
1721247273:[SURF  ,0015]10 PPS detected...
1721247274:[MRMAID,0052]$GPSACK:+0,+0,+0,+0,+0,+1,-999755;
1721247284:[MRMAID,0052]$GPSOFF:3686329;
1721247286:[GPSFIX,0179]-1s diff
1721247287:[SURF  ,0222]2024-07-17T20:14:47
1721247287:[SURF  ,0082]N29deg08.696mn, E138deg12.262mn
1721247287:[SURF  ,0084]hdop 0.580, vdop 0.790
1721247297:[SURF  ,0025]Iridium...
1721247504:[SURF  ,0023]<WARN>failed to connect #1, code -8, net 1, qual 1, dial 1
1721247724:[SURF  ,0023]<WARN>failed to connect #2, code -8, net 1, qual 4, dial 1
1721247939:[SURF  ,0023]<WARN>failed to connect #3, code -8, net 1, qual 5, dial 1
1721247992:[SURF  ,0009]connected in 695s, signal quality 5
1721248053:[SURF  ,0071]<WARN>timeout
1721248053:[SURF  ,0056]<WARN>peer mute
1721248063:[SURF  ,0014]disconnected after 766s
1721248068:[SURFIN,0020]filling external bladder
1721248069:[PUMP  ,0016]pump during 30000ms
1721248071:[PUMP  ,0019]external bladder full
1721248071:[SURF  ,0069]transfer interrupted , retry
1721248083:[SURF  ,0022]GPS fix...
1721248103:[SURF  ,0015]10 PPS detected...
1721248104:[MRMAID,0052]$GPSACK:+0,+0,+0,+0,+0,+1,-999847;
1721248114:[MRMAID,0052]$GPSOFF:3686328;
1721248116:[GPSFIX,0179]-1s diff
1721248117:[SURF  ,0222]2024-07-17T20:28:37
1721248117:[SURF  ,0082]N29deg08.702mn, E138deg12.340mn
1721248117:[SURF  ,0084]hdop 0.610, vdop 0.790
1721248127:[SURF  ,0025]Iridium...
1721248342:[SURF  ,0023]<WARN>failed to connect #1, code -8, net 1, qual 5, dial 1
1721248572:[SURF  ,0023]<WARN>failed to connect #2, code -8, net 1, qual 2, dial 1
1721248644:[SURF  ,0009]connected in 517s, signal quality 4
1721249039:[SURF  ,0218]prompt received, remote cmd end
1721249039:[SURF  ,0012]165 cmd(s) received
1721249061:[UPLOAD,0248]Upload data files...
1721249314:[SURF  ,0014]disconnected after 1187s
1721249319:[SURFIN,0020]filling external bladder
1721249320:[PUMP  ,0019]external bladder full
1721249320:[SURF  ,0069]transfer interrupted , retry
1721249331:[SURF  ,0022]GPS fix...
1721249351:[SURF  ,0015]10 PPS detected...
1721249352:[MRMAID,0052]$GPSACK:+0,+0,+0,+0,+0,+1,-999908;
1721249362:[MRMAID,0052]$GPSOFF:3686327;
1721249364:[GPSFIX,0179]-1s diff
1721249365:[SURF  ,0222]2024-07-17T20:49:25
1721249365:[SURF  ,0082]N29deg08.730mn, E138deg12.453mn
1721249365:[SURF  ,0084]hdop 0.620, vdop 0.840
1721249375:[SURF  ,0025]Iridium...
1721249375:[MODEM ,0347]<ERR>ping error
1721249375:[SURF  ,0023]<WARN>failed to connect #1, code -1, net -1, qual -1, dial -1
1721249429:[SURF  ,0009]connected in 54s, signal quality 4
1721249660:[SURF  ,0218]prompt received, remote cmd end
1721249660:[SURF  ,0012]58 cmd(s) received
1721249681:[UPLOAD,0248]Upload data files...
1721249879:[SURF  ,0014]disconnected after 504s
1721249884:[SURFIN,0020]filling external bladder
1721249885:[PUMP  ,0019]external bladder full
1721249885:[SURF  ,0069]transfer interrupted , retry
1721249897:[SURF  ,0022]GPS fix...
1721249917:[SURF  ,0015]10 PPS detected...
1721249918:[MRMAID,0052]$GPSACK:+0,+0,+0,+0,+0,+0,+0;
1721249928:[MRMAID,0052]$GPSOFF:3686327;
1721249930:[GPSFIX,0179]+0s diff
1721249930:[SURF  ,0222]2024-07-17T20:58:50
1721249930:[SURF  ,0082]N29deg08.739mn, E138deg12.505mn
1721249930:[SURF  ,0084]hdop 0.620, vdop 0.870
1721249940:[SURF  ,0025]Iridium...
1721249979:[SURF  ,0009]connected in 39s, signal quality 5
1721250083:[SURF  ,0218]prompt received, remote cmd end
1721250083:[SURF  ,0012]21 cmd(s) received
1721250106:[UPLOAD,0248]Upload data files...
1721251502:[SURF  ,0014]disconnected after 1562s
1721251507:[SURFIN,0020]filling external bladder
1721251509:[PUMP  ,0019]external bladder full
1721251509:[SURF  ,0069]transfer interrupted , retry
1721251520:[SURF  ,0022]GPS fix...
1721251540:[SURF  ,0015]10 PPS detected...
1721251541:[MRMAID,0052]$GPSACK:+0,+0,+0,+0,+0,+1,-999725;
1721251551:[MRMAID,0052]$GPSOFF:3686326;
1721251553:[GPSFIX,0179]-1s diff
1721251554:[SURF  ,0222]2024-07-17T21:25:54
1721251554:[SURF  ,0082]N29deg08.750mn, E138deg12.713mn
1721251554:[SURF  ,0084]hdop 0.560, vdop 0.800
1721251564:[SURF  ,0025]Iridium...
1721251765:[SURF  ,0023]<WARN>failed to connect #1, code -8, net 1, qual 5, dial 1
1721251773:[MODEM ,0347]<ERR>ping error
1721251773:[SURF  ,0023]<WARN>failed to connect #2, code -1, net -1, qual -1, dial -1
1721251832:[SURF  ,0009]connected in 268s, signal quality 3
1721251958:[SURF  ,0218]prompt received, remote cmd end
1721251958:[SURF  ,0012]21 cmd(s) received
1721251980:[UPLOAD,0248]Upload data files...
1721252446:[SURF  ,0014]disconnected after 882s
1721252451:[SURFIN,0020]filling external bladder
1721252452:[PUMP  ,0019]external bladder full
1721252452:[SURF  ,0069]transfer interrupted , retry
1721252464:[SURF  ,0022]GPS fix...
1721252484:[SURF  ,0015]10 PPS detected...
1721252485:[MRMAID,0052]$GPSACK:+0,+0,+0,+0,+0,+0,+0;
1721252495:[MRMAID,0052]$GPSOFF:3686326;
1721252497:[GPSFIX,0179]-1s diff
1721252498:[SURF  ,0222]2024-07-17T21:41:38
1721252498:[SURF  ,0082]N29deg08.756mn, E138deg12.867mn
1721252498:[SURF  ,0084]hdop 0.530, vdop 0.870
1721252508:[SURF  ,0025]Iridium...
1721252554:[SURF  ,0009]connected in 46s, signal quality 5
1721252729:[SURF  ,0218]prompt received, remote cmd end
1721252730:[SURF  ,0012]21 cmd(s) received
1721252753:[UPLOAD,0248]Upload data files...
1721253285:[SURF  ,0014]disconnected after 777s
1721253290:[SURFIN,0020]filling external bladder
1721253291:[PUMP  ,0019]external bladder full
1721253291:[SURF  ,0069]transfer interrupted , retry
1721253303:[SURF  ,0022]GPS fix...
1721253303:[GPSFIX,0123]<WARN>GPRMC ms=500 #1
1721253323:[SURF  ,0015]10 PPS detected...
1721253324:[MRMAID,0052]$GPSACK:+0,+0,+0,+0,+0,+1,-999908;
1721253334:[MRMAID,0052]$GPSOFF:3686325;
1721253336:[GPSFIX,0179]-1s diff
1721253337:[SURF  ,0222]2024-07-17T21:55:37
1721253337:[SURF  ,0082]N29deg08.756mn, E138deg13.024mn
1721253337:[SURF  ,0084]hdop 0.520, vdop 0.840
1721253347:[SURF  ,0025]Iridium...
1721253387:[SURF  ,0009]connected in 40s, signal quality 5
1721253509:[SURF  ,0218]prompt received, remote cmd end
1721253509:[SURF  ,0012]22 cmd(s) received
1721253531:[UPLOAD,0248]Upload data files...
1721254210:[SURF  ,0014]disconnected after 863s
1721254215:[SURFIN,0020]filling external bladder
1721254216:[PUMP  ,0019]external bladder full
1721254216:[SURF  ,0069]transfer interrupted , retry
1721254228:[SURF  ,0022]GPS fix...
1721254248:[SURF  ,0015]10 PPS detected...
1721254249:[MRMAID,0052]$GPSACK:+0,+0,+0,+0,+0,+0,-61;
1721254259:[MRMAID,0052]$GPSOFF:3686325;
1721254261:[GPSFIX,0179]-1s diff
1721254262:[SURF  ,0222]2024-07-17T22:11:02
1721254262:[SURF  ,0082]N29deg08.717mn, E138deg13.198mn
1721254262:[SURF  ,0084]hdop 0.580, vdop 1.030
1721254272:[SURF  ,0025]Iridium...
1721254318:[SURF  ,0009]connected in 46s, signal quality 5
1721254697:[SURF  ,0071]<WARN>timeout
1721254697:[SURF  ,0056]<WARN>peer mute
1721254702:[SURF  ,0014]disconnected after 430s
1721254707:[SURFIN,0020]filling external bladder
1721254708:[PUMP  ,0019]external bladder full
1721254708:[SURF  ,0069]transfer interrupted , retry
1721254719:[SURF  ,0022]GPS fix...
1721254739:[SURF  ,0015]10 PPS detected...
1721254740:[MRMAID,0052]$GPSACK:+0,+0,+0,+0,+0,+0,+0;
1721254750:[MRMAID,0052]$GPSOFF:3686325;
1721254752:[GPSFIX,0179]-1s diff
1721254753:[SURF  ,0222]2024-07-17T22:19:13
1721254753:[SURF  ,0082]N29deg08.701mn, E138deg13.283mn
1721254753:[SURF  ,0084]hdop 0.550, vdop 0.870
1721254763:[SURF  ,0025]Iridium...
1721254797:[SURF  ,0009]connected in 34s, signal quality 5
1721255010:[SURF  ,0218]prompt received, remote cmd end
1721255010:[SURF  ,0012]74 cmd(s) received
1721255037:[UPLOAD,0248]Upload data files...
1721255243:[UPLOAD,0231]"0100/66981FAF.MER" uploaded at 61bytes/s
1721255423:[SURF  ,0014]disconnected after 660s
1721255428:[SURFIN,0020]filling external bladder
1721255429:[PUMP  ,0019]external bladder full
1721255429:[SURF  ,0069]transfer interrupted , retry
1721255440:[SURF  ,0022]GPS fix...
1721255441:[GPSFIX,0123]<WARN>GPRMC ms=500 #1
1721255461:[SURF  ,0015]10 PPS detected...
1721255462:[MRMAID,0052]$GPSACK:+0,+0,+0,+0,+0,+1,-999938;
1721255472:[MRMAID,0052]$GPSOFF:3686324;
1721255474:[GPSFIX,0179]+0s diff
1721255474:[SURF  ,0222]2024-07-17T22:31:14
1721255474:[SURF  ,0082]N29deg08.675mn, E138deg13.416mn
1721255474:[SURF  ,0084]hdop 0.550, vdop 0.870
1721255484:[SURF  ,0025]Iridium...
1721255686:[SURF  ,0023]<WARN>failed to connect #1, code -8, net 1, qual 4, dial 1
1721255905:[SURF  ,0023]<WARN>failed to connect #2, code -8, net 1, qual 5, dial 1
1721255953:[SURF  ,0009]connected in 469s, signal quality 5
1721256072:[SURF  ,0218]prompt received, remote cmd end
1721256072:[SURF  ,0012]27 cmd(s) received
1721256099:[UPLOAD,0248]Upload data files...
1721256295:[SURF  ,0014]disconnected after 811s
1721256300:[SURFIN,0020]filling external bladder
1721256301:[PUMP  ,0019]external bladder full
1721256301:[SURF  ,0069]transfer interrupted , retry
1721256312:[SURF  ,0022]GPS fix...
1721256332:[SURF  ,0015]10 PPS detected...
1721256333:[MRMAID,0052]$GPSACK:+0,+0,+0,+0,+0,+0,-91;
1721256343:[MRMAID,0052]$GPSOFF:3686324;
1721256345:[GPSFIX,0179]-1s diff
1721256346:[SURF  ,0222]2024-07-17T22:45:46
1721256346:[SURF  ,0082]N29deg08.636mn, E138deg13.569mn
1721256346:[SURF  ,0084]hdop 0.650, vdop 0.950
1721256356:[SURF  ,0025]Iridium...
1721256553:[SURF  ,0023]<WARN>failed to connect #1, code -8, net 1, qual 5, dial 1
1721256611:[SURF  ,0009]connected in 255s, signal quality 5
1721256783:[SURF  ,0218]prompt received, remote cmd end
1721256783:[SURF  ,0012]37 cmd(s) received
1721256805:[UPLOAD,0248]Upload data files...
1721256914:[SURF  ,0014]disconnected after 558s
1721256919:[SURFIN,0020]filling external bladder
1721256921:[PUMP  ,0016]pump during 30000ms
1721256922:[PUMP  ,0019]external bladder full
1721256922:[SURF  ,0069]transfer interrupted , retry
1721256933:[SURF  ,0022]GPS fix...
1721256953:[SURF  ,0015]10 PPS detected...
1721256954:[MRMAID,0052]$GPSACK:+0,+0,+0,+0,+0,+0,-30;
1721256964:[MRMAID,0052]$GPSOFF:3686324;
1721256966:[GPSFIX,0179]-1s diff
1721256967:[SURF  ,0222]2024-07-17T22:56:07
1721256967:[SURF  ,0082]N29deg08.593mn, E138deg13.674mn
1721256967:[SURF  ,0084]hdop 0.580, vdop 0.850
1721256977:[SURF  ,0025]Iridium...
1721257020:[SURF  ,0009]connected in 43s, signal quality 5
1721257167:[SURF  ,0218]prompt received, remote cmd end
1721257167:[SURF  ,0012]26 cmd(s) received
1721257183:[UPLOAD,0248]Upload data files...
1721257188:[UPLOAD,0131]<ERR>opening upload
1721257188:[UPLOAD,0132]<ERR>opening upload "0100"
1721257209:[SURF  ,0014]disconnected after 232s
1721257214:[SURFIN,0020]filling external bladder
1721257216:[PUMP  ,0019]external bladder full
1721257216:[SURF  ,0069]transfer interrupted , retry
1721257227:[SURF  ,0022]GPS fix...
1721257247:[SURF  ,0015]10 PPS detected...
1721257248:[MRMAID,0052]$GPSACK:+0,+0,+0,+0,+0,+0,-30;
1721257258:[MRMAID,0052]$GPSOFF:3686324;
1721257260:[GPSFIX,0179]-1s diff
1721257261:[SURF  ,0222]2024-07-17T23:01:01
1721257261:[SURF  ,0082]N29deg08.577mn, E138deg13.728mn
1721257261:[SURF  ,0084]hdop 0.540, vdop 0.860
1721257271:[SURF  ,0025]Iridium...
1721257303:[SURF  ,0009]connected in 32s, signal quality 5
1721257434:[SURF  ,0218]prompt received, remote cmd end
1721257434:[SURF  ,0012]22 cmd(s) received
1721257454:[UPLOAD,0248]Upload data files...
1721258041:[SURF  ,0014]disconnected after 770s
1721258046:[SURFIN,0020]filling external bladder
1721258047:[PUMP  ,0019]external bladder full
1721258047:[SURF  ,0069]transfer interrupted , retry
1721258059:[SURF  ,0022]GPS fix...
1721258079:[SURF  ,0015]10 PPS detected...
1721258080:[MRMAID,0052]$GPSACK:+0,+0,+0,+0,+0,+0,+0;
1721258090:[MRMAID,0052]$GPSOFF:3686324;
1721258092:[GPSFIX,0179]-1s diff
1721258093:[SURF  ,0222]2024-07-17T23:14:53
1721258093:[SURF  ,0082]N29deg08.536mn, E138deg13.902mn
1721258093:[SURF  ,0084]hdop 0.530, vdop 0.890
1721258103:[SURF  ,0025]Iridium...
1721258103:[MODEM ,0347]<ERR>ping error
1721258103:[SURF  ,0023]<WARN>failed to connect #1, code -1, net -1, qual -1, dial -1
1721258167:[SURF  ,0009]connected in 64s, signal quality 3
1721258282:[SURF  ,0218]prompt received, remote cmd end
1721258282:[SURF  ,0012]21 cmd(s) received
1721258299:[UPLOAD,0248]Upload data files...
1721258358:[ZIO   ,0240]"NO CARRIER" received, aborting
1721258379:[SURF  ,0014]disconnected after 276s
1721258384:[SURFIN,0020]filling external bladder
1721258385:[PUMP  ,0019]external bladder full
1721258385:[SURF  ,0069]transfer interrupted , retry
1721258397:[SURF  ,0022]GPS fix...
1721258417:[SURF  ,0015]10 PPS detected...
1721258418:[MRMAID,0052]$GPSACK:+0,+0,+0,+0,+0,+0,+0;
1721258428:[MRMAID,0052]$GPSOFF:3686324;
1721258430:[GPSFIX,0179]-1s diff
1721258431:[SURF  ,0222]2024-07-17T23:20:31
1721258431:[SURF  ,0082]N29deg08.523mn, E138deg13.984mn
1721258431:[SURF  ,0084]hdop 0.540, vdop 0.920
1721258441:[SURF  ,0025]Iridium...
1721258641:[SURF  ,0023]<WARN>failed to connect #1, code -8, net 1, qual 5, dial 1
1721258690:[SURF  ,0009]connected in 249s, signal quality 5
1721258792:[SURF  ,0218]prompt received, remote cmd end
1721258792:[SURF  ,0012]21 cmd(s) received
1721258814:[UPLOAD,0248]Upload data files...
1721258961:[UPLOAD,0231]"0100/668AED81.BIN" uploaded at 140bytes/s
1721258977:[MAIN  ,0013]1 file(s) uploaded
1721259010:[SURF  ,0014]disconnected after 569s
1721259015:[SURF  ,0227]1st complete transfer
1721259015:[SURF  ,0226]Go dive
1721259027:[SURF  ,0022]GPS fix...
1721259047:[SURF  ,0015]10 PPS detected...
1721259048:[MRMAID,0052]$GPSACK:+0,+0,+0,+0,+0,+0,+0;
1721259058:[MRMAID,0052]$GPSOFF:3686324;
1721259060:[GPSFIX,0179]-1s diff
1721259061:[SURF  ,0222]2024-07-17T23:31:01
1721259061:[SURF  ,0082]N29deg08.506mn, E138deg14.123mn
1721259061:[SURF  ,0084]hdop 0.530, vdop 0.860
1721259078:[MAIN  ,0024]internal pressure 80252Pa
1721259079:[BYCMD ,0120]    bypass 20000ms 120000ms (20000ms 60000ms stored)
1721259079:[BYCMD ,0121]    valve 60000ms 12750 (60000ms 12750 stored)
1721259079:[BYCMD ,0376]    pump 60000ms 2832 8320 418 (60000ms 2832 8320 418 stored)
1721259079:[BYCMD ,0123]    rate 2mbar/s (2mbar/s stored)
1721259079:[BYCMD ,0124]    surface 500mbar (500mbar stored)
1721259079:[BYCMD ,0173]    near 7000mbar 2:2:3mbar/s (15000mbar 2:2:3mbar/s stored)
1721259079:[BYCMD ,0380]    middle 6mbar/s (6mbar/s stored)
1721259079:[BYCMD ,0126]    far 25000mbar 9mbar/s (25000mbar 9mbar/s stored)
1721259079:[BYCMD ,0127]    ascent 10mbar/s (10mbar/s stored)
1721259079:[BYCMD ,0128]    dead 300s (300s stored)
1721259079:[BYCMD ,0129]    coeff 16/10 (16/10 stored)
1721259079:[BYCMD ,0130]    stab 10 (10 stored)
1721259079:[BYCMD ,0131]    delay 900s 18000s (900s 3600s stored)
1721259079:[BYCMD ,0132]    mmtime 14400min (2880min stored)
1721259079:[BYCMD ,0133]    dv_landing 100ml (100ml stored)
1721259079:[BYCMD ,0381]    landing confirmation 5 (5 stored)
1721259079:[BYCMD ,0379]    cycle nb 1 (1 stored)
1721259079:[P2TCMD,0150]    p2t37: 15x2000ms, offset 193mbar
1721259080:[P2TCMD,0151]    p2t37: dp 5000mbar, dt 1000000mdegC
1721259080:[STAGE ,0080]Stage [0] 200000mbar (+/-5000mbar) 25200s (<25200s) 
1721259080:[STAGE ,0080]Stage [1] 200000mbar (+/-5000mbar) 788400s (<813600s) MERMAID SBE61 
1721259080:[PROFIL,0302]    manual_profil=1
1721259080:[PROFIL,0303]    manual_profil_rate=1 hours
1721259080:[STAGE ,0080]Stage [2] 250000mbar (+/-5000mbar) 14400s (<828000s) 
1721259080:[STAGE ,0091]Stage [3] surfacing 36000s (<864000s) SBE61 
1721259080:[PROFIL,0284]    speed_detection=1
1721259080:[PROFIL,0285]    bin_average_output=1
1721259080:[PROFIL,0287]    include_transition_bin=1
1721259080:[PROFIL,0304]    include_nbin=1
1721259080:[PROFIL,0301]    load_test_sample=0
1721259080:[PROFIL,0288]    p_cut_off=2dbar
1721259080:[PROFIL,0289]    top_bin_interval=2dbar
1721259080:[PROFIL,0290]    top_bin_size=2dbar
1721259080:[PROFIL,0291]    top_bin_max=500dbar
1721259080:[PROFIL,0292]    middle_bin_interval=10dbar
1721259080:[PROFIL,0293]    middle_bin_size=10dbar
1721259080:[PROFIL,0294]    middle_bin_max=2500dbar
1721259080:[PROFIL,0295]    bottom_bin_interval=50dbar
1721259080:[PROFIL,0296]    bottom_bin_size=50dbar
1721259080:[PROFIL,0297]    pump_time=0s
1721259080:[PROFIL,0298]    speed_start=2mbar/s
1721259080:[PROFIL,0299]    speed_control=10mbar/s
1721259080:[MAIN  ,0070]turn off bluetooth
1721259108:[DIVING,0141]diving from -23mbar, +0mbar/s
1721259108:[BYPASS,0035]bypass opening 120000ms
1721259113:[BYPASS,0104]battery 14788mV,  250832uA (bypass opening), P    -23mbar
1721259238:[BYPASS,0106]battery 14778mV,  290116uA (bypass closing), P    -23mbar
1721259264:[BYPASS,0035]bypass opening 20000ms
1721259269:[BYPASS,0104]battery 14842mV,  249734uA (bypass opening), P   -173mbar
1721259295:[BYPASS,0106]battery 14778mV,  288896uA (bypass closing), P   -173mbar
1721259321:[BYPASS,0035]bypass opening 20000ms
1721259326:[BYPASS,0104]battery 14841mV,  249002uA (bypass opening), P   -153mbar
1721259351:[BYPASS,0106]battery 14780mV,  288164uA (bypass closing), P   -153mbar
1721259407:[DIVING,0028]537mbar reached (+10mbar/s), 3 bypass done
1721259408:[MAIN  ,0056]stage[0]
1721259410:[MAIN  ,0024]internal pressure 83870Pa
1721259411:[BUOY  ,0037]P   +587mbar
1721259737:[BUOY  ,0087]from +7mbar/s to +9mbar/s
1721259737:[BUOY  ,0090]need to transfer -52mL (valve during 11839ms)
1721259737:[VALVE ,0034]valve opening 11839ms
1721259749:[VALVE ,0234]battery 14582mV,  468724uA, P  +3227mbar
1721260062:[BUOY  ,0087]from +7mbar/s to +9mbar/s
1721260063:[BUOY  ,0090]need to transfer -52mL (valve during 8724ms)
1721260063:[VALVE ,0034]valve opening 8724ms
1721260071:[VALVE ,0234]battery 14580mV,  468480uA, P  +5887mbar
1721260388:[BUOY  ,0087]from +6mbar/s to +9mbar/s
1721260388:[BUOY  ,0090]need to transfer -72mL (valve during 10315ms)
1721260388:[VALVE ,0034]valve opening 10315ms
1721260398:[VALVE ,0234]battery 14576mV,  468480uA, P  +8097mbar
1721260688:[PRESS ,0038]P +11117mbar,T+32767mdegC
1721261338:[PRESS ,0038]P +17497mbar,T+32767mdegC
1721261987:[PRESS ,0038]P +23127mbar,T+32767mdegC
1721262637:[PRESS ,0038]P +29637mbar,T+32767mdegC
1721263287:[PRESS ,0038]P +35297mbar,T+32767mdegC
1721263937:[PRESS ,0038]P +40677mbar,T+32767mdegC
1721263962:[BUOY  ,0087]from +7mbar/s to +9mbar/s
1721263962:[BUOY  ,0090]need to transfer -52mL (valve during 3282ms)
1721263962:[VALVE ,0034]valve opening 3282ms
1721263965:[VALVE ,0234]battery 14451mV,  470066uA, P +40867mbar
1721264587:[PRESS ,0038]P +46927mbar,T+32767mdegC
1721265237:[PRESS ,0038]P +52977mbar,T+32767mdegC
1721265886:[PRESS ,0038]P +59007mbar,T+32767mdegC
1721266536:[PRESS ,0038]P +64687mbar,T+32767mdegC
1721267186:[PRESS ,0038]P +70997mbar,T+32767mdegC
1721267536:[BUOY  ,0087]from +7mbar/s to +9mbar/s
1721267536:[BUOY  ,0090]need to transfer -52mL (valve during 2446ms)
1721267536:[VALVE ,0034]valve opening 2446ms
1721267538:[VALVE ,0234]battery 14216mV,  469090uA, P +73857mbar
1721267836:[PRESS ,0038]P +76577mbar,T+32767mdegC
1721268486:[PRESS ,0038]P +83277mbar,T+32767mdegC
1721269136:[PRESS ,0038]P +88857mbar,T+32767mdegC
1721269785:[PRESS ,0038]P +94997mbar,T+32767mdegC
1721270435:[PRESS ,0038]P+100767mbar,T+32767mdegC
1721271085:[PRESS ,0038]P+107007mbar,T+32767mdegC
1721271735:[PRESS ,0038]P+112597mbar,T+32767mdegC
1721272385:[PRESS ,0038]P+117917mbar,T+32767mdegC
1721273034:[PRESS ,0038]P+123957mbar,T+32767mdegC
1721273684:[PRESS ,0038]P+129467mbar,T+32767mdegC
1721274334:[PRESS ,0038]P+134597mbar,T+32767mdegC
1721274984:[PRESS ,0038]P+139727mbar,T+32767mdegC
1721275008:[BUOY  ,0087]from +7mbar/s to +9mbar/s
1721275009:[BUOY  ,0090]need to transfer -52mL (valve during 1773ms)
1721275009:[VALVE ,0034]valve opening 1773ms
1721275010:[VALVE ,0234]battery 13476mV,  453840uA, P+139887mbar
1721275634:[PRESS ,0038]P+145657mbar,T+32767mdegC
1721276284:[PRESS ,0038]P+151827mbar,T+32767mdegC
1721276933:[PRESS ,0038]P+157697mbar,T+32767mdegC
1721277583:[PRESS ,0038]P+163087mbar,T+32767mdegC
1721278233:[PRESS ,0038]P+168487mbar,T+32767mdegC
1721278883:[PRESS ,0038]P+173587mbar,T+32767mdegC
1721278907:[BUOY  ,0087]from +7mbar/s to +9mbar/s
1721278907:[BUOY  ,0090]need to transfer -52mL (valve during 1594ms)
1721278908:[VALVE ,0034]valve opening 1594ms
1721278909:[VALVE ,0234]battery 13130mV,  443226uA, P+173777mbar
1721279233:[BUOY  ,0087]from +9mbar/s to +6mbar/s
1721279233:[PUMP  ,0378]Outflow calculated : 2727
1721279233:[BUOY  ,0089]need to transfer +72mL (pump during 103597ms)
1721279234:[PUMP  ,0016]pump during 60000ms
1721279293:[PUMP  ,0212]battery 13046mV,  803370uA (steady state), P+176737mbar
1721279534:[PRESS ,0038]P+179297mbar,T+32767mdegC
1721279559:[BUOY  ,0087]from +9mbar/s to +6mbar/s
1721279559:[PUMP  ,0378]Outflow calculated : 2725
1721279559:[BUOY  ,0089]need to transfer +72mL (pump during 105109ms)
1721279560:[PUMP  ,0016]pump during 60000ms
1721279619:[PUMP  ,0212]battery 13841mV,  801296uA (steady state), P+179517mbar
1721279885:[BUOY  ,0087]from +8mbar/s to +6mbar/s
1721279885:[PUMP  ,0378]Outflow calculated : 2723
1721279885:[BUOY  ,0089]need to transfer +44mL (pump during 64327ms)
1721279887:[PUMP  ,0016]pump during 60000ms
1721279946:[PUMP  ,0212]battery 13851mV,  811544uA (steady state), P+182157mbar
1721280187:[PRESS ,0038]P+184407mbar,T+32767mdegC
1721281162:[PRESS ,0038]P+191147mbar,T+32767mdegC
1721281511:[BUOY  ,0087]from +6mbar/s to +2mbar/s
1721281511:[PUMP  ,0378]Outflow calculated : 2717
1721281511:[BUOY  ,0089]need to transfer +52mL (pump during 75253ms)
1721281513:[PUMP  ,0016]pump during 60000ms
1721281572:[PUMP  ,0212]battery 13905mV,  843752uA (steady state), P+193477mbar
1721281838:[STAGE ,0213]195347mbar reached at 1721281838s, ref 200000mbar +/-5000mbar
1721281838:[BUOY  ,0087]from +5mbar/s to +0mbar/s
1721281838:[PUMP  ,0378]Outflow calculated : 2715
1721281838:[BUOY  ,0089]need to transfer +40mL (pump during 58565ms)
1721281839:[PUMP  ,0016]pump during 58565ms
1721281897:[PUMP  ,0212]battery 13846mV,  855830uA (steady state), P+195347mbar
1721282139:[PRESS ,0038]P+196637mbar,T+32767mdegC
1721282164:[BUOY  ,0087]from +5mbar/s to +0mbar/s
1721282164:[PUMP  ,0378]Outflow calculated : 2714
1721282164:[BUOY  ,0089]need to transfer +40mL (pump during 58565ms)
1721282165:[PUMP  ,0016]pump during 58565ms
1721282223:[PUMP  ,0212]battery 13836mV,  858514uA (steady state), P+196767mbar
1721282491:[BUOY  ,0087]from +3mbar/s to +0mbar/s
1721282491:[PUMP  ,0378]Outflow calculated : 2714
1721282491:[BUOY  ,0089]need to transfer +14mL (pump during 20588ms)
1721282492:[PUMP  ,0016]pump during 20588ms
1721282512:[PUMP  ,0212]battery 13831mV,  859246uA (steady state), P+197497mbar
1721282817:[BUOY  ,0087]from -1mbar/s to +0mbar/s
1721282817:[BUOY  ,0090]need to transfer -2mL (valve during 57ms)
1721282817:[VALVE ,0034]valve opening 57ms
1721284643:[MAIN  ,0140]stage[0] complete 25236s after mission start
1721284643:[MAIN  ,0056]stage[1]
1721284645:[MAIN  ,0024]internal pressure 77554Pa
1721284646:[MRMAID,0002]acq started
1721284647:[SBE   ,0391]Mode changed from SLEEP to UPDATE
1721284647:[BUOY  ,0037]P+199937mbar
1721284649:[STAGE ,0213]199957mbar reached at 1721284649s, ref 200000mbar +/-5000mbar
1721284651:[SBE   ,0391]Mode changed from UPDATE to START
1721284651:[SBE   ,0385]Start manual acquisitions
1721284651:[SBE   ,0391]Mode changed from START to PROFILING
1721284685:[SBE61 ,0396]P +20029,T +19832,S +34581
1721284696:[MRMAID,0184]acq already started
1721284700:[MRMAID,0059]stop canceled
1721284949:[BUOY  ,0087]from +1mbar/s to +0mbar/s
1721284949:[PUMP  ,0378]Outflow calculated : 2713
1721284949:[BUOY  ,0089]need to transfer +2mL (pump during 2902ms)
1721284949:[MRMAID,0003]acq stopped
1721284951:[PUMP  ,0016]pump during 2902ms
1721284955:[MRMAID,0002]acq started
1721288259:[MRMAID,0003]acq stopped
1721288259:[MRMAID,0052]$MEASFS,130084,3250.953949,40.014101;
1721288294:[SBE61 ,0396]P +20065,T +19791,S +34582
1721288295:[MRMAID,0002]acq started
1721288873:[MRMAID,0027]2006dbar, 33degC
1721289001:[MRMAID,0005]ascent request rejected
1721290079:[PRESS ,0038]P+201657mbar,T+32767mdegC
1721290379:[BUOY  ,0087]from +1mbar/s to +0mbar/s
1721290379:[PUMP  ,0378]Outflow calculated : 2712
1721290379:[BUOY  ,0089]need to transfer +2mL (pump during 2905ms)
1721290379:[MRMAID,0003]acq stopped
1721290379:[MRMAID,0185]28 spurious byte(s) received
1721290381:[PUMP  ,0016]pump during 2905ms
1721290385:[MRMAID,0002]acq started
1721291868:[MRMAID,0052]$MEASFS,57225,1430.119812,40.014130;
1721291871:[MRMAID,0003]acq stopped
1721291904:[SBE61 ,0396]P +20051,T +19788,S +34581
1721291905:[MRMAID,0002]acq started
1721295468:[MRMAID,0052]$STO$MEASFS,140438,3509.709106,40.014142;
1721295471:[MRMAID,0185]8 spurious byte(s) received
1721295503:[SBE61 ,0396]P +20142,T +19758,S +34582
1721295505:[MRMAID,0002]acq started
1721299068:[MRMAID,0003]acq stopped
1721299068:[MRMAID,0052]$MEASFS,140445,3509.882873,40.014156;
1721299103:[SBE61 ,0396]P +20158,T +19743,S +34581
1721299104:[MRMAID,0002]acq started
1721300927:[MRMAID,0027]2016dbar, 33degC
1721301128:[MRMAID,0005]ascent request rejected
1721302677:[MRMAID,0003]acq stopped
1721302677:[MRMAID,0052]$MEASFS,140840,3519.753448,40.014166;
1721302713:[SBE61 ,0396]P +20175,T +19709,S +34582
1721302714:[MRMAID,0002]acq started
1721306277:[MRMAID,0003]acq stopped
1721306277:[MRMAID,0052]$MEASFS,140441,3509.781281,40.014174;
1721306312:[SBE61 ,0396]P +20287,T +19748,S +34582
1721306314:[MRMAID,0002]acq started
1721309266:[MRMAID,0027]2020dbar, 33degC
1721309887:[MRMAID,0003]acq stopped
1721309887:[MRMAID,0052]$MEASFS,140838,3519.702270,40.014180;
1721309922:[SBE61 ,0396]P +20269,T +19693,S +34583
1721309923:[MRMAID,0002]acq started
1721313486:[MRMAID,0003]acq stopped
1721313486:[MRMAID,0052]$MEASFS,140441,3509.780365,40.014185;
1721313522:[SBE61 ,0396]P +20324,T +19689,S +34584
1721313523:[MRMAID,0002]acq started
1721317086:[MRMAID,0003]acq stopped
1721317086:[MRMAID,0052]$MEASFS,140441,3509.780030,40.014189;
1721317121:[SBE61 ,0396]P +20345,T +19751,S +34581
1721317122:[MRMAID,0002]acq started
1721320695:[MRMAID,0003]acq stopped
1721320695:[MRMAID,0052]$MEASFS,140839,3519.726257,40.014191;
1721320731:[SBE61 ,0396]P +20248,T +19678,S +34583
1721320732:[MRMAID,0002]acq started
1721324295:[MRMAID,0003]acq stopped
1721324295:[MRMAID,0052]$MEASFS,140440,3509.754578,40.014194;
1721324323:[BUOY  ,0087]from +1mbar/s to +0mbar/s
1721324323:[PUMP  ,0378]Outflow calculated : 2710
1721324323:[BUOY  ,0089]need to transfer +2mL (pump during 2923ms)
1721324324:[PUMP  ,0016]pump during 2923ms
1721324330:[SBE61 ,0396]P +20452,T +19569,S +34584
1721324332:[MRMAID,0002]acq started
1721327895:[MRMAID,0003]acq stopped
1721327895:[MRMAID,0052]$MEASFS,140440,3509.754455,40.014195;
1721327930:[SBE61 ,0396]P +20242,T +19644,S +34583
1721327931:[MRMAID,0002]acq started
1721331504:[MRMAID,0003]acq stopped
1721331507:[MRMAID,0185]1 spurious byte(s) received
1721331540:[SBE61 ,0396]P +20246,T +19539,S +34585
1721331541:[MRMAID,0002]acq started
1721335104:[MRMAID,0003]acq stopped
1721335104:[MRMAID,0052]$MEASFS,140442,3509.804199,40.014198;
1721335139:[SBE61 ,0396]P +20314,T +19426,S +34586
1721335141:[MRMAID,0002]acq started
1721336655:[BUOY  ,0087]from +1mbar/s to +0mbar/s
1721336655:[PUMP  ,0378]Outflow calculated : 2711
1721336655:[BUOY  ,0089]need to transfer +2mL (pump during 2925ms)
1721336655:[MRMAID,0052]$STOPACK$MEASFS,58465,1461.106354,40.014199;
1721336657:[PUMP  ,0016]pump during 2925ms
1721336658:[MRMAID,0185]4 spurious byte(s) received
1721336661:[MRMAID,0002]acq started
1721338704:[MRMAID,0003]acq stopped
1721338704:[MRMAID,0052]$MEASFS,79613,1989.618744,40.014199;
1721338739:[SBE61 ,0396]P +20245,T +19546,S +34585
1721338740:[MRMAID,0002]acq started
1721342313:[MRMAID,0003]acq stopped
1721342313:[MRMAID,0052]$MEASFS,140840,3519.750519,40.014200;
1721342349:[SBE61 ,0396]P +20256,T +19484,S +34586
1721342350:[MRMAID,0002]acq started
1721345913:[MRMAID,0003]acq stopped
1721345913:[MRMAID,0052]$MEASFS,140441,3509.779022,40.014200;
1721345948:[SBE61 ,0396]P +20165,T +19436,S +34586
1721345950:[MRMAID,0002]acq started
1721349522:[MRMAID,0003]acq stopped
1721349523:[MRMAID,0052]$MEASFS,140840,3519.750427,40.014201;
1721349558:[SBE61 ,0396]P +20182,T +19408,S +34587
1721349559:[MRMAID,0002]acq started
1721353122:[MRMAID,0003]acq stopped
1721353122:[MRMAID,0052]$MEASFS,140441,3509.778931,40.014201;
1721353158:[SBE61 ,0396]P +20259,T +19289,S +34588
1721353159:[MRMAID,0002]acq started
1721354691:[BUOY  ,0087]from +1mbar/s to +0mbar/s
1721354691:[PUMP  ,0378]Outflow calculated : 2711
1721354691:[BUOY  ,0089]need to transfer +2mL (pump during 2925ms)
1721354691:[MRMAID,0003]acq stopped
1721354691:[MRMAID,0052]$MEASFS,59192,1479.274811,40.014201;
1721354693:[PUMP  ,0016]pump during 2925ms
1721354697:[MRMAID,0002]acq started
1721355033:[MRMAID,0027]2027dbar, 33degC
1721355206:[MRMAID,0005]ascent request rejected
1721356722:[MRMAID,0003]acq stopped
1721356722:[MRMAID,0052]$MEASFS,78903,1971.874909,40.014202;
1721356757:[SBE61 ,0396]P +20177,T +19367,S +34587
1721356758:[MRMAID,0002]acq started
1721360331:[MRMAID,0003]acq stopped
1721360331:[MRMAID,0052]$MEASFS,140840,3519.750336,40.014202;
1721360367:[SBE61 ,0396]P +20160,T +19389,S +34586
1721360368:[MRMAID,0002]acq started
1721363931:[MRMAID,0003]acq stopped
1721363931:[MRMAID,0052]$MEASFS,140440,3509.753876,40.014202;
1721363966:[SBE61 ,0396]P +20319,T +19403,S +34586
1721363968:[MRMAID,0002]acq started
1721364623:[BUOY  ,0087]from +1mbar/s to +0mbar/s
1721364623:[PUMP  ,0378]Outflow calculated : 2711
1721364623:[BUOY  ,0089]need to transfer +2mL (pump during 2926ms)
1721364623:[MRMAID,0003]acq stopped
1721364623:[MRMAID,0185]19 spurious byte(s) received
1721364624:[PUMP  ,0016]pump during 2926ms
1721364629:[MRMAID,0002]acq started
1721367531:[MRMAID,0003]acq stopped
1721367531:[MRMAID,0052]$MEASFS,113995,2848.863526,40.014202;
1721367566:[SBE61 ,0396]P +20196,T +19560,S +34584
1721367567:[MRMAID,0002]acq started
1721371140:[MRMAID,0003]acq stopped
1721371140:[MRMAID,0052]$MEASFS,140841,3519.775268,40.014202;
1721371176:[SBE61 ,0396]P +20322,T +19684,S +34582
1721371177:[MRMAID,0002]acq started
1721374740:[MRMAID,0003]acq stopped
1721374740:[MRMAID,0052]$MEASFS,140441,3509.778839,40.014202;
1721374775:[SBE61 ,0396]P +20199,T +19770,S +34581
1721374776:[MRMAID,0002]acq started
1721378349:[MRMAID,0003]acq stopped
1721378350:[MRMAID,0052]$MEASFS,140841,3519.775299,40.014202;
1721378385:[SBE61 ,0396]P +20189,T +19833,S +34580
1721378386:[MRMAID,0002]acq started
1721381949:[MRMAID,0003]acq stopped
1721381949:[MRMAID,0052]$MEASFS,140441,3509.778839,40.014202;
1721381985:[SBE61 ,0396]P +20197,T +19897,S +34580
1721381986:[MRMAID,0002]acq started
1721385549:[MRMAID,0003]acq stopped
1721385549:[MRMAID,0052]$MEASFS,140441,3509.778869,40.014202;
1721385584:[SBE61 ,0396]P +20217,T +19828,S +34580
1721385585:[MRMAID,0002]acq started
1721389158:[MRMAID,0003]acq stopped
1721389158:[MRMAID,0052]$MEASFS,140843,3519.825318,40.014202;
1721389194:[SBE61 ,0396]P +20125,T +19828,S +34580
1721389195:[MRMAID,0002]acq started
1721392758:[MRMAID,0003]acq stopped
1721392758:[MRMAID,0052]$MEASFS,140440,3509.753876,40.014202;
1721392793:[SBE61 ,0396]P +20125,T +19772,S +34581
1721392795:[MRMAID,0002]acq started
1721396358:[MRMAID,0003]acq stopped
1721396358:[MRMAID,0052]$MEASFS,140440,3509.753875,40.014202;
1721396393:[SBE61 ,0396]P +20195,T +19768,S +34581
1721396394:[MRMAID,0002]acq started
1721399967:[MRMAID,0003]acq stopped
1721399967:[MRMAID,0052]$MEASFS,140839,3519.725342,40.014202;
1721400003:[SBE61 ,0396]P +20096,T +19668,S +34583
1721400004:[MRMAID,0002]acq started
1721403567:[MRMAID,0003]acq stopped
1721403567:[MRMAID,0052]$MEASFS,140442,3509.803863,40.014202;
1721403602:[SBE61 ,0396]P +20136,T +19622,S +34584
1721403604:[MRMAID,0002]acq started
1721407177:[MRMAID,0052]$STOPACK:$MEASFS,140840,3519.750336,40.014202;
1721407179:[MRMAID,0185]3 spurious byte(s) received
1721407212:[SBE61 ,0396]P +20187,T +19491,S +34585
1721407213:[MRMAID,0002]acq started
1721410776:[MRMAID,0003]acq stopped
1721410776:[MRMAID,0052]$MEASFS,140441,3509.778839,40.014202;
1721410812:[SBE61 ,0396]P +20213,T +19537,S +34585
1721410813:[MRMAID,0002]acq started
1721414376:[MRMAID,0003]acq stopped
1721414376:[MRMAID,0052]$MEASFS,140441,3509.778839,40.014202;
1721414411:[SBE61 ,0396]P +20203,T +19549,S +34585
1721414412:[MRMAID,0002]acq started
1721417985:[MRMAID,0003]acq stopped
1721418021:[SBE61 ,0396]P +20232,T +19494,S +34585
1721418022:[MRMAID,0002]acq started
1721421585:[MRMAID,0003]acq stopped
1721421585:[MRMAID,0052]$MEASFS,140441,3509.778839,40.014202;
1721421620:[SBE61 ,0396]P +20208,T +19465,S +34586
1721421622:[MRMAID,0002]acq started
1721425185:[MRMAID,0003]acq stopped
1721425185:[MRMAID,0052]$MEASFS,140440,3509.753815,40.014203;
1721425220:[SBE61 ,0396]P +20302,T +19569,S +34584
1721425221:[MRMAID,0002]acq started
1721428794:[MRMAID,0003]acq stopped
1721428794:[MRMAID,0052]$MEASFS,140839,3519.725311,40.014202;
1721428830:[SBE61 ,0396]P +20229,T +19577,S +34584
1721428831:[MRMAID,0002]acq started
1721432394:[MRMAID,0003]acq stopped
1721432394:[MRMAID,0052]$MEASFS,140440,3509.753814,40.014203;
1721432429:[SBE61 ,0396]P +20175,T +19566,S +34584
1721432431:[MRMAID,0002]acq started
1721436004:[MRMAID,0003]acq stopped
1721436004:[MRMAID,0052]$MEASFS,140839,3519.725280,40.014202;
1721436039:[SBE61 ,0396]P +20236,T +19454,S +34586
1721436040:[MRMAID,0002]acq started
1721439603:[MRMAID,0003]acq stopped
1721439603:[MRMAID,0052]$MEASFS,140442,3509.803802,40.014202;
1721439639:[SBE61 ,0396]P +20115,T +19387,S +34587
1721439640:[MRMAID,0002]acq started
1721443203:[MRMAID,0003]acq stopped
1721443203:[MRMAID,0052]$MEASFS,140460,3510.253631,40.014203;
1721443238:[SBE61 ,0396]P +20255,T +19311,S +34588
1721443239:[MRMAID,0002]acq started
1721446812:[MRMAID,0003]acq stopped
1721446813:[MRMAID,0052]$MEASFS,140841,3519.775238,40.014203;
1721446848:[SBE61 ,0396]P +20179,T +19332,S +34587
1721446849:[MRMAID,0002]acq started
1721450412:[MRMAID,0003]acq stopped
1721450412:[MRMAID,0052]$MEASFS,140441,3509.778779,40.014203;
1721450447:[SBE61 ,0396]P +20379,T +19328,S +34588
1721450449:[MRMAID,0002]acq started
1721450491:[BUOY  ,0087]from +1mbar/s to +0mbar/s
1721450491:[PUMP  ,0378]Outflow calculated : 2710
1721450492:[BUOY  ,0089]need to transfer +2mL (pump during 2931ms)
1721450493:[PUMP  ,0016]pump during 2931ms
1721450503:[MRMAID,0059]stop canceled
1721450507:[MRMAID,0184]acq already started
1721454012:[MRMAID,0003]acq stopped
1721454012:[MRMAID,0052]$MEASFS,140441,3509.778778,40.014203;
1721454047:[SBE61 ,0396]P +20176,T +19376,S +34587
1721454048:[MRMAID,0002]acq started
1721457621:[MRMAID,0003]acq stopped
1721457621:[MRMAID,0052]$MEASFS,140845,3519.875183,40.014203;
1721457657:[SBE61 ,0396]P +20181,T +19400,S +34586
1721457658:[MRMAID,0002]acq started
1721461221:[MRMAID,0003]acq stopped
1721461221:[MRMAID,0052]$MEASFS,140440,3509.753784,40.014203;
1721461256:[SBE61 ,0396]P +20165,T +19499,S +34585
1721461258:[MRMAID,0002]acq started
1721464831:[MRMAID,0052]$STOPACK:$MEASFS,140839,3519.725250,40.014203;
1721464833:[MRMAID,0185]3 spurious byte(s) received
1721464866:[SBE61 ,0396]P +20262,T +19480,S +34585
1721464867:[MRMAID,0002]acq started
1721468430:[MRMAID,0003]acq stopped
1721468430:[MRMAID,0052]$MEASFS,140440,3509.753754,40.014203;
1721468466:[SBE61 ,0396]P +20349,T +19671,S +34583
1721468467:[MRMAID,0002]acq started
1721470373:[MRMAID,0027]2029dbar, 33degC
1721470554:[MRMAID,0005]ascent request rejected
1721472030:[MRMAID,0003]acq stopped
1721472030:[MRMAID,0052]$MEASFS,140440,3509.753784,40.014203;
1721472065:[SBE61 ,0396]P +20221,T +19808,S +34581
1721472066:[MRMAID,0002]acq started
1721474271:[MRMAID,0027]2011dbar, 33degC
1721474443:[MRMAID,0005]ascent request rejected
1721475639:[MRMAID,0003]acq stopped
1721475639:[MRMAID,0052]$MEASFS,140842,3519.800262,40.014202;
1721475675:[SBE61 ,0396]P +20152,T +19668,S +34582
1721475676:[MRMAID,0002]acq started
1721479239:[MRMAID,0003]acq stopped
1721479239:[MRMAID,0052]$MEASFS,140442,3509.803772,40.014203;
1721479274:[SBE61 ,0396]P +20221,T +19543,S +34585
1721479276:[MRMAID,0002]acq started
1721480069:[MRMAID,0027]2020dbar, 33degC
1721480218:[MRMAID,0005]ascent request rejected
1721482839:[MRMAID,0003]acq stopped
1721482839:[MRMAID,0052]$MEASFS,140445,3509.878784,40.014202;
1721482874:[SBE61 ,0396]P +20242,T +19587,S +34584
1721482875:[MRMAID,0002]acq started
1721486448:[MRMAID,0003]acq stopped
1721486448:[MRMAID,0052]$MEASFS,140840,3519.750275,40.014202;
1721486484:[SBE61 ,0396]P +20200,T +19698,S +34582
1721486485:[MRMAID,0002]acq started
1721490048:[MRMAID,0003]acq stopped
1721490048:[MRMAID,0052]$MEASFS,140441,3509.778809,40.014203;
1721490083:[SBE61 ,0396]P +20279,T +19570,S +34584
1721490085:[MRMAID,0002]acq started
1721491048:[BUOY  ,0087]from +1mbar/s to +0mbar/s
1721491048:[PUMP  ,0378]Outflow calculated : 2711
1721491048:[BUOY  ,0089]need to transfer +2mL (pump during 2930ms)
1721491048:[MRMAID,0052]$STOP$MEASFS,36416,910.076874,40.014202;
1721491050:[PUMP  ,0016]pump during 2930ms
1721491051:[MRMAID,0185]7 spurious byte(s) received
1721491054:[MRMAID,0002]acq started
1721493657:[MRMAID,0003]acq stopped
1721493658:[MRMAID,0052]$MEASFS,102059,2550.569397,40.014202;
1721493693:[SBE61 ,0396]P +20140,T +19684,S +34582
1721493694:[MRMAID,0002]acq started
1721497257:[MRMAID,0003]acq stopped
1721497257:[MRMAID,0052]$MEASFS,140440,3509.753815,40.014203;
1721497293:[SBE61 ,0396]P +20154,T +19722,S +34582
1721497294:[MRMAID,0002]acq started
1721500857:[MRMAID,0003]acq stopped
1721500857:[MRMAID,0052]$MEASFS,140440,3509.753815,40.014203;
1721500892:[SBE61 ,0396]P +20174,T +19638,S +34583
1721500893:[MRMAID,0002]acq started
1721504466:[MRMAID,0003]acq stopped
1721504467:[MRMAID,0052]$MEASFS,140839,3519.725281,40.014202;
1721504502:[SBE61 ,0396]P +20144,T +19693,S +34583
1721504503:[MRMAID,0002]acq started
1721508066:[MRMAID,0003]acq stopped
1721508066:[MRMAID,0052]$MEASFS,140443,3509.828797,40.014202;
1721508101:[SBE61 ,0396]P +20134,T +19688,S +34582
1721508103:[MRMAID,0002]acq started
1721511666:[MRMAID,0003]acq stopped
1721511666:[MRMAID,0052]$MEASFS,140442,3509.803833,40.014202;
1721511701:[SBE61 ,0396]P +20067,T +19608,S +34583
1721511702:[MRMAID,0002]acq started
1721515275:[MRMAID,0003]acq stopped
1721515275:[MRMAID,0052]$MEASFS,140841,3519.775269,40.014202;
1721515311:[SBE61 ,0396]P +20161,T +19554,S +34585
1721515312:[MRMAID,0002]acq started
1721518875:[MRMAID,0003]acq stopped
1721518875:[MRMAID,0052]$MEASFS,140441,3509.778808,40.014203;
1721518910:[SBE61 ,0396]P +20073,T +19448,S +34586
1721518912:[MRMAID,0002]acq started
1721522484:[MRMAID,0003]acq stopped
1721522485:[MRMAID,0052]$MEASFS,140840,3519.750245,40.014203;
1721522520:[SBE61 ,0396]P +20165,T +19468,S +34586
1721522521:[MRMAID,0002]acq started
1721526084:[MRMAID,0003]acq stopped
1721526084:[MRMAID,0052]$MEASFS,140441,3509.778809,40.014203;
1721526120:[SBE61 ,0396]P +20146,T +19465,S +34586
1721526121:[MRMAID,0002]acq started
1721529684:[MRMAID,0003]acq stopped
1721529684:[MRMAID,0052]$MEASFS,140459,3510.228638,40.014203;
1721529719:[SBE61 ,0396]P +20128,T +19486,S +34585
1721529720:[MRMAID,0002]acq started
1721533293:[MRMAID,0003]acq stopped
1721533294:[MRMAID,0052]$MEASFS,140843,3519.825225,40.014203;
1721533329:[SBE61 ,0396]P +20170,T +19465,S +34586
1721533330:[MRMAID,0002]acq started
1721533744:[MRMAID,0027]2013dbar, 33degC
1721536262:[MRMAID,0027]2009dbar, 33degC
1721536403:[MRMAID,0005]ascent request rejected
1721536893:[MRMAID,0003]acq stopped
1721536893:[MRMAID,0052]$MEASFS,140440,3509.753784,40.014203;
1721536928:[SBE61 ,0396]P +20142,T +19425,S +34586
1721536930:[MRMAID,0002]acq started
1721540493:[MRMAID,0003]acq stopped
1721540493:[MRMAID,0052]$MEASFS,140440,3509.753784,40.014203;
1721540528:[SBE61 ,0396]P +20211,T +19466,S +34586
1721540529:[MRMAID,0002]acq started
1721544102:[MRMAID,0003]acq stopped
1721544102:[MRMAID,0052]$MEASFS,140841,3519.775238,40.014203;
1721544138:[SBE61 ,0396]P +20192,T +19465,S +34586
1721544139:[MRMAID,0002]acq started
1721547702:[MRMAID,0003]acq stopped
1721547702:[MRMAID,0052]$MEASFS,140441,3509.778778,40.014203;
1721547737:[SBE61 ,0396]P +20181,T +19465,S +34586
1721547739:[MRMAID,0002]acq started
1721551312:[MRMAID,0003]acq stopped
1721551312:[MRMAID,0052]$MEASFS,140841,3519.775238,40.014203;
1721551347:[SBE61 ,0396]P +20244,T +19563,S +34584
1721551348:[MRMAID,0002]acq started
1721554911:[MRMAID,0003]acq stopped
1721554911:[MRMAID,0052]$MEASFS,140442,3509.803741,40.014203;
1721554947:[SBE61 ,0396]P +20248,T +19621,S +34584
1721554948:[MRMAID,0002]acq started
1721558511:[MRMAID,0003]acq stopped
1721558511:[MRMAID,0052]$MEASFS,140441,3509.778778,40.014203;
1721558546:[SBE61 ,0396]P +20236,T +19627,S +34583
1721558547:[MRMAID,0002]acq started
1721562120:[MRMAID,0003]acq stopped
1721562120:[MRMAID,0052]$MEASFS,140840,3519.750244,40.014203;
1721562156:[SBE61 ,0396]P +20144,T +19608,S +34583
1721562157:[MRMAID,0002]acq started
1721565720:[MRMAID,0003]acq stopped
1721565720:[MRMAID,0052]$MEASFS,140441,3509.778778,40.014203;
1721565755:[SBE61 ,0396]P +20260,T +19589,S +34584
1721565757:[MRMAID,0002]acq started
1721569320:[MRMAID,0003]acq stopped
1721569320:[MRMAID,0052]$MEASFS,140440,3509.753784,40.014203;
1721569355:[SBE61 ,0396]P +20273,T +19614,S +34584
1721569356:[MRMAID,0002]acq started
1721572929:[MRMAID,0052]$STOPACK:+$MEASFS,140839,3519.725281,40.014202;
1721572932:[MRMAID,0185]2 spurious byte(s) received
1721572965:[SBE61 ,0396]P +20215,T +19693,S +34582
1721572966:[MRMAID,0002]acq started
1721576529:[MRMAID,0003]acq stopped
1721576529:[MRMAID,0052]$MEASFS,140444,3509.853760,40.014203;
1721576564:[SBE61 ,0396]P +20220,T +19687,S +34582
1721576566:[MRMAID,0002]acq started
1721580139:[MRMAID,0003]acq stopped
1721580139:[MRMAID,0052]$MEASFS,140841,3519.775238,40.014203;
1721580174:[SBE61 ,0396]P +20174,T +19651,S +34583
1721580175:[MRMAID,0002]acq started
1721583738:[MRMAID,0003]acq stopped
1721583738:[MRMAID,0052]$MEASFS,140442,3509.803802,40.014202;
1721583774:[SBE61 ,0396]P +20307,T +19636,S +34584
1721583775:[MRMAID,0002]acq started
1721587338:[MRMAID,0003]acq stopped
1721587338:[MRMAID,0052]$MEASFS,140441,3509.778809,40.014203;
1721587373:[SBE61 ,0396]P +20160,T +19724,S +34582
1721587374:[MRMAID,0002]acq started
1721590947:[MRMAID,0003]acq stopped
1721590948:[MRMAID,0052]$MEASFS,140841,3519.775269,40.014202;
1721590983:[SBE61 ,0396]P +20240,T +19634,S +34584
1721590984:[MRMAID,0002]acq started
1721594547:[MRMAID,0003]acq stopped
1721594547:[MRMAID,0052]$MEASFS,140441,3509.778808,40.014203;
1721594582:[SBE61 ,0396]P +20213,T +19610,S +34584
1721594584:[MRMAID,0002]acq started
1721598147:[MRMAID,0003]acq stopped
1721598147:[MRMAID,0052]$MEASFS,140441,3509.778809,40.014203;
1721598182:[SBE61 ,0396]P +20218,T +19551,S +34585
1721598183:[MRMAID,0002]acq started
1721601756:[MRMAID,0003]acq stopped
1721601756:[MRMAID,0052]$MEASFS,140840,3519.750244,40.014203;
1721601792:[SBE61 ,0396]P +20232,T +19547,S +34584
1721601793:[MRMAID,0002]acq started
1721605356:[MRMAID,0003]acq stopped
1721605356:[MRMAID,0052]$MEASFS,140440,3509.753785,40.014203;
1721605391:[SBE61 ,0396]P +20263,T +19499,S +34585
1721605393:[MRMAID,0002]acq started
1721608956:[MRMAID,0003]acq stopped
1721608956:[MRMAID,0052]$MEASFS,140440,3509.753814,40.014203;
1721608991:[SBE61 ,0396]P +20241,T +19597,S +34584
1721608992:[MRMAID,0002]acq started
1721612565:[MRMAID,0003]acq stopped
1721612565:[MRMAID,0052]$MEASFS,140843,3519.825226,40.014203;
1721612601:[SBE61 ,0396]P +20214,T +19629,S +34584
1721612602:[MRMAID,0002]acq started
1721616165:[MRMAID,0003]acq stopped
1721616165:[MRMAID,0052]$MEASFS,140464,3510.353608,40.014202;
1721616200:[SBE61 ,0396]P +20237,T +19502,S +34585
1721616202:[MRMAID,0002]acq started
1721619774:[MRMAID,0003]acq stopped
1721619775:[MRMAID,0052]$MEASFS,140841,3519.775238,40.014203;
1721619810:[SBE61 ,0396]P +20201,T +19495,S +34586
1721619811:[MRMAID,0002]acq started
1721623374:[MRMAID,0003]acq stopped
1721623374:[MRMAID,0052]$MEASFS,140442,3509.803772,40.014203;
1721623410:[SBE61 ,0396]P +20247,T +19445,S +34586
1721623411:[MRMAID,0002]acq started
1721626974:[MRMAID,0003]acq stopped
1721626974:[MRMAID,0052]$MEASFS,140441,3509.778778,40.014203;
1721627009:[SBE61 ,0396]P +20208,T +19466,S +34586
1721627010:[MRMAID,0002]acq started
1721630583:[MRMAID,0003]acq stopped
1721630583:[MRMAID,0052]$MEASFS,140840,3519.750244,40.014203;
1721630619:[SBE61 ,0396]P +20286,T +19399,S +34587
1721630620:[MRMAID,0002]acq started
1721634183:[MRMAID,0003]acq stopped
1721634183:[MRMAID,0052]$MEASFS,140441,3509.778778,40.014203;
1721634218:[SBE61 ,0396]P +20166,T +19390,S +34587
1721634220:[MRMAID,0002]acq started
1721637783:[MRMAID,0003]acq stopped
1721637783:[MRMAID,0052]$MEASFS,140440,3509.753785,40.014203;
1721637818:[SBE61 ,0396]P +20262,T +19331,S +34588
1721637819:[MRMAID,0002]acq started
1721638747:[BUOY  ,0087]from +1mbar/s to +0mbar/s
1721638747:[PUMP  ,0378]Outflow calculated : 2711
1721638747:[BUOY  ,0089]need to transfer +2mL (pump during 2934ms)
1721638747:[MRMAID,0003]acq stopped
1721638747:[MRMAID,0185]11 spurious byte(s) received
1721638748:[PUMP  ,0016]pump during 2934ms
1721638753:[MRMAID,0002]acq started
1721641392:[MRMAID,0003]acq stopped
1721641392:[MRMAID,0052]$MEASFS,103491,2586.356659,40.014203;
1721641428:[SBE61 ,0396]P +20285,T +19484,S +34585
1721641429:[MRMAID,0002]acq started
1721644992:[MRMAID,0003]acq stopped
1721644992:[MRMAID,0052]$MEASFS,140440,3509.753753,40.014203;
1721645027:[SBE61 ,0396]P +20176,T +19573,S +34584
1721645029:[MRMAID,0002]acq started
1721648602:[MRMAID,0052]$STOPACK:$MEASFS,140839,3519.725250,40.014203;
1721648604:[MRMAID,0185]3 spurious byte(s) received
1721648637:[SBE61 ,0396]P +20224,T +19599,S +34584
1721648638:[MRMAID,0002]acq started
1721652201:[MRMAID,0003]acq stopped
1721652201:[MRMAID,0052]$MEASFS,140442,3509.803833,40.014202;
1721652237:[SBE61 ,0396]P +20184,T +19687,S +34582
1721652238:[MRMAID,0002]acq started
1721655801:[MRMAID,0003]acq stopped
1721655801:[MRMAID,0052]$MEASFS,140442,3509.803741,40.014203;
1721655836:[SBE61 ,0396]P +20150,T +19604,S +34584
1721655837:[MRMAID,0002]acq started
1721659410:[MRMAID,0003]acq stopped
1721659410:[MRMAID,0052]$MEASFS,140840,3519.750244,40.014203;
1721659446:[SBE61 ,0396]P +20184,T +19586,S +34584
1721659447:[MRMAID,0002]acq started
1721663010:[MRMAID,0003]acq stopped
1721663010:[MRMAID,0052]$MEASFS,140441,3509.778778,40.014203;
1721663045:[SBE61 ,0396]P +20184,T +19601,S +34584
1721663047:[MRMAID,0002]acq started
1721666610:[MRMAID,0003]acq stopped
1721666610:[MRMAID,0052]$MEASFS,140445,3509.878753,40.014203;
1721666645:[SBE61 ,0396]P +20183,T +19555,S +34584
1721666646:[MRMAID,0002]acq started
1721670219:[MRMAID,0003]acq stopped
1721670219:[MRMAID,0052]$MEASFS,140840,3519.750244,40.014203;
1721670255:[SBE61 ,0396]P +20166,T +19602,S +34585
1721670256:[MRMAID,0002]acq started
1721673819:[MRMAID,0003]acq stopped
1721673819:[MRMAID,0052]$MEASFS,140440,3509.753784,40.014203;
1721673854:[SBE61 ,0396]P +20179,T +19560,S +34584
1721673856:[MRMAID,0002]acq started
1721677429:[MRMAID,0003]acq stopped
1721677429:[MRMAID,0052]$MEASFS,140839,3519.725250,40.014203;
1721677464:[SBE61 ,0396]P +20183,T +19568,S +34584
1721677465:[MRMAID,0002]acq started
1721681028:[MRMAID,0003]acq stopped
1721681028:[MRMAID,0052]$MEASFS,140440,3509.753784,40.014203;
1721681064:[SBE61 ,0396]P +20105,T +19486,S +34586
1721681065:[MRMAID,0002]acq started
1721684628:[MRMAID,0003]acq stopped
1721684628:[MRMAID,0052]$MEASFS,140440,3509.753784,40.014203;
1721684663:[SBE61 ,0396]P +20104,T +19342,S +34588
1721684664:[MRMAID,0002]acq started
1721688237:[MRMAID,0003]acq stopped
1721688237:[MRMAID,0052]$MEASFS,140841,3519.775238,40.014203;
1721688273:[SBE61 ,0396]P +20173,T +19357,S +34587
1721688274:[MRMAID,0002]acq started
1721691368:[MRMAID,0027]2015dbar, 33degC
1721691520:[MRMAID,0005]ascent request rejected
1721691837:[MRMAID,0003]acq stopped
1721691837:[MRMAID,0052]$MEASFS,140440,3509.753753,40.014203;
1721691872:[SBE61 ,0396]P +20190,T +19376,S +34587
1721691874:[MRMAID,0002]acq started
1721695437:[MRMAID,0003]acq stopped
1721695437:[MRMAID,0052]$MEASFS,140442,3509.803741,40.014203;
1721695472:[SBE61 ,0396]P +20269,T +19513,S +34585
1721695473:[MRMAID,0002]acq started
1721699046:[MRMAID,0052]$$MEASFS,140840,3519.750275,40.014202;
1721699051:[MRMAID,0185]11 spurious byte(s) received
1721699082:[SBE61 ,0396]P +20140,T +19475,S +34586
1721699083:[MRMAID,0002]acq started
1721702646:[MRMAID,0003]acq stopped
1721702646:[MRMAID,0052]$MEASFS,140459,3510.228607,40.014203;
1721702681:[SBE61 ,0396]P +20182,T +19438,S +34586
1721702683:[MRMAID,0002]acq started
1721706255:[MRMAID,0003]acq stopped
1721706256:[MRMAID,0052]$MEASFS,140840,3519.750214,40.014203;
1721706291:[SBE61 ,0396]P +20212,T +19441,S +34586
1721706292:[MRMAID,0002]acq started
1721709855:[MRMAID,0003]acq stopped
1721709855:[MRMAID,0052]$MEASFS,140440,3509.753784,40.014203;
1721709891:[SBE61 ,0396]P +20225,T +19447,S +34586
1721709892:[MRMAID,0002]acq started
1721713455:[MRMAID,0003]acq stopped
1721713455:[MRMAID,0052]$MEASFS,140440,3509.753754,40.014203;
1721713490:[SBE61 ,0396]P +20210,T +19498,S +34585
1721713491:[MRMAID,0002]acq started
1721717064:[MRMAID,0003]acq stopped
1721717065:[MRMAID,0052]$MEASFS,140838,3519.700226,40.014203;
1721717100:[SBE61 ,0396]P +20199,T +19495,S +34585
1721717101:[MRMAID,0002]acq started
1721720664:[MRMAID,0003]acq stopped
1721720664:[MRMAID,0052]$MEASFS,140442,3509.803742,40.014203;
1721720699:[SBE61 ,0396]P +20198,T +19495,S +34585
1721720701:[MRMAID,0002]acq started
1721724264:[MRMAID,0003]acq stopped
1721724264:[MRMAID,0052]$MEASFS,140442,3509.803741,40.014203;
1721724299:[SBE61 ,0396]P +20287,T +19508,S +34585
1721724300:[MRMAID,0002]acq started
1721727873:[MRMAID,0003]acq stopped
1721727873:[MRMAID,0052]$MEASFS,140840,3519.750213,40.014203;
1721727909:[SBE61 ,0396]P +20150,T +19527,S +34584
1721727910:[MRMAID,0002]acq started
1721731219:[BUOY  ,0101]stage[1] 10 stab done
1721731219:[BUOY  ,0087]from +1mbar/s to +0mbar/s
1721731219:[PUMP  ,0378]Outflow calculated : 2711
1721731219:[BUOY  ,0089]need to transfer +2mL (pump during 2933ms)
1721731219:[MRMAID,0003]acq stopped
1721731219:[MRMAID,0052]$MEASFS,130278,3255.793946,40.014203;
1721731221:[PUMP  ,0016]pump during 2933ms
1721731225:[MRMAID,0002]acq started
1721731473:[MRMAID,0003]acq stopped
1721731508:[SBE61 ,0396]P +20312,T +19578,S +34584
1721731510:[MRMAID,0002]acq started
1721735083:[MRMAID,0003]acq stopped
1721735083:[MRMAID,0052]$MEASFS,140858,3520.200073,40.014203;
1721735118:[SBE61 ,0396]P +20124,T +19593,S +34584
1721735119:[MRMAID,0002]acq started
1721738682:[MRMAID,0003]acq stopped
1721738682:[MRMAID,0052]$MEASFS,140445,3509.878723,40.014203;
1721738718:[SBE61 ,0396]P +20195,T +19682,S +34583
1721738719:[MRMAID,0002]acq started
1721742282:[MRMAID,0003]acq stopped
1721742282:[MRMAID,0052]$MEASFS,140441,3509.778778,40.014203;
1721742317:[SBE61 ,0396]P +20144,T +19737,S +34582
1721742318:[MRMAID,0002]acq started
1721745892:[MRMAID,0003]acq stopped
1721745894:[MRMAID,0185]1 spurious byte(s) received
1721745927:[SBE61 ,0396]P +19879,T +19636,S +34583
1721745928:[MRMAID,0002]acq started
1721749491:[MRMAID,0003]acq stopped
1721749491:[MRMAID,0052]$MEASFS,140440,3509.753815,40.014203;
1721749526:[SBE61 ,0396]P +20227,T +19582,S +34584
1721749528:[MRMAID,0002]acq started
1721753091:[MRMAID,0003]acq stopped
1721753091:[MRMAID,0052]$MEASFS,140440,3509.753784,40.014203;
1721753126:[SBE61 ,0396]P +20122,T +19588,S +34584
1721753127:[MRMAID,0002]acq started
1721756700:[MRMAID,0003]acq stopped
1721756700:[MRMAID,0052]$MEASFS,140841,3519.775239,40.014203;
1721756736:[SBE61 ,0396]P +20138,T +19646,S +34583
1721756737:[MRMAID,0002]acq started
1721760300:[MRMAID,0003]acq stopped
1721760300:[MRMAID,0052]$MEASFS,140442,3509.803772,40.014203;
1721760335:[SBE61 ,0396]P +20127,T +19623,S +34583
1721760337:[MRMAID,0002]acq started
1721763910:[MRMAID,0003]acq stopped
1721763910:[MRMAID,0052]$MEASFS,140841,3519.775238,40.014203;
1721763945:[SBE61 ,0396]P +20073,T +19494,S +34584
1721763946:[MRMAID,0002]acq started
1721767509:[MRMAID,0003]acq stopped
1721767509:[MRMAID,0052]$MEASFS,140441,3509.778778,40.014203;
1721767545:[SBE61 ,0396]P +20162,T +19473,S +34586
1721767546:[MRMAID,0002]acq started
1721771109:[MRMAID,0003]acq stopped
1721771109:[MRMAID,0052]$MEASFS,140441,3509.778778,40.014203;
1721771144:[SBE61 ,0396]P +20066,T +19486,S +34585
1721771145:[MRMAID,0002]acq started
1721774718:[MRMAID,0003]acq stopped
1721774719:[MRMAID,0052]$MEASFS,140840,3519.750213,40.014203;
1721774754:[SBE61 ,0396]P +20128,T +19458,S +34585
1721774755:[MRMAID,0002]acq started
1721778318:[MRMAID,0003]acq stopped
1721778318:[MRMAID,0052]$MEASFS,140441,3509.778748,40.014203;
1721778353:[SBE61 ,0396]P +20131,T +19459,S +34586
1721778355:[MRMAID,0002]acq started
1721781918:[MRMAID,0003]acq stopped
1721781918:[MRMAID,0052]$MEASFS,140444,3509.853730,40.014203;
1721781953:[SBE61 ,0396]P +20049,T +19331,S +34588
1721781954:[MRMAID,0002]acq started
1721785527:[MRMAID,0003]acq stopped
1721785527:[MRMAID,0052]$MEASFS,140839,3519.725250,40.014203;
1721785563:[SBE61 ,0396]P +20153,T +19403,S +34587
1721785564:[MRMAID,0002]acq started
1721789127:[MRMAID,0003]acq stopped
1721789127:[MRMAID,0052]$MEASFS,140458,3510.203613,40.014203;
1721789162:[SBE61 ,0396]P +20038,T +19270,S +34589
1721789164:[MRMAID,0002]acq started
1721792737:[MRMAID,0003]acq stopped
1721792737:[MRMAID,0052]$MEASFS,140841,3519.775177,40.014203;
1721792772:[SBE61 ,0396]P +20138,T +19273,S +34588
1721792773:[MRMAID,0002]acq started
1721796336:[MRMAID,0003]acq stopped
1721796336:[MRMAID,0052]$MEASFS,140442,3509.803711,40.014204;
1721796372:[SBE61 ,0396]P +20167,T +19299,S +34588
1721796373:[MRMAID,0002]acq started
1721799936:[MRMAID,0003]acq stopped
1721799936:[MRMAID,0052]$MEASFS,140442,3509.803711,40.014204;
1721799971:[SBE61 ,0396]P +20179,T +19371,S +34587
1721799972:[MRMAID,0002]acq started
1721803545:[MRMAID,0003]acq stopped
1721803546:[MRMAID,0052]$MEASFS,140840,3519.750183,40.014203;
1721803581:[SBE61 ,0396]P +20252,T +19508,S +34585
1721803582:[MRMAID,0002]acq started
1721807145:[MRMAID,0003]acq stopped
1721807145:[MRMAID,0052]$MEASFS,140441,3509.778748,40.014203;
1721807181:[SBE61 ,0396]P +20256,T +19650,S +34583
1721807182:[MRMAID,0002]acq started
1721810745:[MRMAID,0003]acq stopped
1721810745:[MRMAID,0052]$MEASFS,140440,3509.753723,40.014204;
1721810780:[SBE61 ,0396]P +20024,T +19593,S +34584
1721810781:[MRMAID,0002]acq started
1721814354:[MRMAID,0003]acq stopped
1721814354:[MRMAID,0052]$MEASFS,140840,3519.750213,40.014203;
1721814390:[SBE61 ,0396]P +20021,T +19394,S +34587
1721814391:[MRMAID,0002]acq started
1721817954:[MRMAID,0003]acq stopped
1721817954:[MRMAID,0052]$MEASFS,140444,3509.853729,40.014203;
1721817989:[SBE61 ,0396]P +20179,T +19376,S +34587
1721817991:[MRMAID,0002]acq started
1721821554:[MRMAID,0003]acq stopped
1721821554:[MRMAID,0052]$MEASFS,140440,3509.753723,40.014204;
1721821589:[SBE61 ,0396]P +20219,T +19486,S +34585
1721821590:[MRMAID,0002]acq started
1721825163:[MRMAID,0003]acq stopped
1721825163:[MRMAID,0052]$MEASFS,140839,3519.725219,40.014203;
1721825199:[SBE61 ,0396]P +20175,T +19575,S +34584
1721825200:[MRMAID,0002]acq started
1721828763:[MRMAID,0003]acq stopped
1721828763:[MRMAID,0052]$MEASFS,140441,3509.778748,40.014203;
1721828798:[SBE61 ,0396]P +20196,T +19669,S +34583
1721828799:[MRMAID,0002]acq started
1721832373:[MRMAID,0052]$STOPACK:$MEASFS,140840,3519.750214,40.014203;
1721832375:[MRMAID,0185]3 spurious byte(s) received
1721832408:[SBE61 ,0396]P +20133,T +19575,S +34584
1721832409:[MRMAID,0002]acq started
1721835972:[MRMAID,0003]acq stopped
1721835972:[MRMAID,0052]$MEASFS,140442,3509.803741,40.014203;
1721836008:[SBE61 ,0396]P +20219,T +19626,S +34583
1721836009:[MRMAID,0002]acq started
1721839572:[MRMAID,0003]acq stopped
1721839572:[MRMAID,0052]$MEASFS,140441,3509.778778,40.014203;
1721839607:[SBE61 ,0396]P +20188,T +19664,S +34583
1721839608:[MRMAID,0002]acq started
1721843181:[MRMAID,0003]acq stopped
1721843181:[MRMAID,0052]$MEASFS,140840,3519.750214,40.014203;
1721843217:[SBE61 ,0396]P +20170,T +19588,S +34584
1721843218:[MRMAID,0002]acq started
1721846781:[MRMAID,0003]acq stopped
1721846781:[MRMAID,0052]$MEASFS,140441,3509.778778,40.014203;
1721846816:[SBE61 ,0396]P +20210,T +19633,S +34583
1721846818:[MRMAID,0002]acq started
1721850381:[MRMAID,0003]acq stopped
1721850381:[MRMAID,0052]$MEASFS,140444,3509.853729,40.014203;
1721850416:[SBE61 ,0396]P +20131,T +19587,S +34584
1721850417:[MRMAID,0002]acq started
1721853990:[MRMAID,0003]acq stopped
1721853990:[MRMAID,0185]21 spurious byte(s) received
1721854026:[SBE61 ,0396]P +20145,T +19498,S +34586
1721854027:[MRMAID,0002]acq started
1721857590:[MRMAID,0003]acq stopped
1721857590:[MRMAID,0185]29 spurious byte(s) received
1721857625:[SBE61 ,0396]P +20095,T +19479,S +34585
1721857627:[MRMAID,0002]acq started
1721861200:[MRMAID,0003]acq stopped
1721861200:[MRMAID,0052]$MEASFS,140840,3519.750213,40.014203;
1721861235:[SBE61 ,0396]P +20181,T +19413,S +34586
1721861236:[MRMAID,0002]acq started
1721864799:[MRMAID,0003]acq stopped
1721864799:[MRMAID,0052]$MEASFS,140444,3509.853729,40.014203;
1721864835:[SBE61 ,0396]P +20176,T +19415,S +34587
1721864836:[MRMAID,0002]acq started
1721868399:[MRMAID,0003]acq stopped
1721868399:[MRMAID,0052]$MEASFS,140445,3509.878723,40.014203;
1721868434:[SBE61 ,0396]P +20137,T +19443,S +34586
1721868435:[MRMAID,0002]acq started
1721872008:[MRMAID,0003]acq stopped
1721872009:[MRMAID,0052]$MEASFS,140840,3519.750213,40.014203;
1721872044:[SBE61 ,0396]P +20095,T +19377,S +34587
1721872045:[MRMAID,0002]acq started
1721875608:[MRMAID,0003]acq stopped
1721875608:[MRMAID,0052]$MEASFS,140459,3510.228607,40.014203;
1721875644:[SBE61 ,0396]P +20132,T +19338,S +34588
1721875645:[MRMAID,0002]acq started
1721879208:[MRMAID,0003]acq stopped
1721879208:[MRMAID,0052]$MEASFS,140441,3509.778748,40.014203;
1721879243:[SBE61 ,0396]P +20132,T +19315,S +34588
1721879244:[MRMAID,0002]acq started
1721882817:[MRMAID,0003]acq stopped
1721882817:[MRMAID,0052]$MEASFS,140840,3519.750183,40.014203;
1721882853:[SBE61 ,0396]P +20299,T +19415,S +34587
1721882854:[MRMAID,0002]acq started
1721886417:[MRMAID,0003]acq stopped
1721886417:[MRMAID,0052]$MEASFS,140440,3509.753753,40.014203;
1721886452:[SBE61 ,0396]P +20210,T +19431,S +34586
1721886454:[MRMAID,0002]acq started
1721890017:[MRMAID,0003]acq stopped
1721890017:[MRMAID,0052]$MEASFS,140440,3509.753723,40.014204;
1721890052:[SBE61 ,0396]P +20161,T +19434,S +34586
1721890053:[MRMAID,0002]acq started
1721893626:[MRMAID,0052]$STOPACK:$MEASFS,140839,3519.725189,40.014204;
1721893629:[MRMAID,0185]3 spurious byte(s) received
1721893662:[SBE61 ,0396]P +20189,T +19440,S +34586
1721893663:[MRMAID,0002]acq started
1721897226:[MRMAID,0003]acq stopped
1721897226:[MRMAID,0052]$MEASFS,140440,3509.753754,40.014203;
1721897261:[SBE61 ,0396]P +20216,T +19461,S +34585
1721897263:[MRMAID,0002]acq started
1721900835:[MRMAID,0003]acq stopped
1721900836:[MRMAID,0052]$MEASFS,140841,3519.775177,40.014203;
1721900871:[SBE61 ,0396]P +20218,T +19468,S +34586
1721900872:[MRMAID,0002]acq started
1721904435:[MRMAID,0003]acq stopped
1721904435:[MRMAID,0052]$MEASFS,140442,3509.803711,40.014204;
1721904471:[SBE61 ,0396]P +20302,T +19559,S +34584
1721904472:[MRMAID,0002]acq started
1721907834:[MRMAID,0027]2026dbar, 33degC
1721908031:[MRMAID,0005]ascent request rejected
1721908035:[MRMAID,0003]acq stopped
1721908035:[MRMAID,0052]$MEASFS,140443,3509.828735,40.014203;
1721908070:[SBE61 ,0396]P +20298,T +19665,S +34583
1721908071:[MRMAID,0002]acq started
1721911644:[MRMAID,0003]acq stopped
1721911644:[MRMAID,0052]$MEASFS,140840,3519.750183,40.014203;
1721911680:[SBE61 ,0396]P +20238,T +19671,S +34583
1721911681:[MRMAID,0002]acq started
1721915244:[MRMAID,0003]acq stopped
1721915244:[MRMAID,0052]$MEASFS,140441,3509.778747,40.014203;
1721915279:[SBE61 ,0396]P +20247,T +19674,S +34582
1721915281:[MRMAID,0002]acq started
1721918844:[MRMAID,0003]acq stopped
1721918844:[MRMAID,0052]$MEASFS,140445,3509.878723,40.014203;
1721918879:[SBE61 ,0396]P +20132,T +19655,S +34583
1721918880:[MRMAID,0002]acq started
1721922453:[MRMAID,0003]acq stopped
1721922453:[MRMAID,0052]$MEASFS,140840,3519.750213,40.014203;
1721922489:[SBE61 ,0396]P +20181,T +19659,S +34583
1721922490:[MRMAID,0002]acq started
1721926053:[MRMAID,0003]acq stopped
1721926053:[MRMAID,0052]$MEASFS,140439,3509.728760,40.014203;
1721926088:[SBE61 ,0396]P +20257,T +19661,S +34583
1721926089:[MRMAID,0002]acq started
1721929663:[MRMAID,0003]acq stopped
1721929698:[SBE61 ,0396]P +20136,T +19645,S +34583
1721929699:[MRMAID,0002]acq started
1721933262:[MRMAID,0003]acq stopped
1721933262:[MRMAID,0052]$MEASFS,140442,3509.803741,40.014203;
1721933298:[SBE61 ,0396]P +20244,T +19648,S +34583
1721933299:[MRMAID,0002]acq started
1721936862:[MRMAID,0003]acq stopped
1721936862:[MRMAID,0052]$MEASFS,140442,3509.803771,40.014203;
1721936897:[SBE61 ,0396]P +20024,T +19511,S +34585
1721936898:[MRMAID,0002]acq started
1721940471:[MRMAID,0003]acq stopped
1721940471:[MRMAID,0052]$MEASFS,140841,3519.775208,40.014203;
1721940507:[SBE61 ,0396]P +20150,T +19413,S +34587
1721940508:[MRMAID,0002]acq started
1721944071:[MRMAID,0003]acq stopped
1721944071:[MRMAID,0052]$MEASFS,140441,3509.778778,40.014203;
1721944106:[SBE61 ,0396]P +20240,T +19278,S +34589
1721944108:[MRMAID,0002]acq started
1721947671:[MRMAID,0003]acq stopped
1721947671:[MRMAID,0052]$MEASFS,140445,3509.878723,40.014203;
1721947706:[SBE61 ,0396]P +20088,T +19256,S +34589
1721947707:[MRMAID,0002]acq started
1721951280:[MRMAID,0003]acq stopped
1721951280:[MRMAID,0052]$MEASFS,140840,3519.750183,40.014203;
1721951316:[SBE61 ,0396]P +20266,T +19349,S +34587
1721951317:[MRMAID,0002]acq started
1721954880:[MRMAID,0003]acq stopped
1721954880:[MRMAID,0052]$MEASFS,140441,3509.778717,40.014204;
1721954915:[SBE61 ,0396]P +20267,T +19321,S +34588
1721954917:[MRMAID,0002]acq started
1721958489:[MRMAID,0003]acq stopped
1721958490:[MRMAID,0052]$MEASFS,140839,3519.725189,40.014204;
1721958525:[SBE61 ,0396]P +20318,T +19499,S +34586
1721958526:[MRMAID,0002]acq started
1721962089:[MRMAID,0003]acq stopped
1721962089:[MRMAID,0052]$MEASFS,140462,3510.303558,40.014203;
1721962125:[SBE61 ,0396]P +20254,T +19498,S +34585
1721962126:[MRMAID,0002]acq started
1721965689:[MRMAID,0003]acq stopped
1721965689:[MRMAID,0052]$MEASFS,140440,3509.753754,40.014203;
1721965724:[SBE61 ,0396]P +20200,T +19461,S +34586
1721965725:[MRMAID,0002]acq started
1721969298:[MRMAID,0003]acq stopped
1721969298:[MRMAID,0052]$MEASFS,140841,3519.775177,40.014203;
1721969334:[SBE61 ,0396]P +20217,T +19436,S +34586
1721969335:[MRMAID,0002]acq started
1721972898:[MRMAID,0003]acq stopped
1721972898:[MRMAID,0052]$MEASFS,140446,3509.903686,40.014203;
1721972933:[SBE61 ,0396]P +20284,T +19479,S +34586
1721972935:[MRMAID,0002]acq started
1721976498:[MRMAID,0003]acq stopped
1721976498:[MRMAID,0052]$MEASFS,140442,3509.803711,40.014204;
1721976533:[SBE61 ,0396]P +20189,T +19473,S +34586
1721976534:[MRMAID,0002]acq started
1721980107:[MRMAID,0003]acq stopped
1721980107:[MRMAID,0052]$MEASFS,140840,3519.750183,40.014203;
1721980143:[SBE61 ,0396]P +20175,T +19470,S +34586
1721980144:[MRMAID,0002]acq started
1721983707:[MRMAID,0003]acq stopped
1721983707:[MRMAID,0052]$MEASFS,140441,3509.778747,40.014203;
1721983742:[SBE61 ,0396]P +20276,T +19483,S +34585
1721983744:[MRMAID,0002]acq started
1721987316:[MRMAID,0003]acq stopped
1721987317:[MRMAID,0052]$MEASFS,140840,3519.750183,40.014203;
1721987352:[SBE61 ,0396]P +20142,T +19474,S +34586
1721987353:[MRMAID,0002]acq started
1721990916:[MRMAID,0003]acq stopped
1721990916:[MRMAID,0052]$MEASFS,140441,3509.778747,40.014203;
1721990952:[SBE61 ,0396]P +20190,T +19406,S +34587
1721990953:[MRMAID,0002]acq started
1721994516:[MRMAID,0003]acq stopped
1721994516:[MRMAID,0052]$MEASFS,140440,3509.753753,40.014203;
1721994551:[SBE61 ,0396]P +20269,T +19463,S +34586
1721994552:[MRMAID,0002]acq started
1721998125:[MRMAID,0003]acq stopped
1721998126:[MRMAID,0052]$MEASFS,140843,3519.825165,40.014203;
1721998161:[SBE61 ,0396]P +20217,T +19465,S +34586
1721998162:[MRMAID,0002]acq started
1722001725:[MRMAID,0003]acq stopped
1722001725:[MRMAID,0052]$MEASFS,140439,3509.728760,40.014203;
1722001760:[SBE61 ,0396]P +20245,T +19468,S +34586
1722001762:[MRMAID,0002]acq started
1722005325:[MRMAID,0003]acq stopped
1722005325:[MRMAID,0052]$MEASFS,140442,3509.803741,40.014203;
1722005360:[SBE61 ,0396]P +20341,T +19602,S +34583
1722005361:[MRMAID,0002]acq started
1722008934:[MRMAID,0003]acq stopped
1722008934:[MRMAID,0052]$MEASFS,140841,3519.775177,40.014203;
1722008970:[SBE61 ,0396]P +20180,T +19544,S +34584
1722008971:[MRMAID,0002]acq started
1722012534:[MRMAID,0003]acq stopped
1722012534:[MRMAID,0052]$MEASFS,140446,3509.903717,40.014203;
1722012569:[SBE61 ,0396]P +20275,T +19552,S +34585
1722012571:[MRMAID,0002]acq started
1722016143:[MRMAID,0003]acq stopped
1722016144:[MRMAID,0052]$MEASFS,140840,3519.750214,40.014203;
1722016179:[SBE61 ,0396]P +20115,T +19544,S +34584
1722016180:[MRMAID,0002]acq started
1722019743:[MRMAID,0003]acq stopped
1722019743:[MRMAID,0052]$MEASFS,140441,3509.778747,40.014203;
1722019779:[SBE61 ,0396]P +20188,T +19461,S +34586
1722019780:[MRMAID,0002]acq started
1722023343:[MRMAID,0003]acq stopped
1722023343:[MRMAID,0052]$MEASFS,140441,3509.778748,40.014203;
1722023378:[SBE61 ,0396]P +20244,T +19454,S +34586
1722023379:[MRMAID,0002]acq started
1722026952:[MRMAID,0003]acq stopped
1722026952:[MRMAID,0052]$MEASFS,140840,3519.750214,40.014203;
1722026988:[SBE61 ,0396]P +20223,T +19443,S +34586
1722026989:[MRMAID,0002]acq started
1722030552:[MRMAID,0003]acq stopped
1722030552:[MRMAID,0052]$MEASFS,140440,3509.753753,40.014203;
1722030587:[SBE61 ,0396]P +20202,T +19353,S +34588
1722030589:[MRMAID,0002]acq started
1722034152:[MRMAID,0003]acq stopped
1722034152:[MRMAID,0052]$MEASFS,140440,3509.753754,40.014203;
1722034187:[SBE61 ,0396]P +20132,T +19219,S +34590
1722034188:[MRMAID,0002]acq started
1722037761:[MRMAID,0003]acq stopped
1722037761:[MRMAID,0052]$MEASFS,140839,3519.725189,40.014204;
1722037797:[SBE61 ,0396]P +20315,T +19258,S +34588
1722037798:[MRMAID,0002]acq started
1722041361:[MRMAID,0003]acq stopped
1722041361:[MRMAID,0052]$MEASFS,140442,3509.803711,40.014204;
1722041396:[SBE61 ,0396]P +20276,T +19304,S +34588
1722041398:[MRMAID,0002]acq started
1722044971:[MRMAID,0003]acq stopped
1722045006:[SBE61 ,0396]P +20256,T +19392,S +34587
1722045007:[MRMAID,0002]acq started
1722048354:[MRMAID,0027]2019dbar, 33degC
1722048511:[MRMAID,0005]ascent request rejected
1722048570:[MRMAID,0003]acq stopped
1722048570:[MRMAID,0052]$MEASFS,140461,3510.278504,40.014204;
1722048606:[SBE61 ,0396]P +20230,T +19367,S +34588
1722048607:[MRMAID,0002]acq started
1722052170:[MRMAID,0003]acq stopped
1722052170:[MRMAID,0052]$MEASFS,140441,3509.778717,40.014204;
1722052205:[SBE61 ,0396]P +20210,T +19302,S +34588
1722052206:[MRMAID,0002]acq started
1722055779:[MRMAID,0003]acq stopped
1722055779:[MRMAID,0052]$MEASFS,140840,3519.750152,40.014204;
1722055815:[SBE61 ,0396]P +20213,T +19235,S +34589
1722055816:[MRMAID,0002]acq started
1722059379:[MRMAID,0003]acq stopped
1722059379:[MRMAID,0052]$MEASFS,140440,3509.753693,40.014204;
1722059414:[SBE61 ,0396]P +20233,T +19286,S +34588
1722059416:[MRMAID,0002]acq started
1722062979:[MRMAID,0003]acq stopped
1722062979:[MRMAID,0052]$MEASFS,140444,3509.853699,40.014203;
1722063014:[SBE61 ,0396]P +20205,T +19246,S +34589
1722063015:[MRMAID,0002]acq started
1722066588:[MRMAID,0003]acq stopped
1722066588:[MRMAID,0052]$MEASFS,140839,3519.725158,40.014204;
1722066624:[SBE61 ,0396]P +20248,T +19290,S +34588
1722066625:[MRMAID,0002]acq started
1722070188:[MRMAID,0003]acq stopped
1722070188:[MRMAID,0052]$MEASFS,140440,3509.753693,40.014204;
1722070223:[SBE61 ,0396]P +20400,T +19412,S +34587
1722070225:[MRMAID,0002]acq started
1722073112:[MAIN  ,0140]stage[1] complete 27273s after mission start
1722073119:[SBE   ,0391]Mode changed from PROFILING to SLEEP
1722073119:[MRMAID,0003]acq stopped
1722073119:[MRMAID,0052]$MEASFS,113694,2841.341034,40.014204;
1722073120:[MAIN  ,0056]stage[2]
1722073122:[MAIN  ,0024]internal pressure 76404Pa
1722073123:[BUOY  ,0037]P+202787mbar
1722073125:[BUOY  ,0087]from +0mbar/s to +9mbar/s
1722073125:[BUOY  ,0090]need to transfer -130mL (valve during 3683ms)
1722073125:[VALVE ,0034]valve opening 3683ms
1722073128:[VALVE ,0234]battery 13322mV,  500322uA, P+202787mbar
1722073450:[BUOY  ,0087]from +7mbar/s to +9mbar/s
1722073450:[BUOY  ,0090]need to transfer -52mL (valve during 1467ms)
1722073450:[VALVE ,0034]valve opening 1467ms
1722073451:[VALVE ,0234]battery 13493mV,  489586uA, P+205057mbar
1722073750:[PRESS ,0038]P+207557mbar,T+32767mdegC
1722074400:[PRESS ,0038]P+212777mbar,T+32767mdegC
1722075050:[PRESS ,0038]P+218347mbar,T+32767mdegC
1722075699:[PRESS ,0038]P+223957mbar,T+32767mdegC
1722076049:[BUOY  ,0087]from +9mbar/s to +6mbar/s
1722076049:[PUMP  ,0378]Outflow calculated : 2697
1722076049:[BUOY  ,0089]need to transfer +72mL (pump during 106038ms)
1722076050:[PUMP  ,0016]pump during 60000ms
1722076109:[PUMP  ,0212]battery 13412mV,  992592uA (steady state), P+226927mbar
1722076351:[PRESS ,0038]P+229217mbar,T+32767mdegC
1722077022:[PRESS ,0038]P+234227mbar,T+32767mdegC
1722077025:[BUOY  ,0087]from +8mbar/s to +6mbar/s
1722077025:[PUMP  ,0378]Outflow calculated : 2692
1722077025:[BUOY  ,0089]need to transfer +44mL (pump during 65089ms)
1722077027:[PUMP  ,0016]pump during 60000ms
1722077086:[PUMP  ,0212]battery 13577mV, 1007476uA (steady state), P+234227mbar
1722077977:[PRESS ,0038]P+240397mbar,T+32767mdegC
1722078651:[BUOY  ,0087]from +6mbar/s to +2mbar/s
1722078651:[PUMP  ,0378]Outflow calculated : 2686
1722078651:[BUOY  ,0089]need to transfer +52mL (pump during 76923ms)
1722078653:[PUMP  ,0016]pump during 60000ms
1722078712:[PUMP  ,0212]battery 13690mV, 1037732uA (steady state), P+244457mbar
1722078953:[PRESS ,0038]P+245937mbar,T+32767mdegC
1722078978:[STAGE ,0213]246067mbar reached at 1722078978s, ref 250000mbar +/-5000mbar
1722078978:[BUOY  ,0087]from +5mbar/s to +0mbar/s
1722078978:[PUMP  ,0378]Outflow calculated : 2683
1722078978:[BUOY  ,0089]need to transfer +40mL (pump during 60514ms)
1722078979:[PUMP  ,0016]pump during 60000ms
1722079038:[PUMP  ,0212]battery 13571mV, 1037610uA (steady state), P+246067mbar
1722079304:[BUOY  ,0087]from +4mbar/s to +0mbar/s
1722079304:[PUMP  ,0378]Outflow calculated : 2682
1722079304:[BUOY  ,0089]need to transfer +26mL (pump during 39322ms)
1722079305:[PUMP  ,0016]pump during 39322ms
1722079344:[PUMP  ,0212]battery 13557mV, 1047248uA (steady state), P+247147mbar
1722082032:[BUOY  ,0087]from +1mbar/s to +0mbar/s
1722082032:[PUMP  ,0378]Outflow calculated : 2683
1722082032:[BUOY  ,0089]need to transfer +2mL (pump during 2948ms)
1722082033:[PUMP  ,0016]pump during 2948ms
1722082358:[BUOY  ,0087]from +1mbar/s to +0mbar/s
1722082358:[PUMP  ,0378]Outflow calculated : 2683
1722082358:[BUOY  ,0089]need to transfer +2mL (pump during 2952ms)
1722082359:[PUMP  ,0016]pump during 2952ms
1722087487:[MAIN  ,0140]stage[2] complete -23888s after mission start
1722087487:[MAIN  ,0056]stage[3]
1722087489:[MAIN  ,0024]internal pressure 76735Pa
1722087489:[SBE   ,0391]Mode changed from SLEEP to UPDATE
1722087490:[BUOY  ,0037]P+249007mbar
1722087492:[BUOY  ,0087]from -1mbar/s to -10mbar/s
1722087492:[PUMP  ,0378]Outflow calculated : 2684
1722087492:[BUOY  ,0089]need to transfer +158mL (pump during 232695ms)
1722087493:[PUMP  ,0016]pump during 60000ms
1722087493:[SBE   ,0391]Mode changed from UPDATE to START
1722087552:[PUMP  ,0212]battery 13731mV, 1063840uA (steady state), P+248997mbar
1722087818:[BUOY  ,0087]from -4mbar/s to -10mbar/s
1722087818:[PUMP  ,0378]Outflow calculated : 2683
1722087818:[BUOY  ,0089]need to transfer +134mL (pump during 200599ms)
1722087819:[PUMP  ,0016]pump during 60000ms
1722087820:[SBE   ,0384]Start profil acquisitions
1722087820:[SBE   ,0391]Mode changed from START to PROFILING
1722087878:[PUMP  ,0212]battery 13593mV, 1084092uA (steady state), P+247717mbar
1722088144:[BUOY  ,0087]from -5mbar/s to -10mbar/s
1722088144:[PUMP  ,0378]Outflow calculated : 2684
1722088144:[BUOY  ,0089]need to transfer +120mL (pump during 179641ms)
1722088146:[PUMP  ,0016]pump during 60000ms
1722088205:[PUMP  ,0212]battery 13561mV, 1049200uA (steady state), P+245937mbar
1722088471:[BUOY  ,0087]from -7mbar/s to -10mbar/s
1722088471:[PUMP  ,0378]Outflow calculated : 2684
1722088471:[BUOY  ,0089]need to transfer +82mL (pump during 124620ms)
1722088472:[PUMP  ,0016]pump during 60000ms
1722088531:[PUMP  ,0212]battery 13552mV, 1054446uA (steady state), P+243807mbar
1722088797:[BUOY  ,0087]from -7mbar/s to -10mbar/s
1722088797:[PUMP  ,0378]Outflow calculated : 2685
1722088797:[BUOY  ,0089]need to transfer +82mL (pump during 124431ms)
1722088798:[PUMP  ,0016]pump during 60000ms
1722088857:[PUMP  ,0212]battery 13562mV, 1037854uA (steady state), P+241617mbar
1722089099:[PRESS ,0038]P+239457mbar,T+32767mdegC
1722089123:[BUOY  ,0087]from -6mbar/s to -10mbar/s
1722089124:[PUMP  ,0378]Outflow calculated : 2686
1722089124:[BUOY  ,0089]need to transfer +102mL (pump during 155488ms)
1722089125:[PUMP  ,0016]pump during 60000ms
1722089184:[PUMP  ,0212]battery 13565mV, 1032974uA (steady state), P+239307mbar
1722089450:[BUOY  ,0087]from -8mbar/s to -10mbar/s
1722089450:[PUMP  ,0378]Outflow calculated : 2687
1722089450:[BUOY  ,0089]need to transfer +58mL (pump during 88415ms)
1722089451:[PUMP  ,0016]pump during 60000ms
1722089510:[PUMP  ,0212]battery 13570mV, 1023946uA (steady state), P+236737mbar
1722089752:[PRESS ,0038]P+234267mbar,T+32767mdegC
1722089776:[BUOY  ,0087]from -9mbar/s to -10mbar/s
1722089776:[PUMP  ,0378]Outflow calculated : 2688
1722089776:[BUOY  ,0089]need to transfer +30mL (pump during 46052ms)
1722089778:[PUMP  ,0016]pump during 46052ms
1722089824:[PUMP  ,0212]battery 13577mV, 1016870uA (steady state), P+234027mbar
1722090403:[PRESS ,0038]P+228377mbar,T+32767mdegC
1722090752:[BUOY  ,0087]from -8mbar/s to -10mbar/s
1722090753:[PUMP  ,0378]Outflow calculated : 2696
1722090753:[BUOY  ,0089]need to transfer +58mL (pump during 86310ms)
1722090754:[PUMP  ,0016]pump during 60000ms
1722090813:[PUMP  ,0212]battery 13688mV,  978196uA (steady state), P+225217mbar
1722091054:[PRESS ,0038]P+222387mbar,T+32767mdegC
1722091404:[BUOY  ,0087]from -9mbar/s to -10mbar/s
1722091404:[PUMP  ,0378]Outflow calculated : 2700
1722091404:[BUOY  ,0089]need to transfer +30mL (pump during 44727ms)
1722091405:[PUMP  ,0016]pump during 44727ms
1722091449:[PUMP  ,0212]battery 13666mV,  963312uA (steady state), P+219017mbar
1722091705:[PRESS ,0038]P+216027mbar,T+32767mdegC
1722092355:[PRESS ,0038]P+209487mbar,T+32767mdegC
1722093005:[PRESS ,0038]P+203027mbar,T+32767mdegC
1722093655:[PRESS ,0038]P+196357mbar,T+32767mdegC
1722094305:[PRESS ,0038]P+189557mbar,T+32767mdegC
1722094954:[PRESS ,0038]P+182827mbar,T+32767mdegC
1722095304:[BUOY  ,0087]from -9mbar/s to -10mbar/s
1722095304:[PUMP  ,0378]Outflow calculated : 2724
1722095304:[BUOY  ,0089]need to transfer +30mL (pump during 44195ms)
1722095305:[PUMP  ,0016]pump during 44195ms
1722095349:[PUMP  ,0212]battery 13768mV,  822036uA (steady state), P+179357mbar
1722095606:[PRESS ,0038]P+176407mbar,T+32767mdegC
1722096256:[PRESS ,0038]P+170167mbar,T+32767mdegC
1722096280:[BUOY  ,0087]from -9mbar/s to -10mbar/s
1722096280:[PUMP  ,0378]Outflow calculated : 2730
1722096280:[BUOY  ,0089]need to transfer +30mL (pump during 44191ms)
1722096282:[PUMP  ,0016]pump during 44191ms
1722096326:[PUMP  ,0212]battery 13776mV,  786290uA (steady state), P+169937mbar
1722096907:[PRESS ,0038]P+163607mbar,T+32767mdegC
1722097557:[PRESS ,0038]P+156987mbar,T+32767mdegC
1722098206:[PRESS ,0038]P+150357mbar,T+32767mdegC
1722098231:[BUOY  ,0087]from -9mbar/s to -10mbar/s
1722098231:[PUMP  ,0378]Outflow calculated : 2742
1722098231:[BUOY  ,0089]need to transfer +30mL (pump during 43945ms)
1722098233:[PUMP  ,0016]pump during 43945ms
1722098276:[PUMP  ,0212]battery 13812mV,  723826uA (steady state), P+150117mbar
1722098858:[PRESS ,0038]P+143497mbar,T+32767mdegC
1722099207:[BUOY  ,0087]from -9mbar/s to -10mbar/s
1722099207:[PUMP  ,0378]Outflow calculated : 2748
1722099208:[BUOY  ,0089]need to transfer +30mL (pump during 43882ms)
1722099209:[PUMP  ,0016]pump during 43882ms
1722099252:[PUMP  ,0212]battery 13817mV,  681370uA (steady state), P+140057mbar
1722099509:[PRESS ,0038]P+137277mbar,T+32767mdegC
1722099859:[BUOY  ,0087]from -9mbar/s to -10mbar/s
1722099859:[PUMP  ,0378]Outflow calculated : 2751
1722099859:[BUOY  ,0089]need to transfer +30mL (pump during 43910ms)
1722099860:[PUMP  ,0016]pump during 43910ms
1722099903:[PUMP  ,0212]battery 13805mV,  660874uA (steady state), P+134097mbar
1722100160:[PRESS ,0038]P+131197mbar,T+32767mdegC
1722100185:[BUOY  ,0087]from -9mbar/s to -10mbar/s
1722100185:[PUMP  ,0378]Outflow calculated : 2753
1722100185:[BUOY  ,0089]need to transfer +30mL (pump during 43879ms)
1722100187:[PUMP  ,0016]pump during 43879ms
1722100230:[PUMP  ,0212]battery 13781mV,  648674uA (steady state), P+130947mbar
1722100812:[PRESS ,0038]P+124147mbar,T+32767mdegC
1722101461:[PRESS ,0038]P+116697mbar,T+32767mdegC
1722102111:[PRESS ,0038]P+109637mbar,T+32767mdegC
1722102761:[PRESS ,0038]P+102457mbar,T+32767mdegC
1722103411:[PRESS ,0038]P +95717mbar,T+32767mdegC
1722103436:[BUOY  ,0087]from -9mbar/s to -10mbar/s
1722103436:[PUMP  ,0378]Outflow calculated : 2775
1722103436:[BUOY  ,0089]need to transfer +30mL (pump during 43373ms)
1722103437:[PUMP  ,0016]pump during 43373ms
1722103480:[PUMP  ,0212]battery 13890mV,  525820uA (steady state), P +95477mbar
1722103762:[BUOY  ,0087]from -9mbar/s to -10mbar/s
1722103762:[PUMP  ,0378]Outflow calculated : 2776
1722103762:[BUOY  ,0089]need to transfer +30mL (pump during 43358ms)
1722103763:[PUMP  ,0016]pump during 43358ms
1722103806:[PUMP  ,0212]battery 13885mV,  512522uA (steady state), P +92347mbar
1722104064:[PRESS ,0038]P +89357mbar,T+32767mdegC
1722104088:[BUOY  ,0087]from -9mbar/s to -10mbar/s
1722104089:[PUMP  ,0378]Outflow calculated : 2778
1722104089:[BUOY  ,0089]need to transfer +30mL (pump during 43688ms)
1722104090:[PUMP  ,0016]pump during 43688ms
1722104133:[PUMP  ,0212]battery 13878mV,  500566uA (steady state), P +89137mbar
1722104715:[PRESS ,0038]P +81987mbar,T+32767mdegC
1722105365:[PRESS ,0038]P +75157mbar,T+32767mdegC
1722106015:[PRESS ,0038]P +68487mbar,T+32767mdegC
1722106364:[BUOY  ,0087]from -9mbar/s to -10mbar/s
1722106364:[PUMP  ,0378]Outflow calculated : 2793
1722106364:[BUOY  ,0089]need to transfer +30mL (pump during 43059ms)
1722106366:[PUMP  ,0016]pump during 43059ms
1722106409:[PUMP  ,0212]battery 13966mV,  417850uA (steady state), P +65097mbar
1722106666:[PRESS ,0038]P +62167mbar,T+32767mdegC
1722107316:[PRESS ,0038]P +54707mbar,T+32767mdegC
1722107665:[BUOY  ,0087]from -9mbar/s to -10mbar/s
1722107665:[PUMP  ,0378]Outflow calculated : 2801
1722107665:[BUOY  ,0089]need to transfer +30mL (pump during 42934ms)
1722107667:[PUMP  ,0016]pump during 42934ms
1722107709:[PUMP  ,0212]battery 14021mV,  374052uA (steady state), P +51277mbar
1722107967:[PRESS ,0038]P +48537mbar,T+32767mdegC
1722108617:[PRESS ,0038]P +41637mbar,T+32767mdegC
1722109267:[PRESS ,0038]P +34657mbar,T+32767mdegC
1722109616:[BUOY  ,0087]from -9mbar/s to -10mbar/s
1722109616:[PUMP  ,0378]Outflow calculated : 2813
1722109616:[BUOY  ,0089]need to transfer +30mL (pump during 42693ms)
1722109618:[PUMP  ,0016]pump during 42693ms
1722109660:[PUMP  ,0212]battery 14145mV,  287432uA (steady state), P +31167mbar
1722109918:[PRESS ,0038]P +28137mbar,T+32767mdegC
1722110268:[BUOY  ,0087]from -9mbar/s to -10mbar/s
1722110268:[PUMP  ,0378]Outflow calculated : 2817
1722110268:[BUOY  ,0089]need to transfer +30mL (pump during 42678ms)
1722110269:[PUMP  ,0016]pump during 42678ms
1722110311:[PUMP  ,0212]battery 14207mV,  257664uA (steady state), P +24697mbar
1722110569:[PRESS ,0038]P +22127mbar,T+32767mdegC
1722110594:[BUOY  ,0087]from -9mbar/s to -10mbar/s
1722110594:[PUMP  ,0378]Outflow calculated : 2819
1722110594:[BUOY  ,0089]need to transfer +30mL (pump during 42648ms)
1722110595:[PUMP  ,0016]pump during 42648ms
1722110637:[PUMP  ,0212]battery 14227mV,  249002uA (steady state), P +21877mbar
1722111221:[PRESS ,0038]P +15087mbar,T+32767mdegC
1722111570:[BUOY  ,0087]from -9mbar/s to -10mbar/s
1722111570:[PUMP  ,0378]Outflow calculated : 2825
1722111570:[BUOY  ,0089]need to transfer +30mL (pump during 42484ms)
1722111572:[PUMP  ,0016]pump during 42484ms
1722111614:[PUMP  ,0212]battery 14327mV,  208376uA (steady state), P +11597mbar
1722111872:[PRESS ,0038]P  +8457mbar,T+32767mdegC
1722112221:[BUOY  ,0087]from -9mbar/s to -10mbar/s
1722112222:[PUMP  ,0378]Outflow calculated : 2829
1722112222:[BUOY  ,0089]need to transfer +30mL (pump during 42410ms)
1722112223:[PUMP  ,0016]pump during 42410ms
1722112265:[PUMP  ,0212]battery 14382mV,  190930uA (steady state), P  +5207mbar
1722112523:[PRESS ,0038]P  +2707mbar,T+32767mdegC
1722112548:[BUOY  ,0087]from -6mbar/s to -10mbar/s
1722112548:[PUMP  ,0378]Outflow calculated : 2830
1722112548:[BUOY  ,0089]need to transfer +102mL (pump during 144068ms)
1722112549:[PUMP  ,0016]pump during 60000ms
1722112608:[PUMP  ,0212]battery 14422mV,  178974uA (steady state), P  +2517mbar
1722112874:[STAGE ,0214]327mbar (500) reached at 1722112874s, ascending from 249007mbar
1722112874:[STAGE ,0342]The float reached the surface : OK
1722112874:[MAIN  ,0140]stage[3] complete 1499s after mission start
1722112874:[SBE   ,0391]Mode changed from PROFILING to SLEEP
1722112875:[SBE   ,0391]Mode changed from SLEEP to STOP
1722113030:[SBE   ,0391]Mode changed from STOP to SLEEP
1722113031:[SBE   ,0391]Mode changed from SLEEP to DUMP
1722113031:[SBE   ,0343]SBE dump : 453 stored samples in hexa format
1722113045:[SBE   ,0338]Dump finished
1722113046:[SBE   ,0388]453 samples in 0100/66A4F841.S61
1722113046:[SBE   ,0391]Mode changed from DUMP to SLEEP
1722113046:[MRMAID,0188]acq already stopped
1722113047:[MSSION,0192]mission stopped, 4 stage(s) done
1722113047:[MAIN  ,0065]surfacing
1722113048:[SURFIN,0036]P   -143mbar
1722113050:[SURFIN,0020]filling external bladder
1722113052:[PUMP  ,0016]pump during 30000ms
1722113081:[PUMP  ,0212]battery 13692mV, 1283196uA (steady state), P   -143mbar
1722113098:[PUMP  ,0016]pump during 30000ms
1722113118:[PUMP  ,0212]battery 14878mV,   13054uA (steady state), P   -143mbar
1722113118:[PUMP  ,0019]external bladder full
1722113180:[MAIN  ,0272]Vbat 14866mV (min 14213mV)
1722113183:[MAIN  ,0024]internal pressure 76628Pa
1722113183:[MAIN  ,0043]Pext 185mbar (rng 40mbar)
1722113183:[MAIN  ,0064]surface
1722113194:[SURF  ,0022]GPS fix...
1722113228:[SURF  ,0015]10 PPS detected...
1722113230:[MRMAID,0052]$GPSACK:+0,+0,+0,+0,+0,-2,-181518;
1722113240:[MRMAID,0052]$GPSOFF:3686331;
1722113241:[GPSFIX,0179]-12s diff
1722113253:[SURF  ,0222]2024-07-27T20:47:33
1722113253:[SURF  ,0082]N29deg05.408mn, E138deg16.794mn
1722113253:[SURF  ,0084]hdop 1.020, vdop 1.670
1722113263:[SURF  ,0274]last almanac : 867653
1722113640:[MRMAID,0026]145951 bytes in 0100/66A55CF4.MER
1722113646:[MAIN  ,0320]New pressure offset: 185mbar
1722113646:[SBE   ,0391]Mode changed from SLEEP to RESETOFFSET
1722113708:[SBE   ,0339]new offset = -3.30 received after 63s
1722113708:[SBE   ,0391]Mode changed from RESETOFFSET to SLEEP
1722113709:[MAIN  ,0078]*** switching to 0100/66A55EAD ***
