1706480372:[MAIN  ,0007]buoy 467.174-T-0100
1706480372:[MAIN  ,0055]soft pilotage 467.174.300_V2.67-20230503
1706480372:[MAIN  ,0010]cycle 24
1706480372:[SURF  ,0225]surface2
1706480386:[SURF  ,0022]GPS fix...
1706480406:[SURF  ,0015]10 PPS detected...
1706480407:[MRMAID,0052]$GPSACK:+0,+0,+0,+0,+0,+1,-999969;
1706480417:[MRMAID,0052]$GPSOFF:3686332;
1706480420:[GPSFIX,0179]+0s diff
1706480420:[SURF  ,0222]2024-01-28T22:20:20
1706480420:[SURF  ,0082]N28deg41.643mn, E139deg09.597mn
1706480420:[SURF  ,0084]hdop 0.980, vdop 1.820
1706480430:[SURF  ,0025]Iridium...
1706480459:[SURF  ,0009]connected in 29s, signal quality 5
1706480597:[SURF  ,0218]prompt received, remote cmd end
1706480597:[SURF  ,0012]45 cmd(s) received
1706480619:[UPLOAD,0248]Upload data files...
1706480691:[UPLOAD,0231]"0100/65B65930.S61" uploaded at 70bytes/s
1706481262:[SURF  ,0014]disconnected after 832s
1706481267:[SURFIN,0020]filling external bladder
1706481268:[PUMP  ,0016]pump during 30000ms
1706481269:[PUMP  ,0019]external bladder full
1706481269:[SURF  ,0069]transfer interrupted , retry
1706481281:[SURF  ,0022]GPS fix...
1706481301:[SURF  ,0015]10 PPS detected...
1706481302:[MRMAID,0052]$GPSACK:+0,+0,+0,+0,+0,+0,-30;
1706481312:[MRMAID,0052]$GPSOFF:3686332;
1706481314:[GPSFIX,0179]-1s diff
1706481315:[SURF  ,0222]2024-01-28T22:35:15
1706481315:[SURF  ,0082]N28deg41.493mn, E139deg09.537mn
1706481315:[SURF  ,0084]hdop 0.790, vdop 1.380
1706481325:[SURF  ,0025]Iridium...
1706481369:[SURF  ,0009]connected in 44s, signal quality 5
1706481447:[SURF  ,0218]prompt received, remote cmd end
1706481447:[SURF  ,0012]30 cmd(s) received
1706481467:[UPLOAD,0248]Upload data files...
1706481654:[SURF  ,0014]disconnected after 329s
1706481659:[SURFIN,0020]filling external bladder
1706481661:[PUMP  ,0016]pump during 30000ms
1706481674:[PUMP  ,0212]battery 14202mV, 1072990uA (steady state), P   +270mbar
1706481674:[PUMP  ,0019]external bladder full
1706481674:[SURF  ,0069]transfer interrupted , retry
1706481685:[SURF  ,0022]GPS fix...
1706481705:[SURF  ,0015]10 PPS detected...
1706481706:[MRMAID,0052]$GPSACK:+0,+0,+0,+0,+0,+1,-999969;
1706481716:[MRMAID,0052]$GPSOFF:3686331;
1706481719:[GPSFIX,0179]+0s diff
1706481719:[SURF  ,0222]2024-01-28T22:41:59
1706481719:[SURF  ,0082]N28deg41.427mn, E139deg09.515mn
1706481719:[SURF  ,0084]hdop 0.730, vdop 1.250
1706481729:[SURF  ,0025]Iridium...
1706481768:[SURF  ,0009]connected in 39s, signal quality 5
1706481986:[SURF  ,0218]prompt received, remote cmd end
1706481986:[SURF  ,0012]85 cmd(s) received
1706482010:[UPLOAD,0248]Upload data files...
1706482232:[SURF  ,0014]disconnected after 503s
1706482237:[SURFIN,0020]filling external bladder
1706482239:[PUMP  ,0019]external bladder full
1706482239:[SURF  ,0069]transfer interrupted , retry
1706482250:[SURF  ,0022]GPS fix...
1706482270:[SURF  ,0015]10 PPS detected...
1706482271:[MRMAID,0052]$GPSACK:+0,+0,+0,+0,+0,+0,-61;
1706482281:[MRMAID,0052]$GPSOFF:3686331;
1706482283:[GPSFIX,0179]-1s diff
1706482284:[SURF  ,0222]2024-01-28T22:51:24
1706482284:[SURF  ,0082]N28deg41.326mn, E139deg09.486mn
1706482284:[SURF  ,0084]hdop 0.700, vdop 1.100
1706482294:[SURF  ,0025]Iridium...
1706482294:[MODEM ,0347]<ERR>ping error
1706482294:[SURF  ,0023]<WARN>failed to connect #1, code -1, net -1, qual -1, dial -1
1706482322:[SURF  ,0023]<WARN>failed to connect #2, code -5, net 4, qual -1, dial -1
1706482377:[SURF  ,0009]connected in 83s, signal quality 3
1706482619:[SURF  ,0218]prompt received, remote cmd end
1706482619:[SURF  ,0012]100 cmd(s) received
1706482638:[UPLOAD,0248]Upload data files...
1706483509:[SURF  ,0014]disconnected after 1215s
1706483514:[SURFIN,0020]filling external bladder
1706483515:[PUMP  ,0019]external bladder full
1706483515:[SURF  ,0069]transfer interrupted , retry
1706483526:[SURF  ,0022]GPS fix...
1706483546:[SURF  ,0015]10 PPS detected...
1706483547:[MRMAID,0052]$GPSACK:+0,+0,+0,+0,+0,+0,-30;
1706483557:[MRMAID,0052]$GPSOFF:3686331;
1706483559:[GPSFIX,0179]-1s diff
1706483560:[SURF  ,0222]2024-01-28T23:12:40
1706483560:[SURF  ,0082]N28deg41.088mn, E139deg09.448mn
1706483560:[SURF  ,0084]hdop 0.610, vdop 0.830
1706483570:[SURF  ,0025]Iridium...
1706483606:[SURF  ,0009]connected in 36s, signal quality 5
1706483727:[SURF  ,0218]prompt received, remote cmd end
1706483727:[SURF  ,0012]21 cmd(s) received
1706483752:[UPLOAD,0248]Upload data files...
1706483802:[ZIO   ,0236]5 consecutive CAN received, aborting
1706483848:[SURF  ,0014]disconnected after 278s
1706483853:[SURFIN,0020]filling external bladder
1706483855:[PUMP  ,0019]external bladder full
1706483855:[SURF  ,0069]transfer interrupted , retry
1706483866:[SURF  ,0022]GPS fix...
1706483886:[SURF  ,0015]10 PPS detected...
1706483887:[MRMAID,0052]$GPSACK:+0,+0,+0,+0,+0,+0,+0;
1706483897:[MRMAID,0052]$GPSOFF:3686331;
1706483899:[GPSFIX,0179]-1s diff
1706483900:[SURF  ,0222]2024-01-28T23:18:20
1706483900:[SURF  ,0082]N28deg41.025mn, E139deg09.444mn
1706483900:[SURF  ,0084]hdop 0.630, vdop 0.830
1706483910:[SURF  ,0025]Iridium...
1706483948:[SURF  ,0009]connected in 38s, signal quality 5
1706484095:[SURF  ,0218]prompt received, remote cmd end
1706484095:[SURF  ,0012]23 cmd(s) received
1706484121:[UPLOAD,0248]Upload data files...
1706484493:[SURF  ,0014]disconnected after 583s
1706484498:[SURFIN,0020]filling external bladder
1706484500:[PUMP  ,0016]pump during 30000ms
1706484503:[PUMP  ,0212]battery 14238mV, 1053470uA (steady state), P   +270mbar
1706484503:[PUMP  ,0019]external bladder full
1706484503:[SURF  ,0069]transfer interrupted , retry
1706484514:[SURF  ,0022]GPS fix...
1706484534:[SURF  ,0015]10 PPS detected...
1706484535:[MRMAID,0052]$GPSACK:+0,+0,+0,+0,+0,+1,-999969;
1706484545:[MRMAID,0052]$GPSOFF:3686330;
1706484547:[GPSFIX,0179]-1s diff
1706484548:[SURF  ,0222]2024-01-28T23:29:08
1706484548:[SURF  ,0082]N28deg40.905mn, E139deg09.434mn
1706484548:[SURF  ,0084]hdop 0.650, vdop 0.930
1706484558:[SURF  ,0025]Iridium...
1706484586:[SURF  ,0009]connected in 28s, signal quality 5
1706484696:[SURF  ,0218]prompt received, remote cmd end
1706484696:[SURF  ,0012]21 cmd(s) received
1706484720:[UPLOAD,0248]Upload data files...
1706485124:[UPLOAD,0231]"0100/65B6D1B2.MER" uploaded at 73bytes/s
1706485478:[ZIO   ,0240]"NO CARRIER" received, aborting
1706485493:[SURF  ,0014]disconnected after 935s
1706485498:[SURFIN,0020]filling external bladder
1706485499:[PUMP  ,0016]pump during 30000ms
1706485503:[PUMP  ,0212]battery 14297mV, 1058472uA (steady state), P   +270mbar
1706485503:[PUMP  ,0019]external bladder full
1706485503:[SURF  ,0069]transfer interrupted , retry
1706485514:[SURF  ,0022]GPS fix...
1706485534:[SURF  ,0015]10 PPS detected...
1706485535:[MRMAID,0052]$GPSACK:+0,+0,+0,+0,+0,+0,-91;
1706485545:[MRMAID,0052]$GPSOFF:3686330;
1706485547:[GPSFIX,0179]-1s diff
1706485548:[SURF  ,0222]2024-01-28T23:45:48
1706485548:[SURF  ,0082]N28deg40.712mn, E139deg09.417mn
1706485548:[SURF  ,0084]hdop 0.670, vdop 1.000
1706485558:[SURF  ,0025]Iridium...
1706485763:[SURF  ,0023]<WARN>failed to connect #1, code -8, net 1, qual 5, dial 1
1706485989:[SURF  ,0023]<WARN>failed to connect #2, code -8, net 1, qual 5, dial 1
1706486037:[SURF  ,0009]connected in 479s, signal quality 5
1706486184:[SURF  ,0218]prompt received, remote cmd end
1706486184:[SURF  ,0012]21 cmd(s) received
1706486206:[UPLOAD,0248]Upload data files...
1706486365:[UPLOAD,0231]"0100/65A9A719.BIN" uploaded at 139bytes/s
1706486380:[MAIN  ,0013]1 file(s) uploaded
1706486409:[SURF  ,0014]disconnected after 851s
1706486414:[SURF  ,0227]1st complete transfer
1706486414:[SURF  ,0226]Go dive
1706486426:[SURF  ,0022]GPS fix...
1706486446:[SURF  ,0015]10 PPS detected...
1706486447:[MRMAID,0052]$GPSACK:+0,+0,+0,+0,+0,+0,+0;
1706486457:[MRMAID,0052]$GPSOFF:3686330;
1706486459:[GPSFIX,0179]-1s diff
1706486460:[SURF  ,0222]2024-01-29T00:01:00
1706486460:[SURF  ,0082]N28deg40.541mn, E139deg09.395mn
1706486460:[SURF  ,0084]hdop 0.660, vdop 1.000
1706486477:[MAIN  ,0024]internal pressure 75243Pa
1706486478:[BYCMD ,0120]    bypass 20000ms 120000ms (20000ms 60000ms stored)
1706486478:[BYCMD ,0121]    valve 60000ms 12750 (60000ms 12750 stored)
1706486478:[BYCMD ,0376]    pump 60000ms 2832 8320 418 (60000ms 2832 8320 418 stored)
1706486478:[BYCMD ,0123]    rate 2mbar/s (2mbar/s stored)
1706486478:[BYCMD ,0124]    surface 500mbar (500mbar stored)
1706486478:[BYCMD ,0173]    near 7000mbar 2:2:3mbar/s (15000mbar 2:2:3mbar/s stored)
1706486478:[BYCMD ,0380]    middle 6mbar/s (6mbar/s stored)
1706486478:[BYCMD ,0126]    far 25000mbar 9mbar/s (25000mbar 9mbar/s stored)
1706486478:[BYCMD ,0127]    ascent 10mbar/s (10mbar/s stored)
1706486478:[BYCMD ,0128]    dead 300s (300s stored)
1706486478:[BYCMD ,0129]    coeff 16/10 (16/10 stored)
1706486478:[BYCMD ,0130]    stab 10 (10 stored)
1706486478:[BYCMD ,0131]    delay 900s 18000s (900s 3600s stored)
1706486478:[BYCMD ,0132]    mmtime 14400min (2880min stored)
1706486478:[BYCMD ,0133]    dv_landing 100ml (100ml stored)
1706486478:[BYCMD ,0381]    landing confirmation 5 (5 stored)
1706486478:[BYCMD ,0379]    cycle nb 1 (1 stored)
1706486478:[P2TCMD,0150]    p2t37: 15x2000ms, offset 258mbar
1706486479:[P2TCMD,0151]    p2t37: dp 5000mbar, dt 1000000mdegC
1706486479:[STAGE ,0080]Stage [0] 200000mbar (+/-5000mbar) 25200s (<25200s) 
1706486479:[STAGE ,0080]Stage [1] 200000mbar (+/-5000mbar) 788400s (<813600s) MERMAID SBE61 
1706486479:[PROFIL,0302]    manual_profil=1
1706486479:[PROFIL,0303]    manual_profil_rate=1 hours
1706486479:[STAGE ,0080]Stage [2] 300000mbar (+/-5000mbar) 14400s (<828000s) 
1706486479:[STAGE ,0091]Stage [3] surfacing 36000s (<864000s) SBE61 
1706486479:[PROFIL,0284]    speed_detection=1
1706486479:[PROFIL,0285]    bin_average_output=1
1706486479:[PROFIL,0287]    include_transition_bin=1
1706486479:[PROFIL,0304]    include_nbin=1
1706486479:[PROFIL,0301]    load_test_sample=0
1706486479:[PROFIL,0288]    p_cut_off=2dbar
1706486479:[PROFIL,0289]    top_bin_interval=2dbar
1706486479:[PROFIL,0290]    top_bin_size=2dbar
1706486479:[PROFIL,0291]    top_bin_max=500dbar
1706486479:[PROFIL,0292]    middle_bin_interval=10dbar
1706486479:[PROFIL,0293]    middle_bin_size=10dbar
1706486479:[PROFIL,0294]    middle_bin_max=3000dbar
1706486479:[PROFIL,0295]    bottom_bin_interval=50dbar
1706486479:[PROFIL,0296]    bottom_bin_size=50dbar
1706486479:[PROFIL,0297]    pump_time=0s
1706486479:[PROFIL,0298]    speed_start=2mbar/s
1706486479:[PROFIL,0299]    speed_control=10mbar/s
1706486479:[MAIN  ,0070]turn off bluetooth
1706486507:[DIVING,0141]diving from -38mbar, +0mbar/s
1706486507:[BYPASS,0035]bypass opening 120000ms
1706486512:[BYPASS,0104]battery 14721mV,  259372uA (bypass opening), P    -38mbar
1706486637:[BYPASS,0106]battery 14707mV,  301462uA (bypass closing), P    -38mbar
1706486663:[BYPASS,0035]bypass opening 20000ms
1706486668:[BYPASS,0104]battery 14766mV,  261080uA (bypass opening), P   -208mbar
1706486694:[BYPASS,0106]battery 14715mV,  300364uA (bypass closing), P   -208mbar
1706486720:[BYPASS,0035]bypass opening 20000ms
1706486725:[BYPASS,0104]battery 14773mV,  257298uA (bypass opening), P   -218mbar
1706486750:[BYPASS,0106]battery 14717mV,  299388uA (bypass closing), P   -218mbar
1706486777:[BYPASS,0035]bypass opening 20000ms
1706486782:[BYPASS,0104]battery 14777mV,  255956uA (bypass opening), P   -228mbar
1706486807:[BYPASS,0106]battery 14718mV,  298534uA (bypass closing), P   -228mbar
1706486833:[BYPASS,0035]bypass opening 20000ms
1706486838:[BYPASS,0104]battery 14777mV,  255834uA (bypass opening), P   -218mbar
1706486863:[BYPASS,0106]battery 14718mV,  297924uA (bypass closing), P   -218mbar
1706486950:[DIVING,0028]512mbar reached (+7mbar/s), 5 bypass done
1706486950:[MAIN  ,0056]stage[0]
1706486953:[MAIN  ,0024]internal pressure 80647Pa
1706486953:[BUOY  ,0037]P   +552mbar
1706486955:[BUOY  ,0087]from +7mbar/s to +9mbar/s
1706486955:[BUOY  ,0090]need to transfer -52mL (valve during 28826ms)
1706486955:[VALVE ,0034]valve opening 28826ms
1706486984:[VALVE ,0234]battery 14488mV,  487390uA, P   +552mbar
1706487905:[PRESS ,0038]P  +9142mbar,T+32767mdegC
1706488555:[PRESS ,0038]P +14822mbar,T+32767mdegC
1706489205:[PRESS ,0038]P +20452mbar,T+32767mdegC
1706489855:[PRESS ,0038]P +25652mbar,T+32767mdegC
1706489879:[BUOY  ,0087]from +7mbar/s to +9mbar/s
1706489880:[BUOY  ,0090]need to transfer -52mL (valve during 4144ms)
1706489880:[VALVE ,0034]valve opening 4144ms
1706489884:[VALVE ,0234]battery 14420mV,  484096uA, P +25832mbar
1706490205:[BUOY  ,0087]from +7mbar/s to +9mbar/s
1706490205:[BUOY  ,0090]need to transfer -52mL (valve during 3946ms)
1706490205:[VALVE ,0034]valve opening 3946ms
1706490209:[VALVE ,0234]battery 14411mV,  483852uA, P +28372mbar
1706490505:[PRESS ,0038]P +30922mbar,T+32767mdegC
1706491155:[PRESS ,0038]P +37002mbar,T+32767mdegC
1706491805:[PRESS ,0038]P +42992mbar,T+32767mdegC
1706492454:[PRESS ,0038]P +48362mbar,T+32767mdegC
1706493104:[PRESS ,0038]P +54592mbar,T+32767mdegC
1706493754:[PRESS ,0038]P +60382mbar,T+32767mdegC
1706494404:[PRESS ,0038]P +66272mbar,T+32767mdegC
1706495053:[PRESS ,0038]P +72452mbar,T+32767mdegC
1706495403:[BUOY  ,0087]from +7mbar/s to +9mbar/s
1706495403:[BUOY  ,0090]need to transfer -52mL (valve during 2420ms)
1706495403:[VALVE ,0034]valve opening 2420ms
1706495406:[VALVE ,0234]battery 14171mV,  481290uA, P +75112mbar
1706495703:[PRESS ,0038]P +77742mbar,T+32767mdegC
1706496353:[PRESS ,0038]P +84432mbar,T+32767mdegC
1706497003:[PRESS ,0038]P +91072mbar,T+32767mdegC
1706497653:[PRESS ,0038]P +97322mbar,T+32767mdegC
1706498303:[PRESS ,0038]P+103902mbar,T+32767mdegC
1706498952:[PRESS ,0038]P+110432mbar,T+32767mdegC
1706499602:[PRESS ,0038]P+115792mbar,T+32767mdegC
1706499952:[BUOY  ,0087]from +7mbar/s to +9mbar/s
1706499952:[BUOY  ,0090]need to transfer -52mL (valve during 1927ms)
1706499952:[VALVE ,0034]valve opening 1927ms
1706499954:[VALVE ,0234]battery 13898mV,  481534uA, P+118562mbar
1706500252:[PRESS ,0038]P+121452mbar,T+32767mdegC
1706500902:[PRESS ,0038]P+127862mbar,T+32767mdegC
1706501552:[PRESS ,0038]P+134702mbar,T+32767mdegC
1706502202:[PRESS ,0038]P+140432mbar,T+32767mdegC
1706502226:[BUOY  ,0087]from +7mbar/s to +9mbar/s
1706502226:[BUOY  ,0090]need to transfer -52mL (valve during 1773ms)
1706502226:[VALVE ,0034]valve opening 1773ms
1706502228:[VALVE ,0234]battery 13890mV,  491294uA, P+140602mbar
1706502852:[PRESS ,0038]P+146372mbar,T+32767mdegC
1706503501:[PRESS ,0038]P+152512mbar,T+32767mdegC
1706504151:[PRESS ,0038]P+159562mbar,T+32767mdegC
1706504801:[PRESS ,0038]P+166942mbar,T+32767mdegC
1706505451:[PRESS ,0038]P+173502mbar,T+32767mdegC
1706505800:[BUOY  ,0087]from +8mbar/s to +6mbar/s
1706505800:[PUMP  ,0378]Outflow calculated : 2728
1706505800:[BUOY  ,0089]need to transfer +44mL (pump during 63128ms)
1706505802:[PUMP  ,0016]pump during 60000ms
1706505861:[PUMP  ,0212]battery 13818mV,  796904uA (steady state), P+176622mbar
1706506102:[PRESS ,0038]P+178802mbar,T+32767mdegC
1706507077:[PRESS ,0038]P+185422mbar,T+32767mdegC
1706507101:[BUOY  ,0087]from +8mbar/s to +6mbar/s
1706507102:[PUMP  ,0378]Outflow calculated : 2722
1706507102:[BUOY  ,0089]need to transfer +44mL (pump during 63492ms)
1706507103:[PUMP  ,0016]pump during 60000ms
1706507162:[PUMP  ,0212]battery 14307mV,  835822uA (steady state), P+185632mbar
1706507428:[BUOY  ,0087]from +8mbar/s to +6mbar/s
1706507428:[PUMP  ,0378]Outflow calculated : 2720
1706507428:[BUOY  ,0089]need to transfer +44mL (pump during 64140ms)
1706507429:[PUMP  ,0016]pump during 60000ms
1706507488:[PUMP  ,0212]battery 14246mV,  837164uA (steady state), P+187912mbar
1706508054:[PRESS ,0038]P+191692mbar,T+32767mdegC
1706508404:[BUOY  ,0087]from +7mbar/s to +2mbar/s
1706508404:[PUMP  ,0378]Outflow calculated : 2717
1706508404:[BUOY  ,0089]need to transfer +72mL (pump during 104651ms)
1706508405:[PUMP  ,0016]pump during 60000ms
1706508464:[PUMP  ,0212]battery 14346mV,  858758uA (steady state), P+193932mbar
1706508730:[STAGE ,0213]195852mbar reached at 1706508730s, ref 200000mbar +/-5000mbar
1706508730:[BUOY  ,0087]from +6mbar/s to +0mbar/s
1706508730:[PUMP  ,0378]Outflow calculated : 2715
1706508730:[BUOY  ,0089]need to transfer +58mL (pump during 85044ms)
1706508732:[PUMP  ,0016]pump during 60000ms
1706508791:[PUMP  ,0212]battery 14255mV,  859490uA (steady state), P+195852mbar
1706509032:[PRESS ,0038]P+197382mbar,T+32767mdegC
1706509057:[BUOY  ,0087]from +5mbar/s to +0mbar/s
1706509057:[PUMP  ,0378]Outflow calculated : 2714
1706509057:[BUOY  ,0089]need to transfer +40mL (pump during 58651ms)
1706509058:[PUMP  ,0016]pump during 58651ms
1706509116:[PUMP  ,0212]battery 14240mV,  867176uA (steady state), P+197502mbar
1706512385:[MAIN  ,0140]stage[0] complete 25435s after mission start
1706512385:[MAIN  ,0056]stage[1]
1706512387:[MAIN  ,0024]internal pressure 77408Pa
1706512388:[MRMAID,0002]acq started
1706512389:[SBE   ,0391]Mode changed from SLEEP to UPDATE
1706512389:[BUOY  ,0037]P+198162mbar
1706512391:[STAGE ,0213]198162mbar reached at 1706512391s, ref 200000mbar +/-5000mbar
1706512393:[SBE   ,0391]Mode changed from UPDATE to START
1706512393:[SBE   ,0385]Start manual acquisitions
1706512393:[SBE   ,0391]Mode changed from START to PROFILING
1706512427:[SBE61 ,0396]P +19852,T +19201,S +34587
1706512462:[MRMAID,0184]acq already started
1706512462:[MRMAID,0185]4 spurious byte(s) received
1706512514:[MRMAID,0059]stop canceled
1706514792:[BUOY  ,0087]from +1mbar/s to +0mbar/s
1706514792:[PUMP  ,0378]Outflow calculated : 2713
1706514792:[BUOY  ,0089]need to transfer +2mL (pump during 2891ms)
1706514792:[MRMAID,0003]acq stopped
1706514793:[MRMAID,0052]$MEASFS,91200,2279.191376,40.014191;
1706514794:[PUMP  ,0016]pump during 2891ms
1706514798:[MRMAID,0002]acq started
1706515995:[MRMAID,0003]acq stopped
1706515995:[MRMAID,0052]$MEASFS,45770,1143.843902,40.014201;
1706516030:[SBE61 ,0396]P +20104,T +19080,S +34589
1706516032:[MRMAID,0002]acq started
1706516920:[BUOY  ,0087]from -1mbar/s to +0mbar/s
1706516920:[BUOY  ,0090]need to transfer -2mL (valve during 57ms)
1706516921:[MRMAID,0003]acq stopped
1706516921:[MRMAID,0185]27 spurious byte(s) received
1706516921:[VALVE ,0034]valve opening 57ms
1706516933:[MRMAID,0002]acq started
1706517257:[BUOY  ,0087]from +3mbar/s to +0mbar/s
1706517257:[PUMP  ,0378]Outflow calculated : 2713
1706517257:[BUOY  ,0089]need to transfer +14mL (pump during 20250ms)
1706517257:[MRMAID,0003]acq stopped
1706517259:[PUMP  ,0016]pump during 20250ms
1706517279:[PUMP  ,0212]battery 14342mV,  814716uA (steady state), P+200422mbar
1706517280:[MRMAID,0002]acq started
1706517584:[BUOY  ,0087]from +1mbar/s to +0mbar/s
1706517584:[PUMP  ,0378]Outflow calculated : 2713
1706517584:[BUOY  ,0089]need to transfer +2mL (pump during 2893ms)
1706517584:[MRMAID,0003]acq stopped
1706517587:[PUMP  ,0016]pump during 2893ms
1706517591:[MRMAID,0002]acq started
1706519604:[MRMAID,0003]acq stopped
1706519605:[MRMAID,0185]28 spurious byte(s) received
1706519640:[SBE61 ,0396]P +20119,T +19094,S +34588
1706519641:[MRMAID,0002]acq started
1706523204:[MRMAID,0003]acq stopped
1706523204:[MRMAID,0052]$MEASFS,140448,3509.951843,40.014224;
1706523240:[SBE61 ,0396]P +20051,T +19138,S +34589
1706523241:[MRMAID,0002]acq started
1706526804:[MRMAID,0003]acq stopped
1706526804:[MRMAID,0052]$MEASFS,140449,3509.976013,40.014234;
1706526839:[SBE61 ,0396]P +20199,T +19203,S +34587
1706526840:[MRMAID,0002]acq started
1706530413:[MRMAID,0003]acq stopped
1706530414:[MRMAID,0052]$MEASFS,140848,3519.946808,40.014241;
1706530449:[SBE61 ,0396]P +20140,T +19163,S +34587
1706530450:[MRMAID,0002]acq started
1706534013:[MRMAID,0003]acq stopped
1706534013:[MRMAID,0052]$MEASFS,140453,3510.074860,40.014246;
1706534048:[SBE61 ,0396]P +20038,T +19069,S +34589
1706534050:[MRMAID,0002]acq started
1706537613:[MRMAID,0003]acq stopped
1706537613:[MRMAID,0052]$MEASFS,140448,3509.949494,40.014251;
1706537648:[SBE61 ,0396]P +20148,T +19015,S +34590
1706537649:[MRMAID,0002]acq started
1706540724:[PRESS ,0038]P+202532mbar,T+32767mdegC
1706541222:[MRMAID,0003]acq stopped
1706541222:[MRMAID,0052]$MEASFS,140847,3519.920624,40.014255;
1706541258:[SBE61 ,0396]P +20310,T +19005,S +34591
1706541259:[MRMAID,0002]acq started
1706541924:[BUOY  ,0087]from +1mbar/s to +0mbar/s
1706541924:[PUMP  ,0378]Outflow calculated : 2712
1706541924:[BUOY  ,0089]need to transfer +2mL (pump during 2904ms)
1706541925:[MRMAID,0003]acq stopped
1706541925:[MRMAID,0185]19 spurious byte(s) received
1706541926:[PUMP  ,0016]pump during 2904ms
1706541930:[MRMAID,0002]acq started
1706544822:[MRMAID,0003]acq stopped
1706544822:[MRMAID,0052]$MEASFS,113584,2838.588257,40.014257;
1706544857:[SBE61 ,0396]P +20242,T +19081,S +34589
1706544859:[MRMAID,0002]acq started
1706547654:[BUOY  ,0087]from -1mbar/s to +0mbar/s
1706547654:[BUOY  ,0090]need to transfer -2mL (valve during 57ms)
1706547654:[MRMAID,0052]$STOPACK:$MEASFS,109752,2742.822235,40.014259;
1706547655:[VALVE ,0034]valve opening 57ms
1706547657:[MRMAID,0185]3 spurious byte(s) received
1706547667:[MRMAID,0002]acq started
1706548291:[BUOY  ,0087]from +2mbar/s to +0mbar/s
1706548291:[PUMP  ,0378]Outflow calculated : 2713
1706548291:[BUOY  ,0089]need to transfer +6mL (pump during 8701ms)
1706548291:[MRMAID,0003]acq stopped
1706548293:[PUMP  ,0016]pump during 8701ms
1706548301:[PUMP  ,0212]battery 14225mV,  885964uA (steady state), P+200312mbar
1706548303:[MRMAID,0002]acq started
1706548432:[MRMAID,0003]acq stopped
1706548467:[SBE61 ,0396]P +20097,T +19026,S +34590
1706548468:[MRMAID,0002]acq started
1706548618:[BUOY  ,0087]from +3mbar/s to +0mbar/s
1706548618:[PUMP  ,0378]Outflow calculated : 2713
1706548618:[BUOY  ,0089]need to transfer +14mL (pump during 20303ms)
1706548619:[MRMAID,0052]$STOPAC
1706548620:[MRMAID,0185]5 spurious byte(s) received
1706548620:[PUMP  ,0016]pump during 20303ms
1706548640:[PUMP  ,0212]battery 14246mV,  873154uA (steady state), P+200922mbar
1706548642:[MRMAID,0002]acq started
1706548946:[BUOY  ,0087]from +1mbar/s to +0mbar/s
1706548946:[PUMP  ,0378]Outflow calculated : 2712
1706548946:[BUOY  ,0089]need to transfer +2mL (pump during 2930ms)
1706548946:[MRMAID,0003]acq stopped
1706548947:[PUMP  ,0016]pump during 2930ms
1706548952:[MRMAID,0002]acq started
1706549873:[BUOY  ,0101]stage[1] 10 stab done
1706549873:[BUOY  ,0087]from +1mbar/s to +0mbar/s
1706549873:[PUMP  ,0378]Outflow calculated : 2712
1706549873:[BUOY  ,0089]need to transfer +2mL (pump during 2916ms)
1706549873:[MRMAID,0003]acq stopped
1706549873:[MRMAID,0185]11 spurious byte(s) received
1706549875:[PUMP  ,0016]pump during 2916ms
1706549879:[MRMAID,0002]acq started
1706552031:[MRMAID,0003]acq stopped
1706552031:[MRMAID,0052]$MEASFS,83989,2098.976685,40.014261;
1706552067:[SBE61 ,0396]P +20194,T +19241,S +34586
1706552068:[MRMAID,0002]acq started
1706554102:[PRESS ,0038]P+197152mbar,T+32767mdegC
1706555631:[MRMAID,0003]acq stopped
1706555631:[MRMAID,0052]$MEASFS,140449,3509.973541,40.014262;
1706555666:[SBE61 ,0396]P +19699,T +19350,S +34584
1706555668:[MRMAID,0002]acq started
1706559240:[MRMAID,0003]acq stopped
1706559241:[MRMAID,0052]$MEASFS,140848,3519.944915,40.014263;
1706559276:[SBE61 ,0396]P +19564,T +19184,S +34587
1706559277:[MRMAID,0002]acq started
1706562840:[MRMAID,0003]acq stopped
1706562840:[MRMAID,0052]$MEASFS,140453,3510.073364,40.014263;
1706562876:[SBE61 ,0396]P +19987,T +19244,S +34586
1706562877:[MRMAID,0002]acq started
1706566440:[MRMAID,0003]acq stopped
1706566440:[MRMAID,0052]$MEASFS,140449,3509.973328,40.014264;
1706566475:[SBE61 ,0396]P +19623,T +19304,S +34584
1706566476:[MRMAID,0002]acq started
1706570049:[MRMAID,0003]acq stopped
1706570049:[MRMAID,0052]$MEASFS,140847,3519.919769,40.014264;
1706570085:[SBE61 ,0396]P +19799,T +19246,S +34586
1706570086:[MRMAID,0002]acq started
1706573649:[MRMAID,0003]acq stopped
1706573649:[MRMAID,0052]$MEASFS,140448,3509.948273,40.014265;
1706573684:[SBE61 ,0396]P +19823,T +19240,S +34586
1706573686:[MRMAID,0002]acq started
1706577249:[MRMAID,0003]acq stopped
1706577249:[MRMAID,0052]$MEASFS,140450,3509.998230,40.014265;
1706577284:[SBE61 ,0396]P +19843,T +19415,S +34583
1706577285:[MRMAID,0002]acq started
1706580858:[MRMAID,0003]acq stopped
1706580858:[MRMAID,0052]$MEASFS,140859,3520.219574,40.014265;
1706580894:[SBE61 ,0396]P +19740,T +19344,S +34584
1706580895:[MRMAID,0002]acq started
1706584458:[MRMAID,0003]acq stopped
1706584458:[MRMAID,0052]$MEASFS,140449,3509.973205,40.014266;
1706584493:[SBE61 ,0396]P +19664,T +19185,S +34587
1706584495:[MRMAID,0002]acq started
1706588067:[MRMAID,0003]acq stopped
1706588068:[MRMAID,0052]$MEASFS,140848,3519.944642,40.014266;
1706588103:[SBE61 ,0396]P +19840,T +19203,S +34587
1706588104:[MRMAID,0002]acq started
1706591667:[MRMAID,0003]acq stopped
1706591667:[MRMAID,0052]$MEASFS,140449,3509.973175,40.014266;
1706591703:[SBE61 ,0396]P +19899,T +19292,S +34585
1706591704:[MRMAID,0002]acq started
1706595267:[MRMAID,0052]$S$MEASFS,140449,3509.973175,40.014266;
1706595269:[MRMAID,0185]10 spurious byte(s) received
1706595302:[SBE61 ,0396]P +19797,T +19208,S +34586
1706595303:[MRMAID,0002]acq started
1706598876:[MRMAID,0003]acq stopped
1706598876:[MRMAID,0052]$MEASFS,140852,3520.044586,40.014266;
1706598912:[SBE61 ,0396]P +19889,T +19385,S +34584
1706598913:[MRMAID,0002]acq started
1706602476:[MRMAID,0003]acq stopped
1706602476:[MRMAID,0052]$MEASFS,140448,3509.948181,40.014266;
1706602511:[SBE61 ,0396]P +19773,T +19216,S +34586
1706602513:[MRMAID,0002]acq started
1706606076:[MRMAID,0003]acq stopped
1706606076:[MRMAID,0052]$MEASFS,140448,3509.948150,40.014266;
1706606111:[SBE61 ,0396]P +19850,T +19042,S +34589
1706606112:[MRMAID,0002]acq started
1706609685:[MRMAID,0003]acq stopped
1706609685:[MRMAID,0052]$MEASFS,140847,3519.919586,40.014266;
1706609721:[SBE61 ,0396]P +19837,T +19123,S +34588
1706609722:[MRMAID,0002]acq started
1706613285:[MRMAID,0003]acq stopped
1706613285:[MRMAID,0052]$MEASFS,140454,3510.098083,40.014266;
1706613320:[SBE61 ,0396]P +20145,T +19383,S +34583
1706613322:[MRMAID,0002]acq started
1706616895:[MRMAID,0003]acq stopped
1706616930:[SBE61 ,0396]P +19813,T +19407,S +34583
1706616931:[MRMAID,0002]acq started
1706620494:[MRMAID,0003]acq stopped
1706620494:[MRMAID,0052]$MEASFS,140450,3509.998138,40.014266;
1706620530:[SBE61 ,0396]P +19898,T +19231,S +34587
1706620531:[MRMAID,0002]acq started
1706624094:[MRMAID,0003]acq stopped
1706624094:[MRMAID,0052]$MEASFS,140449,3509.973145,40.014266;
1706624129:[SBE61 ,0396]P +19854,T +19351,S +34584
1706624130:[MRMAID,0002]acq started
1706627703:[MRMAID,0052]$STOPACK:+$MEASFS,140848,3519.944580,40.014266;
1706627706:[MRMAID,0185]2 spurious byte(s) received
1706627739:[SBE61 ,0396]P +19911,T +19340,S +34583
1706627740:[MRMAID,0002]acq started
1706631303:[MRMAID,0003]acq stopped
1706631303:[MRMAID,0052]$MEASFS,140453,3510.073089,40.014266;
1706631338:[SBE61 ,0396]P +19804,T +19289,S +34585
1706631340:[MRMAID,0002]acq started
1706634903:[MRMAID,0003]acq stopped
1706634903:[MRMAID,0052]$MEASFS,140449,3509.973145,40.014266;
1706634938:[SBE61 ,0396]P +19896,T +19339,S +34584
1706634939:[MRMAID,0002]acq started
1706638512:[MRMAID,0052]$STOPACK:$MEASFS,140848,3519.944580,40.014266;
1706638515:[MRMAID,0185]3 spurious byte(s) received
1706638548:[SBE61 ,0396]P +19889,T +19169,S +34587
1706638549:[MRMAID,0002]acq started
1706642112:[MRMAID,0003]acq stopped
1706642112:[MRMAID,0052]$MEASFS,140448,3509.948150,40.014266;
1706642147:[SBE61 ,0396]P +19925,T +19214,S +34586
1706642149:[MRMAID,0002]acq started
1706645721:[MRMAID,0003]acq stopped
1706645722:[MRMAID,0052]$MEASFS,140847,3519.919586,40.014266;
1706645757:[SBE61 ,0396]P +19856,T +19237,S +34586
1706645758:[MRMAID,0002]acq started
1706649321:[MRMAID,0003]acq stopped
1706649321:[MRMAID,0052]$MEASFS,140450,3509.998108,40.014267;
1706649357:[SBE61 ,0396]P +19766,T +19015,S +34590
1706649358:[MRMAID,0002]acq started
1706652921:[MRMAID,0003]acq stopped
1706652921:[MRMAID,0052]$MEASFS,140450,3509.998108,40.014267;
1706652956:[SBE61 ,0396]P +19999,T +19050,S +34589
1706652957:[MRMAID,0002]acq started
1706656530:[MRMAID,0003]acq stopped
1706656531:[MRMAID,0052]$MEASFS,140853,3520.069519,40.014267;
1706656566:[SBE61 ,0396]P +19919,T +19196,S +34586
1706656567:[MRMAID,0002]acq started
1706660130:[MRMAID,0003]acq stopped
1706660130:[MRMAID,0052]$MEASFS,140449,3509.973114,40.014267;
1706660165:[SBE61 ,0396]P +19919,T +19156,S +34588
1706660167:[MRMAID,0002]acq started
1706663730:[MRMAID,0003]acq stopped
1706663730:[MRMAID,0052]$MEASFS,140449,3509.973114,40.014267;
1706663765:[SBE61 ,0396]P +19951,T +19161,S +34587
1706663766:[MRMAID,0002]acq started
1706667339:[MRMAID,0003]acq stopped
1706667339:[MRMAID,0052]$MEASFS,140858,3520.194488,40.014266;
1706667375:[SBE61 ,0396]P +19976,T +19087,S +34589
1706667376:[MRMAID,0002]acq started
1706670939:[MRMAID,0003]acq stopped
1706670939:[MRMAID,0052]$MEASFS,140449,3509.973083,40.014267;
1706670974:[SBE61 ,0396]P +20010,T +19212,S +34587
1706670976:[MRMAID,0002]acq started
1706674540:[MRMAID,0027]1978dbar, 33degC
1706674584:[SBE61 ,0396]P +19812,T +19154,S +34587
1706674595:[MRMAID,0184]acq already started
1706674723:[MRMAID,0059]stop canceled
1706678148:[MRMAID,0003]acq stopped
1706678148:[MRMAID,0052]$MEASFS,284870,7119.210815,40.014267;
1706678183:[SBE61 ,0396]P +20018,T +19103,S +34588
1706678184:[MRMAID,0002]acq started
1706681757:[MRMAID,0003]acq stopped
1706681757:[MRMAID,0052]$MEASFS,140848,3519.944550,40.014267;
1706681793:[SBE61 ,0396]P +19937,T +19123,S +34588
1706681794:[MRMAID,0002]acq started
1706685357:[MRMAID,0003]acq stopped
1706685357:[MRMAID,0052]$MEASFS,140450,3509.998077,40.014267;
1706685392:[SBE61 ,0396]P +20051,T +19203,S +34587
1706685394:[MRMAID,0002]acq started
1706688966:[MRMAID,0003]acq stopped
1706688967:[MRMAID,0052]$MEASFS,140849,3519.969513,40.014267;
1706689002:[SBE61 ,0396]P +19950,T +19374,S +34583
1706689003:[MRMAID,0002]acq started
1706692566:[MRMAID,0003]acq stopped
1706692566:[MRMAID,0052]$MEASFS,140449,3509.973114,40.014267;
1706692602:[SBE61 ,0396]P +19913,T +19249,S +34586
1706692603:[MRMAID,0002]acq started
1706696166:[MRMAID,0003]acq stopped
1706696166:[MRMAID,0052]$MEASFS,140453,3510.073090,40.014266;
1706696201:[SBE61 ,0396]P +19920,T +19215,S +34586
1706696202:[MRMAID,0002]acq started
1706699775:[MRMAID,0003]acq stopped
1706699775:[MRMAID,0052]$MEASFS,140848,3519.944550,40.014267;
1706699811:[SBE61 ,0396]P +19894,T +19081,S +34586
1706699812:[MRMAID,0002]acq started
1706703375:[MRMAID,0003]acq stopped
1706703375:[MRMAID,0052]$MEASFS,140449,3509.973083,40.014267;
1706703410:[SBE61 ,0396]P +19972,T +18979,S +34590
1706703412:[MRMAID,0002]acq started
1706706975:[MRMAID,0003]acq stopped
1706706975:[MRMAID,0052]$MEASFS,140449,3509.973084,40.014267;
1706707010:[SBE61 ,0396]P +19922,T +19148,S +34587
1706707011:[MRMAID,0002]acq started
1706710584:[MRMAID,0003]acq stopped
1706710620:[SBE61 ,0396]P +19954,T +18924,S +34591
1706710621:[MRMAID,0002]acq started
1706714184:[MRMAID,0003]acq stopped
1706714184:[MRMAID,0052]$MEASFS,140448,3509.948089,40.014267;
1706714219:[SBE61 ,0396]P +19915,T +18806,S +34593
1706714221:[MRMAID,0002]acq started
1706717794:[MRMAID,0003]acq stopped
1706717794:[MRMAID,0052]$MEASFS,140847,3519.919525,40.014267;
1706717829:[SBE61 ,0396]P +19948,T +18893,S +34591
1706717830:[MRMAID,0002]acq started
1706721393:[MRMAID,0003]acq stopped
1706721393:[MRMAID,0052]$MEASFS,140450,3509.998077,40.014267;
1706721429:[SBE61 ,0396]P +20163,T +19143,S +34588
1706721430:[MRMAID,0002]acq started
1706724993:[MRMAID,0003]acq stopped
1706724993:[MRMAID,0052]$MEASFS,140450,3509.998078,40.014267;
1706725028:[SBE61 ,0396]P +20056,T +19432,S +34582
1706725029:[MRMAID,0002]acq started
1706728602:[MRMAID,0003]acq stopped
1706728602:[MRMAID,0052]$MEASFS,140849,3519.969543,40.014267;
1706728638:[SBE61 ,0396]P +20027,T +19404,S +34583
1706728639:[MRMAID,0002]acq started
1706732202:[MRMAID,0003]acq stopped
1706732202:[MRMAID,0052]$MEASFS,140449,3509.973084,40.014267;
1706732237:[SBE61 ,0396]P +19975,T +19354,S +34584
1706732239:[MRMAID,0002]acq started
1706735802:[MRMAID,0003]acq stopped
1706735802:[MRMAID,0052]$MEASFS,140453,3510.073059,40.014267;
1706735837:[SBE61 ,0396]P +20039,T +19340,S +34584
1706735838:[MRMAID,0002]acq started
1706739411:[MRMAID,0003]acq stopped
1706739411:[MRMAID,0052]$MEASFS,140848,3519.944549,40.014267;
1706739447:[SBE61 ,0396]P +19984,T +19185,S +34587
1706739448:[MRMAID,0002]acq started
1706743011:[MRMAID,0003]acq stopped
1706743011:[MRMAID,0052]$MEASFS,140449,3509.973144,40.014266;
1706743046:[SBE61 ,0396]P +19959,T +19153,S +34588
1706743048:[MRMAID,0002]acq started
1706746621:[MRMAID,0003]acq stopped
1706746621:[MRMAID,0052]$MEASFS,140847,3519.919586,40.014266;
1706746656:[SBE61 ,0396]P +20011,T +19175,S +34587
1706746657:[MRMAID,0002]acq started
1706750220:[MRMAID,0003]acq stopped
1706750220:[MRMAID,0052]$MEASFS,140448,3509.948121,40.014267;
1706750256:[SBE61 ,0396]P +19983,T +19134,S +34588
1706750257:[MRMAID,0002]acq started
1706753820:[MRMAID,0003]acq stopped
1706753820:[MRMAID,0052]$MEASFS,140461,3510.273010,40.014267;
1706753855:[SBE61 ,0396]P +19851,T +19025,S +34590
1706753856:[MRMAID,0002]acq started
1706757429:[MRMAID,0003]acq stopped
1706757430:[MRMAID,0052]$MEASFS,140849,3519.969513,40.014267;
1706757465:[SBE61 ,0396]P +19933,T +18962,S +34591
1706757466:[MRMAID,0002]acq started
1706761029:[MRMAID,0003]acq stopped
1706761029:[MRMAID,0052]$MEASFS,140450,3509.998077,40.014267;
1706761064:[SBE61 ,0396]P +20030,T +18852,S +34593
1706761066:[MRMAID,0002]acq started
1706764629:[MRMAID,0003]acq stopped
1706764629:[MRMAID,0052]$MEASFS,140454,3510.098023,40.014267;
1706764664:[SBE61 ,0396]P +20077,T +18981,S +34591
1706764665:[MRMAID,0002]acq started
1706768238:[MRMAID,0003]acq stopped
1706768238:[MRMAID,0052]$MEASFS,140848,3519.944519,40.014267;
1706768274:[SBE61 ,0396]P +20052,T +19050,S +34590
1706768275:[MRMAID,0002]acq started
1706771838:[MRMAID,0003]acq stopped
1706771838:[MRMAID,0052]$MEASFS,140449,3509.973084,40.014267;
1706771873:[SBE61 ,0396]P +20097,T +19065,S +34589
1706771875:[MRMAID,0002]acq started
1706775448:[MRMAID,0052]$STOP$MEASFS,140848,3519.944489,40.014267;
1706775450:[MRMAID,0185]7 spurious byte(s) received
1706775483:[SBE61 ,0396]P +20051,T +19226,S +34586
1706775484:[MRMAID,0002]acq started
1706779047:[MRMAID,0003]acq stopped
1706779047:[MRMAID,0052]$MEASFS,140449,3509.973053,40.014267;
1706779083:[SBE61 ,0396]P +20153,T +19244,S +34586
1706779084:[MRMAID,0002]acq started
1706782647:[MRMAID,0003]acq stopped
1706782647:[MRMAID,0052]$MEASFS,140448,3509.948090,40.014267;
1706782682:[SBE61 ,0396]P +20046,T +19440,S +34583
1706782684:[MRMAID,0002]acq started
1706786256:[MRMAID,0003]acq stopped
1706786257:[MRMAID,0052]$MEASFS,140847,3519.919555,40.014267;
1706786292:[SBE61 ,0396]P +20119,T +19242,S +34586
1706786293:[MRMAID,0002]acq started
1706789856:[MRMAID,0003]acq stopped
1706789856:[MRMAID,0052]$MEASFS,140454,3510.098053,40.014267;
1706789891:[SBE61 ,0396]P +20044,T +19381,S +34584
1706789893:[MRMAID,0002]acq started
1706793456:[MRMAID,0003]acq stopped
1706793456:[MRMAID,0052]$MEASFS,140450,3509.998108,40.014267;
1706793491:[SBE61 ,0396]P +20032,T +19393,S +34581
1706793492:[MRMAID,0002]acq started
1706797065:[MRMAID,0003]acq stopped
1706797065:[MRMAID,0052]$MEASFS,140849,3519.969543,40.014267;
1706797101:[SBE61 ,0396]P +19906,T +19094,S +34589
1706797102:[MRMAID,0002]acq started
1706800665:[MRMAID,0003]acq stopped
1706800665:[MRMAID,0052]$MEASFS,140449,3509.973114,40.014267;
1706800700:[SBE61 ,0396]P +19958,T +18841,S +34593
1706800702:[MRMAID,0002]acq started
1706804275:[MRMAID,0003]acq stopped
1706804275:[MRMAID,0052]$MEASFS,140852,3520.044494,40.014267;
1706804310:[SBE61 ,0396]P +20101,T +18975,S +34590
1706804311:[MRMAID,0002]acq started
1706807874:[MRMAID,0003]acq stopped
1706807874:[MRMAID,0052]$MEASFS,140449,3509.973084,40.014267;
1706807910:[SBE61 ,0396]P +20091,T +19075,S +34589
1706807911:[MRMAID,0002]acq started
1706811474:[MRMAID,0003]acq stopped
1706811474:[MRMAID,0052]$MEASFS,140449,3509.973053,40.014267;
1706811509:[SBE61 ,0396]P +20089,T +19065,S +34589
1706811511:[MRMAID,0002]acq started
1706815084:[MRMAID,0003]acq stopped
1706815119:[SBE61 ,0396]P +20101,T +19074,S +34589
1706815120:[MRMAID,0002]acq started
1706817609:[MRMAID,0027]2002dbar, 33degC
1706818683:[MRMAID,0003]acq stopped
1706818683:[MRMAID,0052]$MEASFS,140451,3510.023071,40.014267;
1706818719:[SBE61 ,0396]P +20107,T +19080,S +34589
1706818720:[MRMAID,0002]acq started
1706822283:[MRMAID,0003]acq stopped
1706822283:[MRMAID,0052]$MEASFS,140448,3509.948059,40.014267;
1706822318:[SBE61 ,0396]P +20122,T +19298,S +34585
1706822319:[MRMAID,0002]acq started
1706825892:[MRMAID,0052]$ST$MEASFS,140849,3519.969513,40.014267;
1706825895:[MRMAID,0185]9 spurious byte(s) received
1706825928:[SBE61 ,0396]P +20169,T +19289,S +34585
1706825929:[MRMAID,0002]acq started
1706829492:[MRMAID,0003]acq stopped
1706829492:[MRMAID,0052]$MEASFS,140454,3510.098053,40.014267;
1706829527:[SBE61 ,0396]P +20055,T +19327,S +34585
1706829529:[MRMAID,0002]acq started
1706833092:[MRMAID,0003]acq stopped
1706833092:[MRMAID,0052]$MEASFS,140450,3509.998077,40.014267;
1706833127:[SBE61 ,0396]P +20029,T +19208,S +34587
1706833128:[MRMAID,0002]acq started
1706836701:[MRMAID,0003]acq stopped
1706836701:[MRMAID,0052]$MEASFS,140848,3519.944549,40.014267;
1706836737:[SBE61 ,0396]P +20105,T +19202,S +34587
1706836738:[MRMAID,0002]acq started
1706840301:[MRMAID,0003]acq stopped
1706840301:[MRMAID,0052]$MEASFS,140459,3510.223022,40.014267;
1706840336:[SBE61 ,0396]P +20028,T +19196,S +34587
1706840338:[MRMAID,0002]acq started
1706843910:[MRMAID,0003]acq stopped
1706843911:[MRMAID,0052]$MEASFS,140848,3519.944549,40.014267;
1706843946:[SBE61 ,0396]P +20060,T +19072,S +34589
1706843947:[MRMAID,0002]acq started
1706847510:[MRMAID,0003]acq stopped
1706847510:[MRMAID,0052]$MEASFS,140452,3510.048065,40.014267;
1706847546:[SBE61 ,0396]P +19922,T +19049,S +34589
1706847547:[MRMAID,0002]acq started
1706851110:[MRMAID,0003]acq stopped
1706851110:[MRMAID,0052]$MEASFS,140449,3509.973083,40.014267;
1706851145:[SBE61 ,0396]P +20100,T +18897,S +34592
1706851146:[MRMAID,0002]acq started
1706854719:[MRMAID,0003]acq stopped
1706854719:[MRMAID,0052]$MEASFS,140847,3519.919525,40.014267;
1706854755:[SBE61 ,0396]P +20111,T +18929,S +34591
1706854756:[MRMAID,0002]acq started
1706858319:[MRMAID,0003]acq stopped
1706858319:[MRMAID,0052]$MEASFS,140448,3509.948090,40.014267;
1706858354:[SBE61 ,0396]P +20190,T +19228,S +34586
1706858356:[MRMAID,0002]acq started
1706861919:[MRMAID,0003]acq stopped
1706861919:[MRMAID,0052]$MEASFS,140454,3510.098022,40.014267;
1706861954:[SBE61 ,0396]P +20184,T +19422,S +34583
1706861955:[MRMAID,0002]acq started
1706865528:[MRMAID,0003]acq stopped
1706865528:[MRMAID,0052]$MEASFS,140850,3519.994476,40.014267;
1706865564:[SBE61 ,0396]P +20063,T +19213,S +34587
1706865565:[MRMAID,0002]acq started
1706869128:[MRMAID,0003]acq stopped
1706869128:[MRMAID,0052]$MEASFS,140450,3509.998078,40.014267;
1706869163:[SBE61 ,0396]P +20133,T +19418,S +34583
1706869164:[MRMAID,0002]acq started
1706872737:[MRMAID,0003]acq stopped
1706872738:[MRMAID,0052]$MEASFS,140852,3520.044525,40.014267;
1706872773:[SBE61 ,0396]P +19950,T +19155,S +34587
1706872774:[MRMAID,0002]acq started
1706876337:[MRMAID,0003]acq stopped
1706876337:[MRMAID,0052]$MEASFS,140449,3509.973084,40.014267;
1706876373:[SBE61 ,0396]P +20105,T +19084,S +34589
1706876374:[MRMAID,0002]acq started
1706879937:[MRMAID,0003]acq stopped
1706879937:[MRMAID,0052]$MEASFS,140449,3509.973083,40.014267;
1706879972:[SBE61 ,0396]P +20009,T +19049,S +34589
1706879973:[MRMAID,0002]acq started
1706882764:[PRESS ,0038]P+202262mbar,T+32767mdegC
1706883546:[MRMAID,0003]acq stopped
1706883546:[MRMAID,0052]$MEASFS,140848,3519.944519,40.014267;
1706883582:[SBE61 ,0396]P +20260,T +19071,S +34589
1706883583:[MRMAID,0002]acq started
1706887146:[MRMAID,0003]acq stopped
1706887146:[MRMAID,0052]$MEASFS,140449,3509.973084,40.014267;
1706887181:[SBE61 ,0396]P +19990,T +19005,S +34590
1706887183:[MRMAID,0002]acq started
1706890746:[MRMAID,0003]acq stopped
1706890746:[MRMAID,0052]$MEASFS,140448,3509.948090,40.014267;
1706890781:[SBE61 ,0396]P +20134,T +19048,S +34589
1706890782:[MRMAID,0002]acq started
1706894355:[MRMAID,0003]acq stopped
1706894355:[MRMAID,0052]$MEASFS,140846,3519.894532,40.014267;
1706894391:[SBE61 ,0396]P +20123,T +19046,S +34590
1706894392:[MRMAID,0002]acq started
1706897955:[MRMAID,0003]acq stopped
1706897955:[MRMAID,0052]$MEASFS,140450,3509.998078,40.014267;
1706897990:[SBE61 ,0396]P +20108,T +19010,S +34590
1706897991:[MRMAID,0002]acq started
1706901565:[MRMAID,0003]acq stopped
1706901565:[MRMAID,0052]$MEASFS,140853,3520.069458,40.014267;
1706901600:[SBE61 ,0396]P +20274,T +19217,S +34587
1706901601:[MRMAID,0002]acq started
1706905164:[MRMAID,0003]acq stopped
1706905164:[MRMAID,0052]$MEASFS,140450,3509.998047,40.014267;
1706905200:[SBE61 ,0396]P +20219,T +19247,S +34586
1706905201:[MRMAID,0002]acq started
1706908764:[MRMAID,0003]acq stopped
1706908764:[MRMAID,0052]$MEASFS,140449,3509.973084,40.014267;
1706908799:[SBE61 ,0396]P +20013,T +19260,S +34586
1706908800:[MRMAID,0002]acq started
1706912373:[MRMAID,0003]acq stopped
1706912373:[MRMAID,0052]$MEASFS,140848,3519.944549,40.014267;
1706912409:[SBE61 ,0396]P +20040,T +19081,S +34589
1706912410:[MRMAID,0002]acq started
1706915973:[MRMAID,0003]acq stopped
1706915973:[MRMAID,0052]$MEASFS,140449,3509.973083,40.014267;
1706916008:[SBE61 ,0396]P +20122,T +19148,S +34587
1706916010:[MRMAID,0002]acq started
1706919573:[MRMAID,0003]acq stopped
1706919573:[MRMAID,0052]$MEASFS,140448,3509.948090,40.014267;
1706919608:[SBE61 ,0396]P +20233,T +19093,S +34588
1706919609:[MRMAID,0002]acq started
1706923182:[MRMAID,0003]acq stopped
1706923182:[MRMAID,0052]$MEASFS,140847,3519.919556,40.014267;
1706923218:[SBE61 ,0396]P +20153,T +19238,S +34586
1706923219:[MRMAID,0002]acq started
1706926782:[MRMAID,0003]acq stopped
1706926782:[MRMAID,0052]$MEASFS,140458,3510.197998,40.014267;
1706926817:[SBE61 ,0396]P +20127,T +19179,S +34588
1706926819:[MRMAID,0002]acq started
1706930391:[MRMAID,0003]acq stopped
1706930392:[MRMAID,0052]$MEASFS,140850,3519.994507,40.014267;
1706930427:[SBE61 ,0396]P +20097,T +19092,S +34589
1706930428:[MRMAID,0002]acq started
1706933991:[MRMAID,0003]acq stopped
1706933991:[MRMAID,0052]$MEASFS,140450,3509.998078,40.014267;
1706934027:[SBE61 ,0396]P +20158,T +19158,S +34588
1706934028:[MRMAID,0002]acq started
1706937591:[MRMAID,0003]acq stopped
1706937591:[MRMAID,0052]$MEASFS,140450,3509.998077,40.014267;
1706937626:[SBE61 ,0396]P +20199,T +19210,S +34587
1706937627:[MRMAID,0002]acq started
1706941200:[MRMAID,0003]acq stopped
1706941201:[MRMAID,0052]$MEASFS,140849,3519.969513,40.014267;
1706941236:[SBE61 ,0396]P +20039,T +19092,S +34589
1706941237:[MRMAID,0002]acq started
1706944800:[MRMAID,0003]acq stopped
1706944800:[MRMAID,0052]$MEASFS,140453,3510.073059,40.014267;
1706944835:[SBE61 ,0396]P +20257,T +19068,S +34588
1706944837:[MRMAID,0002]acq started
1706948400:[MRMAID,0003]acq stopped
1706948400:[MRMAID,0052]$MEASFS,140449,3509.973084,40.014267;
1706948435:[SBE61 ,0396]P +20138,T +19115,S +34588
1706948436:[MRMAID,0002]acq started
1706952009:[MRMAID,0052]$STOPACK:$MEASFS,140847,3519.919525,40.014267;
1706952011:[MRMAID,0185]3 spurious byte(s) received
1706952045:[SBE61 ,0396]P +20187,T +19099,S +34588
1706952046:[MRMAID,0002]acq started
1706955609:[MRMAID,0003]acq stopped
1706955609:[MRMAID,0052]$MEASFS,140453,3510.073029,40.014267;
1706955644:[SBE61 ,0396]P +20176,T +19191,S +34587
1706955646:[MRMAID,0002]acq started
1706959218:[MRMAID,0003]acq stopped
1706959219:[MRMAID,0052]$MEASFS,140847,3519.919556,40.014267;
1706959254:[SBE61 ,0396]P +20167,T +19229,S +34587
1706959255:[MRMAID,0002]acq started
1706962818:[MRMAID,0003]acq stopped
1706962818:[MRMAID,0052]$MEASFS,140448,3509.948089,40.014267;
1706962854:[SBE61 ,0396]P +20221,T +19148,S +34588
1706962855:[MRMAID,0002]acq started
1706966418:[MRMAID,0003]acq stopped
1706966418:[MRMAID,0052]$MEASFS,140451,3510.023072,40.014267;
1706966453:[SBE61 ,0396]P +20147,T +19260,S +34586
1706966454:[MRMAID,0002]acq started
1706970027:[MRMAID,0003]acq stopped
1706970028:[MRMAID,0052]$MEASFS,140853,3520.069488,40.014267;
1706970063:[SBE61 ,0396]P +20074,T +19206,S +34586
1706970064:[MRMAID,0002]acq started
1706973627:[MRMAID,0003]acq stopped
1706973627:[MRMAID,0052]$MEASFS,140450,3509.998077,40.014267;
1706973662:[SBE61 ,0396]P +20145,T +19090,S +34589
1706973664:[MRMAID,0002]acq started
1706977227:[MRMAID,0003]acq stopped
1706977227:[MRMAID,0052]$MEASFS,140450,3509.998078,40.014267;
1706977262:[SBE61 ,0396]P +20216,T +19246,S +34586
1706977263:[MRMAID,0002]acq started
1706980836:[MRMAID,0003]acq stopped
1706980836:[MRMAID,0052]$MEASFS,140848,3519.944519,40.014267;
1706980872:[SBE61 ,0396]P +20005,T +19113,S +34588
1706980873:[MRMAID,0002]acq started
1706984436:[MRMAID,0003]acq stopped
1706984436:[MRMAID,0052]$MEASFS,140449,3509.973083,40.014267;
1706984471:[SBE61 ,0396]P +20197,T +19023,S +34590
1706984473:[MRMAID,0002]acq started
1706988045:[MRMAID,0003]acq stopped
1706988046:[MRMAID,0052]$MEASFS,140848,3519.944519,40.014267;
1706988081:[SBE61 ,0396]P +20081,T +19090,S +34588
1706988082:[MRMAID,0002]acq started
1706991645:[MRMAID,0003]acq stopped
1706991645:[MRMAID,0052]$MEASFS,140448,3509.948090,40.014267;
1706991681:[SBE61 ,0396]P +20047,T +18839,S +34594
1706991682:[MRMAID,0002]acq started
1706995245:[MRMAID,0003]acq stopped
1706995245:[MRMAID,0052]$MEASFS,140448,3509.948059,40.014267;
1706995280:[SBE61 ,0396]P +20339,T +19003,S +34590
1706995282:[MRMAID,0002]acq started
1706998854:[MRMAID,0003]acq stopped
1706998855:[MRMAID,0052]$MEASFS,140847,3519.919525,40.014267;
1706998890:[SBE61 ,0396]P +20276,T +19234,S +34586
1706998891:[MRMAID,0002]acq started
1707002454:[MRMAID,0003]acq stopped
1707002454:[MRMAID,0052]$MEASFS,140450,3509.998077,40.014267;
1707002489:[SBE61 ,0396]P +20260,T +19380,S +34584
1707002491:[MRMAID,0002]acq started
1707006054:[MRMAID,0003]acq stopped
1707006054:[MRMAID,0052]$MEASFS,140450,3509.998078,40.014267;
1707006089:[SBE61 ,0396]P +20134,T +19253,S +34586
1707006090:[MRMAID,0002]acq started
1707009663:[MRMAID,0003]acq stopped
1707009663:[MRMAID,0052]$MEASFS,140848,3519.944519,40.014267;
1707009699:[SBE61 ,0396]P +20209,T +19246,S +34587
1707009700:[MRMAID,0002]acq started
1707013263:[MRMAID,0003]acq stopped
1707013263:[MRMAID,0052]$MEASFS,140459,3510.222991,40.014267;
1707013298:[SBE61 ,0396]P +20148,T +19245,S +34587
1707013300:[MRMAID,0002]acq started
1707016873:[MRMAID,0003]acq stopped
1707016873:[MRMAID,0052]$MEASFS,140852,3520.044495,40.014267;
1707016908:[SBE61 ,0396]P +20164,T +19253,S +34586
1707016909:[MRMAID,0002]acq started
1707020472:[MRMAID,0003]acq stopped
1707020472:[MRMAID,0052]$MEASFS,140449,3509.973083,40.014267;
1707020508:[SBE61 ,0396]P +20163,T +19277,S +34586
1707020509:[MRMAID,0002]acq started
1707024072:[MRMAID,0003]acq stopped
1707024072:[MRMAID,0052]$MEASFS,140449,3509.973114,40.014267;
1707024107:[SBE61 ,0396]P +20087,T +19165,S +34588
1707024109:[MRMAID,0002]acq started
1707027681:[MRMAID,0003]acq stopped
1707027682:[MRMAID,0052]$MEASFS,140848,3519.944550,40.014267;
1707027717:[SBE61 ,0396]P +20145,T +19069,S +34589
1707027718:[MRMAID,0002]acq started
1707031281:[MRMAID,0003]acq stopped
1707031281:[MRMAID,0052]$MEASFS,140452,3510.048065,40.014267;
1707031316:[SBE61 ,0396]P +20241,T +19118,S +34588
1707031318:[MRMAID,0002]acq started
1707034881:[MRMAID,0003]acq stopped
1707034881:[MRMAID,0052]$MEASFS,140448,3509.948090,40.014267;
1707034916:[SBE61 ,0396]P +20290,T +19246,S +34586
1707034917:[MRMAID,0002]acq started
1707035823:[MRMAID,0027]2026dbar, 33degC
1707038490:[MRMAID,0003]acq stopped
1707038490:[MRMAID,0052]$MEASFS,140848,3519.944519,40.014267;
1707038526:[SBE61 ,0396]P +20159,T +19317,S +34585
1707038527:[MRMAID,0002]acq started
1707040476:[MRMAID,0027]2012dbar, 33degC
1707040622:[MRMAID,0005]ascent request rejected
1707042090:[MRMAID,0052]$MEASFS,140449,3509.973083,40.014267;
1707042092:[MRMAID,0003]acq stopped
1707042125:[SBE61 ,0396]P +20120,T +19214,S +34586
1707042127:[MRMAID,0002]acq started
1707045690:[MRMAID,0003]acq stopped
1707045690:[MRMAID,0052]$MEASFS,140450,3509.998108,40.014267;
1707045725:[SBE61 ,0396]P +20138,T +19143,S +34588
1707045726:[MRMAID,0002]acq started
1707049299:[MRMAID,0003]acq stopped
1707049299:[MRMAID,0052]$MEASFS,140848,3519.944550,40.014267;
1707049335:[SBE61 ,0396]P +20085,T +18964,S +34591
1707049336:[MRMAID,0002]acq started
1707052899:[MRMAID,0003]acq stopped
1707052899:[MRMAID,0052]$MEASFS,140449,3509.973084,40.014267;
1707052934:[SBE61 ,0396]P +20258,T +18906,S +34592
1707052935:[MRMAID,0002]acq started
1707056508:[MRMAID,0003]acq stopped
1707056544:[SBE61 ,0396]P +20283,T +19139,S +34588
1707056545:[MRMAID,0002]acq started
1707060108:[MRMAID,0003]acq stopped
1707060108:[MRMAID,0052]$MEASFS,140449,3509.973053,40.014267;
1707060144:[SBE61 ,0396]P +20207,T +19058,S +34589
1707060145:[MRMAID,0002]acq started
1707063708:[MRMAID,0003]acq stopped
1707063708:[MRMAID,0052]$MEASFS,140449,3509.973053,40.014267;
1707063743:[SBE61 ,0396]P +20234,T +19037,S +34589
1707063744:[MRMAID,0002]acq started
1707067317:[MRMAID,0052]$STOPACK:$MEASFS,140851,3520.019501,40.014267;
1707067320:[MRMAID,0185]3 spurious byte(s) received
1707067353:[SBE61 ,0396]P +20178,T +19119,S +34588
1707067354:[MRMAID,0002]acq started
1707067728:[MRMAID,0027]2012dbar, 33degC
1707070917:[MRMAID,0003]acq stopped
1707070917:[MRMAID,0052]$MEASFS,140449,3509.973083,40.014267;
1707070952:[SBE61 ,0396]P +20202,T +19115,S +34588
1707070954:[MRMAID,0002]acq started
1707074517:[MRMAID,0003]acq stopped
1707074517:[MRMAID,0052]$MEASFS,140450,3509.998047,40.014267;
1707074552:[SBE61 ,0396]P +20292,T +19103,S +34588
1707074553:[MRMAID,0002]acq started
1707078126:[MRMAID,0052]$STOPACK:+$MEASFS,140849,3519.969513,40.014267;
1707078129:[MRMAID,0185]2 spurious byte(s) received
1707078162:[SBE61 ,0396]P +20167,T +19044,S +34589
1707078163:[MRMAID,0002]acq started
1707081726:[MRMAID,0003]acq stopped
1707081726:[MRMAID,0052]$MEASFS,140450,3509.998047,40.014267;
1707081761:[SBE61 ,0396]P +20375,T +19202,S +34587
1707081763:[MRMAID,0002]acq started
1707085335:[MRMAID,0003]acq stopped
1707085336:[MRMAID,0052]$MEASFS,140848,3519.944519,40.014267;
1707085371:[SBE61 ,0396]P +20301,T +19556,S +34582
1707085372:[MRMAID,0002]acq started
1707088935:[MRMAID,0003]acq stopped
1707088935:[MRMAID,0052]$MEASFS,140449,3509.973084,40.014267;
1707088971:[SBE61 ,0396]P +20220,T +19444,S +34583
1707088972:[MRMAID,0002]acq started
1707092535:[MRMAID,0003]acq stopped
1707092535:[MRMAID,0052]$MEASFS,140449,3509.973114,40.014267;
1707092570:[SBE61 ,0396]P +20227,T +19263,S +34587
1707092571:[MRMAID,0002]acq started
1707096144:[MRMAID,0003]acq stopped
1707096144:[MRMAID,0052]$MEASFS,140848,3519.944550,40.014267;
1707096180:[SBE61 ,0396]P +20280,T +19360,S +34585
1707096181:[MRMAID,0002]acq started
1707099744:[MRMAID,0003]acq stopped
1707099744:[MRMAID,0052]$MEASFS,140459,3510.222992,40.014267;
1707099779:[SBE61 ,0396]P +20245,T +19361,S +34585
1707099781:[MRMAID,0002]acq started
1707103344:[MRMAID,0003]acq stopped
1707103344:[MRMAID,0052]$MEASFS,140452,3510.048096,40.014267;
1707103379:[SBE61 ,0396]P +20196,T +19252,S +34586
1707103380:[MRMAID,0002]acq started
1707106953:[MRMAID,0003]acq stopped
1707106953:[MRMAID,0052]$MEASFS,140846,3519.894593,40.014266;
1707106989:[SBE61 ,0396]P +20170,T +19285,S +34586
1707106990:[MRMAID,0002]acq started
1707110553:[MRMAID,0003]acq stopped
1707110553:[MRMAID,0052]$MEASFS,140450,3509.998108,40.014267;
1707110588:[SBE61 ,0396]P +20129,T +19102,S +34588
1707110590:[MRMAID,0002]acq started
1707114162:[MRMAID,0003]acq stopped
1707114163:[MRMAID,0052]$MEASFS,140849,3519.969544,40.014267;
1707114198:[SBE61 ,0396]P +20257,T +19067,S +34589
1707114199:[MRMAID,0002]acq started
1707117762:[MRMAID,0003]acq stopped
1707117762:[MRMAID,0052]$MEASFS,140450,3509.998108,40.014267;
1707117798:[SBE61 ,0396]P +20226,T +19077,S +34589
1707117799:[MRMAID,0002]acq started
1707121362:[MRMAID,0003]acq stopped
1707121362:[MRMAID,0052]$MEASFS,140449,3509.973084,40.014267;
1707121397:[SBE61 ,0396]P +20420,T +19290,S +34586
1707121398:[MRMAID,0002]acq started
1707122348:[MRMAID,0027]2026dbar, 33degC
1707124971:[MRMAID,0003]acq stopped
1707124972:[MRMAID,0052]$MEASFS,140849,3519.969512,40.014267;
1707125007:[SBE61 ,0396]P +20279,T +19271,S +34587
1707125008:[MRMAID,0002]acq started
1707128571:[MRMAID,0003]acq stopped
1707128571:[MRMAID,0052]$MEASFS,140449,3509.973083,40.014267;
1707128606:[SBE61 ,0396]P +20109,T +19296,S +34587
1707128608:[MRMAID,0002]acq started
1707132171:[MRMAID,0003]acq stopped
1707132171:[MRMAID,0052]$MEASFS,140449,3509.973083,40.014267;
1707132206:[SBE61 ,0396]P +20237,T +19169,S +34587
1707132207:[MRMAID,0002]acq started
1707135780:[MRMAID,0003]acq stopped
1707135780:[MRMAID,0052]$MEASFS,140851,3520.019501,40.014267;
1707135816:[SBE61 ,0396]P +20278,T +19176,S +34587
1707135817:[MRMAID,0002]acq started
1707139380:[MRMAID,0003]acq stopped
1707139380:[MRMAID,0052]$MEASFS,140448,3509.948120,40.014267;
1707139415:[SBE61 ,0396]P +20291,T +19274,S +34586
1707139417:[MRMAID,0002]acq started
1707142989:[MRMAID,0003]acq stopped
1707142990:[MRMAID,0052]$MEASFS,140847,3519.919556,40.014267;
1707143025:[SBE61 ,0396]P +20341,T +19548,S +34582
1707143026:[MRMAID,0002]acq started
1707146589:[MRMAID,0003]acq stopped
1707146589:[MRMAID,0052]$MEASFS,140450,3509.998108,40.014267;
1707146625:[SBE61 ,0396]P +20071,T +19350,S +34585
1707146626:[MRMAID,0002]acq started
1707150189:[MRMAID,0003]acq stopped
1707150189:[MRMAID,0052]$MEASFS,140450,3509.998108,40.014267;
1707150224:[SBE61 ,0396]P +20311,T +19220,S +34587
1707150225:[MRMAID,0002]acq started
1707153798:[MRMAID,0003]acq stopped
1707153834:[SBE61 ,0396]P +20205,T +19235,S +34585
1707153835:[MRMAID,0002]acq started
1707157398:[MRMAID,0003]acq stopped
1707157398:[MRMAID,0052]$MEASFS,140449,3509.973114,40.014267;
1707157433:[SBE61 ,0396]P +20301,T +19148,S +34588
1707157435:[MRMAID,0002]acq started
1707160998:[MRMAID,0003]acq stopped
1707160998:[MRMAID,0052]$MEASFS,140449,3509.973114,40.014267;
1707161033:[SBE61 ,0396]P +20302,T +19412,S +34584
1707161034:[MRMAID,0002]acq started
1707164607:[MRMAID,0003]acq stopped
1707164643:[SBE61 ,0396]P +20094,T +19295,S +34585
1707164644:[MRMAID,0002]acq started
1707168207:[MRMAID,0003]acq stopped
1707168207:[MRMAID,0052]$MEASFS,140448,3509.948120,40.014267;
1707168242:[SBE61 ,0396]P +20421,T +19260,S +34587
1707168244:[MRMAID,0002]acq started
1707171817:[MRMAID,0003]acq stopped
1707171817:[MRMAID,0052]$MEASFS,140847,3519.919556,40.014267;
1707171852:[SBE61 ,0396]P +20233,T +19360,S +34585
1707171853:[MRMAID,0002]acq started
1707175416:[MRMAID,0003]acq stopped
1707175416:[MRMAID,0052]$MEASFS,140448,3509.948120,40.014267;
1707175452:[SBE61 ,0396]P +20157,T +19192,S +34588
1707175453:[MRMAID,0002]acq started
1707179016:[MRMAID,0003]acq stopped
1707179016:[MRMAID,0052]$MEASFS,140451,3510.023072,40.014267;
1707179051:[SBE61 ,0396]P +20284,T +19196,S +34587
1707179052:[MRMAID,0002]acq started
1707182625:[MRMAID,0003]acq stopped
1707182625:[MRMAID,0052]$MEASFS,140849,3519.969513,40.014267;
1707182661:[SBE61 ,0396]P +20324,T +19361,S +34584
1707182662:[MRMAID,0002]acq started
1707186225:[MRMAID,0003]acq stopped
1707186225:[MRMAID,0052]$MEASFS,140460,3510.248016,40.014267;
1707186260:[SBE61 ,0396]P +20347,T +19356,S +34585
1707186262:[MRMAID,0002]acq started
1707189825:[MRMAID,0003]acq stopped
1707189825:[MRMAID,0052]$MEASFS,140454,3510.098083,40.014266;
1707189860:[SBE61 ,0396]P +20082,T +19277,S +34586
1707189861:[MRMAID,0002]acq started
1707193434:[MRMAID,0003]acq stopped
1707193434:[MRMAID,0052]$MEASFS,140848,3519.944550,40.014267;
1707193470:[SBE61 ,0396]P +20295,T +19253,S +34586
1707193471:[MRMAID,0002]acq started
1707197034:[MRMAID,0003]acq stopped
1707197034:[MRMAID,0052]$MEASFS,140449,3509.973114,40.014267;
1707197069:[SBE61 ,0396]P +20313,T +19482,S +34582
1707197071:[MRMAID,0002]acq started
1707200644:[MRMAID,0003]acq stopped
1707200644:[MRMAID,0052]$MEASFS,140848,3519.944550,40.014267;
1707200679:[SBE61 ,0396]P +20338,T +19495,S +34583
1707200680:[MRMAID,0002]acq started
1707204243:[MRMAID,0003]acq stopped
1707204243:[MRMAID,0052]$MEASFS,140449,3509.973114,40.014267;
1707204279:[SBE61 ,0396]P +20312,T +19590,S +34581
1707204280:[MRMAID,0002]acq started
1707207843:[MRMAID,0003]acq stopped
1707207843:[MRMAID,0052]$MEASFS,140448,3509.948120,40.014267;
1707207878:[SBE61 ,0396]P +20114,T +19515,S +34581
1707207879:[MRMAID,0002]acq started
1707211452:[MRMAID,0003]acq stopped
1707211452:[MRMAID,0052]$MEASFS,140847,3519.919586,40.014266;
1707211488:[SBE61 ,0396]P +20304,T +19336,S +34585
1707211489:[MRMAID,0002]acq started
1707215052:[MRMAID,0003]acq stopped
1707215052:[MRMAID,0052]$MEASFS,140450,3509.998139,40.014266;
1707215087:[SBE61 ,0396]P +20111,T +19163,S +34588
1707215089:[MRMAID,0002]acq started
1707218652:[MRMAID,0003]acq stopped
1707218652:[MRMAID,0052]$MEASFS,140450,3509.998107,40.014267;
1707218687:[SBE61 ,0396]P +20306,T +19188,S +34587
1707218688:[MRMAID,0002]acq started
1707222261:[MRMAID,0003]acq stopped
1707222261:[MRMAID,0052]$MEASFS,140849,3519.969543,40.014267;
1707222297:[SBE61 ,0396]P +20269,T +19229,S +34587
1707222298:[MRMAID,0002]acq started
1707225861:[MRMAID,0003]acq stopped
1707225861:[MRMAID,0052]$MEASFS,140449,3509.973114,40.014267;
1707225896:[SBE61 ,0396]P +20454,T +19354,S +34585
1707225898:[MRMAID,0002]acq started
1707229471:[MRMAID,0003]acq stopped
1707229471:[MRMAID,0052]$MEASFS,140848,3519.944549,40.014267;
1707229506:[SBE61 ,0396]P +20218,T +19540,S +34582
1707229507:[MRMAID,0002]acq started
1707231997:[MRMAID,0027]2019dbar, 33degC
1707233070:[MRMAID,0003]acq stopped
1707233070:[MRMAID,0052]$MEASFS,140450,3509.998139,40.014266;
1707233106:[SBE61 ,0396]P +20222,T +19309,S +34585
1707233107:[MRMAID,0002]acq started
1707236670:[MRMAID,0003]acq stopped
1707236670:[MRMAID,0052]$MEASFS,140449,3509.973145,40.014266;
1707236705:[SBE61 ,0396]P +20337,T +19313,S +34585
1707236706:[MRMAID,0002]acq started
1707240279:[MRMAID,0003]acq stopped
1707240280:[MRMAID,0052]$MEASFS,140848,3519.944580,40.014266;
1707240315:[SBE61 ,0396]P +20301,T +19311,S +34586
1707240316:[MRMAID,0002]acq started
1707243879:[MRMAID,0003]acq stopped
1707243879:[MRMAID,0052]$MEASFS,140448,3509.948121,40.014267;
1707243914:[SBE61 ,0396]P +20350,T +19321,S +34585
1707243916:[MRMAID,0002]acq started
1707247479:[MRMAID,0003]acq stopped
1707247479:[MRMAID,0052]$MEASFS,140448,3509.948120,40.014267;
1707247514:[SBE61 ,0396]P +20234,T +19302,S +34586
1707247515:[MRMAID,0002]acq started
1707251088:[MRMAID,0003]acq stopped
1707251088:[MRMAID,0052]$MEASFS,140850,3519.994538,40.014267;
1707251124:[SBE61 ,0396]P +20448,T +19361,S +34585
1707251125:[MRMAID,0002]acq started
1707254688:[MRMAID,0003]acq stopped
1707254688:[MRMAID,0052]$MEASFS,140450,3509.998108,40.014267;
1707254723:[SBE61 ,0396]P +20297,T +19389,S +34584
1707254725:[MRMAID,0002]acq started
1707258298:[MRMAID,0003]acq stopped
1707258298:[MRMAID,0052]$MEASFS,140849,3519.969727,40.014265;
1707258333:[SBE61 ,0396]P +20216,T +19289,S +34586
1707258334:[MRMAID,0002]acq started
1707261897:[MRMAID,0003]acq stopped
1707261897:[MRMAID,0052]$MEASFS,140449,3509.973114,40.014267;
1707261933:[SBE61 ,0396]P +20381,T +19307,S +34585
1707261934:[MRMAID,0002]acq started
1707265497:[MRMAID,0003]acq stopped
1707265497:[MRMAID,0052]$MEASFS,140449,3509.973114,40.014267;
1707265532:[SBE61 ,0396]P +20226,T +19297,S +34586
1707265533:[MRMAID,0002]acq started
1707269106:[MRMAID,0003]acq stopped
1707269107:[MRMAID,0052]$MEASFS,140848,3519.944580,40.014266;
1707269142:[SBE61 ,0396]P +20235,T +19119,S +34588
1707269143:[MRMAID,0002]acq started
1707272706:[MRMAID,0003]acq stopped
1707272706:[MRMAID,0052]$MEASFS,140459,3510.223022,40.014267;
1707272741:[SBE61 ,0396]P +20432,T +19333,S +34585
1707272743:[MRMAID,0002]acq started
1707276306:[MRMAID,0003]acq stopped
1707276306:[MRMAID,0052]$MEASFS,140449,3509.973084,40.014267;
1707276341:[SBE61 ,0396]P +20313,T +19438,S +34584
1707276342:[MRMAID,0002]acq started
1707278962:[MRMAID,0027]2020dbar, 33degC
1707279120:[MRMAID,0005]ascent request rejected
1707279915:[MRMAID,0003]acq stopped
1707279915:[MRMAID,0052]$MEASFS,140847,3519.919555,40.014267;
1707279951:[SBE61 ,0396]P +20240,T +19281,S +34586
1707279952:[MRMAID,0002]acq started
1707283515:[MRMAID,0003]acq stopped
1707283515:[MRMAID,0052]$MEASFS,140448,3509.948120,40.014267;
1707283550:[SBE61 ,0396]P +20302,T +19191,S +34587
1707283552:[MRMAID,0002]acq started
1707287115:[MRMAID,0003]acq stopped
1707287115:[MRMAID,0052]$MEASFS,140450,3509.998078,40.014267;
1707287150:[SBE61 ,0396]P +20373,T +19322,S +34585
1707287151:[MRMAID,0002]acq started
1707290724:[MRMAID,0003]acq stopped
1707290724:[MRMAID,0052]$MEASFS,140849,3519.969513,40.014267;
1707290760:[SBE61 ,0396]P +20483,T +19483,S +34583
1707290761:[MRMAID,0002]acq started
1707294324:[MRMAID,0003]acq stopped
1707294324:[MRMAID,0052]$MEASFS,140450,3509.998108,40.014267;
1707294359:[SBE61 ,0396]P +20406,T +19620,S +34581
1707294361:[MRMAID,0002]acq started
1707297933:[MRMAID,0003]acq stopped
1707297934:[MRMAID,0052]$MEASFS,140848,3519.944549,40.014267;
1707297969:[SBE61 ,0396]P +20395,T +19586,S +34581
1707297970:[MRMAID,0002]acq started
1707300567:[MAIN  ,0140]stage[1] complete 27185s after mission start
1707300575:[SBE   ,0391]Mode changed from PROFILING to SLEEP
1707300576:[MRMAID,0003]acq stopped
1707300576:[MRMAID,0052]$MEASFS,102150,2552.839508,40.014266;
1707300576:[MAIN  ,0056]stage[2]
1707300579:[MAIN  ,0024]internal pressure 76700Pa
1707300580:[BUOY  ,0037]P+202682mbar
1707300581:[BUOY  ,0087]from +0mbar/s to +9mbar/s
1707300581:[BUOY  ,0090]need to transfer -130mL (valve during 3683ms)
1707300581:[VALVE ,0034]valve opening 3683ms
1707300585:[VALVE ,0234]battery 13677mV,  504104uA, P+202682mbar
1707301214:[PRESS ,0038]P+207272mbar,T+32767mdegC
1707301556:[BUOY  ,0087]from +7mbar/s to +9mbar/s
1707301556:[BUOY  ,0090]need to transfer -52mL (valve during 1448ms)
1707301556:[VALVE ,0034]valve opening 1448ms
1707301558:[VALVE ,0234]battery 14000mV,  503616uA, P+209912mbar
1707301857:[PRESS ,0038]P+212772mbar,T+32767mdegC
1707302506:[PRESS ,0038]P+218912mbar,T+32767mdegC
1707303156:[PRESS ,0038]P+225012mbar,T+32767mdegC
1707303806:[PRESS ,0038]P+230552mbar,T+32767mdegC
1707304456:[PRESS ,0038]P+235792mbar,T+32767mdegC
1707304805:[BUOY  ,0087]from +7mbar/s to +9mbar/s
1707304805:[BUOY  ,0090]need to transfer -52mL (valve during 1359ms)
1707304805:[VALVE ,0034]valve opening 1359ms
1707304807:[VALVE ,0234]battery 14026mV,  506422uA, P+238432mbar
1707305106:[PRESS ,0038]P+241192mbar,T+32767mdegC
1707305756:[PRESS ,0038]P+246962mbar,T+32767mdegC
1707306405:[PRESS ,0038]P+252892mbar,T+32767mdegC
1707307055:[PRESS ,0038]P+258612mbar,T+32767mdegC
1707307705:[PRESS ,0038]P+264192mbar,T+32767mdegC
1707308355:[PRESS ,0038]P+269962mbar,T+32767mdegC
1707309004:[PRESS ,0038]P+275572mbar,T+32767mdegC
1707309029:[BUOY  ,0087]from +9mbar/s to +6mbar/s
1707309029:[PUMP  ,0378]Outflow calculated : 2668
1707309029:[BUOY  ,0089]need to transfer +72mL (pump during 106195ms)
1707309031:[PUMP  ,0016]pump during 60000ms
1707309090:[PUMP  ,0212]battery 13697mV, 1168394uA (steady state), P+275792mbar
1707309356:[BUOY  ,0087]from +8mbar/s to +6mbar/s
1707309356:[PUMP  ,0378]Outflow calculated : 2664
1707309356:[BUOY  ,0089]need to transfer +44mL (pump during 66566ms)
1707309357:[PUMP  ,0016]pump during 60000ms
1707309416:[PUMP  ,0212]battery 13880mV, 1169980uA (steady state), P+278352mbar
1707309666:[PRESS ,0038]P+280592mbar,T+32767mdegC
1707310632:[PRESS ,0038]P+287572mbar,T+32767mdegC
1707311607:[PRESS ,0038]P+294312mbar,T+32767mdegC
1707311631:[BUOY  ,0087]from +8mbar/s to +2mbar/s
1707311631:[PUMP  ,0378]Outflow calculated : 2657
1707311631:[BUOY  ,0089]need to transfer +96mL (pump during 142433ms)
1707311633:[PUMP  ,0016]pump during 60000ms
1707311692:[PUMP  ,0212]battery 14090mV, 1221342uA (steady state), P+294492mbar
1707311958:[STAGE ,0213]296262mbar reached at 1707311958s, ref 300000mbar +/-5000mbar
1707311958:[BUOY  ,0087]from +5mbar/s to +0mbar/s
1707311958:[PUMP  ,0378]Outflow calculated : 2656
1707311958:[BUOY  ,0089]need to transfer +40mL (pump during 59347ms)
1707311959:[PUMP  ,0016]pump during 59347ms
1707312018:[PUMP  ,0212]battery 13932mV, 1223904uA (steady state), P+296262mbar
1707312284:[BUOY  ,0087]from +4mbar/s to +0mbar/s
1707312284:[PUMP  ,0378]Outflow calculated : 2652
1707312284:[BUOY  ,0089]need to transfer +26mL (pump during 39599ms)
1707312285:[PUMP  ,0016]pump during 39599ms
1707312325:[PUMP  ,0212]battery 13912mV, 1232322uA (steady state), P+297602mbar
1707312611:[BUOY  ,0087]from +3mbar/s to +0mbar/s
1707312611:[PUMP  ,0378]Outflow calculated : 2651
1707312611:[BUOY  ,0089]need to transfer +14mL (pump during 21330ms)
1707312612:[PUMP  ,0016]pump during 21330ms
1707312633:[PUMP  ,0212]battery 13946mV, 1231834uA (steady state), P+298622mbar
1707313237:[PRESS ,0038]P+299912mbar,T+32767mdegC
1707313537:[BUOY  ,0087]from +2mbar/s to +0mbar/s
1707313537:[PUMP  ,0378]Outflow calculated : 2653
1707313537:[BUOY  ,0089]need to transfer +6mL (pump during 8959ms)
1707313539:[PUMP  ,0016]pump during 8959ms
1707313547:[PUMP  ,0212]battery 14102mV, 1235494uA (steady state), P+300592mbar
1707313864:[BUOY  ,0087]from +2mbar/s to +0mbar/s
1707313864:[PUMP  ,0378]Outflow calculated : 2652
1707313864:[BUOY  ,0089]need to transfer +6mL (pump during 8962ms)
1707313865:[PUMP  ,0016]pump during 8962ms
1707313873:[PUMP  ,0212]battery 14088mV, 1246718uA (steady state), P+301202mbar
1707314190:[BUOY  ,0087]from +2mbar/s to +0mbar/s
1707314190:[PUMP  ,0378]Outflow calculated : 2652
1707314190:[BUOY  ,0089]need to transfer +6mL (pump during 8991ms)
1707314191:[PUMP  ,0016]pump during 8991ms
1707314199:[PUMP  ,0212]battery 14086mV, 1242692uA (steady state), P+301712mbar
1707315117:[MAIN  ,0140]stage[2] complete -23801s after mission start
1707315117:[MAIN  ,0056]stage[3]
1707315119:[MAIN  ,0024]internal pressure 77242Pa
1707315120:[BUOY  ,0037]P+302052mbar
1707315120:[SBE   ,0391]Mode changed from SLEEP to UPDATE
1707315122:[BUOY  ,0087]from +0mbar/s to -10mbar/s
1707315122:[PUMP  ,0378]Outflow calculated : 2652
1707315122:[BUOY  ,0089]need to transfer +160mL (pump during 238806ms)
1707315123:[PUMP  ,0016]pump during 60000ms
1707315124:[SBE   ,0391]Mode changed from UPDATE to START
1707315182:[PUMP  ,0212]battery 14131mV, 1254404uA (steady state), P+302032mbar
1707315448:[BUOY  ,0087]from -2mbar/s to -10mbar/s
1707315448:[PUMP  ,0378]Outflow calculated : 2652
1707315448:[BUOY  ,0089]need to transfer +154mL (pump during 229851ms)
1707315449:[PUMP  ,0016]pump during 60000ms
1707315450:[SBE   ,0384]Start profil acquisitions
1707315450:[SBE   ,0391]Mode changed from START to PROFILING
1707315508:[PUMP  ,0212]battery 13950mV, 1284904uA (steady state), P+301242mbar
1707315774:[BUOY  ,0087]from -5mbar/s to -10mbar/s
1707315774:[PUMP  ,0378]Outflow calculated : 2651
1707315774:[BUOY  ,0089]need to transfer +120mL (pump during 182927ms)
1707315776:[PUMP  ,0016]pump during 60000ms
1707315835:[PUMP  ,0212]battery 13916mV, 1251842uA (steady state), P+299852mbar
1707316101:[BUOY  ,0087]from -5mbar/s to -10mbar/s
1707316101:[PUMP  ,0378]Outflow calculated : 2652
1707316101:[BUOY  ,0089]need to transfer +120mL (pump during 182648ms)
1707316102:[PUMP  ,0016]pump during 60000ms
1707316161:[PUMP  ,0212]battery 13916mV, 1238788uA (steady state), P+298112mbar
1707316427:[BUOY  ,0087]from -6mbar/s to -10mbar/s
1707316427:[PUMP  ,0378]Outflow calculated : 2653
1707316427:[BUOY  ,0089]need to transfer +102mL (pump during 155725ms)
1707316428:[PUMP  ,0016]pump during 60000ms
1707316487:[PUMP  ,0212]battery 13925mV, 1225368uA (steady state), P+295992mbar
1707316729:[PRESS ,0038]P+293812mbar,T+32767mdegC
1707316753:[BUOY  ,0087]from -8mbar/s to -10mbar/s
1707316753:[PUMP  ,0378]Outflow calculated : 2654
1707316754:[BUOY  ,0089]need to transfer +58mL (pump during 88550ms)
1707316755:[PUMP  ,0016]pump during 60000ms
1707316814:[PUMP  ,0212]battery 13926mV, 1230126uA (steady state), P+293592mbar
1707317080:[BUOY  ,0087]from -8mbar/s to -10mbar/s
1707317080:[PUMP  ,0378]Outflow calculated : 2655
1707317080:[BUOY  ,0089]need to transfer +58mL (pump during 88821ms)
1707317081:[PUMP  ,0016]pump during 60000ms
1707317140:[PUMP  ,0212]battery 13935mV, 1217560uA (steady state), P+290912mbar
1707317381:[PRESS ,0038]P+288272mbar,T+32767mdegC
1707317406:[BUOY  ,0087]from -8mbar/s to -10mbar/s
1707317406:[PUMP  ,0378]Outflow calculated : 2657
1707317406:[BUOY  ,0089]need to transfer +58mL (pump during 88821ms)
1707317408:[PUMP  ,0016]pump during 60000ms
1707317467:[PUMP  ,0212]battery 13942mV, 1196454uA (steady state), P+288062mbar
1707317733:[BUOY  ,0087]from -9mbar/s to -10mbar/s
1707317733:[PUMP  ,0378]Outflow calculated : 2658
1707317733:[BUOY  ,0089]need to transfer +30mL (pump during 46141ms)
1707317734:[PUMP  ,0016]pump during 46141ms
1707317780:[PUMP  ,0212]battery 13948mV, 1189012uA (steady state), P+284952mbar
1707318034:[PRESS ,0038]P+281872mbar,T+32767mdegC
1707318684:[PRESS ,0038]P+275182mbar,T+32767mdegC
1707319334:[PRESS ,0038]P+268262mbar,T+32767mdegC
1707319984:[PRESS ,0038]P+261372mbar,T+32767mdegC
1707320633:[PRESS ,0038]P+254472mbar,T+32767mdegC
1707320983:[BUOY  ,0087]from -9mbar/s to -10mbar/s
1707320983:[PUMP  ,0378]Outflow calculated : 2682
1707320983:[BUOY  ,0089]need to transfer +30mL (pump during 44487ms)
1707320984:[PUMP  ,0016]pump during 44487ms
1707321028:[PUMP  ,0212]battery 14125mV, 1080310uA (steady state), P+251212mbar
1707321285:[PRESS ,0038]P+248292mbar,T+32767mdegC
1707321934:[PRESS ,0038]P+242102mbar,T+32767mdegC
1707321959:[BUOY  ,0087]from -9mbar/s to -10mbar/s
1707321959:[PUMP  ,0378]Outflow calculated : 2687
1707321959:[BUOY  ,0089]need to transfer +30mL (pump during 44568ms)
1707321961:[PUMP  ,0016]pump during 44568ms
1707322005:[PUMP  ,0212]battery 14127mV, 1051518uA (steady state), P+241852mbar
1707322286:[BUOY  ,0087]from -9mbar/s to -10mbar/s
1707322286:[PUMP  ,0378]Outflow calculated : 2689
1707322286:[BUOY  ,0089]need to transfer +30mL (pump during 44535ms)
1707322287:[PUMP  ,0016]pump during 44535ms
1707322331:[PUMP  ,0212]battery 14055mV, 1035170uA (steady state), P+238652mbar
1707322587:[PRESS ,0038]P+235552mbar,T+32767mdegC
1707323237:[PRESS ,0038]P+228612mbar,T+32767mdegC
1707323887:[PRESS ,0038]P+221372mbar,T+32767mdegC
1707324537:[PRESS ,0038]P+213572mbar,T+32767mdegC
1707325186:[PRESS ,0038]P+206142mbar,T+32767mdegC
1707325836:[PRESS ,0038]P+199752mbar,T+32767mdegC
1707325861:[BUOY  ,0087]from -9mbar/s to -10mbar/s
1707325861:[PUMP  ,0378]Outflow calculated : 2713
1707325861:[BUOY  ,0089]need to transfer +30mL (pump during 44002ms)
1707325862:[PUMP  ,0016]pump during 44002ms
1707325905:[PUMP  ,0212]battery 14178mV,  901214uA (steady state), P+199502mbar
1707326187:[BUOY  ,0087]from -8mbar/s to -10mbar/s
1707326187:[PUMP  ,0378]Outflow calculated : 2714
1707326187:[BUOY  ,0089]need to transfer +58mL (pump during 85044ms)
1707326189:[PUMP  ,0016]pump during 60000ms
1707326248:[PUMP  ,0212]battery 14120mV,  887062uA (steady state), P+196502mbar
1707326489:[PRESS ,0038]P+193662mbar,T+32767mdegC
1707326514:[BUOY  ,0087]from -9mbar/s to -10mbar/s
1707326514:[PUMP  ,0378]Outflow calculated : 2715
1707326514:[BUOY  ,0089]need to transfer +30mL (pump during 44457ms)
1707326515:[PUMP  ,0016]pump during 44457ms
1707326559:[PUMP  ,0212]battery 14083mV,  881450uA (steady state), P+193432mbar
1707326840:[BUOY  ,0087]from -9mbar/s to -10mbar/s
1707326840:[PUMP  ,0378]Outflow calculated : 2717
1707326840:[BUOY  ,0089]need to transfer +30mL (pump during 44424ms)
1707326842:[PUMP  ,0016]pump during 44424ms
1707326886:[PUMP  ,0212]battery 14103mV,  862052uA (steady state), P+190282mbar
1707327142:[PRESS ,0038]P+187342mbar,T+32767mdegC
1707327167:[BUOY  ,0087]from -9mbar/s to -10mbar/s
1707327167:[PUMP  ,0378]Outflow calculated : 2719
1707327167:[BUOY  ,0089]need to transfer +30mL (pump during 44385ms)
1707327168:[PUMP  ,0016]pump during 44385ms
1707327212:[PUMP  ,0212]battery 14107mV,  853878uA (steady state), P+187102mbar
1707327793:[PRESS ,0038]P+180552mbar,T+32767mdegC
1707328443:[PRESS ,0038]P+172962mbar,T+32767mdegC
1707329093:[PRESS ,0038]P+164822mbar,T+32767mdegC
1707329743:[PRESS ,0038]P+157232mbar,T+32767mdegC
1707330392:[PRESS ,0038]P+150182mbar,T+32767mdegC
1707331042:[PRESS ,0038]P+143142mbar,T+32767mdegC
1707331692:[PRESS ,0038]P+135852mbar,T+32767mdegC
1707332342:[PRESS ,0038]P+129112mbar,T+32767mdegC
1707332992:[PRESS ,0038]P+122662mbar,T+32767mdegC
1707333641:[PRESS ,0038]P+115832mbar,T+32767mdegC
1707334291:[PRESS ,0038]P+108712mbar,T+32767mdegC
1707334941:[PRESS ,0038]P+102632mbar,T+32767mdegC
1707334966:[BUOY  ,0087]from -8mbar/s to -10mbar/s
1707334966:[PUMP  ,0378]Outflow calculated : 2771
1707334966:[BUOY  ,0089]need to transfer +58mL (pump during 83333ms)
1707334967:[PUMP  ,0016]pump during 60000ms
1707335026:[PUMP  ,0212]battery 14261mV,  572058uA (steady state), P+102422mbar
1707335292:[BUOY  ,0087]from -9mbar/s to -10mbar/s
1707335292:[PUMP  ,0378]Outflow calculated : 2772
1707335292:[BUOY  ,0089]need to transfer +30mL (pump during 43109ms)
1707335293:[PUMP  ,0016]pump during 43109ms
1707335336:[PUMP  ,0212]battery 14262mV,  547780uA (steady state), P +99572mbar
1707335594:[PRESS ,0038]P +96512mbar,T+32767mdegC
1707336244:[PRESS ,0038]P +89372mbar,T+32767mdegC
1707336593:[BUOY  ,0087]from -9mbar/s to -10mbar/s
1707336593:[PUMP  ,0378]Outflow calculated : 2781
1707336593:[BUOY  ,0089]need to transfer +30mL (pump during 43050ms)
1707336595:[PUMP  ,0016]pump during 43050ms
1707336638:[PUMP  ,0212]battery 14347mV,  502762uA (steady state), P +85912mbar
1707336895:[PRESS ,0038]P +83012mbar,T+32767mdegC
1707337545:[PRESS ,0038]P +76622mbar,T+32767mdegC
1707338194:[PRESS ,0038]P +69882mbar,T+32767mdegC
1707338844:[PRESS ,0038]P +63262mbar,T+32767mdegC
1707338869:[BUOY  ,0087]from -9mbar/s to -10mbar/s
1707338869:[PUMP  ,0378]Outflow calculated : 2794
1707338869:[BUOY  ,0089]need to transfer +30mL (pump during 42730ms)
1707338870:[PUMP  ,0016]pump during 42730ms
1707338912:[PUMP  ,0212]battery 14393mV,  417606uA (steady state), P +63042mbar
1707339195:[BUOY  ,0087]from -8mbar/s to -10mbar/s
1707339195:[PUMP  ,0378]Outflow calculated : 2796
1707339195:[BUOY  ,0089]need to transfer +58mL (pump during 82857ms)
1707339197:[PUMP  ,0016]pump during 60000ms
1707339256:[PUMP  ,0212]battery 14408mV,  397354uA (steady state), P +60202mbar
1707339497:[PRESS ,0038]P +57072mbar,T+32767mdegC
1707340147:[PRESS ,0038]P +50252mbar,T+32767mdegC
1707340172:[BUOY  ,0087]from -9mbar/s to -10mbar/s
1707340172:[PUMP  ,0378]Outflow calculated : 2802
1707340172:[BUOY  ,0089]need to transfer +30mL (pump during 42767ms)
1707340173:[PUMP  ,0016]pump during 42767ms
1707340215:[PUMP  ,0212]battery 14447mV,  366122uA (steady state), P +50032mbar
1707340798:[PRESS ,0038]P +42862mbar,T+32767mdegC
1707341148:[BUOY  ,0087]from -9mbar/s to -10mbar/s
1707341148:[PUMP  ,0378]Outflow calculated : 2809
1707341148:[BUOY  ,0089]need to transfer +30mL (pump during 42519ms)
1707341149:[PUMP  ,0016]pump during 42519ms
1707341191:[PUMP  ,0212]battery 14498mV,  324764uA (steady state), P +39152mbar
1707341449:[PRESS ,0038]P +36202mbar,T+32767mdegC
1707342099:[PRESS ,0038]P +29132mbar,T+32767mdegC
1707342749:[PRESS ,0038]P +22052mbar,T+32767mdegC
1707343099:[BUOY  ,0087]from -9mbar/s to -10mbar/s
1707343099:[PUMP  ,0378]Outflow calculated : 2821
1707343099:[BUOY  ,0089]need to transfer +30mL (pump during 42200ms)
1707343100:[PUMP  ,0016]pump during 42200ms
1707343142:[PUMP  ,0212]battery 14610mV,  244488uA (steady state), P +18722mbar
1707343400:[PRESS ,0038]P +16022mbar,T+32767mdegC
1707343425:[BUOY  ,0087]from -9mbar/s to -10mbar/s
1707343425:[PUMP  ,0378]Outflow calculated : 2823
1707343425:[BUOY  ,0089]need to transfer +30mL (pump during 42252ms)
1707343427:[PUMP  ,0016]pump during 42252ms
1707343469:[PUMP  ,0212]battery 14642mV,  228872uA (steady state), P +15792mbar
1707344052:[PRESS ,0038]P  +8932mbar,T+32767mdegC
1707344701:[PRESS ,0038]P  +2012mbar,T+32767mdegC
1707344726:[BUOY  ,0087]from -9mbar/s to -10mbar/s
1707344726:[PUMP  ,0378]Outflow calculated : 2831
1707344726:[BUOY  ,0089]need to transfer +30mL (pump during 41983ms)
1707344728:[PUMP  ,0016]pump during 41983ms
1707344769:[PUMP  ,0212]battery 14757mV,  176290uA (steady state), P  +1792mbar
1707345053:[STAGE ,0214]-208mbar (500) reached at 1707345053s, ascending from 302052mbar
1707345053:[STAGE ,0342]The float reached the surface : OK
1707345053:[MAIN  ,0140]stage[3] complete 6135s after mission start
1707345055:[SBE   ,0391]Mode changed from PROFILING to SLEEP
1707345056:[SBE   ,0391]Mode changed from SLEEP to STOP
1707345232:[SBE   ,0391]Mode changed from STOP to SLEEP
1707345234:[SBE   ,0391]Mode changed from SLEEP to DUMP
1707345234:[SBE   ,0343]SBE dump : 503 stored samples in hexa format
1707345250:[SBE   ,0338]Dump finished
1707345250:[SBE   ,0388]503 samples in 0100/65C38FAF.S61
1707345250:[SBE   ,0391]Mode changed from DUMP to SLEEP
1707345250:[MRMAID,0188]acq already stopped
1707345251:[MSSION,0192]mission stopped, 4 stage(s) done
1707345251:[MAIN  ,0065]surfacing
1707345253:[SURFIN,0036]P   -228mbar
1707345255:[SURFIN,0020]filling external bladder
1707345256:[PUMP  ,0016]pump during 30000ms
1707345285:[PUMP  ,0212]battery 14168mV, 1318088uA (steady state), P   -248mbar
1707345302:[PUMP  ,0016]pump during 30000ms
1707345331:[PUMP  ,0212]battery 14961mV,   13054uA (steady state), P   -248mbar
1707345348:[PUMP  ,0016]pump during 30000ms
1707345374:[PUMP  ,0212]battery 14826mV,   13176uA (steady state), P   -248mbar
1707345374:[PUMP  ,0019]external bladder full
1707345437:[MAIN  ,0272]Vbat 14883mV (min 14392mV)
1707345439:[MAIN  ,0024]internal pressure 74750Pa
1707345439:[MAIN  ,0043]Pext 255mbar (rng 30mbar)
1707345439:[MAIN  ,0064]surface
1707345451:[SURF  ,0022]GPS fix...
1707345470:[GPSFIX,0123]<WARN>GPRMC ms=10 #1
1707345529:[SURF  ,0015]10 PPS detected...
1707345530:[MRMAID,0052]$GPSACK:+0,+0,+0,+0,+0,+0,-880615;
1707345540:[MRMAID,0052]$GPSOFF:3686332;
1707345542:[GPSFIX,0179]-13s diff
1707345555:[SURF  ,0222]2024-02-07T22:39:15
1707345555:[SURF  ,0082]N28deg45.844mn, E138deg48.339mn
1707345555:[SURF  ,0084]hdop 1.070, vdop 1.790
1707345565:[SURF  ,0274]last almanac : 1728727
1707345938:[MRMAID,0026]145442 bytes in 0100/65C406A2.MER
1707345944:[MAIN  ,0320]New pressure offset: 255mbar
1707345944:[SBE   ,0391]Mode changed from SLEEP to RESETOFFSET
1707346006:[SBE   ,0339]new offset = -2.09 received after 63s
1707346006:[SBE   ,0391]Mode changed from RESETOFFSET to SLEEP
1707346007:[MAIN  ,0078]*** switching to 0100/65C40857 ***
