1681457098:[MAIN  ,0007]buoy 467.174-T-0100
1681457098:[MAIN  ,0055]soft pilotage 467.174.300_V2.63-20230412
1681457098:[MAIN  ,0010]cycle 11
1681457098:[SURF  ,0225]surface2
1681457111:[SURF  ,0022]GPS fix...
1681457131:[SURF  ,0015]10 PPS detected...
1681457132:[MRMAID,0052]$GPSACK:+0,+0,+0,+0,+0,+0,+0;
1681457142:[MRMAID,0052]$GPSOFF:3686332;
1681457144:[GPSFIX,0179]-1s diff
1681457145:[SURF  ,0222]2023-04-14T07:25:45
1681457145:[SURF  ,0082]N43deg40.937mn, E007deg19.182mn
1681457145:[SURF  ,0084]hdop 0.590, vdop 0.860
1681457155:[SURF  ,0025]Iridium...
1681457200:[SURF  ,0009]connected in 45s, signal quality 5
1681457303:[SURF  ,0218]prompt received, remote cmd end
1681457303:[SURF  ,0012]17 cmd(s) received
1681457328:[UPLOAD,0248]Upload data files...
1681457388:[UPLOAD,0231]"0100/6438FB59.S61" uploaded at 83bytes/s
1681457440:[UPLOAD,0231]"0100/6438FF6C.MER" uploaded at 148bytes/s
1681457624:[UPLOAD,0231]"0100/6438E33A.BIN" uploaded at 145bytes/s
1681457641:[MAIN  ,0013]3 file(s) uploaded
1681457677:[SURF  ,0014]disconnected after 522s
1681457682:[SURF  ,0227]1st complete transfer
1681457727:[SURF  ,0022]GPS fix...
1681457747:[SURF  ,0015]10 PPS detected...
1681457748:[MRMAID,0052]$GPSACK:+0,+0,+0,+0,+0,+0,+0;
1681457758:[MRMAID,0052]$GPSOFF:3686332;
1681457760:[GPSFIX,0179]-1s diff
1681457761:[SURF  ,0222]2023-04-14T07:36:01
1681457761:[SURF  ,0082]N43deg40.937mn, E007deg19.181mn
1681457761:[SURF  ,0084]hdop 0.580, vdop 0.880
1681457771:[SURF  ,0025]Iridium...
1681457772:[MODEM ,0347]<ERR>ping error
1681457772:[SURF  ,0023]<WARN>failed to connect #1, code -1, net -1, qual -1, dial -1
1681457830:[SURF  ,0009]connected in 59s, signal quality 2
1681457877:[SURF  ,0218]prompt received, remote cmd end
1681457877:[SURF  ,0012]8 cmd(s) received
1681457917:[SURF  ,0014]disconnected after 146s
1681457922:[SURF  ,0226]Go dive
1681457934:[SURF  ,0022]GPS fix...
1681457954:[SURF  ,0015]10 PPS detected...
1681457955:[MRMAID,0052]$GPSACK:+0,+0,+0,+0,+0,+0,+0;
1681457965:[MRMAID,0052]$GPSOFF:3686332;
1681457967:[GPSFIX,0179]-1s diff
1681457968:[SURF  ,0222]2023-04-14T07:39:28
1681457968:[SURF  ,0082]N43deg40.938mn, E007deg19.181mn
1681457968:[SURF  ,0084]hdop 0.540, vdop 0.840
1681457985:[MAIN  ,0024]internal pressure 76493Pa
1681457986:[MAIN  ,0041]<WARN>mission empty
1681457986:[MAIN  ,0065]surfacing
1681457988:[PRESS ,0038]P    -41mbar,T+32767mdegC
1681458012:[SURFIN,0036]P    -51mbar
1681458014:[SURFIN,0020]filling external bladder
1681458016:[PUMP  ,0016]pump during 30000ms
1681458017:[PUMP  ,0019]external bladder full
1681458018:[PRESS ,0038]P   +290mbar,T+32767mdegC
1681458079:[MAIN  ,0272]Vbat 15021mV (min 14591mV)
1681458081:[MAIN  ,0024]internal pressure 76431Pa
1681458081:[MAIN  ,0043]Pext 256mbar (rng 50mbar)
1681458081:[MAIN  ,0064]surface
1681458093:[SURF  ,0022]GPS fix...
1681458113:[SURF  ,0015]10 PPS detected...
1681458114:[MRMAID,0052]$GPSACK:+0,+0,+0,+0,+0,+0,+0;
1681458124:[MRMAID,0052]$GPSOFF:3686332;
1681458126:[GPSFIX,0179]-1s diff
1681458127:[SURF  ,0222]2023-04-14T07:42:07
1681458127:[SURF  ,0082]N43deg40.938mn, E007deg19.182mn
1681458127:[SURF  ,0084]hdop 0.550, vdop 0.840
1681458137:[SURF  ,0274]last almanac : 70809
1681458150:[MRMAID,0026]1550 bytes in 0100/643903DE.MER
1681458155:[MAIN  ,0320]New pressure offset: 256mbar
1681458155:[SBE   ,0391]Mode changed from SLEEP to RESETOFFSET
1681458217:[SBE   ,0339]new offset = -1.24 received after 63s
1681458217:[SBE   ,0391]Mode changed from RESETOFFSET to SLEEP
1681458218:[SURF  ,0225]surface2
1681458231:[SURF  ,0022]GPS fix...
1681458251:[SURF  ,0015]10 PPS detected...
1681458252:[MRMAID,0052]$GPSACK:+0,+0,+0,+0,+0,+0,+0;
1681458262:[MRMAID,0052]$GPSOFF:3686331;
1681458264:[GPSFIX,0179]-1s diff
1681458265:[SURF  ,0222]2023-04-14T07:44:25
1681458265:[SURF  ,0082]N43deg40.938mn, E007deg19.181mn
1681458265:[SURF  ,0084]hdop 0.540, vdop 0.850
1681458275:[SURF  ,0025]Iridium...
1681458311:[SURF  ,0009]connected in 36s, signal quality 5
1681458361:[SURF  ,0218]prompt received, remote cmd end
1681458361:[SURF  ,0012]8 cmd(s) received
1681458383:[UPLOAD,0248]Upload data files...
1681458402:[UPLOAD,0231]"0100/643903DE.MER" uploaded at 129bytes/s
1681458419:[MAIN  ,0013]1 file(s) uploaded
1681458450:[SURF  ,0014]disconnected after 175s
1681458455:[SURF  ,0227]1st complete transfer
1681458846:[SURF  ,0022]GPS fix...
1681458867:[SURF  ,0015]10 PPS detected...
1681458868:[MRMAID,0052]$GPSACK:+0,+0,+0,+0,+0,+0,-91;
1681458878:[MRMAID,0052]$GPSOFF:3686331;
1681458880:[GPSFIX,0179]-1s diff
1681458881:[SURF  ,0222]2023-04-14T07:54:41
1681458881:[SURF  ,0082]N43deg40.938mn, E007deg19.181mn
1681458881:[SURF  ,0084]hdop 0.550, vdop 0.870
1681458891:[SURF  ,0025]Iridium...
1681458947:[SURF  ,0009]connected in 56s, signal quality 4
1681458999:[SURF  ,0218]prompt received, remote cmd end
1681458999:[SURF  ,0012]8 cmd(s) received
1681459040:[SURF  ,0014]disconnected after 149s
1681459045:[SURF  ,0226]Go dive
1681459056:[SURF  ,0022]GPS fix...
1681459076:[SURF  ,0015]10 PPS detected...
1681459077:[MRMAID,0052]$GPSACK:+0,+0,+0,+0,+0,+0,-30;
1681459087:[MRMAID,0052]$GPSOFF:3686331;
1681459089:[GPSFIX,0179]-1s diff
1681459090:[SURF  ,0222]2023-04-14T07:58:10
1681459090:[SURF  ,0082]N43deg40.938mn, E007deg19.181mn
1681459090:[SURF  ,0084]hdop 0.590, vdop 0.890
1681459107:[MAIN  ,0024]internal pressure 76510Pa
1681459108:[MAIN  ,0041]<WARN>mission empty
1681459108:[MAIN  ,0065]surfacing
1681459110:[PRESS ,0038]P     +4mbar,T+32767mdegC
1681459134:[SURFIN,0036]P    +14mbar
1681459136:[SURFIN,0020]filling external bladder
1681459138:[PUMP  ,0019]external bladder full
1681459139:[PRESS ,0038]P   +240mbar,T+32767mdegC
1681459200:[MAIN  ,0272]Vbat 15108mV (min 14591mV)
1681459202:[MAIN  ,0024]internal pressure 76525Pa
1681459202:[MAIN  ,0043]Pext 263mbar (rng 30mbar)
1681459202:[MAIN  ,0064]surface
1681459214:[SURF  ,0022]GPS fix...
1681459234:[SURF  ,0015]10 PPS detected...
1681459235:[MRMAID,0052]$GPSACK:+0,+0,+0,+0,+0,+0,-30;
1681459245:[MRMAID,0052]$GPSOFF:3686332;
1681459248:[GPSFIX,0179]+0s diff
1681459248:[SURF  ,0222]2023-04-14T08:00:48
1681459248:[SURF  ,0082]N43deg40.938mn, E007deg19.181mn
1681459248:[SURF  ,0084]hdop 0.560, vdop 0.810
1681459258:[SURF  ,0274]last almanac : 71930
1681459271:[MRMAID,0026]1556 bytes in 0100/6439083F.MER
1681459276:[MAIN  ,0320]New pressure offset: 263mbar
1681459276:[SBE   ,0391]Mode changed from SLEEP to RESETOFFSET
1681459338:[SBE   ,0339]new offset = -1.22 received after 63s
1681459338:[SBE   ,0391]Mode changed from RESETOFFSET to SLEEP
1681459339:[SURF  ,0225]surface2
1681459352:[SURF  ,0022]GPS fix...
1681459372:[SURF  ,0015]10 PPS detected...
1681459373:[MRMAID,0052]$GPSACK:+0,+0,+0,+0,+0,+0,+0;
1681459383:[MRMAID,0052]$GPSOFF:3686331;
1681459385:[GPSFIX,0179]-1s diff
1681459386:[SURF  ,0222]2023-04-14T08:03:06
1681459386:[SURF  ,0082]N43deg40.938mn, E007deg19.180mn
1681459386:[SURF  ,0084]hdop 0.560, vdop 0.880
1681459396:[SURF  ,0025]Iridium...
1681459431:[SURF  ,0009]connected in 35s, signal quality 5
1681459487:[SURF  ,0218]prompt received, remote cmd end
1681459487:[SURF  ,0012]8 cmd(s) received
1681459510:[UPLOAD,0248]Upload data files...
1681459526:[UPLOAD,0231]"0100/6439083F.MER" uploaded at 141bytes/s
1681459542:[MAIN  ,0013]1 file(s) uploaded
1681459572:[SURF  ,0014]disconnected after 176s
1681459577:[SURF  ,0227]1st complete transfer
1681459967:[SURF  ,0022]GPS fix...
1681459987:[SURF  ,0015]10 PPS detected...
1681459988:[MRMAID,0052]$GPSACK:+0,+0,+0,+0,+0,+0,-91;
1681459998:[MRMAID,0052]$GPSOFF:3686332;
1681460001:[GPSFIX,0179]+0s diff
1681460001:[SURF  ,0222]2023-04-14T08:13:21
1681460001:[SURF  ,0082]N43deg40.937mn, E007deg19.182mn
1681460001:[SURF  ,0084]hdop 0.510, vdop 0.740
1681460011:[SURF  ,0025]Iridium...
1681460041:[SURF  ,0009]connected in 30s, signal quality 5
1681460107:[SURF  ,0218]prompt received, remote cmd end
1681460107:[SURF  ,0012]8 cmd(s) received
1681460144:[SURF  ,0014]disconnected after 133s
1681460149:[SURF  ,0226]Go dive
1681460161:[SURF  ,0022]GPS fix...
1681460181:[SURF  ,0015]10 PPS detected...
1681460182:[MRMAID,0052]$GPSACK:+0,+0,+0,+0,+0,+0,+0;
1681460192:[MRMAID,0052]$GPSOFF:3686332;
1681460194:[GPSFIX,0179]-1s diff
1681460195:[SURF  ,0222]2023-04-14T08:16:35
1681460195:[SURF  ,0082]N43deg40.939mn, E007deg19.181mn
1681460195:[SURF  ,0084]hdop 0.530, vdop 0.760
1681460212:[MAIN  ,0024]internal pressure 76606Pa
1681460213:[MAIN  ,0041]<WARN>mission empty
1681460213:[MAIN  ,0065]surfacing
1681460215:[PRESS ,0038]P    -23mbar,T+32767mdegC
1681460239:[SURFIN,0036]P    -33mbar
1681460241:[SURFIN,0020]filling external bladder
1681460243:[PUMP  ,0019]external bladder full
1681460244:[PRESS ,0038]P   +250mbar,T+32767mdegC
1681460305:[MAIN  ,0272]Vbat 15113mV (min 14591mV)
1681460307:[MAIN  ,0024]internal pressure 76579Pa
1681460307:[MAIN  ,0043]Pext 261mbar (rng 20mbar)
1681460307:[MAIN  ,0064]surface
1681460319:[SURF  ,0022]GPS fix...
1681460339:[SURF  ,0015]10 PPS detected...
1681460340:[MRMAID,0052]$GPSACK:+0,+0,+0,+0,+0,+0,+0;
1681460350:[MRMAID,0052]$GPSOFF:3686331;
1681460352:[GPSFIX,0179]-1s diff
1681460353:[SURF  ,0222]2023-04-14T08:19:13
1681460353:[SURF  ,0082]N43deg40.938mn, E007deg19.181mn
1681460353:[SURF  ,0084]hdop 0.510, vdop 0.790
1681460363:[SURF  ,0274]last almanac : 73035
1681460376:[MRMAID,0026]1552 bytes in 0100/64390C90.MER
1681460381:[MAIN  ,0320]New pressure offset: 261mbar
1681460381:[SBE   ,0391]Mode changed from SLEEP to RESETOFFSET
1681460443:[SBE   ,0339]new offset = -1.21 received after 63s
1681460443:[SBE   ,0391]Mode changed from RESETOFFSET to SLEEP
1681460444:[SURF  ,0225]surface2
1681460457:[SURF  ,0022]GPS fix...
1681460477:[SURF  ,0015]10 PPS detected...
1681460478:[MRMAID,0052]$GPSACK:+0,+0,+0,+0,+0,+0,-30;
1681460488:[MRMAID,0052]$GPSOFF:3686331;
1681460490:[GPSFIX,0179]-1s diff
1681460491:[SURF  ,0222]2023-04-14T08:21:31
1681460491:[SURF  ,0082]N43deg40.939mn, E007deg19.181mn
1681460491:[SURF  ,0084]hdop 0.500, vdop 0.820
1681460501:[SURF  ,0025]Iridium...
1681460547:[SURF  ,0009]connected in 46s, signal quality 5
1681460598:[SURF  ,0218]prompt received, remote cmd end
1681460598:[SURF  ,0012]8 cmd(s) received
1681460623:[UPLOAD,0248]Upload data files...
1681460665:[UPLOAD,0231]"0100/64390C90.MER" uploaded at 82bytes/s
1681460685:[MAIN  ,0013]1 file(s) uploaded
1681460718:[SURF  ,0014]disconnected after 217s
1681460723:[SURF  ,0227]1st complete transfer
1681461073:[SURF  ,0022]GPS fix...
1681461093:[SURF  ,0015]10 PPS detected...
1681461094:[MRMAID,0052]$GPSACK:+0,+0,+0,+0,+0,+0,-91;
1681461104:[MRMAID,0052]$GPSOFF:3686331;
1681461106:[GPSFIX,0179]-1s diff
1681461107:[SURF  ,0222]2023-04-14T08:31:47
1681461107:[SURF  ,0082]N43deg40.939mn, E007deg19.183mn
1681461107:[SURF  ,0084]hdop 0.550, vdop 0.910
1681461117:[SURF  ,0025]Iridium...
1681461152:[SURF  ,0009]connected in 35s, signal quality 5
1681461183:[SURF  ,0071]<WARN>timeout
1681461183:[SURF  ,0056]<WARN>peer mute
1681461193:[SURF  ,0014]disconnected after 76s
1681461198:[SURFIN,0020]filling external bladder
1681461199:[PUMP  ,0019]external bladder full
1681461199:[SURF  ,0227]1st complete transfer
1681461199:[SURF  ,0226]Go dive
1681461210:[SURF  ,0022]GPS fix...
1681461231:[SURF  ,0015]10 PPS detected...
1681461232:[MRMAID,0052]$GPSACK:+0,+0,+0,+0,+0,+0,-30;
1681461242:[MRMAID,0052]$GPSOFF:3686331;
1681461245:[GPSFIX,0179]+0s diff
1681461245:[SURF  ,0222]2023-04-14T08:34:05
1681461245:[SURF  ,0082]N43deg40.938mn, E007deg19.183mn
1681461245:[SURF  ,0084]hdop 0.560, vdop 0.960
1681461262:[MAIN  ,0024]internal pressure 76629Pa
1681461263:[MAIN  ,0041]<WARN>mission empty
1681461263:[MAIN  ,0065]surfacing
1681461265:[PRESS ,0038]P    -11mbar,T+32767mdegC
1681461289:[SURFIN,0036]P    -11mbar
1681461291:[SURFIN,0020]filling external bladder
1681461293:[PUMP  ,0019]external bladder full
1681461294:[PRESS ,0038]P   +250mbar,T+32767mdegC
1681461355:[MAIN  ,0272]Vbat 15115mV (min 14591mV)
1681461357:[MAIN  ,0024]internal pressure 76647Pa
1681461357:[MAIN  ,0043]Pext 255mbar (rng 30mbar)
1681461357:[MAIN  ,0064]surface
1681461369:[SURF  ,0022]GPS fix...
1681461389:[SURF  ,0015]10 PPS detected...
1681461390:[MRMAID,0052]$GPSACK:+0,+0,+0,+0,+0,+0,-30;
1681461400:[MRMAID,0052]$GPSOFF:3686331;
1681461402:[GPSFIX,0179]-1s diff
1681461403:[SURF  ,0222]2023-04-14T08:36:43
1681461403:[SURF  ,0082]N43deg40.940mn, E007deg19.184mn
1681461403:[SURF  ,0084]hdop 0.550, vdop 0.920
1681461413:[SURF  ,0274]last almanac : 74085
1681461426:[MRMAID,0026]1558 bytes in 0100/643910AA.MER
1681461431:[MAIN  ,0320]New pressure offset: 255mbar
1681461431:[SBE   ,0391]Mode changed from SLEEP to RESETOFFSET
1681461493:[SBE   ,0339]new offset = -1.17 received after 63s
1681461493:[SBE   ,0391]Mode changed from RESETOFFSET to SLEEP
1681461494:[SURF  ,0225]surface2
1681461507:[SURF  ,0022]GPS fix...
1681461527:[SURF  ,0015]10 PPS detected...
1681461528:[MRMAID,0052]$GPSACK:+0,+0,+0,+0,+0,+0,-30;
1681461538:[MRMAID,0052]$GPSOFF:3686331;
1681461540:[GPSFIX,0179]-1s diff
1681461541:[SURF  ,0222]2023-04-14T08:39:01
1681461541:[SURF  ,0082]N43deg40.940mn, E007deg19.184mn
1681461541:[SURF  ,0084]hdop 0.530, vdop 0.940
1681461551:[SURF  ,0025]Iridium...
1681461591:[SURF  ,0009]connected in 40s, signal quality 5
1681461639:[SURF  ,0218]prompt received, remote cmd end
1681461639:[SURF  ,0012]9 cmd(s) received
1681461661:[UPLOAD,0248]Upload data files...
1681461680:[UPLOAD,0231]"0100/643910AA.MER" uploaded at 111bytes/s
1681461695:[MAIN  ,0013]1 file(s) uploaded
1681461729:[SURF  ,0014]disconnected after 178s
1681461734:[SURF  ,0227]1st complete transfer
1681462122:[SURF  ,0022]GPS fix...
1681462143:[SURF  ,0015]10 PPS detected...
1681462144:[MRMAID,0052]$GPSACK:+0,+0,+0,+0,+0,+0,-91;
1681462154:[MRMAID,0052]$GPSOFF:3686331;
1681462156:[GPSFIX,0179]-1s diff
1681462157:[SURF  ,0222]2023-04-14T08:49:17
1681462157:[SURF  ,0082]N43deg40.940mn, E007deg19.184mn
1681462157:[SURF  ,0084]hdop 0.580, vdop 0.910
1681462167:[SURF  ,0025]Iridium...
1681462209:[SURF  ,0009]connected in 42s, signal quality 5
1681462261:[SURF  ,0218]prompt received, remote cmd end
1681462261:[SURF  ,0012]8 cmd(s) received
1681462302:[SURF  ,0014]disconnected after 135s
1681462307:[SURF  ,0226]Go dive
1681462319:[SURF  ,0022]GPS fix...
1681462339:[SURF  ,0015]10 PPS detected...
1681462340:[MRMAID,0052]$GPSACK:+0,+0,+0,+0,+0,+0,-30;
1681462350:[MRMAID,0052]$GPSOFF:3686331;
1681462352:[GPSFIX,0179]-1s diff
1681462353:[SURF  ,0222]2023-04-14T08:52:33
1681462353:[SURF  ,0082]N43deg40.941mn, E007deg19.185mn
1681462353:[SURF  ,0084]hdop 0.640, vdop 1.140
1681462370:[MAIN  ,0024]internal pressure 76668Pa
1681462371:[MAIN  ,0041]<WARN>mission empty
1681462371:[MAIN  ,0065]surfacing
1681462373:[PRESS ,0038]P     +5mbar,T+32767mdegC
1681462397:[SURFIN,0036]P     +5mbar
1681462399:[SURFIN,0020]filling external bladder
1681462401:[PUMP  ,0019]external bladder full
1681462402:[PRESS ,0038]P   +260mbar,T+32767mdegC
1681462463:[MAIN  ,0272]Vbat 15109mV (min 14591mV)
1681462465:[MAIN  ,0024]internal pressure 76647Pa
1681462465:[MAIN  ,0043]Pext 251mbar (rng 20mbar)
1681462465:[MAIN  ,0064]surface
1681462477:[SURF  ,0022]GPS fix...
1681462497:[SURF  ,0015]10 PPS detected...
1681462498:[MRMAID,0052]$GPSACK:+0,+0,+0,+0,+0,+0,-30;
1681462508:[MRMAID,0052]$GPSOFF:3686331;
1681462510:[GPSFIX,0179]-1s diff
1681462511:[SURF  ,0222]2023-04-14T08:55:11
1681462511:[SURF  ,0082]N43deg40.940mn, E007deg19.185mn
1681462511:[SURF  ,0084]hdop 0.560, vdop 0.950
1681462521:[SURF  ,0274]last almanac : 75193
1681462534:[MRMAID,0026]1558 bytes in 0100/643914FE.MER
1681462539:[MAIN  ,0320]New pressure offset: 251mbar
1681462539:[SBE   ,0391]Mode changed from SLEEP to RESETOFFSET
1681462601:[SBE   ,0339]new offset = -1.16 received after 63s
1681462601:[SBE   ,0391]Mode changed from RESETOFFSET to SLEEP
1681462602:[SURF  ,0225]surface2
1681462615:[SURF  ,0022]GPS fix...
1681462635:[SURF  ,0015]10 PPS detected...
1681462636:[MRMAID,0052]$GPSACK:+0,+0,+0,+0,+0,+0,-30;
1681462646:[MRMAID,0052]$GPSOFF:3686331;
1681462648:[GPSFIX,0179]-1s diff
1681462649:[SURF  ,0222]2023-04-14T08:57:29
1681462649:[SURF  ,0082]N43deg40.941mn, E007deg19.184mn
1681462649:[SURF  ,0084]hdop 0.560, vdop 0.950
1681462659:[SURF  ,0025]Iridium...
1681462660:[MODEM ,0347]<ERR>ping error
1681462660:[SURF  ,0023]<WARN>failed to connect #1, code -1, net -1, qual -1, dial -1
1681462687:[SURF  ,0023]<WARN>failed to connect #2, code -5, net 4, qual -1, dial -1
1681462767:[SURF  ,0009]connected in 108s, signal quality 4
1681462821:[SURF  ,0218]prompt received, remote cmd end
1681462821:[SURF  ,0012]8 cmd(s) received
1681462845:[UPLOAD,0248]Upload data files...
1681462876:[UPLOAD,0231]"0100/643914FE.MER" uploaded at 74bytes/s
1681462898:[MAIN  ,0013]1 file(s) uploaded
1681462932:[SURF  ,0014]disconnected after 273s
1681462937:[SURF  ,0227]1st complete transfer
1681463231:[SURF  ,0022]GPS fix...
1681463251:[SURF  ,0015]10 PPS detected...
1681463252:[MRMAID,0052]$GPSACK:+0,+0,+0,+0,+0,+0,-91;
1681463262:[MRMAID,0052]$GPSOFF:3686331;
1681463264:[GPSFIX,0179]-1s diff
1681463265:[SURF  ,0222]2023-04-14T09:07:45
1681463265:[SURF  ,0082]N43deg40.941mn, E007deg19.183mn
1681463265:[SURF  ,0084]hdop 0.600, vdop 0.930
1681463275:[SURF  ,0025]Iridium...
1681463315:[SURF  ,0009]connected in 40s, signal quality 5
1681463371:[SURF  ,0218]prompt received, remote cmd end
1681463371:[SURF  ,0012]8 cmd(s) received
1681463411:[SURF  ,0014]disconnected after 136s
1681463416:[SURF  ,0226]Go dive
1681463428:[SURF  ,0022]GPS fix...
1681463448:[SURF  ,0015]10 PPS detected...
1681463449:[MRMAID,0052]$GPSACK:+0,+0,+0,+0,+0,+0,-30;
1681463459:[MRMAID,0052]$GPSOFF:3686331;
1681463461:[GPSFIX,0179]-1s diff
1681463462:[SURF  ,0222]2023-04-14T09:11:02
1681463462:[SURF  ,0082]N43deg40.941mn, E007deg19.182mn
1681463462:[SURF  ,0084]hdop 0.570, vdop 0.890
1681463479:[MAIN  ,0024]internal pressure 76686Pa
1681463480:[MAIN  ,0041]<WARN>mission empty
1681463480:[MAIN  ,0065]surfacing
1681463482:[PRESS ,0038]P     +9mbar,T+32767mdegC
1681463506:[SURFIN,0036]P     +9mbar
1681463508:[SURFIN,0020]filling external bladder
1681463510:[PUMP  ,0019]external bladder full
1681463511:[PRESS ,0038]P   +240mbar,T+32767mdegC
1681463571:[MAIN  ,0272]Vbat 15092mV (min 14591mV)
1681463573:[MAIN  ,0024]internal pressure 76632Pa
1681463573:[MAIN  ,0043]Pext 252mbar (rng 50mbar)
1681463573:[MAIN  ,0064]surface
1681463585:[SURF  ,0022]GPS fix...
1681463605:[SURF  ,0015]10 PPS detected...
1681463606:[MRMAID,0052]$GPSACK:+0,+0,+0,+0,+0,+0,-30;
1681463616:[MRMAID,0052]$GPSOFF:3686331;
1681463618:[GPSFIX,0179]-1s diff
1681463619:[SURF  ,0222]2023-04-14T09:13:39
1681463619:[SURF  ,0082]N43deg40.942mn, E007deg19.184mn
1681463619:[SURF  ,0084]hdop 0.560, vdop 0.840
1681463629:[SURF  ,0274]last almanac : 76301
1681463642:[MRMAID,0026]1558 bytes in 0100/64391952.MER
1681463647:[MAIN  ,0320]New pressure offset: 252mbar
1681463647:[SBE   ,0391]Mode changed from SLEEP to RESETOFFSET
1681463709:[SBE   ,0339]new offset = -1.17 received after 63s
1681463709:[SBE   ,0391]Mode changed from RESETOFFSET to SLEEP
1681463710:[SURF  ,0225]surface2
1681463723:[SURF  ,0022]GPS fix...
1681463743:[SURF  ,0015]10 PPS detected...
1681463744:[MRMAID,0052]$GPSACK:+0,+0,+0,+0,+0,+0,-30;
1681463754:[MRMAID,0052]$GPSOFF:3686331;
1681463756:[GPSFIX,0179]-1s diff
1681463757:[SURF  ,0222]2023-04-14T09:15:57
1681463757:[SURF  ,0082]N43deg40.942mn, E007deg19.182mn
1681463757:[SURF  ,0084]hdop 0.560, vdop 0.850
1681463767:[SURF  ,0025]Iridium...
1681463808:[SURF  ,0009]connected in 41s, signal quality 3
1681463861:[SURF  ,0218]prompt received, remote cmd end
1681463861:[SURF  ,0012]8 cmd(s) received
1681463883:[UPLOAD,0248]Upload data files...
1681463911:[UPLOAD,0231]"0100/64391952.MER" uploaded at 111bytes/s
1681463933:[MAIN  ,0013]1 file(s) uploaded
1681463965:[SURF  ,0014]disconnected after 198s
1681463970:[SURF  ,0227]1st complete transfer
1681464339:[SURF  ,0022]GPS fix...
1681464359:[SURF  ,0015]10 PPS detected...
1681464360:[MRMAID,0052]$GPSACK:+0,+0,+0,+0,+0,+0,-61;
1681464370:[MRMAID,0052]$GPSOFF:3686331;
1681464372:[GPSFIX,0179]-1s diff
1681464373:[SURF  ,0222]2023-04-14T09:26:13
1681464373:[SURF  ,0082]N43deg40.940mn, E007deg19.184mn
1681464373:[SURF  ,0084]hdop 0.570, vdop 0.830
1681464383:[SURF  ,0025]Iridium...
1681464412:[SURF  ,0009]connected in 29s, signal quality 5
1681464462:[SURF  ,0218]prompt received, remote cmd end
1681464462:[SURF  ,0012]8 cmd(s) received
1681464504:[SURF  ,0014]disconnected after 121s
1681464509:[SURF  ,0226]Go dive
1681464520:[SURF  ,0022]GPS fix...
1681464540:[SURF  ,0015]10 PPS detected...
1681464541:[MRMAID,0052]$GPSACK:+0,+0,+0,+0,+0,+0,-30;
1681464551:[MRMAID,0052]$GPSOFF:3686331;
1681464552:[GPSFIX,0179]-1s diff
1681464553:[SURF  ,0222]2023-04-14T09:29:13
1681464553:[SURF  ,0082]N43deg40.940mn, E007deg19.185mn
1681464553:[SURF  ,0084]hdop 0.580, vdop 0.850
1681464570:[MAIN  ,0024]internal pressure 76725Pa
1681464571:[MAIN  ,0041]<WARN>mission empty
1681464571:[MAIN  ,0065]surfacing
1681464573:[PRESS ,0038]P    -12mbar,T+32767mdegC
1681464597:[SURFIN,0036]P    +18mbar
1681464599:[SURFIN,0020]filling external bladder
1681464601:[PUMP  ,0019]external bladder full
1681464602:[PRESS ,0038]P   +270mbar,T+32767mdegC
1681464663:[MAIN  ,0272]Vbat 15114mV (min 14591mV)
1681464665:[MAIN  ,0024]internal pressure 76660Pa
1681464665:[MAIN  ,0043]Pext 253mbar (rng 50mbar)
1681464665:[MAIN  ,0064]surface
1681464677:[SURF  ,0022]GPS fix...
1681464697:[SURF  ,0015]10 PPS detected...
1681464698:[MRMAID,0052]$GPSACK:+0,+0,+0,+0,+0,+0,-30;
1681464708:[MRMAID,0052]$GPSOFF:3686331;
1681464710:[GPSFIX,0179]+0s diff
1681464710:[SURF  ,0222]2023-04-14T09:31:50
1681464710:[SURF  ,0082]N43deg40.940mn, E007deg19.184mn
1681464710:[SURF  ,0084]hdop 0.600, vdop 0.840
1681464720:[SURF  ,0274]last almanac : 77392
1681464733:[MRMAID,0026]1558 bytes in 0100/64391D95.MER
1681464738:[MAIN  ,0320]New pressure offset: 253mbar
1681464738:[SBE   ,0391]Mode changed from SLEEP to RESETOFFSET
1681464799:[SBE   ,0339]new offset = -1.16 received after 63s
1681464800:[SBE   ,0391]Mode changed from RESETOFFSET to SLEEP
1681464801:[SURF  ,0225]surface2
1681464814:[SURF  ,0022]GPS fix...
1681464834:[SURF  ,0015]10 PPS detected...
1681464835:[MRMAID,0052]$GPSACK:+0,+0,+0,+0,+0,+0,-30;
1681464845:[MRMAID,0052]$GPSOFF:3686331;
1681464847:[GPSFIX,0179]-1s diff
1681464848:[SURF  ,0222]2023-04-14T09:34:08
1681464848:[SURF  ,0082]N43deg40.939mn, E007deg19.186mn
1681464848:[SURF  ,0084]hdop 0.610, vdop 0.800
1681464858:[SURF  ,0025]Iridium...
1681464890:[SURF  ,0009]connected in 32s, signal quality 5
1681464938:[SURF  ,0218]prompt received, remote cmd end
1681464938:[SURF  ,0012]8 cmd(s) received
1681464961:[UPLOAD,0248]Upload data files...
1681464978:[UPLOAD,0231]"0100/64391D95.MER" uploaded at 142bytes/s
1681464996:[MAIN  ,0013]1 file(s) uploaded
1681465026:[SURF  ,0014]disconnected after 168s
1681465031:[SURF  ,0227]1st complete transfer
1681465430:[SURF  ,0022]GPS fix...
1681465450:[SURF  ,0015]10 PPS detected...
1681465451:[MRMAID,0052]$GPSACK:+0,+0,+0,+0,+0,+0,-61;
1681465461:[MRMAID,0052]$GPSOFF:3686331;
1681465463:[GPSFIX,0179]-1s diff
1681465464:[SURF  ,0222]2023-04-14T09:44:24
1681465464:[SURF  ,0082]N43deg40.940mn, E007deg19.186mn
1681465464:[SURF  ,0084]hdop 0.610, vdop 0.840
1681465474:[SURF  ,0025]Iridium...
1681465522:[SURF  ,0009]connected in 48s, signal quality 5
1681465581:[SURF  ,0218]prompt received, remote cmd end
1681465581:[SURF  ,0012]8 cmd(s) received
1681465623:[SURF  ,0014]disconnected after 149s
1681465628:[SURF  ,0226]Go dive
1681465639:[SURF  ,0022]GPS fix...
1681465659:[SURF  ,0015]10 PPS detected...
1681465660:[MRMAID,0052]$GPSACK:+0,+0,+0,+0,+0,+0,-30;
1681465670:[MRMAID,0052]$GPSOFF:3686331;
1681465673:[GPSFIX,0179]+0s diff
1681465673:[SURF  ,0222]2023-04-14T09:47:53
1681465673:[SURF  ,0082]N43deg40.940mn, E007deg19.185mn
1681465673:[SURF  ,0084]hdop 0.570, vdop 0.740
1681465690:[MAIN  ,0024]internal pressure 76738Pa
1681465691:[MAIN  ,0041]<WARN>mission empty
1681465691:[MAIN  ,0065]surfacing
1681465693:[PRESS ,0038]P     +7mbar,T+32767mdegC
1681465717:[SURFIN,0036]P    -13mbar
1681465719:[SURFIN,0020]filling external bladder
1681465721:[PUMP  ,0019]external bladder full
1681465722:[PRESS ,0038]P   +240mbar,T+32767mdegC
1681465782:[MAIN  ,0272]Vbat 15110mV (min 14591mV)
1681465784:[MAIN  ,0024]internal pressure 76703Pa
1681465784:[MAIN  ,0043]Pext 251mbar (rng 30mbar)
1681465784:[MAIN  ,0064]surface
1681465796:[SURF  ,0022]GPS fix...
1681465816:[SURF  ,0015]10 PPS detected...
1681465817:[MRMAID,0052]$GPSACK:+0,+0,+0,+0,+0,+0,-30;
1681465827:[MRMAID,0052]$GPSOFF:3686331;
1681465829:[GPSFIX,0179]-1s diff
1681465830:[SURF  ,0222]2023-04-14T09:50:30
1681465830:[SURF  ,0082]N43deg40.939mn, E007deg19.186mn
1681465830:[SURF  ,0084]hdop 0.580, vdop 0.810
1681465840:[SURF  ,0274]last almanac : 78512
1681465853:[MRMAID,0026]1558 bytes in 0100/643921F5.MER
1681465858:[MAIN  ,0320]New pressure offset: 251mbar
1681465858:[SBE   ,0391]Mode changed from SLEEP to RESETOFFSET
1681465920:[SBE   ,0339]new offset = -1.19 received after 63s
1681465920:[SBE   ,0391]Mode changed from RESETOFFSET to SLEEP
1681465921:[SURF  ,0225]surface2
1681465934:[SURF  ,0022]GPS fix...
1681465954:[SURF  ,0015]10 PPS detected...
1681465955:[MRMAID,0052]$GPSACK:+0,+0,+0,+0,+0,+0,-30;
1681465965:[MRMAID,0052]$GPSOFF:3686331;
1681465967:[GPSFIX,0179]-1s diff
1681465968:[SURF  ,0222]2023-04-14T09:52:48
1681465968:[SURF  ,0082]N43deg40.940mn, E007deg19.186mn
1681465968:[SURF  ,0084]hdop 0.590, vdop 0.720
1681465978:[SURF  ,0025]Iridium...
1681466178:[SURF  ,0023]<WARN>failed to connect #1, code -8, net 1, qual 5, dial 1
1681466227:[SURF  ,0009]connected in 249s, signal quality 5
1681466278:[SURF  ,0218]prompt received, remote cmd end
1681466279:[SURF  ,0012]8 cmd(s) received
1681466301:[UPLOAD,0248]Upload data files...
1681466320:[UPLOAD,0231]"0100/643921F5.MER" uploaded at 142bytes/s
1681466338:[MAIN  ,0013]1 file(s) uploaded
1681466371:[SURF  ,0014]disconnected after 393s
1681466376:[SURF  ,0227]1st complete transfer
1681466550:[SURF  ,0022]GPS fix...
1681466570:[SURF  ,0015]10 PPS detected...
1681466571:[MRMAID,0052]$GPSACK:+0,+0,+0,+0,+0,+0,-61;
1681466581:[MRMAID,0052]$GPSOFF:3686331;
1681466583:[GPSFIX,0179]-1s diff
1681466584:[SURF  ,0222]2023-04-14T10:03:04
1681466584:[SURF  ,0082]N43deg40.944mn, E007deg19.191mn
1681466584:[SURF  ,0084]hdop 0.670, vdop 0.930
1681466594:[SURF  ,0025]Iridium...
1681466624:[SURF  ,0009]connected in 30s, signal quality 5
1681466672:[SURF  ,0218]prompt received, remote cmd end
1681466672:[SURF  ,0012]8 cmd(s) received
1681466712:[SURF  ,0014]disconnected after 118s
1681466717:[SURF  ,0226]Go dive
