1687242046:[MAIN  ,0007]buoy 467.174-T-0100
1687242046:[MAIN  ,0055]soft pilotage 467.174.300_V2.67-20230503
1687242046:[MAIN  ,0010]cycle 1
1687242046:[SURF  ,0225]surface2
1687242059:[SURF  ,0022]GPS fix...
1687242196:[SURF  ,0015]10 PPS detected...
1687242197:[MRMAID,0052]$GPSACK:+0,+0,+0,+0,+0,+0,-341369;
1687242207:[MRMAID,0052]$GPSOFF:3686327;
1687242210:[GPSFIX,0179]+0s diff
1687242210:[SURF  ,0222]2023-06-20T06:23:30
1687242210:[SURF  ,0082]N29deg39.210mn, E141deg35.786mn
1687242210:[SURF  ,0084]hdop 1.170, vdop 2.150
1687242220:[SURF  ,0025]Iridium...
1687242263:[SURF  ,0009]connected in 43s, signal quality 5
1687242450:[SURF  ,0058]<WARN>read error -1
1687242450:[SURF  ,0071]<WARN>timeout
1687242450:[SURF  ,0056]<WARN>peer mute
1687242455:[SURF  ,0014]disconnected after 235s
1687242460:[SURFIN,0020]filling external bladder
1687242461:[PUMP  ,0019]external bladder full
1687242461:[SURF  ,0069]transfer interrupted , retry
1687242473:[SURF  ,0022]GPS fix...
1687242493:[SURF  ,0015]10 PPS detected...
1687242494:[MRMAID,0052]$GPSACK:+0,+0,+0,+0,+0,+0,+0;
1687242504:[MRMAID,0052]$GPSOFF:3686327;
1687242506:[GPSFIX,0179]-1s diff
1687242507:[SURF  ,0222]2023-06-20T06:28:27
1687242507:[SURF  ,0082]N29deg39.228mn, E141deg35.783mn
1687242507:[SURF  ,0084]hdop 0.740, vdop 1.030
1687242517:[SURF  ,0025]Iridium...
1687242517:[MODEM ,0347]<ERR>ping error
1687242517:[SURF  ,0023]<WARN>failed to connect #1, code -1, net -1, qual -1, dial -1
1687242783:[CMD   ,0276]0100>
1687242848:[SURF  ,0023]<WARN>failed to connect #2, code -8, net 1, qual 1, dial 1
1687242910:[SURF  ,0009]connected in 393s, signal quality 5
1687243035:[CMD   ,0276]0100>
1687243236:[SURF  ,0071]<WARN>timeout
1687243237:[SURF  ,0056]<WARN>peer mute
1687243242:[SURF  ,0014]disconnected after 725s
1687243247:[SURFIN,0020]filling external bladder
1687243249:[PUMP  ,0019]external bladder full
1687243249:[SURF  ,0069]transfer interrupted , retry
1687243260:[SURF  ,0022]GPS fix...
1687243280:[SURF  ,0015]10 PPS detected...
1687243281:[MRMAID,0052]$GPSACK:+0,+0,+0,+0,+0,+1,-999938;
1687243291:[MRMAID,0052]$GPSOFF:3686326;
1687243293:[GPSFIX,0179]-1s diff
1687243294:[SURF  ,0222]2023-06-20T06:41:34
1687243294:[SURF  ,0082]N29deg39.242mn, E141deg35.769mn
1687243294:[SURF  ,0084]hdop 0.710, vdop 1.220
1687243304:[SURF  ,0025]Iridium...
1687243511:[SURF  ,0023]<WARN>failed to connect #1, code -8, net 1, qual 5, dial 1
1687243734:[SURF  ,0023]<WARN>failed to connect #2, code -8, net 1, qual 5, dial 1
1687243741:[MODEM ,0347]<ERR>ping error
1687243741:[SURF  ,0023]<WARN>failed to connect #3, code -1, net -1, qual -1, dial -1
1687243769:[SURF  ,0023]<WARN>failed to connect #4, code -5, net 4, qual -1, dial -1
1687243777:[MODEM ,0347]<ERR>ping error
1687243777:[SURF  ,0023]<WARN>failed to connect #5, code -1, net -1, qual -1, dial -1
1687243782:[SURF  ,0117]<ERR>no connection after 478s
1687243787:[SURFIN,0020]filling external bladder
1687243788:[PUMP  ,0016]pump during 30000ms
1687243790:[PUMP  ,0019]external bladder full
1687243790:[SURF  ,0069]transfer interrupted , retry
1687243801:[SURF  ,0022]GPS fix...
1687243821:[SURF  ,0015]10 PPS detected...
1687243822:[MRMAID,0052]$GPSACK:+0,+0,+0,+0,+0,+0,-61;
1687243832:[MRMAID,0052]$GPSOFF:3686326;
1687243834:[GPSFIX,0179]-1s diff
1687243835:[SURF  ,0222]2023-06-20T06:50:35
1687243835:[SURF  ,0082]N29deg39.199mn, E141deg35.724mn
1687243835:[SURF  ,0084]hdop 0.790, vdop 1.210
1687243845:[SURF  ,0025]Iridium...
1687244050:[SURF  ,0023]<WARN>failed to connect #1, code -8, net 1, qual 5, dial 1
1687244104:[SURF  ,0009]connected in 259s, signal quality 5
1687244420:[SURF  ,0197]<ERR>Timeout when receive cmds
1687244420:[SURF  ,0012]47 cmd(s) received
1687244447:[UPLOAD,0248]Upload data files...
1687244481:[UPLOAD,0231]"0100/649143FF.BIN" uploaded at 107bytes/s
1687244492:[UPLOAD,0231]"0100/649144F3.MER" uploaded at 140bytes/s
1687244519:[UPLOAD,0231]"0100/648F9D9A.BIN" uploaded at 99bytes/s
1687244528:[UPLOAD,0231]"0100/64783DBC.BIN" uploaded at 73bytes/s
1687244573:[UPLOAD,0231]"0100/64783F7B.BIN" uploaded at 70bytes/s
1687244586:[UPLOAD,0231]"0100/64784378.MER" uploaded at 104bytes/s
1687244789:[SURF  ,0014]disconnected after 944s
1687244794:[SURFIN,0020]filling external bladder
1687244796:[PUMP  ,0019]external bladder full
1687244796:[SURF  ,0069]transfer interrupted , retry
1687244807:[SURF  ,0022]GPS fix...
1687244827:[SURF  ,0015]10 PPS detected...
1687244828:[MRMAID,0052]$GPSACK:+0,+0,+0,+0,+0,+0,-91;
1687244838:[MRMAID,0052]$GPSOFF:3686326;
1687244840:[GPSFIX,0179]-1s diff
1687244841:[SURF  ,0222]2023-06-20T07:07:21
1687244841:[SURF  ,0082]N29deg38.983mn, E141deg35.372mn
1687244841:[SURF  ,0084]hdop 0.620, vdop 1.000
1687244851:[SURF  ,0025]Iridium...
1687244897:[SURF  ,0009]connected in 46s, signal quality 3
1687245005:[SURF  ,0218]prompt received, remote cmd end
1687245006:[SURF  ,0012]18 cmd(s) received
1687245030:[UPLOAD,0248]Upload data files...
1687245368:[SURF  ,0014]disconnected after 517s
1687245373:[SURFIN,0020]filling external bladder
1687245375:[PUMP  ,0019]external bladder full
1687245375:[SURF  ,0069]transfer interrupted , retry
1687245386:[SURF  ,0022]GPS fix...
1687245406:[SURF  ,0015]10 PPS detected...
1687245407:[MRMAID,0052]$GPSACK:+0,+0,+0,+0,+0,+0,-30;
1687245417:[MRMAID,0052]$GPSOFF:3686326;
1687245419:[GPSFIX,0179]-1s diff
1687245420:[SURF  ,0222]2023-06-20T07:17:00
1687245420:[SURF  ,0082]N29deg38.874mn, E141deg35.152mn
1687245420:[SURF  ,0084]hdop 0.650, vdop 0.880
1687245430:[SURF  ,0025]Iridium...
1687245637:[SURF  ,0023]<WARN>failed to connect #1, code -8, net 1, qual 5, dial 1
1687245700:[SURF  ,0009]connected in 270s, signal quality 5
1687245796:[SURF  ,0218]prompt received, remote cmd end
1687245796:[SURF  ,0012]17 cmd(s) received
1687245816:[UPLOAD,0248]Upload data files...
1687246319:[SURF  ,0014]disconnected after 889s
1687246324:[SURFIN,0020]filling external bladder
1687246325:[PUMP  ,0019]external bladder full
1687246325:[SURF  ,0069]transfer interrupted , retry
1687246325:[SURF  ,0228]Go dive (Maximum surface delay expired)
1687246337:[SURF  ,0022]GPS fix...
1687246357:[SURF  ,0015]10 PPS detected...
1687246358:[MRMAID,0052]$GPSACK:+0,+0,+0,+0,+0,+0,-61;
1687246368:[MRMAID,0052]$GPSOFF:3686326;
1687246370:[GPSFIX,0179]-1s diff
1687246371:[SURF  ,0222]2023-06-20T07:32:51
1687246371:[SURF  ,0082]N29deg38.708mn, E141deg34.804mn
1687246371:[SURF  ,0084]hdop 0.620, vdop 0.940
1687246388:[MAIN  ,0024]internal pressure 80241Pa
1687246389:[BYCMD ,0120]    bypass 20000ms 120000ms (20000ms 60000ms stored)
1687246389:[BYCMD ,0121]    valve 60000ms 12750 (60000ms 12750 stored)
1687246389:[BYCMD ,0376]    pump 60000ms 2832 8320 418 (60000ms 2832 8320 418 stored)
1687246389:[BYCMD ,0123]    rate 2mbar/s (2mbar/s stored)
1687246389:[BYCMD ,0124]    surface 500mbar (500mbar stored)
1687246389:[BYCMD ,0173]    near 7000mbar 2:2:3mbar/s (15000mbar 2:2:3mbar/s stored)
1687246389:[BYCMD ,0380]    middle 6mbar/s (6mbar/s stored)
1687246389:[BYCMD ,0126]    far 25000mbar 9mbar/s (25000mbar 9mbar/s stored)
1687246389:[BYCMD ,0127]    ascent 10mbar/s (10mbar/s stored)
1687246389:[BYCMD ,0128]    dead 300s (300s stored)
1687246389:[BYCMD ,0129]    coeff 16/10 (16/10 stored)
1687246389:[BYCMD ,0130]    stab 10 (10 stored)
1687246389:[BYCMD ,0131]    delay 900s 3600s (900s 3600s stored)
1687246389:[BYCMD ,0132]    mmtime 2880min (2880min stored)
1687246389:[BYCMD ,0133]    dv_landing 100ml (100ml stored)
1687246389:[BYCMD ,0381]    landing confirmation 5 (5 stored)
1687246389:[BYCMD ,0379]    cycle nb 1 (1 stored)
1687246390:[P2TCMD,0150]    p2t37: 15x2000ms, offset 116mbar
1687246390:[P2TCMD,0151]    p2t37: dp 5000mbar, dt 1000000mdegC
1687246390:[STAGE ,0080]Stage [0] 400000mbar (+/-5000mbar) 50400s (<50400s) 
1687246390:[STAGE ,0091]Stage [1] surfacing 43200s (<93600s) SBE61 
1687246390:[PROFIL,0284]    speed_detection=1
1687246390:[PROFIL,0285]    bin_average_output=1
1687246390:[PROFIL,0287]    include_transition_bin=1
1687246390:[PROFIL,0304]    include_nbin=1
1687246390:[PROFIL,0301]    load_test_sample=0
1687246390:[PROFIL,0288]    p_cut_off=2dbar
1687246390:[PROFIL,0289]    top_bin_interval=2dbar
1687246390:[PROFIL,0290]    top_bin_size=2dbar
1687246390:[PROFIL,0291]    top_bin_max=100dbar
1687246390:[PROFIL,0292]    middle_bin_interval=10dbar
1687246390:[PROFIL,0293]    middle_bin_size=10dbar
1687246390:[PROFIL,0294]    middle_bin_max=4000dbar
1687246390:[PROFIL,0295]    bottom_bin_interval=50dbar
1687246390:[PROFIL,0296]    bottom_bin_size=50dbar
1687246390:[PROFIL,0297]    pump_time=0s
1687246390:[PROFIL,0298]    speed_start=2mbar/s
1687246390:[PROFIL,0299]    speed_control=10mbar/s
1687246390:[MAIN  ,0070]turn off bluetooth
1687246418:[DIVING,0141]diving from 74mbar, +0mbar/s
1687246418:[BYPASS,0035]bypass opening 120000ms
1687246423:[BYPASS,0104]battery 14865mV,  251930uA (bypass opening), P    +74mbar
1687246548:[BYPASS,0106]battery 14918mV,  296338uA (bypass closing), P    +74mbar
1687246574:[BYPASS,0035]bypass opening 20000ms
1687246579:[BYPASS,0104]battery 14957mV,  250710uA (bypass opening), P    -86mbar
1687246604:[BYPASS,0106]battery 14928mV,  295362uA (bypass closing), P    -86mbar
1687246631:[BYPASS,0035]bypass opening 20000ms
1687246636:[BYPASS,0104]battery 14966mV,  248148uA (bypass opening), P    -86mbar
1687246661:[BYPASS,0106]battery 14936mV,  294630uA (bypass closing), P    -86mbar
1687246688:[BYPASS,0035]bypass opening 20000ms
1687246693:[BYPASS,0104]battery 14972mV,  251808uA (bypass opening), P    -66mbar
1687246718:[BYPASS,0106]battery 14942mV,  293898uA (bypass closing), P    -66mbar
1687246744:[BYPASS,0035]bypass opening 20000ms
1687246749:[BYPASS,0104]battery 14972mV,  251320uA (bypass opening), P    -56mbar
1687246774:[BYPASS,0106]battery 14948mV,  293410uA (bypass closing), P    -56mbar
1687246801:[BYPASS,0035]bypass opening 20000ms
1687246806:[BYPASS,0104]battery 14980mV,  247660uA (bypass opening), P    -66mbar
1687246831:[BYPASS,0106]battery 14953mV,  292922uA (bypass closing), P    -66mbar
1687246915:[DIVING,0028]504mbar reached (+8mbar/s), 6 bypass done
1687246915:[MAIN  ,0056]stage[0]
1687246917:[MAIN  ,0024]internal pressure 83875Pa
1687246918:[BUOY  ,0037]P   +574mbar
1687247545:[PRESS ,0038]P  +6274mbar,T+32767mdegC
1687248195:[PRESS ,0038]P +12744mbar,T+32767mdegC
1687248845:[PRESS ,0038]P +18584mbar,T+32767mdegC
1687249494:[PRESS ,0038]P +24244mbar,T+32767mdegC
1687250144:[PRESS ,0038]P +30174mbar,T+32767mdegC
1687250794:[PRESS ,0038]P +35844mbar,T+32767mdegC
1687250819:[BUOY  ,0087]from +7mbar/s to +9mbar/s
1687250819:[BUOY  ,0090]need to transfer -52mL (valve during 3508ms)
1687250819:[VALVE ,0034]valve opening 3508ms
1687250822:[VALVE ,0234]battery 15042mV,  494710uA, P +36034mbar
1687251444:[PRESS ,0038]P +41824mbar,T+32767mdegC
1687252094:[PRESS ,0038]P +47604mbar,T+32767mdegC
1687252744:[PRESS ,0038]P +53714mbar,T+32767mdegC
1687253393:[PRESS ,0038]P +59504mbar,T+32767mdegC
1687254043:[PRESS ,0038]P +65064mbar,T+32767mdegC
1687254693:[PRESS ,0038]P +70334mbar,T+32767mdegC
1687255343:[PRESS ,0038]P +76074mbar,T+32767mdegC
1687255993:[PRESS ,0038]P +81474mbar,T+32767mdegC
1687256342:[BUOY  ,0087]from +7mbar/s to +9mbar/s
1687256342:[BUOY  ,0090]need to transfer -52mL (valve during 2286ms)
1687256342:[VALVE ,0034]valve opening 2286ms
1687256345:[VALVE ,0234]battery 14893mV,  502152uA, P +84174mbar
1687256643:[PRESS ,0038]P +86764mbar,T+32767mdegC
1687257292:[PRESS ,0038]P +93024mbar,T+32767mdegC
1687257942:[PRESS ,0038]P +99464mbar,T+32767mdegC
1687258592:[PRESS ,0038]P+105054mbar,T+32767mdegC
1687258942:[BUOY  ,0087]from +7mbar/s to +9mbar/s
1687258942:[BUOY  ,0090]need to transfer -52mL (valve during 2021ms)
1687258942:[VALVE ,0034]valve opening 2021ms
1687258944:[VALVE ,0234]battery 14801mV,  506666uA, P+107794mbar
1687259242:[PRESS ,0038]P+110314mbar,T+32767mdegC
1687259892:[PRESS ,0038]P+115894mbar,T+32767mdegC
1687260542:[PRESS ,0038]P+122704mbar,T+32767mdegC
1687261191:[PRESS ,0038]P+129214mbar,T+32767mdegC
1687261841:[PRESS ,0038]P+134844mbar,T+32767mdegC
1687262491:[PRESS ,0038]P+139894mbar,T+32767mdegC
1687263141:[PRESS ,0038]P+145304mbar,T+32767mdegC
1687263790:[PRESS ,0038]P+151134mbar,T+32767mdegC
1687264440:[PRESS ,0038]P+157134mbar,T+32767mdegC
1687265090:[PRESS ,0038]P+163104mbar,T+32767mdegC
1687265740:[PRESS ,0038]P+168624mbar,T+32767mdegC
1687266390:[PRESS ,0038]P+173984mbar,T+32767mdegC
1687267039:[PRESS ,0038]P+179184mbar,T+32767mdegC
1687267389:[BUOY  ,0087]from +7mbar/s to +9mbar/s
1687267389:[BUOY  ,0090]need to transfer -52mL (valve during 1556ms)
1687267389:[VALVE ,0034]valve opening 1556ms
1687267391:[VALVE ,0234]battery 14532mV,  514108uA, P+181844mbar
1687267689:[PRESS ,0038]P+184604mbar,T+32767mdegC
1687268339:[PRESS ,0038]P+190384mbar,T+32767mdegC
1687268989:[PRESS ,0038]P+195804mbar,T+32767mdegC
1687269639:[PRESS ,0038]P+201484mbar,T+32767mdegC
1687270289:[PRESS ,0038]P+207484mbar,T+32767mdegC
1687270938:[PRESS ,0038]P+212924mbar,T+32767mdegC
1687271588:[PRESS ,0038]P+218564mbar,T+32767mdegC
1687272238:[PRESS ,0038]P+224034mbar,T+32767mdegC
1687272888:[PRESS ,0038]P+229484mbar,T+32767mdegC
1687272913:[BUOY  ,0087]from +7mbar/s to +9mbar/s
1687272913:[BUOY  ,0090]need to transfer -52mL (valve during 1384ms)
1687272913:[VALVE ,0034]valve opening 1384ms
1687272914:[VALVE ,0234]battery 14453mV,  516792uA, P+229634mbar
1687273538:[PRESS ,0038]P+235754mbar,T+32767mdegC
1687274188:[PRESS ,0038]P+241514mbar,T+32767mdegC
1687274837:[PRESS ,0038]P+247104mbar,T+32767mdegC
1687275487:[PRESS ,0038]P+252724mbar,T+32767mdegC
1687276137:[PRESS ,0038]P+258054mbar,T+32767mdegC
1687276487:[BUOY  ,0087]from +7mbar/s to +9mbar/s
1687276487:[BUOY  ,0090]need to transfer -52mL (valve during 1300ms)
1687276487:[VALVE ,0034]valve opening 1300ms
1687276488:[VALVE ,0234]battery 14432mV,  517646uA, P+260704mbar
1687276787:[PRESS ,0038]P+263414mbar,T+32767mdegC
1687277437:[PRESS ,0038]P+269534mbar,T+32767mdegC
1687278086:[PRESS ,0038]P+275314mbar,T+32767mdegC
1687278736:[PRESS ,0038]P+280784mbar,T+32767mdegC
1687279386:[PRESS ,0038]P+286424mbar,T+32767mdegC
1687280036:[PRESS ,0038]P+292584mbar,T+32767mdegC
1687280686:[PRESS ,0038]P+299294mbar,T+32767mdegC
1687281335:[PRESS ,0038]P+305674mbar,T+32767mdegC
1687281985:[PRESS ,0038]P+311464mbar,T+32767mdegC
1687282635:[PRESS ,0038]P+316814mbar,T+32767mdegC
1687282985:[BUOY  ,0087]from +7mbar/s to +9mbar/s
1687282985:[BUOY  ,0090]need to transfer -52mL (valve during 1173ms)
1687282985:[VALVE ,0034]valve opening 1173ms
1687282986:[VALVE ,0234]battery 14372mV,  518744uA, P+319514mbar
1687283285:[PRESS ,0038]P+322234mbar,T+32767mdegC
1687283935:[PRESS ,0038]P+328054mbar,T+32767mdegC
1687284585:[PRESS ,0038]P+333684mbar,T+32767mdegC
1687285234:[PRESS ,0038]P+338934mbar,T+32767mdegC
1687285884:[PRESS ,0038]P+344104mbar,T+32767mdegC
1687286534:[PRESS ,0038]P+349294mbar,T+32767mdegC
1687287184:[PRESS ,0038]P+354714mbar,T+32767mdegC
1687287834:[PRESS ,0038]P+360434mbar,T+32767mdegC
1687288483:[PRESS ,0038]P+365824mbar,T+32767mdegC
1687289133:[PRESS ,0038]P+370954mbar,T+32767mdegC
1687289783:[PRESS ,0038]P+376464mbar,T+32767mdegC
1687289808:[BUOY  ,0087]from +8mbar/s to +6mbar/s
1687289808:[PUMP  ,0378]Outflow calculated : 2608
1687289808:[BUOY  ,0089]need to transfer +44mL (pump during 66566ms)
1687289809:[PUMP  ,0016]pump during 60000ms
1687289868:[PUMP  ,0212]battery 14116mV, 1458022uA (steady state), P+376664mbar
1687290134:[BUOY  ,0087]from +8mbar/s to +6mbar/s
1687290134:[PUMP  ,0378]Outflow calculated : 2602
1687290134:[BUOY  ,0089]need to transfer +44mL (pump during 68643ms)
1687290135:[PUMP  ,0016]pump during 60000ms
1687290194:[PUMP  ,0212]battery 14006mV, 1559648uA (steady state), P+379094mbar
1687290761:[PRESS ,0038]P+383414mbar,T+32767mdegC
1687291435:[BUOY  ,0087]from +8mbar/s to +6mbar/s
1687291435:[PUMP  ,0378]Outflow calculated : 2599
1687291435:[BUOY  ,0089]need to transfer +44mL (pump during 67588ms)
1687291436:[PUMP  ,0016]pump during 60000ms
1687291495:[PUMP  ,0212]battery 14213mV, 1601982uA (steady state), P+388204mbar
1687291737:[PRESS ,0038]P+390034mbar,T+32767mdegC
1687292411:[BUOY  ,0087]from +6mbar/s to +2mbar/s
1687292411:[PUMP  ,0378]Outflow calculated : 2594
1687292411:[BUOY  ,0089]need to transfer +52mL (pump during 80997ms)
1687292413:[PUMP  ,0016]pump during 60000ms
1687292472:[PUMP  ,0212]battery 14211mV, 1609546uA (steady state), P+393964mbar
1687292713:[PRESS ,0038]P+395404mbar,T+32767mdegC
1687292738:[STAGE ,0213]395444mbar reached at 1687292738s, ref 400000mbar +/-5000mbar
1687292738:[BUOY  ,0087]from +4mbar/s to +0mbar/s
1687292738:[PUMP  ,0378]Outflow calculated : 2593
1687292738:[BUOY  ,0089]need to transfer +26mL (pump during 40537ms)
1687292739:[PUMP  ,0016]pump during 40537ms
1687292779:[PUMP  ,0212]battery 14035mV, 1600396uA (steady state), P+395444mbar
1687293064:[BUOY  ,0087]from +4mbar/s to +0mbar/s
1687293064:[PUMP  ,0378]Outflow calculated : 2591
1687293064:[BUOY  ,0089]need to transfer +26mL (pump during 40731ms)
1687293065:[PUMP  ,0016]pump during 40731ms
1687293105:[PUMP  ,0212]battery 14058mV, 1611132uA (steady state), P+396624mbar
1687295191:[BUOY  ,0087]from +2mbar/s to +0mbar/s
1687295191:[PUMP  ,0378]Outflow calculated : 2593
1687295191:[BUOY  ,0089]need to transfer +6mL (pump during 9200ms)
1687295193:[PUMP  ,0016]pump during 9200ms
1687295202:[PUMP  ,0212]battery 14367mV, 1628578uA (steady state), P+400254mbar
1687295493:[PRESS ,0038]P+400564mbar,T+32767mdegC
1687295518:[BUOY  ,0087]from +1mbar/s to +0mbar/s
1687295518:[PUMP  ,0378]Outflow calculated : 2592
1687295518:[BUOY  ,0089]need to transfer +2mL (pump during 3078ms)
1687295519:[PUMP  ,0016]pump during 3078ms
1687295522:[PUMP  ,0212]battery 14326mV, 1642974uA (steady state), P+400594mbar
1687295844:[BUOY  ,0087]from +1mbar/s to +0mbar/s
1687295844:[PUMP  ,0378]Outflow calculated : 2592
1687295844:[BUOY  ,0089]need to transfer +2mL (pump during 3078ms)
1687295845:[PUMP  ,0016]pump during 3078ms
1687295849:[PUMP  ,0212]battery 14330mV, 1641022uA (steady state), P+400844mbar
1687296170:[BUOY  ,0087]from +1mbar/s to +0mbar/s
1687296170:[PUMP  ,0378]Outflow calculated : 2592
1687296171:[BUOY  ,0089]need to transfer +2mL (pump during 3077ms)
1687296172:[PUMP  ,0016]pump during 3077ms
1687296175:[PUMP  ,0212]battery 14333mV, 1635654uA (steady state), P+401164mbar
1687297397:[MAIN  ,0140]stage[0] complete -15054s after mission start
1687297397:[MAIN  ,0056]stage[1]
1687297400:[MAIN  ,0024]internal pressure 78523Pa
1687297400:[SBE   ,0391]Mode changed from SLEEP to UPDATE
1687297400:[BUOY  ,0037]P+401494mbar
1687297402:[BUOY  ,0087]from +0mbar/s to -10mbar/s
1687297402:[PUMP  ,0378]Outflow calculated : 2592
1687297402:[BUOY  ,0089]need to transfer +160mL (pump during 245023ms)
1687297404:[PUMP  ,0016]pump during 60000ms
1687297404:[SBE   ,0391]Mode changed from UPDATE to START
1687297462:[PUMP  ,0212]battery 14388mV, 1648830uA (steady state), P+401494mbar
1687297729:[BUOY  ,0087]from -4mbar/s to -10mbar/s
1687297729:[PUMP  ,0378]Outflow calculated : 2593
1687297729:[BUOY  ,0089]need to transfer +134mL (pump during 204893ms)
1687297730:[PUMP  ,0016]pump during 60000ms
1687297731:[SBE   ,0384]Start profil acquisitions
1687297731:[SBE   ,0391]Mode changed from START to PROFILING
1687297789:[PUMP  ,0212]battery 14065mV, 1676646uA (steady state), P+400394mbar
1687298055:[BUOY  ,0087]from -5mbar/s to -10mbar/s
1687298055:[PUMP  ,0378]Outflow calculated : 2585
1687298055:[BUOY  ,0089]need to transfer +120mL (pump during 193237ms)
1687298056:[PUMP  ,0016]pump during 60000ms
1687298115:[PUMP  ,0212]battery 14033mV, 1621746uA (steady state), P+398724mbar
1687298381:[BUOY  ,0087]from -6mbar/s to -10mbar/s
1687298381:[PUMP  ,0378]Outflow calculated : 2587
1687298381:[BUOY  ,0089]need to transfer +102mL (pump during 163987ms)
1687298383:[PUMP  ,0016]pump during 60000ms
1687298442:[PUMP  ,0212]battery 14033mV, 1628822uA (steady state), P+396724mbar
1687298683:[PRESS ,0038]P+394544mbar,T+32767mdegC
1687298708:[BUOY  ,0087]from -7mbar/s to -10mbar/s
1687298708:[PUMP  ,0378]Outflow calculated : 2588
1687298708:[BUOY  ,0089]need to transfer +82mL (pump during 131833ms)
1687298709:[PUMP  ,0016]pump during 60000ms
1687298768:[PUMP  ,0212]battery 14046mV, 1584048uA (steady state), P+394384mbar
1687299034:[BUOY  ,0087]from -8mbar/s to -10mbar/s
1687299034:[PUMP  ,0378]Outflow calculated : 2590
1687299034:[BUOY  ,0089]need to transfer +58mL (pump during 93248ms)
1687299035:[PUMP  ,0016]pump during 60000ms
1687299094:[PUMP  ,0212]battery 14050mV, 1577948uA (steady state), P+391824mbar
1687299336:[PRESS ,0038]P+389424mbar,T+32767mdegC
1687299361:[BUOY  ,0087]from -8mbar/s to -10mbar/s
1687299361:[PUMP  ,0378]Outflow calculated : 2591
1687299361:[BUOY  ,0089]need to transfer +58mL (pump during 93248ms)
1687299362:[PUMP  ,0016]pump during 60000ms
1687299421:[PUMP  ,0212]battery 14053mV, 1574410uA (steady state), P+389224mbar
1687299687:[BUOY  ,0087]from -8mbar/s to -10mbar/s
1687299687:[PUMP  ,0378]Outflow calculated : 2595
1687299687:[BUOY  ,0089]need to transfer +58mL (pump during 91772ms)
1687299689:[PUMP  ,0016]pump during 60000ms
1687299748:[PUMP  ,0212]battery 14053mV, 1572458uA (steady state), P+386484mbar
1687299989:[PRESS ,0038]P+383974mbar,T+32767mdegC
1687300014:[BUOY  ,0087]from -9mbar/s to -10mbar/s
1687300014:[PUMP  ,0378]Outflow calculated : 2597
1687300014:[BUOY  ,0089]need to transfer +30mL (pump during 47418ms)
1687300015:[PUMP  ,0016]pump during 47418ms
1687300062:[PUMP  ,0212]battery 14055mV, 1562332uA (steady state), P+383714mbar
1687300340:[BUOY  ,0087]from -9mbar/s to -10mbar/s
1687300340:[PUMP  ,0378]Outflow calculated : 2599
1687300340:[BUOY  ,0089]need to transfer +30mL (pump during 47525ms)
1687300341:[PUMP  ,0016]pump during 47525ms
1687300388:[PUMP  ,0212]battery 14062mV, 1567822uA (steady state), P+380504mbar
1687300642:[PRESS ,0038]P+377294mbar,T+32767mdegC
1687301291:[PRESS ,0038]P+370594mbar,T+32767mdegC
1687301641:[BUOY  ,0087]from -9mbar/s to -10mbar/s
1687301641:[PUMP  ,0378]Outflow calculated : 2610
1687301641:[BUOY  ,0089]need to transfer +30mL (pump during 46394ms)
1687301642:[PUMP  ,0016]pump during 46394ms
1687301688:[PUMP  ,0212]battery 14286mV, 1509262uA (steady state), P+367084mbar
1687301943:[PRESS ,0038]P+363994mbar,T+32767mdegC
1687302292:[BUOY  ,0087]from -9mbar/s to -10mbar/s
1687302292:[PUMP  ,0378]Outflow calculated : 2613
1687302292:[BUOY  ,0089]need to transfer +30mL (pump during 46779ms)
1687302294:[PUMP  ,0016]pump during 46779ms
1687302340:[PUMP  ,0212]battery 14231mV, 1480226uA (steady state), P+360404mbar
1687302594:[PRESS ,0038]P+357124mbar,T+32767mdegC
1687303244:[PRESS ,0038]P+350094mbar,T+32767mdegC
1687303894:[PRESS ,0038]P+343394mbar,T+32767mdegC
1687304543:[PRESS ,0038]P+336934mbar,T+32767mdegC
1687305193:[PRESS ,0038]P+330344mbar,T+32767mdegC
1687305218:[BUOY  ,0087]from -9mbar/s to -10mbar/s
1687305218:[PUMP  ,0378]Outflow calculated : 2633
1687305218:[BUOY  ,0089]need to transfer +30mL (pump during 45697ms)
1687305219:[PUMP  ,0016]pump during 45697ms
1687305264:[PUMP  ,0212]battery 14376mV, 1379088uA (steady state), P+330144mbar
1687305844:[PRESS ,0038]P+323444mbar,T+32767mdegC
1687306494:[PRESS ,0038]P+316244mbar,T+32767mdegC
1687307144:[PRESS ,0038]P+309194mbar,T+32767mdegC
1687307794:[PRESS ,0038]P+302434mbar,T+32767mdegC
1687308444:[PRESS ,0038]P+295654mbar,T+32767mdegC
1687309093:[PRESS ,0038]P+289114mbar,T+32767mdegC
1687309118:[BUOY  ,0087]from -9mbar/s to -10mbar/s
1687309118:[PUMP  ,0378]Outflow calculated : 2658
1687309118:[BUOY  ,0089]need to transfer +30mL (pump during 45249ms)
1687309120:[PUMP  ,0016]pump during 45249ms
1687309165:[PUMP  ,0212]battery 14403mV, 1243546uA (steady state), P+288864mbar
1687309745:[PRESS ,0038]P+282724mbar,T+32767mdegC
1687310094:[BUOY  ,0087]from -9mbar/s to -10mbar/s
1687310094:[PUMP  ,0378]Outflow calculated : 2663
1687310094:[BUOY  ,0089]need to transfer +30mL (pump during 45553ms)
1687310096:[PUMP  ,0016]pump during 45553ms
1687310141:[PUMP  ,0212]battery 14352mV, 1210606uA (steady state), P+279334mbar
1687310396:[PRESS ,0038]P+276374mbar,T+32767mdegC
1687310421:[BUOY  ,0087]from -9mbar/s to -10mbar/s
1687310421:[PUMP  ,0378]Outflow calculated : 2664
1687310421:[BUOY  ,0089]need to transfer +30mL (pump during 45939ms)
1687310422:[PUMP  ,0016]pump during 45939ms
1687310467:[PUMP  ,0212]battery 14218mV, 1195234uA (steady state), P+276144mbar
1687311047:[PRESS ,0038]P+269814mbar,T+32767mdegC
1687311072:[BUOY  ,0087]from -9mbar/s to -10mbar/s
1687311072:[PUMP  ,0378]Outflow calculated : 2668
1687311072:[BUOY  ,0089]need to transfer +30mL (pump during 45625ms)
1687311073:[PUMP  ,0016]pump during 45625ms
1687311118:[PUMP  ,0212]battery 14306mV, 1174006uA (steady state), P+269584mbar
1687311398:[BUOY  ,0087]from -9mbar/s to -10mbar/s
1687311398:[PUMP  ,0378]Outflow calculated : 2670
1687311399:[BUOY  ,0089]need to transfer +30mL (pump during 45592ms)
1687311400:[PUMP  ,0016]pump during 45592ms
1687311445:[PUMP  ,0212]battery 14216mV, 1161196uA (steady state), P+266274mbar
1687311700:[PRESS ,0038]P+263114mbar,T+32767mdegC
1687312050:[BUOY  ,0087]from -9mbar/s to -10mbar/s
1687312050:[PUMP  ,0378]Outflow calculated : 2673
1687312050:[BUOY  ,0089]need to transfer +30mL (pump during 46108ms)
1687312051:[PUMP  ,0016]pump during 46108ms
1687312097:[PUMP  ,0212]battery 14317mV, 1143994uA (steady state), P+259574mbar
1687312351:[PRESS ,0038]P+256334mbar,T+32767mdegC
1687313001:[PRESS ,0038]P+249444mbar,T+32767mdegC
1687313651:[PRESS ,0038]P+242214mbar,T+32767mdegC
1687314301:[PRESS ,0038]P+234584mbar,T+32767mdegC
1687314951:[PRESS ,0038]P+226904mbar,T+32767mdegC
1687315600:[PRESS ,0038]P+219544mbar,T+32767mdegC
1687316250:[PRESS ,0038]P+212704mbar,T+32767mdegC
1687316900:[PRESS ,0038]P+206564mbar,T+32767mdegC
1687317250:[BUOY  ,0087]from -8mbar/s to -10mbar/s
1687317250:[PUMP  ,0378]Outflow calculated : 2710
1687317250:[BUOY  ,0089]need to transfer +58mL (pump during 85799ms)
1687317251:[PUMP  ,0016]pump during 60000ms
1687317310:[PUMP  ,0212]battery 14526mV,  948550uA (steady state), P+203444mbar
1687317551:[PRESS ,0038]P+200624mbar,T+32767mdegC
1687317576:[BUOY  ,0087]from -8mbar/s to -10mbar/s
1687317576:[PUMP  ,0378]Outflow calculated : 2712
1687317576:[BUOY  ,0089]need to transfer +58mL (pump during 85672ms)
1687317577:[PUMP  ,0016]pump during 60000ms
1687317636:[PUMP  ,0212]battery 14320mV,  932202uA (steady state), P+200414mbar
1687318202:[PRESS ,0038]P+194014mbar,T+32767mdegC
1687318852:[PRESS ,0038]P+187154mbar,T+32767mdegC
1687319502:[PRESS ,0038]P+180314mbar,T+32767mdegC
1687320152:[PRESS ,0038]P+173454mbar,T+32767mdegC
1687320802:[PRESS ,0038]P+166834mbar,T+32767mdegC
1687321451:[PRESS ,0038]P+160264mbar,T+32767mdegC
1687322101:[PRESS ,0038]P+153594mbar,T+32767mdegC
1687322751:[PRESS ,0038]P+146784mbar,T+32767mdegC
1687323401:[PRESS ,0038]P+140184mbar,T+32767mdegC
1687324051:[PRESS ,0038]P+133294mbar,T+32767mdegC
1687324700:[PRESS ,0038]P+126454mbar,T+32767mdegC
1687325050:[BUOY  ,0087]from -8mbar/s to -10mbar/s
1687325050:[PUMP  ,0378]Outflow calculated : 2758
1687325050:[BUOY  ,0089]need to transfer +58mL (pump during 84180ms)
1687325051:[PUMP  ,0016]pump during 60000ms
1687325110:[PUMP  ,0212]battery 14626mV,  685518uA (steady state), P+123264mbar
1687325352:[PRESS ,0038]P+120434mbar,T+32767mdegC
1687325376:[BUOY  ,0087]from -9mbar/s to -10mbar/s
1687325377:[PUMP  ,0378]Outflow calculated : 2759
1687325377:[BUOY  ,0089]need to transfer +30mL (pump during 44106ms)
1687325378:[PUMP  ,0016]pump during 44106ms
1687325422:[PUMP  ,0212]battery 14467mV,  644526uA (steady state), P+120224mbar
1687325703:[BUOY  ,0087]from -9mbar/s to -10mbar/s
1687325703:[PUMP  ,0378]Outflow calculated : 2761
1687325703:[BUOY  ,0089]need to transfer +30mL (pump during 44073ms)
1687325704:[PUMP  ,0016]pump during 44073ms
1687325748:[PUMP  ,0212]battery 14441mV,  623664uA (steady state), P+117004mbar
1687326004:[PRESS ,0038]P+113814mbar,T+32767mdegC
1687326654:[PRESS ,0038]P+106504mbar,T+32767mdegC
1687327304:[PRESS ,0038]P +99394mbar,T+32767mdegC
1687327954:[PRESS ,0038]P +92804mbar,T+32767mdegC
1687328604:[PRESS ,0038]P +86394mbar,T+32767mdegC
1687329253:[PRESS ,0038]P +79944mbar,T+32767mdegC
1687329903:[PRESS ,0038]P +73644mbar,T+32767mdegC
1687329928:[BUOY  ,0087]from -9mbar/s to -10mbar/s
1687329928:[PUMP  ,0378]Outflow calculated : 2788
1687329928:[BUOY  ,0089]need to transfer +30mL (pump during 43108ms)
1687329929:[PUMP  ,0016]pump during 43108ms
1687329972:[PUMP  ,0212]battery 14713mV,  477020uA (steady state), P +73404mbar
1687330254:[BUOY  ,0087]from -8mbar/s to -10mbar/s
1687330254:[PUMP  ,0378]Outflow calculated : 2789
1687330254:[BUOY  ,0089]need to transfer +58mL (pump during 83936ms)
1687330256:[PUMP  ,0016]pump during 60000ms
1687330315:[PUMP  ,0212]battery 14630mV,  444690uA (steady state), P +70384mbar
1687330556:[PRESS ,0038]P +67274mbar,T+32767mdegC
1687331206:[PRESS ,0038]P +60694mbar,T+32767mdegC
1687331856:[PRESS ,0038]P +54124mbar,T+32767mdegC
1687332205:[BUOY  ,0087]from -9mbar/s to -10mbar/s
1687332205:[PUMP  ,0378]Outflow calculated : 2802
1687332205:[BUOY  ,0089]need to transfer +30mL (pump during 42961ms)
1687332207:[PUMP  ,0016]pump during 42961ms
1687332249:[PUMP  ,0212]battery 14748mV,  363926uA (steady state), P +50554mbar
1687332507:[PRESS ,0038]P +47644mbar,T+32767mdegC
1687333157:[PRESS ,0038]P +41114mbar,T+32767mdegC
1687333806:[PRESS ,0038]P +34634mbar,T+32767mdegC
1687333831:[BUOY  ,0087]from -9mbar/s to -10mbar/s
1687333831:[PUMP  ,0378]Outflow calculated : 2811
1687333831:[BUOY  ,0089]need to transfer +30mL (pump during 42741ms)
1687333833:[PUMP  ,0016]pump during 42741ms
1687333875:[PUMP  ,0212]battery 14800mV,  304146uA (steady state), P +34404mbar
1687334458:[PRESS ,0038]P +27644mbar,T+32767mdegC
1687335108:[PRESS ,0038]P +21024mbar,T+32767mdegC
1687335757:[PRESS ,0038]P +14524mbar,T+32767mdegC
1687336107:[BUOY  ,0087]from -9mbar/s to -10mbar/s
1687336107:[PUMP  ,0378]Outflow calculated : 2825
1687336107:[BUOY  ,0089]need to transfer +30mL (pump during 42421ms)
1687336108:[PUMP  ,0016]pump during 42421ms
1687336150:[PUMP  ,0212]battery 14901mV,  211792uA (steady state), P +11134mbar
1687336409:[PRESS ,0038]P  +8384mbar,T+32767mdegC
1687336433:[BUOY  ,0087]from -9mbar/s to -10mbar/s
1687336433:[PUMP  ,0378]Outflow calculated : 2827
1687336433:[BUOY  ,0089]need to transfer +30mL (pump during 42391ms)
1687336435:[PUMP  ,0016]pump during 42391ms
1687336477:[PUMP  ,0212]battery 14871mV,  199592uA (steady state), P  +8154mbar
1687337060:[PRESS ,0038]P  +2024mbar,T+32767mdegC
1687337085:[BUOY  ,0087]from -9mbar/s to -10mbar/s
1687337085:[PUMP  ,0378]Outflow calculated : 2831
1687337085:[BUOY  ,0089]need to transfer +30mL (pump during 42428ms)
1687337086:[PUMP  ,0016]pump during 42428ms
1687337128:[PUMP  ,0212]battery 14900mV,  177022uA (steady state), P  +1814mbar
1687337411:[STAGE ,0214]-36mbar (500) reached at 1687337411s, ascending from 401494mbar
1687337411:[STAGE ,0342]The float reached the surface : OK
1687337411:[MAIN  ,0140]stage[1] complete 24960s after mission start
1687337413:[SBE   ,0391]Mode changed from PROFILING to SLEEP
1687337414:[SBE   ,0391]Mode changed from SLEEP to STOP
1687337636:[SBE   ,0391]Mode changed from STOP to SLEEP
1687337637:[SBE   ,0391]Mode changed from SLEEP to DUMP
1687337638:[SBE   ,0343]SBE dump : 443 stored samples in hexa format
1687337652:[SBE   ,0338]Dump finished
1687337652:[SBE   ,0388]443 samples in 0100/64921D78.S61
1687337652:[SBE   ,0391]Mode changed from DUMP to SLEEP
1687337653:[MRMAID,0188]acq already stopped
1687337653:[MSSION,0192]mission stopped, 2 stage(s) done
1687337653:[MAIN  ,0065]surfacing
1687337655:[SURFIN,0036]P    -46mbar
1687337657:[SURFIN,0020]filling external bladder
1687337658:[PUMP  ,0016]pump during 30000ms
1687337687:[PUMP  ,0212]battery 14520mV, 1375306uA (steady state), P    -26mbar
1687337704:[PUMP  ,0016]pump during 30000ms
1687337733:[PUMP  ,0212]battery 14767mV,   13176uA (steady state), P    -26mbar
1687337751:[PUMP  ,0019]external bladder full
1687337812:[MAIN  ,0272]Vbat 14712mV (min 14415mV)
1687337814:[MAIN  ,0024]internal pressure 76629Pa
1687337814:[MAIN  ,0043]Pext 262mbar (rng 50mbar)
1687337814:[MAIN  ,0064]surface
1687337826:[SURF  ,0022]GPS fix...
1687337869:[SURF  ,0015]10 PPS detected...
1687337871:[MRMAID,0052]$GPSACK:+0,+0,+0,+0,+0,+0,-193420;
1687337880:[MRMAID,0052]$GPSOFF:3686333;
1687337883:[GPSFIX,0179]-1s diff
1687337884:[SURF  ,0222]2023-06-21T08:58:04
1687337884:[SURF  ,0082]N29deg38.102mn, E141deg35.905mn
1687337884:[SURF  ,0084]hdop 0.780, vdop 1.480
1687337894:[SURF  ,0274]last almanac : 5950566
1687337907:[MRMAID,0026]1679 bytes in 0100/6492BBAB.MER
1687337913:[MAIN  ,0320]New pressure offset: 262mbar
1687337913:[SBE   ,0391]Mode changed from SLEEP to RESETOFFSET
1687337974:[SBE   ,0339]new offset = -2.45 received after 63s
1687337975:[SBE   ,0391]Mode changed from RESETOFFSET to SLEEP
1687337975:[MAIN  ,0078]*** switching to 0100/6492BBF7 ***
