1725569583:[MAIN  ,0007]buoy 467.174-T-0100
1725569583:[MAIN  ,0055]soft pilotage 467.174.300_V2.67-20230503
1725569583:[MAIN  ,0010]cycle 46
1725569583:[SURF  ,0225]surface2
1725569596:[SURF  ,0022]GPS fix...
1725569599:[GPSFIX,0123]<WARN>GPRMC ms=500 #1
1725569619:[SURF  ,0015]10 PPS detected...
1725569620:[MRMAID,0052]$GPSACK:+0,+0,+0,+0,+0,+1,-999908;
1725569630:[MRMAID,0052]$GPSOFF:3686330;
1725569632:[GPSFIX,0179]-1s diff
1725569633:[SURF  ,0222]2024-09-05T20:53:53
1725569633:[SURF  ,0082]N29deg22.398mn, E138deg07.404mn
1725569633:[SURF  ,0084]hdop 0.830, vdop 1.690
1725569643:[SURF  ,0025]Iridium...
1725569673:[SURF  ,0009]connected in 30s, signal quality 5
1725569774:[SURF  ,0218]prompt received, remote cmd end
1725569774:[SURF  ,0012]21 cmd(s) received
1725569801:[UPLOAD,0248]Upload data files...
1725569842:[UPLOAD,0231]"0100/66D9AFDD.S61" uploaded at 110bytes/s
1725570105:[SURF  ,0014]disconnected after 462s
1725570110:[SURFIN,0020]filling external bladder
1725570111:[PUMP  ,0016]pump during 30000ms
1725570113:[PUMP  ,0019]external bladder full
1725570113:[SURF  ,0069]transfer interrupted , retry
1725570125:[SURF  ,0022]GPS fix...
1725570128:[GPSFIX,0123]<WARN>GPRMC ms=500 #1
1725570148:[SURF  ,0015]10 PPS detected...
1725570149:[MRMAID,0052]$GPSACK:+0,+0,+0,+0,+0,+0,+0;
1725570159:[MRMAID,0052]$GPSOFF:3686329;
1725570162:[GPSFIX,0179]+0s diff
1725570162:[SURF  ,0222]2024-09-05T21:02:42
1725570162:[SURF  ,0082]N29deg22.377mn, E138deg07.408mn
1725570162:[SURF  ,0084]hdop 0.600, vdop 1.300
1725570172:[SURF  ,0025]Iridium...
1725570199:[SURF  ,0009]connected in 27s, signal quality 5
1725570261:[SURF  ,0071]<WARN>timeout
1725570261:[SURF  ,0056]<WARN>peer mute
1725570267:[SURF  ,0014]disconnected after 95s
1725570272:[SURFIN,0020]filling external bladder
1725570273:[PUMP  ,0016]pump during 30000ms
1725570275:[PUMP  ,0019]external bladder full
1725570275:[SURF  ,0069]transfer interrupted , retry
1725570286:[SURF  ,0022]GPS fix...
1725570306:[SURF  ,0015]10 PPS detected...
1725570307:[MRMAID,0052]$GPSACK:+0,+0,+0,+0,+0,+0,-30;
1725570317:[MRMAID,0052]$GPSOFF:3686329;
1725570319:[GPSFIX,0179]-1s diff
1725570320:[SURF  ,0222]2024-09-05T21:05:20
1725570320:[SURF  ,0082]N29deg22.370mn, E138deg07.409mn
1725570320:[SURF  ,0084]hdop 0.560, vdop 1.220
1725570330:[SURF  ,0025]Iridium...
1725570360:[SURF  ,0009]connected in 30s, signal quality 5
1725570424:[SURF  ,0071]<WARN>timeout
1725570425:[SURF  ,0056]<WARN>peer mute
1725570430:[SURF  ,0014]disconnected after 100s
1725570435:[SURFIN,0020]filling external bladder
1725570437:[PUMP  ,0019]external bladder full
1725570437:[SURF  ,0069]transfer interrupted , retry
1725570448:[SURF  ,0022]GPS fix...
1725570468:[SURF  ,0015]10 PPS detected...
1725570469:[MRMAID,0052]$GPSACK:+0,+0,+0,+0,+0,+0,-30;
1725570479:[MRMAID,0052]$GPSOFF:3686329;
1725570481:[GPSFIX,0179]-1s diff
1725570482:[SURF  ,0222]2024-09-05T21:08:02
1725570482:[SURF  ,0082]N29deg22.362mn, E138deg07.409mn
1725570482:[SURF  ,0084]hdop 0.580, vdop 1.310
1725570492:[SURF  ,0025]Iridium...
1725570520:[SURF  ,0009]connected in 28s, signal quality 5
1725570625:[SURF  ,0218]prompt received, remote cmd end
1725570625:[SURF  ,0012]21 cmd(s) received
1725570649:[UPLOAD,0248]Upload data files...
1725570916:[SURF  ,0014]disconnected after 424s
1725570921:[SURFIN,0020]filling external bladder
1725570922:[PUMP  ,0019]external bladder full
1725570922:[SURF  ,0069]transfer interrupted , retry
1725570934:[SURF  ,0022]GPS fix...
1725570954:[SURF  ,0015]10 PPS detected...
1725570955:[MRMAID,0052]$GPSACK:+0,+0,+0,+0,+0,+0,+0;
1725570965:[MRMAID,0052]$GPSOFF:3686329;
1725570967:[GPSFIX,0179]-1s diff
1725570968:[SURF  ,0222]2024-09-05T21:16:08
1725570968:[SURF  ,0082]N29deg22.339mn, E138deg07.411mn
1725570968:[SURF  ,0084]hdop 0.530, vdop 1.020
1725570978:[SURF  ,0025]Iridium...
1725570978:[MODEM ,0347]<ERR>ping error
1725570978:[SURF  ,0023]<WARN>failed to connect #1, code -1, net -1, qual -1, dial -1
1725571058:[SURF  ,0009]connected in 80s, signal quality 5
1725571192:[SURF  ,0218]prompt received, remote cmd end
1725571192:[SURF  ,0012]21 cmd(s) received
1725571218:[UPLOAD,0248]Upload data files...
1725571582:[SURF  ,0014]disconnected after 604s
1725571587:[SURFIN,0020]filling external bladder
1725571588:[PUMP  ,0019]external bladder full
1725571588:[SURF  ,0069]transfer interrupted , retry
1725571599:[SURF  ,0022]GPS fix...
1725571620:[SURF  ,0015]10 PPS detected...
1725571621:[MRMAID,0052]$GPSACK:+0,+0,+0,+0,+0,+1,-999877;
1725571631:[MRMAID,0052]$GPSOFF:3686328;
1725571633:[GPSFIX,0179]-1s diff
1725571634:[SURF  ,0222]2024-09-05T21:27:14
1725571634:[SURF  ,0082]N29deg22.312mn, E138deg07.397mn
1725571634:[SURF  ,0084]hdop 0.550, vdop 1.130
1725571644:[SURF  ,0025]Iridium...
1725571645:[MODEM ,0347]<ERR>ping error
1725571645:[SURF  ,0023]<WARN>failed to connect #1, code -1, net -1, qual -1, dial -1
1725571699:[SURF  ,0009]connected in 55s, signal quality 5
1725571855:[SURF  ,0218]prompt received, remote cmd end
1725571855:[SURF  ,0012]22 cmd(s) received
1725571880:[UPLOAD,0248]Upload data files...
1725573162:[SURF  ,0014]disconnected after 1518s
1725573167:[SURFIN,0020]filling external bladder
1725573169:[PUMP  ,0019]external bladder full
1725573169:[SURF  ,0069]transfer interrupted , retry
1725573180:[SURF  ,0022]GPS fix...
1725573200:[SURF  ,0015]10 PPS detected...
1725573201:[MRMAID,0052]$GPSACK:+0,+0,+0,+0,+0,+1,-999694;
1725573211:[MRMAID,0052]$GPSOFF:3686327;
1725573213:[GPSFIX,0179]-1s diff
1725573214:[SURF  ,0222]2024-09-05T21:53:34
1725573214:[SURF  ,0082]N29deg22.271mn, E138deg07.362mn
1725573214:[SURF  ,0084]hdop 0.550, vdop 0.920
1725573224:[SURF  ,0025]Iridium...
1725573259:[SURF  ,0009]connected in 35s, signal quality 5
1725573382:[SURF  ,0218]prompt received, remote cmd end
1725573382:[SURF  ,0012]21 cmd(s) received
1725573404:[UPLOAD,0248]Upload data files...
1725573788:[UPLOAD,0231]"0100/66DA1877.MER" uploaded at 86bytes/s
1725574158:[SURF  ,0014]disconnected after 934s
1725574163:[SURFIN,0020]filling external bladder
1725574164:[PUMP  ,0019]external bladder full
1725574164:[SURF  ,0069]transfer interrupted , retry
1725574176:[SURF  ,0022]GPS fix...
1725574196:[SURF  ,0015]10 PPS detected...
1725574197:[MRMAID,0052]$GPSACK:+0,+0,+0,+0,+0,+1,-999908;
1725574207:[MRMAID,0052]$GPSOFF:3686326;
1725574209:[GPSFIX,0179]-1s diff
1725574210:[SURF  ,0222]2024-09-05T22:10:10
1725574210:[SURF  ,0082]N29deg22.251mn, E138deg07.365mn
1725574210:[SURF  ,0084]hdop 0.640, vdop 0.990
1725574220:[SURF  ,0025]Iridium...
1725574250:[SURF  ,0009]connected in 30s, signal quality 5
1725574315:[SURF  ,0218]prompt received, remote cmd end
1725574315:[SURF  ,0012]22 cmd(s) received
1725574335:[UPLOAD,0248]Upload data files...
1725574528:[SURF  ,0014]disconnected after 308s
1725574533:[SURFIN,0020]filling external bladder
1725574535:[PUMP  ,0019]external bladder full
1725574535:[SURF  ,0069]transfer interrupted , retry
1725574546:[SURF  ,0022]GPS fix...
1725574566:[SURF  ,0015]10 PPS detected...
1725574567:[MRMAID,0052]$GPSACK:+0,+0,+0,+0,+0,+0,-30;
1725574577:[MRMAID,0052]$GPSOFF:3686326;
1725574579:[GPSFIX,0179]-1s diff
1725574580:[SURF  ,0222]2024-09-05T22:16:20
1725574580:[SURF  ,0082]N29deg22.247mn, E138deg07.368mn
1725574580:[SURF  ,0084]hdop 0.590, vdop 0.970
1725574590:[SURF  ,0025]Iridium...
1725574618:[SURF  ,0009]connected in 28s, signal quality 4
1725574901:[SURF  ,0197]<ERR>Timeout when receive cmds
1725574901:[SURF  ,0012]47 cmd(s) received
1725574926:[UPLOAD,0248]Upload data files...
1725575101:[SURF  ,0014]disconnected after 511s
1725575106:[SURFIN,0020]filling external bladder
1725575107:[PUMP  ,0019]external bladder full
1725575107:[SURF  ,0069]transfer interrupted , retry
1725575118:[SURF  ,0022]GPS fix...
1725575138:[SURF  ,0015]10 PPS detected...
1725575139:[MRMAID,0052]$GPSACK:+0,+0,+0,+0,+0,+0,+0;
1725575149:[MRMAID,0052]$GPSOFF:3686326;
1725575151:[GPSFIX,0179]-1s diff
1725575152:[SURF  ,0222]2024-09-05T22:25:52
1725575152:[SURF  ,0082]N29deg22.245mn, E138deg07.373mn
1725575152:[SURF  ,0084]hdop 0.650, vdop 0.990
1725575162:[SURF  ,0025]Iridium...
1725575363:[SURF  ,0023]<WARN>failed to connect #1, code -8, net 1, qual 5, dial 1
1725575587:[SURF  ,0023]<WARN>failed to connect #2, code -8, net 1, qual 4, dial 1
1725575643:[SURF  ,0009]connected in 481s, signal quality 5
1725575965:[SURF  ,0218]prompt received, remote cmd end
1725575965:[SURF  ,0012]151 cmd(s) received
1725575989:[UPLOAD,0248]Upload data files...
1725576179:[UPLOAD,0231]"0100/66CCF334.BIN" uploaded at 108bytes/s
1725576196:[MAIN  ,0013]1 file(s) uploaded
1725576226:[SURF  ,0014]disconnected after 1064s
1725576231:[SURF  ,0227]1st complete transfer
1725576231:[SURF  ,0226]Go dive
1725576243:[SURF  ,0022]GPS fix...
1725576263:[SURF  ,0015]10 PPS detected...
1725576264:[MRMAID,0052]$GPSACK:+0,+0,+0,+0,+0,+1,-999847;
1725576274:[MRMAID,0052]$GPSOFF:3686325;
1725576276:[GPSFIX,0179]-1s diff
1725576277:[SURF  ,0222]2024-09-05T22:44:37
1725576277:[SURF  ,0082]N29deg22.232mn, E138deg07.390mn
1725576277:[SURF  ,0084]hdop 0.590, vdop 0.830
1725576294:[MAIN  ,0024]internal pressure 79397Pa
1725576295:[BYCMD ,0120]    bypass 20000ms 120000ms (20000ms 60000ms stored)
1725576295:[BYCMD ,0121]    valve 60000ms 12750 (60000ms 12750 stored)
1725576295:[BYCMD ,0376]    pump 60000ms 2832 8320 418 (60000ms 2832 8320 418 stored)
1725576295:[BYCMD ,0123]    rate 2mbar/s (2mbar/s stored)
1725576295:[BYCMD ,0124]    surface 500mbar (500mbar stored)
1725576295:[BYCMD ,0173]    near 7000mbar 2:2:3mbar/s (15000mbar 2:2:3mbar/s stored)
1725576295:[BYCMD ,0380]    middle 6mbar/s (6mbar/s stored)
1725576295:[BYCMD ,0126]    far 25000mbar 9mbar/s (25000mbar 9mbar/s stored)
1725576295:[BYCMD ,0127]    ascent 10mbar/s (10mbar/s stored)
1725576295:[BYCMD ,0128]    dead 300s (300s stored)
1725576295:[BYCMD ,0129]    coeff 16/10 (16/10 stored)
1725576295:[BYCMD ,0130]    stab 10 (10 stored)
1725576295:[BYCMD ,0131]    delay 900s 18000s (900s 3600s stored)
1725576295:[BYCMD ,0132]    mmtime 14400min (2880min stored)
1725576295:[BYCMD ,0133]    dv_landing 100ml (100ml stored)
1725576295:[BYCMD ,0381]    landing confirmation 5 (5 stored)
1725576295:[BYCMD ,0379]    cycle nb 1 (1 stored)
1725576295:[P2TCMD,0150]    p2t37: 15x2000ms, offset 198mbar
1725576296:[P2TCMD,0151]    p2t37: dp 5000mbar, dt 1000000mdegC
1725576296:[STAGE ,0080]Stage [0] 200000mbar (+/-5000mbar) 25200s (<25200s) 
1725576296:[STAGE ,0080]Stage [1] 200000mbar (+/-5000mbar) 788400s (<813600s) MERMAID SBE61 
1725576296:[PROFIL,0302]    manual_profil=1
1725576296:[PROFIL,0303]    manual_profil_rate=1 hours
1725576296:[STAGE ,0080]Stage [2] 250000mbar (+/-5000mbar) 14400s (<828000s) 
1725576296:[STAGE ,0091]Stage [3] surfacing 36000s (<864000s) SBE61 
1725576296:[PROFIL,0284]    speed_detection=1
1725576296:[PROFIL,0285]    bin_average_output=1
1725576296:[PROFIL,0287]    include_transition_bin=1
1725576296:[PROFIL,0304]    include_nbin=1
1725576296:[PROFIL,0301]    load_test_sample=0
1725576296:[PROFIL,0288]    p_cut_off=2dbar
1725576296:[PROFIL,0289]    top_bin_interval=2dbar
1725576296:[PROFIL,0290]    top_bin_size=2dbar
1725576296:[PROFIL,0291]    top_bin_max=500dbar
1725576296:[PROFIL,0292]    middle_bin_interval=10dbar
1725576296:[PROFIL,0293]    middle_bin_size=10dbar
1725576296:[PROFIL,0294]    middle_bin_max=2500dbar
1725576296:[PROFIL,0295]    bottom_bin_interval=50dbar
1725576296:[PROFIL,0296]    bottom_bin_size=50dbar
1725576296:[PROFIL,0297]    pump_time=0s
1725576296:[PROFIL,0298]    speed_start=2mbar/s
1725576296:[PROFIL,0299]    speed_control=10mbar/s
1725576296:[MAIN  ,0070]turn off bluetooth
1725576324:[DIVING,0141]diving from -38mbar, +0mbar/s
1725576324:[BYPASS,0035]bypass opening 120000ms
1725576329:[BYPASS,0104]battery 14581mV,  252540uA (bypass opening), P    -38mbar
1725576454:[BYPASS,0106]battery 14555mV,  289140uA (bypass closing), P    -38mbar
1725576480:[BYPASS,0035]bypass opening 20000ms
1725576485:[BYPASS,0104]battery 14626mV,  254248uA (bypass opening), P   -198mbar
1725576511:[BYPASS,0106]battery 14557mV,  288042uA (bypass closing), P   -198mbar
1725576663:[DIVING,0028]522mbar reached (+5mbar/s), 2 bypass done
1725576664:[MAIN  ,0056]stage[0]
1725576666:[MAIN  ,0024]internal pressure 82577Pa
1725576667:[BUOY  ,0037]P   +552mbar
1725576669:[BUOY  ,0087]from +5mbar/s to +9mbar/s
1725576669:[BUOY  ,0090]need to transfer -90mL (valve during 49891ms)
1725576669:[VALVE ,0034]valve opening 49891ms
1725576719:[VALVE ,0234]battery 14296mV,  464210uA, P   +552mbar
1725577319:[BUOY  ,0087]from +6mbar/s to +9mbar/s
1725577319:[BUOY  ,0090]need to transfer -72mL (valve during 12750ms)
1725577319:[VALVE ,0034]valve opening 12750ms
1725577331:[VALVE ,0234]battery 14323mV,  464698uA, P  +5292mbar
1725577619:[PRESS ,0038]P  +7622mbar,T+32767mdegC
1725577644:[BUOY  ,0087]from +5mbar/s to +9mbar/s
1725577644:[BUOY  ,0090]need to transfer -90mL (valve during 13040ms)
1725577644:[VALVE ,0034]valve opening 13040ms
1725577657:[VALVE ,0234]battery 14318mV,  463966uA, P  +7752mbar
1725578269:[PRESS ,0038]P +12842mbar,T+32767mdegC
1725578619:[BUOY  ,0087]from +7mbar/s to +9mbar/s
1725578619:[BUOY  ,0090]need to transfer -52mL (valve during 5304ms)
1725578619:[VALVE ,0034]valve opening 5304ms
1725578624:[VALVE ,0234]battery 14300mV,  463478uA, P +15652mbar
1725578919:[PRESS ,0038]P +18592mbar,T+32767mdegC
1725579269:[BUOY  ,0087]from +7mbar/s to +9mbar/s
1725579269:[BUOY  ,0090]need to transfer -52mL (valve during 4541ms)
1725579269:[VALVE ,0034]valve opening 4541ms
1725579273:[VALVE ,0234]battery 14280mV,  462868uA, P +21562mbar
1725579569:[PRESS ,0038]P +24382mbar,T+32767mdegC
1725580219:[PRESS ,0038]P +30542mbar,T+32767mdegC
1725580869:[PRESS ,0038]P +35892mbar,T+32767mdegC
1725581518:[PRESS ,0038]P +41522mbar,T+32767mdegC
1725581868:[BUOY  ,0087]from +7mbar/s to +9mbar/s
1725581868:[BUOY  ,0090]need to transfer -52mL (valve during 3172ms)
1725581868:[VALVE ,0034]valve opening 3172ms
1725581871:[VALVE ,0234]battery 14168mV,  462136uA, P +43982mbar
1725582168:[PRESS ,0038]P +46672mbar,T+32767mdegC
1725582818:[PRESS ,0038]P +53092mbar,T+32767mdegC
1725583468:[PRESS ,0038]P +58992mbar,T+32767mdegC
1725584118:[PRESS ,0038]P +64772mbar,T+32767mdegC
1725584767:[PRESS ,0038]P +70512mbar,T+32767mdegC
1725585417:[PRESS ,0038]P +76562mbar,T+32767mdegC
1725586067:[PRESS ,0038]P +82342mbar,T+32767mdegC
1725586717:[PRESS ,0038]P +88022mbar,T+32767mdegC
1725587367:[PRESS ,0038]P +93532mbar,T+32767mdegC
1725588016:[PRESS ,0038]P +98722mbar,T+32767mdegC
1725588666:[PRESS ,0038]P+104082mbar,T+32767mdegC
1725589016:[BUOY  ,0087]from +7mbar/s to +9mbar/s
1725589016:[BUOY  ,0090]need to transfer -52mL (valve during 2034ms)
1725589016:[VALVE ,0034]valve opening 2034ms
1725589018:[VALVE ,0234]battery 13513mV,  451034uA, P+106832mbar
1725589316:[PRESS ,0038]P+109412mbar,T+32767mdegC
1725589966:[PRESS ,0038]P+114722mbar,T+32767mdegC
1725590616:[PRESS ,0038]P+120202mbar,T+32767mdegC
1725591266:[PRESS ,0038]P+126102mbar,T+32767mdegC
1725591615:[BUOY  ,0087]from +7mbar/s to +9mbar/s
1725591615:[BUOY  ,0090]need to transfer -52mL (valve during 1847ms)
1725591615:[VALVE ,0034]valve opening 1847ms
1725591617:[VALVE ,0234]battery 13242mV,  443348uA, P+128902mbar
1725591916:[PRESS ,0038]P+131542mbar,T+32767mdegC
1725591940:[BUOY  ,0087]from +7mbar/s to +9mbar/s
1725591940:[BUOY  ,0090]need to transfer -52mL (valve during 1831ms)
1725591940:[VALVE ,0034]valve opening 1831ms
1725591942:[VALVE ,0234]battery 13232mV,  445056uA, P+131732mbar
1725592566:[PRESS ,0038]P+137322mbar,T+32767mdegC
1725593215:[PRESS ,0038]P+143432mbar,T+32767mdegC
1725593865:[PRESS ,0038]P+150292mbar,T+32767mdegC
1725594515:[PRESS ,0038]P+156902mbar,T+32767mdegC
1725595165:[PRESS ,0038]P+163232mbar,T+32767mdegC
1725595815:[PRESS ,0038]P+169742mbar,T+32767mdegC
1725596464:[PRESS ,0038]P+175892mbar,T+32767mdegC
1725596489:[BUOY  ,0087]from +10mbar/s to +6mbar/s
1725596489:[PUMP  ,0378]Outflow calculated : 2728
1725596489:[BUOY  ,0089]need to transfer +102mL (pump during 146974ms)
1725596490:[PUMP  ,0016]pump during 60000ms
1725596549:[PUMP  ,0212]battery 13086mV,  796782uA (steady state), P+176132mbar
1725596815:[BUOY  ,0087]from +8mbar/s to +6mbar/s
1725596816:[PUMP  ,0378]Outflow calculated : 2725
1725596816:[BUOY  ,0089]need to transfer +44mL (pump during 64422ms)
1725596817:[PUMP  ,0016]pump during 60000ms
1725596876:[PUMP  ,0212]battery 13746mV,  797758uA (steady state), P+178972mbar
1725597117:[PRESS ,0038]P+181252mbar,T+32767mdegC
1725598092:[PRESS ,0038]P+187542mbar,T+32767mdegC
1725599066:[PRESS ,0038]P+194082mbar,T+32767mdegC
1725599091:[BUOY  ,0087]from +6mbar/s to +2mbar/s
1725599091:[PUMP  ,0378]Outflow calculated : 2717
1725599091:[BUOY  ,0089]need to transfer +52mL (pump during 75253ms)
1725599093:[PUMP  ,0016]pump during 60000ms
1725599152:[PUMP  ,0212]battery 13856mV,  862662uA (steady state), P+194252mbar
1725599418:[STAGE ,0213]196412mbar reached at 1725599418s, ref 200000mbar +/-5000mbar
1725599418:[BUOY  ,0087]from +7mbar/s to +0mbar/s
1725599418:[PUMP  ,0378]Outflow calculated : 2716
1725599418:[BUOY  ,0089]need to transfer +78mL (pump during 113043ms)
1725599419:[PUMP  ,0016]pump during 60000ms
1725599478:[PUMP  ,0212]battery 13716mV,  859368uA (steady state), P+196412mbar
1725599744:[BUOY  ,0087]from +6mbar/s to +0mbar/s
1725599744:[PUMP  ,0378]Outflow calculated : 2713
1725599744:[BUOY  ,0089]need to transfer +58mL (pump during 85546ms)
1725599745:[PUMP  ,0016]pump during 60000ms
1725599804:[PUMP  ,0212]battery 13705mV,  867176uA (steady state), P+198352mbar
1725600046:[PRESS ,0038]P+199902mbar,T+32767mdegC
1725600070:[BUOY  ,0087]from +5mbar/s to +0mbar/s
1725600070:[PUMP  ,0378]Outflow calculated : 2712
1725600071:[BUOY  ,0089]need to transfer +40mL (pump during 59084ms)
1725600072:[PUMP  ,0016]pump during 59084ms
1725600131:[PUMP  ,0212]battery 13703mV,  873520uA (steady state), P+200012mbar
1725600397:[BUOY  ,0087]from +2mbar/s to +0mbar/s
1725600397:[PUMP  ,0378]Outflow calculated : 2711
1725600397:[BUOY  ,0089]need to transfer +6mL (pump during 8899ms)
1725600398:[PUMP  ,0016]pump during 8899ms
1725600406:[PUMP  ,0212]battery 13706mV,  876326uA (steady state), P+201082mbar
1725600723:[BUOY  ,0087]from +3mbar/s to +0mbar/s
1725600723:[PUMP  ,0378]Outflow calculated : 2710
1725600723:[BUOY  ,0089]need to transfer +14mL (pump during 20771ms)
1725600725:[PUMP  ,0016]pump during 20771ms
1725600745:[PUMP  ,0212]battery 13755mV,  878034uA (steady state), P+201942mbar
1725601950:[MAIN  ,0140]stage[0] complete 25287s after mission start
1725601950:[MAIN  ,0056]stage[1]
1725601952:[MAIN  ,0024]internal pressure 77408Pa
1725601953:[MRMAID,0002]acq started
1725601955:[BUOY  ,0037]P+200862mbar
1725601955:[SBE   ,0391]Mode changed from SLEEP to UPDATE
1725601956:[STAGE ,0213]200822mbar reached at 1725601956s, ref 200000mbar +/-5000mbar
1725601959:[SBE   ,0391]Mode changed from UPDATE to START
1725601959:[SBE   ,0385]Start manual acquisitions
1725601959:[SBE   ,0391]Mode changed from START to PROFILING
1725601993:[SBE61 ,0396]P +20110,T +19087,S +34591
1725602004:[MRMAID,0184]acq already started
1725602007:[MRMAID,0059]stop canceled
1725602557:[BUOY  ,0087]from -1mbar/s to +0mbar/s
1725602557:[BUOY  ,0090]need to transfer -2mL (valve during 57ms)
1725602557:[MRMAID,0003]acq stopped
1725602557:[VALVE ,0034]valve opening 57ms
1725602569:[MRMAID,0002]acq started
1725604094:[BUOY  ,0087]from +1mbar/s to +0mbar/s
1725604094:[PUMP  ,0378]Outflow calculated : 2713
1725604094:[BUOY  ,0089]need to transfer +2mL (pump during 2906ms)
1725604094:[MRMAID,0003]acq stopped
1725604094:[MRMAID,0185]28 spurious byte(s) received
1725604096:[PUMP  ,0016]pump during 2906ms
1725604100:[MRMAID,0002]acq started
1725604421:[BUOY  ,0087]from +1mbar/s to +0mbar/s
1725604421:[PUMP  ,0378]Outflow calculated : 2713
1725604421:[BUOY  ,0089]need to transfer +2mL (pump during 2912ms)
1725604421:[MRMAID,0052]$STOPA
1725604422:[MRMAID,0185]6 spurious byte(s) received
1725604423:[PUMP  ,0016]pump during 2912ms
1725604427:[MRMAID,0002]acq started
1725604748:[BUOY  ,0087]from +1mbar/s to +0mbar/s
1725604748:[PUMP  ,0378]Outflow calculated : 2712
1725604748:[BUOY  ,0089]need to transfer +2mL (pump during 2913ms)
1725604748:[MRMAID,0003]acq stopped
1725604750:[PUMP  ,0016]pump during 2913ms
1725604754:[MRMAID,0002]acq started
1725605076:[BUOY  ,0087]from +1mbar/s to +0mbar/s
1725605076:[PUMP  ,0378]Outflow calculated : 2712
1725605076:[BUOY  ,0089]need to transfer +2mL (pump during 2911ms)
1725605076:[MRMAID,0003]acq stopped
1725605077:[PUMP  ,0016]pump during 2911ms
1725605082:[MRMAID,0002]acq started
1725605567:[MRMAID,0003]acq stopped
1725605602:[SBE61 ,0396]P +20161,T +19039,S +34592
1725605604:[MRMAID,0002]acq started
1725608404:[BUOY  ,0087]from -1mbar/s to +0mbar/s
1725608404:[BUOY  ,0090]need to transfer -2mL (valve during 57ms)
1725608404:[MRMAID,0003]acq stopped
1725608405:[MRMAID,0052]$MEASFS,109963,2748.103607,40.014139;
1725608405:[VALVE ,0034]valve opening 57ms
1725608417:[MRMAID,0002]acq started
1725609041:[BUOY  ,0087]from +1mbar/s to +0mbar/s
1725609041:[PUMP  ,0378]Outflow calculated : 2713
1725609041:[BUOY  ,0089]need to transfer +2mL (pump during 2910ms)
1725609041:[MRMAID,0003]acq stopped
1725609043:[PUMP  ,0016]pump during 2910ms
1725609047:[MRMAID,0002]acq started
1725609167:[MRMAID,0003]acq stopped
1725609202:[SBE61 ,0396]P +20080,T +19064,S +34591
1725609203:[MRMAID,0002]acq started
1725609368:[BUOY  ,0087]from +2mbar/s to +0mbar/s
1725609368:[PUMP  ,0378]Outflow calculated : 2712
1725609368:[BUOY  ,0089]need to transfer +6mL (pump during 8820ms)
1725609368:[MRMAID,0002]acq started
1725609370:[MRMAID,0185]11 spurious byte(s) received
1725609370:[PUMP  ,0016]pump during 8820ms
1725609378:[PUMP  ,0212]battery 13737mV,  876448uA (steady state), P+200702mbar
1725609380:[MRMAID,0002]acq started
1725609696:[BUOY  ,0087]from +1mbar/s to +0mbar/s
1725609696:[PUMP  ,0378]Outflow calculated : 2712
1725609696:[BUOY  ,0089]need to transfer +2mL (pump during 2940ms)
1725609696:[MRMAID,0003]acq stopped
1725609697:[PUMP  ,0016]pump during 2940ms
1725609702:[MRMAID,0002]acq started
1725612776:[MRMAID,0003]acq stopped
1725612776:[MRMAID,0052]$MEASFS,120916,3021.830322,40.014159;
1725612812:[SBE61 ,0396]P +20137,T +19055,S +34591
1725612813:[MRMAID,0002]acq started
1725616376:[MRMAID,0003]acq stopped
1725616376:[MRMAID,0052]$MEASFS,140440,3509.756530,40.014172;
1725616411:[SBE61 ,0396]P +20224,T +19126,S +34590
1725616412:[MRMAID,0002]acq started
1725619986:[MRMAID,0003]acq stopped
1725619986:[MRMAID,0052]$MEASFS,140843,3519.827118,40.014181;
1725620021:[SBE61 ,0396]P +20184,T +19138,S +34590
1725620022:[MRMAID,0002]acq started
1725623585:[MRMAID,0003]acq stopped
1725623585:[MRMAID,0052]$MEASFS,140442,3509.805023,40.014189;
1725623621:[SBE61 ,0396]P +20308,T +19143,S +34590
1725623622:[MRMAID,0002]acq started
1725627185:[MRMAID,0003]acq stopped
1725627185:[MRMAID,0052]$MEASFS,140442,3509.804505,40.014194;
1725627220:[SBE61 ,0396]P +20304,T +19259,S +34589
1725627221:[MRMAID,0002]acq started
1725630794:[MRMAID,0003]acq stopped
1725630794:[MRMAID,0052]$MEASFS,140840,3519.750580,40.014199;
1725630830:[SBE61 ,0396]P +20251,T +19159,S +34589
1725630831:[MRMAID,0002]acq started
1725634394:[MRMAID,0003]acq stopped
1725634394:[MRMAID,0052]$MEASFS,140441,3509.778839,40.014202;
1725634429:[SBE61 ,0396]P +20313,T +19053,S +34592
1725634431:[MRMAID,0002]acq started
1725637994:[MRMAID,0003]acq stopped
1725637994:[MRMAID,0052]$MEASFS,140441,3509.778595,40.014205;
1725638029:[SBE61 ,0396]P +20355,T +19095,S +34591
1725638030:[MRMAID,0002]acq started
1725641603:[MRMAID,0003]acq stopped
1725641603:[MRMAID,0052]$MEASFS,140843,3519.824829,40.014207;
1725641639:[SBE61 ,0396]P +20284,T +18990,S +34593
1725641640:[MRMAID,0002]acq started
1725644240:[BUOY  ,0101]stage[1] 10 stab done
1725644240:[BUOY  ,0087]from +1mbar/s to +0mbar/s
1725644240:[PUMP  ,0378]Outflow calculated : 2710
1725644240:[BUOY  ,0089]need to transfer +2mL (pump during 2931ms)
1725644240:[MRMAID,0003]acq stopped
1725644240:[MRMAID,0052]$MEASFS,101900,2546.595398,40.014209;
1725644241:[PUMP  ,0016]pump during 2931ms
1725644246:[MRMAID,0002]acq started
1725645203:[MRMAID,0003]acq stopped
1725645203:[MRMAID,0185]19 spurious byte(s) received
1725645238:[SBE61 ,0396]P +20397,T +19062,S +34592
1725645240:[MRMAID,0002]acq started
1725648812:[MRMAID,0003]acq stopped
1725648813:[MRMAID,0052]$MEASFS,140839,3519.724610,40.014210;
1725648848:[SBE61 ,0396]P +20197,T +18978,S +34593
1725648849:[MRMAID,0002]acq started
1725652412:[MRMAID,0003]acq stopped
1725652412:[MRMAID,0052]$MEASFS,140440,3509.753052,40.014211;
1725652448:[SBE61 ,0396]P +20342,T +19003,S +34592
1725652449:[MRMAID,0002]acq started
1725656012:[MRMAID,0003]acq stopped
1725656012:[MRMAID,0052]$MEASFS,140443,3509.827941,40.014212;
1725656047:[SBE61 ,0396]P +20354,T +19000,S +34593
1725656048:[MRMAID,0002]acq started
1725657451:[MRMAID,0027]2032dbar, 33degC
1725657594:[MRMAID,0005]ascent request rejected
1725659621:[MRMAID,0003]acq stopped
1725659622:[MRMAID,0052]$MEASFS,140844,3519.849335,40.014213;
1725659657:[SBE61 ,0396]P +20350,T +19005,S +34592
1725659658:[MRMAID,0002]acq started
1725663221:[MRMAID,0003]acq stopped
1725663221:[MRMAID,0052]$MEASFS,140442,3509.802857,40.014213;
1725663256:[SBE61 ,0396]P +20343,T +19029,S +34592
1725663258:[MRMAID,0002]acq started
1725666821:[MRMAID,0003]acq stopped
1725666821:[MRMAID,0052]$MEASFS,140442,3509.802796,40.014214;
1725666856:[SBE61 ,0396]P +20428,T +19022,S +34592
1725666857:[MRMAID,0002]acq started
1725670430:[MRMAID,0003]acq stopped
1725670430:[MRMAID,0052]$MEASFS,140840,3519.749267,40.014214;
1725670466:[SBE61 ,0396]P +20425,T +19135,S +34591
1725670467:[MRMAID,0002]acq started
1725674030:[MRMAID,0003]acq stopped
1725674030:[MRMAID,0052]$MEASFS,140441,3509.777771,40.014214;
1725674065:[SBE61 ,0396]P +20284,T +19037,S +34591
1725674067:[MRMAID,0002]acq started
1725677639:[MRMAID,0003]acq stopped
1725677640:[MRMAID,0052]$MEASFS,140858,3520.199249,40.014212;
1725677675:[SBE61 ,0396]P +20327,T +18912,S +34594
1725677676:[MRMAID,0002]acq started
1725679684:[PRESS ,0038]P+205142mbar,T+32767mdegC
1725679684:[BUOY  ,0087]from +1mbar/s to -2mbar/s
1725679684:[PUMP  ,0378]Outflow calculated : 2709
1725679684:[BUOY  ,0089]need to transfer +8mL (pump during 11741ms)
1725679684:[MRMAID,0003]acq stopped
1725679684:[MRMAID,0052]$MEASFS,78214,1954.655365,40.014215;
1725679686:[PUMP  ,0016]pump during 11741ms
1725679697:[PUMP  ,0212]battery 13625mV,  895358uA (steady state), P+205142mbar
1725679699:[MRMAID,0002]acq started
1725680011:[BUOY  ,0087]from -1mbar/s to -2mbar/s
1725680011:[PUMP  ,0378]Outflow calculated : 2709
1725680011:[BUOY  ,0089]need to transfer +4mL (pump during 5876ms)
1725680011:[MRMAID,0003]acq stopped
1725680013:[PUMP  ,0016]pump during 5876ms
1725680018:[PUMP  ,0212]battery 13566mV,  901214uA (steady state), P+205142mbar
1725680020:[MRMAID,0002]acq started
1725681239:[MRMAID,0003]acq stopped
1725681239:[MRMAID,0185]20 spurious byte(s) received
1725681275:[SBE61 ,0396]P +20421,T +19127,S +34591
1725681276:[MRMAID,0002]acq started
1725684541:[PRESS ,0038]P+200102mbar,T+32767mdegC
1725684839:[MRMAID,0003]acq stopped
1725684839:[MRMAID,0052]$MEASFS,140440,3509.752747,40.014215;
1725684841:[BUOY  ,0087]from -1mbar/s to +0mbar/s
1725684841:[BUOY  ,0090]need to transfer -2mL (valve during 57ms)
1725684841:[VALVE ,0034]valve opening 57ms
1725684874:[SBE61 ,0396]P +19997,T +19339,S +34587
1725684875:[MRMAID,0002]acq started
1725685466:[BUOY  ,0087]from +1mbar/s to +0mbar/s
1725685466:[PUMP  ,0378]Outflow calculated : 2712
1725685466:[BUOY  ,0089]need to transfer +2mL (pump during 2929ms)
1725685466:[MRMAID,0052]$STOPACK
1725685468:[MRMAID,0185]4 spurious byte(s) received
1725685468:[PUMP  ,0016]pump during 2929ms
1725685472:[MRMAID,0002]acq started
1725686093:[BUOY  ,0087]from +1mbar/s to +0mbar/s
1725686094:[PUMP  ,0378]Outflow calculated : 2712
1725686094:[BUOY  ,0089]need to transfer +2mL (pump during 2934ms)
1725686094:[MRMAID,0003]acq stopped
1725686095:[PUMP  ,0016]pump during 2934ms
1725686100:[MRMAID,0002]acq started
1725686421:[BUOY  ,0087]from +1mbar/s to +0mbar/s
1725686421:[PUMP  ,0378]Outflow calculated : 2712
1725686421:[BUOY  ,0089]need to transfer +2mL (pump during 2929ms)
1725686421:[MRMAID,0003]acq stopped
1725686423:[PUMP  ,0016]pump during 2929ms
1725686427:[MRMAID,0002]acq started
1725687949:[BUOY  ,0087]from -1mbar/s to +0mbar/s
1725687949:[BUOY  ,0090]need to transfer -2mL (valve during 57ms)
1725687949:[MRMAID,0003]acq stopped
1725687949:[MRMAID,0052]$MEASFS,58787,1469.152923,40.014214;
1725687949:[VALVE ,0034]valve opening 57ms
1725687961:[MRMAID,0002]acq started
1725688285:[BUOY  ,0087]from +1mbar/s to +0mbar/s
1725688285:[PUMP  ,0378]Outflow calculated : 2712
1725688285:[BUOY  ,0089]need to transfer +2mL (pump during 2929ms)
1725688285:[MRMAID,0003]acq stopped
1725688287:[PUMP  ,0016]pump during 2929ms
1725688291:[MRMAID,0002]acq started
1725688448:[MRMAID,0003]acq stopped
1725688484:[SBE61 ,0396]P +20105,T +19241,S +34589
1725688485:[MRMAID,0002]acq started
1725688612:[BUOY  ,0087]from +1mbar/s to +0mbar/s
1725688612:[PUMP  ,0378]Outflow calculated : 2712
1725688612:[BUOY  ,0089]need to transfer +2mL (pump during 2929ms)
1725688613:[MRMAID,0003]acq stopped
1725688614:[PUMP  ,0016]pump during 2929ms
1725688618:[MRMAID,0002]acq started
1725688940:[BUOY  ,0087]from +1mbar/s to +0mbar/s
1725688940:[PUMP  ,0378]Outflow calculated : 2712
1725688940:[BUOY  ,0089]need to transfer +2mL (pump during 2927ms)
1725688940:[MRMAID,0003]acq stopped
1725688942:[PUMP  ,0016]pump during 2927ms
1725688946:[MRMAID,0002]acq started
1725689267:[BUOY  ,0087]from +1mbar/s to +0mbar/s
1725689267:[PUMP  ,0378]Outflow calculated : 2712
1725689267:[BUOY  ,0089]need to transfer +2mL (pump during 2927ms)
1725689267:[MRMAID,0003]acq stopped
1725689269:[PUMP  ,0016]pump during 2927ms
1725689273:[MRMAID,0002]acq started
1725692048:[MRMAID,0003]acq stopped
1725692048:[MRMAID,0052]$MEASFS,108934,2722.382599,40.014214;
1725692083:[SBE61 ,0396]P +20190,T +19179,S +34590
1725692085:[MRMAID,0002]acq started
1725695648:[MRMAID,0003]acq stopped
1725695648:[MRMAID,0052]$MEASFS,140442,3509.802734,40.014215;
1725695683:[SBE61 ,0396]P +20248,T +19205,S +34589
1725695684:[MRMAID,0002]acq started
1725699257:[MRMAID,0003]acq stopped
1725699257:[MRMAID,0052]$MEASFS,140840,3519.749207,40.014215;
1725699293:[SBE61 ,0396]P +20183,T +19209,S +34588
1725699294:[MRMAID,0002]acq started
1725702857:[MRMAID,0003]acq stopped
1725702857:[MRMAID,0052]$MEASFS,140441,3509.777741,40.014215;
1725702892:[SBE61 ,0396]P +20271,T +19184,S +34589
1725702894:[MRMAID,0002]acq started
1725706467:[MRMAID,0003]acq stopped
1725706467:[MRMAID,0052]$MEASFS,140844,3519.849151,40.014215;
1725706502:[SBE61 ,0396]P +20311,T +19309,S +34588
1725706503:[MRMAID,0002]acq started
1725710066:[MRMAID,0003]acq stopped
1725710066:[MRMAID,0052]$MEASFS,140441,3509.777740,40.014215;
1725710102:[SBE61 ,0396]P +20271,T +19304,S +34588
1725710103:[MRMAID,0002]acq started
1725713666:[MRMAID,0003]acq stopped
1725713666:[MRMAID,0052]$MEASFS,140440,3509.752747,40.014215;
1725713701:[SBE61 ,0396]P +20274,T +19314,S +34588
1725713702:[MRMAID,0002]acq started
1725716634:[MRMAID,0027]2022dbar, 33degC
1725716844:[MRMAID,0005]ascent request rejected
1725717275:[MRMAID,0003]acq stopped
1725717276:[MRMAID,0052]$MEASFS,140839,3519.724182,40.014215;
1725717311:[SBE61 ,0396]P +20225,T +19357,S +34587
1725717312:[MRMAID,0002]acq started
1725720875:[MRMAID,0003]acq stopped
1725720875:[MRMAID,0052]$MEASFS,140444,3509.852692,40.014215;
1725720910:[SBE61 ,0396]P +20276,T +19236,S +34589
1725720912:[MRMAID,0002]acq started
1725724475:[MRMAID,0003]acq stopped
1725724475:[MRMAID,0052]$MEASFS,140440,3509.752746,40.014215;
1725724510:[SBE61 ,0396]P +20242,T +19286,S +34588
1725724511:[MRMAID,0002]acq started
1725725628:[MRMAID,0027]2020dbar, 33degC
1725725801:[MRMAID,0005]ascent request rejected
1725728084:[MRMAID,0003]acq stopped
1725728084:[MRMAID,0052]$MEASFS,140841,3519.774201,40.014215;
1725728120:[SBE61 ,0396]P +20336,T +19210,S +34589
1725728121:[MRMAID,0002]acq started
1725731684:[MRMAID,0003]acq stopped
1725731684:[MRMAID,0052]$MEASFS,140442,3509.802735,40.014215;
1725731719:[SBE61 ,0396]P +20185,T +19229,S +34589
1725731721:[MRMAID,0002]acq started
1725735294:[MRMAID,0052]$STOPACK:$MEASFS,140841,3519.774170,40.014215;
1725735296:[MRMAID,0185]3 spurious byte(s) received
1725735329:[SBE61 ,0396]P +20333,T +19252,S +34589
1725735330:[MRMAID,0002]acq started
1725738893:[MRMAID,0003]acq stopped
1725738893:[MRMAID,0052]$MEASFS,140441,3509.777710,40.014215;
1725738929:[SBE61 ,0396]P +20176,T +19187,S +34588
1725738930:[MRMAID,0002]acq started
1725742493:[MRMAID,0003]acq stopped
1725742493:[MRMAID,0052]$MEASFS,140441,3509.777710,40.014215;
1725742528:[SBE61 ,0396]P +20300,T +19101,S +34590
1725742529:[MRMAID,0002]acq started
1725746102:[MRMAID,0003]acq stopped
1725746102:[MRMAID,0052]$MEASFS,140840,3519.749207,40.014215;
1725746138:[SBE61 ,0396]P +20435,T +19185,S +34590
1725746139:[MRMAID,0002]acq started
1725749419:[MRMAID,0027]2029dbar, 33degC
1725749575:[MRMAID,0005]ascent request rejected
1725749702:[MRMAID,0003]acq stopped
1725749702:[MRMAID,0052]$MEASFS,140440,3509.752716,40.014215;
1725749737:[SBE61 ,0396]P +20335,T +19254,S +34589
1725749739:[MRMAID,0002]acq started
1725753302:[MRMAID,0003]acq stopped
1725753302:[MRMAID,0052]$MEASFS,140440,3509.752716,40.014215;
1725753337:[SBE61 ,0396]P +20323,T +19256,S +34589
1725753338:[MRMAID,0002]acq started
1725756911:[MRMAID,0003]acq stopped
1725756911:[MRMAID,0052]$MEASFS,140838,3519.699340,40.014213;
1725756947:[SBE61 ,0396]P +20429,T +19277,S +34589
1725756948:[MRMAID,0002]acq started
1725760511:[MRMAID,0003]acq stopped
1725760511:[MRMAID,0052]$MEASFS,140440,3509.752746,40.014215;
1725760546:[SBE61 ,0396]P +20287,T +19294,S +34588
1725760548:[MRMAID,0002]acq started
1725764121:[MRMAID,0003]acq stopped
1725764121:[MRMAID,0052]$MEASFS,140859,3520.224030,40.014215;
1725764156:[SBE61 ,0396]P +20330,T +19208,S +34590
1725764157:[MRMAID,0002]acq started
1725767720:[MRMAID,0003]acq stopped
1725767720:[MRMAID,0052]$MEASFS,140446,3509.902649,40.014215;
1725767756:[SBE61 ,0396]P +20386,T +19293,S +34589
1725767757:[MRMAID,0002]acq started
1725771320:[MRMAID,0003]acq stopped
1725771320:[MRMAID,0052]$MEASFS,140441,3509.777710,40.014215;
1725771355:[SBE61 ,0396]P +20405,T +19349,S +34587
1725771356:[MRMAID,0002]acq started
1725774929:[MRMAID,0003]acq stopped
1725774930:[MRMAID,0052]$MEASFS,140841,3519.774170,40.014215;
1725774965:[SBE61 ,0396]P +20353,T +19314,S +34588
1725774966:[MRMAID,0002]acq started
1725778529:[MRMAID,0003]acq stopped
1725778529:[MRMAID,0052]$MEASFS,140441,3509.777710,40.014215;
1725778564:[SBE61 ,0396]P +20363,T +19335,S +34588
1725778566:[MRMAID,0002]acq started
1725782129:[MRMAID,0003]acq stopped
1725782129:[MRMAID,0052]$MEASFS,140441,3509.777710,40.014215;
1725782164:[SBE61 ,0396]P +20337,T +19322,S +34588
1725782165:[MRMAID,0002]acq started
1725785738:[MRMAID,0003]acq stopped
1725785738:[MRMAID,0052]$MEASFS,140840,3519.749176,40.014215;
1725785774:[SBE61 ,0396]P +20293,T +19263,S +34589
1725785775:[MRMAID,0002]acq started
1725789338:[MRMAID,0003]acq stopped
1725789338:[MRMAID,0052]$MEASFS,140440,3509.752747,40.014215;
1725789373:[SBE61 ,0396]P +20447,T +19195,S +34590
1725789375:[MRMAID,0002]acq started
1725789843:[BUOY  ,0101]stage[1] 10 stab done
1725789843:[BUOY  ,0087]from +1mbar/s to +0mbar/s
1725789843:[PUMP  ,0378]Outflow calculated : 2710
1725789843:[BUOY  ,0089]need to transfer +2mL (pump during 2937ms)
1725789843:[MRMAID,0003]acq stopped
1725789845:[PUMP  ,0016]pump during 2937ms
1725789849:[MRMAID,0002]acq started
1725790771:[BUOY  ,0087]from +1mbar/s to -2mbar/s
1725790771:[PUMP  ,0378]Outflow calculated : 2709
1725790771:[BUOY  ,0089]need to transfer +8mL (pump during 11752ms)
1725790771:[MRMAID,0003]acq stopped
1725790771:[MRMAID,0185]27 spurious byte(s) received
1725790772:[PUMP  ,0016]pump during 11752ms
1725790783:[PUMP  ,0212]battery 13637mV,  905240uA (steady state), P+205062mbar
1725790785:[MRMAID,0002]acq started
1725792938:[MRMAID,0003]acq stopped
1725792938:[MRMAID,0052]$MEASFS,83988,2098.954101,40.014215;
1725792973:[SBE61 ,0396]P +20350,T +19423,S +34586
1725792974:[MRMAID,0002]acq started
1725795300:[BUOY  ,0087]from -1mbar/s to +0mbar/s
1725795300:[BUOY  ,0090]need to transfer -2mL (valve during 57ms)
1725795300:[MRMAID,0003]acq stopped
1725795300:[MRMAID,0052]$MEASFS,90938,2272.642365,40.014215;
1725795301:[VALVE ,0034]valve opening 57ms
1725795312:[MRMAID,0002]acq started
1725795636:[BUOY  ,0087]from +1mbar/s to +0mbar/s
1725795636:[PUMP  ,0378]Outflow calculated : 2712
1725795636:[BUOY  ,0089]need to transfer +2mL (pump during 2932ms)
1725795637:[MRMAID,0003]acq stopped
1725795638:[PUMP  ,0016]pump during 2932ms
1725795642:[MRMAID,0002]acq started
1725795964:[BUOY  ,0087]from +1mbar/s to +0mbar/s
1725795964:[PUMP  ,0378]Outflow calculated : 2712
1725795964:[BUOY  ,0089]need to transfer +2mL (pump during 2928ms)
1725795964:[MRMAID,0003]acq stopped
1725795966:[PUMP  ,0016]pump during 2928ms
1725795970:[MRMAID,0002]acq started
1725796291:[BUOY  ,0087]from +1mbar/s to +0mbar/s
1725796291:[PUMP  ,0378]Outflow calculated : 2712
1725796291:[BUOY  ,0089]need to transfer +2mL (pump during 2928ms)
1725796291:[MRMAID,0003]acq stopped
1725796293:[PUMP  ,0016]pump during 2928ms
1725796297:[MRMAID,0002]acq started
1725796547:[MRMAID,0003]acq stopped
1725796583:[SBE61 ,0396]P +20130,T +19504,S +34585
1725796584:[MRMAID,0002]acq started
1725800147:[MRMAID,0003]acq stopped
1725800147:[MRMAID,0052]$MEASFS,140460,3510.252594,40.014214;
1725800182:[SBE61 ,0396]P +20089,T +19490,S +34585
1725800184:[MRMAID,0002]acq started
1725803756:[MRMAID,0003]acq stopped
1725803757:[MRMAID,0052]$MEASFS,140841,3519.774231,40.014214;
1725803792:[SBE61 ,0396]P +20068,T +19481,S +34585
1725803793:[MRMAID,0002]acq started
1725807356:[MRMAID,0003]acq stopped
1725807356:[MRMAID,0052]$MEASFS,140442,3509.802765,40.014214;
1725807392:[SBE61 ,0396]P +20132,T +19457,S +34586
1725807393:[MRMAID,0002]acq started
1725810956:[MRMAID,0003]acq stopped
1725810956:[MRMAID,0052]$MEASFS,140441,3509.777771,40.014214;
1725810991:[SBE61 ,0396]P +20010,T +19482,S +34585
1725810992:[MRMAID,0002]acq started
1725814565:[MRMAID,0003]acq stopped
1725814565:[MRMAID,0052]$MEASFS,140840,3519.749206,40.014215;
1725814601:[SBE61 ,0396]P +20108,T +19477,S +34585
1725814602:[MRMAID,0002]acq started
1725818165:[MRMAID,0003]acq stopped
1725818165:[MRMAID,0052]$MEASFS,140445,3509.877716,40.014215;
1725818200:[SBE61 ,0396]P +20029,T +19475,S +34585
1725818202:[MRMAID,0002]acq started
1725821765:[MRMAID,0003]acq stopped
1725821765:[MRMAID,0052]$MEASFS,140440,3509.752778,40.014214;
1725821800:[SBE61 ,0396]P +20112,T +19423,S +34586
1725821801:[MRMAID,0002]acq started
1725825374:[MRMAID,0003]acq stopped
1725825374:[MRMAID,0052]$MEASFS,140839,3519.724213,40.014215;
1725825410:[SBE61 ,0396]P +20080,T +19434,S +34586
1725825411:[MRMAID,0002]acq started
1725828974:[MRMAID,0003]acq stopped
1725828974:[MRMAID,0052]$MEASFS,140440,3509.752777,40.014214;
1725829009:[SBE61 ,0396]P +20090,T +19405,S +34586
1725829010:[MRMAID,0002]acq started
1725832584:[MRMAID,0052]$STOPACK:$MEASFS,140841,3519.774200,40.014215;
1725832586:[MRMAID,0185]3 spurious byte(s) received
1725832619:[SBE61 ,0396]P +20079,T +19400,S +34587
1725832620:[MRMAID,0002]acq started
1725836183:[MRMAID,0003]acq stopped
1725836183:[MRMAID,0052]$MEASFS,140442,3509.802765,40.014214;
1725836219:[SBE61 ,0396]P +20139,T +19353,S +34587
1725836220:[MRMAID,0002]acq started
1725839783:[MRMAID,0003]acq stopped
1725839783:[MRMAID,0052]$MEASFS,140442,3509.802735,40.014215;
1725839818:[SBE61 ,0396]P +20122,T +19408,S +34586
1725839819:[MRMAID,0002]acq started
1725843392:[MRMAID,0003]acq stopped
1725843392:[MRMAID,0052]$MEASFS,140840,3519.749268,40.014214;
1725843428:[SBE61 ,0396]P +20139,T +19409,S +34587
1725843429:[MRMAID,0002]acq started
1725846992:[MRMAID,0003]acq stopped
1725846992:[MRMAID,0052]$MEASFS,140445,3509.877716,40.014215;
1725847027:[SBE61 ,0396]P +20152,T +19514,S +34585
1725847029:[MRMAID,0002]acq started
1725850592:[MRMAID,0003]acq stopped
1725850592:[MRMAID,0052]$MEASFS,140459,3510.227600,40.014214;
1725850627:[SBE61 ,0396]P +20181,T +19574,S +34584
1725850628:[MRMAID,0002]acq started
1725854201:[MRMAID,0003]acq stopped
1725854201:[MRMAID,0052]$MEASFS,140839,3519.724212,40.014215;
1725854237:[SBE61 ,0396]P +20037,T +19499,S +34585
1725854238:[MRMAID,0002]acq started
1725857801:[MRMAID,0003]acq stopped
1725857801:[MRMAID,0052]$MEASFS,140440,3509.752777,40.014214;
1725857836:[SBE61 ,0396]P +20086,T +19340,S +34588
1725857838:[MRMAID,0002]acq started
1725861410:[MRMAID,0003]acq stopped
1725861411:[MRMAID,0052]$MEASFS,140840,3519.749207,40.014215;
1725861446:[SBE61 ,0396]P +20125,T +19382,S +34587
1725861447:[MRMAID,0002]acq started
1725864934:[MRMAID,0027]2008dbar, 33degC
1725865046:[SBE61 ,0396]P +20114,T +19370,S +34587
1725865056:[MRMAID,0184]acq already started
1725865091:[MRMAID,0059]stop canceled
1725865095:[MRMAID,0005]ascent request rejected
1725865266:[MRMAID,0027]2009dbar, 33degC
1725865439:[MRMAID,0005]ascent request rejected
1725868619:[MRMAID,0003]acq stopped
1725868619:[MRMAID,0052]$MEASFS,284859,7118.945159,40.014215;
1725868655:[SBE61 ,0396]P +20129,T +19367,S +34587
1725868656:[MRMAID,0002]acq started
1725869004:[MRMAID,0027]2009dbar, 33degC
1725869149:[MRMAID,0005]ascent request rejected
1725872219:[MRMAID,0003]acq stopped
1725872219:[MRMAID,0052]$MEASFS,140443,3509.827728,40.014215;
1725872254:[SBE61 ,0396]P +20224,T +19367,S +34587
1725872256:[MRMAID,0002]acq started
1725875828:[MRMAID,0003]acq stopped
1725875829:[MRMAID,0052]$MEASFS,140840,3519.749206,40.014215;
1725875864:[SBE61 ,0396]P +20115,T +19405,S +34586
1725875865:[MRMAID,0002]acq started
1725879428:[MRMAID,0003]acq stopped
1725879428:[MRMAID,0052]$MEASFS,140441,3509.777740,40.014215;
1725879464:[SBE61 ,0396]P +20167,T +19408,S +34586
1725879465:[MRMAID,0002]acq started
1725883028:[MRMAID,0003]acq stopped
1725883028:[MRMAID,0052]$MEASFS,140441,3509.777740,40.014215;
1725883063:[SBE61 ,0396]P +20169,T +19425,S +34586
1725883064:[MRMAID,0002]acq started
1725886637:[MRMAID,0003]acq stopped
1725886637:[MRMAID,0052]$MEASFS,140840,3519.749207,40.014215;
1725886673:[SBE61 ,0396]P +20131,T +19471,S +34586
1725886674:[MRMAID,0002]acq started
1725890237:[MRMAID,0003]acq stopped
1725890237:[MRMAID,0052]$MEASFS,140440,3509.752747,40.014215;
1725890272:[SBE61 ,0396]P +20146,T +19434,S +34586
1725890274:[MRMAID,0002]acq started
1725893837:[MRMAID,0003]acq stopped
1725893837:[MRMAID,0052]$MEASFS,140440,3509.752747,40.014215;
1725893872:[SBE61 ,0396]P +20168,T +19396,S +34587
1725893873:[MRMAID,0002]acq started
1725897446:[MRMAID,0003]acq stopped
1725897446:[MRMAID,0052]$MEASFS,140840,3519.749207,40.014215;
1725897482:[SBE61 ,0396]P +20169,T +19400,S +34587
1725897483:[MRMAID,0002]acq started
1725901046:[MRMAID,0003]acq stopped
1725901046:[MRMAID,0052]$MEASFS,140444,3509.852722,40.014215;
1725901081:[SBE61 ,0396]P +20144,T +19418,S +34586
1725901083:[MRMAID,0002]acq started
1725904656:[MRMAID,0052]$STOPACK:+$MEASFS,140841,3519.774201,40.014215;
1725904658:[MRMAID,0185]2 spurious byte(s) received
1725904691:[SBE61 ,0396]P +20213,T +19344,S +34587
1725904692:[MRMAID,0002]acq started
1725908238:[MRMAID,0027]2008dbar, 33degC
1725908291:[SBE61 ,0396]P +20110,T +19358,S +34588
1725908301:[MRMAID,0184]acq already started
1725908379:[MRMAID,0059]stop canceled
1725908384:[MRMAID,0005]ascent request rejected
1725911864:[MRMAID,0003]acq stopped
1725911864:[MRMAID,0052]$MEASFS,284861,7118.995117,40.014215;
1725911900:[SBE61 ,0396]P +20186,T +19302,S +34588
1725911901:[MRMAID,0002]acq started
1725915464:[MRMAID,0003]acq stopped
1725915464:[MRMAID,0052]$MEASFS,140441,3509.777741,40.014215;
1725915499:[SBE61 ,0396]P +20205,T +19361,S +34587
1725915501:[MRMAID,0002]acq started
1725919073:[MRMAID,0003]acq stopped
1725919074:[MRMAID,0052]$MEASFS,140840,3519.749176,40.014215;
1725919109:[SBE61 ,0396]P +20152,T +19410,S +34588
1725919110:[MRMAID,0002]acq started
1725922673:[MRMAID,0003]acq stopped
1725922673:[MRMAID,0052]$MEASFS,140441,3509.777710,40.014215;
1725922709:[SBE61 ,0396]P +20272,T +19493,S +34585
1725922710:[MRMAID,0002]acq started
1725926273:[MRMAID,0003]acq stopped
1725926273:[MRMAID,0052]$MEASFS,140440,3509.752747,40.014215;
1725926308:[SBE61 ,0396]P +20195,T +19499,S +34585
1725926309:[MRMAID,0002]acq started
1725929882:[MRMAID,0003]acq stopped
1725929882:[MRMAID,0052]$MEASFS,140839,3519.724182,40.014215;
1725929918:[SBE61 ,0396]P +20183,T +19397,S +34586
1725929919:[MRMAID,0002]acq started
1725933482:[MRMAID,0003]acq stopped
1725933482:[MRMAID,0052]$MEASFS,140440,3509.752747,40.014215;
1725933517:[SBE61 ,0396]P +20127,T +19372,S +34587
1725933519:[MRMAID,0002]acq started
1725937082:[MRMAID,0003]acq stopped
1725937082:[MRMAID,0052]$MEASFS,140458,3510.202575,40.014215;
1725937117:[SBE61 ,0396]P +20159,T +19311,S +34588
1725937118:[MRMAID,0002]acq started
1725940691:[MRMAID,0052]$STOPAC$MEASFS,140841,3519.774170,40.014215;
1725940694:[MRMAID,0185]5 spurious byte(s) received
1725940727:[SBE61 ,0396]P +20171,T +19262,S +34589
1725940728:[MRMAID,0002]acq started
1725944291:[MRMAID,0003]acq stopped
1725944291:[MRMAID,0052]$MEASFS,140441,3509.777710,40.014215;
1725944326:[SBE61 ,0396]P +20166,T +19284,S +34589
1725944328:[MRMAID,0002]acq started
1725947901:[MRMAID,0003]acq stopped
1725947901:[MRMAID,0052]$MEASFS,140840,3519.749176,40.014215;
1725947936:[SBE61 ,0396]P +20159,T +19212,S +34589
1725947937:[MRMAID,0002]acq started
1725951500:[MRMAID,0003]acq stopped
1725951500:[MRMAID,0052]$MEASFS,140441,3509.777709,40.014215;
1725951536:[SBE61 ,0396]P +20182,T +19250,S +34589
1725951537:[MRMAID,0002]acq started
1725955100:[MRMAID,0003]acq stopped
1725955100:[MRMAID,0052]$MEASFS,140441,3509.777680,40.014215;
1725955135:[SBE61 ,0396]P +20193,T +19254,S +34589
1725955136:[MRMAID,0002]acq started
1725958709:[MRMAID,0003]acq stopped
1725958709:[MRMAID,0052]$MEASFS,140840,3519.749176,40.014215;
1725958745:[SBE61 ,0396]P +20280,T +19319,S +34588
1725958746:[MRMAID,0002]acq started
1725962309:[MRMAID,0003]acq stopped
1725962309:[MRMAID,0052]$MEASFS,140440,3509.752716,40.014215;
1725962344:[SBE61 ,0396]P +20256,T +19349,S +34587
1725962346:[MRMAID,0002]acq started
1725965909:[MRMAID,0003]acq stopped
1725965909:[MRMAID,0052]$MEASFS,140440,3509.752716,40.014215;
1725965944:[SBE61 ,0396]P +20174,T +19332,S +34588
1725965945:[MRMAID,0002]acq started
1725969518:[MRMAID,0003]acq stopped
1725969518:[MRMAID,0052]$MEASFS,140839,3519.724183,40.014215;
1725969554:[SBE61 ,0396]P +20273,T +19370,S +34587
1725969555:[MRMAID,0002]acq started
1725973118:[MRMAID,0003]acq stopped
1725973118:[MRMAID,0052]$MEASFS,140439,3509.727722,40.014215;
1725973153:[SBE61 ,0396]P +20194,T +19374,S +34587
1725973155:[MRMAID,0002]acq started
1725976728:[MRMAID,0003]acq stopped
1725976728:[MRMAID,0052]$MEASFS,140845,3519.874115,40.014215;
1725976763:[SBE61 ,0396]P +20150,T +19401,S +34586
1725976764:[MRMAID,0002]acq started
1725980327:[MRMAID,0003]acq stopped
1725980327:[MRMAID,0052]$MEASFS,140441,3509.777710,40.014215;
1725980363:[SBE61 ,0396]P +20139,T +19303,S +34588
1725980364:[MRMAID,0002]acq started
1725983927:[MRMAID,0003]acq stopped
1725983927:[MRMAID,0052]$MEASFS,140442,3509.802704,40.014215;
1725983962:[SBE61 ,0396]P +20210,T +19315,S +34588
1725983963:[MRMAID,0002]acq started
1725987537:[MRMAID,0052]$STOPA$MEASFS,140840,3519.749146,40.014215;
1725987539:[MRMAID,0185]6 spurious byte(s) received
1725987572:[SBE61 ,0396]P +20104,T +19263,S +34589
1725987573:[MRMAID,0002]acq started
1725991136:[MRMAID,0003]acq stopped
1725991136:[MRMAID,0052]$MEASFS,140440,3509.752716,40.014215;
1725991171:[SBE61 ,0396]P +20205,T +19152,S +34590
1725991173:[MRMAID,0002]acq started
1725994736:[MRMAID,0003]acq stopped
1725994736:[MRMAID,0052]$MEASFS,140441,3509.777710,40.014215;
1725994771:[SBE61 ,0396]P +20157,T +19147,S +34590
1725994772:[MRMAID,0002]acq started
1725998345:[MRMAID,0003]acq stopped
1725998348:[MRMAID,0185]1 spurious byte(s) received
1725998381:[SBE61 ,0396]P +20325,T +19105,S +34591
1725998382:[MRMAID,0002]acq started
1725998917:[BUOY  ,0087]from +1mbar/s to +0mbar/s
1725998917:[PUMP  ,0378]Outflow calculated : 2710
1725998917:[BUOY  ,0089]need to transfer +2mL (pump during 2942ms)
1725998917:[MRMAID,0003]acq stopped
1725998918:[PUMP  ,0016]pump during 2942ms
1725998923:[MRMAID,0002]acq started
1726001945:[MRMAID,0003]acq stopped
1726001945:[MRMAID,0052]$MEASFS,118827,2969.619660,40.014215;
1726001980:[SBE61 ,0396]P +20159,T +19222,S +34589
1726001982:[MRMAID,0002]acq started
1726005555:[MRMAID,0003]acq stopped
1726005555:[MRMAID,0052]$MEASFS,140839,3519.724121,40.014216;
1726005590:[SBE61 ,0396]P +20117,T +19167,S +34590
1726005591:[MRMAID,0002]acq started
1726009154:[MRMAID,0003]acq stopped
1726009154:[MRMAID,0052]$MEASFS,140442,3509.802673,40.014215;
1726009190:[SBE61 ,0396]P +20106,T +19204,S +34589
1726009191:[MRMAID,0002]acq started
1726012754:[MRMAID,0003]acq stopped
1726012754:[MRMAID,0052]$MEASFS,140442,3509.802643,40.014216;
1726012789:[SBE61 ,0396]P +20159,T +19160,S +34590
1726012790:[MRMAID,0002]acq started
1726016363:[MRMAID,0003]acq stopped
1726016363:[MRMAID,0052]$MEASFS,140841,3519.774140,40.014215;
1726016399:[SBE61 ,0396]P +20092,T +19235,S +34589
1726016400:[MRMAID,0002]acq started
1726019963:[MRMAID,0003]acq stopped
1726019963:[MRMAID,0052]$MEASFS,140460,3510.252503,40.014215;
1726019998:[SBE61 ,0396]P +20036,T +19108,S +34591
1726020000:[MRMAID,0002]acq started
1726023563:[MRMAID,0003]acq stopped
1726023563:[MRMAID,0052]$MEASFS,140441,3509.777680,40.014215;
1726023598:[SBE61 ,0396]P +20072,T +19036,S +34592
1726023599:[MRMAID,0002]acq started
1726027172:[MRMAID,0003]acq stopped
1726027172:[MRMAID,0052]$MEASFS,140843,3519.824096,40.014216;
1726027208:[SBE61 ,0396]P +20077,T +19012,S +34592
1726027209:[MRMAID,0002]acq started
1726030772:[MRMAID,0003]acq stopped
1726030772:[MRMAID,0052]$MEASFS,140441,3509.777679,40.014215;
1726030807:[SBE61 ,0396]P +20165,T +19038,S +34592
1726030809:[MRMAID,0002]acq started
1726034372:[MRMAID,0003]acq stopped
1726034372:[MRMAID,0052]$MEASFS,140440,3509.752655,40.014216;
1726034407:[SBE61 ,0396]P +20115,T +19044,S +34592
1726034408:[MRMAID,0002]acq started
1726037981:[MRMAID,0003]acq stopped
1726037981:[MRMAID,0052]$MEASFS,140839,3519.724121,40.014216;
1726038017:[SBE61 ,0396]P +20118,T +19029,S +34592
1726038018:[MRMAID,0002]acq started
1726041581:[MRMAID,0003]acq stopped
1726041581:[MRMAID,0052]$MEASFS,140440,3509.752655,40.014216;
1726041616:[SBE61 ,0396]P +20171,T +19076,S +34592
1726041617:[MRMAID,0002]acq started
1726045191:[MRMAID,0052]$STOPAC$MEASFS,140840,3519.749085,40.014216;
1726045193:[MRMAID,0185]5 spurious byte(s) received
1726045226:[SBE61 ,0396]P +20220,T +19172,S +34590
1726045227:[MRMAID,0002]acq started
1726048790:[MRMAID,0003]acq stopped
1726048790:[MRMAID,0052]$MEASFS,140442,3509.802642,40.014216;
1726048826:[SBE61 ,0396]P +20150,T +19260,S +34588
1726048827:[MRMAID,0002]acq started
1726052390:[MRMAID,0003]acq stopped
1726052390:[MRMAID,0052]$MEASFS,140442,3509.802642,40.014216;
1726052425:[SBE61 ,0396]P +20092,T +19160,S +34590
1726052426:[MRMAID,0002]acq started
1726055999:[MRMAID,0003]acq stopped
1726056035:[SBE61 ,0396]P +20141,T +19156,S +34590
1726056036:[MRMAID,0002]acq started
1726059599:[MRMAID,0003]acq stopped
1726059599:[MRMAID,0052]$MEASFS,140441,3509.777649,40.014216;
1726059634:[SBE61 ,0396]P +20159,T +19127,S +34591
1726059636:[MRMAID,0002]acq started
1726063199:[MRMAID,0003]acq stopped
1726063199:[MRMAID,0052]$MEASFS,140441,3509.777679,40.014215;
1726063234:[SBE61 ,0396]P +20141,T +19196,S +34589
1726063235:[MRMAID,0002]acq started
1726066808:[MRMAID,0003]acq stopped
1726066808:[MRMAID,0052]$MEASFS,140840,3519.749115,40.014216;
1726066844:[SBE61 ,0396]P +20112,T +19102,S +34591
1726066845:[MRMAID,0002]acq started
1726070408:[MRMAID,0003]acq stopped
1726070408:[MRMAID,0052]$MEASFS,140440,3509.752686,40.014215;
1726070443:[SBE61 ,0396]P +20159,T +19151,S +34590
1726070444:[MRMAID,0002]acq started
1726074017:[MRMAID,0003]acq stopped
1726074018:[MRMAID,0052]$MEASFS,140839,3519.724121,40.014216;
1726074053:[SBE61 ,0396]P +20140,T +19158,S +34590
1726074054:[MRMAID,0002]acq started
1726077617:[MRMAID,0003]acq stopped
1726077617:[MRMAID,0052]$MEASFS,140439,3509.727692,40.014215;
1726077653:[SBE61 ,0396]P +20117,T +19062,S +34591
1726077654:[MRMAID,0002]acq started
1726081217:[MRMAID,0003]acq stopped
1726081217:[MRMAID,0052]$MEASFS,140442,3509.802643,40.014216;
1726081252:[SBE61 ,0396]P +20092,T +19051,S +34592
1726081253:[MRMAID,0002]acq started
1726084826:[MRMAID,0003]acq stopped
1726084826:[MRMAID,0052]$MEASFS,140841,3519.774109,40.014216;
1726084862:[SBE61 ,0396]P +20152,T +19002,S +34592
1726084863:[MRMAID,0002]acq started
1726088426:[MRMAID,0003]acq stopped
1726088426:[MRMAID,0052]$MEASFS,140442,3509.802643,40.014216;
1726088461:[SBE61 ,0396]P +20155,T +19005,S +34592
1726088463:[MRMAID,0002]acq started
1726091205:[MRMAID,0027]2012dbar, 33degC
1726092026:[MRMAID,0003]acq stopped
1726092026:[MRMAID,0052]$MEASFS,140440,3509.752655,40.014216;
1726092061:[SBE61 ,0396]P +20136,T +19028,S +34592
1726092062:[MRMAID,0002]acq started
1726095635:[MRMAID,0003]acq stopped
1726095635:[MRMAID,0052]$MEASFS,140840,3519.749084,40.014216;
1726095671:[SBE61 ,0396]P +20174,T +19023,S +34592
1726095672:[MRMAID,0002]acq started
1726099235:[MRMAID,0003]acq stopped
1726099235:[MRMAID,0052]$MEASFS,140441,3509.777649,40.014216;
1726099270:[SBE61 ,0396]P +20190,T +19120,S +34590
1726099272:[MRMAID,0002]acq started
1726102845:[MRMAID,0052]$STOPACK:$MEASFS,140839,3519.724121,40.014216;
1726102849:[MRMAID,0185]3 spurious byte(s) received
1726102880:[SBE61 ,0396]P +20176,T +19141,S +34590
1726102881:[MRMAID,0002]acq started
1726106444:[MRMAID,0003]acq stopped
1726106444:[MRMAID,0052]$MEASFS,140459,3510.227478,40.014216;
1726106480:[SBE61 ,0396]P +20102,T +19110,S +34591
1726106481:[MRMAID,0002]acq started
1726110044:[MRMAID,0003]acq stopped
1726110044:[MRMAID,0052]$MEASFS,140440,3509.752655,40.014216;
1726110079:[SBE61 ,0396]P +20173,T +19137,S +34591
1726110080:[MRMAID,0002]acq started
1726113653:[MRMAID,0052]$STOPACK:+$MEASFS,140838,3519.699097,40.014216;
1726113656:[MRMAID,0185]2 spurious byte(s) received
1726113689:[SBE61 ,0396]P +20177,T +19142,S +34590
1726113690:[MRMAID,0002]acq started
1726117253:[MRMAID,0003]acq stopped
1726117253:[MRMAID,0052]$MEASFS,140442,3509.802642,40.014216;
1726117288:[SBE61 ,0396]P +20142,T +19142,S +34591
1726117290:[MRMAID,0002]acq started
1726120853:[MRMAID,0003]acq stopped
1726120853:[MRMAID,0052]$MEASFS,140442,3509.802643,40.014216;
1726120888:[SBE61 ,0396]P +20187,T +19169,S +34590
1726120889:[MRMAID,0002]acq started
1726124462:[MRMAID,0003]acq stopped
1726124462:[MRMAID,0052]$MEASFS,140841,3519.774109,40.014216;
1726124498:[SBE61 ,0396]P +20183,T +19148,S +34590
1726124499:[MRMAID,0002]acq started
1726128062:[MRMAID,0003]acq stopped
1726128062:[MRMAID,0052]$MEASFS,140441,3509.777649,40.014216;
1726128097:[SBE61 ,0396]P +20233,T +19177,S +34590
1726128099:[MRMAID,0002]acq started
1726131672:[MRMAID,0003]acq stopped
1726131672:[MRMAID,0052]$MEASFS,140839,3519.724121,40.014216;
1726131707:[SBE61 ,0396]P +20126,T +19163,S +34590
1726131708:[MRMAID,0002]acq started
1726135271:[MRMAID,0003]acq stopped
1726135271:[MRMAID,0052]$MEASFS,140445,3509.877625,40.014216;
1726135307:[SBE61 ,0396]P +20221,T +19149,S +34590
1726135308:[MRMAID,0002]acq started
1726138871:[MRMAID,0003]acq stopped
1726138871:[MRMAID,0052]$MEASFS,140440,3509.752685,40.014215;
1726138906:[SBE61 ,0396]P +20127,T +19141,S +34590
1726138907:[MRMAID,0002]acq started
1726142480:[MRMAID,0003]acq stopped
1726142480:[MRMAID,0052]$MEASFS,140839,3519.724121,40.014216;
1726142516:[SBE61 ,0396]P +20170,T +19085,S +34591
1726142517:[MRMAID,0002]acq started
1726146080:[MRMAID,0003]acq stopped
1726146080:[MRMAID,0052]$MEASFS,140440,3509.752655,40.014216;
1726146115:[SBE61 ,0396]P +20117,T +19047,S +34592
1726146117:[MRMAID,0002]acq started
1726149680:[MRMAID,0003]acq stopped
1726149680:[MRMAID,0052]$MEASFS,140440,3509.752655,40.014216;
1726149715:[SBE61 ,0396]P +20125,T +19042,S +34591
1726149716:[MRMAID,0002]acq started
1726149869:[MRMAID,0027]2010dbar, 33degC
1726149997:[MRMAID,0005]ascent request rejected
1726153289:[MRMAID,0003]acq stopped
1726153289:[MRMAID,0052]$MEASFS,140841,3519.774109,40.014216;
1726153325:[SBE61 ,0396]P +20221,T +19028,S +34592
1726153326:[MRMAID,0002]acq started
1726156889:[MRMAID,0003]acq stopped
1726156889:[MRMAID,0052]$MEASFS,140442,3509.802642,40.014216;
1726156924:[SBE61 ,0396]P +20275,T +19095,S +34591
1726156926:[MRMAID,0002]acq started
1726160499:[MRMAID,0003]acq stopped
1726160499:[MRMAID,0052]$MEASFS,140841,3519.774078,40.014216;
1726160534:[SBE61 ,0396]P +20119,T +19058,S +34592
1726160535:[MRMAID,0002]acq started
1726164098:[MRMAID,0003]acq stopped
1726164098:[MRMAID,0052]$MEASFS,140445,3509.877594,40.014216;
1726164134:[SBE61 ,0396]P +20256,T +19085,S +34591
1726164135:[MRMAID,0002]acq started
1726167698:[MRMAID,0003]acq stopped
1726167698:[MRMAID,0052]$MEASFS,140441,3509.777649,40.014216;
1726167733:[SBE61 ,0396]P +20231,T +19165,S +34590
1726167734:[MRMAID,0002]acq started
1726171307:[MRMAID,0003]acq stopped
1726171307:[MRMAID,0052]$MEASFS,140839,3519.724091,40.014216;
1726171343:[SBE61 ,0396]P +20302,T +19246,S +34589
1726171344:[MRMAID,0002]acq started
1726174907:[MRMAID,0003]acq stopped
1726174907:[MRMAID,0052]$MEASFS,140440,3509.752655,40.014216;
1726174942:[SBE61 ,0396]P +20169,T +19296,S +34588
1726174944:[MRMAID,0002]acq started
1726178507:[MRMAID,0003]acq stopped
1726178507:[MRMAID,0052]$MEASFS,140444,3509.852631,40.014216;
1726178542:[SBE61 ,0396]P +20168,T +19171,S +34589
1726178543:[MRMAID,0002]acq started
1726182116:[MRMAID,0052]$STOPAC$MEASFS,140839,3519.724121,40.014216;
1726182119:[MRMAID,0185]5 spurious byte(s) received
1726182152:[SBE61 ,0396]P +20252,T +19233,S +34589
1726182153:[MRMAID,0002]acq started
1726184944:[MRMAID,0027]2025dbar, 33degC
1726185147:[MRMAID,0005]ascent request rejected
1726185716:[MRMAID,0003]acq stopped
1726185716:[MRMAID,0052]$MEASFS,140443,3509.827637,40.014216;
1726185751:[SBE61 ,0396]P +20258,T +19329,S +34588
1726185753:[MRMAID,0002]acq started
1726189326:[MRMAID,0003]acq stopped
1726189326:[MRMAID,0052]$MEASFS,140845,3519.874054,40.014216;
1726189361:[SBE61 ,0396]P +20083,T +19259,S +34588
1726189362:[MRMAID,0002]acq started
1726192925:[MRMAID,0003]acq stopped
1726192925:[MRMAID,0052]$MEASFS,140460,3510.252502,40.014215;
1726192961:[SBE61 ,0396]P +20209,T +19134,S +34590
1726192962:[MRMAID,0002]acq started
1726196525:[MRMAID,0003]acq stopped
1726196525:[MRMAID,0052]$MEASFS,140441,3509.777649,40.014216;
1726196560:[SBE61 ,0396]P +20253,T +19135,S +34591
1726196561:[MRMAID,0002]acq started
1726200134:[MRMAID,0003]acq stopped
1726200135:[MRMAID,0052]$MEASFS,140840,3519.749115,40.014216;
1726200170:[SBE61 ,0396]P +20220,T +19146,S +34590
1726200171:[MRMAID,0002]acq started
1726203734:[MRMAID,0003]acq stopped
1726203734:[MRMAID,0052]$MEASFS,140441,3509.777649,40.014216;
1726203769:[SBE61 ,0396]P +20257,T +19221,S +34589
1726203771:[MRMAID,0002]acq started
1726207334:[MRMAID,0003]acq stopped
1726207334:[MRMAID,0052]$MEASFS,140441,3509.777649,40.014216;
1726207369:[SBE61 ,0396]P +20154,T +19238,S +34589
1726207370:[MRMAID,0002]acq started
1726210943:[MRMAID,0003]acq stopped
1726210943:[MRMAID,0052]$MEASFS,140839,3519.724121,40.014216;
1726210979:[SBE61 ,0396]P +20201,T +19127,S +34591
1726210980:[MRMAID,0002]acq started
1726214543:[MRMAID,0003]acq stopped
1726214543:[MRMAID,0052]$MEASFS,140440,3509.752686,40.014215;
1726214578:[SBE61 ,0396]P +20167,T +19166,S +34590
1726214580:[MRMAID,0002]acq started
1726218153:[MRMAID,0003]acq stopped
1726218153:[MRMAID,0052]$MEASFS,140843,3519.824097,40.014216;
1726218188:[SBE61 ,0396]P +20298,T +19156,S +34590
1726218189:[MRMAID,0002]acq started
1726221752:[MRMAID,0003]acq stopped
1726221752:[MRMAID,0052]$MEASFS,140442,3509.802643,40.014216;
1726221788:[SBE61 ,0396]P +20302,T +19257,S +34589
1726221789:[MRMAID,0002]acq started
1726225352:[MRMAID,0003]acq stopped
1726225352:[MRMAID,0052]$MEASFS,140442,3509.802642,40.014216;
1726225387:[SBE61 ,0396]P +20239,T +19286,S +34588
1726225388:[MRMAID,0002]acq started
1726228961:[MRMAID,0003]acq stopped
1726228962:[MRMAID,0052]$MEASFS,140840,3519.749146,40.014215;
1726228997:[SBE61 ,0396]P +20239,T +19292,S +34588
1726228998:[MRMAID,0002]acq started
1726232561:[MRMAID,0003]acq stopped
1726232561:[MRMAID,0052]$MEASFS,140442,3509.802643,40.014216;
1726232596:[SBE61 ,0396]P +20232,T +19243,S +34589
1726232598:[MRMAID,0002]acq started
1726236161:[MRMAID,0003]acq stopped
1726236161:[MRMAID,0052]$MEASFS,140441,3509.777679,40.014215;
1726236196:[SBE61 ,0396]P +20191,T +19158,S +34590
1726236197:[MRMAID,0002]acq started
1726239770:[MRMAID,0003]acq stopped
1726239806:[SBE61 ,0396]P +20236,T +19217,S +34589
1726239807:[MRMAID,0002]acq started
1726243370:[MRMAID,0003]acq stopped
1726243370:[MRMAID,0052]$MEASFS,140445,3509.877655,40.014215;
1726243405:[SBE61 ,0396]P +20262,T +19221,S +34589
1726243407:[MRMAID,0002]acq started
1726246980:[MRMAID,0003]acq stopped
1726246980:[MRMAID,0052]$MEASFS,140839,3519.724151,40.014215;
1726247015:[SBE61 ,0396]P +20280,T +19240,S +34589
1726247016:[MRMAID,0002]acq started
1726250579:[MRMAID,0003]acq stopped
1726250579:[MRMAID,0052]$MEASFS,140440,3509.752685,40.014215;
1726250615:[SBE61 ,0396]P +20272,T +19285,S +34588
1726250616:[MRMAID,0002]acq started
1726254179:[MRMAID,0003]acq stopped
1726254179:[MRMAID,0052]$MEASFS,140440,3509.752686,40.014215;
1726254214:[SBE61 ,0396]P +20213,T +19275,S +34589
1726254216:[MRMAID,0002]acq started
1726257788:[MRMAID,0003]acq stopped
1726257789:[MRMAID,0052]$MEASFS,140841,3519.774109,40.014216;
1726257824:[SBE61 ,0396]P +20237,T +19212,S +34590
1726257825:[MRMAID,0002]acq started
1726261388:[MRMAID,0003]acq stopped
1726261388:[MRMAID,0052]$MEASFS,140442,3509.802673,40.014215;
1726261423:[SBE61 ,0396]P +20223,T +19231,S +34589
1726261425:[MRMAID,0002]acq started
1726264988:[MRMAID,0003]acq stopped
1726264988:[MRMAID,0052]$MEASFS,140442,3509.802673,40.014215;
1726265023:[SBE61 ,0396]P +20270,T +19257,S +34589
1726265024:[MRMAID,0002]acq started
1726268597:[MRMAID,0003]acq stopped
1726268597:[MRMAID,0052]$MEASFS,140841,3519.774109,40.014216;
1726268633:[SBE61 ,0396]P +20272,T +19252,S +34589
1726268634:[MRMAID,0002]acq started
1726268971:[MRMAID,0027]2025dbar, 33degC
1726269148:[MRMAID,0005]ascent request rejected
1726272197:[MRMAID,0003]acq stopped
1726272197:[MRMAID,0052]$MEASFS,140440,3509.752685,40.014215;
1726272232:[SBE61 ,0396]P +20261,T +19285,S +34588
1726272234:[MRMAID,0002]acq started
1726275797:[MRMAID,0003]acq stopped
1726275797:[MRMAID,0052]$MEASFS,140441,3509.777679,40.014215;
1726275832:[SBE61 ,0396]P +20235,T +19285,S +34588
1726275833:[MRMAID,0002]acq started
1726279406:[MRMAID,0003]acq stopped
1726279406:[MRMAID,0052]$MEASFS,140862,3520.298920,40.014216;
1726279442:[SBE61 ,0396]P +20213,T +19267,S +34588
1726279443:[MRMAID,0002]acq started
1726283006:[MRMAID,0003]acq stopped
1726283006:[MRMAID,0052]$MEASFS,140440,3509.752685,40.014215;
1726283041:[SBE61 ,0396]P +20240,T +19266,S +34588
1726283042:[MRMAID,0002]acq started
1726286615:[MRMAID,0003]acq stopped
1726286616:[MRMAID,0052]$MEASFS,140838,3519.699158,40.014215;
1726286651:[SBE61 ,0396]P +20291,T +19254,S +34589
1726286652:[MRMAID,0002]acq started
1726290215:[MRMAID,0003]acq stopped
1726290215:[MRMAID,0052]$MEASFS,140439,3509.727723,40.014215;
1726290251:[SBE61 ,0396]P +20190,T +19241,S +34589
1726290252:[MRMAID,0002]acq started
1726293815:[MRMAID,0003]acq stopped
1726293815:[MRMAID,0052]$MEASFS,140442,3509.802673,40.014215;
1726293850:[SBE61 ,0396]P +20271,T +19129,S +34591
1726293851:[MRMAID,0002]acq started
1726295188:[BUOY  ,0087]from +1mbar/s to +0mbar/s
1726295188:[PUMP  ,0378]Outflow calculated : 2710
1726295188:[BUOY  ,0089]need to transfer +2mL (pump during 2944ms)
1726295188:[MRMAID,0003]acq stopped
1726295188:[MRMAID,0185]28 spurious byte(s) received
1726295190:[PUMP  ,0016]pump during 2944ms
1726295194:[MRMAID,0002]acq started
1726297424:[MRMAID,0003]acq stopped
1726297424:[MRMAID,0052]$MEASFS,87133,2177.551147,40.014215;
1726297460:[SBE61 ,0396]P +20148,T +19221,S +34589
1726297461:[MRMAID,0002]acq started
1726301024:[MRMAID,0003]acq stopped
1726301024:[MRMAID,0052]$MEASFS,140445,3509.877624,40.014216;
1726301059:[SBE61 ,0396]P +20207,T +19246,S +34589
1726301061:[MRMAID,0002]acq started
1726304624:[MRMAID,0003]acq stopped
1726304624:[MRMAID,0052]$MEASFS,140441,3509.777679,40.014215;
1726304659:[SBE61 ,0396]P +20158,T +19242,S +34589
1726304660:[MRMAID,0002]acq started
1726308233:[MRMAID,0003]acq stopped
1726308233:[MRMAID,0052]$MEASFS,140840,3519.749115,40.014216;
1726308269:[SBE61 ,0396]P +20175,T +19227,S +34589
1726308270:[MRMAID,0002]acq started
1726311833:[MRMAID,0003]acq stopped
1726311833:[MRMAID,0052]$MEASFS,140441,3509.777679,40.014215;
1726311868:[SBE61 ,0396]P +20173,T +19248,S +34588
1726311869:[MRMAID,0002]acq started
1726315443:[MRMAID,0003]acq stopped
1726315443:[MRMAID,0052]$MEASFS,140843,3519.824097,40.014216;
1726315478:[SBE61 ,0396]P +20203,T +19231,S +34589
1726315479:[MRMAID,0002]acq started
1726319042:[MRMAID,0003]acq stopped
1726319042:[MRMAID,0052]$MEASFS,140440,3509.752685,40.014215;
1726319078:[SBE61 ,0396]P +20166,T +19250,S +34589
1726319079:[MRMAID,0002]acq started
1726322642:[MRMAID,0003]acq stopped
1726322642:[MRMAID,0052]$MEASFS,140440,3509.752686,40.014215;
1726322677:[SBE61 ,0396]P +20174,T +19304,S +34588
1726322678:[MRMAID,0002]acq started
1726326251:[MRMAID,0003]acq stopped
1726326251:[MRMAID,0052]$MEASFS,140839,3519.724121,40.014216;
1726326287:[SBE61 ,0396]P +20182,T +19239,S +34589
1726326288:[MRMAID,0002]acq started
1726329851:[MRMAID,0003]acq stopped
1726329851:[MRMAID,0052]$MEASFS,140442,3509.802643,40.014216;
1726329886:[SBE61 ,0396]P +20147,T +19246,S +34589
1726329888:[MRMAID,0002]acq started
1726333451:[MRMAID,0003]acq stopped
1726333451:[MRMAID,0052]$MEASFS,140442,3509.802673,40.014215;
1726333486:[SBE61 ,0396]P +20189,T +19244,S +34589
1726333487:[MRMAID,0002]acq started
1726337060:[MRMAID,0003]acq stopped
1726337060:[MRMAID,0052]$MEASFS,140840,3519.749146,40.014215;
1726337096:[SBE61 ,0396]P +20173,T +19255,S +34589
1726337097:[MRMAID,0002]acq started
1726340660:[MRMAID,0003]acq stopped
1726340660:[MRMAID,0052]$MEASFS,140441,3509.777680,40.014215;
1726340695:[SBE61 ,0396]P +20133,T +19218,S +34589
1726340696:[MRMAID,0002]acq started
1726344269:[MRMAID,0003]acq stopped
1726344270:[MRMAID,0052]$MEASFS,140840,3519.749145,40.014215;
1726344305:[SBE61 ,0396]P +20229,T +19238,S +34589
1726344306:[MRMAID,0002]acq started
1726347869:[MRMAID,0003]acq stopped
1726347869:[MRMAID,0052]$MEASFS,140441,3509.777649,40.014216;
1726347905:[SBE61 ,0396]P +20179,T +19318,S +34588
1726347906:[MRMAID,0002]acq started
1726351469:[MRMAID,0003]acq stopped
1726351469:[MRMAID,0052]$MEASFS,140440,3509.752686,40.014215;
1726351504:[SBE61 ,0396]P +20191,T +19228,S +34590
1726351505:[MRMAID,0002]acq started
1726355078:[MRMAID,0003]acq stopped
1726355078:[MRMAID,0052]$MEASFS,140839,3519.724152,40.014215;
1726355114:[SBE61 ,0396]P +20155,T +19235,S +34589
1726355115:[MRMAID,0002]acq started
1726358678:[MRMAID,0003]acq stopped
1726358678:[MRMAID,0052]$MEASFS,140444,3509.852630,40.014216;
1726358713:[SBE61 ,0396]P +20163,T +19272,S +34589
1726358715:[MRMAID,0002]acq started
1726362278:[MRMAID,0003]acq stopped
1726362278:[MRMAID,0052]$MEASFS,140439,3509.727692,40.014215;
1726362313:[SBE61 ,0396]P +20192,T +19199,S +34590
1726362314:[MRMAID,0002]acq started
1726365887:[MRMAID,0003]acq stopped
1726365887:[MRMAID,0052]$MEASFS,140860,3520.248962,40.014215;
1726365923:[SBE61 ,0396]P +20178,T +19235,S +34589
1726365924:[MRMAID,0002]acq started
1726369487:[MRMAID,0003]acq stopped
1726369487:[MRMAID,0052]$MEASFS,140446,3509.902619,40.014216;
1726369522:[SBE61 ,0396]P +20188,T +19195,S +34589
1726369524:[MRMAID,0002]acq started
1726373097:[MRMAID,0052]$STOPACK:$MEASFS,140841,3519.774139,40.014215;
1726373099:[MRMAID,0185]3 spurious byte(s) received
1726373132:[SBE61 ,0396]P +20160,T +19233,S +34589
1726373133:[MRMAID,0002]acq started
1726376696:[MRMAID,0003]acq stopped
1726376696:[MRMAID,0052]$MEASFS,140445,3509.877655,40.014215;
1726376732:[SBE61 ,0396]P +20194,T +19252,S +34589
1726376733:[MRMAID,0002]acq started
1726380296:[MRMAID,0003]acq stopped
1726380296:[MRMAID,0052]$MEASFS,140441,3509.777649,40.014216;
1726380331:[SBE61 ,0396]P +20150,T +19226,S +34590
1726380332:[MRMAID,0002]acq started
1726383905:[MRMAID,0003]acq stopped
1726383905:[MRMAID,0052]$MEASFS,140840,3519.749115,40.014216;
1726383941:[SBE61 ,0396]P +20227,T +19248,S +34589
1726383942:[MRMAID,0002]acq started
1726387505:[MRMAID,0003]acq stopped
1726387505:[MRMAID,0052]$MEASFS,140440,3509.752655,40.014216;
1726387540:[SBE61 ,0396]P +20167,T +19236,S +34590
1726387542:[MRMAID,0002]acq started
1726390361:[MAIN  ,0140]stage[1] complete 27266s after mission start
1726390366:[SBE   ,0391]Mode changed from PROFILING to SLEEP
1726390367:[MRMAID,0003]acq stopped
1726390367:[MRMAID,0052]$MEASFS,110930,2772.264770,40.014216;
1726390368:[MAIN  ,0056]stage[2]
1726390370:[MAIN  ,0024]internal pressure 76366Pa
1726390371:[BUOY  ,0037]P+200982mbar
1726390372:[BUOY  ,0087]from +0mbar/s to +9mbar/s
1726390372:[BUOY  ,0090]need to transfer -130mL (valve during 3700ms)
1726390373:[VALVE ,0034]valve opening 3700ms
1726390376:[VALVE ,0234]battery 13388mV,  500078uA, P+201002mbar
1726390698:[BUOY  ,0087]from +7mbar/s to +9mbar/s
1726390698:[BUOY  ,0090]need to transfer -52mL (valve during 1473ms)
1726390698:[VALVE ,0034]valve opening 1473ms
1726390699:[VALVE ,0234]battery 13502mV,  489098uA, P+203092mbar
1726390998:[PRESS ,0038]P+205542mbar,T+32767mdegC
1726391648:[PRESS ,0038]P+210892mbar,T+32767mdegC
1726392297:[PRESS ,0038]P+216212mbar,T+32767mdegC
1726392647:[BUOY  ,0087]from +7mbar/s to +9mbar/s
1726392647:[BUOY  ,0090]need to transfer -52mL (valve during 1420ms)
1726392647:[VALVE ,0034]valve opening 1420ms
1726392649:[VALVE ,0234]battery 13521mV,  493856uA, P+218972mbar
1726392947:[PRESS ,0038]P+221672mbar,T+32767mdegC
1726393597:[PRESS ,0038]P+227262mbar,T+32767mdegC
1726393622:[BUOY  ,0087]from +8mbar/s to +6mbar/s
1726393622:[PUMP  ,0378]Outflow calculated : 2696
1726393622:[BUOY  ,0089]need to transfer +44mL (pump during 64897ms)
1726393623:[PUMP  ,0016]pump during 60000ms
1726393682:[PUMP  ,0212]battery 13497mV,  990030uA (steady state), P+227482mbar
1726394270:[PRESS ,0038]P+232272mbar,T+32767mdegC
1726395223:[PRESS ,0038]P+239482mbar,T+32767mdegC
1726395248:[BUOY  ,0087]from +8mbar/s to +6mbar/s
1726395248:[PUMP  ,0378]Outflow calculated : 2688
1726395248:[BUOY  ,0089]need to transfer +44mL (pump during 65282ms)
1726395249:[PUMP  ,0016]pump during 60000ms
1726395308:[PUMP  ,0212]battery 13581mV, 1022604uA (steady state), P+239662mbar
1726395899:[BUOY  ,0087]from +7mbar/s to +2mbar/s
1726395899:[PUMP  ,0378]Outflow calculated : 2684
1726395899:[BUOY  ,0089]need to transfer +72mL (pump during 108597ms)
1726395901:[PUMP  ,0016]pump during 60000ms
1726395960:[PUMP  ,0212]battery 13531mV, 1033340uA (steady state), P+244322mbar
1726396201:[PRESS ,0038]P+246302mbar,T+32767mdegC
1726396226:[STAGE ,0213]246472mbar reached at 1726396226s, ref 250000mbar +/-5000mbar
1726396226:[BUOY  ,0087]from +7mbar/s to +0mbar/s
1726396226:[PUMP  ,0378]Outflow calculated : 2681
1726396226:[BUOY  ,0089]need to transfer +78mL (pump during 119084ms)
1726396227:[PUMP  ,0016]pump during 60000ms
1726396286:[PUMP  ,0212]battery 13473mV, 1031388uA (steady state), P+246472mbar
1726396552:[BUOY  ,0087]from +5mbar/s to +0mbar/s
1726396552:[PUMP  ,0378]Outflow calculated : 2680
1726396552:[BUOY  ,0089]need to transfer +40mL (pump during 61162ms)
1726396553:[PUMP  ,0016]pump during 60000ms
1726396612:[PUMP  ,0212]battery 13473mV, 1044808uA (steady state), P+248392mbar
1726396878:[BUOY  ,0087]from +5mbar/s to +0mbar/s
1726396879:[PUMP  ,0378]Outflow calculated : 2679
1726396879:[BUOY  ,0089]need to transfer +40mL (pump during 61162ms)
1726396880:[PUMP  ,0016]pump during 60000ms
1726396939:[PUMP  ,0212]battery 13481mV, 1049810uA (steady state), P+250072mbar
1726397194:[PRESS ,0038]P+251312mbar,T+32767mdegC
1726397205:[BUOY  ,0087]from +3mbar/s to +0mbar/s
1726397205:[PUMP  ,0378]Outflow calculated : 2680
1726397205:[BUOY  ,0089]need to transfer +14mL (pump during 21032ms)
1726397206:[PUMP  ,0016]pump during 21032ms
1726397227:[PUMP  ,0212]battery 13483mV, 1054202uA (steady state), P+251332mbar
1726397531:[BUOY  ,0087]from +3mbar/s to +0mbar/s
1726397531:[PUMP  ,0378]Outflow calculated : 2680
1726397531:[BUOY  ,0089]need to transfer +14mL (pump during 21032ms)
1726397533:[PUMP  ,0016]pump during 21032ms
1726397554:[PUMP  ,0212]battery 13533mV, 1055666uA (steady state), P+252312mbar
1726404761:[MAIN  ,0140]stage[2] complete -23870s after mission start
1726404761:[MAIN  ,0056]stage[3]
1726404764:[MAIN  ,0024]internal pressure 76698Pa
1726404764:[BUOY  ,0037]P+251032mbar
1726404764:[SBE   ,0391]Mode changed from SLEEP to UPDATE
1726404766:[BUOY  ,0087]from +0mbar/s to -10mbar/s
1726404766:[PUMP  ,0378]Outflow calculated : 2682
1726404766:[BUOY  ,0089]need to transfer +160mL (pump during 235988ms)
1726404768:[PUMP  ,0016]pump during 60000ms
1726404769:[SBE   ,0391]Mode changed from UPDATE to START
1726404827:[PUMP  ,0212]battery 13751mV, 1066280uA (steady state), P+251012mbar
1726405093:[BUOY  ,0087]from -4mbar/s to -10mbar/s
1726405093:[PUMP  ,0378]Outflow calculated : 2681
1726405093:[BUOY  ,0089]need to transfer +134mL (pump during 201504ms)
1726405094:[PUMP  ,0016]pump during 60000ms
1726405095:[SBE   ,0384]Start profil acquisitions
1726405095:[SBE   ,0391]Mode changed from START to PROFILING
1726405153:[PUMP  ,0212]battery 13505mV, 1097878uA (steady state), P+249962mbar
1726405419:[BUOY  ,0087]from -4mbar/s to -10mbar/s
1726405419:[PUMP  ,0378]Outflow calculated : 2682
1726405419:[BUOY  ,0089]need to transfer +134mL (pump during 201504ms)
1726405421:[PUMP  ,0016]pump during 60000ms
1726405480:[PUMP  ,0212]battery 13488mV, 1054080uA (steady state), P+248302mbar
1726405746:[BUOY  ,0087]from -7mbar/s to -10mbar/s
1726405746:[PUMP  ,0378]Outflow calculated : 2681
1726405746:[BUOY  ,0089]need to transfer +82mL (pump during 125382ms)
1726405747:[PUMP  ,0016]pump during 60000ms
1726405806:[PUMP  ,0212]battery 13487mV, 1051030uA (steady state), P+246332mbar
1726406047:[PRESS ,0038]P+244252mbar,T+32767mdegC
1726406072:[BUOY  ,0087]from -7mbar/s to -10mbar/s
1726406072:[PUMP  ,0378]Outflow calculated : 2683
1726406072:[BUOY  ,0089]need to transfer +82mL (pump during 125382ms)
1726406073:[PUMP  ,0016]pump during 60000ms
1726406132:[PUMP  ,0212]battery 13492mV, 1045174uA (steady state), P+244082mbar
1726406398:[BUOY  ,0087]from -8mbar/s to -10mbar/s
1726406398:[PUMP  ,0378]Outflow calculated : 2683
1726406398:[BUOY  ,0089]need to transfer +58mL (pump during 89368ms)
1726406400:[PUMP  ,0016]pump during 60000ms
1726406459:[PUMP  ,0212]battery 13497mV, 1036878uA (steady state), P+241502mbar
1726406700:[PRESS ,0038]P+238882mbar,T+32767mdegC
1726406725:[BUOY  ,0087]from -8mbar/s to -10mbar/s
1726406725:[PUMP  ,0378]Outflow calculated : 2685
1726406725:[BUOY  ,0089]need to transfer +58mL (pump during 89368ms)
1726406726:[PUMP  ,0016]pump during 60000ms
1726406785:[PUMP  ,0212]battery 13500mV, 1026142uA (steady state), P+238692mbar
1726407051:[BUOY  ,0087]from -9mbar/s to -10mbar/s
1726407051:[PUMP  ,0378]Outflow calculated : 2687
1726407051:[BUOY  ,0089]need to transfer +30mL (pump during 46174ms)
1726407053:[PUMP  ,0016]pump during 46174ms
1726407099:[PUMP  ,0212]battery 13506mV, 1015162uA (steady state), P+235562mbar
1726407353:[PRESS ,0038]P+232592mbar,T+32767mdegC
1726407702:[BUOY  ,0087]from -8mbar/s to -10mbar/s
1726407703:[PUMP  ,0378]Outflow calculated : 2693
1726407703:[BUOY  ,0089]need to transfer +58mL (pump during 87218ms)
1726407704:[PUMP  ,0016]pump during 60000ms
1726407763:[PUMP  ,0212]battery 13580mV,  990274uA (steady state), P+229352mbar
1726408004:[PRESS ,0038]P+226422mbar,T+32767mdegC
1726408654:[PRESS ,0038]P+220132mbar,T+32767mdegC
1726409004:[BUOY  ,0087]from -9mbar/s to -10mbar/s
1726409004:[PUMP  ,0378]Outflow calculated : 2701
1726409004:[BUOY  ,0089]need to transfer +30mL (pump during 44678ms)
1726409005:[PUMP  ,0016]pump during 44678ms
1726409049:[PUMP  ,0212]battery 13635mV,  949770uA (steady state), P+216852mbar
1726409305:[PRESS ,0038]P+213902mbar,T+32767mdegC
1726409330:[BUOY  ,0087]from -9mbar/s to -10mbar/s
1726409330:[PUMP  ,0378]Outflow calculated : 2702
1726409330:[BUOY  ,0089]need to transfer +30mL (pump during 45103ms)
1726409331:[PUMP  ,0016]pump during 45103ms
1726409376:[PUMP  ,0212]battery 13578mV,  934154uA (steady state), P+213682mbar
1726409957:[PRESS ,0038]P+207132mbar,T+32767mdegC
1726410606:[PRESS ,0038]P+200262mbar,T+32767mdegC
1726411256:[PRESS ,0038]P+193442mbar,T+32767mdegC
1726411906:[PRESS ,0038]P+186952mbar,T+32767mdegC
1726412256:[BUOY  ,0087]from -9mbar/s to -10mbar/s
1726412256:[PUMP  ,0378]Outflow calculated : 2721
1726412256:[BUOY  ,0089]need to transfer +30mL (pump during 44302ms)
1726412257:[PUMP  ,0016]pump during 44302ms
1726412301:[PUMP  ,0212]battery 13682mV,  838140uA (steady state), P+183592mbar
1726412557:[PRESS ,0038]P+180672mbar,T+32767mdegC
1726412582:[BUOY  ,0087]from -9mbar/s to -10mbar/s
1726412582:[PUMP  ,0378]Outflow calculated : 2723
1726412582:[BUOY  ,0089]need to transfer +30mL (pump during 44270ms)
1726412583:[PUMP  ,0016]pump during 44270ms
1726412627:[PUMP  ,0212]battery 13632mV,  825452uA (steady state), P+180402mbar
1726413209:[PRESS ,0038]P+174192mbar,T+32767mdegC
1726413233:[BUOY  ,0087]from -9mbar/s to -10mbar/s
1726413233:[PUMP  ,0378]Outflow calculated : 2726
1726413233:[BUOY  ,0089]need to transfer +30mL (pump during 44757ms)
1726413235:[PUMP  ,0016]pump during 44757ms
1726413279:[PUMP  ,0212]battery 13663mV,  800564uA (steady state), P+173972mbar
1726413860:[PRESS ,0038]P+167282mbar,T+32767mdegC
1726414510:[PRESS ,0038]P+160032mbar,T+32767mdegC
1726415159:[PRESS ,0038]P+153262mbar,T+32767mdegC
1726415184:[BUOY  ,0087]from -9mbar/s to -10mbar/s
1726415184:[PUMP  ,0378]Outflow calculated : 2740
1726415184:[BUOY  ,0089]need to transfer +30mL (pump during 43998ms)
1726415186:[PUMP  ,0016]pump during 43998ms
1726415229:[PUMP  ,0212]battery 13727mV,  732488uA (steady state), P+153042mbar
1726415811:[PRESS ,0038]P+146602mbar,T+32767mdegC
1726416461:[PRESS ,0038]P+139562mbar,T+32767mdegC
1726417110:[PRESS ,0038]P+132182mbar,T+32767mdegC
1726417760:[PRESS ,0038]P+125142mbar,T+32767mdegC
1726418110:[BUOY  ,0087]from -9mbar/s to -10mbar/s
1726418110:[PUMP  ,0378]Outflow calculated : 2759
1726418110:[BUOY  ,0089]need to transfer +30mL (pump during 43771ms)
1726418111:[PUMP  ,0016]pump during 43771ms
1726418154:[PUMP  ,0212]battery 13770mV,  624518uA (steady state), P+121712mbar
1726418411:[PRESS ,0038]P+118802mbar,T+32767mdegC
1726419061:[PRESS ,0038]P+112622mbar,T+32767mdegC
1726419086:[BUOY  ,0087]from -9mbar/s to -10mbar/s
1726419086:[PUMP  ,0378]Outflow calculated : 2764
1726419086:[BUOY  ,0089]need to transfer +30mL (pump during 43745ms)
1726419087:[PUMP  ,0016]pump during 43745ms
1726419130:[PUMP  ,0212]battery 13785mV,  586820uA (steady state), P+112402mbar
1726419713:[PRESS ,0038]P+105522mbar,T+32767mdegC
1726420362:[PRESS ,0038]P +98472mbar,T+32767mdegC
1726421012:[PRESS ,0038]P +91762mbar,T+32767mdegC
1726421662:[PRESS ,0038]P +85162mbar,T+32767mdegC
1726421687:[BUOY  ,0087]from -9mbar/s to -10mbar/s
1726421687:[PUMP  ,0378]Outflow calculated : 2781
1726421687:[BUOY  ,0089]need to transfer +30mL (pump during 43379ms)
1726421688:[PUMP  ,0016]pump during 43379ms
1726421731:[PUMP  ,0212]battery 13835mV,  495930uA (steady state), P +84922mbar
1726422313:[PRESS ,0038]P +78812mbar,T+32767mdegC
1726422663:[BUOY  ,0087]from -9mbar/s to -10mbar/s
1726422663:[PUMP  ,0378]Outflow calculated : 2786
1726422663:[BUOY  ,0089]need to transfer +30mL (pump during 43373ms)
1726422664:[PUMP  ,0016]pump during 43373ms
1726422707:[PUMP  ,0212]battery 13858mV,  461038uA (steady state), P +75702mbar
1726422965:[PRESS ,0038]P +72872mbar,T+32767mdegC
1726423614:[PRESS ,0038]P +66352mbar,T+32767mdegC
1726424264:[PRESS ,0038]P +59812mbar,T+32767mdegC
1726424614:[BUOY  ,0087]from -9mbar/s to -10mbar/s
1726424614:[PUMP  ,0378]Outflow calculated : 2798
1726424614:[BUOY  ,0089]need to transfer +30mL (pump during 43103ms)
1726424615:[PUMP  ,0016]pump during 43103ms
1726424658:[PUMP  ,0212]battery 13925mV,  388692uA (steady state), P +56432mbar
1726424916:[PRESS ,0038]P +53462mbar,T+32767mdegC
1726425565:[PRESS ,0038]P +46852mbar,T+32767mdegC
1726426215:[PRESS ,0038]P +40482mbar,T+32767mdegC
1726426565:[BUOY  ,0087]from -9mbar/s to -10mbar/s
1726426565:[PUMP  ,0378]Outflow calculated : 2810
1726426565:[BUOY  ,0089]need to transfer +30mL (pump during 42845ms)
1726426566:[PUMP  ,0016]pump during 42845ms
1726426608:[PUMP  ,0212]battery 14020mV,  314272uA (steady state), P +37332mbar
1726426866:[PRESS ,0038]P +34632mbar,T+32767mdegC
1726426891:[BUOY  ,0087]from -9mbar/s to -10mbar/s
1726426891:[PUMP  ,0378]Outflow calculated : 2811
1726426891:[BUOY  ,0089]need to transfer +30mL (pump during 42830ms)
1726426893:[PUMP  ,0016]pump during 42830ms
1726426935:[PUMP  ,0212]battery 14046mV,  303292uA (steady state), P +34412mbar
1726427218:[BUOY  ,0087]from -9mbar/s to -10mbar/s
1726427218:[PUMP  ,0378]Outflow calculated : 2813
1726427218:[BUOY  ,0089]need to transfer +30mL (pump during 42931ms)
1726427219:[PUMP  ,0016]pump during 42931ms
1726427261:[PUMP  ,0212]battery 14057mV,  292678uA (steady state), P +31272mbar
1726427519:[PRESS ,0038]P +28122mbar,T+32767mdegC
1726427869:[BUOY  ,0087]from -9mbar/s to -10mbar/s
1726427869:[PUMP  ,0378]Outflow calculated : 2817
1726427869:[BUOY  ,0089]need to transfer +30mL (pump during 42767ms)
1726427870:[PUMP  ,0016]pump during 42767ms
1726427912:[PUMP  ,0212]battery 14117mV,  259616uA (steady state), P +24582mbar
1726428171:[PRESS ,0038]P +21482mbar,T+32767mdegC
1726428195:[BUOY  ,0087]from -9mbar/s to -10mbar/s
1726428195:[PUMP  ,0378]Outflow calculated : 2819
1726428195:[BUOY  ,0089]need to transfer +30mL (pump during 42736ms)
1726428197:[PUMP  ,0016]pump during 42736ms
1726428239:[PUMP  ,0212]battery 14148mV,  249246uA (steady state), P +21262mbar
1726428822:[PRESS ,0038]P +14962mbar,T+32767mdegC
1726429172:[BUOY  ,0087]from -9mbar/s to -10mbar/s
1726429172:[PUMP  ,0378]Outflow calculated : 2825
1726429172:[BUOY  ,0089]need to transfer +30mL (pump during 42506ms)
1726429173:[PUMP  ,0016]pump during 42506ms
1726429215:[PUMP  ,0212]battery 14248mV,  212036uA (steady state), P +11652mbar
1726429473:[PRESS ,0038]P  +9232mbar,T+32767mdegC
1726429498:[BUOY  ,0087]from -7mbar/s to -10mbar/s
1726429498:[PUMP  ,0378]Outflow calculated : 2827
1726429498:[BUOY  ,0089]need to transfer +82mL (pump during 116147ms)
1726429499:[PUMP  ,0016]pump during 60000ms
1726429558:[PUMP  ,0212]battery 14285mV,  201788uA (steady state), P  +9062mbar
1726429824:[BUOY  ,0087]from -8mbar/s to -10mbar/s
1726429824:[PUMP  ,0378]Outflow calculated : 2828
1726429824:[BUOY  ,0089]need to transfer +58mL (pump during 82037ms)
1726429826:[PUMP  ,0016]pump during 60000ms
1726429885:[PUMP  ,0212]battery 14342mV,  182024uA (steady state), P  +6222mbar
1726430126:[PRESS ,0038]P  +3392mbar,T+32767mdegC
1726430476:[STAGE ,0214]182mbar (500) reached at 1726430476s, ascending from 251032mbar
1726430476:[STAGE ,0342]The float reached the surface : OK
1726430476:[MAIN  ,0140]stage[3] complete 1845s after mission start
1726430476:[SBE   ,0391]Mode changed from PROFILING to SLEEP
1726430477:[SBE   ,0391]Mode changed from SLEEP to STOP
1726430633:[SBE   ,0391]Mode changed from STOP to SLEEP
1726430634:[SBE   ,0391]Mode changed from SLEEP to DUMP
1726430635:[SBE   ,0343]SBE dump : 453 stored samples in hexa format
1726430649:[SBE   ,0338]Dump finished
1726430649:[SBE   ,0388]453 samples in 0100/66E6D89C.S61
1726430649:[SBE   ,0391]Mode changed from DUMP to SLEEP
1726430649:[MRMAID,0188]acq already stopped
1726430650:[MSSION,0192]mission stopped, 4 stage(s) done
1726430650:[MAIN  ,0065]surfacing
1726430652:[SURFIN,0036]P   -158mbar
1726430654:[SURFIN,0020]filling external bladder
1726430655:[PUMP  ,0016]pump during 30000ms
1726430684:[PUMP  ,0212]battery 13725mV, 1254404uA (steady state), P   -138mbar
1726430701:[PUMP  ,0016]pump during 30000ms
1726430730:[PUMP  ,0212]battery 14903mV,   13054uA (steady state), P   -138mbar
1726430747:[PUMP  ,0016]pump during 30000ms
1726430775:[PUMP  ,0212]battery 14775mV,   13054uA (steady state), P   -138mbar
1726430776:[PUMP  ,0019]external bladder full
1726430838:[MAIN  ,0272]Vbat 14838mV (min 14040mV)
1726430840:[MAIN  ,0024]internal pressure 75428Pa
1726430840:[MAIN  ,0043]Pext 230mbar (rng 60mbar)
1726430840:[MAIN  ,0064]surface
1726430852:[SURF  ,0022]GPS fix...
1726430906:[GPSFIX,0123]<WARN>GPRMC ms=500 #1
1726430957:[SURF  ,0015]10 PPS detected...
1726430959:[MRMAID,0052]$GPSACK:+0,+0,+0,+0,+0,-1,-931213;
1726430969:[MRMAID,0052]$GPSOFF:3686331;
1726430971:[GPSFIX,0179]-12s diff
1726430983:[SURF  ,0222]2024-09-15T20:09:43
1726430983:[SURF  ,0082]N29deg21.821mn, E138deg05.809mn
1726430983:[SURF  ,0084]hdop 2.280, vdop 1.950
1726430993:[SURF  ,0274]last almanac : 5185383
1726431276:[MRMAID,0026]109229 bytes in 0100/66E73F16.MER
1726431281:[MAIN  ,0320]New pressure offset: 230mbar
1726431282:[SBE   ,0391]Mode changed from SLEEP to RESETOFFSET
1726431344:[SBE   ,0339]new offset = -2.51 received after 63s
1726431344:[SBE   ,0391]Mode changed from RESETOFFSET to SLEEP
1726431344:[MAIN  ,0078]*** switching to 0100/66E74070 ***
