1723843036:[MAIN  ,0007]buoy 467.174-T-0100
1723843036:[MAIN  ,0055]soft pilotage 467.174.300_V2.67-20230503
1723843036:[MAIN  ,0010]cycle 44
1723843036:[SURF  ,0225]surface2
1723843049:[SURF  ,0022]GPS fix...
1723843076:[SURF  ,0015]10 PPS detected...
1723843077:[MRMAID,0052]$GPSACK:+0,+0,+0,+0,+0,+0,-30;
1723843087:[MRMAID,0052]$GPSOFF:3686330;
1723843089:[GPSFIX,0179]-1s diff
1723843090:[SURF  ,0222]2024-08-16T21:18:10
1723843090:[SURF  ,0082]N29deg18.221mn, E138deg16.133mn
1723843090:[SURF  ,0084]hdop 1.060, vdop 2.180
1723843100:[SURF  ,0025]Iridium...
1723843146:[SURF  ,0009]connected in 46s, signal quality 5
1723843257:[SURF  ,0218]prompt received, remote cmd end
1723843257:[SURF  ,0012]22 cmd(s) received
1723843277:[UPLOAD,0248]Upload data files...
1723843329:[UPLOAD,0231]"0100/66BF59C8.S61" uploaded at 75bytes/s
1723843807:[SURF  ,0014]disconnected after 707s
1723843812:[SURFIN,0020]filling external bladder
1723843814:[PUMP  ,0016]pump during 30000ms
1723843815:[PUMP  ,0019]external bladder full
1723843815:[SURF  ,0069]transfer interrupted , retry
1723843826:[SURF  ,0022]GPS fix...
1723843832:[GPSFIX,0123]<WARN>GPRMC ms=500 #1
1723843852:[SURF  ,0015]10 PPS detected...
1723843853:[MRMAID,0052]$GPSACK:+0,+0,+0,+0,+0,+1,-999877;
1723843863:[MRMAID,0052]$GPSOFF:3686329;
1723843866:[GPSFIX,0179]+0s diff
1723843866:[SURF  ,0222]2024-08-16T21:31:06
1723843866:[SURF  ,0082]N29deg18.226mn, E138deg16.199mn
1723843866:[SURF  ,0084]hdop 0.810, vdop 1.500
1723843876:[SURF  ,0025]Iridium...
1723843914:[SURF  ,0009]connected in 38s, signal quality 3
1723844062:[SURF  ,0218]prompt received, remote cmd end
1723844063:[SURF  ,0012]22 cmd(s) received
1723844087:[UPLOAD,0248]Upload data files...
1723845569:[SURF  ,0014]disconnected after 1693s
1723845574:[SURFIN,0020]filling external bladder
1723845576:[PUMP  ,0019]external bladder full
1723845576:[SURF  ,0069]transfer interrupted , retry
1723845587:[SURF  ,0022]GPS fix...
1723845607:[SURF  ,0015]10 PPS detected...
1723845608:[MRMAID,0052]$GPSACK:+0,+0,+0,+0,+0,+1,-999511;
1723845618:[MRMAID,0052]$GPSOFF:3686327;
1723845620:[GPSFIX,0179]-1s diff
1723845621:[SURF  ,0222]2024-08-16T22:00:21
1723845621:[SURF  ,0082]N29deg18.223mn, E138deg16.338mn
1723845621:[SURF  ,0084]hdop 0.520, vdop 0.880
1723845631:[SURF  ,0025]Iridium...
1723845660:[SURF  ,0009]connected in 29s, signal quality 3
1723845780:[SURF  ,0218]prompt received, remote cmd end
1723845780:[SURF  ,0012]30 cmd(s) received
1723845803:[UPLOAD,0248]Upload data files...
1723846170:[SURF  ,0014]disconnected after 539s
1723846175:[SURFIN,0020]filling external bladder
1723846176:[PUMP  ,0016]pump during 30000ms
1723846182:[PUMP  ,0212]battery 13853mV, 1008086uA (steady state), P   +210mbar
1723846182:[PUMP  ,0019]external bladder full
1723846182:[SURF  ,0069]transfer interrupted , retry
1723846193:[SURF  ,0022]GPS fix...
1723846213:[SURF  ,0015]10 PPS detected...
1723846214:[MRMAID,0052]$GPSACK:+0,+0,+0,+0,+0,+0,-30;
1723846224:[MRMAID,0052]$GPSOFF:3686327;
1723846226:[GPSFIX,0179]-1s diff
1723846227:[SURF  ,0222]2024-08-16T22:10:27
1723846227:[SURF  ,0082]N29deg18.226mn, E138deg16.384mn
1723846227:[SURF  ,0084]hdop 0.560, vdop 1.110
1723846237:[SURF  ,0025]Iridium...
1723846279:[SURF  ,0009]connected in 42s, signal quality 4
1723846311:[SURF  ,0218]prompt received, remote cmd end
1723846311:[SURF  ,0012]0 cmd(s) received
1723846327:[UPLOAD,0248]Upload data files...
1723846367:[UPLOAD,0131]<ERR>opening upload
1723846367:[UPLOAD,0132]<ERR>opening upload "0100"
1723846385:[SURF  ,0014]disconnected after 148s
1723846390:[SURFIN,0020]filling external bladder
1723846391:[PUMP  ,0019]external bladder full
1723846391:[SURF  ,0069]transfer interrupted , retry
1723846402:[SURF  ,0022]GPS fix...
1723846423:[SURF  ,0015]10 PPS detected...
1723846424:[MRMAID,0052]$GPSACK:+0,+0,+0,+0,+0,+0,+0;
1723846434:[MRMAID,0052]$GPSOFF:3686327;
1723846436:[GPSFIX,0179]-1s diff
1723846437:[SURF  ,0222]2024-08-16T22:13:57
1723846437:[SURF  ,0082]N29deg18.223mn, E138deg16.398mn
1723846437:[SURF  ,0084]hdop 0.560, vdop 1.230
1723846447:[SURF  ,0025]Iridium...
1723846645:[SURF  ,0023]<WARN>failed to connect #1, code -8, net 1, qual 5, dial 1
1723846707:[SURF  ,0009]connected in 260s, signal quality 4
1723846733:[SURF  ,0218]prompt received, remote cmd end
1723846733:[SURF  ,0012]0 cmd(s) received
1723846749:[UPLOAD,0248]Upload data files...
1723846774:[ZIO   ,0240]"NO CARRIER" received, aborting
1723846774:[UPLOAD,0131]<ERR>opening upload
1723846774:[UPLOAD,0132]<ERR>opening upload "0100"
1723846790:[SURF  ,0014]disconnected after 343s
1723846795:[SURFIN,0020]filling external bladder
1723846796:[PUMP  ,0019]external bladder full
1723846796:[SURF  ,0069]transfer interrupted , retry
1723846807:[SURF  ,0022]GPS fix...
1723846828:[SURF  ,0015]10 PPS detected...
1723846829:[MRMAID,0052]$GPSACK:+0,+0,+0,+0,+0,+1,-999969;
1723846839:[MRMAID,0052]$GPSOFF:3686327;
1723846841:[GPSFIX,0179]-1s diff
1723846842:[SURF  ,0222]2024-08-16T22:20:42
1723846842:[SURF  ,0082]N29deg18.222mn, E138deg16.425mn
1723846842:[SURF  ,0084]hdop 0.580, vdop 1.130
1723846852:[SURF  ,0025]Iridium...
1723847058:[SURF  ,0023]<WARN>failed to connect #1, code -8, net 1, qual 5, dial 1
1723847282:[SURF  ,0023]<WARN>failed to connect #2, code -8, net 1, qual 3, dial 1
1723847510:[SURF  ,0023]<WARN>failed to connect #3, code -8, net 1, qual 5, dial 1
1723847564:[SURF  ,0009]connected in 712s, signal quality 3
1723847869:[SURF  ,0197]<ERR>Timeout when receive cmds
1723847869:[SURF  ,0012]47 cmd(s) received
1723847894:[UPLOAD,0248]Upload data files...
1723849200:[SURF  ,0014]disconnected after 2348s
1723849205:[SURFIN,0020]filling external bladder
1723849206:[PUMP  ,0019]external bladder full
1723849206:[SURF  ,0069]transfer interrupted , retry
1723849218:[SURF  ,0022]GPS fix...
1723849238:[SURF  ,0015]10 PPS detected...
1723849239:[MRMAID,0052]$GPSACK:+0,+0,+0,+0,+0,+1,-999359;
1723849249:[MRMAID,0052]$GPSOFF:3686325;
1723849251:[GPSFIX,0179]-1s diff
1723849252:[SURF  ,0222]2024-08-16T23:00:52
1723849252:[SURF  ,0082]N29deg18.224mn, E138deg16.583mn
1723849252:[SURF  ,0084]hdop 0.580, vdop 1.050
1723849262:[SURF  ,0025]Iridium...
1723849293:[SURF  ,0009]connected in 31s, signal quality 5
1723849407:[SURF  ,0218]prompt received, remote cmd end
1723849407:[SURF  ,0012]21 cmd(s) received
1723849428:[UPLOAD,0248]Upload data files...
1723849983:[SURF  ,0014]disconnected after 721s
1723849988:[SURFIN,0020]filling external bladder
1723849989:[PUMP  ,0016]pump during 30000ms
1723849990:[PUMP  ,0019]external bladder full
1723849990:[SURF  ,0069]transfer interrupted , retry
1723850002:[SURF  ,0022]GPS fix...
1723850022:[SURF  ,0015]10 PPS detected...
1723850023:[MRMAID,0052]$GPSACK:+0,+0,+0,+0,+0,+0,-61;
1723850033:[MRMAID,0052]$GPSOFF:3686325;
1723850035:[GPSFIX,0179]-1s diff
1723850036:[SURF  ,0222]2024-08-16T23:13:56
1723850036:[SURF  ,0082]N29deg18.224mn, E138deg16.596mn
1723850036:[SURF  ,0084]hdop 0.640, vdop 0.970
1723850046:[SURF  ,0025]Iridium...
1723850081:[SURF  ,0009]connected in 35s, signal quality 5
1723850184:[SURF  ,0218]prompt received, remote cmd end
1723850184:[SURF  ,0012]22 cmd(s) received
1723850208:[UPLOAD,0248]Upload data files...
1723850416:[UPLOAD,0231]"0100/66BFC025.MER" uploaded at 125bytes/s
1723850801:[SURF  ,0014]disconnected after 755s
1723850806:[SURFIN,0020]filling external bladder
1723850807:[PUMP  ,0019]external bladder full
1723850807:[SURF  ,0069]transfer interrupted , retry
1723850819:[SURF  ,0022]GPS fix...
1723850839:[SURF  ,0015]10 PPS detected...
1723850840:[MRMAID,0052]$GPSACK:+0,+0,+0,+0,+0,+1,-999969;
1723850850:[MRMAID,0052]$GPSOFF:3686325;
1723850852:[GPSFIX,0179]-1s diff
1723850853:[SURF  ,0222]2024-08-16T23:27:33
1723850853:[SURF  ,0082]N29deg18.214mn, E138deg16.618mn
1723850853:[SURF  ,0084]hdop 0.590, vdop 0.990
1723850863:[SURF  ,0025]Iridium...
1723850891:[SURF  ,0009]connected in 28s, signal quality 5
1723850994:[SURF  ,0218]prompt received, remote cmd end
1723850994:[SURF  ,0012]21 cmd(s) received
1723851014:[UPLOAD,0248]Upload data files...
1723851152:[SURF  ,0014]disconnected after 289s
1723851157:[SURFIN,0020]filling external bladder
1723851158:[PUMP  ,0019]external bladder full
1723851158:[SURF  ,0069]transfer interrupted , retry
1723851169:[SURF  ,0022]GPS fix...
1723851189:[SURF  ,0015]10 PPS detected...
1723851190:[MRMAID,0052]$GPSACK:+0,+0,+0,+0,+0,+1,-999969;
1723851200:[MRMAID,0052]$GPSOFF:3686324;
1723851202:[GPSFIX,0179]-1s diff
1723851203:[SURF  ,0222]2024-08-16T23:33:23
1723851203:[SURF  ,0082]N29deg18.211mn, E138deg16.626mn
1723851203:[SURF  ,0084]hdop 0.570, vdop 1.110
1723851213:[SURF  ,0025]Iridium...
1723851261:[SURF  ,0009]connected in 48s, signal quality 4
1723851381:[SURF  ,0218]prompt received, remote cmd end
1723851381:[SURF  ,0012]22 cmd(s) received
1723851403:[UPLOAD,0248]Upload data files...
1723851624:[SURF  ,0014]disconnected after 411s
1723851629:[SURFIN,0020]filling external bladder
1723851630:[PUMP  ,0019]external bladder full
1723851630:[SURF  ,0069]transfer interrupted , retry
1723851642:[SURF  ,0022]GPS fix...
1723851662:[SURF  ,0015]10 PPS detected...
1723851663:[MRMAID,0052]$GPSACK:+0,+0,+0,+0,+0,+0,-61;
1723851673:[MRMAID,0052]$GPSOFF:3686324;
1723851675:[GPSFIX,0179]-1s diff
1723851676:[SURF  ,0222]2024-08-16T23:41:16
1723851676:[SURF  ,0082]N29deg18.213mn, E138deg16.633mn
1723851676:[SURF  ,0084]hdop 0.620, vdop 0.990
1723851686:[SURF  ,0025]Iridium...
1723851725:[SURF  ,0009]connected in 39s, signal quality 3
1723851852:[SURF  ,0218]prompt received, remote cmd end
1723851852:[SURF  ,0012]22 cmd(s) received
1723851878:[UPLOAD,0248]Upload data files...
1723852012:[UPLOAD,0231]"0100/66B28E2D.BIN" uploaded at 131bytes/s
1723852034:[MAIN  ,0013]1 file(s) uploaded
1723852067:[SURF  ,0014]disconnected after 381s
1723852072:[SURF  ,0227]1st complete transfer
1723852072:[SURF  ,0226]Go dive
1723852084:[SURF  ,0022]GPS fix...
1723852104:[SURF  ,0015]10 PPS detected...
1723852105:[MRMAID,0052]$GPSACK:+0,+0,+0,+0,+0,+0,-30;
1723852115:[MRMAID,0052]$GPSOFF:3686324;
1723852117:[GPSFIX,0179]-1s diff
1723852118:[SURF  ,0222]2024-08-16T23:48:38
1723852118:[SURF  ,0082]N29deg18.211mn, E138deg16.641mn
1723852118:[SURF  ,0084]hdop 0.660, vdop 1.020
1723852135:[MAIN  ,0024]internal pressure 78921Pa
1723852136:[BYCMD ,0120]    bypass 20000ms 120000ms (20000ms 60000ms stored)
1723852136:[BYCMD ,0121]    valve 60000ms 12750 (60000ms 12750 stored)
1723852136:[BYCMD ,0376]    pump 60000ms 2832 8320 418 (60000ms 2832 8320 418 stored)
1723852136:[BYCMD ,0123]    rate 2mbar/s (2mbar/s stored)
1723852136:[BYCMD ,0124]    surface 500mbar (500mbar stored)
1723852136:[BYCMD ,0173]    near 7000mbar 2:2:3mbar/s (15000mbar 2:2:3mbar/s stored)
1723852136:[BYCMD ,0380]    middle 6mbar/s (6mbar/s stored)
1723852136:[BYCMD ,0126]    far 25000mbar 9mbar/s (25000mbar 9mbar/s stored)
1723852136:[BYCMD ,0127]    ascent 10mbar/s (10mbar/s stored)
1723852136:[BYCMD ,0128]    dead 300s (300s stored)
1723852136:[BYCMD ,0129]    coeff 16/10 (16/10 stored)
1723852136:[BYCMD ,0130]    stab 10 (10 stored)
1723852136:[BYCMD ,0131]    delay 900s 18000s (900s 3600s stored)
1723852136:[BYCMD ,0132]    mmtime 14400min (2880min stored)
1723852136:[BYCMD ,0133]    dv_landing 100ml (100ml stored)
1723852136:[BYCMD ,0381]    landing confirmation 5 (5 stored)
1723852136:[BYCMD ,0379]    cycle nb 1 (1 stored)
1723852136:[P2TCMD,0150]    p2t37: 15x2000ms, offset 224mbar
1723852137:[P2TCMD,0151]    p2t37: dp 5000mbar, dt 1000000mdegC
1723852137:[STAGE ,0080]Stage [0] 200000mbar (+/-5000mbar) 25200s (<25200s) 
1723852137:[STAGE ,0080]Stage [1] 200000mbar (+/-5000mbar) 788400s (<813600s) MERMAID SBE61 
1723852137:[PROFIL,0302]    manual_profil=1
1723852137:[PROFIL,0303]    manual_profil_rate=1 hours
1723852137:[STAGE ,0080]Stage [2] 250000mbar (+/-5000mbar) 14400s (<828000s) 
1723852137:[STAGE ,0091]Stage [3] surfacing 36000s (<864000s) SBE61 
1723852137:[PROFIL,0284]    speed_detection=1
1723852137:[PROFIL,0285]    bin_average_output=1
1723852137:[PROFIL,0287]    include_transition_bin=1
1723852137:[PROFIL,0304]    include_nbin=1
1723852137:[PROFIL,0301]    load_test_sample=0
1723852137:[PROFIL,0288]    p_cut_off=2dbar
1723852137:[PROFIL,0289]    top_bin_interval=2dbar
1723852137:[PROFIL,0290]    top_bin_size=2dbar
1723852137:[PROFIL,0291]    top_bin_max=500dbar
1723852137:[PROFIL,0292]    middle_bin_interval=10dbar
1723852137:[PROFIL,0293]    middle_bin_size=10dbar
1723852137:[PROFIL,0294]    middle_bin_max=2500dbar
1723852137:[PROFIL,0295]    bottom_bin_interval=50dbar
1723852137:[PROFIL,0296]    bottom_bin_size=50dbar
1723852137:[PROFIL,0297]    pump_time=0s
1723852137:[PROFIL,0298]    speed_start=2mbar/s
1723852137:[PROFIL,0299]    speed_control=10mbar/s
1723852137:[MAIN  ,0070]turn off bluetooth
1723852165:[DIVING,0141]diving from -44mbar, +0mbar/s
1723852165:[BYPASS,0035]bypass opening 120000ms
1723852170:[BYPASS,0104]battery 14692mV,  253760uA (bypass opening), P    -44mbar
1723852295:[BYPASS,0106]battery 14678mV,  289140uA (bypass closing), P    -44mbar
1723852321:[BYPASS,0035]bypass opening 20000ms
1723852327:[BYPASS,0104]battery 14746mV,  250466uA (bypass opening), P   -224mbar
1723852352:[BYPASS,0106]battery 14680mV,  288042uA (bypass closing), P   -224mbar
1723852501:[DIVING,0028]536mbar reached (+6mbar/s), 2 bypass done
1723852502:[MAIN  ,0056]stage[0]
1723852504:[MAIN  ,0024]internal pressure 83171Pa
1723852505:[BUOY  ,0037]P   +556mbar
1723852507:[BUOY  ,0087]from +6mbar/s to +9mbar/s
1723852507:[BUOY  ,0090]need to transfer -72mL (valve during 38250ms)
1723852507:[VALVE ,0034]valve opening 38250ms
1723852545:[VALVE ,0234]battery 14442mV,  465552uA, P   +576mbar
1723852832:[BUOY  ,0087]from +7mbar/s to +9mbar/s
1723852832:[BUOY  ,0090]need to transfer -52mL (valve during 12278ms)
1723852832:[VALVE ,0034]valve opening 12278ms
1723852844:[VALVE ,0234]battery 14451mV,  464820uA, P  +2936mbar
1723853157:[BUOY  ,0087]from +5mbar/s to +9mbar/s
1723853157:[BUOY  ,0090]need to transfer -90mL (valve during 15300ms)
1723853157:[VALVE ,0034]valve opening 15300ms
1723853172:[VALVE ,0234]battery 14460mV,  465430uA, P  +5726mbar
1723853782:[PRESS ,0038]P +10876mbar,T+32767mdegC
1723853807:[BUOY  ,0087]from +6mbar/s to +9mbar/s
1723853807:[BUOY  ,0090]need to transfer -72mL (valve during 8827ms)
1723853807:[VALVE ,0034]valve opening 8827ms
1723853816:[VALVE ,0234]battery 14458mV,  465552uA, P +11006mbar
1723854432:[PRESS ,0038]P +16666mbar,T+32767mdegC
1723855082:[PRESS ,0038]P +22176mbar,T+32767mdegC
1723855432:[BUOY  ,0087]from +7mbar/s to +9mbar/s
1723855432:[BUOY  ,0090]need to transfer -52mL (valve during 4223ms)
1723855432:[VALVE ,0034]valve opening 4223ms
1723855436:[VALVE ,0234]battery 14417mV,  465308uA, P +24736mbar
1723855732:[PRESS ,0038]P +27686mbar,T+32767mdegC
1723856382:[PRESS ,0038]P +33596mbar,T+32767mdegC
1723857032:[PRESS ,0038]P +39486mbar,T+32767mdegC
1723857681:[PRESS ,0038]P +44496mbar,T+32767mdegC
1723858031:[BUOY  ,0087]from +7mbar/s to +9mbar/s
1723858031:[BUOY  ,0090]need to transfer -52mL (valve during 3055ms)
1723858031:[VALVE ,0034]valve opening 3055ms
1723858034:[VALVE ,0234]battery 14303mV,  465552uA, P +47266mbar
1723858331:[PRESS ,0038]P +49716mbar,T+32767mdegC
1723858981:[PRESS ,0038]P +55276mbar,T+32767mdegC
1723859631:[PRESS ,0038]P +61156mbar,T+32767mdegC
1723860281:[PRESS ,0038]P +66356mbar,T+32767mdegC
1723860306:[BUOY  ,0087]from +6mbar/s to +9mbar/s
1723860306:[BUOY  ,0090]need to transfer -72mL (valve during 3572ms)
1723860306:[VALVE ,0034]valve opening 3572ms
1723860309:[VALVE ,0234]battery 14135mV,  464820uA, P +66516mbar
1723860931:[PRESS ,0038]P +73096mbar,T+32767mdegC
1723861581:[PRESS ,0038]P +78966mbar,T+32767mdegC
1723862230:[PRESS ,0038]P +85266mbar,T+32767mdegC
1723862880:[PRESS ,0038]P +91576mbar,T+32767mdegC
1723863530:[PRESS ,0038]P +97046mbar,T+32767mdegC
1723864180:[PRESS ,0038]P+103056mbar,T+32767mdegC
1723864830:[PRESS ,0038]P+108716mbar,T+32767mdegC
1723865479:[PRESS ,0038]P+113946mbar,T+32767mdegC
1723865504:[BUOY  ,0087]from +7mbar/s to +9mbar/s
1723865504:[BUOY  ,0090]need to transfer -52mL (valve during 1967ms)
1723865504:[VALVE ,0034]valve opening 1967ms
1723865506:[VALVE ,0234]battery 13585mV,  454450uA, P+114126mbar
1723866129:[PRESS ,0038]P+119786mbar,T+32767mdegC
1723866779:[PRESS ,0038]P+125786mbar,T+32767mdegC
1723867429:[PRESS ,0038]P+132016mbar,T+32767mdegC
1723868079:[PRESS ,0038]P+138146mbar,T+32767mdegC
1723868729:[PRESS ,0038]P+143796mbar,T+32767mdegC
1723868753:[BUOY  ,0087]from +7mbar/s to +9mbar/s
1723868753:[BUOY  ,0090]need to transfer -52mL (valve during 1749ms)
1723868753:[VALVE ,0034]valve opening 1749ms
1723868755:[VALVE ,0234]battery 13246mV,  444080uA, P+143966mbar
1723869379:[PRESS ,0038]P+149876mbar,T+32767mdegC
1723870028:[PRESS ,0038]P+156456mbar,T+32767mdegC
1723870678:[PRESS ,0038]P+163456mbar,T+32767mdegC
1723871328:[PRESS ,0038]P+170216mbar,T+32767mdegC
1723871978:[PRESS ,0038]P+176286mbar,T+32767mdegC
1723872002:[BUOY  ,0087]from +9mbar/s to +6mbar/s
1723872002:[PUMP  ,0378]Outflow calculated : 2727
1723872003:[BUOY  ,0089]need to transfer +72mL (pump during 103746ms)
1723872004:[PUMP  ,0016]pump during 60000ms
1723872063:[PUMP  ,0212]battery 12926mV,  800930uA (steady state), P+176516mbar
1723872329:[BUOY  ,0087]from +8mbar/s to +6mbar/s
1723872329:[PUMP  ,0378]Outflow calculated : 2726
1723872329:[BUOY  ,0089]need to transfer +44mL (pump during 63401ms)
1723872330:[PUMP  ,0016]pump during 60000ms
1723872389:[PUMP  ,0212]battery 13787mV,  791048uA (steady state), P+179136mbar
1723872630:[PRESS ,0038]P+181386mbar,T+32767mdegC
1723872655:[BUOY  ,0087]from +8mbar/s to +6mbar/s
1723872655:[PUMP  ,0378]Outflow calculated : 2723
1723872655:[BUOY  ,0089]need to transfer +44mL (pump during 64706ms)
1723872657:[PUMP  ,0016]pump during 60000ms
1723872716:[PUMP  ,0212]battery 13792mV,  802516uA (steady state), P+181556mbar
1723873306:[BUOY  ,0087]from +8mbar/s to +6mbar/s
1723873307:[PUMP  ,0378]Outflow calculated : 2721
1723873307:[BUOY  ,0089]need to transfer +44mL (pump during 64140ms)
1723873308:[PUMP  ,0016]pump during 60000ms
1723873367:[PUMP  ,0212]battery 13818mV,  811910uA (steady state), P+185856mbar
1723873608:[PRESS ,0038]P+187686mbar,T+32767mdegC
1723874583:[PRESS ,0038]P+193556mbar,T+32767mdegC
1723874608:[BUOY  ,0087]from +6mbar/s to +2mbar/s
1723874608:[PUMP  ,0378]Outflow calculated : 2717
1723874608:[BUOY  ,0089]need to transfer +52mL (pump during 75581ms)
1723874609:[PUMP  ,0016]pump during 60000ms
1723874668:[PUMP  ,0212]battery 13878mV,  846314uA (steady state), P+193666mbar
1723874934:[STAGE ,0213]195126mbar reached at 1723874934s, ref 200000mbar +/-5000mbar
1723874934:[BUOY  ,0087]from +4mbar/s to +0mbar/s
1723874934:[PUMP  ,0378]Outflow calculated : 2715
1723874934:[BUOY  ,0089]need to transfer +26mL (pump during 38132ms)
1723874935:[PUMP  ,0016]pump during 38132ms
1723874973:[PUMP  ,0212]battery 13782mV,  850218uA (steady state), P+195126mbar
1723875260:[BUOY  ,0087]from +3mbar/s to +0mbar/s
1723875260:[PUMP  ,0378]Outflow calculated : 2715
1723875260:[BUOY  ,0089]need to transfer +14mL (pump during 20533ms)
1723875262:[PUMP  ,0016]pump during 20533ms
1723875282:[PUMP  ,0212]battery 13790mV,  848022uA (steady state), P+196096mbar
1723876787:[PRESS ,0038]P+198806mbar,T+32767mdegC
1723877688:[BUOY  ,0087]from +2mbar/s to +0mbar/s
1723877688:[PUMP  ,0378]Outflow calculated : 2713
1723877688:[BUOY  ,0089]need to transfer +6mL (pump during 8701ms)
1723877689:[PUMP  ,0016]pump during 8701ms
1723877697:[PUMP  ,0212]battery 13873mV,  861686uA (steady state), P+200206mbar
1723878014:[MAIN  ,0140]stage[0] complete 25512s after mission start
1723878014:[MAIN  ,0056]stage[1]
1723878016:[MAIN  ,0024]internal pressure 77448Pa
1723878018:[MRMAID,0002]acq started
1723878019:[BUOY  ,0037]P+200336mbar
1723878019:[SBE   ,0391]Mode changed from SLEEP to UPDATE
1723878021:[STAGE ,0213]200336mbar reached at 1723878021s, ref 200000mbar +/-5000mbar
1723878021:[BUOY  ,0087]from +1mbar/s to +0mbar/s
1723878021:[PUMP  ,0378]Outflow calculated : 2713
1723878021:[BUOY  ,0089]need to transfer +2mL (pump during 2907ms)
1723878022:[PUMP  ,0016]pump during 2907ms
1723878023:[SBE   ,0391]Mode changed from UPDATE to START
1723878023:[SBE   ,0385]Start manual acquisitions
1723878023:[SBE   ,0391]Mode changed from START to PROFILING
1723878057:[SBE61 ,0396]P +20062,T +19319,S +34588
1723878068:[MRMAID,0184]acq already started
1723878072:[MRMAID,0059]stop canceled
1723881348:[BUOY  ,0087]from -1mbar/s to +0mbar/s
1723881348:[BUOY  ,0090]need to transfer -2mL (valve during 57ms)
1723881349:[MRMAID,0003]acq stopped
1723881349:[MRMAID,0052]$MEASFS,131153,3277.669311,40.014104;
1723881349:[VALVE ,0034]valve opening 57ms
1723881361:[MRMAID,0002]acq started
1723881631:[MRMAID,0003]acq stopped
1723881666:[SBE61 ,0396]P +19857,T +19478,S +34586
1723881667:[MRMAID,0002]acq started
1723883486:[BUOY  ,0087]from +1mbar/s to +0mbar/s
1723883486:[PUMP  ,0378]Outflow calculated : 2713
1723883486:[BUOY  ,0089]need to transfer +2mL (pump during 2908ms)
1723883486:[MRMAID,0003]acq stopped
1723883486:[MRMAID,0052]$MEASFS,70655,1765.751526,40.014124;
1723883488:[PUMP  ,0016]pump during 2908ms
1723883492:[MRMAID,0002]acq started
1723883813:[BUOY  ,0087]from +2mbar/s to +0mbar/s
1723883813:[PUMP  ,0378]Outflow calculated : 2713
1723883813:[BUOY  ,0089]need to transfer +6mL (pump during 8724ms)
1723883813:[MRMAID,0003]acq stopped
1723883815:[PUMP  ,0016]pump during 8724ms
1723883823:[PUMP  ,0212]battery 13758mV,  872422uA (steady state), P+200976mbar
1723883825:[MRMAID,0002]acq started
1723884140:[BUOY  ,0087]from +1mbar/s to +0mbar/s
1723884140:[PUMP  ,0378]Outflow calculated : 2712
1723884140:[BUOY  ,0089]need to transfer +2mL (pump during 2915ms)
1723884141:[MRMAID,0003]acq stopped
1723884142:[PUMP  ,0016]pump during 2915ms
1723884146:[MRMAID,0002]acq started
1723885240:[MRMAID,0003]acq stopped
1723885240:[MRMAID,0185]28 spurious byte(s) received
1723885276:[SBE61 ,0396]P +20081,T +19309,S +34588
1723885277:[MRMAID,0002]acq started
1723885968:[BUOY  ,0087]from -1mbar/s to +0mbar/s
1723885968:[BUOY  ,0090]need to transfer -2mL (valve during 57ms)
1723885969:[MRMAID,0003]acq stopped
1723885969:[MRMAID,0185]11 spurious byte(s) received
1723885969:[VALVE ,0034]valve opening 57ms
1723885981:[MRMAID,0002]acq started
1723886305:[BUOY  ,0087]from +2mbar/s to +0mbar/s
1723886305:[PUMP  ,0378]Outflow calculated : 2713
1723886305:[BUOY  ,0089]need to transfer +6mL (pump during 8737ms)
1723886305:[MRMAID,0003]acq stopped
1723886307:[PUMP  ,0016]pump during 8737ms
1723886315:[PUMP  ,0212]battery 13793mV,  863150uA (steady state), P+200126mbar
1723886317:[MRMAID,0002]acq started
1723887233:[BUOY  ,0087]from +1mbar/s to +0mbar/s
1723887233:[PUMP  ,0378]Outflow calculated : 2713
1723887233:[BUOY  ,0089]need to transfer +2mL (pump during 2916ms)
1723887233:[MRMAID,0003]acq stopped
1723887233:[MRMAID,0185]3 spurious byte(s) received
1723887235:[PUMP  ,0016]pump during 2916ms
1723887239:[MRMAID,0002]acq started
1723887560:[BUOY  ,0087]from +1mbar/s to +0mbar/s
1723887560:[PUMP  ,0378]Outflow calculated : 2713
1723887560:[BUOY  ,0089]need to transfer +2mL (pump during 2914ms)
1723887560:[MRMAID,0003]acq stopped
1723887562:[PUMP  ,0016]pump during 2914ms
1723887566:[MRMAID,0002]acq started
1723888840:[MRMAID,0003]acq stopped
1723888840:[MRMAID,0185]28 spurious byte(s) received
1723888875:[SBE61 ,0396]P +20082,T +19255,S +34588
1723888877:[MRMAID,0002]acq started
1723892440:[MRMAID,0052]$ST$MEASFS,140439,3509.732666,40.014159;
1723892442:[MRMAID,0185]9 spurious byte(s) received
1723892475:[SBE61 ,0396]P +20116,T +19266,S +34589
1723892476:[MRMAID,0002]acq started
1723896049:[MRMAID,0003]acq stopped
1723896049:[MRMAID,0052]$MEASFS,140839,3519.728241,40.014169;
1723896085:[SBE61 ,0396]P +20116,T +19250,S +34588
1723896086:[MRMAID,0002]acq started
1723899649:[MRMAID,0003]acq stopped
1723899649:[MRMAID,0052]$MEASFS,140440,3509.756103,40.014176;
1723899684:[SBE61 ,0396]P +20173,T +19219,S +34589
1723899686:[MRMAID,0002]acq started
1723903259:[MRMAID,0003]acq stopped
1723903259:[MRMAID,0052]$MEASFS,140841,3519.777008,40.014183;
1723903294:[SBE61 ,0396]P +20199,T +19223,S +34590
1723903295:[MRMAID,0002]acq started
1723906858:[MRMAID,0003]acq stopped
1723906858:[MRMAID,0052]$MEASFS,140446,3509.905121,40.014187;
1723906894:[SBE61 ,0396]P +20218,T +19201,S +34590
1723906895:[MRMAID,0002]acq started
1723910458:[MRMAID,0003]acq stopped
1723910458:[MRMAID,0052]$MEASFS,140441,3509.779846,40.014191;
1723910493:[SBE61 ,0396]P +20187,T +19175,S +34590
1723910494:[MRMAID,0002]acq started
1723913700:[BUOY  ,0101]stage[1] 10 stab done
1723913700:[BUOY  ,0087]from +1mbar/s to +0mbar/s
1723913700:[PUMP  ,0378]Outflow calculated : 2711
1723913700:[BUOY  ,0089]need to transfer +2mL (pump during 2925ms)
1723913700:[MRMAID,0003]acq stopped
1723913700:[MRMAID,0052]$MEASFS,126145,3152.506409,40.014193;
1723913702:[PUMP  ,0016]pump during 2925ms
1723913706:[MRMAID,0002]acq started
1723914067:[MRMAID,0003]acq stopped
1723914103:[SBE61 ,0396]P +20394,T +19213,S +34589
1723914104:[MRMAID,0002]acq started
1723917667:[MRMAID,0003]acq stopped
1723917667:[MRMAID,0052]$MEASFS,140459,3510.229279,40.014195;
1723917702:[SBE61 ,0396]P +20315,T +19344,S +34587
1723917704:[MRMAID,0002]acq started
1723921267:[MRMAID,0003]acq stopped
1723921267:[MRMAID,0052]$MEASFS,140441,3509.779297,40.014197;
1723921302:[SBE61 ,0396]P +20232,T +19307,S +34588
1723921303:[MRMAID,0002]acq started
1723922185:[MRMAID,0027]2022dbar, 33degC
1723922362:[MRMAID,0005]ascent request rejected
1723924876:[MRMAID,0003]acq stopped
1723924876:[MRMAID,0052]$MEASFS,140837,3519.675659,40.014198;
1723924912:[SBE61 ,0396]P +20242,T +19367,S +34587
1723924913:[MRMAID,0002]acq started
1723928476:[MRMAID,0003]acq stopped
1723928476:[MRMAID,0052]$MEASFS,140440,3509.754089,40.014199;
1723928511:[SBE61 ,0396]P +20235,T +19349,S +34587
1723928513:[MRMAID,0002]acq started
1723932086:[MRMAID,0003]acq stopped
1723932121:[SBE61 ,0396]P +20316,T +19361,S +34587
1723932122:[MRMAID,0002]acq started
1723935685:[MRMAID,0003]acq stopped
1723935685:[MRMAID,0052]$MEASFS,140443,3509.828949,40.014201;
1723935721:[SBE61 ,0396]P +20220,T +19390,S +34587
1723935722:[MRMAID,0002]acq started
1723939285:[MRMAID,0003]acq stopped
1723939285:[MRMAID,0052]$MEASFS,140442,3509.803924,40.014201;
1723939320:[SBE61 ,0396]P +20313,T +19344,S +34588
1723939321:[MRMAID,0002]acq started
1723942894:[MRMAID,0003]acq stopped
1723942894:[MRMAID,0052]$MEASFS,140841,3519.775329,40.014202;
1723942930:[SBE61 ,0396]P +20262,T +19320,S +34588
1723942931:[MRMAID,0002]acq started
1723946494:[MRMAID,0003]acq stopped
1723946494:[MRMAID,0052]$MEASFS,140460,3510.253693,40.014202;
1723946529:[SBE61 ,0396]P +20290,T +19257,S +34589
1723946531:[MRMAID,0002]acq started
1723950094:[MRMAID,0003]acq stopped
1723950094:[MRMAID,0052]$MEASFS,140441,3509.778808,40.014203;
1723950129:[SBE61 ,0396]P +20392,T +19277,S +34589
1723950130:[MRMAID,0002]acq started
1723953703:[MRMAID,0003]acq stopped
1723953703:[MRMAID,0052]$MEASFS,140844,3519.850250,40.014202;
1723953739:[SBE61 ,0396]P +20283,T +19292,S +34589
1723953740:[MRMAID,0002]acq started
1723957191:[MRMAID,0027]2032dbar, 33degC
1723957314:[MRMAID,0052]$ST$MEASFS,140882,3520.799866,40.014203;
1723957317:[MRMAID,0185]9 spurious byte(s) received
1723957321:[MRMAID,0005]ascent request rejected
1723957338:[SBE61 ,0396]P +20355,T +19224,S +34589
1723957340:[MRMAID,0002]acq started
1723960912:[MRMAID,0003]acq stopped
1723960913:[MRMAID,0052]$MEASFS,140839,3519.725250,40.014203;
1723960948:[SBE61 ,0396]P +20364,T +19255,S +34589
1723960949:[MRMAID,0002]acq started
1723964512:[MRMAID,0003]acq stopped
1723964512:[MRMAID,0052]$MEASFS,140440,3509.753784,40.014203;
1723964548:[SBE61 ,0396]P +20354,T +19225,S +34589
1723964549:[MRMAID,0002]acq started
1723968112:[MRMAID,0003]acq stopped
1723968112:[MRMAID,0052]$MEASFS,140440,3509.753754,40.014203;
1723968147:[SBE61 ,0396]P +20344,T +19165,S +34590
1723968148:[MRMAID,0002]acq started
1723970455:[PRESS ,0038]P+203826mbar,T+32767mdegC
1723971721:[MRMAID,0003]acq stopped
1723971722:[MRMAID,0052]$MEASFS,140843,3519.825164,40.014203;
1723971757:[SBE61 ,0396]P +20422,T +19227,S +34589
1723971758:[MRMAID,0002]acq started
1723975321:[MRMAID,0003]acq stopped
1723975321:[MRMAID,0052]$MEASFS,140442,3509.803711,40.014204;
1723975356:[SBE61 ,0396]P +20340,T +19217,S +34590
1723975358:[MRMAID,0002]acq started
1723978921:[MRMAID,0003]acq stopped
1723978921:[MRMAID,0052]$MEASFS,140442,3509.803742,40.014203;
1723978956:[SBE61 ,0396]P +20393,T +19130,S +34591
1723978957:[MRMAID,0002]acq started
1723982530:[MRMAID,0003]acq stopped
1723982530:[MRMAID,0052]$MEASFS,140840,3519.750152,40.014204;
1723982566:[SBE61 ,0396]P +20331,T +19140,S +34590
1723982567:[MRMAID,0002]acq started
1723986130:[MRMAID,0003]acq stopped
1723986130:[MRMAID,0052]$MEASFS,140441,3509.778687,40.014204;
1723986165:[SBE61 ,0396]P +20408,T +19027,S +34592
1723986167:[MRMAID,0002]acq started
1723989740:[MRMAID,0003]acq stopped
1723989740:[MRMAID,0052]$MEASFS,140840,3519.750152,40.014204;
1723989775:[SBE61 ,0396]P +20437,T +19041,S +34592
1723989776:[MRMAID,0002]acq started
1723993339:[MRMAID,0003]acq stopped
1723993339:[MRMAID,0052]$MEASFS,140441,3509.778686,40.014204;
1723993375:[SBE61 ,0396]P +20412,T +19088,S +34591
1723993376:[MRMAID,0002]acq started
1723996939:[MRMAID,0003]acq stopped
1723996939:[MRMAID,0052]$MEASFS,140440,3509.753692,40.014204;
1723996974:[SBE61 ,0396]P +20443,T +19112,S +34591
1723996976:[MRMAID,0002]acq started
1724000548:[MRMAID,0003]acq stopped
1724000549:[MRMAID,0052]$MEASFS,140839,3519.725128,40.014204;
1724000584:[SBE61 ,0396]P +20478,T +19115,S +34591
1724000585:[MRMAID,0002]acq started
1724004148:[MRMAID,0003]acq stopped
1724004148:[MRMAID,0052]$MEASFS,140440,3509.753693,40.014204;
1724004183:[SBE61 ,0396]P +20481,T +19156,S +34590
1724004185:[MRMAID,0002]acq started
1724007748:[MRMAID,0003]acq stopped
1724007748:[MRMAID,0052]$MEASFS,140408,3508.953980,40.014204;
1724007783:[SBE61 ,0396]P +20428,T +19210,S +34590
1724007784:[MRMAID,0002]acq started
1724011357:[MRMAID,0003]acq stopped
1724011357:[MRMAID,0052]$MEASFS,140841,3519.775147,40.014204;
1724011393:[SBE61 ,0396]P +20477,T +19170,S +34590
1724011394:[MRMAID,0002]acq started
1724014957:[MRMAID,0003]acq stopped
1724014957:[MRMAID,0052]$MEASFS,140441,3509.778687,40.014204;
1724014992:[SBE61 ,0396]P +20519,T +19210,S +34590
1724014994:[MRMAID,0002]acq started
1724018557:[MRMAID,0003]acq stopped
1724018557:[MRMAID,0052]$MEASFS,140442,3509.803650,40.014204;
1724018592:[SBE61 ,0396]P +20499,T +19246,S +34589
1724018593:[MRMAID,0002]acq started
1724019679:[BUOY  ,0087]from +0mbar/s to -2mbar/s
1724019679:[PUMP  ,0378]Outflow calculated : 2709
1724019679:[BUOY  ,0089]need to transfer +6mL (pump during 8811ms)
1724019679:[MRMAID,0003]acq stopped
1724019679:[MRMAID,0185]20 spurious byte(s) received
1724019681:[PUMP  ,0016]pump during 8811ms
1724019689:[PUMP  ,0212]battery 13553mV,  883646uA (steady state), P+205006mbar
1724019691:[MRMAID,0002]acq started
1724022166:[MRMAID,0052]$STOPACK$MEASFS,96931,2422.414826,40.014204;
1724022169:[MRMAID,0185]4 spurious byte(s) received
1724022202:[SBE61 ,0396]P +20268,T +19360,S +34587
1724022203:[MRMAID,0002]acq started
1724025766:[MRMAID,0003]acq stopped
1724025766:[MRMAID,0052]$MEASFS,140441,3509.778717,40.014204;
1724025801:[SBE61 ,0396]P +20173,T +19370,S +34587
1724025802:[MRMAID,0002]acq started
1724029375:[MRMAID,0003]acq stopped
1724029376:[MRMAID,0052]$MEASFS,140840,3519.750152,40.014204;
1724029411:[SBE61 ,0396]P +20209,T +19428,S +34586
1724029412:[MRMAID,0002]acq started
1724032975:[MRMAID,0003]acq stopped
1724032975:[MRMAID,0052]$MEASFS,140459,3510.228546,40.014204;
1724033011:[SBE61 ,0396]P +20186,T +19466,S +34586
1724033012:[MRMAID,0002]acq started
1724036575:[MRMAID,0003]acq stopped
1724036575:[MRMAID,0052]$MEASFS,140439,3509.728730,40.014204;
1724036610:[SBE61 ,0396]P +20170,T +19441,S +34586
1724036611:[MRMAID,0002]acq started
1724040184:[MRMAID,0003]acq stopped
1724040184:[MRMAID,0052]$MEASFS,140839,3519.725189,40.014204;
1724040220:[SBE61 ,0396]P +20211,T +19371,S +34587
1724040221:[MRMAID,0002]acq started
1724043784:[MRMAID,0003]acq stopped
1724043784:[MRMAID,0052]$MEASFS,140442,3509.803711,40.014204;
1724043819:[SBE61 ,0396]P +20126,T +19392,S +34587
1724043821:[MRMAID,0002]acq started
1724047384:[MRMAID,0003]acq stopped
1724047384:[MRMAID,0052]$MEASFS,140442,3509.803711,40.014204;
1724047419:[SBE61 ,0396]P +20177,T +19336,S +34588
1724047420:[MRMAID,0002]acq started
1724050993:[MRMAID,0003]acq stopped
1724050993:[MRMAID,0052]$MEASFS,140840,3519.750183,40.014203;
1724051029:[SBE61 ,0396]P +20194,T +19292,S +34588
1724051030:[MRMAID,0002]acq started
1724054593:[MRMAID,0003]acq stopped
1724054593:[MRMAID,0052]$MEASFS,140445,3509.878662,40.014204;
1724054628:[SBE61 ,0396]P +20194,T +19299,S +34588
1724054629:[MRMAID,0002]acq started
1724058202:[MRMAID,0003]acq stopped
1724058203:[MRMAID,0052]$MEASFS,140840,3519.750152,40.014204;
1724058238:[SBE61 ,0396]P +20236,T +19349,S +34587
1724058239:[MRMAID,0002]acq started
1724061802:[MRMAID,0003]acq stopped
1724061802:[MRMAID,0052]$MEASFS,140441,3509.778717,40.014204;
1724061838:[SBE61 ,0396]P +20183,T +19318,S +34588
1724061839:[MRMAID,0002]acq started
1724065402:[MRMAID,0003]acq stopped
1724065402:[MRMAID,0052]$MEASFS,140440,3509.753723,40.014204;
1724065437:[SBE61 ,0396]P +20235,T +19296,S +34588
1724065438:[MRMAID,0002]acq started
1724068630:[BUOY  ,0087]from -1mbar/s to +0mbar/s
1724068630:[BUOY  ,0090]need to transfer -2mL (valve during 57ms)
1724068630:[MRMAID,0003]acq stopped
1724068630:[VALVE ,0034]valve opening 57ms
1724068633:[MRMAID,0185]1 spurious byte(s) received
1724068642:[MRMAID,0002]acq started
1724068966:[BUOY  ,0087]from +1mbar/s to +0mbar/s
1724068966:[PUMP  ,0378]Outflow calculated : 2712
1724068966:[BUOY  ,0089]need to transfer +2mL (pump during 2933ms)
1724068966:[MRMAID,0003]acq stopped
1724068968:[PUMP  ,0016]pump during 2933ms
1724068972:[MRMAID,0002]acq started
1724069025:[MRMAID,0003]acq stopped
1724069047:[SBE61 ,0396]P +20039,T +19199,S +34589
1724069048:[MRMAID,0002]acq started
1724069594:[BUOY  ,0087]from +1mbar/s to +0mbar/s
1724069594:[PUMP  ,0378]Outflow calculated : 2712
1724069594:[BUOY  ,0089]need to transfer +2mL (pump during 2933ms)
1724069594:[MRMAID,0003]acq stopped
1724069595:[PUMP  ,0016]pump during 2933ms
1724069600:[MRMAID,0002]acq started
1724069921:[BUOY  ,0087]from +1mbar/s to +0mbar/s
1724069921:[PUMP  ,0378]Outflow calculated : 2712
1724069921:[BUOY  ,0089]need to transfer +2mL (pump during 2937ms)
1724069921:[MRMAID,0003]acq stopped
1724069923:[PUMP  ,0016]pump during 2937ms
1724069927:[MRMAID,0002]acq started
1724070548:[BUOY  ,0087]from +1mbar/s to +0mbar/s
1724070548:[PUMP  ,0378]Outflow calculated : 2711
1724070548:[BUOY  ,0089]need to transfer +2mL (pump during 2933ms)
1724070548:[MRMAID,0003]acq stopped
1724070550:[PUMP  ,0016]pump during 2933ms
1724070554:[MRMAID,0002]acq started
1724070876:[BUOY  ,0087]from +1mbar/s to +0mbar/s
1724070876:[PUMP  ,0378]Outflow calculated : 2711
1724070876:[BUOY  ,0089]need to transfer +2mL (pump during 2933ms)
1724070876:[MRMAID,0003]acq stopped
1724070877:[PUMP  ,0016]pump during 2933ms
1724070882:[MRMAID,0002]acq started
1724072611:[MRMAID,0003]acq stopped
1724072611:[MRMAID,0052]$MEASFS,67091,1676.679657,40.014203;
1724072646:[SBE61 ,0396]P +20283,T +19087,S +34591
1724072648:[MRMAID,0002]acq started
1724076211:[MRMAID,0003]acq stopped
1724076211:[MRMAID,0052]$MEASFS,140444,3509.853668,40.014204;
1724076246:[SBE61 ,0396]P +20309,T +19058,S +34592
1724076247:[MRMAID,0002]acq started
1724079820:[MRMAID,0003]acq stopped
1724079820:[MRMAID,0052]$MEASFS,140841,3519.775147,40.014204;
1724079856:[SBE61 ,0396]P +20359,T +19084,S +34591
1724079857:[MRMAID,0002]acq started
1724083420:[MRMAID,0003]acq stopped
1724083420:[MRMAID,0052]$MEASFS,140442,3509.803681,40.014204;
1724083455:[SBE61 ,0396]P +20336,T +19119,S +34591
1724083457:[MRMAID,0002]acq started
1724087029:[MRMAID,0003]acq stopped
1724087030:[MRMAID,0052]$MEASFS,140840,3519.750122,40.014204;
1724087065:[SBE61 ,0396]P +20387,T +19181,S +34590
1724087066:[MRMAID,0002]acq started
1724090629:[MRMAID,0003]acq stopped
1724090629:[MRMAID,0052]$MEASFS,140441,3509.778656,40.014204;
1724090665:[SBE61 ,0396]P +20238,T +19204,S +34590
1724090666:[MRMAID,0002]acq started
1724094229:[MRMAID,0003]acq stopped
1724094229:[MRMAID,0052]$MEASFS,140441,3509.778687,40.014204;
1724094264:[SBE61 ,0396]P +20394,T +19138,S +34591
1724094265:[MRMAID,0002]acq started
1724094614:[BUOY  ,0087]from +1mbar/s to +0mbar/s
1724094614:[PUMP  ,0378]Outflow calculated : 2710
1724094614:[BUOY  ,0089]need to transfer +2mL (pump during 2935ms)
1724094614:[MRMAID,0003]acq stopped
1724094616:[PUMP  ,0016]pump during 2935ms
1724094620:[MRMAID,0002]acq started
1724097838:[MRMAID,0003]acq stopped
1724097874:[SBE61 ,0396]P +20269,T +19142,S +34591
1724097875:[MRMAID,0002]acq started
1724099744:[BUOY  ,0087]from +1mbar/s to +0mbar/s
1724099744:[PUMP  ,0378]Outflow calculated : 2710
1724099744:[BUOY  ,0089]need to transfer +2mL (pump during 2932ms)
1724099744:[MRMAID,0003]acq stopped
1724099744:[MRMAID,0052]$MEASFS,72655,1815.730255,40.014204;
1724099746:[PUMP  ,0016]pump during 2932ms
1724099750:[MRMAID,0002]acq started
1724101438:[MRMAID,0003]acq stopped
1724101438:[MRMAID,0185]28 spurious byte(s) received
1724101473:[SBE61 ,0396]P +20212,T +19274,S +34588
1724101475:[MRMAID,0002]acq started
1724105038:[MRMAID,0003]acq stopped
1724105038:[MRMAID,0052]$MEASFS,140440,3509.753663,40.014204;
1724105073:[SBE61 ,0396]P +20157,T +19268,S +34589
1724105074:[MRMAID,0002]acq started
1724108647:[MRMAID,0003]acq stopped
1724108647:[MRMAID,0052]$MEASFS,140839,3519.725158,40.014204;
1724108683:[SBE61 ,0396]P +20207,T +19284,S +34588
1724108684:[MRMAID,0002]acq started
1724112247:[MRMAID,0003]acq stopped
1724112247:[MRMAID,0052]$MEASFS,140433,3509.578766,40.014204;
1724112282:[SBE61 ,0396]P +20240,T +19390,S +34587
1724112284:[MRMAID,0002]acq started
1724115857:[MRMAID,0003]acq stopped
1724115857:[MRMAID,0052]$MEASFS,140841,3519.775147,40.014204;
1724115892:[SBE61 ,0396]P +20198,T +19391,S +34586
1724115893:[MRMAID,0002]acq started
1724119456:[MRMAID,0003]acq stopped
1724119456:[MRMAID,0052]$MEASFS,140460,3510.253540,40.014204;
1724119492:[SBE61 ,0396]P +20178,T +19399,S +34587
1724119493:[MRMAID,0002]acq started
1724123056:[MRMAID,0003]acq stopped
1724123056:[MRMAID,0052]$MEASFS,140441,3509.778717,40.014204;
1724123091:[SBE61 ,0396]P +20203,T +19420,S +34586
1724123092:[MRMAID,0002]acq started
1724126665:[MRMAID,0003]acq stopped
1724126665:[MRMAID,0052]$MEASFS,140840,3519.750153,40.014204;
1724126701:[SBE61 ,0396]P +20160,T +19423,S +34586
1724126702:[MRMAID,0002]acq started
1724130265:[MRMAID,0003]acq stopped
1724130265:[MRMAID,0052]$MEASFS,140441,3509.778717,40.014204;
1724130300:[SBE61 ,0396]P +20156,T +19397,S +34586
1724130302:[MRMAID,0002]acq started
1724133865:[MRMAID,0003]acq stopped
1724133865:[MRMAID,0052]$MEASFS,140441,3509.778717,40.014204;
1724133900:[SBE61 ,0396]P +20235,T +19450,S +34586
1724133901:[MRMAID,0002]acq started
1724137474:[MRMAID,0003]acq stopped
1724137474:[MRMAID,0052]$MEASFS,140843,3519.825165,40.014203;
1724137510:[SBE61 ,0396]P +20049,T +19340,S +34588
1724137511:[MRMAID,0002]acq started
1724141074:[MRMAID,0003]acq stopped
1724141074:[MRMAID,0052]$MEASFS,140440,3509.753723,40.014204;
1724141109:[SBE61 ,0396]P +20147,T +19339,S +34588
1724141111:[MRMAID,0002]acq started
1724144683:[MRMAID,0003]acq stopped
1724144684:[MRMAID,0052]$MEASFS,140839,3519.725159,40.014204;
1724144719:[SBE61 ,0396]P +20288,T +19359,S +34588
1724144720:[MRMAID,0002]acq started
1724148283:[MRMAID,0003]acq stopped
1724148283:[MRMAID,0052]$MEASFS,140442,3509.803711,40.014204;
1724148319:[SBE61 ,0396]P +20214,T +19456,S +34586
1724148320:[MRMAID,0002]acq started
1724151883:[MRMAID,0003]acq stopped
1724151883:[MRMAID,0052]$MEASFS,140442,3509.803680,40.014204;
1724151918:[SBE61 ,0396]P +20272,T +19484,S +34586
1724151919:[MRMAID,0002]acq started
1724155492:[MRMAID,0003]acq stopped
1724155492:[MRMAID,0052]$MEASFS,140840,3519.750153,40.014204;
1724155528:[SBE61 ,0396]P +20199,T +19441,S +34586
1724155529:[MRMAID,0002]acq started
1724159092:[MRMAID,0003]acq stopped
1724159092:[MRMAID,0052]$MEASFS,140442,3509.803711,40.014204;
1724159127:[SBE61 ,0396]P +20177,T +19404,S +34585
1724159129:[MRMAID,0002]acq started
1724162692:[MRMAID,0003]acq stopped
1724162692:[MRMAID,0052]$MEASFS,140441,3509.778717,40.014204;
1724162727:[SBE61 ,0396]P +20161,T +19300,S +34588
1724162728:[MRMAID,0002]acq started
1724166301:[MRMAID,0003]acq stopped
1724166301:[MRMAID,0052]$MEASFS,140840,3519.750152,40.014204;
1724166337:[SBE61 ,0396]P +20260,T +19359,S +34587
1724166338:[MRMAID,0002]acq started
1724169901:[MRMAID,0003]acq stopped
1724169901:[MRMAID,0052]$MEASFS,140441,3509.778687,40.014204;
1724169936:[SBE61 ,0396]P +20194,T +19320,S +34588
1724169938:[MRMAID,0002]acq started
1724173511:[MRMAID,0052]$STOPACK:$MEASFS,140839,3519.725158,40.014204;
1724173513:[MRMAID,0185]3 spurious byte(s) received
1724173546:[SBE61 ,0396]P +20216,T +19360,S +34587
1724173547:[MRMAID,0002]acq started
1724177110:[MRMAID,0003]acq stopped
1724177110:[MRMAID,0052]$MEASFS,140440,3509.753723,40.014204;
1724177146:[SBE61 ,0396]P +20218,T +19365,S +34587
1724177147:[MRMAID,0002]acq started
1724180710:[MRMAID,0003]acq stopped
1724180710:[MRMAID,0052]$MEASFS,140443,3509.828705,40.014203;
1724180745:[SBE61 ,0396]P +20206,T +19339,S +34588
1724180746:[MRMAID,0002]acq started
1724184319:[MRMAID,0003]acq stopped
1724184319:[MRMAID,0052]$MEASFS,140841,3519.775147,40.014204;
1724184355:[SBE61 ,0396]P +20218,T +19340,S +34588
1724184356:[MRMAID,0002]acq started
1724187919:[MRMAID,0003]acq stopped
1724187919:[MRMAID,0052]$MEASFS,140442,3509.803711,40.014204;
1724187954:[SBE61 ,0396]P +20271,T +19361,S +34587
1724187956:[MRMAID,0002]acq started
1724191519:[MRMAID,0003]acq stopped
1724191519:[MRMAID,0052]$MEASFS,140441,3509.778687,40.014204;
1724191554:[SBE61 ,0396]P +20229,T +19388,S +34587
1724191555:[MRMAID,0002]acq started
1724195128:[MRMAID,0003]acq stopped
1724195128:[MRMAID,0052]$MEASFS,140840,3519.750153,40.014204;
1724195164:[SBE61 ,0396]P +20202,T +19400,S +34586
1724195165:[MRMAID,0002]acq started
1724198728:[MRMAID,0003]acq stopped
1724198728:[MRMAID,0052]$MEASFS,140441,3509.778717,40.014204;
1724198763:[SBE61 ,0396]P +20225,T +19370,S +34587
1724198765:[MRMAID,0002]acq started
1724202338:[MRMAID,0003]acq stopped
1724202338:[MRMAID,0052]$MEASFS,140840,3519.750153,40.014204;
1724202373:[SBE61 ,0396]P +20186,T +19329,S +34588
1724202374:[MRMAID,0002]acq started
1724205937:[MRMAID,0003]acq stopped
1724205937:[MRMAID,0052]$MEASFS,140459,3510.228546,40.014204;
1724205973:[SBE61 ,0396]P +20212,T +19279,S +34588
1724205974:[MRMAID,0002]acq started
1724209537:[MRMAID,0003]acq stopped
1724209537:[MRMAID,0052]$MEASFS,140440,3509.753724,40.014204;
1724209572:[SBE61 ,0396]P +20195,T +19210,S +34589
1724209573:[MRMAID,0002]acq started
1724213146:[MRMAID,0003]acq stopped
1724213146:[MRMAID,0052]$MEASFS,140839,3519.725159,40.014204;
1724213182:[SBE61 ,0396]P +20201,T +19174,S +34590
1724213183:[MRMAID,0002]acq started
1724216746:[MRMAID,0003]acq stopped
1724216746:[MRMAID,0052]$MEASFS,140440,3509.753692,40.014204;
1724216781:[SBE61 ,0396]P +20243,T +19145,S +34590
1724216783:[MRMAID,0002]acq started
1724220346:[MRMAID,0003]acq stopped
1724220346:[MRMAID,0052]$MEASFS,140442,3509.803680,40.014204;
1724220381:[SBE61 ,0396]P +20239,T +19117,S +34591
1724220382:[MRMAID,0002]acq started
1724223955:[MRMAID,0003]acq stopped
1724223955:[MRMAID,0052]$MEASFS,140845,3519.875092,40.014204;
1724223991:[SBE61 ,0396]P +20252,T +19138,S +34590
1724223992:[MRMAID,0002]acq started
1724227555:[MRMAID,0003]acq stopped
1724227555:[MRMAID,0052]$MEASFS,140442,3509.803650,40.014204;
1724227590:[SBE61 ,0396]P +20315,T +19215,S +34589
1724227592:[MRMAID,0002]acq started
1724231165:[MRMAID,0003]acq stopped
1724231165:[MRMAID,0052]$MEASFS,140840,3519.750122,40.014204;
1724231200:[SBE61 ,0396]P +20412,T +19282,S +34588
1724231201:[MRMAID,0002]acq started
1724232135:[BUOY  ,0087]from +1mbar/s to +0mbar/s
1724232135:[PUMP  ,0378]Outflow calculated : 2710
1724232135:[BUOY  ,0089]need to transfer +2mL (pump during 2938ms)
1724232135:[MRMAID,0003]acq stopped
1724232135:[MRMAID,0185]27 spurious byte(s) received
1724232137:[PUMP  ,0016]pump during 2938ms
1724232141:[MRMAID,0002]acq started
1724234764:[MRMAID,0003]acq stopped
1724234764:[MRMAID,0052]$MEASFS,102824,2569.687500,40.014204;
1724234800:[SBE61 ,0396]P +20216,T +19427,S +34586
1724234801:[MRMAID,0002]acq started
1724238364:[MRMAID,0003]acq stopped
1724238364:[MRMAID,0052]$MEASFS,140441,3509.778686,40.014204;
1724238399:[SBE61 ,0396]P +20166,T +19423,S +34586
1724238400:[MRMAID,0002]acq started
1724241974:[MRMAID,0052]$STOPACK:$MEASFS,140839,3519.725158,40.014204;
1724241976:[MRMAID,0185]3 spurious byte(s) received
1724242009:[SBE61 ,0396]P +20214,T +19443,S +34586
1724242010:[MRMAID,0002]acq started
1724245573:[MRMAID,0003]acq stopped
1724245573:[MRMAID,0052]$MEASFS,140440,3509.753693,40.014204;
1724245608:[SBE61 ,0396]P +20175,T +19453,S +34586
1724245610:[MRMAID,0002]acq started
1724249173:[MRMAID,0003]acq stopped
1724249173:[MRMAID,0052]$MEASFS,140444,3509.853668,40.014204;
1724249208:[SBE61 ,0396]P +20092,T +19373,S +34587
1724249209:[MRMAID,0002]acq started
1724251373:[MRMAID,0027]2014dbar, 33degC
1724251525:[MRMAID,0005]ascent request rejected
1724252782:[MRMAID,0003]acq stopped
1724252782:[MRMAID,0052]$MEASFS,140840,3519.750153,40.014204;
1724252818:[SBE61 ,0396]P +20169,T +19311,S +34588
1724252819:[MRMAID,0002]acq started
1724256382:[MRMAID,0003]acq stopped
1724256382:[MRMAID,0052]$MEASFS,140446,3509.903625,40.014204;
1724256417:[SBE61 ,0396]P +20088,T +19284,S +34588
1724256419:[MRMAID,0002]acq started
1724259992:[MRMAID,0003]acq stopped
1724259992:[MRMAID,0052]$MEASFS,140841,3519.775146,40.014204;
1724260027:[SBE61 ,0396]P +20183,T +19258,S +34589
1724260028:[MRMAID,0002]acq started
1724263591:[MRMAID,0003]acq stopped
1724263591:[MRMAID,0052]$MEASFS,140441,3509.778687,40.014204;
1724263627:[SBE61 ,0396]P +20156,T +19253,S +34589
1724263628:[MRMAID,0002]acq started
1724267191:[MRMAID,0003]acq stopped
1724267191:[MRMAID,0052]$MEASFS,140441,3509.778687,40.014204;
1724267226:[SBE61 ,0396]P +20204,T +19272,S +34589
1724267228:[MRMAID,0002]acq started
1724270800:[MRMAID,0003]acq stopped
1724270801:[MRMAID,0052]$MEASFS,140840,3519.750153,40.014204;
1724270836:[SBE61 ,0396]P +20219,T +19369,S +34587
1724270837:[MRMAID,0002]acq started
1724274400:[MRMAID,0003]acq stopped
1724274400:[MRMAID,0052]$MEASFS,140440,3509.753693,40.014204;
1724274436:[SBE61 ,0396]P +20175,T +19284,S +34588
1724274437:[MRMAID,0002]acq started
1724278000:[MRMAID,0003]acq stopped
1724278000:[MRMAID,0052]$MEASFS,140440,3509.753692,40.014204;
1724278035:[SBE61 ,0396]P +20254,T +19389,S +34587
1724278036:[MRMAID,0002]acq started
1724281609:[MRMAID,0003]acq stopped
1724281609:[MRMAID,0052]$MEASFS,140839,3519.725159,40.014204;
1724281645:[SBE61 ,0396]P +20263,T +19536,S +34585
1724281646:[MRMAID,0002]acq started
1724285209:[MRMAID,0003]acq stopped
1724285209:[MRMAID,0052]$MEASFS,140440,3509.753693,40.014204;
1724285244:[SBE61 ,0396]P +20223,T +19441,S +34587
1724285246:[MRMAID,0002]acq started
1724288809:[MRMAID,0003]acq stopped
1724288809:[MRMAID,0052]$MEASFS,140439,3509.728699,40.014204;
1724288844:[SBE61 ,0396]P +20203,T +19506,S +34585
1724288845:[MRMAID,0002]acq started
1724291921:[MRMAID,0027]2018dbar, 33degC
1724292076:[MRMAID,0005]ascent request rejected
1724292418:[MRMAID,0003]acq stopped
1724292418:[MRMAID,0052]$MEASFS,140862,3520.299957,40.014204;
1724292454:[SBE61 ,0396]P +20209,T +19492,S +34585
1724292455:[MRMAID,0002]acq started
1724296018:[MRMAID,0003]acq stopped
1724296018:[MRMAID,0052]$MEASFS,140445,3509.878662,40.014204;
1724296053:[SBE61 ,0396]P +20230,T +19412,S +34586
1724296054:[MRMAID,0002]acq started
1724299627:[MRMAID,0003]acq stopped
1724299628:[MRMAID,0052]$MEASFS,140841,3519.775147,40.014204;
1724299663:[SBE61 ,0396]P +20206,T +19429,S +34587
1724299664:[MRMAID,0002]acq started
1724303227:[MRMAID,0003]acq stopped
1724303227:[MRMAID,0052]$MEASFS,140441,3509.778717,40.014204;
1724303263:[SBE61 ,0396]P +20220,T +19363,S +34587
1724303264:[MRMAID,0002]acq started
1724306827:[MRMAID,0003]acq stopped
1724306827:[MRMAID,0052]$MEASFS,140441,3509.778717,40.014204;
1724306862:[SBE61 ,0396]P +20060,T +19271,S +34589
1724306863:[MRMAID,0002]acq started
1724310200:[BUOY  ,0101]stage[1] 10 stab done
1724310200:[BUOY  ,0087]from +1mbar/s to +0mbar/s
1724310200:[PUMP  ,0378]Outflow calculated : 2711
1724310200:[BUOY  ,0089]need to transfer +2mL (pump during 2937ms)
1724310200:[MRMAID,0003]acq stopped
1724310201:[MRMAID,0052]$MEASFS,131405,3283.958892,40.014204;
1724310202:[PUMP  ,0016]pump during 2937ms
1724310206:[MRMAID,0002]acq started
1724310436:[MRMAID,0002]acq started
1724310438:[MRMAID,0185]11 spurious byte(s) received
1724310472:[SBE61 ,0396]P +20217,T +19270,S +34588
1724310473:[MRMAID,0002]acq started
1724314036:[MRMAID,0003]acq stopped
1724314036:[MRMAID,0052]$MEASFS,140459,3510.228516,40.014204;
1724314071:[SBE61 ,0396]P +20093,T +19272,S +34589
1724314073:[MRMAID,0002]acq started
1724317636:[MRMAID,0003]acq stopped
1724317636:[MRMAID,0052]$MEASFS,140440,3509.753692,40.014204;
1724317671:[SBE61 ,0396]P +20125,T +19281,S +34588
1724317672:[MRMAID,0002]acq started
1724321245:[MRMAID,0003]acq stopped
1724321245:[MRMAID,0052]$MEASFS,140839,3519.725158,40.014204;
1724321281:[SBE61 ,0396]P +20092,T +19260,S +34589
1724321282:[MRMAID,0002]acq started
1724324845:[MRMAID,0003]acq stopped
1724324845:[MRMAID,0052]$MEASFS,140442,3509.803681,40.014204;
1724324880:[SBE61 ,0396]P +20091,T +19133,S +34590
1724324882:[MRMAID,0002]acq started
1724328454:[MRMAID,0003]acq stopped
1724328455:[MRMAID,0052]$MEASFS,140840,3519.750122,40.014204;
1724328490:[SBE61 ,0396]P +20204,T +19257,S +34589
1724328491:[MRMAID,0002]acq started
1724332054:[MRMAID,0003]acq stopped
1724332054:[MRMAID,0052]$MEASFS,140442,3509.803680,40.014204;
1724332090:[SBE61 ,0396]P +20142,T +19323,S +34587
1724332091:[MRMAID,0002]acq started
1724335654:[MRMAID,0003]acq stopped
1724335654:[MRMAID,0052]$MEASFS,140442,3509.803650,40.014204;
1724335689:[SBE61 ,0396]P +20199,T +19321,S +34588
1724335690:[MRMAID,0002]acq started
1724339263:[MRMAID,0003]acq stopped
1724339263:[MRMAID,0052]$MEASFS,140844,3519.850098,40.014204;
1724339299:[SBE61 ,0396]P +20124,T +19371,S +34588
1724339300:[MRMAID,0002]acq started
1724342863:[MRMAID,0003]acq stopped
1724342863:[MRMAID,0052]$MEASFS,140441,3509.778687,40.014204;
1724342898:[SBE61 ,0396]P +20072,T +19329,S +34587
1724342900:[MRMAID,0002]acq started
1724346463:[MRMAID,0003]acq stopped
1724346463:[MRMAID,0052]$MEASFS,140440,3509.753693,40.014204;
1724346498:[SBE61 ,0396]P +20099,T +19235,S +34589
1724346499:[MRMAID,0002]acq started
1724350072:[MRMAID,0003]acq stopped
1724350072:[MRMAID,0052]$MEASFS,140839,3519.725159,40.014204;
1724350108:[SBE61 ,0396]P +20104,T +19231,S +34589
1724350109:[MRMAID,0002]acq started
1724353672:[MRMAID,0003]acq stopped
1724353672:[MRMAID,0052]$MEASFS,140440,3509.753693,40.014204;
1724353707:[SBE61 ,0396]P +20288,T +19298,S +34588
1724353709:[MRMAID,0002]acq started
1724357281:[MRMAID,0003]acq stopped
1724357282:[MRMAID,0052]$MEASFS,140839,3519.725159,40.014204;
1724357317:[SBE61 ,0396]P +20124,T +19365,S +34587
1724357318:[MRMAID,0002]acq started
1724360881:[MRMAID,0003]acq stopped
1724360881:[MRMAID,0052]$MEASFS,140442,3509.803742,40.014203;
1724360917:[SBE61 ,0396]P +20180,T +19390,S +34586
1724360918:[MRMAID,0002]acq started
1724364481:[MRMAID,0003]acq stopped
1724364481:[MRMAID,0052]$MEASFS,140442,3509.803680,40.014204;
1724364516:[SBE61 ,0396]P +20150,T +19443,S +34586
1724364517:[MRMAID,0002]acq started
1724368090:[MRMAID,0003]acq stopped
1724368090:[MRMAID,0052]$MEASFS,140841,3519.775146,40.014204;
1724368126:[SBE61 ,0396]P +20146,T +19472,S +34586
1724368127:[MRMAID,0002]acq started
1724371690:[MRMAID,0003]acq stopped
1724371690:[MRMAID,0052]$MEASFS,140445,3509.878662,40.014204;
1724371725:[SBE61 ,0396]P +20170,T +19463,S +34586
1724371727:[MRMAID,0002]acq started
1724375290:[MRMAID,0003]acq stopped
1724375290:[MRMAID,0052]$MEASFS,140441,3509.778687,40.014204;
1724375325:[SBE61 ,0396]P +20179,T +19465,S +34586
1724375326:[MRMAID,0002]acq started
1724378899:[MRMAID,0003]acq stopped
1724378899:[MRMAID,0052]$MEASFS,140858,3520.199981,40.014204;
1724378935:[SBE61 ,0396]P +20190,T +19509,S +34585
1724378936:[MRMAID,0002]acq started
1724382499:[MRMAID,0003]acq stopped
1724382499:[MRMAID,0052]$MEASFS,140441,3509.778717,40.014204;
1724382534:[SBE61 ,0396]P +20188,T +19509,S +34585
1724382536:[MRMAID,0002]acq started
1724386109:[MRMAID,0052]$STOPACK$MEASFS,140843,3519.825165,40.014203;
1724386111:[MRMAID,0185]4 spurious byte(s) received
1724386144:[SBE61 ,0396]P +20166,T +19557,S +34585
1724386145:[MRMAID,0002]acq started
1724389708:[MRMAID,0003]acq stopped
1724389708:[MRMAID,0052]$MEASFS,140440,3509.753723,40.014204;
1724389744:[SBE61 ,0396]P +20113,T +19530,S +34585
1724389745:[MRMAID,0002]acq started
1724393308:[MRMAID,0003]acq stopped
1724393308:[MRMAID,0052]$MEASFS,140439,3509.728729,40.014204;
1724393343:[SBE61 ,0396]P +20138,T +19486,S +34586
1724393344:[MRMAID,0002]acq started
1724395589:[MRMAID,0027]2013dbar, 33degC
1724395733:[MRMAID,0005]ascent request rejected
1724396917:[MRMAID,0003]acq stopped
1724396917:[MRMAID,0052]$MEASFS,140843,3519.825164,40.014203;
1724396953:[SBE61 ,0396]P +20132,T +19464,S +34585
1724396954:[MRMAID,0002]acq started
1724400517:[MRMAID,0003]acq stopped
1724400517:[MRMAID,0052]$MEASFS,140442,3509.803711,40.014204;
1724400552:[SBE61 ,0396]P +20095,T +19404,S +34586
1724400554:[MRMAID,0002]acq started
1724404117:[MRMAID,0003]acq stopped
1724404117:[MRMAID,0052]$MEASFS,140441,3509.778717,40.014204;
1724404152:[SBE61 ,0396]P +20112,T +19267,S +34588
1724404153:[MRMAID,0002]acq started
1724404694:[MRMAID,0027]2009dbar, 33degC
1724404904:[MRMAID,0005]ascent request rejected
1724407726:[MRMAID,0003]acq stopped
1724407726:[MRMAID,0052]$MEASFS,140842,3519.800140,40.014204;
1724407762:[SBE61 ,0396]P +20143,T +19282,S +34588
1724407763:[MRMAID,0002]acq started
1724411326:[MRMAID,0003]acq stopped
1724411326:[MRMAID,0052]$MEASFS,140441,3509.778687,40.014204;
1724411361:[SBE61 ,0396]P +20122,T +19280,S +34588
1724411363:[MRMAID,0002]acq started
1724414935:[MRMAID,0003]acq stopped
1724414936:[MRMAID,0052]$MEASFS,140840,3519.750122,40.014204;
1724414971:[SBE61 ,0396]P +20138,T +19205,S +34589
1724414972:[MRMAID,0002]acq started
1724418535:[MRMAID,0003]acq stopped
1724418535:[MRMAID,0052]$MEASFS,140440,3509.753693,40.014204;
1724418571:[SBE61 ,0396]P +20286,T +19311,S +34588
1724418572:[MRMAID,0002]acq started
1724422135:[MRMAID,0003]acq stopped
1724422135:[MRMAID,0052]$MEASFS,140440,3509.753693,40.014204;
1724422170:[SBE61 ,0396]P +20184,T +19384,S +34587
1724422171:[MRMAID,0002]acq started
1724425744:[MRMAID,0003]acq stopped
1724425745:[MRMAID,0052]$MEASFS,140839,3519.725128,40.014204;
1724425780:[SBE61 ,0396]P +20192,T +19503,S +34586
1724425781:[MRMAID,0002]acq started
1724429344:[MRMAID,0003]acq stopped
1724429344:[MRMAID,0052]$MEASFS,140439,3509.728729,40.014204;
1724429379:[SBE61 ,0396]P +20044,T +19331,S +34587
1724429381:[MRMAID,0002]acq started
1724432944:[MRMAID,0003]acq stopped
1724432944:[MRMAID,0052]$MEASFS,140442,3509.803650,40.014204;
1724432979:[SBE61 ,0396]P +20148,T +19264,S +34588
1724432980:[MRMAID,0002]acq started
1724436553:[MRMAID,0003]acq stopped
1724436553:[MRMAID,0052]$MEASFS,140841,3519.775146,40.014204;
1724436589:[SBE61 ,0396]P +20168,T +19287,S +34588
1724436590:[MRMAID,0002]acq started
1724440153:[MRMAID,0003]acq stopped
1724440153:[MRMAID,0052]$MEASFS,140441,3509.778656,40.014204;
1724440188:[SBE61 ,0396]P +20198,T +19279,S +34588
1724440190:[MRMAID,0002]acq started
1724443762:[MRMAID,0003]acq stopped
1724443763:[MRMAID,0052]$MEASFS,140840,3519.750153,40.014204;
1724443798:[SBE61 ,0396]P +20058,T +19247,S +34588
1724443799:[MRMAID,0002]acq started
1724447362:[MRMAID,0003]acq stopped
1724447362:[MRMAID,0052]$MEASFS,140441,3509.778656,40.014204;
1724447398:[SBE61 ,0396]P +20176,T +19250,S +34589
1724447399:[MRMAID,0002]acq started
1724450962:[MRMAID,0003]acq stopped
1724450962:[MRMAID,0052]$MEASFS,140441,3509.778656,40.014204;
1724450997:[SBE61 ,0396]P +20148,T +19195,S +34590
1724450999:[MRMAID,0002]acq started
1724454571:[MRMAID,0003]acq stopped
1724454572:[MRMAID,0052]$MEASFS,140839,3519.725129,40.014204;
1724454607:[SBE61 ,0396]P +20325,T +19271,S +34589
1724454608:[MRMAID,0002]acq started
1724458171:[MRMAID,0003]acq stopped
1724458171:[MRMAID,0052]$MEASFS,140444,3509.853637,40.014204;
1724458206:[SBE61 ,0396]P +20315,T +19319,S +34588
1724458208:[MRMAID,0002]acq started
1724459912:[MRMAID,0027]2024dbar, 33degC
1724460062:[MRMAID,0005]ascent request rejected
1724461771:[MRMAID,0003]acq stopped
1724461771:[MRMAID,0052]$MEASFS,140442,3509.803650,40.014204;
1724461806:[SBE61 ,0396]P +20270,T +19462,S +34586
1724461807:[MRMAID,0002]acq started
1724465380:[MRMAID,0003]acq stopped
1724465380:[MRMAID,0052]$MEASFS,140857,3520.174988,40.014204;
1724465416:[SBE61 ,0396]P +20203,T +19468,S +34586
1724465417:[MRMAID,0002]acq started
1724468980:[MRMAID,0003]acq stopped
1724468980:[MRMAID,0052]$MEASFS,140442,3509.803681,40.014204;
1724469015:[SBE61 ,0396]P +20150,T +19456,S +34586
1724469017:[MRMAID,0002]acq started
1724472590:[MRMAID,0003]acq stopped
1724472590:[MRMAID,0052]$MEASFS,140841,3519.775147,40.014204;
1724472625:[SBE61 ,0396]P +20189,T +19452,S +34586
1724472626:[MRMAID,0002]acq started
1724476189:[MRMAID,0003]acq stopped
1724476189:[MRMAID,0052]$MEASFS,140446,3509.903626,40.014204;
1724476225:[SBE61 ,0396]P +20199,T +19450,S +34586
1724476226:[MRMAID,0002]acq started
1724479789:[MRMAID,0003]acq stopped
1724479789:[MRMAID,0052]$MEASFS,140441,3509.778687,40.014204;
1724479824:[SBE61 ,0396]P +20130,T +19422,S +34586
1724479825:[MRMAID,0002]acq started
1724483398:[MRMAID,0003]acq stopped
1724483399:[MRMAID,0052]$MEASFS,140840,3519.750153,40.014204;
1724483434:[SBE61 ,0396]P +20195,T +19358,S +34587
1724483435:[MRMAID,0002]acq started
1724486998:[MRMAID,0003]acq stopped
1724486998:[MRMAID,0052]$MEASFS,140441,3509.778686,40.014204;
1724487033:[SBE61 ,0396]P +20199,T +19389,S +34587
1724487035:[MRMAID,0002]acq started
1724490598:[MRMAID,0003]acq stopped
1724490598:[MRMAID,0052]$MEASFS,140444,3509.853668,40.014204;
1724490633:[SBE61 ,0396]P +20205,T +19349,S +34587
1724490634:[MRMAID,0002]acq started
1724494207:[MRMAID,0003]acq stopped
1724494207:[MRMAID,0052]$MEASFS,140839,3519.725159,40.014204;
1724494243:[SBE61 ,0396]P +20192,T +19361,S +34587
1724494244:[MRMAID,0002]acq started
1724497807:[MRMAID,0003]acq stopped
1724497807:[MRMAID,0052]$MEASFS,140440,3509.753723,40.014204;
1724497842:[SBE61 ,0396]P +20303,T +19385,S +34587
1724497844:[MRMAID,0002]acq started
1724501407:[MRMAID,0003]acq stopped
1724501407:[MRMAID,0052]$MEASFS,140438,3509.703705,40.014204;
1724501442:[SBE61 ,0396]P +20226,T +19454,S +34586
1724501443:[MRMAID,0002]acq started
1724505016:[MRMAID,0003]acq stopped
1724505052:[SBE61 ,0396]P +20210,T +19473,S +34586
1724505053:[MRMAID,0002]acq started
1724508616:[MRMAID,0003]acq stopped
1724508616:[MRMAID,0052]$MEASFS,140442,3509.803681,40.014204;
1724508651:[SBE61 ,0396]P +20297,T +19454,S +34586
1724508653:[MRMAID,0002]acq started
1724512225:[MRMAID,0003]acq stopped
1724512226:[MRMAID,0052]$MEASFS,140840,3519.750153,40.014204;
1724512261:[SBE61 ,0396]P +20139,T +19465,S +34585
1724512262:[MRMAID,0002]acq started
1724515825:[MRMAID,0003]acq stopped
1724515825:[MRMAID,0052]$MEASFS,140441,3509.778717,40.014204;
1724515861:[SBE61 ,0396]P +20224,T +19429,S +34586
1724515862:[MRMAID,0002]acq started
1724519425:[MRMAID,0003]acq stopped
1724519425:[MRMAID,0052]$MEASFS,140444,3509.853668,40.014204;
1724519460:[SBE61 ,0396]P +20201,T +19440,S +34586
1724519461:[MRMAID,0002]acq started
1724523034:[MRMAID,0003]acq stopped
1724523034:[MRMAID,0052]$MEASFS,140840,3519.750153,40.014204;
1724523070:[SBE61 ,0396]P +20224,T +19425,S +34587
1724523071:[MRMAID,0002]acq started
1724526634:[MRMAID,0003]acq stopped
1724526634:[MRMAID,0052]$MEASFS,140440,3509.753723,40.014204;
1724526669:[SBE61 ,0396]P +20221,T +19383,S +34587
1724526671:[MRMAID,0002]acq started
1724530234:[MRMAID,0003]acq stopped
1724530234:[MRMAID,0052]$MEASFS,140440,3509.753692,40.014204;
1724530269:[SBE61 ,0396]P +20180,T +19399,S +34585
1724530270:[MRMAID,0002]acq started
1724533843:[MRMAID,0003]acq stopped
1724533843:[MRMAID,0052]$MEASFS,140843,3519.825134,40.014204;
1724533879:[SBE61 ,0396]P +20213,T +19325,S +34588
1724533880:[MRMAID,0002]acq started
1724537443:[MRMAID,0003]acq stopped
1724537443:[MRMAID,0052]$MEASFS,140442,3509.803680,40.014204;
1724537478:[SBE61 ,0396]P +20150,T +19299,S +34588
1724537480:[MRMAID,0002]acq started
1724541053:[MRMAID,0052]$STOPACK:+$MEASFS,140841,3519.775147,40.014204;
1724541056:[MRMAID,0185]2 spurious byte(s) received
1724541088:[SBE61 ,0396]P +20211,T +19199,S +34590
1724541089:[MRMAID,0002]acq started
1724544652:[MRMAID,0003]acq stopped
1724544652:[MRMAID,0052]$MEASFS,140441,3509.778686,40.014204;
1724544688:[SBE61 ,0396]P +20226,T +19272,S +34588
1724544689:[MRMAID,0002]acq started
1724548252:[MRMAID,0003]acq stopped
1724548252:[MRMAID,0052]$MEASFS,140442,3509.803680,40.014204;
1724548287:[SBE61 ,0396]P +20214,T +19351,S +34588
1724548288:[MRMAID,0002]acq started
1724551861:[MRMAID,0003]acq stopped
1724551861:[MRMAID,0052]$MEASFS,140858,3520.200165,40.014202;
1724551897:[SBE61 ,0396]P +20316,T +19368,S +34587
1724551898:[MRMAID,0002]acq started
1724555461:[MRMAID,0003]acq stopped
1724555461:[MRMAID,0052]$MEASFS,140441,3509.778687,40.014204;
1724555496:[SBE61 ,0396]P +20201,T +19386,S +34587
1724555498:[MRMAID,0002]acq started
1724559061:[MRMAID,0003]acq stopped
1724559061:[MRMAID,0052]$MEASFS,140440,3509.753692,40.014204;
1724559096:[SBE61 ,0396]P +20187,T +19386,S +34587
1724559097:[MRMAID,0002]acq started
1724562670:[MRMAID,0003]acq stopped
1724562670:[MRMAID,0052]$MEASFS,140839,3519.725128,40.014204;
1724562706:[SBE61 ,0396]P +20175,T +19290,S +34586
1724562707:[MRMAID,0002]acq started
1724566270:[MRMAID,0003]acq stopped
1724566270:[MRMAID,0052]$MEASFS,140444,3509.853668,40.014204;
1724566305:[SBE61 ,0396]P +20188,T +19258,S +34589
1724566307:[MRMAID,0002]acq started
1724569879:[MRMAID,0003]acq stopped
1724569880:[MRMAID,0052]$MEASFS,140839,3519.725159,40.014204;
1724569915:[SBE61 ,0396]P +20217,T +19162,S +34591
1724569916:[MRMAID,0002]acq started
1724573479:[MRMAID,0003]acq stopped
1724573479:[MRMAID,0052]$MEASFS,140442,3509.803650,40.014204;
1724573515:[SBE61 ,0396]P +20279,T +19229,S +34590
1724573516:[MRMAID,0002]acq started
1724577079:[MRMAID,0003]acq stopped
1724577079:[MRMAID,0052]$MEASFS,140442,3509.803649,40.014204;
1724577114:[SBE61 ,0396]P +20230,T +19280,S +34588
1724577115:[MRMAID,0002]acq started
1724580688:[MRMAID,0003]acq stopped
1724580688:[MRMAID,0052]$MEASFS,140841,3519.775086,40.014204;
1724580724:[SBE61 ,0396]P +20273,T +19396,S +34587
1724580725:[MRMAID,0002]acq started
1724584288:[MRMAID,0003]acq stopped
1724584288:[MRMAID,0052]$MEASFS,140441,3509.778656,40.014204;
1724584323:[SBE61 ,0396]P +20113,T +19304,S +34589
1724584325:[MRMAID,0002]acq started
1724587888:[MRMAID,0003]acq stopped
1724587888:[MRMAID,0052]$MEASFS,140441,3509.778686,40.014204;
1724587923:[SBE61 ,0396]P +20264,T +19236,S +34589
1724587924:[MRMAID,0002]acq started
1724591497:[MRMAID,0003]acq stopped
1724591497:[MRMAID,0052]$MEASFS,140840,3519.750092,40.014205;
1724591533:[SBE61 ,0396]P +20227,T +19281,S +34589
1724591534:[MRMAID,0002]acq started
1724595097:[MRMAID,0003]acq stopped
1724595097:[MRMAID,0052]$MEASFS,140440,3509.753662,40.014204;
1724595132:[SBE61 ,0396]P +20233,T +19362,S +34587
1724595134:[MRMAID,0002]acq started
1724598706:[MRMAID,0003]acq stopped
1724598707:[MRMAID,0052]$MEASFS,140839,3519.725128,40.014204;
1724598742:[SBE61 ,0396]P +20240,T +19340,S +34587
1724598743:[MRMAID,0002]acq started
1724602306:[MRMAID,0003]acq stopped
1724602306:[MRMAID,0052]$MEASFS,140440,3509.753692,40.014204;
1724602342:[SBE61 ,0396]P +20268,T +19387,S +34587
1724602343:[MRMAID,0002]acq started
1724605906:[MRMAID,0003]acq stopped
1724605906:[MRMAID,0052]$MEASFS,140440,3509.753662,40.014204;
1724605941:[SBE61 ,0396]P +20282,T +19465,S +34586
1724605942:[MRMAID,0002]acq started
1724609515:[MRMAID,0003]acq stopped
1724609516:[MRMAID,0052]$MEASFS,140841,3519.775116,40.014204;
1724609551:[SBE61 ,0396]P +20204,T +19413,S +34586
1724609552:[MRMAID,0002]acq started
1724613115:[MRMAID,0003]acq stopped
1724613115:[MRMAID,0052]$MEASFS,140442,3509.803650,40.014204;
1724613150:[SBE61 ,0396]P +20283,T +19392,S +34587
1724613152:[MRMAID,0002]acq started
1724616715:[MRMAID,0003]acq stopped
1724616715:[MRMAID,0052]$MEASFS,140441,3509.778686,40.014204;
1724616750:[SBE61 ,0396]P +20262,T +19372,S +34587
1724616751:[MRMAID,0002]acq started
1724620324:[MRMAID,0003]acq stopped
1724620324:[MRMAID,0052]$MEASFS,140841,3519.775146,40.014204;
1724620360:[SBE61 ,0396]P +20282,T +19454,S +34586
1724620361:[MRMAID,0002]acq started
1724623924:[MRMAID,0003]acq stopped
1724623924:[MRMAID,0052]$MEASFS,140441,3509.778686,40.014204;
1724623959:[SBE61 ,0396]P +20200,T +19388,S +34588
1724623961:[MRMAID,0002]acq started
1724627534:[MRMAID,0003]acq stopped
1724627534:[MRMAID,0052]$MEASFS,140844,3519.850128,40.014204;
1724627569:[SBE61 ,0396]P +20249,T +19388,S +34587
1724627570:[MRMAID,0002]acq started
1724629182:[MRMAID,0027]2021dbar, 33degC
1724629323:[MRMAID,0005]ascent request rejected
1724631133:[MRMAID,0003]acq stopped
1724631133:[MRMAID,0052]$MEASFS,140440,3509.753693,40.014204;
1724631169:[SBE61 ,0396]P +20260,T +19358,S +34587
1724631170:[MRMAID,0002]acq started
1724634733:[MRMAID,0003]acq stopped
1724634733:[MRMAID,0052]$MEASFS,140440,3509.753693,40.014204;
1724634768:[SBE61 ,0396]P +20246,T +19383,S +34587
1724634769:[MRMAID,0002]acq started
1724638342:[MRMAID,0003]acq stopped
1724638343:[MRMAID,0052]$MEASFS,140857,3520.174988,40.014204;
1724638378:[SBE61 ,0396]P +20235,T +19365,S +34588
1724638379:[MRMAID,0002]acq started
1724641942:[MRMAID,0003]acq stopped
1724641942:[MRMAID,0052]$MEASFS,140443,3509.828674,40.014204;
1724641977:[SBE61 ,0396]P +20196,T +19267,S +34589
1724641979:[MRMAID,0002]acq started
1724645542:[MRMAID,0003]acq stopped
1724645542:[MRMAID,0052]$MEASFS,140442,3509.803680,40.014204;
1724645577:[SBE61 ,0396]P +20278,T +19292,S +34588
1724645578:[MRMAID,0002]acq started
1724649151:[MRMAID,0003]acq stopped
1724649151:[MRMAID,0052]$MEASFS,140841,3519.775146,40.014204;
1724649187:[SBE61 ,0396]P +20265,T +19333,S +34588
1724649188:[MRMAID,0002]acq started
1724652751:[MRMAID,0003]acq stopped
1724652751:[MRMAID,0052]$MEASFS,140442,3509.803650,40.014204;
1724652786:[SBE61 ,0396]P +20217,T +19324,S +34587
1724652788:[MRMAID,0002]acq started
1724656361:[MRMAID,0003]acq stopped
1724656361:[MRMAID,0052]$MEASFS,140844,3519.850098,40.014204;
1724656396:[SBE61 ,0396]P +20279,T +19333,S +34588
1724656397:[MRMAID,0002]acq started
1724659960:[MRMAID,0003]acq stopped
1724659960:[MRMAID,0052]$MEASFS,140441,3509.778687,40.014204;
1724659996:[SBE61 ,0396]P +20139,T +19273,S +34589
1724659997:[MRMAID,0002]acq started
1724663560:[MRMAID,0003]acq stopped
1724663560:[MRMAID,0052]$MEASFS,140441,3509.778656,40.014204;
1724663595:[SBE61 ,0396]P +20322,T +19301,S +34588
1724663596:[MRMAID,0002]acq started
1724666200:[MAIN  ,0140]stage[1] complete 27266s after mission start
1724666201:[SBE   ,0391]Mode changed from PROFILING to SLEEP
1724666202:[MRMAID,0003]acq stopped
1724666202:[MRMAID,0052]$MEASFS,102109,2551.818848,40.014204;
1724666202:[MAIN  ,0056]stage[2]
1724666204:[MAIN  ,0024]internal pressure 76351Pa
1724666205:[BUOY  ,0037]P+202326mbar
1724666207:[BUOY  ,0087]from +0mbar/s to +9mbar/s
1724666207:[BUOY  ,0090]need to transfer -130mL (valve during 3692ms)
1724666207:[VALVE ,0034]valve opening 3692ms
1724666211:[VALVE ,0234]battery 13382mV,  498736uA, P+202306mbar
1724666532:[BUOY  ,0087]from +7mbar/s to +9mbar/s
1724666532:[BUOY  ,0090]need to transfer -52mL (valve during 1467ms)
1724666532:[VALVE ,0034]valve opening 1467ms
1724666534:[VALVE ,0234]battery 13506mV,  489220uA, P+204676mbar
1724667157:[PRESS ,0038]P+210256mbar,T+32767mdegC
1724667807:[PRESS ,0038]P+216026mbar,T+32767mdegC
1724668457:[PRESS ,0038]P+221596mbar,T+32767mdegC
1724669107:[PRESS ,0038]P+227016mbar,T+32767mdegC
1724669131:[BUOY  ,0087]from +8mbar/s to +6mbar/s
1724669131:[PUMP  ,0378]Outflow calculated : 2696
1724669131:[BUOY  ,0089]need to transfer +44mL (pump during 64897ms)
1724669133:[PUMP  ,0016]pump during 60000ms
1724669192:[PUMP  ,0212]battery 13473mV,  981734uA (steady state), P+227196mbar
1724669774:[PRESS ,0038]P+232026mbar,T+32767mdegC
1724670733:[PRESS ,0038]P+238566mbar,T+32767mdegC
1724671707:[PRESS ,0038]P+244686mbar,T+32767mdegC
1724671732:[BUOY  ,0087]from +7mbar/s to +2mbar/s
1724671732:[PUMP  ,0378]Outflow calculated : 2686
1724671732:[BUOY  ,0089]need to transfer +72mL (pump during 106509ms)
1724671733:[PUMP  ,0016]pump during 60000ms
1724671792:[PUMP  ,0212]battery 13620mV, 1045174uA (steady state), P+244836mbar
1724672058:[STAGE ,0213]246576mbar reached at 1724672058s, ref 250000mbar +/-5000mbar
1724672058:[BUOY  ,0087]from +5mbar/s to +0mbar/s
1724672058:[PUMP  ,0378]Outflow calculated : 2682
1724672058:[BUOY  ,0089]need to transfer +40mL (pump during 60606ms)
1724672060:[PUMP  ,0016]pump during 60000ms
1724672119:[PUMP  ,0212]battery 13487mV, 1042124uA (steady state), P+246576mbar
1724672385:[BUOY  ,0087]from +5mbar/s to +0mbar/s
1724672385:[PUMP  ,0378]Outflow calculated : 2681
1724672385:[BUOY  ,0089]need to transfer +40mL (pump during 60698ms)
1724672386:[PUMP  ,0016]pump during 60000ms
1724672445:[PUMP  ,0212]battery 13487mV, 1043588uA (steady state), P+248086mbar
1724672711:[BUOY  ,0087]from +4mbar/s to +0mbar/s
1724672711:[PUMP  ,0378]Outflow calculated : 2681
1724672711:[BUOY  ,0089]need to transfer +26mL (pump during 39430ms)
1724672712:[PUMP  ,0016]pump during 39430ms
1724672751:[PUMP  ,0212]battery 13500mV, 1048224uA (steady state), P+249186mbar
1724673013:[PRESS ,0038]P+249716mbar,T+32767mdegC
1724673338:[BUOY  ,0087]from +2mbar/s to +0mbar/s
1724673338:[PUMP  ,0378]Outflow calculated : 2681
1724673338:[BUOY  ,0089]need to transfer +6mL (pump during 8988ms)
1724673339:[PUMP  ,0016]pump during 8988ms
1724673347:[PUMP  ,0212]battery 13587mV, 1048712uA (steady state), P+250196mbar
1724674264:[BUOY  ,0087]from -1mbar/s to +0mbar/s
1724674264:[BUOY  ,0090]need to transfer -2mL (valve during 51ms)
1724674264:[VALVE ,0034]valve opening 51ms
1724674589:[BUOY  ,0087]from +3mbar/s to +0mbar/s
1724674589:[PUMP  ,0378]Outflow calculated : 2682
1724674589:[BUOY  ,0089]need to transfer +14mL (pump during 20724ms)
1724674591:[PUMP  ,0016]pump during 20724ms
1724674611:[PUMP  ,0212]battery 13666mV, 1057862uA (steady state), P+250556mbar
1724674916:[BUOY  ,0087]from +1mbar/s to +0mbar/s
1724674916:[PUMP  ,0378]Outflow calculated : 2682
1724674916:[BUOY  ,0089]need to transfer +2mL (pump during 2974ms)
1724674917:[PUMP  ,0016]pump during 2974ms
1724680645:[MAIN  ,0140]stage[2] complete -23825s after mission start
1724680645:[MAIN  ,0056]stage[3]
1724680647:[MAIN  ,0024]internal pressure 76707Pa
1724680647:[SBE   ,0391]Mode changed from SLEEP to UPDATE
1724680648:[BUOY  ,0037]P+251026mbar
1724680650:[BUOY  ,0087]from +0mbar/s to -10mbar/s
1724680650:[PUMP  ,0378]Outflow calculated : 2683
1724680650:[BUOY  ,0089]need to transfer +160mL (pump during 235988ms)
1724680651:[PUMP  ,0016]pump during 60000ms
1724680652:[SBE   ,0391]Mode changed from UPDATE to START
1724680710:[PUMP  ,0212]battery 13685mV, 1057862uA (steady state), P+251026mbar
1724680976:[BUOY  ,0087]from -3mbar/s to -10mbar/s
1724680976:[PUMP  ,0378]Outflow calculated : 2681
1724680976:[BUOY  ,0089]need to transfer +146mL (pump during 219880ms)
1724680977:[PUMP  ,0016]pump during 60000ms
1724680979:[SBE   ,0384]Start profil acquisitions
1724680979:[SBE   ,0391]Mode changed from START to PROFILING
1724681036:[PUMP  ,0212]battery 13538mV, 1087630uA (steady state), P+250056mbar
1724681302:[BUOY  ,0087]from -5mbar/s to -10mbar/s
1724681302:[PUMP  ,0378]Outflow calculated : 2682
1724681302:[BUOY  ,0089]need to transfer +120mL (pump during 180723ms)
1724681304:[PUMP  ,0016]pump during 60000ms
1724681363:[PUMP  ,0212]battery 13513mV, 1052860uA (steady state), P+248416mbar
1724681629:[BUOY  ,0087]from -6mbar/s to -10mbar/s
1724681629:[PUMP  ,0378]Outflow calculated : 2681
1724681629:[BUOY  ,0089]need to transfer +102mL (pump during 156923ms)
1724681630:[PUMP  ,0016]pump during 60000ms
1724681689:[PUMP  ,0212]battery 13512mV, 1046150uA (steady state), P+246326mbar
1724681930:[PRESS ,0038]P+244186mbar,T+32767mdegC
1724681955:[BUOY  ,0087]from -7mbar/s to -10mbar/s
1724681955:[PUMP  ,0378]Outflow calculated : 2682
1724681955:[BUOY  ,0089]need to transfer +82mL (pump during 126154ms)
1724681957:[PUMP  ,0016]pump during 60000ms
1724682015:[PUMP  ,0212]battery 13515mV, 1040538uA (steady state), P+244016mbar
1724682282:[BUOY  ,0087]from -8mbar/s to -10mbar/s
1724682282:[PUMP  ,0378]Outflow calculated : 2684
1724682282:[BUOY  ,0089]need to transfer +58mL (pump during 89094ms)
1724682283:[PUMP  ,0016]pump during 60000ms
1724682342:[PUMP  ,0212]battery 13521mV, 1032364uA (steady state), P+241426mbar
1724682583:[PRESS ,0038]P+238836mbar,T+32767mdegC
1724682608:[BUOY  ,0087]from -8mbar/s to -10mbar/s
1724682608:[PUMP  ,0378]Outflow calculated : 2687
1724682608:[BUOY  ,0089]need to transfer +58mL (pump during 87481ms)
1724682609:[PUMP  ,0016]pump during 60000ms
1724682668:[PUMP  ,0212]battery 13525mV, 1023214uA (steady state), P+238606mbar
1724683234:[PRESS ,0038]P+232716mbar,T+32767mdegC
1724683259:[BUOY  ,0087]from -9mbar/s to -10mbar/s
1724683259:[PUMP  ,0378]Outflow calculated : 2692
1724683259:[BUOY  ,0089]need to transfer +30mL (pump during 44915ms)
1724683261:[PUMP  ,0016]pump during 44915ms
1724683305:[PUMP  ,0212]battery 13593mV, 1009428uA (steady state), P+232496mbar
1724683886:[PRESS ,0038]P+226416mbar,T+32767mdegC
1724683911:[BUOY  ,0087]from -9mbar/s to -10mbar/s
1724683911:[PUMP  ,0378]Outflow calculated : 2696
1724683911:[BUOY  ,0089]need to transfer +30mL (pump during 44845ms)
1724683912:[PUMP  ,0016]pump during 44845ms
1724683956:[PUMP  ,0212]battery 13621mV,  973682uA (steady state), P+226156mbar
1724684537:[PRESS ,0038]P+219726mbar,T+32767mdegC
1724685187:[PRESS ,0038]P+212916mbar,T+32767mdegC
1724685837:[PRESS ,0038]P+206156mbar,T+32767mdegC
1724685861:[BUOY  ,0087]from -9mbar/s to -10mbar/s
1724685862:[PUMP  ,0378]Outflow calculated : 2708
1724685862:[BUOY  ,0089]need to transfer +30mL (pump during 44482ms)
1724685863:[PUMP  ,0016]pump during 44482ms
1724685907:[PUMP  ,0212]battery 13691mV,  904264uA (steady state), P+205926mbar
1724686488:[PRESS ,0038]P+199426mbar,T+32767mdegC
1724687138:[PRESS ,0038]P+192956mbar,T+32767mdegC
1724687487:[BUOY  ,0087]from -9mbar/s to -10mbar/s
1724687488:[PUMP  ,0378]Outflow calculated : 2718
1724687488:[BUOY  ,0089]need to transfer +30mL (pump during 44351ms)
1724687489:[PUMP  ,0016]pump during 44351ms
1724687533:[PUMP  ,0212]battery 13712mV,  854122uA (steady state), P+189586mbar
1724687789:[PRESS ,0038]P+186536mbar,T+32767mdegC
1724688439:[PRESS ,0038]P+179836mbar,T+32767mdegC
1724688789:[BUOY  ,0087]from -9mbar/s to -10mbar/s
1724688789:[PUMP  ,0378]Outflow calculated : 2726
1724688789:[BUOY  ,0089]need to transfer +30mL (pump during 44253ms)
1724688790:[PUMP  ,0016]pump during 44253ms
1724688834:[PUMP  ,0212]battery 13725mV,  811056uA (steady state), P+176326mbar
1724689090:[PRESS ,0038]P+173356mbar,T+32767mdegC
1724689440:[BUOY  ,0087]from -9mbar/s to -10mbar/s
1724689440:[PUMP  ,0378]Outflow calculated : 2729
1724689440:[BUOY  ,0089]need to transfer +30mL (pump during 44371ms)
1724689441:[PUMP  ,0016]pump during 44371ms
1724689485:[PUMP  ,0212]battery 13705mV,  785314uA (steady state), P+170146mbar
1724689742:[PRESS ,0038]P+167406mbar,T+32767mdegC
1724689766:[BUOY  ,0087]from -9mbar/s to -10mbar/s
1724689766:[PUMP  ,0378]Outflow calculated : 2731
1724689766:[BUOY  ,0089]need to transfer +30mL (pump during 44410ms)
1724689768:[PUMP  ,0016]pump during 44410ms
1724689812:[PUMP  ,0212]battery 13668mV,  774334uA (steady state), P+167166mbar
1724690093:[BUOY  ,0087]from -9mbar/s to -10mbar/s
1724690093:[PUMP  ,0378]Outflow calculated : 2733
1724690093:[BUOY  ,0089]need to transfer +30mL (pump during 44379ms)
1724690094:[PUMP  ,0016]pump during 44379ms
1724690138:[PUMP  ,0212]battery 13662mV,  763964uA (steady state), P+163966mbar
1724690394:[PRESS ,0038]P+160956mbar,T+32767mdegC
1724691044:[PRESS ,0038]P+154076mbar,T+32767mdegC
1724691694:[PRESS ,0038]P+147216mbar,T+32767mdegC
1724692344:[PRESS ,0038]P+140086mbar,T+32767mdegC
1724692994:[PRESS ,0038]P+133286mbar,T+32767mdegC
1724693643:[PRESS ,0038]P+126676mbar,T+32767mdegC
1724694293:[PRESS ,0038]P+120156mbar,T+32767mdegC
1724694318:[BUOY  ,0087]from -9mbar/s to -10mbar/s
1724694318:[PUMP  ,0378]Outflow calculated : 2760
1724694318:[BUOY  ,0089]need to transfer +30mL (pump during 43677ms)
1724694319:[PUMP  ,0016]pump during 43677ms
1724694362:[PUMP  ,0212]battery 13786mV,  618174uA (steady state), P+119916mbar
1724694944:[PRESS ,0038]P+113746mbar,T+32767mdegC
1724695294:[BUOY  ,0087]from -9mbar/s to -10mbar/s
1724695294:[PUMP  ,0378]Outflow calculated : 2765
1724695294:[BUOY  ,0089]need to transfer +30mL (pump during 43662ms)
1724695295:[PUMP  ,0016]pump during 43662ms
1724695338:[PUMP  ,0212]battery 13812mV,  581696uA (steady state), P+110426mbar
1724695596:[PRESS ,0038]P+107406mbar,T+32767mdegC
1724696246:[PRESS ,0038]P+100506mbar,T+32767mdegC
1724696595:[BUOY  ,0087]from -9mbar/s to -10mbar/s
1724696595:[PUMP  ,0378]Outflow calculated : 2774
1724696595:[BUOY  ,0089]need to transfer +30mL (pump during 43488ms)
1724696597:[PUMP  ,0016]pump during 43488ms
1724696640:[PUMP  ,0212]battery 13843mV,  534726uA (steady state), P +97006mbar
1724696897:[PRESS ,0038]P +94206mbar,T+32767mdegC
1724697547:[PRESS ,0038]P +87566mbar,T+32767mdegC
1724698196:[PRESS ,0038]P +80626mbar,T+32767mdegC
1724698221:[BUOY  ,0087]from -9mbar/s to -10mbar/s
1724698221:[PUMP  ,0378]Outflow calculated : 2784
1724698221:[BUOY  ,0089]need to transfer +30mL (pump during 43297ms)
1724698223:[PUMP  ,0016]pump during 43297ms
1724698266:[PUMP  ,0212]battery 13878mV,  475190uA (steady state), P +80406mbar
1724698548:[BUOY  ,0087]from -9mbar/s to -10mbar/s
1724698548:[PUMP  ,0378]Outflow calculated : 2785
1724698548:[BUOY  ,0089]need to transfer +30mL (pump during 43282ms)
1724698549:[PUMP  ,0016]pump during 43282ms
1724698592:[PUMP  ,0212]battery 13882mV,  459208uA (steady state), P +77236mbar
1724698849:[PRESS ,0038]P +74056mbar,T+32767mdegC
1724699499:[PRESS ,0038]P +67076mbar,T+32767mdegC
1724699849:[BUOY  ,0087]from -9mbar/s to -10mbar/s
1724699849:[PUMP  ,0378]Outflow calculated : 2794
1724699849:[BUOY  ,0089]need to transfer +30mL (pump during 43177ms)
1724699850:[PUMP  ,0016]pump during 43177ms
1724699893:[PUMP  ,0212]battery 13926mV,  411750uA (steady state), P +63746mbar
1724700150:[PRESS ,0038]P +60866mbar,T+32767mdegC
1724700800:[PRESS ,0038]P +54126mbar,T+32767mdegC
1724701450:[PRESS ,0038]P +47406mbar,T+32767mdegC
1724702100:[PRESS ,0038]P +40386mbar,T+32767mdegC
1724702449:[BUOY  ,0087]from -9mbar/s to -10mbar/s
1724702449:[PUMP  ,0378]Outflow calculated : 2810
1724702450:[BUOY  ,0089]need to transfer +30mL (pump during 42782ms)
1724702451:[PUMP  ,0016]pump during 42782ms
1724702493:[PUMP  ,0212]battery 14052mV,  309148uA (steady state), P +36856mbar
1724702751:[PRESS ,0038]P +34066mbar,T+32767mdegC
1724703401:[PRESS ,0038]P +27496mbar,T+32767mdegC
1724703426:[BUOY  ,0087]from -9mbar/s to -10mbar/s
1724703426:[PUMP  ,0378]Outflow calculated : 2816
1724703426:[BUOY  ,0089]need to transfer +30mL (pump during 42728ms)
1724703427:[PUMP  ,0016]pump during 42728ms
1724703469:[PUMP  ,0212]battery 14131mV,  272182uA (steady state), P +27286mbar
1724704052:[PRESS ,0038]P +21096mbar,T+32767mdegC
1724704077:[BUOY  ,0087]from -9mbar/s to -10mbar/s
1724704077:[PUMP  ,0378]Outflow calculated : 2819
1724704077:[BUOY  ,0089]need to transfer +30mL (pump during 42708ms)
1724704078:[PUMP  ,0016]pump during 42708ms
1724704120:[PUMP  ,0212]battery 14186mV,  245830uA (steady state), P +20856mbar
1724704703:[PRESS ,0038]P +14556mbar,T+32767mdegC
1724705053:[BUOY  ,0087]from -7mbar/s to -10mbar/s
1724705053:[PUMP  ,0378]Outflow calculated : 2825
1724705053:[BUOY  ,0089]need to transfer +82mL (pump during 116147ms)
1724705055:[PUMP  ,0016]pump during 60000ms
1724705113:[PUMP  ,0212]battery 14302mV,  201422uA (steady state), P +11536mbar
1724705355:[PRESS ,0038]P  +9066mbar,T+32767mdegC
1724705380:[BUOY  ,0087]from -9mbar/s to -10mbar/s
1724705380:[PUMP  ,0378]Outflow calculated : 2827
1724705380:[BUOY  ,0089]need to transfer +30mL (pump during 42459ms)
1724705381:[PUMP  ,0016]pump during 42459ms
1724705423:[PUMP  ,0212]battery 14325mV,  194956uA (steady state), P  +8826mbar
1724705706:[BUOY  ,0087]from -9mbar/s to -10mbar/s
1724705706:[PUMP  ,0378]Outflow calculated : 2829
1724705706:[BUOY  ,0089]need to transfer +30mL (pump during 42429ms)
1724705707:[PUMP  ,0016]pump during 42429ms
1724705749:[PUMP  ,0212]battery 14365mV,  181902uA (steady state), P  +5806mbar
1724706008:[PRESS ,0038]P  +3766mbar,T+32767mdegC
1724706032:[BUOY  ,0087]from -8mbar/s to -10mbar/s
1724706032:[PUMP  ,0378]Outflow calculated : 2830
1724706032:[BUOY  ,0089]need to transfer +58mL (pump during 81921ms)
1724706034:[PUMP  ,0016]pump during 60000ms
1724706093:[PUMP  ,0212]battery 14391mV,  176412uA (steady state), P  +3576mbar
1724706359:[BUOY  ,0087]from -6mbar/s to -10mbar/s
1724706359:[PUMP  ,0378]Outflow calculated : 2831
1724706359:[BUOY  ,0089]need to transfer +102mL (pump during 144068ms)
1724706360:[PUMP  ,0016]pump during 60000ms
1724706419:[PUMP  ,0212]battery 14442mV,  163358uA (steady state), P   +876mbar
1724706685:[STAGE ,0214]-164mbar (500) reached at 1724706685s, ascending from 251026mbar
1724706685:[STAGE ,0342]The float reached the surface : OK
1724706685:[MAIN  ,0140]stage[3] complete 2215s after mission start
1724706685:[SBE   ,0391]Mode changed from PROFILING to SLEEP
1724706686:[SBE   ,0391]Mode changed from SLEEP to STOP
1724706843:[SBE   ,0391]Mode changed from STOP to SLEEP
1724706844:[SBE   ,0391]Mode changed from SLEEP to DUMP
1724706844:[SBE   ,0343]SBE dump : 453 stored samples in hexa format
1724706859:[SBE   ,0338]Dump finished
1724706859:[SBE   ,0388]453 samples in 0100/66CC89C7.S61
1724706859:[SBE   ,0391]Mode changed from DUMP to SLEEP
1724706859:[MRMAID,0188]acq already stopped
1724706859:[MSSION,0192]mission stopped, 4 stage(s) done
1724706859:[MAIN  ,0065]surfacing
1724706861:[SURFIN,0036]P   -174mbar
1724706863:[SURFIN,0020]filling external bladder
1724706864:[PUMP  ,0016]pump during 30000ms
1724706893:[PUMP  ,0212]battery 13772mV, 1190598uA (steady state), P   -174mbar
1724706911:[PUMP  ,0016]pump during 30000ms
1724706940:[PUMP  ,0212]battery 14906mV,   12932uA (steady state), P   -174mbar
1724706957:[PUMP  ,0016]pump during 30000ms
1724706986:[PUMP  ,0212]battery 14657mV,   78934uA (steady state), P   -174mbar
1724707003:[PUMP  ,0016]pump during 30000ms
1724707021:[PUMP  ,0212]battery 14336mV,  441030uA (steady state), P   -174mbar
1724707021:[PUMP  ,0019]external bladder full
1724707084:[MAIN  ,0272]Vbat 14858mV (min 14040mV)
1724707086:[MAIN  ,0024]internal pressure 74825Pa
1724707086:[MAIN  ,0043]Pext 245mbar (rng 40mbar)
1724707086:[MAIN  ,0064]surface
1724707098:[SURF  ,0022]GPS fix...
1724707099:[GPSFIX,0123]<WARN>GPRMC ms=430 #1
1724707187:[SURF  ,0015]10 PPS detected...
1724707189:[MRMAID,0052]$GPSACK:+0,+0,+0,+0,+0,-2,-170745;
1724707199:[MRMAID,0052]$GPSOFF:3686330;
1724707200:[GPSFIX,0179]-12s diff
1724707212:[SURF  ,0222]2024-08-26T21:20:12
1724707212:[SURF  ,0082]N29deg18.618mn, E138deg09.318mn
1724707212:[SURF  ,0084]hdop 1.990, vdop 5.030
1724707222:[SURF  ,0274]last almanac : 3461612
1724707568:[MRMAID,0026]134438 bytes in 0100/66CCF19B.MER
1724707573:[MAIN  ,0320]New pressure offset: 245mbar
1724707573:[SBE   ,0391]Mode changed from SLEEP to RESETOFFSET
1724707635:[SBE   ,0339]new offset = -2.38 received after 63s
1724707635:[SBE   ,0391]Mode changed from RESETOFFSET to SLEEP
1724707636:[MAIN  ,0078]*** switching to 0100/66CCF334 ***
