1753210788:[MAIN  ,0007]buoy 467.174-T-0100
1753210788:[MAIN  ,0055]soft pilotage 467.174.300_V2.67-20230503
1753210788:[MAIN  ,0010]cycle 78
1753210788:[SURF  ,0225]surface2
1753210802:[SURF  ,0022]GPS fix...
1753210833:[SURF  ,0015]10 PPS detected...
1753210834:[MRMAID,0052]$GPSACK:+0,+0,+0,+0,+0,+0,+0;
1753210844:[MRMAID,0052]$GPSOFF:3686330;
1753210846:[GPSFIX,0179]-1s diff
1753210847:[SURF  ,0222]2025-07-22T19:00:47
1753210847:[SURF  ,0082]N32deg24.589mn, E134deg19.723mn
1753210847:[SURF  ,0084]hdop 1.150, vdop 1.680
1753210857:[SURF  ,0025]Iridium...
1753210891:[SURF  ,0009]connected in 34s, signal quality 5
1753211021:[SURF  ,0218]prompt received, remote cmd end
1753211021:[SURF  ,0012]21 cmd(s) received
1753211044:[UPLOAD,0248]Upload data files...
1753211321:[SURF  ,0014]disconnected after 464s
1753211326:[SURFIN,0020]filling external bladder
1753211327:[PUMP  ,0016]pump during 30000ms
1753211332:[PUMP  ,0212]battery 13435mV, 1120936uA (steady state), P   +180mbar
1753211332:[PUMP  ,0019]external bladder full
1753211332:[SURF  ,0069]transfer interrupted , retry
1753211344:[SURF  ,0022]GPS fix...
1753211364:[SURF  ,0015]10 PPS detected...
1753211365:[MRMAID,0052]$GPSACK:+0,+0,+0,+0,+0,+0,-61;
1753211375:[MRMAID,0052]$GPSOFF:3686330;
1753211377:[GPSFIX,0179]-1s diff
1753211378:[SURF  ,0222]2025-07-22T19:09:38
1753211378:[SURF  ,0082]N32deg24.712mn, E134deg19.731mn
1753211378:[SURF  ,0084]hdop 0.810, vdop 1.030
1753211388:[SURF  ,0025]Iridium...
1753211419:[SURF  ,0009]connected in 31s, signal quality 4
1753211520:[SURF  ,0218]prompt received, remote cmd end
1753211520:[SURF  ,0012]21 cmd(s) received
1753211541:[UPLOAD,0248]Upload data files...
1753212813:[SURF  ,0014]disconnected after 1425s
1753212818:[SURFIN,0020]filling external bladder
1753212820:[PUMP  ,0016]pump during 30000ms
1753212823:[PUMP  ,0212]battery 13782mV, 1072258uA (steady state), P   +180mbar
1753212823:[PUMP  ,0019]external bladder full
1753212823:[SURF  ,0069]transfer interrupted , retry
1753212834:[SURF  ,0022]GPS fix...
1753212854:[SURF  ,0015]10 PPS detected...
1753212855:[MRMAID,0052]$GPSACK:+0,+0,+0,+0,+0,+1,-999603;
1753212865:[MRMAID,0052]$GPSOFF:3686328;
1753212867:[GPSFIX,0179]-1s diff
1753212868:[SURF  ,0222]2025-07-22T19:34:28
1753212868:[SURF  ,0082]N32deg25.021mn, E134deg19.734mn
1753212868:[SURF  ,0084]hdop 0.600, vdop 0.800
1753212878:[SURF  ,0025]Iridium...
1753212935:[SURF  ,0009]connected in 57s, signal quality 4
1753213039:[SURF  ,0218]prompt received, remote cmd end
1753213039:[SURF  ,0012]21 cmd(s) received
1753213062:[UPLOAD,0248]Upload data files...
1753213354:[SURF  ,0014]disconnected after 476s
1753213359:[SURFIN,0020]filling external bladder
1753213361:[PUMP  ,0019]external bladder full
1753213361:[SURF  ,0069]transfer interrupted , retry
1753213372:[SURF  ,0022]GPS fix...
1753213392:[SURF  ,0015]10 PPS detected...
1753213393:[MRMAID,0052]$GPSACK:+0,+0,+0,+0,+0,+0,-30;
1753213403:[MRMAID,0052]$GPSOFF:3686328;
1753213405:[GPSFIX,0179]-1s diff
1753213406:[SURF  ,0222]2025-07-22T19:43:26
1753213406:[SURF  ,0082]N32deg25.121mn, E134deg19.746mn
1753213406:[SURF  ,0084]hdop 0.660, vdop 0.910
1753213416:[SURF  ,0025]Iridium...
1753213446:[SURF  ,0009]connected in 30s, signal quality 3
1753213563:[SURF  ,0218]prompt received, remote cmd end
1753213563:[SURF  ,0012]21 cmd(s) received
1753213586:[UPLOAD,0248]Upload data files...
1753213724:[UPLOAD,0231]"0100/687FDE3D.MER" uploaded at 127bytes/s
1753214339:[ZIO   ,0240]"NO CARRIER" received, aborting
1753214359:[SURF  ,0014]disconnected after 943s
1753214365:[SURFIN,0020]filling external bladder
1753214366:[PUMP  ,0019]external bladder full
1753214366:[SURF  ,0069]transfer interrupted , retry
1753214377:[SURF  ,0022]GPS fix...
1753214378:[GPSFIX,0123]<WARN>GPRMC ms=890 #1
1753214398:[SURF  ,0015]10 PPS detected...
1753214399:[MRMAID,0052]$GPSACK:+0,+0,+0,+1,-59,-59,-999847;
1753214409:[MRMAID,0052]$GPSOFF:3686327;
1753214411:[GPSFIX,0179]-1s diff
1753214412:[SURF  ,0222]2025-07-22T20:00:12
1753214412:[SURF  ,0082]N32deg25.316mn, E134deg19.756mn
1753214412:[SURF  ,0084]hdop 0.640, vdop 0.870
1753214422:[SURF  ,0025]Iridium...
1753214423:[MODEM ,0347]<ERR>ping error
1753214423:[SURF  ,0023]<WARN>failed to connect #1, code -1, net -1, qual -1, dial -1
1753214488:[SURF  ,0009]connected in 66s, signal quality 1
1753214678:[SURF  ,0218]prompt received, remote cmd end
1753214678:[SURF  ,0012]68 cmd(s) received
1753214698:[UPLOAD,0248]Upload data files...
1753214872:[UPLOAD,0231]"0100/6872AF2F.BIN" uploaded at 128bytes/s
1753214888:[MAIN  ,0013]1 file(s) uploaded
1753214923:[SURF  ,0014]disconnected after 501s
1753214928:[SURF  ,0227]1st complete transfer
1753214928:[SURF  ,0226]Go dive
1753214940:[SURF  ,0022]GPS fix...
1753214960:[SURF  ,0015]10 PPS detected...
1753214961:[MRMAID,0052]$GPSACK:+0,+0,+0,+0,+0,+0,+0;
1753214971:[MRMAID,0052]$GPSOFF:3686327;
1753214973:[GPSFIX,0179]-1s diff
1753214974:[SURF  ,0222]2025-07-22T20:09:34
1753214974:[SURF  ,0082]N32deg25.424mn, E134deg19.742mn
1753214974:[SURF  ,0084]hdop 0.610, vdop 0.950
1753214991:[MAIN  ,0024]internal pressure 80413Pa
1753214992:[BYCMD ,0120]    bypass 20000ms 120000ms (20000ms 60000ms stored)
1753214992:[BYCMD ,0121]    valve 60000ms 12750 (60000ms 12750 stored)
1753214992:[BYCMD ,0376]    pump 60000ms 2832 8320 418 (60000ms 2832 8320 418 stored)
1753214992:[BYCMD ,0123]    rate 2mbar/s (2mbar/s stored)
1753214992:[BYCMD ,0124]    surface 500mbar (500mbar stored)
1753214992:[BYCMD ,0173]    near 7000mbar 2:2:3mbar/s (15000mbar 2:2:3mbar/s stored)
1753214992:[BYCMD ,0380]    middle 6mbar/s (6mbar/s stored)
1753214992:[BYCMD ,0126]    far 25000mbar 9mbar/s (25000mbar 9mbar/s stored)
1753214992:[BYCMD ,0127]    ascent 10mbar/s (10mbar/s stored)
1753214992:[BYCMD ,0128]    dead 300s (300s stored)
1753214992:[BYCMD ,0129]    coeff 16/10 (16/10 stored)
1753214992:[BYCMD ,0130]    stab 10 (10 stored)
1753214992:[BYCMD ,0131]    delay 900s 18000s (900s 3600s stored)
1753214992:[BYCMD ,0132]    mmtime 14400min (2880min stored)
1753214992:[BYCMD ,0133]    dv_landing 100ml (100ml stored)
1753214992:[BYCMD ,0381]    landing confirmation 5 (5 stored)
1753214992:[BYCMD ,0379]    cycle nb 1 (1 stored)
1753214992:[P2TCMD,0150]    p2t37: 15x2000ms, offset 179mbar
1753214993:[P2TCMD,0151]    p2t37: dp 5000mbar, dt 1000000mdegC
1753214993:[STAGE ,0080]Stage [0] 200000mbar (+/-5000mbar) 25200s (<25200s) 
1753214993:[STAGE ,0080]Stage [1] 200000mbar (+/-5000mbar) 788400s (<813600s) MERMAID SBE61 
1753214993:[PROFIL,0302]    manual_profil=1
1753214993:[PROFIL,0303]    manual_profil_rate=1 hours
1753214993:[STAGE ,0080]Stage [2] 250000mbar (+/-5000mbar) 14400s (<828000s) 
1753214993:[STAGE ,0091]Stage [3] surfacing 36000s (<864000s) SBE61 
1753214993:[PROFIL,0284]    speed_detection=1
1753214993:[PROFIL,0285]    bin_average_output=1
1753214993:[PROFIL,0287]    include_transition_bin=1
1753214993:[PROFIL,0304]    include_nbin=1
1753214993:[PROFIL,0301]    load_test_sample=0
1753214993:[PROFIL,0288]    p_cut_off=2dbar
1753214993:[PROFIL,0289]    top_bin_interval=2dbar
1753214993:[PROFIL,0290]    top_bin_size=2dbar
1753214993:[PROFIL,0291]    top_bin_max=500dbar
1753214993:[PROFIL,0292]    middle_bin_interval=10dbar
1753214993:[PROFIL,0293]    middle_bin_size=10dbar
1753214993:[PROFIL,0294]    middle_bin_max=2500dbar
1753214993:[PROFIL,0295]    bottom_bin_interval=50dbar
1753214993:[PROFIL,0296]    bottom_bin_size=50dbar
1753214993:[PROFIL,0297]    pump_time=0s
1753214993:[PROFIL,0298]    speed_start=2mbar/s
1753214993:[PROFIL,0299]    speed_control=10mbar/s
1753214993:[MAIN  ,0070]turn off bluetooth
1753215021:[DIVING,0141]diving from -39mbar, +0mbar/s
1753215021:[BYPASS,0035]bypass opening 120000ms
1753215026:[BYPASS,0104]battery 14118mV,  273768uA (bypass opening), P    -39mbar
1753215151:[BYPASS,0106]battery 14015mV,  297314uA (bypass closing), P    -39mbar
1753215177:[BYPASS,0035]bypass opening 20000ms
1753215183:[BYPASS,0104]battery 14111mV,  271206uA (bypass opening), P   -179mbar
1753215208:[BYPASS,0106]battery 14033mV,  296704uA (bypass closing), P   -179mbar
1753215234:[BYPASS,0035]bypass opening 20000ms
1753215239:[BYPASS,0104]battery 14117mV,  266936uA (bypass opening), P   -179mbar
1753215264:[BYPASS,0106]battery 14040mV,  296094uA (bypass closing), P   -179mbar
1753215364:[DIVING,0028]511mbar reached (+7mbar/s), 3 bypass done
1753215365:[MAIN  ,0056]stage[0]
1753215367:[MAIN  ,0024]internal pressure 84103Pa
1753215368:[BUOY  ,0037]P   +511mbar
1753215370:[BUOY  ,0087]from +6mbar/s to +9mbar/s
1753215370:[BUOY  ,0090]need to transfer -72mL (valve during 39913ms)
1753215370:[VALVE ,0034]valve opening 39913ms
1753215410:[VALVE ,0234]battery 13620mV,  477264uA, P   +531mbar
1753215695:[BUOY  ,0087]from +3mbar/s to +9mbar/s
1753215695:[BUOY  ,0090]need to transfer -116mL (valve during 27389ms)
1753215695:[VALVE ,0034]valve opening 27389ms
1753215722:[VALVE ,0234]battery 13680mV,  480558uA, P  +2991mbar
1753216020:[BUOY  ,0087]from +5mbar/s to +9mbar/s
1753216020:[BUOY  ,0090]need to transfer -90mL (valve during 16162ms)
1753216020:[VALVE ,0034]valve opening 16162ms
1753216036:[VALVE ,0234]battery 13711mV,  482876uA, P  +5151mbar
1753216345:[BUOY  ,0087]from +7mbar/s to +9mbar/s
1753216345:[BUOY  ,0090]need to transfer -52mL (valve during 7449ms)
1753216345:[VALVE ,0034]valve opening 7449ms
1753216353:[VALVE ,0234]battery 13711mV,  485072uA, P  +8091mbar
1753216645:[PRESS ,0038]P +11081mbar,T+32767mdegC
1753217295:[PRESS ,0038]P +17471mbar,T+32767mdegC
1753217945:[PRESS ,0038]P +23561mbar,T+32767mdegC
1753218595:[PRESS ,0038]P +29721mbar,T+32767mdegC
1753219245:[PRESS ,0038]P +35411mbar,T+32767mdegC
1753219894:[PRESS ,0038]P +41021mbar,T+32767mdegC
1753220544:[PRESS ,0038]P +47141mbar,T+32767mdegC
1753221194:[PRESS ,0038]P +52481mbar,T+32767mdegC
1753221844:[PRESS ,0038]P +58041mbar,T+32767mdegC
1753222493:[PRESS ,0038]P +64181mbar,T+32767mdegC
1753223143:[PRESS ,0038]P +69451mbar,T+32767mdegC
1753223793:[PRESS ,0038]P +74761mbar,T+32767mdegC
1753224443:[PRESS ,0038]P +80251mbar,T+32767mdegC
1753224792:[BUOY  ,0087]from +7mbar/s to +9mbar/s
1753224793:[BUOY  ,0090]need to transfer -52mL (valve during 2310ms)
1753224793:[VALVE ,0034]valve opening 2310ms
1753224795:[VALVE ,0234]battery 13330mV,  489098uA, P +82871mbar
1753225093:[PRESS ,0038]P +85361mbar,T+32767mdegC
1753225743:[PRESS ,0038]P +90591mbar,T+32767mdegC
1753226392:[PRESS ,0038]P +96041mbar,T+32767mdegC
1753227042:[PRESS ,0038]P+101851mbar,T+32767mdegC
1753227692:[PRESS ,0038]P+107251mbar,T+32767mdegC
1753228342:[PRESS ,0038]P+112331mbar,T+32767mdegC
1753228367:[BUOY  ,0087]from +7mbar/s to +9mbar/s
1753228367:[BUOY  ,0090]need to transfer -52mL (valve during 1979ms)
1753228367:[VALVE ,0034]valve opening 1979ms
1753228369:[VALVE ,0234]battery 13230mV,  501786uA, P+112501mbar
1753228992:[PRESS ,0038]P+118091mbar,T+32767mdegC
1753229642:[PRESS ,0038]P+124291mbar,T+32767mdegC
1753230291:[PRESS ,0038]P+130761mbar,T+32767mdegC
1753230941:[PRESS ,0038]P+136891mbar,T+32767mdegC
1753231591:[PRESS ,0038]P+142141mbar,T+32767mdegC
1753231941:[BUOY  ,0087]from +6mbar/s to +9mbar/s
1753231941:[BUOY  ,0090]need to transfer -72mL (valve during 2416ms)
1753231941:[VALVE ,0034]valve opening 2416ms
1753231943:[VALVE ,0234]battery 13167mV,  509960uA, P+144681mbar
1753232241:[PRESS ,0038]P+147201mbar,T+32767mdegC
1753232891:[PRESS ,0038]P+152791mbar,T+32767mdegC
1753233541:[PRESS ,0038]P+159141mbar,T+32767mdegC
1753234190:[PRESS ,0038]P+165851mbar,T+32767mdegC
1753234840:[PRESS ,0038]P+172361mbar,T+32767mdegC
1753235190:[BUOY  ,0087]from +8mbar/s to +6mbar/s
1753235190:[PUMP  ,0378]Outflow calculated : 2726
1753235190:[BUOY  ,0089]need to transfer +44mL (pump during 64897ms)
1753235191:[PUMP  ,0016]pump during 60000ms
1753235250:[PUMP  ,0212]battery 13760mV,  778116uA (steady state), P+175721mbar
1753235491:[PRESS ,0038]P+178391mbar,T+32767mdegC
1753235516:[BUOY  ,0087]from +8mbar/s to +6mbar/s
1753235516:[PUMP  ,0378]Outflow calculated : 2723
1753235516:[BUOY  ,0089]need to transfer +44mL (pump during 65967ms)
1753235518:[PUMP  ,0016]pump during 60000ms
1753235577:[PUMP  ,0212]battery 13830mV,  794098uA (steady state), P+178581mbar
1753236468:[PRESS ,0038]P+185421mbar,T+32767mdegC
1753237142:[BUOY  ,0087]from +8mbar/s to +6mbar/s
1753237142:[PUMP  ,0378]Outflow calculated : 2717
1753237142:[BUOY  ,0089]need to transfer +44mL (pump during 65476ms)
1753237143:[PUMP  ,0016]pump during 60000ms
1753237202:[PUMP  ,0212]battery 13855mV,  833138uA (steady state), P+190151mbar
1753237444:[PRESS ,0038]P+192171mbar,T+32767mdegC
1753237793:[BUOY  ,0087]from +7mbar/s to +2mbar/s
1753237793:[PUMP  ,0378]Outflow calculated : 2714
1753237793:[BUOY  ,0089]need to transfer +72mL (pump during 107623ms)
1753237795:[PUMP  ,0016]pump during 60000ms
1753237854:[PUMP  ,0212]battery 13898mV,  846436uA (steady state), P+194451mbar
1753238120:[STAGE ,0213]196211mbar reached at 1753238120s, ref 200000mbar +/-5000mbar
1753238120:[BUOY  ,0087]from +5mbar/s to +0mbar/s
1753238120:[PUMP  ,0378]Outflow calculated : 2713
1753238120:[BUOY  ,0089]need to transfer +40mL (pump during 59880ms)
1753238121:[PUMP  ,0016]pump during 59880ms
1753238180:[PUMP  ,0212]battery 13791mV,  858758uA (steady state), P+196211mbar
1753238421:[PRESS ,0038]P+197431mbar,T+32767mdegC
1753238446:[BUOY  ,0087]from +3mbar/s to +0mbar/s
1753238446:[PUMP  ,0378]Outflow calculated : 2711
1753238446:[BUOY  ,0089]need to transfer +14mL (pump during 21272ms)
1753238448:[PUMP  ,0016]pump during 21272ms
1753238469:[PUMP  ,0212]battery 13760mV,  863882uA (steady state), P+197501mbar
1753238773:[BUOY  ,0087]from +4mbar/s to +0mbar/s
1753238773:[PUMP  ,0378]Outflow calculated : 2710
1753238773:[BUOY  ,0089]need to transfer +26mL (pump during 39520ms)
1753238774:[PUMP  ,0016]pump during 39520ms
1753238813:[PUMP  ,0212]battery 13837mV,  868030uA (steady state), P+198621mbar
1753239999:[BUOY  ,0087]from +1mbar/s to +0mbar/s
1753239999:[PUMP  ,0378]Outflow calculated : 2710
1753239999:[BUOY  ,0089]need to transfer +2mL (pump during 2995ms)
1753240001:[PUMP  ,0016]pump during 2995ms
1753240626:[MAIN  ,0140]stage[0] complete 25262s after mission start
1753240626:[MAIN  ,0056]stage[1]
1753240628:[MAIN  ,0024]internal pressure 79342Pa
1753240629:[MRMAID,0002]acq started
1753240630:[SBE   ,0391]Mode changed from SLEEP to UPDATE
1753240630:[BUOY  ,0037]P+200401mbar
1753240632:[STAGE ,0213]200401mbar reached at 1753240632s, ref 200000mbar +/-5000mbar
1753240640:[SBE   ,0358]<ERR>Wake up failed during routine N[1]
1753240640:[SBE   ,0382]<ERR>Task 3 return -9
1753240640:[SBEx1 ,0138]<WARN>Do not answer several times restart it
1753240660:[SBE   ,0358]<ERR>Wake up failed during routine N[1]
1753240660:[SBE   ,0382]<ERR>Task 3 return -9
1753240660:[SBEx1 ,0138]<WARN>Do not answer several times restart it
1753240680:[SBE   ,0358]<ERR>Wake up failed during routine N[1]
1753240680:[SBE   ,0382]<ERR>Task 3 return -9
1753240680:[SBEx1 ,0138]<WARN>Do not answer several times restart it
1753240690:[SBE   ,0391]Mode changed from UPDATE to SLEEP
1753248436:[PRESS ,0038]P+202461mbar,T+32767mdegC
1753252938:[BUOY  ,0087]from +1mbar/s to +0mbar/s
1753252938:[PUMP  ,0378]Outflow calculated : 2708
1753252938:[BUOY  ,0089]need to transfer +2mL (pump during 2985ms)
1753252939:[MRMAID,0052]$STOPACK
1753252939:[MRMAID,0052]$MEASFS,490417,12256.078735,40.014185;
1753252940:[PUMP  ,0016]pump during 2985ms
1753252943:[MRMAID,0185]4 spurious byte(s) received
1753252944:[MRMAID,0002]acq started
1753262980:[MRMAID,0027]2045dbar, 33degC
1753263118:[MRMAID,0027]2045dbar, 33degC
1753264212:[MRMAID,0027]2040dbar, 33degC
1753265304:[MRMAID,0027]2031dbar, 33degC
1753265964:[MRMAID,0027]2030dbar, 33degC
1753266083:[MRMAID,0027]2030dbar, 33degC
1753266265:[MRMAID,0005]ascent request rejected
1753266733:[MRMAID,0027]2029dbar, 33degC
1753267395:[MRMAID,0027]2033dbar, 33degC
1753267525:[MRMAID,0005]ascent request rejected
1753267680:[MRMAID,0027]2034dbar, 33degC
1753267864:[MRMAID,0027]2034dbar, 33degC
1753268158:[MRMAID,0027]2035dbar, 33degC
1753268627:[MRMAID,0027]2037dbar, 33degC
1753268757:[MRMAID,0005]ascent request rejected
1753269432:[MRMAID,0027]2039dbar, 33degC
1753269842:[MRMAID,0027]2040dbar, 33degC
1753273973:[MRMAID,0027]2045dbar, 33degC
1753274359:[MRMAID,0027]2046dbar, 33degC
1753274514:[MRMAID,0005]ascent request rejected
1753275917:[MRMAID,0027]2043dbar, 33degC
1753276045:[MRMAID,0005]ascent request rejected
1753278443:[MRMAID,0027]2042dbar, 33degC
1753280422:[MRMAID,0027]2041dbar, 33degC
1753280551:[MRMAID,0027]2041dbar, 33degC
1753280690:[MRMAID,0005]ascent request rejected
1753281075:[MRMAID,0027]2042dbar, 33degC
1753281797:[MRMAID,0027]2046dbar, 33degC
1753281969:[MRMAID,0027]2046dbar, 33degC
1753282680:[BUOY  ,0087]from +0mbar/s to -2mbar/s
1753282680:[PUMP  ,0378]Outflow calculated : 2708
1753282680:[BUOY  ,0089]need to transfer +6mL (pump during 8959ms)
1753282680:[MRMAID,0003]acq stopped
1753282681:[MRMAID,0052]$MEASFS,1187756,29683.348266,40.014219;
1753282682:[PUMP  ,0016]pump during 8959ms
1753282690:[PUMP  ,0212]battery 13562mV,  886696uA (steady state), P+205001mbar
1753282692:[MRMAID,0002]acq started
1753283822:[MRMAID,0027]2041dbar, 33degC
1753283997:[MRMAID,0005]ascent request rejected
1753289354:[MRMAID,0027]2012dbar, 33degC
1753289482:[MRMAID,0005]ascent request rejected
1753290045:[MRMAID,0027]2013dbar, 33degC
1753290157:[MRMAID,0027]2013dbar, 33degC
1753290287:[MRMAID,0027]2014dbar, 33degC
1753291280:[MRMAID,0027]2019dbar, 33degC
1753298421:[MRMAID,0027]2026dbar, 33degC
1753298568:[MRMAID,0027]2026dbar, 33degC
1753298793:[MRMAID,0027]2027dbar, 33degC
1753298921:[MRMAID,0027]2028dbar, 33degC
1753299435:[MRMAID,0027]2027dbar, 33degC
1753299561:[MRMAID,0005]ascent request rejected
1753303757:[MRMAID,0027]2037dbar, 33degC
1753303872:[MRMAID,0027]2037dbar, 33degC
1753304016:[MRMAID,0005]ascent request rejected
1753304017:[BUOY  ,0087]from +1mbar/s to +0mbar/s
1753304017:[PUMP  ,0378]Outflow calculated : 2709
1753304018:[BUOY  ,0089]need to transfer +2mL (pump during 2987ms)
1753304018:[MRMAID,0003]acq stopped
1753304018:[MRMAID,0052]$MEASFS,851210,21272.683899,40.014227;
1753304019:[PUMP  ,0016]pump during 2987ms
1753304023:[MRMAID,0002]acq started
1753304210:[MRMAID,0027]2039dbar, 33degC
1753305727:[MRMAID,0027]2026dbar, 33degC
1753305868:[MRMAID,0005]ascent request rejected
1753308777:[MRMAID,0027]2021dbar, 33degC
1753309048:[MRMAID,0027]2022dbar, 33degC
1753310274:[MRMAID,0027]2018dbar, 33degC
1753310713:[MRMAID,0027]2013dbar, 33degC
1753316074:[MRMAID,0027]2016dbar, 33degC
1753316255:[MRMAID,0005]ascent request rejected
1753323626:[MRMAID,0027]2020dbar, 33degC
1753325831:[MRMAID,0027]2017dbar, 33degC
1753326251:[MRMAID,0027]2016dbar, 33degC
1753326378:[MRMAID,0005]ascent request rejected
1753327617:[MRMAID,0027]2017dbar, 33degC
1753327964:[MRMAID,0027]2017dbar, 33degC
1753330595:[MRMAID,0027]2016dbar, 33degC
1753337278:[MRMAID,0027]2024dbar, 33degC
1753339162:[BUOY  ,0087]from +1mbar/s to +0mbar/s
1753339162:[PUMP  ,0378]Outflow calculated : 2708
1753339162:[BUOY  ,0089]need to transfer +2mL (pump during 2990ms)
1753339162:[MRMAID,0003]acq stopped
1753339162:[MRMAID,0052]$MEASFS,1403923,35085.596069,40.014227;
1753339164:[PUMP  ,0016]pump during 2990ms
1753339168:[MRMAID,0002]acq started
1753341035:[MRMAID,0027]2025dbar, 33degC
1753341930:[MRMAID,0027]2014dbar, 33degC
1753342582:[MRMAID,0027]2011dbar, 33degC
1753343295:[MRMAID,0027]2010dbar, 33degC
1753343609:[MRMAID,0027]2011dbar, 33degC
1753343749:[MRMAID,0005]ascent request rejected
1753344152:[MRMAID,0027]2014dbar, 33degC
1753344264:[MRMAID,0027]2014dbar, 33degC
1753344398:[MRMAID,0005]ascent request rejected
1753344688:[MRMAID,0027]2017dbar, 33degC
1753344818:[MRMAID,0005]ascent request rejected
1753346206:[MRMAID,0027]2018dbar, 33degC
1753346325:[MRMAID,0027]2018dbar, 33degC
1753346456:[MRMAID,0005]ascent request rejected
1753346769:[MRMAID,0027]2017dbar, 33degC
1753346926:[MRMAID,0005]ascent request rejected
1753347249:[MRMAID,0027]2017dbar, 33degC
1753348061:[MRMAID,0027]2017dbar, 33degC
1753348174:[MRMAID,0027]2017dbar, 33degC
1753348315:[MRMAID,0005]ascent request rejected
1753349070:[MRMAID,0027]2017dbar, 33degC
1753349209:[MRMAID,0027]2017dbar, 33degC
1753349356:[MRMAID,0005]ascent request rejected
1753351554:[MRMAID,0027]2012dbar, 33degC
1753351719:[MRMAID,0005]ascent request rejected
1753351827:[MRMAID,0027]2012dbar, 33degC
1753351962:[MRMAID,0005]ascent request rejected
1753352515:[MRMAID,0027]2012dbar, 33degC
1753352643:[MRMAID,0005]ascent request rejected
1753352880:[MRMAID,0027]2013dbar, 33degC
1753353011:[MRMAID,0005]ascent request rejected
1753353340:[MRMAID,0027]2014dbar, 33degC
1753353479:[MRMAID,0005]ascent request rejected
1753353709:[MRMAID,0027]2015dbar, 33degC
1753353845:[MRMAID,0005]ascent request rejected
1753354151:[MRMAID,0027]2016dbar, 33degC
1753354667:[MRMAID,0027]2017dbar, 33degC
1753354857:[MRMAID,0005]ascent request rejected
1753355047:[MRMAID,0027]2017dbar, 33degC
1753355192:[MRMAID,0027]2017dbar, 33degC
1753355349:[MRMAID,0005]ascent request rejected
1753355463:[MRMAID,0027]2017dbar, 33degC
1753355690:[MRMAID,0027]2017dbar, 33degC
1753355866:[MRMAID,0027]2016dbar, 33degC
1753355995:[MRMAID,0005]ascent request rejected
1753356500:[MRMAID,0027]2016dbar, 33degC
1753356656:[MRMAID,0005]ascent request rejected
1753360981:[MRMAID,0027]2016dbar, 33degC
1753361098:[MRMAID,0027]2016dbar, 33degC
1753361315:[MRMAID,0027]2016dbar, 33degC
1753361442:[MRMAID,0005]ascent request rejected
1753363760:[MRMAID,0027]2020dbar, 33degC
1753363907:[MRMAID,0005]ascent request rejected
1753364202:[MRMAID,0027]2020dbar, 33degC
1753364333:[MRMAID,0005]ascent request rejected
1753381350:[MRMAID,0027]2013dbar, 33degC
1753381510:[MRMAID,0005]ascent request rejected
1753381654:[MRMAID,0027]2014dbar, 33degC
1753381828:[MRMAID,0027]2015dbar, 33degC
1753382214:[MRMAID,0027]2017dbar, 33degC
1753382357:[MRMAID,0005]ascent request rejected
1753382685:[MRMAID,0027]2018dbar, 33degC
1753383109:[MRMAID,0027]2021dbar, 33degC
1753383302:[MRMAID,0027]2021dbar, 33degC
1753383831:[MRMAID,0027]2021dbar, 33degC
1753384149:[MRMAID,0027]2021dbar, 33degC
1753384362:[MRMAID,0027]2021dbar, 33degC
1753384597:[MRMAID,0027]2022dbar, 33degC
1753385629:[MRMAID,0027]2024dbar, 33degC
1753386015:[MRMAID,0027]2025dbar, 33degC
1753386196:[MRMAID,0027]2025dbar, 33degC
1753386381:[MRMAID,0027]2025dbar, 33degC
1753386723:[MRMAID,0027]2025dbar, 33degC
1753386845:[MRMAID,0027]2025dbar, 33degC
1753386972:[MRMAID,0005]ascent request rejected
1753387068:[MRMAID,0027]2023dbar, 33degC
1753387272:[MRMAID,0027]2022dbar, 33degC
1753387482:[MRMAID,0027]2022dbar, 33degC
1753387609:[MRMAID,0027]2021dbar, 33degC
1753388847:[MRMAID,0027]2020dbar, 33degC
1753388978:[MRMAID,0005]ascent request rejected
1753389073:[MRMAID,0027]2021dbar, 33degC
1753389194:[MRMAID,0027]2021dbar, 33degC
1753389320:[MRMAID,0005]ascent request rejected
1753389577:[MRMAID,0027]2022dbar, 33degC
1753390483:[MRMAID,0027]2023dbar, 33degC
1753393707:[MRMAID,0027]2026dbar, 33degC
1753394205:[MRMAID,0027]2025dbar, 33degC
1753414525:[BUOY  ,0087]from +1mbar/s to +0mbar/s
1753414525:[PUMP  ,0378]Outflow calculated : 2709
1753414525:[BUOY  ,0089]need to transfer +2mL (pump during 2991ms)
1753414526:[MRMAID,0003]acq stopped
1753414527:[MRMAID,0052]$MEASFS,3013301,75305.744904,40.014225;
1753414527:[PUMP  ,0016]pump during 2991ms
1753414542:[MRMAID,0002]acq started
1753420150:[MRMAID,0027]2017dbar, 33degC
1753425466:[MRMAID,0027]2022dbar, 33degC
1753430014:[MRMAID,0027]2029dbar, 33degC
1753430153:[MRMAID,0027]2029dbar, 33degC
1753452402:[MRMAID,0027]2012dbar, 33degC
1753452601:[MRMAID,0027]2012dbar, 33degC
1753453156:[MRMAID,0027]2014dbar, 33degC
1753454244:[MRMAID,0027]2023dbar, 33degC
1753454379:[MRMAID,0005]ascent request rejected
1753455526:[MRMAID,0027]2027dbar, 33degC
1753455698:[MRMAID,0005]ascent request rejected
1753456038:[MRMAID,0027]2028dbar, 33degC
1753456150:[MRMAID,0027]2028dbar, 33degC
1753456279:[MRMAID,0027]2028dbar, 33degC
1753456415:[MRMAID,0005]ascent request rejected
1753456527:[MRMAID,0027]2027dbar, 33degC
1753459449:[MRMAID,0027]2023dbar, 33degC
1753460049:[MRMAID,0027]2024dbar, 33degC
1753460488:[MRMAID,0027]2027dbar, 33degC
1753460784:[MRMAID,0027]2027dbar, 33degC
1753460941:[MRMAID,0005]ascent request rejected
1753461075:[MRMAID,0027]2028dbar, 33degC
1753461192:[MRMAID,0027]2029dbar, 33degC
1753461375:[MRMAID,0027]2029dbar, 33degC
1753461507:[MRMAID,0005]ascent request rejected
1753461638:[MRMAID,0027]2029dbar, 33degC
1753461756:[MRMAID,0027]2029dbar, 33degC
1753461893:[MRMAID,0005]ascent request rejected
1753461989:[MRMAID,0027]2028dbar, 33degC
1753462120:[MRMAID,0027]2028dbar, 33degC
1753462255:[MRMAID,0005]ascent request rejected
1753462429:[MRMAID,0027]2027dbar, 33degC
1753462613:[MRMAID,0027]2024dbar, 33degC
1753462865:[MRMAID,0027]2024dbar, 33degC
1753463061:[MRMAID,0027]2022dbar, 33degC
1753463617:[MRMAID,0027]2018dbar, 33degC
1753463743:[MRMAID,0005]ascent request rejected
1753464128:[MRMAID,0027]2016dbar, 33degC
1753464239:[MRMAID,0027]2016dbar, 33degC
1753464352:[MRMAID,0027]2016dbar, 33degC
1753464574:[MRMAID,0027]2016dbar, 33degC
1753464765:[MRMAID,0027]2017dbar, 33degC
1753464895:[MRMAID,0027]2017dbar, 33degC
1753465008:[MRMAID,0027]2017dbar, 33degC
1753465218:[MRMAID,0027]2017dbar, 33degC
1753465366:[MRMAID,0027]2019dbar, 33degC
1753465482:[MRMAID,0027]2019dbar, 33degC
1753465680:[MRMAID,0027]2020dbar, 33degC
1753465825:[MRMAID,0027]2020dbar, 33degC
1753465949:[MRMAID,0027]2022dbar, 33degC
1753466059:[MRMAID,0027]2022dbar, 33degC
1753466234:[MRMAID,0027]2024dbar, 33degC
1753466853:[MRMAID,0027]2027dbar, 33degC
1753466961:[MRMAID,0027]2027dbar, 33degC
1753467138:[MRMAID,0027]2028dbar, 33degC
1753468683:[MRMAID,0027]2029dbar, 33degC
1753468956:[MRMAID,0027]2028dbar, 33degC
1753469192:[MRMAID,0027]2026dbar, 33degC
1753469509:[MRMAID,0027]2024dbar, 33degC
1753469626:[MRMAID,0027]2024dbar, 33degC
1753469765:[MRMAID,0005]ascent request rejected
1753469983:[MRMAID,0027]2023dbar, 33degC
1753470356:[MRMAID,0027]2022dbar, 33degC
1753470471:[MRMAID,0027]2021dbar, 33degC
1753470587:[MRMAID,0027]2021dbar, 33degC
1753470706:[MRMAID,0027]2021dbar, 33degC
1753483492:[MRMAID,0027]2026dbar, 33degC
1753483647:[MRMAID,0005]ascent request rejected
1753484192:[MRMAID,0027]2026dbar, 33degC
1753484354:[MRMAID,0005]ascent request rejected
1753485251:[MRMAID,0027]2021dbar, 33degC
1753485562:[MRMAID,0005]ascent request rejected
1753485659:[MRMAID,0027]2019dbar, 33degC
1753485792:[MRMAID,0005]ascent request rejected
1753486188:[MRMAID,0027]2016dbar, 33degC
1753487483:[MRMAID,0027]2014dbar, 33degC
1753487651:[MRMAID,0005]ascent request rejected
1753487746:[MRMAID,0027]2014dbar, 33degC
1753487849:[MRMAID,0027]2015dbar, 33degC
1753488057:[MRMAID,0027]2015dbar, 33degC
1753488752:[MRMAID,0027]2019dbar, 33degC
1753488884:[MRMAID,0005]ascent request rejected
1753488980:[MRMAID,0027]2019dbar, 33degC
1753489179:[MRMAID,0005]ascent request rejected
1753489998:[MRMAID,0027]2023dbar, 33degC
1753490152:[MRMAID,0005]ascent request rejected
1753492306:[MRMAID,0027]2024dbar, 33degC
1753492525:[MRMAID,0005]ascent request rejected
1753494087:[MRMAID,0027]2021dbar, 33degC
1753494270:[MRMAID,0005]ascent request rejected
1753494978:[MRMAID,0027]2021dbar, 33degC
1753495566:[MRMAID,0027]2021dbar, 33degC
1753495849:[MRMAID,0005]ascent request rejected
1753496788:[MRMAID,0027]2021dbar, 33degC
1753496985:[MRMAID,0005]ascent request rejected
1753498182:[MRMAID,0027]2025dbar, 33degC
1753498335:[MRMAID,0005]ascent request rejected
1753498483:[MRMAID,0027]2025dbar, 33degC
1753498677:[MRMAID,0005]ascent request rejected
1753499135:[MRMAID,0027]2025dbar, 33degC
1753500143:[MRMAID,0027]2026dbar, 33degC
1753500262:[MRMAID,0027]2026dbar, 33degC
1753500441:[MRMAID,0027]2026dbar, 33degC
1753500694:[MRMAID,0027]2026dbar, 33degC
1753500899:[MRMAID,0005]ascent request rejected
1753501202:[MRMAID,0027]2028dbar, 33degC
1753501344:[MRMAID,0005]ascent request rejected
1753501663:[MRMAID,0027]2029dbar, 33degC
1753501824:[MRMAID,0005]ascent request rejected
1753502257:[MRMAID,0027]2029dbar, 33degC
1753502417:[MRMAID,0005]ascent request rejected
1753502534:[MRMAID,0027]2030dbar, 33degC
1753502728:[MRMAID,0005]ascent request rejected
1753503538:[MRMAID,0027]2031dbar, 33degC
1753503730:[MRMAID,0027]2030dbar, 33degC
1753503945:[MRMAID,0005]ascent request rejected
1753504171:[MRMAID,0027]2030dbar, 33degC
1753504333:[MRMAID,0005]ascent request rejected
1753504834:[MRMAID,0027]2028dbar, 33degC
1753504960:[MRMAID,0005]ascent request rejected
1753505074:[MRMAID,0027]2027dbar, 33degC
1753505234:[MRMAID,0005]ascent request rejected
1753505482:[MRMAID,0027]2027dbar, 33degC
1753505638:[MRMAID,0027]2026dbar, 33degC
1753506393:[MRMAID,0027]2026dbar, 33degC
1753506619:[MRMAID,0005]ascent request rejected
1753506933:[MRMAID,0027]2027dbar, 33degC
1753507133:[MRMAID,0005]ascent request rejected
1753507307:[MRMAID,0027]2027dbar, 33degC
1753507859:[MRMAID,0027]2028dbar, 33degC
1753507997:[MRMAID,0005]ascent request rejected
1753508417:[MRMAID,0027]2029dbar, 33degC
1753508895:[MRMAID,0027]2029dbar, 33degC
1753509309:[MRMAID,0027]2029dbar, 33degC
1753509484:[MRMAID,0027]2028dbar, 33degC
1753509795:[MRMAID,0027]2027dbar, 33degC
1753509991:[MRMAID,0027]2027dbar, 33degC
1753510117:[MRMAID,0005]ascent request rejected
1753510439:[MRMAID,0027]2027dbar, 33degC
1753511095:[MRMAID,0027]2026dbar, 33degC
1753511307:[MRMAID,0027]2027dbar, 33degC
1753511460:[MRMAID,0027]2027dbar, 33degC
1753511658:[MRMAID,0027]2027dbar, 33degC
1753511922:[MRMAID,0027]2028dbar, 33degC
1753512075:[MRMAID,0027]2028dbar, 33degC
1753512225:[MRMAID,0005]ascent request rejected
1753512337:[MRMAID,0027]2029dbar, 33degC
1753512456:[MRMAID,0027]2029dbar, 33degC
1753512560:[MRMAID,0027]2029dbar, 33degC
1753512686:[MRMAID,0005]ascent request rejected
1753512782:[MRMAID,0027]2030dbar, 33degC
1753512912:[MRMAID,0005]ascent request rejected
1753513008:[MRMAID,0027]2030dbar, 33degC
1753513121:[MRMAID,0027]2032dbar, 33degC
1753513255:[MRMAID,0005]ascent request rejected
1753513351:[MRMAID,0027]2033dbar, 33degC
1753513451:[MRMAID,0027]2033dbar, 33degC
1753513590:[MRMAID,0005]ascent request rejected
1753513686:[MRMAID,0027]2034dbar, 33degC
1753513786:[MRMAID,0027]2034dbar, 33degC
1753513886:[MRMAID,0027]2034dbar, 33degC
1753514036:[MRMAID,0027]2035dbar, 33degC
1753514197:[MRMAID,0027]2035dbar, 33degC
1753514398:[MRMAID,0027]2036dbar, 33degC
1753514584:[MRMAID,0005]ascent request rejected
1753515050:[MRMAID,0027]2036dbar, 33degC
1753515168:[MRMAID,0027]2035dbar, 33degC
1753515439:[MRMAID,0027]2033dbar, 33degC
1753515559:[MRMAID,0027]2033dbar, 33degC
1753515690:[MRMAID,0027]2033dbar, 33degC
1753515819:[MRMAID,0005]ascent request rejected
1753515950:[MRMAID,0027]2032dbar, 33degC
1753516560:[MRMAID,0027]2029dbar, 33degC
1753516767:[MRMAID,0005]ascent request rejected
1753516902:[MRMAID,0027]2029dbar, 33degC
1753517084:[MRMAID,0005]ascent request rejected
1753517180:[MRMAID,0027]2029dbar, 33degC
1753517280:[MRMAID,0027]2029dbar, 33degC
1753517407:[MRMAID,0005]ascent request rejected
1753518270:[MRMAID,0027]2031dbar, 33degC
1753518441:[MRMAID,0005]ascent request rejected
1753518536:[MRMAID,0027]2032dbar, 33degC
1753518639:[MRMAID,0027]2032dbar, 33degC
1753518739:[MRMAID,0027]2032dbar, 33degC
1753518839:[MRMAID,0027]2032dbar, 33degC
1753518939:[MRMAID,0027]2032dbar, 33degC
1753519171:[MRMAID,0027]2032dbar, 33degC
1753520743:[MRMAID,0027]2028dbar, 33degC
1753521730:[MRMAID,0027]2025dbar, 33degC
1753521857:[MRMAID,0005]ascent request rejected
1753523320:[MRMAID,0027]2029dbar, 33degC
1753523436:[MRMAID,0027]2029dbar, 33degC
1753523891:[MRMAID,0027]2032dbar, 33degC
1753524152:[MRMAID,0027]2033dbar, 33degC
1753524487:[MRMAID,0027]2034dbar, 33degC
1753524626:[MRMAID,0005]ascent request rejected
1753524810:[MRMAID,0027]2035dbar, 33degC
1753525010:[MRMAID,0027]2035dbar, 33degC
1753525124:[MRMAID,0027]2036dbar, 33degC
1753525271:[MRMAID,0005]ascent request rejected
1753525556:[MRMAID,0027]2037dbar, 33degC
1753525765:[MRMAID,0027]2037dbar, 33degC
1753525896:[MRMAID,0005]ascent request rejected
1753526243:[MRMAID,0027]2036dbar, 33degC
1753526454:[MRMAID,0005]ascent request rejected
1753527339:[MRMAID,0027]2032dbar, 33degC
1753527565:[MRMAID,0027]2031dbar, 33degC
1753527683:[MRMAID,0027]2031dbar, 33degC
1753527812:[MRMAID,0027]2031dbar, 33degC
1753527919:[MRMAID,0027]2031dbar, 33degC
1753528023:[MRMAID,0027]2031dbar, 33degC
1753528171:[MRMAID,0027]2031dbar, 33degC
1753528332:[MRMAID,0027]2032dbar, 33degC
1753528460:[MRMAID,0005]ascent request rejected
1753528555:[MRMAID,0027]2032dbar, 33degC
1753528680:[MRMAID,0005]ascent request rejected
1753528873:[MRMAID,0027]2032dbar, 33degC
1753529017:[MRMAID,0027]2033dbar, 33degC
1753529253:[MRMAID,0027]2034dbar, 33degC
1753529655:[MRMAID,0027]2034dbar, 33degC
1753529755:[MRMAID,0027]2034dbar, 33degC
1753529912:[MRMAID,0005]ascent request rejected
1753531895:[MRMAID,0027]2030dbar, 33degC
1753532184:[MRMAID,0027]2030dbar, 33degC
1753532299:[MRMAID,0027]2029dbar, 33degC
1753532449:[MRMAID,0027]2029dbar, 33degC
1753532614:[MRMAID,0027]2029dbar, 33degC
1753532840:[MRMAID,0027]2028dbar, 33degC
1753532975:[MRMAID,0005]ascent request rejected
1753533071:[MRMAID,0027]2028dbar, 33degC
1753533189:[MRMAID,0027]2028dbar, 33degC
1753533400:[MRMAID,0005]ascent request rejected
1753533762:[MRMAID,0027]2028dbar, 33degC
1753533898:[MRMAID,0005]ascent request rejected
1753534011:[MRMAID,0027]2028dbar, 33degC
1753534167:[MRMAID,0027]2029dbar, 33degC
1753534285:[MRMAID,0027]2029dbar, 33degC
1753534420:[MRMAID,0027]2030dbar, 33degC
1753534528:[MRMAID,0027]2030dbar, 33degC
1753534701:[MRMAID,0027]2031dbar, 33degC
1753534850:[MRMAID,0027]2031dbar, 33degC
1753535008:[MRMAID,0027]2032dbar, 33degC
1753535213:[MRMAID,0027]2032dbar, 33degC
1753535360:[MRMAID,0027]2033dbar, 33degC
1753535486:[MRMAID,0027]2033dbar, 33degC
1753535622:[MRMAID,0027]2033dbar, 33degC
1753535772:[MRMAID,0027]2033dbar, 33degC
1753535886:[MRMAID,0027]2033dbar, 33degC
1753536032:[MRMAID,0027]2033dbar, 33degC
1753536161:[MRMAID,0005]ascent request rejected
1753536280:[MRMAID,0027]2033dbar, 33degC
1753536406:[MRMAID,0027]2033dbar, 33degC
1753536576:[MRMAID,0005]ascent request rejected
1753536687:[MRMAID,0027]2032dbar, 33degC
1753536994:[MRMAID,0027]2031dbar, 33degC
1753537285:[MRMAID,0027]2031dbar, 33degC
1753537427:[MRMAID,0027]2030dbar, 33degC
1753537628:[MRMAID,0027]2030dbar, 33degC
1753537929:[MRMAID,0027]2031dbar, 33degC
1753538209:[MRMAID,0027]2031dbar, 33degC
1753538332:[MRMAID,0027]2031dbar, 33degC
1753538539:[MRMAID,0027]2031dbar, 33degC
1753538960:[MRMAID,0027]2031dbar, 33degC
1753539223:[MRMAID,0027]2031dbar, 33degC
1753539448:[MRMAID,0005]ascent request rejected
1753539782:[MRMAID,0027]2030dbar, 33degC
1753539929:[MRMAID,0005]ascent request rejected
1753540155:[MRMAID,0027]2029dbar, 33degC
1753540326:[MRMAID,0005]ascent request rejected
1753540888:[MRMAID,0027]2028dbar, 33degC
1753541902:[MRMAID,0027]2027dbar, 33degC
1753542045:[MRMAID,0005]ascent request rejected
1753542143:[MRMAID,0027]2028dbar, 33degC
1753542291:[MRMAID,0027]2028dbar, 33degC
1753542443:[MRMAID,0005]ascent request rejected
1753542900:[MRMAID,0027]2030dbar, 33degC
1753543072:[MRMAID,0005]ascent request rejected
1753543293:[MRMAID,0027]2030dbar, 33degC
1753543402:[MRMAID,0027]2031dbar, 33degC
1753544250:[MRMAID,0027]2030dbar, 33degC
1753544392:[MRMAID,0027]2030dbar, 33degC
1753544557:[MRMAID,0005]ascent request rejected
1753544753:[MRMAID,0027]2030dbar, 33degC
1753544919:[MRMAID,0005]ascent request rejected
1753545474:[MRMAID,0027]2031dbar, 33degC
1753545613:[MRMAID,0005]ascent request rejected
1753545770:[MRMAID,0027]2031dbar, 33degC
1753546056:[MRMAID,0027]2032dbar, 33degC
1753546455:[MRMAID,0027]2033dbar, 33degC
1753546586:[MRMAID,0027]2033dbar, 33degC
1753546738:[MRMAID,0027]2033dbar, 33degC
1753549188:[MRMAID,0027]2027dbar, 33degC
1753549882:[MRMAID,0027]2024dbar, 33degC
1753550367:[MRMAID,0027]2022dbar, 33degC
1753550609:[MRMAID,0005]ascent request rejected
1753550916:[MRMAID,0027]2019dbar, 33degC
1753551535:[MRMAID,0027]2019dbar, 33degC
1753551785:[MRMAID,0027]2019dbar, 33degC
1753551922:[MRMAID,0005]ascent request rejected
1753552515:[MRMAID,0027]2024dbar, 33degC
1753552898:[MRMAID,0027]2026dbar, 33degC
1753553032:[MRMAID,0005]ascent request rejected
1753553732:[MRMAID,0027]2032dbar, 33degC
1753553926:[MRMAID,0005]ascent request rejected
1753554920:[MRMAID,0027]2029dbar, 33degC
1753555246:[MRMAID,0027]2029dbar, 33degC
1753555614:[MRMAID,0027]2029dbar, 33degC
1753556216:[MRMAID,0027]2032dbar, 33degC
1753556446:[MRMAID,0005]ascent request rejected
1753556638:[MRMAID,0027]2035dbar, 33degC
1753556760:[MRMAID,0027]2035dbar, 33degC
1753556878:[MRMAID,0027]2036dbar, 33degC
1753557021:[MRMAID,0027]2036dbar, 33degC
1753557137:[MRMAID,0027]2037dbar, 33degC
1753557324:[MRMAID,0027]2037dbar, 33degC
1753557464:[MRMAID,0027]2038dbar, 33degC
1753557592:[MRMAID,0027]2038dbar, 33degC
1753557742:[MRMAID,0027]2039dbar, 33degC
1753557863:[MRMAID,0027]2039dbar, 33degC
1753558040:[MRMAID,0027]2038dbar, 33degC
1753558190:[MRMAID,0027]2038dbar, 33degC
1753558307:[MRMAID,0027]2038dbar, 33degC
1753558433:[MRMAID,0027]2038dbar, 33degC
1753558558:[MRMAID,0005]ascent request rejected
1753558755:[MRMAID,0027]2037dbar, 33degC
1753559029:[MRMAID,0027]2035dbar, 33degC
1753559441:[MRMAID,0027]2033dbar, 33degC
1753559652:[MRMAID,0027]2031dbar, 33degC
1753559826:[MRMAID,0027]2031dbar, 33degC
1753560087:[MRMAID,0027]2029dbar, 33degC
1753560397:[MRMAID,0027]2029dbar, 33degC
1753560526:[MRMAID,0005]ascent request rejected
1753560654:[MRMAID,0027]2028dbar, 33degC
1753560795:[MRMAID,0027]2028dbar, 33degC
1753560967:[MRMAID,0027]2028dbar, 33degC
1753561151:[MRMAID,0027]2028dbar, 33degC
1753561305:[MRMAID,0027]2028dbar, 33degC
1753561515:[MRMAID,0027]2029dbar, 33degC
1753561700:[MRMAID,0027]2031dbar, 33degC
1753562000:[MRMAID,0027]2033dbar, 33degC
1753562174:[MRMAID,0027]2033dbar, 33degC
1753562338:[MRMAID,0027]2036dbar, 33degC
1753562491:[MRMAID,0005]ascent request rejected
1753562688:[MRMAID,0027]2038dbar, 33degC
1753562828:[MRMAID,0027]2038dbar, 33degC
1753562955:[MRMAID,0005]ascent request rejected
1753563091:[MRMAID,0027]2040dbar, 33degC
1753563221:[MRMAID,0005]ascent request rejected
1753563408:[MRMAID,0027]2042dbar, 33degC
1753563538:[MRMAID,0027]2043dbar, 33degC
1753563670:[MRMAID,0027]2043dbar, 33degC
1753563790:[MRMAID,0027]2045dbar, 33degC
1753563928:[MRMAID,0027]2045dbar, 33degC
1753564235:[MRMAID,0027]2045dbar, 33degC
1753564475:[MRMAID,0027]2043dbar, 33degC
1753564586:[MRMAID,0027]2043dbar, 33degC
1753564709:[MRMAID,0027]2040dbar, 33degC
1753564853:[MRMAID,0027]2040dbar, 33degC
1753565015:[MRMAID,0027]2037dbar, 33degC
1753565210:[MRMAID,0027]2037dbar, 33degC
1753565344:[MRMAID,0005]ascent request rejected
1753565572:[MRMAID,0027]2030dbar, 33degC
1753565721:[MRMAID,0027]2030dbar, 33degC
1753565871:[MRMAID,0005]ascent request rejected
1753566020:[MRMAID,0027]2027dbar, 33degC
1753566135:[MRMAID,0027]2027dbar, 33degC
1753566252:[MRMAID,0027]2025dbar, 33degC
1753566401:[MRMAID,0005]ascent request rejected
1753566524:[MRMAID,0027]2025dbar, 33degC
1753566703:[MRMAID,0005]ascent request rejected
1753566821:[MRMAID,0027]2026dbar, 33degC
1753566985:[MRMAID,0027]2026dbar, 33degC
1753567111:[MRMAID,0005]ascent request rejected
1753567207:[MRMAID,0027]2027dbar, 33degC
1753567920:[MRMAID,0027]2031dbar, 33degC
1753568231:[MRMAID,0027]2034dbar, 33degC
1753568466:[MRMAID,0027]2036dbar, 33degC
1753568600:[MRMAID,0005]ascent request rejected
1753568816:[MRMAID,0027]2037dbar, 33degC
1753568951:[MRMAID,0005]ascent request rejected
1753569669:[MRMAID,0027]2039dbar, 33degC
1753569812:[MRMAID,0005]ascent request rejected
1753570527:[MRMAID,0027]2038dbar, 33degC
1753570791:[MRMAID,0005]ascent request rejected
1753572517:[MRMAID,0027]2031dbar, 33degC
1753572654:[MRMAID,0027]2031dbar, 33degC
1753572804:[MRMAID,0027]2031dbar, 33degC
1753572927:[MRMAID,0027]2031dbar, 33degC
1753573051:[MRMAID,0027]2031dbar, 33degC
1753573175:[MRMAID,0027]2031dbar, 33degC
1753573447:[MRMAID,0027]2032dbar, 33degC
1753573563:[MRMAID,0027]2032dbar, 33degC
1753573704:[MRMAID,0027]2032dbar, 33degC
1753573881:[MRMAID,0005]ascent request rejected
1753573996:[MRMAID,0027]2032dbar, 33degC
1753574470:[MRMAID,0027]2033dbar, 33degC
1753574660:[MRMAID,0027]2033dbar, 33degC
1753574790:[MRMAID,0005]ascent request rejected
1753574917:[MRMAID,0027]2034dbar, 33degC
1753575145:[MRMAID,0027]2034dbar, 33degC
1753575269:[MRMAID,0027]2034dbar, 33degC
1753575414:[MRMAID,0027]2034dbar, 33degC
1753575669:[MRMAID,0027]2034dbar, 33degC
1753575795:[MRMAID,0005]ascent request rejected
1753575992:[MRMAID,0027]2035dbar, 33degC
1753576107:[MRMAID,0027]2035dbar, 33degC
1753576268:[MRMAID,0027]2035dbar, 33degC
1753576416:[MRMAID,0005]ascent request rejected
1753576525:[MRMAID,0027]2035dbar, 33degC
1753576636:[MRMAID,0027]2035dbar, 33degC
1753576765:[MRMAID,0005]ascent request rejected
1753576963:[MRMAID,0027]2034dbar, 33degC
1753577193:[MRMAID,0027]2034dbar, 33degC
1753577339:[MRMAID,0027]2034dbar, 33degC
1753577464:[MRMAID,0005]ascent request rejected
1753577725:[MRMAID,0027]2033dbar, 33degC
1753577852:[MRMAID,0005]ascent request rejected
1753577957:[MRMAID,0027]2032dbar, 33degC
1753578075:[MRMAID,0027]2032dbar, 33degC
1753578222:[MRMAID,0027]2032dbar, 33degC
1753578413:[MRMAID,0027]2032dbar, 33degC
1753578581:[MRMAID,0027]2033dbar, 33degC
1753578735:[MRMAID,0027]2033dbar, 33degC
1753578859:[MRMAID,0005]ascent request rejected
1753578956:[MRMAID,0027]2033dbar, 33degC
1753579198:[MRMAID,0027]2035dbar, 33degC
1753579331:[MRMAID,0005]ascent request rejected
1753579428:[MRMAID,0027]2036dbar, 33degC
1753579538:[MRMAID,0027]2036dbar, 33degC
1753579666:[MRMAID,0027]2037dbar, 33degC
1753579799:[MRMAID,0005]ascent request rejected
1753580821:[MRMAID,0027]2041dbar, 33degC
1753580977:[MRMAID,0005]ascent request rejected
1753581127:[MRMAID,0027]2041dbar, 33degC
1753581332:[MRMAID,0027]2041dbar, 33degC
1753581561:[MRMAID,0027]2040dbar, 33degC
1753581669:[MRMAID,0027]2040dbar, 33degC
1753581806:[MRMAID,0027]2039dbar, 33degC
1753581993:[MRMAID,0005]ascent request rejected
1753582150:[MRMAID,0027]2037dbar, 33degC
1753582326:[MRMAID,0027]2037dbar, 33degC
1753582480:[MRMAID,0005]ascent request rejected
1753582576:[MRMAID,0027]2036dbar, 33degC
1753582809:[MRMAID,0005]ascent request rejected
1753582986:[MRMAID,0027]2033dbar, 33degC
1753583161:[MRMAID,0027]2033dbar, 33degC
1753583299:[MRMAID,0005]ascent request rejected
1753583395:[MRMAID,0027]2032dbar, 33degC
1753583563:[MRMAID,0027]2032dbar, 33degC
1753583695:[MRMAID,0005]ascent request rejected
1753583813:[MRMAID,0027]2032dbar, 33degC
1753586710:[MRMAID,0027]2036dbar, 33degC
1753586843:[MRMAID,0005]ascent request rejected
1753587002:[MRMAID,0027]2035dbar, 33degC
1753587116:[MRMAID,0027]2035dbar, 33degC
1753587232:[MRMAID,0027]2034dbar, 33degC
1753587866:[MRMAID,0027]2033dbar, 33degC
1753587998:[MRMAID,0005]ascent request rejected
1753588182:[MRMAID,0027]2032dbar, 33degC
1753588521:[MRMAID,0027]2032dbar, 33degC
1753588681:[MRMAID,0005]ascent request rejected
1753588826:[MRMAID,0027]2032dbar, 33degC
1753588938:[MRMAID,0027]2032dbar, 33degC
1753589082:[MRMAID,0005]ascent request rejected
1753591845:[MRMAID,0027]2035dbar, 33degC
1753592109:[MRMAID,0005]ascent request rejected
1753592227:[MRMAID,0027]2035dbar, 33degC
1753592370:[MRMAID,0027]2034dbar, 33degC
1753592610:[MRMAID,0005]ascent request rejected
1753592709:[MRMAID,0027]2033dbar, 33degC
1753592888:[MRMAID,0005]ascent request rejected
1753593432:[MRMAID,0027]2031dbar, 33degC
1753593584:[MRMAID,0005]ascent request rejected
1753594187:[MRMAID,0027]2028dbar, 33degC
1753594370:[MRMAID,0005]ascent request rejected
1753594522:[MRMAID,0027]2028dbar, 33degC
1753594673:[MRMAID,0005]ascent request rejected
1753594914:[MRMAID,0027]2028dbar, 33degC
1753595091:[MRMAID,0005]ascent request rejected
1753595762:[MRMAID,0027]2031dbar, 33degC
1753595917:[MRMAID,0005]ascent request rejected
1753596814:[MRMAID,0027]2037dbar, 33degC
1753604443:[MRMAID,0027]2040dbar, 33degC
1753604597:[MRMAID,0005]ascent request rejected
1753604909:[MRMAID,0027]2035dbar, 33degC
1753605227:[MRMAID,0027]2034dbar, 33degC
1753605442:[MRMAID,0005]ascent request rejected
1753605620:[MRMAID,0027]2034dbar, 33degC
1753605742:[MRMAID,0027]2034dbar, 33degC
1753605861:[MRMAID,0027]2034dbar, 33degC
1753606113:[MRMAID,0027]2035dbar, 33degC
1753606238:[MRMAID,0027]2035dbar, 33degC
1753606710:[MRMAID,0027]2038dbar, 33degC
1753606821:[MRMAID,0027]2038dbar, 33degC
1753607072:[MRMAID,0027]2038dbar, 33degC
1753607419:[MRMAID,0027]2039dbar, 33degC
1753607530:[MRMAID,0027]2039dbar, 33degC
1753608068:[MRMAID,0027]2040dbar, 33degC
1753608179:[MRMAID,0027]2040dbar, 33degC
1753608578:[MRMAID,0027]2040dbar, 33degC
1753608813:[MRMAID,0027]2039dbar, 33degC
1753608943:[MRMAID,0005]ascent request rejected
1753609061:[MRMAID,0027]2038dbar, 33degC
1753609196:[MRMAID,0005]ascent request rejected
1753609769:[MRMAID,0027]2036dbar, 33degC
1753609957:[MRMAID,0027]2036dbar, 33degC
1753611089:[MRMAID,0027]2032dbar, 33degC
1753611805:[MRMAID,0027]2034dbar, 33degC
1753612005:[MRMAID,0027]2034dbar, 33degC
1753612155:[MRMAID,0027]2037dbar, 33degC
1753612353:[MRMAID,0027]2037dbar, 33degC
1753612513:[MRMAID,0027]2040dbar, 33degC
1753612838:[MRMAID,0027]2042dbar, 33degC
1753614674:[MRMAID,0027]2042dbar, 33degC
1753614822:[MRMAID,0027]2039dbar, 33degC
1753615000:[MRMAID,0027]2039dbar, 33degC
1753615503:[MRMAID,0027]2035dbar, 33degC
1753615652:[MRMAID,0027]2035dbar, 33degC
1753615985:[MRMAID,0027]2032dbar, 33degC
1753616095:[MRMAID,0027]2032dbar, 33degC
1753616248:[MRMAID,0005]ascent request rejected
1753616795:[MRMAID,0027]2031dbar, 33degC
1753616949:[MRMAID,0005]ascent request rejected
1753617118:[MRMAID,0027]2031dbar, 33degC
1753617286:[MRMAID,0005]ascent request rejected
1753617437:[MRMAID,0027]2032dbar, 33degC
1753617563:[MRMAID,0027]2033dbar, 33degC
1753617778:[MRMAID,0027]2035dbar, 33degC
1753617890:[MRMAID,0027]2035dbar, 33degC
1753618022:[MRMAID,0005]ascent request rejected
1753618145:[MRMAID,0027]2036dbar, 33degC
1753618306:[MRMAID,0005]ascent request rejected
1753618402:[MRMAID,0027]2038dbar, 33degC
1753618536:[MRMAID,0027]2038dbar, 33degC
1753618647:[MRMAID,0027]2038dbar, 33degC
1753618765:[MRMAID,0027]2038dbar, 33degC
1753618891:[MRMAID,0005]ascent request rejected
1753618991:[MRMAID,0027]2037dbar, 33degC
1753619102:[MRMAID,0027]2037dbar, 33degC
1753619248:[MRMAID,0005]ascent request rejected
1753619529:[MRMAID,0027]2036dbar, 33degC
1753619644:[MRMAID,0027]2035dbar, 33degC
1753619800:[MRMAID,0027]2035dbar, 33degC
1753620007:[MRMAID,0027]2033dbar, 33degC
1753620220:[MRMAID,0027]2032dbar, 33degC
1753620378:[MRMAID,0027]2032dbar, 33degC
1753620781:[MRMAID,0027]2029dbar, 33degC
1753620946:[MRMAID,0005]ascent request rejected
1753626704:[MRMAID,0027]2036dbar, 33degC
1753626920:[MRMAID,0027]2036dbar, 33degC
1753627367:[MRMAID,0027]2037dbar, 33degC
1753628328:[MRMAID,0027]2038dbar, 33degC
1753628458:[MRMAID,0005]ascent request rejected
1753628720:[MRMAID,0027]2038dbar, 33degC
1753628891:[MRMAID,0027]2038dbar, 33degC
1753629019:[MRMAID,0005]ascent request rejected
1753629217:[MRMAID,0027]2037dbar, 33degC
1753629357:[MRMAID,0005]ascent request rejected
1753630443:[MRMAID,0027]2036dbar, 33degC
1753630591:[MRMAID,0027]2036dbar, 33degC
1753630727:[MRMAID,0005]ascent request rejected
1753631082:[MRMAID,0027]2037dbar, 33degC
1753631330:[MRMAID,0027]2038dbar, 33degC
1753631570:[MRMAID,0027]2038dbar, 33degC
1753631905:[MRMAID,0027]2038dbar, 33degC
1753632137:[MRMAID,0027]2038dbar, 33degC
1753632328:[MRMAID,0027]2038dbar, 33degC
1753632572:[MRMAID,0027]2038dbar, 33degC
1753632790:[MRMAID,0027]2038dbar, 33degC
1753633032:[MRMAID,0027]2038dbar, 33degC
1753633293:[MRMAID,0027]2037dbar, 33degC
1753633537:[MRMAID,0027]2036dbar, 33degC
1753633700:[MRMAID,0027]2036dbar, 33degC
1753633850:[MRMAID,0027]2036dbar, 33degC
1753634021:[MRMAID,0027]2036dbar, 33degC
1753634255:[MRMAID,0027]2036dbar, 33degC
1753634397:[MRMAID,0027]2036dbar, 33degC
1753634507:[MRMAID,0027]2036dbar, 33degC
1753634654:[MRMAID,0005]ascent request rejected
1753634752:[MRMAID,0027]2036dbar, 33degC
1753634961:[MRMAID,0027]2037dbar, 33degC
1753635121:[MRMAID,0027]2037dbar, 33degC
1753635614:[MRMAID,0027]2038dbar, 33degC
1753635726:[MRMAID,0027]2038dbar, 33degC
1753637438:[MRMAID,0027]2039dbar, 33degC
1753638407:[MRMAID,0027]2039dbar, 33degC
1753638521:[MRMAID,0027]2040dbar, 33degC
1753638664:[MRMAID,0027]2040dbar, 33degC
1753638784:[MRMAID,0027]2041dbar, 33degC
1753638925:[MRMAID,0027]2041dbar, 33degC
1753639097:[MRMAID,0027]2042dbar, 33degC
1753639222:[MRMAID,0027]2042dbar, 33degC
1753639376:[MRMAID,0027]2043dbar, 33degC
1753639500:[MRMAID,0027]2043dbar, 33degC
1753639610:[MRMAID,0027]2043dbar, 33degC
1753639811:[MRMAID,0027]2045dbar, 33degC
1753639938:[MRMAID,0005]ascent request rejected
1753640104:[MRMAID,0027]2045dbar, 33degC
1753640292:[MRMAID,0027]2045dbar, 33degC
1753640417:[MRMAID,0027]2045dbar, 33degC
1753640550:[MRMAID,0005]ascent request rejected
1753640761:[MRMAID,0027]2044dbar, 33degC
1753640903:[MRMAID,0005]ascent request rejected
1753641868:[MRMAID,0027]2036dbar, 33degC
1753642010:[MRMAID,0027]2036dbar, 33degC
1753642131:[MRMAID,0027]2035dbar, 33degC
1753642252:[MRMAID,0027]2035dbar, 33degC
1753642370:[MRMAID,0027]2035dbar, 33degC
1753642487:[MRMAID,0027]2035dbar, 33degC
1753642605:[MRMAID,0027]2035dbar, 33degC
1753642719:[MRMAID,0027]2035dbar, 33degC
1753642900:[MRMAID,0027]2035dbar, 33degC
1753643098:[MRMAID,0027]2035dbar, 33degC
1753643494:[MRMAID,0027]2036dbar, 33degC
1753643604:[MRMAID,0027]2038dbar, 33degC
1753643708:[MRMAID,0027]2038dbar, 33degC
1753645266:[MRMAID,0027]2043dbar, 33degC
1753645427:[MRMAID,0027]2043dbar, 33degC
1753645610:[MRMAID,0027]2043dbar, 33degC
1753647054:[MRMAID,0027]2040dbar, 33degC
1753647413:[MRMAID,0027]2039dbar, 33degC
1753649864:[MRMAID,0027]2041dbar, 33degC
1753650002:[MRMAID,0027]2041dbar, 33degC
1753650190:[MRMAID,0027]2042dbar, 33degC
1753650350:[MRMAID,0027]2042dbar, 33degC
1753650579:[MRMAID,0027]2042dbar, 33degC
1753650763:[MRMAID,0027]2042dbar, 33degC
1753651046:[MRMAID,0027]2042dbar, 33degC
1753651684:[MRMAID,0027]2041dbar, 33degC
1753651814:[MRMAID,0027]2041dbar, 33degC
1753651937:[MRMAID,0027]2041dbar, 33degC
1753652049:[MRMAID,0027]2040dbar, 33degC
1753652405:[MRMAID,0027]2040dbar, 33degC
1753652519:[MRMAID,0027]2040dbar, 33degC
1753652647:[MRMAID,0005]ascent request rejected
1753657232:[MRMAID,0027]2040dbar, 33degC
1753657390:[MRMAID,0005]ascent request rejected
1753657598:[MRMAID,0027]2040dbar, 33degC
1753657795:[MRMAID,0027]2039dbar, 33degC
1753658047:[MRMAID,0027]2039dbar, 33degC
1753658332:[MRMAID,0027]2038dbar, 33degC
1753658715:[MRMAID,0027]2038dbar, 33degC
1753658864:[MRMAID,0027]2038dbar, 33degC
1753659126:[MRMAID,0027]2037dbar, 33degC
1753659461:[MRMAID,0027]2037dbar, 33degC
1753659584:[MRMAID,0027]2038dbar, 33degC
1753659730:[MRMAID,0005]ascent request rejected
1753659944:[MRMAID,0027]2039dbar, 33degC
1753660086:[MRMAID,0005]ascent request rejected
1753660192:[MRMAID,0027]2040dbar, 33degC
1753660373:[MRMAID,0027]2040dbar, 33degC
1753660633:[MRMAID,0027]2041dbar, 33degC
1753660744:[MRMAID,0027]2042dbar, 33degC
1753660863:[MRMAID,0027]2042dbar, 33degC
1753661041:[MRMAID,0005]ascent request rejected
1753661250:[MRMAID,0027]2044dbar, 33degC
1753662034:[MRMAID,0027]2048dbar, 33degC
1753662484:[BUOY  ,0087]from +0mbar/s to -2mbar/s
1753662484:[PUMP  ,0378]Outflow calculated : 2708
1753662484:[BUOY  ,0089]need to transfer +6mL (pump during 8978ms)
1753662484:[MRMAID,0003]acq stopped
1753662485:[PUMP  ,0016]pump during 8978ms
1753662488:[MRMAID,0052]$MEASFS,9919237,247892.774108,40.014224;
1753662493:[PUMP  ,0212]battery 13177mV,  926224uA (steady state), P+205041mbar
1753662496:[MRMAID,0002]acq started
1753676421:[MRMAID,0027]2006dbar, 33degC
1753678777:[MRMAID,0027]2010dbar, 33degC
1753678927:[MRMAID,0027]2010dbar, 33degC
1753679135:[MRMAID,0027]2010dbar, 33degC
1753679289:[MRMAID,0027]2010dbar, 33degC
1753679654:[MRMAID,0027]2010dbar, 33degC
1753680320:[MRMAID,0027]2009dbar, 33degC
1753681010:[MRMAID,0027]2009dbar, 33degC
1753681534:[MRMAID,0027]2009dbar, 33degC
1753681681:[MRMAID,0005]ascent request rejected
1753683253:[MRMAID,0027]2006dbar, 33degC
1753683416:[MRMAID,0005]ascent request rejected
1753683996:[MRMAID,0027]2001dbar, 33degC
1753684128:[MRMAID,0005]ascent request rejected
1753684224:[MRMAID,0027]1998dbar, 33degC
1753684751:[MRMAID,0027]1995dbar, 33degC
1753685481:[MRMAID,0027]1996dbar, 33degC
1753685737:[MRMAID,0027]1996dbar, 33degC
1753685866:[MRMAID,0005]ascent request rejected
1753686125:[MRMAID,0027]1997dbar, 33degC
1753686406:[MRMAID,0027]1998dbar, 33degC
1753686558:[MRMAID,0027]2000dbar, 33degC
1753686770:[MRMAID,0027]2000dbar, 33degC
1753686928:[MRMAID,0027]2002dbar, 33degC
1753687108:[MRMAID,0027]2002dbar, 33degC
1753687264:[MRMAID,0027]2004dbar, 33degC
1753687422:[MRMAID,0027]2004dbar, 33degC
1753687547:[MRMAID,0005]ascent request rejected
1753687655:[MRMAID,0027]2006dbar, 33degC
1753687786:[MRMAID,0027]2007dbar, 33degC
1753687911:[MRMAID,0005]ascent request rejected
1753688324:[MRMAID,0027]2009dbar, 33degC
1753688448:[MRMAID,0005]ascent request rejected
1753688656:[MRMAID,0027]2009dbar, 33degC
1753688823:[MRMAID,0027]2009dbar, 33degC
1753688964:[MRMAID,0027]2009dbar, 33degC
1753689109:[MRMAID,0027]2009dbar, 33degC
1753689322:[MRMAID,0027]2009dbar, 33degC
1753689699:[MRMAID,0027]2009dbar, 33degC
1753689964:[MRMAID,0027]2008dbar, 33degC
1753690251:[MRMAID,0027]2008dbar, 33degC
1753691803:[MRMAID,0027]2009dbar, 33degC
1753691913:[MRMAID,0027]2009dbar, 33degC
1753692020:[MRMAID,0027]2009dbar, 33degC
1753692134:[MRMAID,0027]2009dbar, 33degC
1753692452:[MRMAID,0027]2009dbar, 33degC
1753692570:[MRMAID,0027]2008dbar, 33degC
1753693487:[MRMAID,0027]2009dbar, 33degC
1753693654:[MRMAID,0027]2009dbar, 33degC
1753693878:[MRMAID,0027]2009dbar, 33degC
1753695382:[MRMAID,0027]2012dbar, 33degC
1753695650:[MRMAID,0027]2012dbar, 33degC
1753695770:[MRMAID,0027]2012dbar, 33degC
1753695884:[MRMAID,0027]2012dbar, 33degC
1753695994:[MRMAID,0027]2012dbar, 33degC
1753696201:[MRMAID,0027]2012dbar, 33degC
1753696377:[MRMAID,0027]2012dbar, 33degC
1753696492:[MRMAID,0027]2012dbar, 33degC
1753696602:[MRMAID,0027]2012dbar, 33degC
1753696988:[MRMAID,0027]2011dbar, 33degC
1753697174:[MRMAID,0027]2011dbar, 33degC
1753697458:[MRMAID,0027]2010dbar, 33degC
1753697567:[MRMAID,0027]2010dbar, 33degC
1753701195:[MRMAID,0027]2009dbar, 33degC
1753701347:[MRMAID,0027]2008dbar, 33degC
1753702660:[MRMAID,0027]2009dbar, 33degC
1753702802:[MRMAID,0005]ascent request rejected
1753702946:[MRMAID,0027]2009dbar, 33degC
1753703314:[MRMAID,0027]2009dbar, 33degC
1753703435:[MRMAID,0027]2010dbar, 33degC
1753703553:[MRMAID,0027]2010dbar, 33degC
1753703668:[MRMAID,0027]2010dbar, 33degC
1753703784:[MRMAID,0027]2010dbar, 33degC
1753703903:[MRMAID,0027]2010dbar, 33degC
1753704155:[MRMAID,0027]2010dbar, 33degC
1753704266:[MRMAID,0027]2010dbar, 33degC
1753704383:[MRMAID,0027]2010dbar, 33degC
1753704499:[MRMAID,0027]2010dbar, 33degC
1753704611:[MRMAID,0027]2009dbar, 33degC
1753704782:[MRMAID,0027]2009dbar, 33degC
1753706561:[MRMAID,0027]2007dbar, 33degC
1753706718:[MRMAID,0027]2007dbar, 33degC
1753707221:[MRMAID,0027]2006dbar, 33degC
1753710285:[MRMAID,0027]2010dbar, 33degC
1753710466:[MRMAID,0005]ascent request rejected
1753720601:[MRMAID,0027]2012dbar, 33degC
1753721054:[MRMAID,0027]2011dbar, 33degC
1753728505:[MRMAID,0027]2009dbar, 33degC
1753728632:[MRMAID,0005]ascent request rejected
1753739997:[MRMAID,0027]2010dbar, 33degC
1753740324:[MRMAID,0027]2010dbar, 33degC
1753740847:[MRMAID,0027]2009dbar, 33degC
1753772828:[MRMAID,0027]2016dbar, 33degC
1753772987:[MRMAID,0005]ascent request rejected
1753841152:[MRMAID,0027]2025dbar, 33degC
1753844411:[MRMAID,0027]2020dbar, 33degC
1753890922:[BUOY  ,0087]from +1mbar/s to +0mbar/s
1753890922:[PUMP  ,0378]Outflow calculated : 2708
1753890922:[BUOY  ,0089]need to transfer +2mL (pump during 3009ms)
1753890922:[MRMAID,0003]acq stopped
1753890924:[PUMP  ,0016]pump during 3009ms
1753890926:[MRMAID,0052]$MEASFS,9138332,228377.069824,40.014227;
1753890927:[PUMP  ,0212]battery 12983mV,  917806uA (steady state), P+203391mbar
1753890938:[MRMAID,0002]acq started
1753913957:[MRMAID,0027]2017dbar, 33degC
1753914417:[MRMAID,0027]2016dbar, 33degC
1753915107:[MRMAID,0027]2013dbar, 33degC
1753920412:[MRMAID,0027]2017dbar, 33degC
1753928756:[MRMAID,0027]2012dbar, 33degC
1753943785:[BUOY  ,0087]from -1mbar/s to +0mbar/s
1753943785:[BUOY  ,0090]need to transfer -2mL (valve during 57ms)
1753943785:[MRMAID,0003]acq stopped
1753943786:[VALVE ,0034]valve opening 57ms
1753943786:[MRMAID,0052]$MEASFS,2112550,52794.968536,40.014230;
1753943792:[MRMAID,0002]acq started
1753944716:[BUOY  ,0087]from +1mbar/s to +0mbar/s
1753944716:[PUMP  ,0378]Outflow calculated : 2710
1753944716:[BUOY  ,0089]need to transfer +2mL (pump during 3010ms)
1753944717:[MRMAID,0003]acq stopped
1753944717:[MRMAID,0185]27 spurious byte(s) received
1753944718:[PUMP  ,0016]pump during 3010ms
1753944721:[PUMP  ,0212]battery 12965mV,  911950uA (steady state), P+200271mbar
1753944723:[MRMAID,0002]acq started
1753945044:[BUOY  ,0087]from +1mbar/s to +0mbar/s
1753945044:[PUMP  ,0378]Outflow calculated : 2710
1753945044:[BUOY  ,0089]need to transfer +2mL (pump during 3006ms)
1753945044:[MRMAID,0003]acq stopped
1753945046:[PUMP  ,0016]pump during 3006ms
1753945049:[PUMP  ,0212]battery 13051mV,  894748uA (steady state), P+200571mbar
1753945050:[MRMAID,0002]acq started
1753945371:[BUOY  ,0087]from +1mbar/s to +0mbar/s
1753945371:[PUMP  ,0378]Outflow calculated : 2710
1753945371:[BUOY  ,0089]need to transfer +2mL (pump during 3006ms)
1753945371:[MRMAID,0003]acq stopped
1753945373:[PUMP  ,0016]pump during 3006ms
1753945376:[PUMP  ,0212]battery 13092mV,  895724uA (steady state), P+200711mbar
1753945377:[MRMAID,0002]acq started
1753951101:[BUOY  ,0087]from +1mbar/s to +0mbar/s
1753951101:[PUMP  ,0378]Outflow calculated : 2708
1753951101:[BUOY  ,0089]need to transfer +2mL (pump during 3018ms)
1753951101:[MRMAID,0003]acq stopped
1753951101:[MRMAID,0052]$MEASFS,226933,5671.307403,40.014230;
1753951103:[PUMP  ,0016]pump during 3018ms
1753951106:[PUMP  ,0212]battery 13082mV,  908900uA (steady state), P+203611mbar
1753951107:[MRMAID,0002]acq started
1753957722:[MRMAID,0027]2038dbar, 33degC
1753957880:[MRMAID,0005]ascent request rejected
1753958032:[BUOY  ,0087]from +1mbar/s to +0mbar/s
1753958032:[PUMP  ,0378]Outflow calculated : 2707
1753958032:[BUOY  ,0089]need to transfer +2mL (pump during 3020ms)
1753958032:[MRMAID,0003]acq stopped
1753958032:[MRMAID,0052]$MEASFS,274955,6871.430390,40.014231;
1753958034:[PUMP  ,0016]pump during 3020ms
1753958037:[PUMP  ,0212]battery 13091mV,  903288uA (steady state), P+204551mbar
1753958038:[MRMAID,0002]acq started
1753981621:[MRMAID,0027]2018dbar, 33degC
1753981761:[MRMAID,0005]ascent request rejected
1753986211:[MRMAID,0027]2019dbar, 33degC
1754012085:[BUOY  ,0087]from +1mbar/s to +0mbar/s
1754012085:[PUMP  ,0378]Outflow calculated : 2707
1754012085:[BUOY  ,0089]need to transfer +2mL (pump during 3025ms)
1754012085:[MRMAID,0003]acq stopped
1754012086:[MRMAID,0052]$MEASFS,2160569,53995.015075,40.014231;
1754012087:[PUMP  ,0016]pump during 3025ms
1754012090:[PUMP  ,0212]battery 12903mV,  908900uA (steady state), P+203941mbar
1754012091:[MRMAID,0002]acq started
1754012859:[MRMAID,0027]2036dbar, 33degC
1754012992:[MRMAID,0005]ascent request rejected
1754013198:[MRMAID,0027]2031dbar, 33degC
1754013328:[MRMAID,0005]ascent request rejected
1754014335:[MRMAID,0027]2012dbar, 33degC
1754014476:[MRMAID,0005]ascent request rejected
1754014695:[MRMAID,0027]2011dbar, 33degC
1754014821:[MRMAID,0005]ascent request rejected
1754027962:[MRMAID,0027]2011dbar, 33degC
1754028127:[MRMAID,0005]ascent request rejected
1754028237:[MRMAID,0027]2012dbar, 33degC
1754028372:[MRMAID,0027]2014dbar, 33degC
1754029221:[MAIN  ,0140]stage[1] complete 27425s after mission start
1754029221:[MRMAID,0003]acq stopped
1754029221:[MRMAID,0052]$MEASFS,668102,16696.609803,40.014231;
1754029221:[MAIN  ,0056]stage[2]
1754029223:[MAIN  ,0024]internal pressure 79036Pa
1754029224:[BUOY  ,0037]P+201641mbar
1754029226:[BUOY  ,0087]from +0mbar/s to +9mbar/s
1754029226:[BUOY  ,0090]need to transfer -130mL (valve during 3692ms)
1754029226:[VALVE ,0034]valve opening 3692ms
1754029230:[VALVE ,0234]battery 12583mV,  494954uA, P+201641mbar
1754030176:[PRESS ,0038]P+209081mbar,T+32767mdegC
1754030201:[BUOY  ,0087]from +7mbar/s to +9mbar/s
1754030201:[BUOY  ,0090]need to transfer -52mL (valve during 1451ms)
1754030201:[VALVE ,0034]valve opening 1451ms
1754030203:[VALVE ,0234]battery 12615mV,  479704uA, P+209231mbar
1754030826:[PRESS ,0038]P+214811mbar,T+32767mdegC
1754031476:[PRESS ,0038]P+219841mbar,T+32767mdegC
1754031501:[BUOY  ,0087]from +7mbar/s to +9mbar/s
1754031501:[BUOY  ,0090]need to transfer -52mL (valve during 1414ms)
1754031501:[VALVE ,0034]valve opening 1414ms
1754031502:[VALVE ,0234]battery 12598mV,  482754uA, P+220021mbar
1754032126:[PRESS ,0038]P+225101mbar,T+32767mdegC
1754032151:[BUOY  ,0087]from +8mbar/s to +6mbar/s
1754032151:[PUMP  ,0378]Outflow calculated : 2694
1754032151:[BUOY  ,0089]need to transfer +44mL (pump during 66971ms)
1754032152:[PUMP  ,0016]pump during 60000ms
1754032211:[PUMP  ,0212]battery 12846mV,  979660uA (steady state), P+225301mbar
1754032477:[BUOY  ,0087]from +9mbar/s to +6mbar/s
1754032477:[PUMP  ,0378]Outflow calculated : 2689
1754032477:[BUOY  ,0089]need to transfer +72mL (pump during 113386ms)
1754032479:[PUMP  ,0016]pump during 60000ms
1754032537:[PUMP  ,0212]battery 12963mV,  979050uA (steady state), P+227931mbar
1754032779:[PRESS ,0038]P+230131mbar,T+32767mdegC
1754032804:[BUOY  ,0087]from +8mbar/s to +6mbar/s
1754032804:[PUMP  ,0378]Outflow calculated : 2688
1754032804:[BUOY  ,0089]need to transfer +44mL (pump during 69291ms)
1754032805:[PUMP  ,0016]pump during 60000ms
1754032864:[PUMP  ,0212]battery 12793mV,  981856uA (steady state), P+230331mbar
1754033755:[PRESS ,0038]P+236111mbar,T+32767mdegC
1754034730:[PRESS ,0038]P+242631mbar,T+32767mdegC
1754034754:[BUOY  ,0087]from +8mbar/s to +6mbar/s
1754034754:[PUMP  ,0378]Outflow calculated : 2683
1754034754:[BUOY  ,0089]need to transfer +44mL (pump during 67692ms)
1754034756:[PUMP  ,0016]pump during 60000ms
1754034815:[PUMP  ,0212]battery 13208mV, 1026020uA (steady state), P+242811mbar
1754035081:[BUOY  ,0087]from +6mbar/s to +2mbar/s
1754035081:[PUMP  ,0378]Outflow calculated : 2681
1754035081:[BUOY  ,0089]need to transfer +52mL (pump during 80123ms)
1754035082:[PUMP  ,0016]pump during 60000ms
1754035141:[PUMP  ,0212]battery 12828mV, 1027606uA (steady state), P+244891mbar
1754035407:[STAGE ,0213]246791mbar reached at 1754035407s, ref 250000mbar +/-5000mbar
1754035407:[BUOY  ,0087]from +7mbar/s to +0mbar/s
1754035407:[PUMP  ,0378]Outflow calculated : 2674
1754035407:[BUOY  ,0089]need to transfer +78mL (pump during 127869ms)
1754035409:[PUMP  ,0016]pump during 60000ms
1754035468:[PUMP  ,0212]battery 12660mV, 1037488uA (steady state), P+246791mbar
1754035709:[PRESS ,0038]P+248221mbar,T+32767mdegC
1754035734:[BUOY  ,0087]from +3mbar/s to +0mbar/s
1754035734:[PUMP  ,0378]Outflow calculated : 2673
1754035734:[BUOY  ,0089]need to transfer +14mL (pump during 22943ms)
1754035735:[PUMP  ,0016]pump during 22943ms
1754035757:[PUMP  ,0212]battery 12568mV, 1048468uA (steady state), P+248331mbar
1754036060:[BUOY  ,0087]from +4mbar/s to +0mbar/s
1754036060:[PUMP  ,0378]Outflow calculated : 2671
1754036060:[BUOY  ,0089]need to transfer +26mL (pump during 42876ms)
1754036061:[PUMP  ,0016]pump during 42876ms
1754036103:[PUMP  ,0212]battery 12643mV, 1048956uA (steady state), P+249721mbar
1754036386:[BUOY  ,0087]from +2mbar/s to +0mbar/s
1754036386:[PUMP  ,0378]Outflow calculated : 2671
1754036386:[BUOY  ,0089]need to transfer +6mL (pump during 9894ms)
1754036388:[PUMP  ,0016]pump during 9894ms
1754036397:[PUMP  ,0212]battery 12588mV, 1051518uA (steady state), P+250461mbar
1754040615:[BUOY  ,0087]from -1mbar/s to +0mbar/s
1754040615:[BUOY  ,0090]need to transfer -2mL (valve during 51ms)
1754040615:[VALVE ,0034]valve opening 51ms
1754040940:[BUOY  ,0087]from +4mbar/s to +0mbar/s
1754040940:[PUMP  ,0378]Outflow calculated : 2679
1754040940:[BUOY  ,0089]need to transfer +26mL (pump during 39713ms)
1754040941:[PUMP  ,0016]pump during 39713ms
1754040980:[PUMP  ,0212]battery 13261mV, 1052250uA (steady state), P+249821mbar
1754041266:[BUOY  ,0087]from +2mbar/s to +0mbar/s
1754041266:[PUMP  ,0378]Outflow calculated : 2676
1754041266:[BUOY  ,0089]need to transfer +6mL (pump during 9449ms)
1754041267:[PUMP  ,0016]pump during 9449ms
1754041276:[PUMP  ,0212]battery 13060mV, 1050542uA (steady state), P+250791mbar
1754041592:[BUOY  ,0087]from +3mbar/s to +0mbar/s
1754041592:[PUMP  ,0378]Outflow calculated : 2675
1754041592:[BUOY  ,0089]need to transfer +14mL (pump during 22055ms)
1754041594:[PUMP  ,0016]pump during 22055ms
1754041616:[PUMP  ,0212]battery 13131mV, 1055666uA (steady state), P+251561mbar
1754041919:[BUOY  ,0087]from +2mbar/s to +0mbar/s
1754041919:[PUMP  ,0378]Outflow calculated : 2675
1754041919:[BUOY  ,0089]need to transfer +6mL (pump during 9469ms)
1754041920:[PUMP  ,0016]pump during 9469ms
1754041929:[PUMP  ,0212]battery 13066mV, 1061400uA (steady state), P+252061mbar
1754042245:[BUOY  ,0101]stage[2] 10 stab done
1754042245:[BUOY  ,0087]from +2mbar/s to +0mbar/s
1754042245:[PUMP  ,0378]Outflow calculated : 2674
1754042245:[BUOY  ,0089]need to transfer +6mL (pump during 9472ms)
1754042247:[PUMP  ,0016]pump during 9472ms
1754042256:[PUMP  ,0212]battery 13121mV, 1064938uA (steady state), P+252431mbar
1754043472:[PRESS ,0038]P+253361mbar,T+32767mdegC
1754043472:[MAIN  ,0140]stage[2] complete -23860s after mission start
1754043472:[MAIN  ,0056]stage[3]
1754043474:[MAIN  ,0024]internal pressure 79396Pa
1754043475:[SBE   ,0391]Mode changed from SLEEP to UPDATE
1754043475:[BUOY  ,0037]P+253341mbar
1754043477:[BUOY  ,0087]from +1mbar/s to -10mbar/s
1754043477:[PUMP  ,0378]Outflow calculated : 2676
1754043477:[BUOY  ,0089]need to transfer +162mL (pump during 250000ms)
1754043478:[PUMP  ,0016]pump during 60000ms
1754043485:[SBE   ,0358]<ERR>Wake up failed during routine N[1]
1754043485:[SBE   ,0382]<ERR>Task 3 return -9
1754043485:[SBEx1 ,0138]<WARN>Do not answer several times restart it
1754043505:[SBE   ,0358]<ERR>Wake up failed during routine N[1]
1754043505:[SBE   ,0382]<ERR>Task 3 return -9
1754043505:[SBEx1 ,0138]<WARN>Do not answer several times restart it
1754043525:[SBE   ,0358]<ERR>Wake up failed during routine N[1]
1754043525:[SBE   ,0382]<ERR>Task 3 return -9
1754043525:[SBEx1 ,0138]<WARN>Do not answer several times restart it
1754043535:[SBE   ,0391]Mode changed from UPDATE to SLEEP
1754043537:[PUMP  ,0212]battery 13232mV, 1070062uA (steady state), P+253341mbar
1754043803:[BUOY  ,0087]from -4mbar/s to -10mbar/s
1754043803:[PUMP  ,0378]Outflow calculated : 2671
1754043803:[BUOY  ,0089]need to transfer +134mL (pump during 217532ms)
1754043805:[PUMP  ,0016]pump during 60000ms
1754043864:[PUMP  ,0212]battery 12846mV, 1061766uA (steady state), P+252341mbar
1754044130:[BUOY  ,0087]from -5mbar/s to -10mbar/s
1754044130:[PUMP  ,0378]Outflow calculated : 2672
1754044130:[BUOY  ,0089]need to transfer +120mL (pump during 194805ms)
1754044131:[PUMP  ,0016]pump during 60000ms
1754044190:[PUMP  ,0212]battery 12650mV, 1057740uA (steady state), P+250551mbar
1754044456:[BUOY  ,0087]from -6mbar/s to -10mbar/s
1754044456:[PUMP  ,0378]Outflow calculated : 2670
1754044456:[BUOY  ,0089]need to transfer +102mL (pump during 170854ms)
1754044457:[PUMP  ,0016]pump during 60000ms
1754044516:[PUMP  ,0212]battery 12540mV, 1036268uA (steady state), P+248551mbar
1754044758:[PRESS ,0038]P+246361mbar,T+32767mdegC
1754044782:[BUOY  ,0087]from -7mbar/s to -10mbar/s
1754044783:[PUMP  ,0378]Outflow calculated : 2671
1754044783:[BUOY  ,0089]need to transfer +82mL (pump during 137353ms)
1754044784:[PUMP  ,0016]pump during 60000ms
1754044843:[PUMP  ,0212]battery 12476mV, 1026752uA (steady state), P+246181mbar
1754045109:[BUOY  ,0087]from -7mbar/s to -10mbar/s
1754045109:[PUMP  ,0378]Outflow calculated : 2673
1754045109:[BUOY  ,0089]need to transfer +82mL (pump during 137353ms)
1754045110:[PUMP  ,0016]pump during 60000ms
1754045169:[PUMP  ,0212]battery 12428mV, 1021994uA (steady state), P+243541mbar
1754045410:[PRESS ,0038]P+241121mbar,T+32767mdegC
1754045435:[BUOY  ,0087]from -8mbar/s to -10mbar/s
1754045435:[PUMP  ,0378]Outflow calculated : 2675
1754045435:[BUOY  ,0089]need to transfer +58mL (pump during 96990ms)
1754045437:[PUMP  ,0016]pump during 60000ms
1754045496:[PUMP  ,0212]battery 12393mV, 1003938uA (steady state), P+240911mbar
1754045762:[BUOY  ,0087]from -8mbar/s to -10mbar/s
1754045762:[PUMP  ,0378]Outflow calculated : 2677
1754045762:[BUOY  ,0089]need to transfer +58mL (pump during 96990ms)
1754045763:[PUMP  ,0016]pump during 60000ms
1754045822:[PUMP  ,0212]battery 12350mV,  997472uA (steady state), P+238211mbar
1754046063:[PRESS ,0038]P+235501mbar,T+32767mdegC
1754046088:[BUOY  ,0087]from -9mbar/s to -10mbar/s
1754046088:[PUMP  ,0378]Outflow calculated : 2678
1754046088:[BUOY  ,0089]need to transfer +30mL (pump during 50431ms)
1754046089:[PUMP  ,0016]pump during 50431ms
1754046139:[PUMP  ,0212]battery 12310mV,  989908uA (steady state), P+235281mbar
1754046414:[BUOY  ,0087]from -9mbar/s to -10mbar/s
1754046414:[PUMP  ,0378]Outflow calculated : 2680
1754046415:[BUOY  ,0089]need to transfer +30mL (pump during 50393ms)
1754046416:[PUMP  ,0016]pump during 50393ms
1754046466:[PUMP  ,0212]battery 12290mV,  984662uA (steady state), P+232191mbar
1754046716:[PRESS ,0038]P+229251mbar,T+32767mdegC
1754046741:[BUOY  ,0087]from -9mbar/s to -10mbar/s
1754046741:[PUMP  ,0378]Outflow calculated : 2681
1754046741:[BUOY  ,0089]need to transfer +30mL (pump during 50683ms)
1754046742:[PUMP  ,0016]pump during 50683ms
1754046792:[PUMP  ,0212]battery 12271mV,  969900uA (steady state), P+229021mbar
1754047367:[PRESS ,0038]P+222671mbar,T+32767mdegC
1754048017:[PRESS ,0038]P+215821mbar,T+32767mdegC
1754048667:[PRESS ,0038]P+208701mbar,T+32767mdegC
1754049317:[PRESS ,0038]P+201771mbar,T+32767mdegC
1754049666:[BUOY  ,0087]from -8mbar/s to -10mbar/s
1754049666:[PUMP  ,0378]Outflow calculated : 2707
1754049666:[BUOY  ,0089]need to transfer +58mL (pump during 91772ms)
1754049668:[PUMP  ,0016]pump during 60000ms
1754049727:[PUMP  ,0212]battery 12873mV,  866200uA (steady state), P+198391mbar
1754049968:[PRESS ,0038]P+195511mbar,T+32767mdegC
1754049993:[BUOY  ,0087]from -9mbar/s to -10mbar/s
1754049993:[PUMP  ,0378]Outflow calculated : 2709
1754049993:[BUOY  ,0089]need to transfer +30mL (pump during 47433ms)
1754049994:[PUMP  ,0016]pump during 47433ms
1754050041:[PUMP  ,0212]battery 12656mV,  853390uA (steady state), P+195261mbar
1754050619:[PRESS ,0038]P+189271mbar,T+32767mdegC
1754050644:[BUOY  ,0087]from -9mbar/s to -10mbar/s
1754050644:[PUMP  ,0378]Outflow calculated : 2710
1754050644:[BUOY  ,0089]need to transfer +30mL (pump during 48976ms)
1754050645:[PUMP  ,0016]pump during 48976ms
1754050693:[PUMP  ,0212]battery 12700mV,  825940uA (steady state), P+189051mbar
1754050970:[BUOY  ,0087]from -9mbar/s to -10mbar/s
1754050971:[PUMP  ,0378]Outflow calculated : 2712
1754050971:[BUOY  ,0089]need to transfer +30mL (pump during 49030ms)
1754050972:[PUMP  ,0016]pump during 49030ms
1754051021:[PUMP  ,0212]battery 12597mV,  817766uA (steady state), P+185741mbar
1754051272:[PRESS ,0038]P+182411mbar,T+32767mdegC
1754051922:[PRESS ,0038]P+175261mbar,T+32767mdegC
1754052572:[PRESS ,0038]P+167811mbar,T+32767mdegC
1754053221:[PRESS ,0038]P+160301mbar,T+32767mdegC
1754053871:[PRESS ,0038]P+153721mbar,T+32767mdegC
1754054221:[BUOY  ,0087]from -9mbar/s to -10mbar/s
1754054221:[PUMP  ,0378]Outflow calculated : 2737
1754054221:[BUOY  ,0089]need to transfer +30mL (pump during 46668ms)
1754054222:[PUMP  ,0016]pump during 46668ms
1754054268:[PUMP  ,0212]battery 13052mV,  697962uA (steady state), P+150451mbar
1754054523:[PRESS ,0038]P+147551mbar,T+32767mdegC
1754054547:[BUOY  ,0087]from -9mbar/s to -10mbar/s
1754054547:[PUMP  ,0378]Outflow calculated : 2738
1754054547:[BUOY  ,0089]need to transfer +30mL (pump during 47450ms)
1754054549:[PUMP  ,0016]pump during 47450ms
1754054596:[PUMP  ,0212]battery 12936mV,  683322uA (steady state), P+147331mbar
1754055174:[PRESS ,0038]P+140781mbar,T+32767mdegC
1754055824:[PRESS ,0038]P+133571mbar,T+32767mdegC
1754056473:[PRESS ,0038]P+126591mbar,T+32767mdegC
1754056823:[BUOY  ,0087]from -9mbar/s to -10mbar/s
1754056823:[PUMP  ,0378]Outflow calculated : 2755
1754056823:[BUOY  ,0089]need to transfer +30mL (pump during 46217ms)
1754056824:[PUMP  ,0016]pump during 46217ms
1754056870:[PUMP  ,0212]battery 13146mV,  602314uA (steady state), P+123061mbar
1754057125:[PRESS ,0038]P+119901mbar,T+32767mdegC
1754057775:[PRESS ,0038]P+112861mbar,T+32767mdegC
1754058424:[PRESS ,0038]P+105691mbar,T+32767mdegC
1754059074:[PRESS ,0038]P +99161mbar,T+32767mdegC
1754059424:[BUOY  ,0087]from -9mbar/s to -10mbar/s
1754059424:[PUMP  ,0378]Outflow calculated : 2772
1754059424:[BUOY  ,0089]need to transfer +30mL (pump during 45441ms)
1754059425:[PUMP  ,0016]pump during 45441ms
1754059470:[PUMP  ,0212]battery 13296mV,  507276uA (steady state), P +95931mbar
1754059725:[PRESS ,0038]P +93001mbar,T+32767mdegC
1754060075:[BUOY  ,0087]from -9mbar/s to -10mbar/s
1754060075:[PUMP  ,0378]Outflow calculated : 2776
1754060075:[BUOY  ,0089]need to transfer +30mL (pump during 45834ms)
1754060076:[PUMP  ,0016]pump during 45834ms
1754060121:[PUMP  ,0212]battery 13302mV,  485072uA (steady state), P +89581mbar
1754060377:[PRESS ,0038]P +86421mbar,T+32767mdegC
1754061026:[PRESS ,0038]P +79281mbar,T+32767mdegC
1754061676:[PRESS ,0038]P +72491mbar,T+32767mdegC
1754062326:[PRESS ,0038]P +65771mbar,T+32767mdegC
1754062976:[PRESS ,0038]P +59191mbar,T+32767mdegC
1754063626:[PRESS ,0038]P +52741mbar,T+32767mdegC
1754064275:[PRESS ,0038]P +46281mbar,T+32767mdegC
1754064625:[BUOY  ,0087]from -9mbar/s to -10mbar/s
1754064625:[PUMP  ,0378]Outflow calculated : 2806
1754064625:[BUOY  ,0089]need to transfer +30mL (pump during 44313ms)
1754064626:[PUMP  ,0016]pump during 44313ms
1754064670:[PUMP  ,0212]battery 13611mV,  310856uA (steady state), P +42831mbar
1754064927:[PRESS ,0038]P +39801mbar,T+32767mdegC
1754064951:[BUOY  ,0087]from -9mbar/s to -10mbar/s
1754064952:[PUMP  ,0378]Outflow calculated : 2808
1754064952:[BUOY  ,0089]need to transfer +30mL (pump during 44282ms)
1754064953:[PUMP  ,0016]pump during 44282ms
1754064997:[PUMP  ,0212]battery 13587mV,  309026uA (steady state), P +39571mbar
1754065578:[PRESS ,0038]P +32981mbar,T+32767mdegC
1754065928:[BUOY  ,0087]from -9mbar/s to -10mbar/s
1754065928:[PUMP  ,0378]Outflow calculated : 2814
1754065928:[BUOY  ,0089]need to transfer +30mL (pump during 44420ms)
1754065929:[PUMP  ,0016]pump during 44420ms
1754065973:[PUMP  ,0212]battery 13656mV,  275110uA (steady state), P +29551mbar
1754066229:[PRESS ,0038]P +26781mbar,T+32767mdegC
1754066879:[PRESS ,0038]P +20271mbar,T+32767mdegC
1754066904:[BUOY  ,0087]from -9mbar/s to -10mbar/s
1754066904:[PUMP  ,0378]Outflow calculated : 2820
1754066904:[BUOY  ,0089]need to transfer +30mL (pump during 44435ms)
1754066905:[PUMP  ,0016]pump during 44435ms
1754066949:[PUMP  ,0212]battery 13721mV,  237778uA (steady state), P +20071mbar
1754067530:[PRESS ,0038]P +13391mbar,T+32767mdegC
1754067880:[BUOY  ,0087]from -8mbar/s to -10mbar/s
1754067880:[PUMP  ,0378]Outflow calculated : 2826
1754067880:[BUOY  ,0089]need to transfer +58mL (pump during 85672ms)
1754067881:[PUMP  ,0016]pump during 60000ms
1754067940:[PUMP  ,0212]battery 13793mV,  201178uA (steady state), P +10021mbar
1754068182:[PRESS ,0038]P  +6861mbar,T+32767mdegC
1754068531:[BUOY  ,0087]from -9mbar/s to -10mbar/s
1754068531:[PUMP  ,0378]Outflow calculated : 2830
1754068531:[BUOY  ,0089]need to transfer +30mL (pump during 44416ms)
1754068533:[PUMP  ,0016]pump during 44416ms
1754068577:[PUMP  ,0212]battery 13843mV,  177754uA (steady state), P  +3721mbar
1754068847:[PRESS ,0038]P  +1821mbar,T+32767mdegC
1754068858:[BUOY  ,0087]from -6mbar/s to -10mbar/s
1754068858:[PUMP  ,0378]Outflow calculated : 2831
1754068858:[BUOY  ,0089]need to transfer +102mL (pump during 150888ms)
1754068859:[PUMP  ,0016]pump during 60000ms
1754068918:[PUMP  ,0212]battery 13852mV,  167384uA (steady state), P  +1761mbar
1754069184:[STAGE ,0214]-149mbar (500) reached at 1754069184s, ascending from 253341mbar
1754069184:[STAGE ,0342]The float reached the surface : OK
1754069184:[MAIN  ,0140]stage[3] complete 1852s after mission start
1754069184:[MRMAID,0188]acq already stopped
1754069185:[MSSION,0192]mission stopped, 4 stage(s) done
1754069185:[MAIN  ,0065]surfacing
1754069187:[SURFIN,0036]P   -169mbar
1754069188:[SURFIN,0020]filling external bladder
1754069190:[PUMP  ,0016]pump during 30000ms
1754069219:[PUMP  ,0212]battery 13016mV, 1308938uA (steady state), P   -169mbar
1754069236:[PUMP  ,0016]pump during 30000ms
1754069265:[PUMP  ,0212]battery 13847mV,   21106uA (steady state), P   -169mbar
1754069282:[PUMP  ,0016]pump during 30000ms
1754069309:[PUMP  ,0212]battery 13660mV,   21228uA (steady state), P   -169mbar
1754069309:[PUMP  ,0019]external bladder full
1754069371:[MAIN  ,0272]Vbat 13560mV (min 13247mV)
1754069373:[MAIN  ,0024]internal pressure 77692Pa
1754069373:[MAIN  ,0043]Pext 181mbar (rng 30mbar)
1754069373:[MAIN  ,0064]surface
1754069384:[SURF  ,0022]GPS fix...
1754069477:[SURF  ,0015]10 PPS detected...
1754069479:[MRMAID,0052]$GPSACK:+0,+0,+0,+0,+0,-1,-161895;
1754069489:[MRMAID,0052]$GPSOFF:3686331;
1754069491:[GPSFIX,0179]-12s diff
1754069503:[SURF  ,0222]2025-08-01T17:31:43
1754069503:[SURF  ,0082]N32deg15.158mn, E134deg03.227mn
1754069503:[SURF  ,0084]hdop 2.510, vdop 3.870
1754069513:[SURF  ,0274]last almanac : 8624741
1754070714:[MRMAID,0026]116299 bytes in 0100/688CFD90.MER
1754070719:[MAIN  ,0320]New pressure offset: 181mbar
1754070719:[SBE   ,0391]Mode changed from SLEEP to RESETOFFSET
1754070729:[SBE   ,0358]<ERR>Wake up failed during routine N[4]
1754070729:[SBE   ,0382]<ERR>Task 7 return -9
1754070729:[SBEx1 ,0138]<WARN>Do not answer several times restart it
1754070749:[SBE   ,0358]<ERR>Wake up failed during routine N[4]
1754070749:[SBE   ,0382]<ERR>Task 7 return -9
1754070749:[SBEx1 ,0138]<WARN>Do not answer several times restart it
1754070769:[SBE   ,0358]<ERR>Wake up failed during routine N[4]
1754070769:[SBE   ,0382]<ERR>Task 7 return -9
1754070769:[SBEx1 ,0138]<WARN>Do not answer several times restart it
1754070779:[SBE   ,0391]Mode changed from RESETOFFSET to SLEEP
1754070780:[MAIN  ,0078]*** switching to 0100/688CFEFC ***
