1685601724:[MAIN  ,0007]buoy 467.174-T-0100
1685601724:[MAIN  ,0055]soft pilotage 467.174.300_V2.67-20230503
1685601724:[MAIN  ,0010]cycle 1
1685601724:[SURF  ,0225]surface2
1685601737:[SURF  ,0022]GPS fix...
1685601757:[SURF  ,0015]10 PPS detected...
1685601758:[MRMAID,0052]$GPSACK:+0,+0,+0,+0,+0,+0,+0;
1685601768:[MRMAID,0052]$GPSOFF:3686328;
1685601771:[GPSFIX,0179]+0s diff
1685601771:[SURF  ,0222]2023-06-01T06:42:51
1685601771:[SURF  ,0082]N35deg19.261mn, E139deg39.045mn
1685601771:[SURF  ,0084]hdop 2.860, vdop 5.160
1685601781:[SURF  ,0025]Iridium...
1685601783:[MODEM ,0347]<ERR>ping error
1685601783:[SURF  ,0023]<WARN>failed to connect #1, code -1, net -1, qual -1, dial -1
1685601811:[SURF  ,0023]<WARN>failed to connect #2, code -5, net 4, qual -1, dial -1
1685601827:[CMD   ,0276]0100>
1685601831:[CMD   ,0276]0100>
1685601838:[SURF  ,0023]<WARN>failed to connect #3, code -5, net 4, qual -1, dial -1
1685601858:[MONITR,0007]<WARN>battery  6857mV, -2147483648uA
