1689924980:[MAIN  ,0007]buoy 467.174-T-0100
1689924980:[MAIN  ,0055]soft pilotage 467.174.300_V2.67-20230503
1689924980:[MAIN  ,0010]cycle 5
1689924980:[SURF  ,0225]surface2
1689924994:[SURF  ,0022]GPS fix...
1689925014:[SURF  ,0015]10 PPS detected...
1689925015:[MRMAID,0052]$GPSACK:+0,+0,+0,+0,+0,+1,-999877;
1689925025:[MRMAID,0052]$GPSOFF:3686331;
1689925028:[GPSFIX,0179]+0s diff
1689925028:[SURF  ,0222]2023-07-21T07:37:08
1689925028:[SURF  ,0082]N29deg32.185mn, E142deg03.052mn
1689925028:[SURF  ,0084]hdop 0.560, vdop 1.080
1689925038:[SURF  ,0025]Iridium...
1689925071:[SURF  ,0009]connected in 33s, signal quality 2
1689925192:[SURF  ,0218]prompt received, remote cmd end
1689925192:[SURF  ,0012]22 cmd(s) received
1689925213:[UPLOAD,0248]Upload data files...
1689925284:[UPLOAD,0231]"0100/64B9B859.S61" uploaded at 60bytes/s
1689925873:[SURF  ,0014]disconnected after 835s
1689925878:[SURFIN,0020]filling external bladder
1689925880:[PUMP  ,0019]external bladder full
1689925880:[SURF  ,0069]transfer interrupted , retry
1689925891:[SURF  ,0022]GPS fix...
1689925911:[SURF  ,0015]10 PPS detected...
1689925912:[MRMAID,0052]$GPSACK:+0,+0,+0,+0,+0,+1,-999877;
1689925922:[MRMAID,0052]$GPSOFF:3686330;
1689925924:[GPSFIX,0179]-1s diff
1689925925:[SURF  ,0222]2023-07-21T07:52:05
1689925925:[SURF  ,0082]N29deg31.990mn, E142deg02.877mn
1689925925:[SURF  ,0084]hdop 0.580, vdop 1.160
1689925935:[SURF  ,0025]Iridium...
1689925968:[SURF  ,0009]connected in 33s, signal quality 3
1689926081:[SURF  ,0218]prompt received, remote cmd end
1689926081:[SURF  ,0012]21 cmd(s) received
1689926106:[UPLOAD,0248]Upload data files...
1689926302:[SURF  ,0014]disconnected after 367s
1689926307:[SURFIN,0020]filling external bladder
1689926308:[PUMP  ,0019]external bladder full
1689926308:[SURF  ,0069]transfer interrupted , retry
1689926320:[SURF  ,0022]GPS fix...
1689926340:[SURF  ,0015]10 PPS detected...
1689926341:[MRMAID,0052]$GPSACK:+0,+0,+0,+0,+0,+1,-999969;
1689926351:[MRMAID,0052]$GPSOFF:3686329;
1689926353:[GPSFIX,0179]-1s diff
1689926354:[SURF  ,0222]2023-07-21T07:59:14
1689926354:[SURF  ,0082]N29deg31.897mn, E142deg02.796mn
1689926354:[SURF  ,0084]hdop 0.540, vdop 1.010
1689926364:[SURF  ,0025]Iridium...
1689926568:[SURF  ,0023]<WARN>failed to connect #1, code -8, net 1, qual 5, dial 1
1689926576:[MODEM ,0347]<ERR>ping error
1689926576:[SURF  ,0023]<WARN>failed to connect #2, code -1, net -1, qual -1, dial -1
1689926630:[SURF  ,0009]connected in 266s, signal quality 4
1689926765:[SURF  ,0218]prompt received, remote cmd end
1689926765:[SURF  ,0012]42 cmd(s) received
1689926788:[UPLOAD,0248]Upload data files...
1689927707:[SURF  ,0014]disconnected after 1343s
1689927712:[SURFIN,0020]filling external bladder
1689927713:[PUMP  ,0016]pump during 30000ms
1689927716:[PUMP  ,0212]battery 14733mV, 1098610uA (steady state), P   +280mbar
1689927717:[PUMP  ,0019]external bladder full
1689927717:[SURF  ,0069]transfer interrupted , retry
1689927728:[SURF  ,0022]GPS fix...
1689927748:[SURF  ,0015]10 PPS detected...
1689927749:[MRMAID,0052]$GPSACK:+0,+0,+0,+0,+0,+0,-30;
1689927759:[MRMAID,0052]$GPSOFF:3686329;
1689927761:[GPSFIX,0179]-1s diff
1689927762:[SURF  ,0222]2023-07-21T08:22:42
1689927762:[SURF  ,0082]N29deg31.575mn, E142deg02.593mn
1689927762:[SURF  ,0084]hdop 0.530, vdop 0.960
1689927772:[SURF  ,0025]Iridium...
1689927802:[SURF  ,0009]connected in 30s, signal quality 5
1689927925:[SURF  ,0218]prompt received, remote cmd end
1689927925:[SURF  ,0012]28 cmd(s) received
1689927949:[UPLOAD,0248]Upload data files...
1689928276:[SURF  ,0014]disconnected after 504s
1689928281:[SURFIN,0020]filling external bladder
1689928283:[PUMP  ,0019]external bladder full
1689928283:[SURF  ,0069]transfer interrupted , retry
1689928294:[SURF  ,0022]GPS fix...
1689928314:[SURF  ,0015]10 PPS detected...
1689928315:[MRMAID,0052]$GPSACK:+0,+0,+0,+0,+0,+1,-999969;
1689928325:[MRMAID,0052]$GPSOFF:3686328;
1689928327:[GPSFIX,0179]-1s diff
1689928328:[SURF  ,0222]2023-07-21T08:32:08
1689928328:[SURF  ,0082]N29deg31.442mn, E142deg02.520mn
1689928328:[SURF  ,0084]hdop 0.530, vdop 0.940
1689928338:[SURF  ,0025]Iridium...
1689928374:[SURF  ,0009]connected in 36s, signal quality 5
1689928595:[SURF  ,0218]prompt received, remote cmd end
1689928595:[SURF  ,0012]91 cmd(s) received
1689928618:[UPLOAD,0248]Upload data files...
1689928678:[UPLOAD,0131]<ERR>opening upload
1689928678:[UPLOAD,0132]<ERR>opening upload "0100"
1689928696:[SURF  ,0014]disconnected after 358s
1689928701:[SURFIN,0020]filling external bladder
1689928702:[PUMP  ,0019]external bladder full
1689928702:[SURF  ,0069]transfer interrupted , retry
1689928713:[SURF  ,0022]GPS fix...
1689928734:[SURF  ,0015]10 PPS detected...
1689928735:[MRMAID,0052]$GPSACK:+0,+0,+0,+0,+0,+0,-61;
1689928745:[MRMAID,0052]$GPSOFF:3686328;
1689928747:[GPSFIX,0179]-1s diff
1689928748:[SURF  ,0222]2023-07-21T08:39:08
1689928748:[SURF  ,0082]N29deg31.346mn, E142deg02.472mn
1689928748:[SURF  ,0084]hdop 0.560, vdop 0.910
1689928758:[SURF  ,0025]Iridium...
1689928759:[MODEM ,0347]<ERR>ping error
1689928759:[SURF  ,0023]<WARN>failed to connect #1, code -1, net -1, qual -1, dial -1
1689928766:[MODEM ,0347]<ERR>ping error
1689928766:[SURF  ,0023]<WARN>failed to connect #2, code -1, net -1, qual -1, dial -1
1689928774:[MODEM ,0347]<ERR>ping error
1689928774:[SURF  ,0023]<WARN>failed to connect #3, code -1, net -1, qual -1, dial -1
1689928825:[SURF  ,0009]connected in 67s, signal quality 5
1689928888:[SURF  ,0071]<WARN>timeout
1689928888:[SURF  ,0056]<WARN>peer mute
1689928894:[SURF  ,0014]disconnected after 136s
1689928899:[SURFIN,0020]filling external bladder
1689928900:[PUMP  ,0019]external bladder full
1689928900:[SURF  ,0069]transfer interrupted , retry
1689928912:[SURF  ,0022]GPS fix...
1689928932:[SURF  ,0015]10 PPS detected...
1689928933:[MRMAID,0052]$GPSACK:+0,+0,+0,+0,+0,+0,-30;
1689928943:[MRMAID,0052]$GPSOFF:3686328;
1689928945:[GPSFIX,0179]-1s diff
1689928946:[SURF  ,0222]2023-07-21T08:42:26
1689928946:[SURF  ,0082]N29deg31.297mn, E142deg02.455mn
1689928946:[SURF  ,0084]hdop 0.550, vdop 0.920
1689928956:[SURF  ,0025]Iridium...
1689929194:[SURF  ,0009]connected in 238s, signal quality 3
1689929833:[SURF  ,0197]<ERR>Timeout when receive cmds
1689929833:[SURF  ,0012]30 cmd(s) received
1689929858:[UPLOAD,0248]Upload data files...
1689930069:[ZIO   ,0240]"NO CARRIER" received, aborting
1689930089:[SURF  ,0014]disconnected after 1133s
1689930094:[SURFIN,0020]filling external bladder
1689930096:[PUMP  ,0019]external bladder full
1689930096:[SURF  ,0069]transfer interrupted , retry
1689930107:[SURF  ,0022]GPS fix...
1689930127:[SURF  ,0015]10 PPS detected...
1689930128:[MRMAID,0052]$GPSACK:+0,+0,+0,+0,+0,+1,-999969;
1689930138:[MRMAID,0052]$GPSOFF:3686328;
1689930140:[GPSFIX,0179]-1s diff
1689930141:[SURF  ,0222]2023-07-21T09:02:21
1689930141:[SURF  ,0082]N29deg30.999mn, E142deg02.308mn
1689930141:[SURF  ,0084]hdop 0.590, vdop 1.070
1689930151:[SURF  ,0025]Iridium...
1689930365:[SURF  ,0023]<WARN>failed to connect #1, code -8, net 1, qual 5, dial 1
1689930413:[SURF  ,0009]connected in 262s, signal quality 5
1689930531:[SURF  ,0218]prompt received, remote cmd end
1689930531:[SURF  ,0012]21 cmd(s) received
1689930559:[UPLOAD,0248]Upload data files...
1689930707:[UPLOAD,0231]"0100/64BA341B.MER" uploaded at 89bytes/s
1689931217:[SURF  ,0014]disconnected after 1066s
1689931222:[SURFIN,0020]filling external bladder
1689931223:[PUMP  ,0016]pump during 30000ms
1689931224:[PUMP  ,0019]external bladder full
1689931224:[SURF  ,0069]transfer interrupted , retry
1689931236:[SURF  ,0022]GPS fix...
1689931256:[SURF  ,0015]10 PPS detected...
1689931257:[MRMAID,0052]$GPSACK:+0,+0,+0,+0,+0,+1,-999816;
1689931267:[MRMAID,0052]$GPSOFF:3686327;
1689931269:[GPSFIX,0179]-1s diff
1689931270:[SURF  ,0222]2023-07-21T09:21:10
1689931270:[SURF  ,0082]N29deg30.713mn, E142deg02.134mn
1689931270:[SURF  ,0084]hdop 0.600, vdop 1.010
1689931280:[SURF  ,0025]Iridium...
1689931482:[SURF  ,0023]<WARN>failed to connect #1, code -8, net 1, qual 5, dial 1
1689931537:[SURF  ,0009]connected in 257s, signal quality 5
1689931671:[SURF  ,0218]prompt received, remote cmd end
1689931671:[SURF  ,0012]21 cmd(s) received
1689931691:[UPLOAD,0248]Upload data files...
1689931826:[SURF  ,0014]disconnected after 546s
1689931831:[SURFIN,0020]filling external bladder
1689931832:[PUMP  ,0019]external bladder full
1689931832:[SURF  ,0069]transfer interrupted , retry
1689931844:[SURF  ,0022]GPS fix...
1689931864:[SURF  ,0015]10 PPS detected...
1689931865:[MRMAID,0052]$GPSACK:+0,+0,+0,+0,+0,+0,+0;
1689931875:[MRMAID,0052]$GPSOFF:3686327;
1689931877:[GPSFIX,0179]-1s diff
1689931878:[SURF  ,0222]2023-07-21T09:31:18
1689931878:[SURF  ,0082]N29deg30.572mn, E142deg02.026mn
1689931878:[SURF  ,0084]hdop 0.530, vdop 1.000
1689931888:[SURF  ,0025]Iridium...
1689931922:[SURF  ,0009]connected in 34s, signal quality 5
1689932051:[SURF  ,0218]prompt received, remote cmd end
1689932051:[SURF  ,0012]21 cmd(s) received
1689932076:[UPLOAD,0248]Upload data files...
1689932192:[UPLOAD,0231]"0100/6492BBF7.BIN" uploaded at 91bytes/s
1689932328:[SURF  ,0014]disconnected after 440s
1689932334:[SURFIN,0020]filling external bladder
1689932335:[PUMP  ,0019]external bladder full
1689932335:[SURF  ,0069]transfer interrupted , retry
1689932346:[SURF  ,0022]GPS fix...
1689932366:[SURF  ,0015]10 PPS detected...
1689932367:[MRMAID,0052]$GPSACK:+0,+0,+0,+0,+0,+0,+0;
1689932377:[MRMAID,0052]$GPSOFF:3686327;
1689932379:[GPSFIX,0179]-1s diff
1689932380:[SURF  ,0222]2023-07-21T09:39:40
1689932380:[SURF  ,0082]N29deg30.455mn, E142deg01.933mn
1689932380:[SURF  ,0084]hdop 0.560, vdop 1.160
1689932390:[SURF  ,0025]Iridium...
1689932391:[MODEM ,0347]<ERR>ping error
1689932391:[SURF  ,0023]<WARN>failed to connect #1, code -1, net -1, qual -1, dial -1
1689932442:[SURF  ,0009]connected in 52s, signal quality 5
1689932550:[SURF  ,0218]prompt received, remote cmd end
1689932550:[SURF  ,0012]21 cmd(s) received
1689932570:[UPLOAD,0248]Upload data files...
1689932822:[UPLOAD,0231]"0100/649FF25E.BIN" uploaded at 142bytes/s
1689933103:[SURF  ,0014]disconnected after 713s
1689933108:[SURFIN,0020]filling external bladder
1689933109:[PUMP  ,0019]external bladder full
1689933109:[SURF  ,0069]transfer interrupted , retry
1689933109:[SURF  ,0228]Go dive (Maximum surface delay expired)
1689933121:[SURF  ,0022]GPS fix...
1689933141:[SURF  ,0015]10 PPS detected...
1689933142:[MRMAID,0052]$GPSACK:+0,+0,+0,+0,+0,+1,-999938;
1689933152:[MRMAID,0052]$GPSOFF:3686326;
1689933154:[GPSFIX,0179]-1s diff
1689933155:[SURF  ,0222]2023-07-21T09:52:35
1689933155:[SURF  ,0082]N29deg30.281mn, E142deg01.788mn
1689933155:[SURF  ,0084]hdop 0.560, vdop 1.060
1689933172:[MAIN  ,0024]internal pressure 78112Pa
1689933173:[BYCMD ,0120]    bypass 20000ms 120000ms (20000ms 60000ms stored)
1689933173:[BYCMD ,0121]    valve 60000ms 12750 (60000ms 12750 stored)
1689933173:[BYCMD ,0376]    pump 60000ms 2832 8320 418 (60000ms 2832 8320 418 stored)
1689933173:[BYCMD ,0123]    rate 2mbar/s (2mbar/s stored)
1689933173:[BYCMD ,0124]    surface 500mbar (500mbar stored)
1689933173:[BYCMD ,0173]    near 7000mbar 2:2:3mbar/s (15000mbar 2:2:3mbar/s stored)
1689933173:[BYCMD ,0380]    middle 6mbar/s (6mbar/s stored)
1689933173:[BYCMD ,0126]    far 25000mbar 9mbar/s (25000mbar 9mbar/s stored)
1689933173:[BYCMD ,0127]    ascent 10mbar/s (10mbar/s stored)
1689933173:[BYCMD ,0128]    dead 300s (300s stored)
1689933173:[BYCMD ,0129]    coeff 16/10 (16/10 stored)
1689933173:[BYCMD ,0130]    stab 10 (10 stored)
1689933173:[BYCMD ,0131]    delay 900s 7200s (900s 3600s stored)
1689933173:[BYCMD ,0132]    mmtime 14400min (2880min stored)
1689933173:[BYCMD ,0133]    dv_landing 100ml (100ml stored)
1689933173:[BYCMD ,0381]    landing confirmation 5 (5 stored)
1689933173:[BYCMD ,0379]    cycle nb 1 (1 stored)
1689933173:[P2TCMD,0150]    p2t37: 15x2000ms, offset 283mbar
1689933174:[P2TCMD,0151]    p2t37: dp 5000mbar, dt 1000000mdegC
1689933174:[STAGE ,0080]Stage [0] 200000mbar (+/-5000mbar) 25200s (<25200s) 
1689933174:[STAGE ,0080]Stage [1] 200000mbar (+/-5000mbar) 788400s (<813600s) MERMAID SBE61 
1689933174:[PROFIL,0302]    manual_profil=1
1689933174:[PROFIL,0303]    manual_profil_rate=1 hours
1689933174:[STAGE ,0080]Stage [2] 300000mbar (+/-5000mbar) 14400s (<828000s) 
1689933174:[STAGE ,0091]Stage [3] surfacing 36000s (<864000s) SBE61 
1689933174:[PROFIL,0284]    speed_detection=1
1689933174:[PROFIL,0285]    bin_average_output=1
1689933174:[PROFIL,0287]    include_transition_bin=1
1689933174:[PROFIL,0304]    include_nbin=1
1689933174:[PROFIL,0301]    load_test_sample=0
1689933174:[PROFIL,0288]    p_cut_off=2dbar
1689933174:[PROFIL,0289]    top_bin_interval=2dbar
1689933174:[PROFIL,0290]    top_bin_size=2dbar
1689933174:[PROFIL,0291]    top_bin_max=500dbar
1689933174:[PROFIL,0292]    middle_bin_interval=10dbar
1689933174:[PROFIL,0293]    middle_bin_size=10dbar
1689933174:[PROFIL,0294]    middle_bin_max=3000dbar
1689933174:[PROFIL,0295]    bottom_bin_interval=50dbar
1689933174:[PROFIL,0296]    bottom_bin_size=50dbar
1689933174:[PROFIL,0297]    pump_time=0s
1689933174:[PROFIL,0298]    speed_start=2mbar/s
1689933174:[PROFIL,0299]    speed_control=10mbar/s
1689933174:[MAIN  ,0070]turn off bluetooth
1689933202:[DIVING,0141]diving from -23mbar, +1mbar/s
1689933202:[BYPASS,0035]bypass opening 120000ms
1689933207:[BYPASS,0104]battery 14972mV,  251320uA (bypass opening), P    -23mbar
1689933332:[BYPASS,0106]battery 15043mV,  299022uA (bypass closing), P    -23mbar
1689933358:[BYPASS,0035]bypass opening 20000ms
1689933364:[BYPASS,0104]battery 15066mV,  251076uA (bypass opening), P   -223mbar
1689933389:[BYPASS,0106]battery 15053mV,  297924uA (bypass closing), P   -223mbar
1689933415:[BYPASS,0035]bypass opening 20000ms
1689933420:[BYPASS,0104]battery 15076mV,  252906uA (bypass opening), P   -233mbar
1689933445:[BYPASS,0106]battery 15063mV,  297192uA (bypass closing), P   -233mbar
1689933534:[DIVING,0028]537mbar reached (+7mbar/s), 3 bypass done
1689933535:[MAIN  ,0056]stage[0]
1689933537:[MAIN  ,0024]internal pressure 83173Pa
1689933538:[BUOY  ,0037]P   +557mbar
1689933540:[BUOY  ,0087]from +7mbar/s to +9mbar/s
1689933540:[BUOY  ,0090]need to transfer -52mL (valve during 28826ms)
1689933540:[VALVE ,0034]valve opening 28826ms
1689933569:[VALVE ,0234]battery 15041mV,  491660uA, P   +557mbar
1689933865:[BUOY  ,0087]from +7mbar/s to +9mbar/s
1689933865:[BUOY  ,0090]need to transfer -52mL (valve during 12278ms)
1689933865:[VALVE ,0034]valve opening 12278ms
1689933877:[VALVE ,0234]battery 15093mV,  492392uA, P  +2947mbar
1689934515:[BUOY  ,0087]from +6mbar/s to +9mbar/s
1689934515:[BUOY  ,0090]need to transfer -72mL (valve during 10200ms)
1689934515:[VALVE ,0034]valve opening 10200ms
1689934525:[VALVE ,0234]battery 15183mV,  496296uA, P  +8137mbar
1689934815:[PRESS ,0038]P +10827mbar,T+32767mdegC
1689935465:[PRESS ,0038]P +15957mbar,T+32767mdegC
1689935490:[BUOY  ,0087]from +7mbar/s to +9mbar/s
1689935490:[BUOY  ,0090]need to transfer -52mL (valve during 5220ms)
1689935490:[VALVE ,0034]valve opening 5220ms
1689935495:[VALVE ,0234]battery 15231mV,  498370uA, P +16137mbar
1689936115:[PRESS ,0038]P +22127mbar,T+32767mdegC
1689936765:[PRESS ,0038]P +27777mbar,T+32767mdegC
1689936789:[BUOY  ,0087]from +7mbar/s to +9mbar/s
1689936789:[BUOY  ,0090]need to transfer -52mL (valve during 3970ms)
1689936790:[VALVE ,0034]valve opening 3970ms
1689936794:[VALVE ,0234]battery 15250mV,  500566uA, P +27927mbar
1689937415:[PRESS ,0038]P +33557mbar,T+32767mdegC
1689938064:[PRESS ,0038]P +39437mbar,T+32767mdegC
1689938714:[PRESS ,0038]P +45707mbar,T+32767mdegC
1689939364:[PRESS ,0038]P +51737mbar,T+32767mdegC
1689940014:[PRESS ,0038]P +57037mbar,T+32767mdegC
1689940664:[PRESS ,0038]P +62877mbar,T+32767mdegC
1689941313:[PRESS ,0038]P +68427mbar,T+32767mdegC
1689941338:[BUOY  ,0087]from +7mbar/s to +9mbar/s
1689941338:[BUOY  ,0090]need to transfer -52mL (valve during 2540ms)
1689941338:[VALVE ,0034]valve opening 2540ms
1689941341:[VALVE ,0234]battery 15233mV,  508984uA, P +68617mbar
1689941963:[PRESS ,0038]P +74477mbar,T+32767mdegC
1689942613:[PRESS ,0038]P +80437mbar,T+32767mdegC
1689943263:[PRESS ,0038]P +86057mbar,T+32767mdegC
1689943913:[PRESS ,0038]P +92377mbar,T+32767mdegC
1689944563:[PRESS ,0038]P +98267mbar,T+32767mdegC
1689945212:[PRESS ,0038]P+103707mbar,T+32767mdegC
1689945562:[BUOY  ,0087]from +7mbar/s to +9mbar/s
1689945562:[BUOY  ,0090]need to transfer -52mL (valve during 2034ms)
1689945562:[VALVE ,0034]valve opening 2034ms
1689945564:[VALVE ,0234]battery 15175mV,  517768uA, P+106487mbar
1689945862:[PRESS ,0038]P+109067mbar,T+32767mdegC
1689946512:[PRESS ,0038]P+115027mbar,T+32767mdegC
1689947162:[PRESS ,0038]P+121597mbar,T+32767mdegC
1689947812:[PRESS ,0038]P+127137mbar,T+32767mdegC
1689947837:[BUOY  ,0087]from +7mbar/s to +9mbar/s
1689947837:[BUOY  ,0090]need to transfer -52mL (valve during 1862ms)
1689947837:[VALVE ,0034]valve opening 1862ms
1689947839:[VALVE ,0234]battery 15135mV,  520574uA, P+127297mbar
1689948462:[PRESS ,0038]P+132867mbar,T+32767mdegC
1689949112:[PRESS ,0038]P+139377mbar,T+32767mdegC
1689949761:[PRESS ,0038]P+146137mbar,T+32767mdegC
1689950411:[PRESS ,0038]P+152157mbar,T+32767mdegC
1689951061:[PRESS ,0038]P+157907mbar,T+32767mdegC
1689951711:[PRESS ,0038]P+163517mbar,T+32767mdegC
1689952361:[PRESS ,0038]P+169057mbar,T+32767mdegC
1689953010:[PRESS ,0038]P+174677mbar,T+32767mdegC
1689953360:[BUOY  ,0087]from +9mbar/s to +6mbar/s
1689953360:[PUMP  ,0378]Outflow calculated : 2728
1689953360:[BUOY  ,0089]need to transfer +72mL (pump during 102710ms)
1689953361:[PUMP  ,0016]pump during 60000ms
1689953420:[PUMP  ,0212]battery 14872mV,  833138uA (steady state), P+177747mbar
1689953662:[PRESS ,0038]P+180147mbar,T+32767mdegC
1689954011:[BUOY  ,0087]from +8mbar/s to +6mbar/s
1689954011:[PUMP  ,0378]Outflow calculated : 2723
1689954011:[BUOY  ,0089]need to transfer +44mL (pump during 64234ms)
1689954013:[PUMP  ,0016]pump during 60000ms
1689954072:[PUMP  ,0212]battery 14743mV,  849974uA (steady state), P+182847mbar
1689954336:[PRESS ,0038]P+185157mbar,T+32767mdegC
1689955288:[PRESS ,0038]P+191697mbar,T+32767mdegC
1689955637:[BUOY  ,0087]from +6mbar/s to +2mbar/s
1689955637:[PUMP  ,0378]Outflow calculated : 2717
1689955637:[BUOY  ,0089]need to transfer +52mL (pump during 75253ms)
1689955639:[PUMP  ,0016]pump during 60000ms
1689955698:[PUMP  ,0212]battery 14786mV,  878278uA (steady state), P+194117mbar
1689955964:[STAGE ,0213]196107mbar reached at 1689955964s, ref 200000mbar +/-5000mbar
1689955964:[BUOY  ,0087]from +6mbar/s to +0mbar/s
1689955964:[PUMP  ,0378]Outflow calculated : 2715
1689955964:[BUOY  ,0089]need to transfer +58mL (pump during 85169ms)
1689955965:[PUMP  ,0016]pump during 60000ms
1689956024:[PUMP  ,0212]battery 14603mV,  892796uA (steady state), P+196107mbar
1689956265:[PRESS ,0038]P+197467mbar,T+32767mdegC
1689956290:[BUOY  ,0087]from +4mbar/s to +0mbar/s
1689956290:[PUMP  ,0378]Outflow calculated : 2714
1689956290:[BUOY  ,0089]need to transfer +26mL (pump during 38190ms)
1689956291:[PUMP  ,0016]pump during 38190ms
1689956329:[PUMP  ,0212]battery 14560mV,  901702uA (steady state), P+197537mbar
1689956616:[BUOY  ,0087]from +3mbar/s to +0mbar/s
1689956616:[PUMP  ,0378]Outflow calculated : 2713
1689956616:[BUOY  ,0089]need to transfer +14mL (pump during 20662ms)
1689956618:[PUMP  ,0016]pump during 20662ms
1689956638:[PUMP  ,0212]battery 14580mV,  900970uA (steady state), P+198547mbar
1689957543:[BUOY  ,0087]from +2mbar/s to +0mbar/s
1689957543:[PUMP  ,0378]Outflow calculated : 2712
1689957543:[BUOY  ,0089]need to transfer +6mL (pump during 8770ms)
1689957544:[PUMP  ,0016]pump during 8770ms
1689957552:[PUMP  ,0212]battery 14720mV,  904508uA (steady state), P+200437mbar
1689957869:[BUOY  ,0087]from +2mbar/s to +0mbar/s
1689957869:[PUMP  ,0378]Outflow calculated : 2712
1689957870:[BUOY  ,0089]need to transfer +6mL (pump during 8743ms)
1689957871:[PUMP  ,0016]pump during 8743ms
1689957879:[PUMP  ,0212]battery 14713mV,  908412uA (steady state), P+200997mbar
1689958796:[MAIN  ,0140]stage[0] complete 25262s after mission start
1689958796:[MAIN  ,0056]stage[1]
1689958798:[MAIN  ,0024]internal pressure 78077Pa
1689958800:[MRMAID,0002]acq started
1689958800:[SBE   ,0391]Mode changed from SLEEP to UPDATE
1689958801:[BUOY  ,0037]P+201057mbar
1689958802:[STAGE ,0213]201037mbar reached at 1689958802s, ref 200000mbar +/-5000mbar
1689958804:[SBE   ,0391]Mode changed from UPDATE to START
1689958804:[SBE   ,0385]Start manual acquisitions
1689958804:[SBE   ,0391]Mode changed from START to PROFILING
1689958839:[SBE61 ,0396]P +20139,T +19515,S +34584
1689958849:[MRMAID,0184]acq already started
1689958852:[MRMAID,0059]stop canceled
1689962412:[MRMAID,0003]acq stopped
1689962413:[MRMAID,0052]$MEASFS,142456,3560.142853,40.014125;
1689962448:[SBE61 ,0396]P +20149,T +19600,S +34583
1689962449:[MRMAID,0002]acq started
1689966012:[MRMAID,0003]acq stopped
1689966012:[MRMAID,0052]$MEASFS,140467,3510.433441,40.014147;
1689966048:[SBE61 ,0396]P +20187,T +19461,S +34586
1689966049:[MRMAID,0002]acq started
1689969612:[MRMAID,0003]acq stopped
1689969612:[MRMAID,0052]$MEASFS,140458,3510.207092,40.014163;
1689969647:[SBE61 ,0396]P +20159,T +19359,S +34586
1689969648:[MRMAID,0002]acq started
1689973221:[MRMAID,0003]acq stopped
1689973221:[MRMAID,0052]$MEASFS,140860,3520.252411,40.014176;
1689973257:[SBE61 ,0396]P +20208,T +19028,S +34591
1689973258:[MRMAID,0002]acq started
1689976821:[MRMAID,0003]acq stopped
1689976821:[MRMAID,0052]$MEASFS,140460,3510.255096,40.014186;
1689976856:[SBE61 ,0396]P +20256,T +18959,S +34589
1689976858:[MRMAID,0002]acq started
1689977111:[PRESS ,0038]P+202537mbar,T+32767mdegC
1689978612:[BUOY  ,0087]from +1mbar/s to +0mbar/s
1689978612:[PUMP  ,0378]Outflow calculated : 2712
1689978612:[BUOY  ,0089]need to transfer +2mL (pump during 2891ms)
1689978612:[MRMAID,0003]acq stopped
1689978612:[MRMAID,0185]28 spurious byte(s) received
1689978614:[PUMP  ,0016]pump during 2891ms
1689978618:[MRMAID,0002]acq started
1689979665:[MRMAID,0027]2037dbar, 33degC
1689980421:[MRMAID,0003]acq stopped
1689980421:[MRMAID,0052]$MEASFS,70014,1749.729065,40.014195;
1689980456:[SBE61 ,0396]P +20331,T +18985,S +34591
1689980457:[MRMAID,0002]acq started
1689984030:[MRMAID,0003]acq stopped
1689984030:[MRMAID,0052]$MEASFS,140858,3520.200409,40.014199;
1689984066:[SBE61 ,0396]P +20327,T +18983,S +34591
1689984067:[MRMAID,0002]acq started
1689985843:[BUOY  ,0087]from +1mbar/s to +0mbar/s
1689985843:[PUMP  ,0378]Outflow calculated : 2711
1689985843:[BUOY  ,0089]need to transfer +2mL (pump during 2894ms)
1689985843:[MRMAID,0003]acq stopped
1689985843:[MRMAID,0052]$MEASFS,68956,1723.288116,40.014203;
1689985845:[PUMP  ,0016]pump during 2894ms
1689985849:[MRMAID,0002]acq started
1689986170:[BUOY  ,0087]from +1mbar/s to +0mbar/s
1689986170:[PUMP  ,0378]Outflow calculated : 2711
1689986170:[BUOY  ,0089]need to transfer +2mL (pump during 2894ms)
1689986170:[MRMAID,0003]acq stopped
1689986172:[PUMP  ,0016]pump during 2894ms
1689986176:[MRMAID,0002]acq started
1689987140:[MRMAID,0027]2037dbar, 33degC
1689987630:[MRMAID,0003]acq stopped
1689987630:[MRMAID,0052]$MEASFS,56072,1401.302399,40.014204;
1689987665:[SBE61 ,0396]P +20336,T +19298,S +34587
1689987667:[MRMAID,0002]acq started
1689990850:[MRMAID,0027]2016dbar, 33degC
1689991214:[MRMAID,0027]2016dbar, 33degC
1689991275:[SBE61 ,0396]P +20193,T +19358,S +34587
1689991285:[MRMAID,0184]acq already started
1689991378:[MRMAID,0059]stop canceled
1689991382:[MRMAID,0005]ascent request rejected
1689994839:[MRMAID,0003]acq stopped
1689994839:[MRMAID,0052]$MEASFS,284879,7119.446198,40.014208;
1689994874:[SBE61 ,0396]P +20153,T +19193,S +34588
1689994875:[MRMAID,0002]acq started
1689996702:[BUOY  ,0087]from +1mbar/s to +0mbar/s
1689996702:[PUMP  ,0378]Outflow calculated : 2712
1689996702:[BUOY  ,0089]need to transfer +2mL (pump during 2895ms)
1689996703:[MRMAID,0003]acq stopped
1689996704:[PUMP  ,0016]pump during 2895ms
1689996708:[MRMAID,0002]acq started
1689998448:[MRMAID,0003]acq stopped
1689998448:[MRMAID,0052]$MEASFS,67511,1687.175567,40.014212;
1689998484:[SBE61 ,0396]P +20022,T +19383,S +34586
1689998485:[MRMAID,0002]acq started
1689998530:[BUOY  ,0087]from -2mbar/s to +0mbar/s
1689998530:[BUOY  ,0090]need to transfer -6mL (valve during 171ms)
1689998531:[VALVE ,0034]valve opening 171ms
1689998538:[MRMAID,0059]stop canceled
1689998542:[MRMAID,0184]acq already started
1689998866:[BUOY  ,0087]from +1mbar/s to +0mbar/s
1689998866:[PUMP  ,0378]Outflow calculated : 2713
1689998866:[BUOY  ,0089]need to transfer +2mL (pump during 2895ms)
1689998866:[MRMAID,0003]acq stopped
1689998868:[PUMP  ,0016]pump during 2895ms
1689998872:[MRMAID,0002]acq started
1689999193:[BUOY  ,0087]from +1mbar/s to +0mbar/s
1689999193:[PUMP  ,0378]Outflow calculated : 2713
1689999193:[BUOY  ,0089]need to transfer +2mL (pump during 2899ms)
1689999193:[MRMAID,0003]acq stopped
1689999195:[PUMP  ,0016]pump during 2899ms
1689999199:[MRMAID,0002]acq started
1689999520:[BUOY  ,0087]from +1mbar/s to +0mbar/s
1689999520:[PUMP  ,0378]Outflow calculated : 2713
1689999520:[BUOY  ,0089]need to transfer +2mL (pump during 2899ms)
1689999521:[MRMAID,0003]acq stopped
1689999522:[PUMP  ,0016]pump during 2899ms
1689999526:[MRMAID,0002]acq started
1689999848:[BUOY  ,0087]from +1mbar/s to +0mbar/s
1689999848:[PUMP  ,0378]Outflow calculated : 2712
1689999848:[BUOY  ,0089]need to transfer +2mL (pump during 2906ms)
1689999848:[MRMAID,0003]acq stopped
1689999850:[PUMP  ,0016]pump during 2906ms
1689999854:[MRMAID,0002]acq started
1690000175:[BUOY  ,0101]stage[1] 10 stab done
1690000175:[BUOY  ,0087]from +2mbar/s to +0mbar/s
1690000175:[PUMP  ,0378]Outflow calculated : 2712
1690000175:[BUOY  ,0089]need to transfer +6mL (pump during 8719ms)
1690000175:[MRMAID,0003]acq stopped
1690000177:[PUMP  ,0016]pump during 8719ms
1690000185:[PUMP  ,0212]battery 14650mV,  856318uA (steady state), P+202357mbar
1690000187:[MRMAID,0002]acq started
1690002048:[MRMAID,0003]acq stopped
1690002048:[MRMAID,0185]28 spurious byte(s) received
1690002083:[SBE61 ,0396]P +20354,T +19288,S +34588
1690002085:[MRMAID,0002]acq started
1690005658:[MRMAID,0003]acq stopped
1690005658:[MRMAID,0052]$MEASFS,140864,3520.349060,40.014214;
1690005693:[SBE61 ,0396]P +20222,T +19443,S +34585
1690005694:[MRMAID,0002]acq started
1690009257:[MRMAID,0003]acq stopped
1690009257:[MRMAID,0052]$MEASFS,140460,3510.252563,40.014215;
1690009293:[SBE61 ,0396]P +20187,T +19430,S +34585
1690009294:[MRMAID,0002]acq started
1690012857:[MRMAID,0003]acq stopped
1690012857:[MRMAID,0052]$MEASFS,140459,3510.227509,40.014216;
1690012892:[SBE61 ,0396]P +20157,T +19246,S +34587
1690012893:[MRMAID,0002]acq started
1690016466:[MRMAID,0003]acq stopped
1690016467:[MRMAID,0052]$MEASFS,140860,3520.248902,40.014216;
1690016502:[SBE61 ,0396]P +20223,T +19120,S +34589
1690016503:[MRMAID,0002]acq started
1690020066:[MRMAID,0003]acq stopped
1690020066:[MRMAID,0052]$MEASFS,140459,3510.227387,40.014217;
1690020101:[SBE61 ,0396]P +20224,T +19126,S +34589
1690020103:[MRMAID,0002]acq started
1690023666:[MRMAID,0003]acq stopped
1690023666:[MRMAID,0052]$MEASFS,140459,3510.227356,40.014217;
1690023701:[SBE61 ,0396]P +20245,T +19090,S +34589
1690023702:[MRMAID,0002]acq started
1690027275:[MRMAID,0003]acq stopped
1690027275:[MRMAID,0052]$MEASFS,140858,3520.198761,40.014218;
1690027311:[SBE61 ,0396]P +20241,T +19094,S +34590
1690027312:[MRMAID,0002]acq started
1690028724:[MRMAID,0027]2026dbar, 33degC
1690028919:[MRMAID,0005]ascent request rejected
1690030875:[MRMAID,0003]acq stopped
1690030875:[MRMAID,0052]$MEASFS,140459,3510.227295,40.014218;
1690030910:[SBE61 ,0396]P +20286,T +19135,S +34589
1690030912:[MRMAID,0002]acq started
1690034485:[MRMAID,0003]acq stopped
1690034485:[MRMAID,0052]$MEASFS,140861,3520.273682,40.014218;
1690034520:[SBE61 ,0396]P +20256,T +19071,S +34590
1690034521:[MRMAID,0002]acq started
1690038084:[MRMAID,0003]acq stopped
1690038084:[MRMAID,0052]$MEASFS,140458,3510.202270,40.014218;
1690038120:[SBE61 ,0396]P +20347,T +19163,S +34588
1690038121:[MRMAID,0002]acq started
1690041684:[MRMAID,0003]acq stopped
1690041684:[MRMAID,0052]$MEASFS,140460,3510.252198,40.014219;
1690041719:[SBE61 ,0396]P +20268,T +19089,S +34589
1690041720:[MRMAID,0002]acq started
1690045097:[MRMAID,0027]2033dbar, 33degC
1690045254:[MRMAID,0005]ascent request rejected
1690045293:[MRMAID,0003]acq stopped
1690045293:[MRMAID,0052]$MEASFS,140857,3520.173706,40.014219;
1690045329:[SBE61 ,0396]P +20371,T +19095,S +34589
1690045330:[MRMAID,0002]acq started
1690048893:[MRMAID,0003]acq stopped
1690048893:[MRMAID,0052]$MEASFS,140460,3510.252198,40.014219;
1690048928:[SBE61 ,0396]P +20397,T +19371,S +34586
1690048930:[MRMAID,0002]acq started
1690052493:[MRMAID,0003]acq stopped
1690052493:[MRMAID,0052]$MEASFS,140459,3510.227203,40.014219;
1690052528:[SBE61 ,0396]P +20322,T +19385,S +34586
1690052529:[MRMAID,0002]acq started
1690056102:[MRMAID,0003]acq stopped
1690056102:[MRMAID,0052]$MEASFS,140862,3520.298645,40.014219;
1690056138:[SBE61 ,0396]P +20313,T +19109,S +34589
1690056139:[MRMAID,0002]acq started
1690059702:[MRMAID,0003]acq stopped
1690059702:[MRMAID,0052]$MEASFS,140459,3510.227203,40.014219;
1690059737:[SBE61 ,0396]P +20323,T +19115,S +34589
1690059739:[MRMAID,0002]acq started
1690063312:[MRMAID,0003]acq stopped
1690063312:[MRMAID,0052]$MEASFS,140858,3520.198730,40.014218;
1690063347:[SBE61 ,0396]P +20307,T +18998,S +34590
1690063348:[MRMAID,0002]acq started
1690065321:[MRMAID,0027]2022dbar, 33degC
1690065485:[MRMAID,0005]ascent request rejected
1690066911:[MRMAID,0003]acq stopped
1690066911:[MRMAID,0052]$MEASFS,140461,3510.277160,40.014219;
1690066947:[SBE61 ,0396]P +20350,T +18889,S +34592
1690066948:[MRMAID,0002]acq started
1690068020:[MRMAID,0027]2033dbar, 33degC
1690068160:[MRMAID,0005]ascent request rejected
1690070511:[MRMAID,0003]acq stopped
1690070511:[MRMAID,0052]$MEASFS,140459,3510.227173,40.014219;
1690070546:[SBE61 ,0396]P +20432,T +18902,S +34592
1690070547:[MRMAID,0002]acq started
1690074120:[MRMAID,0003]acq stopped
1690074121:[MRMAID,0052]$MEASFS,140857,3520.173645,40.014219;
1690074156:[SBE61 ,0396]P +20299,T +18909,S +34591
1690074157:[MRMAID,0002]acq started
1690077720:[MRMAID,0003]acq stopped
1690077720:[MRMAID,0052]$MEASFS,140471,3510.527039,40.014220;
1690077755:[SBE61 ,0396]P +20447,T +18816,S +34593
1690077757:[MRMAID,0002]acq started
1690081320:[MRMAID,0003]acq stopped
1690081320:[MRMAID,0052]$MEASFS,140464,3510.352082,40.014220;
1690081355:[SBE61 ,0396]P +20391,T +18877,S +34591
1690081356:[MRMAID,0002]acq started
1690084929:[MRMAID,0003]acq stopped
1690084929:[MRMAID,0052]$MEASFS,140859,3520.223572,40.014220;
1690084965:[SBE61 ,0396]P +20459,T +18968,S +34591
1690084966:[MRMAID,0002]acq started
1690086944:[BUOY  ,0087]from +0mbar/s to -2mbar/s
1690086944:[PUMP  ,0378]Outflow calculated : 2711
1690086944:[BUOY  ,0089]need to transfer +6mL (pump during 8693ms)
1690086945:[MRMAID,0003]acq stopped
1690086945:[MRMAID,0052]$MEASFS,77059,1925.790374,40.014220;
1690086946:[PUMP  ,0016]pump during 8693ms
1690086954:[PUMP  ,0212]battery 14571mV,  931470uA (steady state), P+205007mbar
1690086956:[MRMAID,0002]acq started
1690087272:[BUOY  ,0087]from +1mbar/s to -2mbar/s
1690087272:[PUMP  ,0378]Outflow calculated : 2711
1690087272:[BUOY  ,0089]need to transfer +8mL (pump during 11591ms)
1690087272:[MRMAID,0002]acq started
1690087273:[MRMAID,0185]10 spurious byte(s) received
1690087274:[PUMP  ,0016]pump during 11591ms
1690087285:[PUMP  ,0212]battery 14603mV,  936594uA (steady state), P+205117mbar
1690087286:[MRMAID,0002]acq started
1690087599:[BUOY  ,0087]from -1mbar/s to -2mbar/s
1690087599:[PUMP  ,0378]Outflow calculated : 2710
1690087599:[BUOY  ,0089]need to transfer +4mL (pump during 5842ms)
1690087599:[MRMAID,0003]acq stopped
1690087601:[PUMP  ,0016]pump during 5842ms
1690087606:[PUMP  ,0212]battery 14573mV,  947574uA (steady state), P+205027mbar
1690087608:[MRMAID,0002]acq started
1690088529:[MRMAID,0003]acq stopped
1690088529:[MRMAID,0185]11 spurious byte(s) received
1690088564:[SBE61 ,0396]P +20441,T +19517,S +34585
1690088566:[MRMAID,0002]acq started
1690090328:[BUOY  ,0087]from -2mbar/s to +0mbar/s
1690090328:[BUOY  ,0090]need to transfer -6mL (valve during 171ms)
1690090328:[MRMAID,0003]acq stopped
1690090328:[MRMAID,0052]$MEASFS,68399,1709.367341,40.014220;
1690090328:[VALVE ,0034]valve opening 171ms
1690090340:[MRMAID,0002]acq started
1690090964:[BUOY  ,0087]from +1mbar/s to +0mbar/s
1690090964:[PUMP  ,0378]Outflow calculated : 2713
1690090964:[BUOY  ,0089]need to transfer +2mL (pump during 2902ms)
1690090964:[MRMAID,0003]acq stopped
1690090966:[PUMP  ,0016]pump during 2902ms
1690090970:[MRMAID,0002]acq started
1690091592:[BUOY  ,0087]from +1mbar/s to +0mbar/s
1690091592:[PUMP  ,0378]Outflow calculated : 2713
1690091592:[BUOY  ,0089]need to transfer +2mL (pump during 2904ms)
1690091592:[MRMAID,0003]acq stopped
1690091594:[PUMP  ,0016]pump during 2904ms
1690091598:[MRMAID,0002]acq started
1690092139:[MRMAID,0003]acq stopped
1690092174:[SBE61 ,0396]P +20139,T +19759,S +34581
1690092175:[MRMAID,0002]acq started
1690092732:[MRMAID,0027]2011dbar, 33degC
1690092897:[MRMAID,0005]ascent request rejected
1690095738:[MRMAID,0003]acq stopped
1690095738:[MRMAID,0052]$MEASFS,140473,3510.577118,40.014219;
1690095774:[SBE61 ,0396]P +20078,T +19446,S +34585
1690095775:[MRMAID,0002]acq started
1690099338:[MRMAID,0003]acq stopped
1690099338:[MRMAID,0052]$MEASFS,140459,3510.227234,40.014219;
1690099373:[SBE61 ,0396]P +20111,T +19390,S +34586
1690099375:[MRMAID,0002]acq started
1690102947:[MRMAID,0003]acq stopped
1690102948:[MRMAID,0052]$MEASFS,140857,3520.173676,40.014219;
1690102983:[SBE61 ,0396]P +20127,T +19382,S +34586
1690102984:[MRMAID,0002]acq started
1690106547:[MRMAID,0003]acq stopped
1690106547:[MRMAID,0052]$MEASFS,140458,3510.202240,40.014219;
1690106582:[SBE61 ,0396]P +20234,T +19382,S +34586
1690106584:[MRMAID,0002]acq started
1690110147:[MRMAID,0003]acq stopped
1690110147:[MRMAID,0052]$MEASFS,140462,3510.302185,40.014219;
1690110182:[SBE61 ,0396]P +20060,T +19364,S +34586
1690110183:[MRMAID,0002]acq started
1690113756:[MRMAID,0003]acq stopped
1690113756:[MRMAID,0052]$MEASFS,140859,3520.223663,40.014219;
1690113792:[SBE61 ,0396]P +20124,T +19281,S +34587
1690113793:[MRMAID,0002]acq started
1690117356:[MRMAID,0003]acq stopped
1690117356:[MRMAID,0052]$MEASFS,140460,3510.252197,40.014219;
1690117391:[SBE61 ,0396]P +20152,T +19335,S +34584
1690117393:[MRMAID,0002]acq started
1690120956:[MRMAID,0003]acq stopped
1690120956:[MRMAID,0052]$MEASFS,140460,3510.252198,40.014219;
1690120991:[SBE61 ,0396]P +20225,T +19344,S +34587
1690120992:[MRMAID,0002]acq started
1690124214:[MRMAID,0027]2015dbar, 33degC
1690124368:[MRMAID,0005]ascent request rejected
1690124565:[MRMAID,0003]acq stopped
1690124565:[MRMAID,0052]$MEASFS,140862,3520.298645,40.014219;
1690124601:[SBE61 ,0396]P +20180,T +19346,S +34587
1690124602:[MRMAID,0002]acq started
1690128165:[MRMAID,0003]acq stopped
1690128165:[MRMAID,0052]$MEASFS,140459,3510.227203,40.014219;
1690128200:[SBE61 ,0396]P +20180,T +19258,S +34587
1690128201:[MRMAID,0002]acq started
1690131774:[MRMAID,0003]acq stopped
1690131775:[MRMAID,0052]$MEASFS,140858,3520.198670,40.014219;
1690131810:[SBE61 ,0396]P +20209,T +19378,S +34586
1690131811:[MRMAID,0002]acq started
1690135374:[MRMAID,0003]acq stopped
1690135374:[MRMAID,0052]$MEASFS,140459,3510.227203,40.014219;
1690135410:[SBE61 ,0396]P +20237,T +19461,S +34585
1690135411:[MRMAID,0002]acq started
1690138974:[MRMAID,0003]acq stopped
1690138974:[MRMAID,0052]$MEASFS,140459,3510.227234,40.014219;
1690139009:[SBE61 ,0396]P +20225,T +19479,S +34585
1690139010:[MRMAID,0002]acq started
1690142583:[MRMAID,0003]acq stopped
1690142583:[MRMAID,0052]$MEASFS,140857,3520.173675,40.014219;
1690142619:[SBE61 ,0396]P +20153,T +19350,S +34586
1690142620:[MRMAID,0002]acq started
1690146183:[MRMAID,0003]acq stopped
1690146183:[MRMAID,0052]$MEASFS,140460,3510.252197,40.014219;
1690146218:[SBE61 ,0396]P +20101,T +19253,S +34589
1690146220:[MRMAID,0002]acq started
1690149783:[MRMAID,0003]acq stopped
1690149783:[MRMAID,0052]$MEASFS,140460,3510.252197,40.014219;
1690149818:[SBE61 ,0396]P +20169,T +19091,S +34589
1690149819:[MRMAID,0002]acq started
1690153392:[MRMAID,0003]acq stopped
1690153392:[MRMAID,0052]$MEASFS,140859,3520.223633,40.014219;
1690153428:[SBE61 ,0396]P +20217,T +19025,S +34590
1690153429:[MRMAID,0002]acq started
1690156992:[MRMAID,0003]acq stopped
1690156992:[MRMAID,0052]$MEASFS,140460,3510.252167,40.014219;
1690157027:[SBE61 ,0396]P +20254,T +19072,S +34589
1690157028:[MRMAID,0002]acq started
1690160601:[MRMAID,0003]acq stopped
1690160602:[MRMAID,0052]$MEASFS,140858,3520.198639,40.014219;
1690160637:[SBE61 ,0396]P +20174,T +19080,S +34590
1690160638:[MRMAID,0002]acq started
1690161498:[MRMAID,0027]2015dbar, 33degC
1690161669:[MRMAID,0005]ascent request rejected
1690162549:[MRMAID,0027]2018dbar, 33degC
1690162817:[MRMAID,0005]ascent request rejected
1690164201:[MRMAID,0003]acq stopped
1690164201:[MRMAID,0052]$MEASFS,140471,3510.527069,40.014219;
1690164237:[SBE61 ,0396]P +20230,T +19098,S +34589
1690164238:[MRMAID,0002]acq started
1690167801:[MRMAID,0003]acq stopped
1690167801:[MRMAID,0052]$MEASFS,140463,3510.327148,40.014219;
1690167836:[SBE61 ,0396]P +20311,T +19223,S +34588
1690167837:[MRMAID,0002]acq started
1690171410:[MRMAID,0003]acq stopped
1690171410:[MRMAID,0052]$MEASFS,140858,3520.198639,40.014219;
1690171446:[SBE61 ,0396]P +20252,T +19375,S +34587
1690171447:[MRMAID,0002]acq started
1690171785:[MRMAID,0027]2021dbar, 33degC
1690171947:[MRMAID,0005]ascent request rejected
1690175010:[MRMAID,0003]acq stopped
1690175010:[MRMAID,0052]$MEASFS,140458,3510.202179,40.014219;
1690175045:[SBE61 ,0396]P +20310,T +19383,S +34586
1690175047:[MRMAID,0002]acq started
1690178610:[MRMAID,0003]acq stopped
1690178610:[MRMAID,0052]$MEASFS,140458,3510.202179,40.014219;
1690178645:[SBE61 ,0396]P +20322,T +19456,S +34585
1690178646:[MRMAID,0002]acq started
1690182219:[MRMAID,0003]acq stopped
1690182219:[MRMAID,0052]$MEASFS,140863,3520.323609,40.014219;
1690182255:[SBE61 ,0396]P +20242,T +19442,S +34586
1690182256:[MRMAID,0002]acq started
1690185819:[MRMAID,0003]acq stopped
1690185819:[MRMAID,0052]$MEASFS,140460,3510.252197,40.014219;
1690185854:[SBE61 ,0396]P +20280,T +19410,S +34586
1690185856:[MRMAID,0002]acq started
1690189428:[MRMAID,0003]acq stopped
1690189429:[MRMAID,0052]$MEASFS,140859,3520.223632,40.014219;
1690189464:[SBE61 ,0396]P +20192,T +19373,S +34587
1690189465:[MRMAID,0002]acq started
1690193028:[MRMAID,0003]acq stopped
1690193028:[MRMAID,0052]$MEASFS,140460,3510.252197,40.014219;
1690193064:[SBE61 ,0396]P +20243,T +19046,S +34590
1690193065:[MRMAID,0002]acq started
1690196628:[MRMAID,0003]acq stopped
1690196628:[MRMAID,0052]$MEASFS,140459,3510.227203,40.014219;
1690196663:[SBE61 ,0396]P +20279,T +19163,S +34589
1690196664:[MRMAID,0002]acq started
1690200237:[MRMAID,0003]acq stopped
1690200237:[MRMAID,0052]$MEASFS,140862,3520.298584,40.014219;
1690200273:[SBE61 ,0396]P +20233,T +19169,S +34589
1690200274:[MRMAID,0002]acq started
1690203837:[MRMAID,0003]acq stopped
1690203837:[MRMAID,0052]$MEASFS,140458,3510.202179,40.014219;
1690203872:[SBE61 ,0396]P +20291,T +19128,S +34589
1690203874:[MRMAID,0002]acq started
1690207437:[MRMAID,0003]acq stopped
1690207437:[MRMAID,0052]$MEASFS,140458,3510.202179,40.014219;
1690207472:[SBE61 ,0396]P +20230,T +19145,S +34589
1690207473:[MRMAID,0002]acq started
1690211046:[MRMAID,0003]acq stopped
1690211082:[SBE61 ,0396]P +20277,T +19142,S +34589
1690211083:[MRMAID,0002]acq started
1690214646:[MRMAID,0003]acq stopped
1690214646:[MRMAID,0052]$MEASFS,140458,3510.202179,40.014219;
1690214681:[SBE61 ,0396]P +20325,T +19329,S +34587
1690214683:[MRMAID,0002]acq started
1690218256:[MRMAID,0003]acq stopped
1690218256:[MRMAID,0052]$MEASFS,140859,3520.223633,40.014219;
1690218291:[SBE61 ,0396]P +20243,T +19144,S +34589
1690218292:[MRMAID,0002]acq started
1690221855:[MRMAID,0003]acq stopped
1690221855:[MRMAID,0052]$MEASFS,140460,3510.252136,40.014220;
1690221891:[SBE61 ,0396]P +20277,T +19136,S +34589
1690221892:[MRMAID,0002]acq started
1690225455:[MRMAID,0003]acq stopped
1690225455:[MRMAID,0052]$MEASFS,140460,3510.252137,40.014220;
1690225490:[SBE61 ,0396]P +20265,T +19128,S +34589
1690225491:[MRMAID,0002]acq started
1690229064:[MRMAID,0003]acq stopped
1690229064:[MRMAID,0052]$MEASFS,140858,3520.198639,40.014219;
1690229100:[SBE61 ,0396]P +20300,T +19141,S +34589
1690229101:[MRMAID,0002]acq started
1690232664:[MRMAID,0003]acq stopped
1690232664:[MRMAID,0052]$MEASFS,140459,3510.227142,40.014220;
1690232699:[SBE61 ,0396]P +20272,T +19058,S +34590
1690232701:[MRMAID,0002]acq started
1690236264:[MRMAID,0003]acq stopped
1690236264:[MRMAID,0052]$MEASFS,140459,3510.227143,40.014220;
1690236299:[SBE61 ,0396]P +20281,T +19000,S +34590
1690236300:[MRMAID,0002]acq started
1690239873:[MRMAID,0052]$STOPACK:+$MEASFS,140858,3520.198609,40.014220;
1690239876:[MRMAID,0185]2 spurious byte(s) received
1690239909:[SBE61 ,0396]P +20297,T +19025,S +34590
1690239910:[MRMAID,0002]acq started
1690240888:[MRMAID,0027]2026dbar, 33degC
1690241025:[MRMAID,0005]ascent request rejected
1690243473:[MRMAID,0052]$STOPACK:$MEASFS,140457,3510.177155,40.014220;
1690243475:[MRMAID,0185]3 spurious byte(s) received
1690243508:[SBE61 ,0396]P +20363,T +19124,S +34589
1690243510:[MRMAID,0002]acq started
1690245175:[MRMAID,0027]2031dbar, 33degC
1690245329:[MRMAID,0005]ascent request rejected
1690246200:[MRMAID,0027]2037dbar, 33degC
1690246344:[MRMAID,0005]ascent request rejected
1690247083:[MRMAID,0003]acq stopped
1690247083:[MRMAID,0052]$MEASFS,140859,3520.223571,40.014220;
1690247118:[SBE61 ,0396]P +20363,T +19263,S +34588
1690247119:[MRMAID,0002]acq started
1690248655:[MRMAID,0027]2028dbar, 33degC
1690248803:[MRMAID,0005]ascent request rejected
1690250554:[MRMAID,0027]2025dbar, 33degC
1690250718:[SBE61 ,0396]P +20278,T +19194,S +34589
1690250728:[MRMAID,0184]acq already started
1690250730:[MRMAID,0059]stop canceled
1690250734:[MRMAID,0005]ascent request rejected
1690254291:[MRMAID,0052]$STOPACK:
1690254291:[MRMAID,0185]29 spurious byte(s) received
1690254293:[MRMAID,0185]3 spurious byte(s) received
1690254327:[SBE61 ,0396]P +20357,T +19235,S +34587
1690254328:[MRMAID,0002]acq started
1690257891:[MRMAID,0003]acq stopped
1690257891:[MRMAID,0052]$MEASFS,140460,3510.252136,40.014220;
1690257926:[SBE61 ,0396]P +20295,T +19269,S +34587
1690257928:[MRMAID,0002]acq started
1690261500:[MRMAID,0003]acq stopped
1690261501:[MRMAID,0052]$MEASFS,140859,3520.223602,40.014220;
1690261536:[SBE61 ,0396]P +20327,T +19401,S +34586
1690261537:[MRMAID,0002]acq started
1690264662:[MRMAID,0027]2024dbar, 33degC
1690264793:[MRMAID,0005]ascent request rejected
1690265100:[MRMAID,0003]acq stopped
1690265100:[MRMAID,0052]$MEASFS,140457,3510.177185,40.014219;
1690265136:[SBE61 ,0396]P +20292,T +19204,S +34589
1690265137:[MRMAID,0002]acq started
1690268700:[MRMAID,0003]acq stopped
1690268700:[MRMAID,0052]$MEASFS,140459,3510.227173,40.014219;
1690268735:[SBE61 ,0396]P +20317,T +19188,S +34589
1690268736:[MRMAID,0002]acq started
1690272309:[MRMAID,0003]acq stopped
1690272309:[MRMAID,0052]$MEASFS,140858,3520.198639,40.014219;
1690272345:[SBE61 ,0396]P +20245,T +19028,S +34590
1690272346:[MRMAID,0002]acq started
1690275909:[MRMAID,0003]acq stopped
1690275909:[MRMAID,0052]$MEASFS,140459,3510.227143,40.014220;
1690275944:[SBE61 ,0396]P +20308,T +19008,S +34590
1690275946:[MRMAID,0002]acq started
1690279509:[MRMAID,0003]acq stopped
1690279509:[MRMAID,0052]$MEASFS,140463,3510.327118,40.014220;
1690279544:[SBE61 ,0396]P +20312,T +19018,S +34589
1690279545:[MRMAID,0002]acq started
1690281488:[MRMAID,0027]2027dbar, 33degC
1690281651:[MRMAID,0005]ascent request rejected
1690283118:[MRMAID,0003]acq stopped
1690283118:[MRMAID,0052]$MEASFS,140859,3520.223572,40.014220;
1690283154:[SBE61 ,0396]P +20366,T +19016,S +34590
1690283155:[MRMAID,0002]acq started
1690286718:[MRMAID,0003]acq stopped
1690286718:[MRMAID,0052]$MEASFS,140458,3510.202148,40.014220;
1690286753:[SBE61 ,0396]P +20357,T +19012,S +34589
1690286755:[MRMAID,0002]acq started
1690290327:[MRMAID,0003]acq stopped
1690290328:[MRMAID,0052]$MEASFS,140860,3520.248565,40.014220;
1690290363:[SBE61 ,0396]P +20341,T +19029,S +34590
1690290364:[MRMAID,0002]acq started
1690293927:[MRMAID,0003]acq stopped
1690293927:[MRMAID,0052]$MEASFS,140460,3510.252106,40.014220;
1690293963:[SBE61 ,0396]P +20402,T +19022,S +34590
1690293964:[MRMAID,0002]acq started
1690294656:[MRMAID,0027]2037dbar, 33degC
1690294832:[MRMAID,0005]ascent request rejected
1690297527:[MRMAID,0052]$MEASFS,140458,3510.202148,40.014220;
1690297529:[MRMAID,0003]acq stopped
1690297562:[SBE61 ,0396]P +20358,T +19040,S +34590
1690297563:[MRMAID,0002]acq started
1690301136:[MRMAID,0003]acq stopped
1690301137:[MRMAID,0052]$MEASFS,140862,3520.298553,40.014220;
1690301172:[SBE61 ,0396]P +20334,T +19016,S +34590
1690301173:[MRMAID,0002]acq started
1690304736:[MRMAID,0003]acq stopped
1690304736:[MRMAID,0052]$MEASFS,140459,3510.227143,40.014220;
1690304771:[SBE61 ,0396]P +20367,T +19126,S +34589
1690304773:[MRMAID,0002]acq started
1690308336:[MRMAID,0003]acq stopped
1690308336:[MRMAID,0052]$MEASFS,140459,3510.227111,40.014220;
1690308371:[SBE61 ,0396]P +20370,T +19109,S +34589
1690308372:[MRMAID,0002]acq started
1690311945:[MRMAID,0003]acq stopped
1690311945:[MRMAID,0052]$MEASFS,140858,3520.198578,40.014220;
1690311981:[SBE61 ,0396]P +20388,T +19158,S +34589
1690311982:[MRMAID,0002]acq started
1690315545:[MRMAID,0003]acq stopped
1690315545:[MRMAID,0052]$MEASFS,140459,3510.227143,40.014220;
1690315580:[SBE61 ,0396]P +20297,T +19148,S +34589
1690315582:[MRMAID,0002]acq started
1690316794:[MRMAID,0027]2018dbar, 33degC
1690316930:[MRMAID,0005]ascent request rejected
1690319155:[MRMAID,0003]acq stopped
1690319155:[MRMAID,0052]$MEASFS,140860,3520.248565,40.014220;
1690319190:[SBE61 ,0396]P +20331,T +19028,S +34590
1690319191:[MRMAID,0002]acq started
1690320930:[BUOY  ,0087]from +1mbar/s to +0mbar/s
1690320930:[PUMP  ,0378]Outflow calculated : 2711
1690320930:[BUOY  ,0089]need to transfer +2mL (pump during 2898ms)
1690320930:[MRMAID,0003]acq stopped
1690320930:[MRMAID,0052]$MEASFS,67481,1686.425476,40.014220;
1690320932:[PUMP  ,0016]pump during 2898ms
1690320936:[MRMAID,0002]acq started
1690322754:[MRMAID,0003]acq stopped
1690322754:[MRMAID,0052]$MEASFS,70636,1765.272431,40.014220;
1690322790:[SBE61 ,0396]P +20287,T +19098,S +34589
1690322791:[MRMAID,0002]acq started
1690324840:[MRMAID,0027]2032dbar, 33degC
1690324969:[MRMAID,0005]ascent request rejected
1690326354:[MRMAID,0003]acq stopped
1690326354:[MRMAID,0052]$MEASFS,140463,3510.327087,40.014220;
1690326389:[SBE61 ,0396]P +20327,T +19326,S +34587
1690326390:[MRMAID,0002]acq started
1690329963:[MRMAID,0003]acq stopped
1690329964:[MRMAID,0052]$MEASFS,140863,3520.323547,40.014220;
1690329999:[SBE61 ,0396]P +20319,T +19448,S +34584
1690330000:[MRMAID,0002]acq started
1690333563:[MRMAID,0003]acq stopped
1690333563:[MRMAID,0052]$MEASFS,140460,3510.252137,40.014220;
1690333598:[SBE61 ,0396]P +20254,T +19303,S +34588
1690333600:[MRMAID,0002]acq started
1690337163:[MRMAID,0003]acq stopped
1690337163:[MRMAID,0052]$MEASFS,140469,3510.477051,40.014220;
1690337198:[SBE61 ,0396]P +20229,T +19152,S +34589
1690337199:[MRMAID,0002]acq started
1690340772:[MRMAID,0003]acq stopped
1690340772:[MRMAID,0052]$MEASFS,140858,3520.198609,40.014220;
1690340808:[SBE61 ,0396]P +20258,T +19129,S +34589
1690340809:[MRMAID,0002]acq started
1690344372:[MRMAID,0003]acq stopped
1690344372:[MRMAID,0052]$MEASFS,140463,3510.327118,40.014220;
1690344407:[SBE61 ,0396]P +20321,T +19271,S +34588
1690344409:[MRMAID,0002]acq started
1690347982:[MRMAID,0003]acq stopped
1690347982:[MRMAID,0052]$MEASFS,140857,3520.173614,40.014220;
1690348017:[SBE61 ,0396]P +20287,T +19327,S +34587
1690348018:[MRMAID,0002]acq started
1690351581:[MRMAID,0003]acq stopped
1690351581:[MRMAID,0052]$MEASFS,140459,3510.227173,40.014219;
1690351617:[SBE61 ,0396]P +20272,T +19307,S +34588
1690351618:[MRMAID,0002]acq started
1690351854:[MRMAID,0027]2024dbar, 33degC
1690352013:[MRMAID,0005]ascent request rejected
1690355181:[MRMAID,0003]acq stopped
1690355181:[MRMAID,0052]$MEASFS,140459,3510.227142,40.014220;
1690355216:[SBE61 ,0396]P +20344,T +19151,S +34589
1690355217:[MRMAID,0002]acq started
1690358790:[MRMAID,0003]acq stopped
1690358791:[MRMAID,0052]$MEASFS,140856,3520.148621,40.014220;
1690358826:[SBE61 ,0396]P +20265,T +19196,S +34588
1690358827:[MRMAID,0002]acq started
1690362390:[MRMAID,0003]acq stopped
1690362390:[MRMAID,0052]$MEASFS,140460,3510.252167,40.014219;
1690362425:[SBE61 ,0396]P +20253,T +19210,S +34589
1690362427:[MRMAID,0002]acq started
1690365990:[MRMAID,0003]acq stopped
1690365990:[MRMAID,0052]$MEASFS,140460,3510.252136,40.014220;
1690366025:[SBE61 ,0396]P +20328,T +19185,S +34589
1690366026:[MRMAID,0002]acq started
1690369599:[MRMAID,0003]acq stopped
1690369599:[MRMAID,0052]$MEASFS,140859,3520.223602,40.014220;
1690369635:[SBE61 ,0396]P +20228,T +19074,S +34589
1690369636:[MRMAID,0002]acq started
1690373199:[MRMAID,0003]acq stopped
1690373199:[MRMAID,0052]$MEASFS,140459,3510.227142,40.014220;
1690373234:[SBE61 ,0396]P +20294,T +19044,S +34589
1690373236:[MRMAID,0002]acq started
1690374330:[MRMAID,0027]2026dbar, 33degC
1690374506:[MRMAID,0005]ascent request rejected
1690376014:[MRMAID,0027]2026dbar, 33degC
1690376179:[MRMAID,0005]ascent request rejected
1690376809:[MRMAID,0003]acq stopped
1690376809:[MRMAID,0052]$MEASFS,140858,3520.198609,40.014220;
1690376844:[SBE61 ,0396]P +20268,T +19051,S +34589
1690376845:[MRMAID,0002]acq started
1690380408:[MRMAID,0003]acq stopped
1690380408:[MRMAID,0052]$MEASFS,140459,3510.227142,40.014220;
1690380444:[SBE61 ,0396]P +20268,T +19019,S +34589
1690380445:[MRMAID,0002]acq started
1690384008:[MRMAID,0003]acq stopped
1690384008:[MRMAID,0052]$MEASFS,140462,3510.302093,40.014220;
1690384043:[SBE61 ,0396]P +20316,T +19018,S +34590
1690384044:[MRMAID,0002]acq started
1690387617:[MRMAID,0003]acq stopped
1690387617:[MRMAID,0052]$MEASFS,140857,3520.173584,40.014220;
1690387653:[SBE61 ,0396]P +20309,T +19030,S +34589
1690387654:[MRMAID,0002]acq started
1690389812:[MRMAID,0027]2027dbar, 33degC
1690389945:[MRMAID,0005]ascent request rejected
1690391217:[MRMAID,0003]acq stopped
1690391217:[MRMAID,0052]$MEASFS,140458,3510.202118,40.014220;
1690391253:[SBE61 ,0396]P +20326,T +19034,S +34589
1690391254:[MRMAID,0002]acq started
1690394817:[MRMAID,0003]acq stopped
1690394817:[MRMAID,0052]$MEASFS,140460,3510.252105,40.014220;
1690394852:[SBE61 ,0396]P +20404,T +19134,S +34589
1690394853:[MRMAID,0002]acq started
1690398426:[MRMAID,0003]acq stopped
1690398426:[MRMAID,0052]$MEASFS,140863,3520.323517,40.014220;
1690398462:[SBE61 ,0396]P +20376,T +19319,S +34587
1690398463:[MRMAID,0002]acq started
1690402026:[MRMAID,0003]acq stopped
1690402026:[MRMAID,0052]$MEASFS,140460,3510.252105,40.014220;
1690402061:[SBE61 ,0396]P +20342,T +19441,S +34585
1690402063:[MRMAID,0002]acq started
1690405626:[MRMAID,0003]acq stopped
1690405626:[MRMAID,0052]$MEASFS,140460,3510.252136,40.014220;
1690405661:[SBE61 ,0396]P +20305,T +19101,S +34590
1690405662:[MRMAID,0002]acq started
1690409235:[MRMAID,0003]acq stopped
1690409235:[MRMAID,0052]$MEASFS,140858,3520.198609,40.014220;
1690409271:[SBE61 ,0396]P +20337,T +19190,S +34588
1690409272:[MRMAID,0002]acq started
1690412835:[MRMAID,0003]acq stopped
1690412835:[MRMAID,0052]$MEASFS,140463,3510.327118,40.014220;
1690412870:[SBE61 ,0396]P +20342,T +19306,S +34587
1690412871:[MRMAID,0002]acq started
1690414755:[MRMAID,0027]2026dbar, 33degC
1690414960:[MRMAID,0005]ascent request rejected
1690416444:[MRMAID,0003]acq stopped
1690416445:[MRMAID,0052]$MEASFS,140859,3520.223572,40.014220;
1690416480:[SBE61 ,0396]P +20334,T +19162,S +34589
1690416481:[MRMAID,0002]acq started
1690418368:[MRMAID,0027]2030dbar, 33degC
1690420044:[MRMAID,0003]acq stopped
1690420044:[MRMAID,0052]$MEASFS,140456,3510.152160,40.014220;
1690420080:[SBE61 ,0396]P +20321,T +19179,S +34589
1690420081:[MRMAID,0002]acq started
1690421692:[MRMAID,0027]2025dbar, 33degC
1690421833:[MRMAID,0005]ascent request rejected
1690423644:[MRMAID,0003]acq stopped
1690423644:[MRMAID,0052]$MEASFS,140467,3510.427063,40.014220;
1690423679:[SBE61 ,0396]P +20295,T +19038,S +34590
1690423680:[MRMAID,0002]acq started
1690427253:[MRMAID,0003]acq stopped
1690427253:[MRMAID,0052]$MEASFS,140857,3520.173614,40.014220;
1690427289:[SBE61 ,0396]P +20336,T +19090,S +34590
1690427290:[MRMAID,0002]acq started
1690430853:[MRMAID,0003]acq stopped
1690430853:[MRMAID,0052]$MEASFS,140460,3510.252136,40.014220;
1690430888:[SBE61 ,0396]P +20345,T +19087,S +34589
1690430890:[MRMAID,0002]acq started
1690434453:[MRMAID,0003]acq stopped
1690434453:[MRMAID,0052]$MEASFS,140460,3510.252106,40.014220;
1690434488:[SBE61 ,0396]P +20375,T +19064,S +34590
1690434489:[MRMAID,0002]acq started
1690438062:[MRMAID,0052]$STOPACK:+$MEASFS,140859,3520.223571,40.014220;
1690438064:[MRMAID,0185]2 spurious byte(s) received
1690438098:[SBE61 ,0396]P +20326,T +19087,S +34589
1690438099:[MRMAID,0002]acq started
1690441662:[MRMAID,0003]acq stopped
1690441662:[MRMAID,0052]$MEASFS,140459,3510.227112,40.014220;
1690441697:[SBE61 ,0396]P +20385,T +19089,S +34590
1690441698:[MRMAID,0002]acq started
1690445271:[MRMAID,0003]acq stopped
1690445272:[MRMAID,0052]$MEASFS,140858,3520.198578,40.014220;
1690445307:[SBE61 ,0396]P +20377,T +19251,S +34588
1690445308:[MRMAID,0002]acq started
1690448871:[MRMAID,0003]acq stopped
1690448871:[MRMAID,0052]$MEASFS,140459,3510.227112,40.014220;
1690448907:[SBE61 ,0396]P +20359,T +19362,S +34586
1690448908:[MRMAID,0002]acq started
1690452471:[MRMAID,0003]acq stopped
1690452471:[MRMAID,0052]$MEASFS,140459,3510.227112,40.014220;
1690452506:[SBE61 ,0396]P +20336,T +19211,S +34588
1690452507:[MRMAID,0002]acq started
1690456080:[MRMAID,0003]acq stopped
1690456080:[MRMAID,0052]$MEASFS,140858,3520.198578,40.014220;
1690456116:[SBE61 ,0396]P +20345,T +19169,S +34589
1690456117:[MRMAID,0002]acq started
1690456381:[MRMAID,0027]2031dbar, 33degC
1690456532:[MRMAID,0005]ascent request rejected
1690456989:[MRMAID,0027]2030dbar, 33degC
1690457127:[MRMAID,0005]ascent request rejected
1690459680:[MRMAID,0003]acq stopped
1690459680:[MRMAID,0052]$MEASFS,140461,3510.277100,40.014220;
1690459715:[SBE61 ,0396]P +20326,T +19051,S +34590
1690459717:[MRMAID,0002]acq started
1690463280:[MRMAID,0003]acq stopped
1690463280:[MRMAID,0052]$MEASFS,140462,3510.302124,40.014220;
1690463315:[SBE61 ,0396]P +20348,T +19023,S +34590
1690463316:[MRMAID,0002]acq started
1690466889:[MRMAID,0052]$STOPA$MEASFS,140859,3520.223572,40.014220;
1690466891:[MRMAID,0185]6 spurious byte(s) received
1690466925:[SBE61 ,0396]P +20401,T +19176,S +34588
1690466926:[MRMAID,0002]acq started
1690470489:[MRMAID,0003]acq stopped
1690470489:[MRMAID,0052]$MEASFS,140464,3510.352050,40.014220;
1690470524:[SBE61 ,0396]P +20214,T +19047,S +34589
1690470526:[MRMAID,0002]acq started
1690474098:[MRMAID,0003]acq stopped
1690474099:[MRMAID,0052]$MEASFS,140859,3520.223571,40.014220;
1690474134:[SBE61 ,0396]P +20340,T +19001,S +34591
1690474135:[MRMAID,0002]acq started
1690477698:[MRMAID,0003]acq stopped
1690477698:[MRMAID,0052]$MEASFS,140459,3510.227143,40.014220;
1690477734:[SBE61 ,0396]P +20409,T +19087,S +34589
1690477735:[MRMAID,0002]acq started
1690481298:[MRMAID,0003]acq stopped
1690481298:[MRMAID,0052]$MEASFS,140459,3510.227112,40.014220;
1690481333:[SBE61 ,0396]P +20333,T +19003,S +34590
1690481334:[MRMAID,0002]acq started
1690484907:[MRMAID,0052]$STOPAC$MEASFS,140858,3520.198577,40.014220;
1690484910:[MRMAID,0185]5 spurious byte(s) received
1690484943:[SBE61 ,0396]P +20382,T +19005,S +34591
1690484944:[MRMAID,0002]acq started
1690485482:[MRMAID,0027]2034dbar, 33degC
1690485616:[MRMAID,0005]ascent request rejected
1690488507:[MRMAID,0052]$STOPAC$MEASFS,140455,3510.127136,40.014220;
1690488509:[MRMAID,0185]5 spurious byte(s) received
1690488542:[SBE61 ,0396]P +20367,T +19008,S +34590
1690488544:[MRMAID,0002]acq started
1690492107:[MRMAID,0003]acq stopped
1690492107:[MRMAID,0052]$MEASFS,140459,3510.227081,40.014220;
1690492142:[SBE61 ,0396]P +20427,T +19118,S +34589
1690492143:[MRMAID,0002]acq started
1690494278:[MRMAID,0027]2031dbar, 33degC
1690494417:[MRMAID,0005]ascent request rejected
1690495716:[MRMAID,0003]acq stopped
1690495716:[MRMAID,0052]$MEASFS,140858,3520.198578,40.014220;
1690495752:[SBE61 ,0396]P +20373,T +19094,S +34589
1690495753:[MRMAID,0002]acq started
1690499316:[MRMAID,0003]acq stopped
1690499316:[MRMAID,0052]$MEASFS,140458,3510.202118,40.014220;
1690499351:[SBE61 ,0396]P +20408,T +19101,S +34589
1690499353:[MRMAID,0002]acq started
1690502926:[MRMAID,0003]acq stopped
1690502961:[SBE61 ,0396]P +20448,T +19302,S +34587
1690502962:[MRMAID,0002]acq started
1690506525:[MRMAID,0003]acq stopped
1690506525:[MRMAID,0052]$MEASFS,140460,3510.252106,40.014220;
1690506561:[SBE61 ,0396]P +20365,T +19205,S +34588
1690506562:[MRMAID,0002]acq started
1690510125:[MRMAID,0003]acq stopped
1690510125:[MRMAID,0052]$MEASFS,140470,3510.502045,40.014220;
1690510160:[SBE61 ,0396]P +20390,T +19351,S +34587
1690510161:[MRMAID,0002]acq started
1690513734:[MRMAID,0003]acq stopped
1690513735:[MRMAID,0052]$MEASFS,140862,3520.298554,40.014220;
1690513770:[SBE61 ,0396]P +20396,T +19238,S +34588
1690513771:[MRMAID,0002]acq started
1690517334:[MRMAID,0003]acq stopped
1690517334:[MRMAID,0052]$MEASFS,140459,3510.227142,40.014220;
1690517369:[SBE61 ,0396]P +20313,T +19223,S +34585
1690517371:[MRMAID,0002]acq started
1690520934:[MRMAID,0003]acq stopped
1690520934:[MRMAID,0052]$MEASFS,140458,3510.202118,40.014220;
1690520969:[SBE61 ,0396]P +20407,T +19141,S +34589
1690520970:[MRMAID,0002]acq started
1690524543:[MRMAID,0003]acq stopped
1690524543:[MRMAID,0052]$MEASFS,140858,3520.198578,40.014220;
1690524579:[SBE61 ,0396]P +20393,T +19167,S +34590
1690524580:[MRMAID,0002]acq started
1690528143:[MRMAID,0003]acq stopped
1690528143:[MRMAID,0052]$MEASFS,140458,3510.202118,40.014220;
1690528178:[SBE61 ,0396]P +20394,T +19182,S +34589
1690528180:[MRMAID,0002]acq started
1690531171:[MRMAID,0027]2036dbar, 33degC
1690531347:[MRMAID,0005]ascent request rejected
1690531753:[MRMAID,0003]acq stopped
1690531753:[MRMAID,0052]$MEASFS,140861,3520.273590,40.014219;
1690531788:[SBE61 ,0396]P +20379,T +19167,S +34588
1690531789:[MRMAID,0002]acq started
1690535352:[MRMAID,0003]acq stopped
1690535352:[MRMAID,0052]$MEASFS,140458,3510.202148,40.014220;
1690535388:[SBE61 ,0396]P +20384,T +19086,S +34589
1690535389:[MRMAID,0002]acq started
1690538952:[MRMAID,0003]acq stopped
1690538952:[MRMAID,0052]$MEASFS,140460,3510.252105,40.014220;
1690538987:[SBE61 ,0396]P +20383,T +19080,S +34589
1690538988:[MRMAID,0002]acq started
1690542561:[MRMAID,0003]acq stopped
1690542562:[MRMAID,0052]$MEASFS,140859,3520.223572,40.014220;
1690542597:[SBE61 ,0396]P +20382,T +19067,S +34590
1690542598:[MRMAID,0002]acq started
1690546161:[MRMAID,0003]acq stopped
1690546161:[MRMAID,0052]$MEASFS,140464,3510.352081,40.014220;
1690546196:[SBE61 ,0396]P +20406,T +19030,S +34590
1690546198:[MRMAID,0002]acq started
1690549761:[MRMAID,0003]acq stopped
1690549761:[MRMAID,0052]$MEASFS,140459,3510.227112,40.014220;
1690549796:[SBE61 ,0396]P +20393,T +19017,S +34590
1690549797:[MRMAID,0002]acq started
1690553370:[MRMAID,0003]acq stopped
1690553370:[MRMAID,0052]$MEASFS,140858,3520.198578,40.014220;
1690553406:[SBE61 ,0396]P +20448,T +19093,S +34589
1690553407:[MRMAID,0002]acq started
1690556970:[MRMAID,0003]acq stopped
1690556970:[MRMAID,0052]$MEASFS,140459,3510.227112,40.014220;
1690557005:[SBE61 ,0396]P +20413,T +19132,S +34589
1690557007:[MRMAID,0002]acq started
1690560580:[MRMAID,0052]$STOPACK:+$MEASFS,140862,3520.298523,40.014220;
1690560582:[MRMAID,0185]2 spurious byte(s) received
1690560615:[SBE61 ,0396]P +20419,T +19116,S +34589
1690560616:[MRMAID,0002]acq started
1690564179:[MRMAID,0003]acq stopped
1690564179:[MRMAID,0052]$MEASFS,140463,3510.327087,40.014220;
1690564215:[SBE61 ,0396]P +20412,T +19179,S +34588
1690564216:[MRMAID,0002]acq started
1690567779:[MRMAID,0003]acq stopped
1690567779:[MRMAID,0052]$MEASFS,140458,3510.202118,40.014220;
1690567814:[SBE61 ,0396]P +20479,T +19217,S +34587
1690567815:[MRMAID,0002]acq started
1690571388:[MRMAID,0003]acq stopped
1690571388:[MRMAID,0052]$MEASFS,140857,3520.173553,40.014220;
1690571424:[SBE61 ,0396]P +20431,T +19213,S +34587
1690571425:[MRMAID,0002]acq started
1690574988:[MRMAID,0003]acq stopped
1690574988:[MRMAID,0052]$MEASFS,140460,3510.252105,40.014220;
1690575023:[SBE61 ,0396]P +20423,T +19205,S +34588
1690575025:[MRMAID,0002]acq started
1690578588:[MRMAID,0003]acq stopped
1690578588:[MRMAID,0052]$MEASFS,140459,3510.227112,40.014220;
1690578623:[SBE61 ,0396]P +20445,T +19217,S +34587
1690578624:[MRMAID,0002]acq started
1690582197:[MRMAID,0003]acq stopped
1690582197:[MRMAID,0052]$MEASFS,140859,3520.223572,40.014220;
1690582233:[SBE61 ,0396]P +20423,T +19178,S +34588
1690582234:[MRMAID,0002]acq started
1690585797:[MRMAID,0003]acq stopped
1690585797:[MRMAID,0052]$MEASFS,140459,3510.227112,40.014220;
1690585832:[SBE61 ,0396]P +20408,T +19151,S +34589
1690585834:[MRMAID,0002]acq started
1690589407:[MRMAID,0052]$STOPACK:+$MEASFS,140858,3520.198578,40.014220;
1690589409:[MRMAID,0185]2 spurious byte(s) received
1690589442:[SBE61 ,0396]P +20392,T +19174,S +34588
1690589443:[MRMAID,0002]acq started
1690593006:[MRMAID,0003]acq stopped
1690593006:[MRMAID,0052]$MEASFS,140459,3510.227112,40.014220;
1690593042:[SBE61 ,0396]P +20493,T +19192,S +34588
1690593043:[MRMAID,0002]acq started
1690596606:[MRMAID,0003]acq stopped
1690596606:[MRMAID,0052]$MEASFS,140468,3510.452057,40.014220;
1690596641:[SBE61 ,0396]P +20388,T +19202,S +34587
1690596642:[MRMAID,0002]acq started
1690600215:[MRMAID,0003]acq stopped
1690600215:[MRMAID,0052]$MEASFS,140857,3520.173584,40.014220;
1690600251:[SBE61 ,0396]P +20449,T +19113,S +34589
1690600252:[MRMAID,0002]acq started
1690602939:[MRMAID,0027]2034dbar, 33degC
1690603073:[MRMAID,0005]ascent request rejected
1690603815:[MRMAID,0003]acq stopped
1690603815:[MRMAID,0052]$MEASFS,140458,3510.202148,40.014220;
1690603850:[SBE61 ,0396]P +20434,T +19080,S +34590
1690603852:[MRMAID,0002]acq started
1690607415:[MRMAID,0003]acq stopped
1690607415:[MRMAID,0052]$MEASFS,140461,3510.277100,40.014220;
1690607450:[SBE61 ,0396]P +20424,T +19119,S +34589
1690607451:[MRMAID,0002]acq started
1690611024:[MRMAID,0003]acq stopped
1690611024:[MRMAID,0052]$MEASFS,140863,3520.323517,40.014220;
1690611060:[SBE61 ,0396]P +20500,T +19140,S +34588
1690611061:[MRMAID,0002]acq started
1690614624:[MRMAID,0003]acq stopped
1690614624:[MRMAID,0052]$MEASFS,140460,3510.252105,40.014220;
1690614659:[SBE61 ,0396]P +20457,T +19266,S +34587
1690614661:[MRMAID,0002]acq started
1690618234:[MRMAID,0052]$STOPAC$MEASFS,140859,3520.223572,40.014220;
1690618235:[MRMAID,0185]5 spurious byte(s) received
1690618269:[SBE61 ,0396]P +20373,T +19067,S +34589
1690618270:[MRMAID,0002]acq started
1690620503:[BUOY  ,0087]from +1mbar/s to +0mbar/s
1690620503:[PUMP  ,0378]Outflow calculated : 2711
1690620503:[BUOY  ,0089]need to transfer +2mL (pump during 2900ms)
1690620503:[MRMAID,0003]acq stopped
1690620503:[MRMAID,0052]$MEASFS,87237,2180.149964,40.014220;
1690620505:[PUMP  ,0016]pump during 2900ms
1690620509:[MRMAID,0002]acq started
1690621833:[MRMAID,0003]acq stopped
1690621833:[MRMAID,0185]28 spurious byte(s) received
1690621869:[SBE61 ,0396]P +20346,T +19143,S +34588
1690621870:[MRMAID,0002]acq started
1690625433:[MRMAID,0003]acq stopped
1690625433:[MRMAID,0052]$MEASFS,140459,3510.227112,40.014220;
1690625468:[SBE61 ,0396]P +20433,T +19221,S +34587
1690625470:[MRMAID,0002]acq started
1690626953:[MRMAID,0027]2030dbar, 33degC
1690627114:[MRMAID,0005]ascent request rejected
1690627306:[MRMAID,0027]2029dbar, 33degC
1690627473:[MRMAID,0005]ascent request rejected
1690629042:[MRMAID,0003]acq stopped
1690629043:[MRMAID,0052]$MEASFS,140857,3520.173584,40.014220;
1690629078:[SBE61 ,0396]P +20352,T +19173,S +34588
1690629079:[MRMAID,0002]acq started
1690632642:[MRMAID,0003]acq stopped
1690632642:[MRMAID,0052]$MEASFS,140458,3510.202118,40.014220;
1690632677:[SBE61 ,0396]P +20356,T +19174,S +34589
1690632679:[MRMAID,0002]acq started
1690636242:[MRMAID,0003]acq stopped
1690636242:[MRMAID,0185]21 spurious byte(s) received
1690636277:[SBE61 ,0396]P +20327,T +19262,S +34588
1690636278:[MRMAID,0002]acq started
1690638409:[MRMAID,0027]2034dbar, 33degC
1690638609:[MRMAID,0005]ascent request rejected
1690639851:[MRMAID,0003]acq stopped
1690639851:[MRMAID,0185]29 spurious byte(s) received
1690639887:[SBE61 ,0396]P +20337,T +19211,S +34587
1690639888:[MRMAID,0002]acq started
1690643451:[MRMAID,0003]acq stopped
1690643451:[MRMAID,0185]29 spurious byte(s) received
1690643486:[SBE61 ,0396]P +20380,T +19177,S +34589
1690643488:[MRMAID,0002]acq started
1690647051:[MRMAID,0003]acq stopped
1690647051:[MRMAID,0052]$MEASFS,140460,3510.252106,40.014220;
1690647086:[SBE61 ,0396]P +20411,T +19292,S +34587
1690647087:[MRMAID,0002]acq started
1690650660:[MRMAID,0003]acq stopped
1690650660:[MRMAID,0052]$MEASFS,140858,3520.198578,40.014220;
1690650696:[SBE61 ,0396]P +20300,T +19238,S +34585
1690650697:[MRMAID,0002]acq started
1690654260:[MRMAID,0003]acq stopped
1690654260:[MRMAID,0052]$MEASFS,140459,3510.227143,40.014220;
1690654295:[SBE61 ,0396]P +20369,T +19169,S +34588
1690654297:[MRMAID,0002]acq started
1690657870:[MRMAID,0003]acq stopped
1690657870:[MRMAID,0052]$MEASFS,140862,3520.298553,40.014220;
1690657905:[SBE61 ,0396]P +20365,T +19169,S +34589
1690657906:[MRMAID,0002]acq started
1690661469:[MRMAID,0003]acq stopped
1690661469:[MRMAID,0052]$MEASFS,140459,3510.227112,40.014220;
1690661505:[SBE61 ,0396]P +20393,T +19281,S +34587
1690661506:[MRMAID,0002]acq started
1690665069:[MRMAID,0003]acq stopped
1690665069:[MRMAID,0052]$MEASFS,140459,3510.227142,40.014220;
1690665104:[SBE61 ,0396]P +20277,T +19280,S +34587
1690665105:[MRMAID,0002]acq started
1690668678:[MRMAID,0003]acq stopped
1690668679:[MRMAID,0052]$MEASFS,140857,3520.173615,40.014220;
1690668714:[SBE61 ,0396]P +20366,T +19178,S +34588
1690668715:[MRMAID,0002]acq started
1690672278:[MRMAID,0003]acq stopped
1690672278:[MRMAID,0052]$MEASFS,140458,3510.202118,40.014220;
1690672313:[SBE61 ,0396]P +20369,T +19222,S +34588
1690672315:[MRMAID,0002]acq started
1690675878:[MRMAID,0003]acq stopped
1690675878:[MRMAID,0052]$MEASFS,140458,3510.202118,40.014220;
1690675913:[SBE61 ,0396]P +20424,T +19271,S +34587
1690675914:[MRMAID,0002]acq started
1690679487:[MRMAID,0003]acq stopped
1690679487:[MRMAID,0052]$MEASFS,140859,3520.223602,40.014220;
1690679523:[SBE61 ,0396]P +20363,T +19262,S +34587
1690679524:[MRMAID,0002]acq started
1690683087:[MRMAID,0003]acq stopped
1690683087:[MRMAID,0052]$MEASFS,140470,3510.502014,40.014220;
1690683122:[SBE61 ,0396]P +20364,T +19223,S +34588
1690683124:[MRMAID,0002]acq started
1690686697:[MRMAID,0003]acq stopped
1690686697:[MRMAID,0052]$MEASFS,140859,3520.223603,40.014220;
1690686732:[SBE61 ,0396]P +20355,T +19111,S +34589
1690686733:[MRMAID,0002]acq started
1690690296:[MRMAID,0003]acq stopped
1690690296:[MRMAID,0052]$MEASFS,140459,3510.227112,40.014220;
1690690332:[SBE61 ,0396]P +20448,T +19202,S +34588
1690690333:[MRMAID,0002]acq started
1690693896:[MRMAID,0003]acq stopped
1690693896:[MRMAID,0052]$MEASFS,140459,3510.227143,40.014220;
1690693931:[SBE61 ,0396]P +20397,T +19241,S +34587
1690693932:[MRMAID,0002]acq started
1690697505:[MRMAID,0003]acq stopped
1690697506:[MRMAID,0052]$MEASFS,140858,3520.198578,40.014220;
1690697541:[SBE61 ,0396]P +20386,T +19280,S +34587
1690697542:[MRMAID,0002]acq started
1690701105:[MRMAID,0003]acq stopped
1690701105:[MRMAID,0052]$MEASFS,140459,3510.227112,40.014220;
1690701140:[SBE61 ,0396]P +20397,T +19257,S +34588
1690701142:[MRMAID,0002]acq started
1690704705:[MRMAID,0003]acq stopped
1690704705:[MRMAID,0052]$MEASFS,140459,3510.227142,40.014220;
1690704740:[SBE61 ,0396]P +20334,T +19201,S +34587
1690704741:[MRMAID,0002]acq started
1690708314:[MRMAID,0003]acq stopped
1690708314:[MRMAID,0052]$MEASFS,140857,3520.173615,40.014220;
1690708350:[SBE61 ,0396]P +20341,T +19127,S +34589
1690708351:[MRMAID,0002]acq started
1690711914:[MRMAID,0003]acq stopped
1690711914:[MRMAID,0052]$MEASFS,140458,3510.202149,40.014220;
1690711949:[SBE61 ,0396]P +20437,T +19160,S +34588
1690711951:[MRMAID,0002]acq started
1690715524:[MRMAID,0003]acq stopped
1690715524:[MRMAID,0052]$MEASFS,140864,3520.348542,40.014220;
1690715559:[SBE61 ,0396]P +20395,T +19117,S +34589
1690715560:[MRMAID,0002]acq started
1690719123:[MRMAID,0003]acq stopped
1690719123:[MRMAID,0052]$MEASFS,140460,3510.252106,40.014220;
1690719159:[SBE61 ,0396]P +20458,T +19195,S +34588
1690719160:[MRMAID,0002]acq started
1690722723:[MRMAID,0003]acq stopped
1690722723:[MRMAID,0052]$MEASFS,140460,3510.252106,40.014220;
1690722758:[SBE61 ,0396]P +20436,T +19180,S +34588
1690722759:[MRMAID,0002]acq started
1690726332:[MRMAID,0003]acq stopped
1690726333:[MRMAID,0052]$MEASFS,140862,3520.298523,40.014220;
1690726368:[SBE61 ,0396]P +20398,T +19297,S +34587
1690726369:[MRMAID,0002]acq started
1690729932:[MRMAID,0003]acq stopped
1690729932:[MRMAID,0052]$MEASFS,140459,3510.227112,40.014220;
1690729967:[SBE61 ,0396]P +20390,T +19261,S +34588
1690729969:[MRMAID,0002]acq started
1690733532:[MRMAID,0003]acq stopped
1690733532:[MRMAID,0052]$MEASFS,140459,3510.227112,40.014220;
1690733567:[SBE61 ,0396]P +20428,T +19306,S +34587
1690733568:[MRMAID,0002]acq started
1690737141:[MRMAID,0003]acq stopped
1690737141:[MRMAID,0052]$MEASFS,140858,3520.198577,40.014220;
1690737177:[SBE61 ,0396]P +20406,T +19315,S +34586
1690737178:[MRMAID,0002]acq started
1690740741:[MRMAID,0003]acq stopped
1690740741:[MRMAID,0052]$MEASFS,140459,3510.227143,40.014220;
1690740776:[SBE61 ,0396]P +20403,T +19297,S +34587
1690740778:[MRMAID,0002]acq started
1690744351:[MRMAID,0003]acq stopped
1690744351:[MRMAID,0052]$MEASFS,140857,3520.173614,40.014220;
1690744386:[SBE61 ,0396]P +20432,T +19324,S +34586
1690744387:[MRMAID,0002]acq started
1690747192:[MAIN  ,0140]stage[1] complete 27226s after mission start
1690747192:[SBE   ,0391]Mode changed from PROFILING to SLEEP
1690747193:[MRMAID,0003]acq stopped
1690747193:[MRMAID,0052]$MEASFS,110149,2752.746430,40.014220;
1690747193:[MAIN  ,0056]stage[2]
1690747195:[MAIN  ,0024]internal pressure 77046Pa
1690747196:[BUOY  ,0037]P+203307mbar
1690747198:[BUOY  ,0087]from +0mbar/s to +9mbar/s
1690747198:[BUOY  ,0090]need to transfer -130mL (valve during 3683ms)
1690747198:[VALVE ,0034]valve opening 3683ms
1690747202:[VALVE ,0234]battery 14346mV,  518256uA, P+203307mbar
1690747523:[BUOY  ,0087]from +7mbar/s to +9mbar/s
1690747523:[BUOY  ,0090]need to transfer -52mL (valve during 1464ms)
1690747523:[VALVE ,0034]valve opening 1464ms
1690747525:[VALVE ,0234]battery 14506mV,  523136uA, P+205477mbar
1690747823:[PRESS ,0038]P+207917mbar,T+32767mdegC
1690748473:[PRESS ,0038]P+213027mbar,T+32767mdegC
1690749123:[PRESS ,0038]P+218127mbar,T+32767mdegC
1690749773:[PRESS ,0038]P+223277mbar,T+32767mdegC
1690750423:[PRESS ,0038]P+228437mbar,T+32767mdegC
1690751081:[PRESS ,0038]P+233477mbar,T+32767mdegC
1690751097:[BUOY  ,0087]from +7mbar/s to +9mbar/s
1690751097:[BUOY  ,0090]need to transfer -52mL (valve during 1373ms)
1690751097:[VALVE ,0034]valve opening 1373ms
1690751099:[VALVE ,0234]battery 14456mV,  522770uA, P+233587mbar
1690751722:[PRESS ,0038]P+239087mbar,T+32767mdegC
1690752372:[PRESS ,0038]P+244747mbar,T+32767mdegC
1690753022:[PRESS ,0038]P+250637mbar,T+32767mdegC
1690753672:[PRESS ,0038]P+256617mbar,T+32767mdegC
1690754322:[PRESS ,0038]P+262707mbar,T+32767mdegC
1690754971:[PRESS ,0038]P+268597mbar,T+32767mdegC
1690755621:[PRESS ,0038]P+274437mbar,T+32767mdegC
1690755971:[BUOY  ,0087]from +9mbar/s to +6mbar/s
1690755971:[PUMP  ,0378]Outflow calculated : 2668
1690755971:[BUOY  ,0089]need to transfer +72mL (pump during 105882ms)
1690755972:[PUMP  ,0016]pump during 60000ms
1690756031:[PUMP  ,0212]battery 14390mV, 1186450uA (steady state), P+277427mbar
1690756273:[PRESS ,0038]P+279797mbar,T+32767mdegC
1690756297:[BUOY  ,0087]from +8mbar/s to +6mbar/s
1690756297:[PUMP  ,0378]Outflow calculated : 2666
1690756297:[BUOY  ,0089]need to transfer +44mL (pump during 64801ms)
1690756299:[PUMP  ,0016]pump during 60000ms
1690756358:[PUMP  ,0212]battery 14290mV, 1192550uA (steady state), P+279977mbar
1690757249:[PRESS ,0038]P+286017mbar,T+32767mdegC
1690758223:[PRESS ,0038]P+291777mbar,T+32767mdegC
1690758573:[BUOY  ,0087]from +6mbar/s to +2mbar/s
1690758573:[PUMP  ,0378]Outflow calculated : 2657
1690758573:[BUOY  ,0089]need to transfer +52mL (pump during 77266ms)
1690758574:[PUMP  ,0016]pump during 60000ms
1690758633:[PUMP  ,0212]battery 14540mV, 1230858uA (steady state), P+293837mbar
1690758899:[STAGE ,0213]295397mbar reached at 1690758899s, ref 300000mbar +/-5000mbar
1690758900:[BUOY  ,0087]from +4mbar/s to +0mbar/s
1690758900:[PUMP  ,0378]Outflow calculated : 2654
1690758900:[BUOY  ,0089]need to transfer +26mL (pump during 39473ms)
1690758901:[PUMP  ,0016]pump during 39473ms
1690758940:[PUMP  ,0212]battery 14333mV, 1245498uA (steady state), P+295397mbar
1690759226:[BUOY  ,0087]from +3mbar/s to +0mbar/s
1690759226:[PUMP  ,0378]Outflow calculated : 2653
1690759226:[BUOY  ,0089]need to transfer +14mL (pump during 21263ms)
1690759227:[PUMP  ,0016]pump during 21263ms
1690759248:[PUMP  ,0212]battery 14343mV, 1255136uA (steady state), P+296707mbar
1690759528:[PRESS ,0038]P+297727mbar,T+32767mdegC
1690759552:[BUOY  ,0087]from +4mbar/s to +0mbar/s
1690759552:[PUMP  ,0378]Outflow calculated : 2652
1690759552:[BUOY  ,0089]need to transfer +26mL (pump during 39503ms)
1690759554:[PUMP  ,0016]pump during 39503ms
1690759593:[PUMP  ,0212]battery 14383mV, 1254038uA (steady state), P+297797mbar
1690761079:[BUOY  ,0087]from +2mbar/s to +0mbar/s
1690761079:[PUMP  ,0378]Outflow calculated : 2653
1690761079:[BUOY  ,0089]need to transfer +6mL (pump during 8979ms)
1690761081:[PUMP  ,0016]pump during 8979ms
1690761089:[PUMP  ,0212]battery 14558mV, 1263310uA (steady state), P+300407mbar
1690761706:[MAIN  ,0140]stage[2] complete -23796s after mission start
1690761706:[MAIN  ,0056]stage[3]
1690761708:[MAIN  ,0024]internal pressure 77612Pa
1690761709:[SBE   ,0391]Mode changed from SLEEP to UPDATE
1690761709:[BUOY  ,0037]P+300577mbar
1690761711:[BUOY  ,0087]from +0mbar/s to -10mbar/s
1690761711:[PUMP  ,0378]Outflow calculated : 2653
1690761711:[BUOY  ,0089]need to transfer +160mL (pump during 239521ms)
1690761712:[PUMP  ,0016]pump during 60000ms
1690761713:[SBE   ,0391]Mode changed from UPDATE to START
1690761771:[PUMP  ,0212]battery 14558mV, 1273802uA (steady state), P+300547mbar
1690762037:[BUOY  ,0087]from -3mbar/s to -10mbar/s
1690762037:[PUMP  ,0378]Outflow calculated : 2649
1690762037:[BUOY  ,0089]need to transfer +146mL (pump during 224961ms)
1690762039:[PUMP  ,0016]pump during 60000ms
1690762040:[SBE   ,0384]Start profil acquisitions
1690762040:[SBE   ,0391]Mode changed from START to PROFILING
1690762097:[PUMP  ,0212]battery 14355mV, 1302106uA (steady state), P+299577mbar
1690762364:[BUOY  ,0087]from -4mbar/s to -10mbar/s
1690762364:[PUMP  ,0378]Outflow calculated : 2650
1690762364:[BUOY  ,0089]need to transfer +134mL (pump during 206471ms)
1690762365:[PUMP  ,0016]pump during 60000ms
1690762424:[PUMP  ,0212]battery 14322mV, 1279536uA (steady state), P+298027mbar
1690762690:[BUOY  ,0087]from -6mbar/s to -10mbar/s
1690762690:[PUMP  ,0378]Outflow calculated : 2652
1690762690:[BUOY  ,0089]need to transfer +102mL (pump during 156923ms)
1690762691:[PUMP  ,0016]pump during 60000ms
1690762750:[PUMP  ,0212]battery 14322mV, 1260992uA (steady state), P+296147mbar
1690763016:[BUOY  ,0087]from -7mbar/s to -10mbar/s
1690763016:[PUMP  ,0378]Outflow calculated : 2653
1690763016:[BUOY  ,0089]need to transfer +82mL (pump during 126154ms)
1690763018:[PUMP  ,0016]pump during 60000ms
1690763077:[PUMP  ,0212]battery 14318mV, 1256600uA (steady state), P+293967mbar
1690763318:[PRESS ,0038]P+291637mbar,T+32767mdegC
1690763343:[BUOY  ,0087]from -8mbar/s to -10mbar/s
1690763343:[PUMP  ,0378]Outflow calculated : 2654
1690763343:[BUOY  ,0089]need to transfer +58mL (pump during 89231ms)
1690763344:[PUMP  ,0016]pump during 60000ms
1690763403:[PUMP  ,0212]battery 14316mV, 1253794uA (steady state), P+291447mbar
1690763669:[BUOY  ,0087]from -9mbar/s to -10mbar/s
1690763669:[PUMP  ,0378]Outflow calculated : 2657
1690763669:[BUOY  ,0089]need to transfer +30mL (pump during 45923ms)
1690763670:[PUMP  ,0016]pump during 45923ms
1690763715:[PUMP  ,0212]battery 14318mV, 1234274uA (steady state), P+288537mbar
1690763971:[PRESS ,0038]P+285677mbar,T+32767mdegC
1690764621:[PRESS ,0038]P+279367mbar,T+32767mdegC
1690765270:[PRESS ,0038]P+273257mbar,T+32767mdegC
1690765295:[BUOY  ,0087]from -9mbar/s to -10mbar/s
1690765295:[PUMP  ,0378]Outflow calculated : 2668
1690765295:[BUOY  ,0089]need to transfer +30mL (pump during 44942ms)
1690765297:[PUMP  ,0016]pump during 44942ms
1690765341:[PUMP  ,0212]battery 14526mV, 1184254uA (steady state), P+272997mbar
1690765622:[BUOY  ,0087]from -9mbar/s to -10mbar/s
1690765622:[PUMP  ,0378]Outflow calculated : 2668
1690765622:[BUOY  ,0089]need to transfer +30mL (pump during 45715ms)
1690765623:[PUMP  ,0016]pump during 45715ms
1690765668:[PUMP  ,0212]battery 14428mV, 1169004uA (steady state), P+269877mbar
1690765923:[PRESS ,0038]P+266827mbar,T+32767mdegC
1690765948:[BUOY  ,0087]from -9mbar/s to -10mbar/s
1690765948:[PUMP  ,0378]Outflow calculated : 2670
1690765948:[BUOY  ,0089]need to transfer +30mL (pump during 45681ms)
1690765949:[PUMP  ,0016]pump during 45681ms
1690765994:[PUMP  ,0212]battery 14397mV, 1168028uA (steady state), P+266597mbar
1690766574:[PRESS ,0038]P+260097mbar,T+32767mdegC
1690767224:[PRESS ,0038]P+253597mbar,T+32767mdegC
1690767249:[BUOY  ,0087]from -9mbar/s to -10mbar/s
1690767249:[PUMP  ,0378]Outflow calculated : 2680
1690767249:[BUOY  ,0089]need to transfer +30mL (pump during 44663ms)
1690767250:[PUMP  ,0016]pump during 44663ms
1690767294:[PUMP  ,0212]battery 14545mV, 1114226uA (steady state), P+253367mbar
1690767575:[BUOY  ,0087]from -9mbar/s to -10mbar/s
1690767575:[PUMP  ,0378]Outflow calculated : 2682
1690767576:[BUOY  ,0089]need to transfer +30mL (pump during 44630ms)
1690767577:[PUMP  ,0016]pump during 44630ms
1690767621:[PUMP  ,0212]battery 14445mV, 1113982uA (steady state), P+250117mbar
1690767877:[PRESS ,0038]P+247007mbar,T+32767mdegC
1690768527:[PRESS ,0038]P+240267mbar,T+32767mdegC
1690769177:[PRESS ,0038]P+233257mbar,T+32767mdegC
1690769826:[PRESS ,0038]P+226317mbar,T+32767mdegC
1690770476:[PRESS ,0038]P+219547mbar,T+32767mdegC
1690770826:[BUOY  ,0087]from -9mbar/s to -10mbar/s
1690770826:[PUMP  ,0378]Outflow calculated : 2703
1690770826:[BUOY  ,0089]need to transfer +30mL (pump during 44093ms)
1690770827:[PUMP  ,0016]pump during 44093ms
1690770871:[PUMP  ,0212]battery 14610mV,  987102uA (steady state), P+216057mbar
1690771128:[PRESS ,0038]P+213047mbar,T+32767mdegC
1690771152:[BUOY  ,0087]from -9mbar/s to -10mbar/s
1690771152:[PUMP  ,0378]Outflow calculated : 2705
1690771152:[BUOY  ,0089]need to transfer +30mL (pump during 44059ms)
1690771154:[PUMP  ,0016]pump during 44059ms
1690771198:[PUMP  ,0212]battery 14487mV,  975390uA (steady state), P+212797mbar
1690771779:[PRESS ,0038]P+206707mbar,T+32767mdegC
1690772129:[BUOY  ,0087]from -9mbar/s to -10mbar/s
1690772129:[PUMP  ,0378]Outflow calculated : 2710
1690772129:[BUOY  ,0089]need to transfer +30mL (pump during 44263ms)
1690772130:[PUMP  ,0016]pump during 44263ms
1690772174:[PUMP  ,0212]battery 14573mV,  936838uA (steady state), P+203497mbar
1690772430:[PRESS ,0038]P+200687mbar,T+32767mdegC
1690772455:[BUOY  ,0087]from -9mbar/s to -10mbar/s
1690772455:[PUMP  ,0378]Outflow calculated : 2712
1690772455:[BUOY  ,0089]need to transfer +30mL (pump during 44230ms)
1690772456:[PUMP  ,0016]pump during 44230ms
1690772500:[PUMP  ,0212]battery 14478mV,  930494uA (steady state), P+200447mbar
1690772781:[BUOY  ,0087]from -9mbar/s to -10mbar/s
1690772781:[PUMP  ,0378]Outflow calculated : 2712
1690772781:[BUOY  ,0089]need to transfer +30mL (pump during 44992ms)
1690772783:[PUMP  ,0016]pump during 44992ms
1690772827:[PUMP  ,0212]battery 14457mV,  909998uA (steady state), P+197317mbar
1690773083:[PRESS ,0038]P+194197mbar,T+32767mdegC
1690773733:[PRESS ,0038]P+186997mbar,T+32767mdegC
1690774383:[PRESS ,0038]P+179357mbar,T+32767mdegC
1690775032:[PRESS ,0038]P+171657mbar,T+32767mdegC
1690775682:[PRESS ,0038]P+164197mbar,T+32767mdegC
1690776332:[PRESS ,0038]P+156877mbar,T+32767mdegC
1690776982:[PRESS ,0038]P+149757mbar,T+32767mdegC
1690777632:[PRESS ,0038]P+143207mbar,T+32767mdegC
1690777981:[BUOY  ,0087]from -9mbar/s to -10mbar/s
1690777981:[PUMP  ,0378]Outflow calculated : 2748
1690777981:[BUOY  ,0089]need to transfer +30mL (pump during 43347ms)
1690777983:[PUMP  ,0016]pump during 43347ms
1690778026:[PUMP  ,0212]battery 14707mV,  720898uA (steady state), P+139877mbar
1690778283:[PRESS ,0038]P+136797mbar,T+32767mdegC
1690778933:[PRESS ,0038]P+130057mbar,T+32767mdegC
1690779583:[PRESS ,0038]P+122897mbar,T+32767mdegC
1690780232:[PRESS ,0038]P+116107mbar,T+32767mdegC
1690780257:[BUOY  ,0087]from -9mbar/s to -10mbar/s
1690780257:[PUMP  ,0378]Outflow calculated : 2763
1690780257:[BUOY  ,0089]need to transfer +30mL (pump during 43170ms)
1690780258:[PUMP  ,0016]pump during 43170ms
1690780301:[PUMP  ,0212]battery 14732mV,  623176uA (steady state), P+115867mbar
1690780884:[PRESS ,0038]P+109627mbar,T+32767mdegC
1690781533:[PRESS ,0038]P+103337mbar,T+32767mdegC
1690781883:[BUOY  ,0087]from -9mbar/s to -10mbar/s
1690781883:[PUMP  ,0378]Outflow calculated : 2772
1690781883:[BUOY  ,0089]need to transfer +30mL (pump during 43075ms)
1690781884:[PUMP  ,0016]pump during 43075ms
1690781927:[PUMP  ,0212]battery 14745mV,  563274uA (steady state), P+100117mbar
1690782185:[PRESS ,0038]P +97207mbar,T+32767mdegC
1690782835:[PRESS ,0038]P +90557mbar,T+32767mdegC
1690783484:[PRESS ,0038]P +84067mbar,T+32767mdegC
1690784134:[PRESS ,0038]P +77987mbar,T+32767mdegC
1690784159:[BUOY  ,0087]from -9mbar/s to -10mbar/s
1690784159:[PUMP  ,0378]Outflow calculated : 2786
1690784159:[BUOY  ,0089]need to transfer +30mL (pump during 42796ms)
1690784160:[PUMP  ,0016]pump during 42796ms
1690784202:[PUMP  ,0212]battery 14797mV,  475556uA (steady state), P +77737mbar
1690784485:[BUOY  ,0087]from -9mbar/s to -10mbar/s
1690784485:[PUMP  ,0378]Outflow calculated : 2787
1690784485:[BUOY  ,0089]need to transfer +30mL (pump during 42781ms)
1690784487:[PUMP  ,0016]pump during 42781ms
1690784529:[PUMP  ,0212]battery 14717mV,  469822uA (steady state), P +74857mbar
1690784787:[PRESS ,0038]P +71717mbar,T+32767mdegC
1690785437:[PRESS ,0038]P +65167mbar,T+32767mdegC
1690785462:[BUOY  ,0087]from -9mbar/s to -10mbar/s
1690785462:[PUMP  ,0378]Outflow calculated : 2793
1690785462:[BUOY  ,0089]need to transfer +30mL (pump during 42890ms)
1690785463:[PUMP  ,0016]pump during 42890ms
1690785505:[PUMP  ,0212]battery 14778mV,  429440uA (steady state), P +64917mbar
1690786088:[PRESS ,0038]P +58247mbar,T+32767mdegC
1690786738:[PRESS ,0038]P +51867mbar,T+32767mdegC
1690786763:[BUOY  ,0087]from -9mbar/s to -10mbar/s
1690786763:[PUMP  ,0378]Outflow calculated : 2801
1690786763:[BUOY  ,0089]need to transfer +30mL (pump during 42665ms)
1690786764:[PUMP  ,0016]pump during 42665ms
1690786806:[PUMP  ,0212]battery 14833mV,  380396uA (steady state), P +51617mbar
1690787389:[PRESS ,0038]P +45217mbar,T+32767mdegC
1690788039:[PRESS ,0038]P +38667mbar,T+32767mdegC
1690788389:[BUOY  ,0087]from -9mbar/s to -10mbar/s
1690788389:[PUMP  ,0378]Outflow calculated : 2811
1690788389:[BUOY  ,0089]need to transfer +30mL (pump during 42390ms)
1690788390:[PUMP  ,0016]pump during 42390ms
1690788432:[PUMP  ,0212]battery 14901mV,  315248uA (steady state), P +35157mbar
1690788690:[PRESS ,0038]P +31957mbar,T+32767mdegC
1690789340:[PRESS ,0038]P +25117mbar,T+32767mdegC
1690789990:[PRESS ,0038]P +18677mbar,T+32767mdegC
1690790015:[BUOY  ,0087]from -9mbar/s to -10mbar/s
1690790015:[PUMP  ,0378]Outflow calculated : 2821
1690790015:[BUOY  ,0089]need to transfer +30mL (pump during 42145ms)
1690790016:[PUMP  ,0016]pump during 42145ms
1690790058:[PUMP  ,0212]battery 14972mV,  246318uA (steady state), P +18467mbar
1690790341:[BUOY  ,0087]from -9mbar/s to -10mbar/s
1690790341:[PUMP  ,0378]Outflow calculated : 2823
1690790341:[BUOY  ,0089]need to transfer +30mL (pump during 42115ms)
1690790342:[PUMP  ,0016]pump during 42115ms
1690790384:[PUMP  ,0212]battery 14945mV,  230824uA (steady state), P +15347mbar
1690790643:[PRESS ,0038]P +12337mbar,T+32767mdegC
1690791293:[PRESS ,0038]P  +5867mbar,T+32767mdegC
1690791317:[BUOY  ,0087]from -9mbar/s to -10mbar/s
1690791317:[PUMP  ,0378]Outflow calculated : 2829
1690791317:[BUOY  ,0089]need to transfer +30mL (pump during 42039ms)
1690791319:[PUMP  ,0016]pump during 42039ms
1690791361:[PUMP  ,0212]battery 15016mV,  184830uA (steady state), P  +5657mbar
1690791644:[BUOY  ,0087]from -8mbar/s to -10mbar/s
1690791644:[PUMP  ,0378]Outflow calculated : 2830
1690791644:[BUOY  ,0089]need to transfer +58mL (pump during 81232ms)
1690791645:[PUMP  ,0016]pump during 60000ms
1690791704:[PUMP  ,0212]battery 14998mV,  184952uA (steady state), P  +2777mbar
1690791945:[PRESS ,0038]P   +487mbar,T+32767mdegC
1690791970:[STAGE ,0214]317mbar (500) reached at 1690791970s, ascending from 300577mbar
1690791970:[STAGE ,0342]The float reached the surface : OK
1690791970:[MAIN  ,0140]stage[3] complete 6468s after mission start
1690791972:[SBE   ,0391]Mode changed from PROFILING to SLEEP
1690791973:[SBE   ,0391]Mode changed from SLEEP to STOP
1690792152:[SBE   ,0391]Mode changed from STOP to SLEEP
1690792153:[SBE   ,0391]Mode changed from SLEEP to DUMP
1690792153:[SBE   ,0343]SBE dump : 503 stored samples in hexa format
1690792169:[SBE   ,0338]Dump finished
1690792169:[SBE   ,0388]503 samples in 0100/64C6F9EC.S61
1690792169:[SBE   ,0391]Mode changed from DUMP to SLEEP
1690792170:[MRMAID,0188]acq already stopped
1690792170:[MSSION,0192]mission stopped, 4 stage(s) done
1690792170:[MAIN  ,0065]surfacing
1690792172:[SURFIN,0036]P   -193mbar
1690792174:[SURFIN,0020]filling external bladder
1690792175:[PUMP  ,0016]pump during 30000ms
1690792204:[PUMP  ,0212]battery 14575mV, 1416786uA (steady state), P   -193mbar
1690792222:[PUMP  ,0016]pump during 30000ms
1690792251:[PUMP  ,0212]battery 14881mV,   13054uA (steady state), P   -193mbar
1690792268:[PUMP  ,0016]pump during 30000ms
1690792290:[PUMP  ,0212]battery 14727mV,   13176uA (steady state), P   -193mbar
1690792290:[PUMP  ,0019]external bladder full
1690792351:[MAIN  ,0272]Vbat 14777mV (min 14392mV)
1690792354:[MAIN  ,0024]internal pressure 75837Pa
1690792354:[MAIN  ,0043]Pext 259mbar (rng 30mbar)
1690792354:[MAIN  ,0064]surface
1690792365:[SURF  ,0022]GPS fix...
1690792469:[SURF  ,0015]10 PPS detected...
1690792471:[MRMAID,0052]$GPSACK:+0,+0,+0,+0,+0,-1,-918548;
1690792481:[MRMAID,0052]$GPSOFF:3686332;
1690792483:[GPSFIX,0179]-12s diff
1690792495:[SURF  ,0222]2023-07-31T08:34:55
1690792495:[SURF  ,0082]N29deg34.896mn, E142deg13.604mn
1690792495:[SURF  ,0084]hdop 1.100, vdop 1.780
1690792505:[SURF  ,0274]last almanac : 867875
1690792804:[MRMAID,0026]115137 bytes in 0100/64C7723E.MER
1690792809:[MAIN  ,0320]New pressure offset: 259mbar
1690792809:[SBE   ,0391]Mode changed from SLEEP to RESETOFFSET
1690792871:[SBE   ,0339]new offset = -3.08 received after 63s
1690792871:[SBE   ,0391]Mode changed from RESETOFFSET to SLEEP
1690792872:[MAIN  ,0078]*** switching to 0100/64C773A8 ***
