1686202804:[MAIN  ,0007]buoy 467.174-T-0100
1686202804:[MAIN  ,0055]soft pilotage 467.174.300_V2.67-20230503
1686202804:[MAIN  ,0010]cycle 1
1686202804:[SURF  ,0225]surface2
1686202817:[SURF  ,0022]GPS fix...
1686202837:[SURF  ,0015]10 PPS detected...
1686202838:[MRMAID,0052]$GPSACK:+0,+0,+0,+0,+0,+0,-30;
1686202848:[MRMAID,0052]$GPSOFF:3686327;
1686202851:[GPSFIX,0179]+0s diff
1686202851:[SURF  ,0222]2023-06-08T05:40:51
1686202851:[SURF  ,0082]N35deg19.262mn, E139deg39.043mn
1686202851:[SURF  ,0084]hdop 0.820, vdop 1.180
1686202861:[SURF  ,0025]Iridium...
1686202892:[SURF  ,0009]connected in 31s, signal quality 5
1686203059:[SURF  ,0071]<WARN>timeout
1686203059:[SURF  ,0056]<WARN>peer mute
1686203065:[SURF  ,0014]disconnected after 204s
1686203070:[SURFIN,0020]filling external bladder
1686203071:[PUMP  ,0019]external bladder full
1686203071:[SURF  ,0069]transfer interrupted , retry
1686203082:[SURF  ,0022]GPS fix...
1686203102:[SURF  ,0015]10 PPS detected...
1686203103:[MRMAID,0052]$GPSACK:+0,+0,+0,+0,+0,+0,-30;
1686203113:[MRMAID,0052]$GPSOFF:3686327;
1686203116:[GPSFIX,0179]+0s diff
1686203116:[SURF  ,0222]2023-06-08T05:45:16
1686203116:[SURF  ,0082]N35deg19.260mn, E139deg39.046mn
1686203116:[SURF  ,0084]hdop 0.730, vdop 1.020
1686203126:[SURF  ,0025]Iridium...
1686203127:[MODEM ,0347]<ERR>ping error
1686203127:[SURF  ,0023]<WARN>failed to connect #1, code -1, net -1, qual -1, dial -1
1686203174:[SURF  ,0009]connected in 48s, signal quality 5
1686203235:[SURF  ,0058]<WARN>read error -1
1686203275:[SURF  ,0071]<WARN>timeout
1686203275:[SURF  ,0056]<WARN>peer mute
1686203280:[SURF  ,0014]disconnected after 154s
1686203285:[SURFIN,0020]filling external bladder
1686203286:[PUMP  ,0019]external bladder full
1686203286:[SURF  ,0069]transfer interrupted , retry
1686203298:[SURF  ,0022]GPS fix...
1686203318:[SURF  ,0015]10 PPS detected...
1686203319:[MRMAID,0052]$GPSACK:+0,+0,+0,+0,+0,+0,+0;
1686203329:[MRMAID,0052]$GPSOFF:3686327;
1686203331:[GPSFIX,0179]-1s diff
1686203332:[SURF  ,0222]2023-06-08T05:48:52
1686203332:[SURF  ,0082]N35deg19.260mn, E139deg39.046mn
1686203332:[SURF  ,0084]hdop 0.650, vdop 0.960
1686203342:[SURF  ,0025]Iridium...
1686203539:[SURF  ,0023]<WARN>failed to connect #1, code -8, net 1, qual 5, dial 1
1686203589:[SURF  ,0009]connected in 247s, signal quality 5
1686203701:[SURF  ,0218]prompt received, remote cmd end
1686203701:[SURF  ,0012]21 cmd(s) received
1686203723:[UPLOAD,0248]Upload data files...
1686203778:[UPLOAD,0231]"0100/64783501.BIN" uploaded at 47bytes/s
1686203834:[UPLOAD,0231]"0100/64524AD4.BIN" uploaded at 47bytes/s
1686203844:[UPLOAD,0231]"0100/647835F3.MER" uploaded at 139bytes/s
1686203889:[UPLOAD,0231]"0100/647836DE.BIN" uploaded at 62bytes/s
1686203899:[UPLOAD,0231]"0100/647837D0.MER" uploaded at 139bytes/s
1686203904:[UPLOAD,0231]"0100/6478381B.BIN" uploaded at 38bytes/s
1686203928:[UPLOAD,0231]"0100/647838B7.BIN" uploaded at 90bytes/s
1686203963:[UPLOAD,0231]"0100/64783C79.BIN" uploaded at 82bytes/s
1686203974:[UPLOAD,0231]"0100/64783D71.MER" uploaded at 140bytes/s
1686204006:[ZIO   ,0240]"NO CARRIER" received, aborting
1686204022:[SURF  ,0014]disconnected after 680s
1686204027:[SURFIN,0020]filling external bladder
1686204028:[PUMP  ,0019]external bladder full
1686204028:[SURF  ,0069]transfer interrupted , retry
1686204039:[SURF  ,0022]GPS fix...
1686204059:[SURF  ,0015]10 PPS detected...
1686204060:[MRMAID,0052]$GPSACK:+0,+0,+0,+0,+0,+1,-999969;
1686204070:[MRMAID,0052]$GPSOFF:3686327;
1686204072:[GPSFIX,0179]-1s diff
1686204073:[SURF  ,0222]2023-06-08T06:01:13
1686204073:[SURF  ,0082]N35deg19.258mn, E139deg39.048mn
1686204073:[SURF  ,0084]hdop 0.890, vdop 1.280
1686204083:[SURF  ,0025]Iridium...
1686204102:[SURF  ,0023]<WARN>failed to connect #1, code -5, net 4, qual -1, dial -1
1686204110:[MODEM ,0347]<ERR>ping error
1686204110:[SURF  ,0023]<WARN>failed to connect #2, code -1, net -1, qual -1, dial -1
1686204172:[SURF  ,0009]connected in 89s, signal quality 4
1686204232:[SURF  ,0071]<WARN>timeout
1686204232:[SURF  ,0056]<WARN>peer mute
1686204237:[SURF  ,0014]disconnected after 154s
1686204242:[SURFIN,0020]filling external bladder
1686204243:[PUMP  ,0019]external bladder full
1686204244:[SURF  ,0069]transfer interrupted , retry
1686204255:[SURF  ,0022]GPS fix...
1686204275:[SURF  ,0015]10 PPS detected...
1686204276:[MRMAID,0052]$GPSACK:+0,+0,+0,+0,+0,+0,+0;
1686204286:[MRMAID,0052]$GPSOFF:3686326;
1686204288:[GPSFIX,0179]-1s diff
1686204289:[SURF  ,0222]2023-06-08T06:04:49
1686204289:[SURF  ,0082]N35deg19.261mn, E139deg39.046mn
1686204289:[SURF  ,0084]hdop 0.600, vdop 0.780
1686204299:[SURF  ,0025]Iridium...
1686204510:[SURF  ,0023]<WARN>failed to connect #1, code -8, net 1, qual 3, dial 1
1686204669:[SURF  ,0009]connected in 370s, signal quality 1
1686204730:[SURF  ,0071]<WARN>timeout
1686204730:[SURF  ,0056]<WARN>peer mute
1686204736:[SURF  ,0014]disconnected after 437s
1686204741:[SURFIN,0020]filling external bladder
1686204743:[PUMP  ,0019]external bladder full
1686204743:[SURF  ,0069]transfer interrupted , retry
1686204754:[SURF  ,0022]GPS fix...
1686204774:[SURF  ,0015]10 PPS detected...
1686204775:[MRMAID,0052]$GPSACK:+0,+0,+0,+0,+0,+0,-61;
1686204785:[MRMAID,0052]$GPSOFF:3686326;
1686204787:[GPSFIX,0179]-1s diff
1686204788:[SURF  ,0222]2023-06-08T06:13:08
1686204788:[SURF  ,0082]N35deg19.261mn, E139deg39.047mn
1686204788:[SURF  ,0084]hdop 0.900, vdop 1.550
1686204798:[SURF  ,0025]Iridium...
1686204852:[SURF  ,0009]connected in 54s, signal quality 5
1686204931:[SURF  ,0071]<WARN>timeout
1686204931:[SURF  ,0056]<WARN>peer mute
1686204936:[SURF  ,0014]disconnected after 138s
1686204941:[SURFIN,0020]filling external bladder
1686204943:[PUMP  ,0019]external bladder full
1686204943:[SURF  ,0069]transfer interrupted , retry
1686204954:[SURF  ,0022]GPS fix...
1686204974:[SURF  ,0015]10 PPS detected...
1686204975:[MRMAID,0052]$GPSACK:+0,+0,+0,+0,+0,+0,-30;
1686204985:[MRMAID,0052]$GPSOFF:3686326;
1686204986:[GPSFIX,0179]-1s diff
1686204987:[SURF  ,0222]2023-06-08T06:16:27
1686204987:[SURF  ,0082]N35deg19.260mn, E139deg39.046mn
1686204987:[SURF  ,0084]hdop 0.720, vdop 1.400
1686204997:[SURF  ,0025]Iridium...
1686205257:[SURF  ,0023]<WARN>failed to connect #1, code -8, net 1, qual 5, dial 1
1686205265:[MODEM ,0347]<ERR>ping error
1686205265:[SURF  ,0023]<WARN>failed to connect #2, code -1, net -1, qual -1, dial -1
1686205272:[MODEM ,0347]<ERR>ping error
1686205273:[SURF  ,0023]<WARN>failed to connect #3, code -1, net -1, qual -1, dial -1
1686205318:[SURF  ,0009]connected in 321s, signal quality 5
1686205407:[SURF  ,0071]<WARN>timeout
1686205407:[SURF  ,0056]<WARN>peer mute
1686205412:[SURF  ,0014]disconnected after 415s
1686205417:[SURFIN,0020]filling external bladder
1686205419:[PUMP  ,0019]external bladder full
1686205419:[SURF  ,0069]transfer interrupted , retry
1686205430:[SURF  ,0022]GPS fix...
1686205450:[SURF  ,0015]10 PPS detected...
1686205451:[MRMAID,0052]$GPSACK:+0,+0,+0,+0,+0,+0,-61;
1686205461:[MRMAID,0052]$GPSOFF:3686326;
1686205463:[GPSFIX,0179]-1s diff
1686205464:[SURF  ,0222]2023-06-08T06:24:24
1686205464:[SURF  ,0082]N35deg19.260mn, E139deg39.046mn
1686205464:[SURF  ,0084]hdop 0.670, vdop 1.130
1686205474:[SURF  ,0025]Iridium...
1686205695:[SURF  ,0023]<WARN>failed to connect #1, code -8, net 1, qual 4, dial 1
1686205703:[MODEM ,0347]<ERR>ping error
1686205703:[SURF  ,0023]<WARN>failed to connect #2, code -1, net -1, qual -1, dial -1
1686205730:[SURF  ,0023]<WARN>failed to connect #3, code -5, net 4, qual -1, dial -1
1686205810:[SURF  ,0009]connected in 336s, signal quality 1
1686206177:[SURF  ,0071]<WARN>timeout
1686206177:[SURF  ,0056]<WARN>peer mute
1686206182:[SURF  ,0014]disconnected after 708s
1686206187:[SURFIN,0020]filling external bladder
1686206189:[PUMP  ,0019]external bladder full
1686206189:[SURF  ,0069]transfer interrupted , retry
1686206200:[SURF  ,0022]GPS fix...
1686206220:[SURF  ,0015]10 PPS detected...
1686206221:[MRMAID,0052]$GPSACK:+0,+0,+0,+0,+0,+0,-61;
1686206231:[MRMAID,0052]$GPSOFF:3686326;
1686206233:[GPSFIX,0179]-1s diff
1686206234:[SURF  ,0222]2023-06-08T06:37:14
1686206234:[SURF  ,0082]N35deg19.261mn, E139deg39.047mn
1686206234:[SURF  ,0084]hdop 0.610, vdop 1.080
1686206244:[SURF  ,0025]Iridium...
1686206445:[SURF  ,0023]<WARN>failed to connect #1, code -8, net 1, qual 3, dial 1
1686206496:[SURF  ,0009]connected in 252s, signal quality 5
1686206564:[SURF  ,0071]<WARN>timeout
1686206564:[SURF  ,0056]<WARN>peer mute
1686206569:[SURF  ,0014]disconnected after 325s
1686206574:[SURFIN,0020]filling external bladder
1686206575:[PUMP  ,0019]external bladder full
1686206575:[SURF  ,0069]transfer interrupted , retry
1686206575:[SURF  ,0228]Go dive (Maximum surface delay expired)
1686206587:[SURF  ,0022]GPS fix...
1686206607:[SURF  ,0015]10 PPS detected...
1686206608:[MRMAID,0052]$GPSACK:+0,+0,+0,+0,+0,+0,-30;
1686206618:[MRMAID,0052]$GPSOFF:3686326;
1686206621:[GPSFIX,0179]+0s diff
1686206621:[SURF  ,0222]2023-06-08T06:43:41
1686206621:[SURF  ,0082]N35deg19.259mn, E139deg39.045mn
1686206621:[SURF  ,0084]hdop 0.640, vdop 1.060
1686206638:[MAIN  ,0024]internal pressure 80322Pa
1686206639:[BYCMD ,0120]    bypass 20000ms 120000ms (20000ms 60000ms stored)
1686206639:[BYCMD ,0121]    valve 60000ms 12750 (60000ms 12750 stored)
1686206639:[BYCMD ,0376]    pump 60000ms 2832 8320 418 (60000ms 2832 8320 418 stored)
1686206639:[BYCMD ,0123]    rate 2mbar/s (2mbar/s stored)
1686206639:[BYCMD ,0124]    surface 500mbar (500mbar stored)
1686206639:[BYCMD ,0173]    near 7000mbar 2:2:3mbar/s (15000mbar 2:2:3mbar/s stored)
1686206639:[BYCMD ,0380]    middle 6mbar/s (6mbar/s stored)
1686206639:[BYCMD ,0126]    far 25000mbar 9mbar/s (25000mbar 9mbar/s stored)
1686206639:[BYCMD ,0127]    ascent 10mbar/s (10mbar/s stored)
1686206639:[BYCMD ,0128]    dead 300s (300s stored)
1686206639:[BYCMD ,0129]    coeff 16/10 (16/10 stored)
1686206639:[BYCMD ,0130]    stab 10 (10 stored)
1686206639:[BYCMD ,0131]    delay 900s 3600s (900s 3600s stored)
1686206640:[BYCMD ,0132]    mmtime 2880min (2880min stored)
1686206640:[BYCMD ,0133]    dv_landing 100ml (100ml stored)
1686206640:[BYCMD ,0381]    landing confirmation 5 (5 stored)
1686206640:[BYCMD ,0379]    cycle nb 1 (1 stored)
1686206640:[P2TCMD,0150]    p2t37: 15x2000ms, offset 129mbar
1686206640:[P2TCMD,0151]    p2t37: dp 5000mbar, dt 1000000mdegC
1686206640:[STAGE ,0080]Stage [0] 200000mbar (+/-5000mbar) 32400s (<32400s) 
1686206640:[STAGE ,0080]Stage [1] 200000mbar (+/-5000mbar) 46800s (<79200s) MERMAID SBE61 
1686206640:[PROFIL,0302]    manual_profil=1
1686206640:[PROFIL,0303]    manual_profil_rate=1 hours
1686206640:[STAGE ,0091]Stage [2] surfacing 43200s (<122400s) SBE61 
1686206640:[PROFIL,0284]    speed_detection=1
1686206640:[PROFIL,0285]    bin_average_output=1
1686206640:[PROFIL,0287]    include_transition_bin=0
1686206640:[PROFIL,0304]    include_nbin=0
1686206640:[PROFIL,0301]    load_test_sample=0
1686206640:[PROFIL,0288]    p_cut_off=2dbar
1686206640:[PROFIL,0289]    top_bin_interval=5dbar
1686206640:[PROFIL,0290]    top_bin_size=5dbar
1686206640:[PROFIL,0291]    top_bin_max=1000dbar
1686206640:[PROFIL,0292]    middle_bin_interval=10dbar
1686206641:[PROFIL,0293]    middle_bin_size=10dbar
1686206641:[PROFIL,0294]    middle_bin_max=2000dbar
1686206641:[PROFIL,0295]    bottom_bin_interval=50dbar
1686206641:[PROFIL,0296]    bottom_bin_size=50dbar
1686206641:[PROFIL,0297]    pump_time=10s
1686206641:[PROFIL,0298]    speed_start=2mbar/s
1686206641:[PROFIL,0299]    speed_control=10mbar/s
1686206641:[MAIN  ,0070]turn off bluetooth
1686206668:[DIVING,0141]diving from 11mbar, +0mbar/s
1686206668:[BYPASS,0035]bypass opening 120000ms
1686206674:[BYPASS,0104]battery 14892mV,  256688uA (bypass opening), P    +11mbar
1686206798:[BYPASS,0106]battery 14901mV,  295728uA (bypass closing), P    +11mbar
1686206825:[BYPASS,0035]bypass opening 20000ms
1686206830:[BYPASS,0104]battery 14945mV,  245464uA (bypass opening), P   -129mbar
